
TENSORFLOW USERS:
You must use the python3.6-anaconda/5.2.0 module to run TensorFlow.
See https://arc-ts.umich.edu/greatlakes/software/tensorflow for more
information.



The following have been reloaded with a version change:
  1) cuda/10.0.130 => cuda/10.1.105


Currently Loaded Modules:
  1) python3.7-anaconda/2019.07   2) cudnn/10.0-v7.6   3) cuda/10.1.105

 

mkdir: cannot create directory ‘results/7852999’: File exists
mkdir: cannot create directory ‘results/7852999/log’: File exists
Test  41
2020-06-16 21:48:37.735315


Schema 1: Each client partially IID
--------------------------------------------------
percent data distributed IID:  80
number of classes for non-IID data:  2
data points per client (mean, std dev): ( 600 ,  0 )
--------------------------------------------------
round  1, metrics=<sparse_categorical_accuracy=0.09799999743700027,loss=2.304596185684204>
3.6187 seconds
Tested. Sparse categorical accuracy: 15.00

round  2, metrics=<sparse_categorical_accuracy=0.08500000089406967,loss=2.2952258586883545>
3.6004 seconds
Tested. Sparse categorical accuracy: 11.67

round  3, metrics=<sparse_categorical_accuracy=0.12266666442155838,loss=2.2874271869659424>
3.5623 seconds
Tested. Sparse categorical accuracy: 10.00

round  4, metrics=<sparse_categorical_accuracy=0.125,loss=2.2620954513549805>
3.5984 seconds
Tested. Sparse categorical accuracy: 20.00

round  5, metrics=<sparse_categorical_accuracy=0.15666666626930237,loss=2.218932867050171>
3.5910 seconds
Tested. Sparse categorical accuracy: 43.33

round  6, metrics=<sparse_categorical_accuracy=0.31700000166893005,loss=2.1058428287506104>
3.5076 seconds
Tested. Sparse categorical accuracy: 63.33

round  7, metrics=<sparse_categorical_accuracy=0.36033332347869873,loss=2.0933096408843994>
3.5690 seconds
Tested. Sparse categorical accuracy: 63.33

round  8, metrics=<sparse_categorical_accuracy=0.5189999938011169,loss=1.748605489730835>
3.5942 seconds
Tested. Sparse categorical accuracy: 56.67

round  9, metrics=<sparse_categorical_accuracy=0.47699999809265137,loss=1.9931318759918213>
3.4815 seconds
Tested. Sparse categorical accuracy: 66.67

round 10, metrics=<sparse_categorical_accuracy=0.6306666731834412,loss=1.4619832038879395>
3.5363 seconds
Tested. Sparse categorical accuracy: 66.67

round 11, metrics=<sparse_categorical_accuracy=0.6713333129882812,loss=1.2193527221679688>
3.5269 seconds
Tested. Sparse categorical accuracy: 75.00

round 12, metrics=<sparse_categorical_accuracy=0.7670000195503235,loss=0.8762275576591492>
3.4615 seconds
Tested. Sparse categorical accuracy: 90.00

12  rounds run
Average time per round: 3.00

2020-06-16 21:49:28.733627
