
TENSORFLOW USERS:
You must use the python3.6-anaconda/5.2.0 module to run TensorFlow.
See https://arc-ts.umich.edu/greatlakes/software/tensorflow for more
information.



The following have been reloaded with a version change:
  1) cuda/10.0.130 => cuda/10.1.105


Currently Loaded Modules:
  1) python3.7-anaconda/2019.07   2) cudnn/10.0-v7.6   3) cuda/10.1.105

 

mkdir: cannot create directory ‘results/7852999’: File exists
mkdir: cannot create directory ‘results/7852999/log’: File exists
Test  44
2020-06-16 21:48:45.394570


Schema 1: Each client partially IID
--------------------------------------------------
percent data distributed IID:  80
number of classes for non-IID data:  2
data points per client (mean, std dev): ( 600 ,  0 )
--------------------------------------------------
round  1, metrics=<sparse_categorical_accuracy=0.2095833271741867,loss=2.2978885173797607>
16.6739 seconds
Tested. Sparse categorical accuracy: 13.33

round  2, metrics=<sparse_categorical_accuracy=0.19249999523162842,loss=2.2530622482299805>
15.4145 seconds
Tested. Sparse categorical accuracy: 46.67

round  3, metrics=<sparse_categorical_accuracy=0.37808331847190857,loss=2.0853805541992188>
14.2553 seconds
Tested. Sparse categorical accuracy: 53.33

3  rounds run
Average time per round: 15.00

2020-06-16 21:49:39.270700
