
TENSORFLOW USERS:
You must use the python3.6-anaconda/5.2.0 module to run TensorFlow.
See https://arc-ts.umich.edu/greatlakes/software/tensorflow for more
information.



The following have been reloaded with a version change:
  1) cuda/10.0.130 => cuda/10.1.105


Currently Loaded Modules:
  1) python3.7-anaconda/2019.07   2) cudnn/10.0-v7.6   3) cuda/10.1.105

 

mkdir: cannot create directory ‘results/7852999’: File exists
mkdir: cannot create directory ‘results/7852999/log’: File exists
Test  39
2020-06-16 21:48:13.284727


Schema 1: Each client partially IID
--------------------------------------------------
percent data distributed IID:  80
number of classes for non-IID data:  2
data points per client (mean, std dev): ( 600 ,  0 )
--------------------------------------------------
round  1, metrics=<sparse_categorical_accuracy=0.2161666601896286,loss=2.2569992542266846>
17.3190 seconds
Tested. Sparse categorical accuracy: 73.33

round  2, metrics=<sparse_categorical_accuracy=0.4009166657924652,loss=2.106116533279419>
16.2766 seconds
Tested. Sparse categorical accuracy: 53.33

round  3, metrics=<sparse_categorical_accuracy=0.5747500061988831,loss=1.475958228111267>
16.7575 seconds
Tested. Sparse categorical accuracy: 80.00

3  rounds run
Average time per round: 16.00

2020-06-16 21:49:11.749832
