
TENSORFLOW USERS:
You must use the python3.6-anaconda/5.2.0 module to run TensorFlow.
See https://arc-ts.umich.edu/greatlakes/software/tensorflow for more
information.



The following have been reloaded with a version change:
  1) cuda/10.1.105 => cuda/10.0.130


The following have been reloaded with a version change:
  1) cuda/10.0.130 => cuda/10.1.105


Currently Loaded Modules:
  1) python3.7-anaconda/2019.07   2) cudnn/10.0-v7.6   3) cuda/10.1.105

 

mkdir: cannot create directory ‘results/4980352’: File exists

IID partitioning:
60,000 samples randomly distributed to 100 clients

Test  1
cohort size:  10
number of local epochs:  10
local batch size:  20
learning rate:  0.1
Sampling 10 clients per round until 99 % accuracy...

round  1, metrics=<sparse_categorical_accuracy=0.7681333422660828,loss=0.6950663924217224>
172.5535 seconds
Tested. Sparse categorical accuracy: 93.00

round  2, metrics=<sparse_categorical_accuracy=0.9764500260353088,loss=0.07897339016199112>
170.0886 seconds
Tested. Sparse categorical accuracy: 95.00

round  3, metrics=<sparse_categorical_accuracy=0.9863166809082031,loss=0.04890075698494911>
165.3716 seconds
Tested. Sparse categorical accuracy: 97.50

round  4, metrics=<sparse_categorical_accuracy=0.9866333603858948,loss=0.047454189509153366>
166.7195 seconds
Tested. Sparse categorical accuracy: 95.00

round  5, metrics=<sparse_categorical_accuracy=0.9914166927337646,loss=0.03125027194619179>
163.5960 seconds
Tested. Sparse categorical accuracy: 95.50

round  6, metrics=<sparse_categorical_accuracy=0.9927499890327454,loss=0.027806898579001427>
166.3543 seconds
Tested. Sparse categorical accuracy: 97.50

round  7, metrics=<sparse_categorical_accuracy=0.9938833117485046,loss=0.021813007071614265>
159.1761 seconds
Tested. Sparse categorical accuracy: 95.50

round  8, metrics=<sparse_categorical_accuracy=0.9943166375160217,loss=0.021606387570500374>
162.3692 seconds
Tested. Sparse categorical accuracy: 99.00

Target accuracy reached after  8  rounds
Average time per round: 165.00


Non-IID partitioning:
60,000 samples divided by label, split into 200 shards, and randomly distributed to 100 clients

Test  1
cohort size:  10
number of local epochs:  10
local batch size:  20
learning rate:  0.1
Sampling 10 clients per round until 99 % accuracy...

round  1, metrics=<sparse_categorical_accuracy=0.8500666618347168,loss=0.3873412013053894>
165.4401 seconds
Tested. Sparse categorical accuracy: 18.00

round  2, metrics=<sparse_categorical_accuracy=0.9446666836738586,loss=0.16048358380794525>
165.0839 seconds
Tested. Sparse categorical accuracy: 39.00

round  3, metrics=<sparse_categorical_accuracy=0.9785166382789612,loss=0.07787306606769562>
161.2145 seconds
Tested. Sparse categorical accuracy: 53.50

round  4, metrics=<sparse_categorical_accuracy=0.937583327293396,loss=0.183529794216156>
154.5879 seconds
Tested. Sparse categorical accuracy: 56.00

round  5, metrics=<sparse_categorical_accuracy=0.8964333534240723,loss=0.28081175684928894>
155.9280 seconds
Tested. Sparse categorical accuracy: 43.00

round  6, metrics=<sparse_categorical_accuracy=0.9872000217437744,loss=0.05116630345582962>
157.3537 seconds
Tested. Sparse categorical accuracy: 72.50

round  7, metrics=<sparse_categorical_accuracy=0.9844833612442017,loss=0.05514972656965256>
156.4961 seconds
Tested. Sparse categorical accuracy: 81.50

round  8, metrics=<sparse_categorical_accuracy=0.9456499814987183,loss=0.15314774215221405>
155.2779 seconds
Tested. Sparse categorical accuracy: 90.00

round  9, metrics=<sparse_categorical_accuracy=0.9480000138282776,loss=0.14603212475776672>
154.4737 seconds
Tested. Sparse categorical accuracy: 91.50

round 10, metrics=<sparse_categorical_accuracy=0.9940833449363708,loss=0.0304732508957386>
163.0882 seconds
Tested. Sparse categorical accuracy: 92.00

round 11, metrics=<sparse_categorical_accuracy=0.9456333518028259,loss=0.1608002781867981>
169.5157 seconds
Tested. Sparse categorical accuracy: 97.00

round 12, metrics=<sparse_categorical_accuracy=0.9965500235557556,loss=0.015130496583878994>
168.0799 seconds
Tested. Sparse categorical accuracy: 95.50

round 13, metrics=<sparse_categorical_accuracy=0.9932166934013367,loss=0.03074873425066471>
170.6166 seconds
Tested. Sparse categorical accuracy: 92.50

round 14, metrics=<sparse_categorical_accuracy=0.9499666690826416,loss=0.1357075572013855>
170.6037 seconds
Tested. Sparse categorical accuracy: 93.50

round 15, metrics=<sparse_categorical_accuracy=0.9086833596229553,loss=0.23858743906021118>
171.3146 seconds
Tested. Sparse categorical accuracy: 91.00

round 16, metrics=<sparse_categorical_accuracy=0.9897500276565552,loss=0.04314909130334854>
168.6373 seconds
Tested. Sparse categorical accuracy: 94.00

round 17, metrics=<sparse_categorical_accuracy=0.9925166964530945,loss=0.028687365353107452>
171.9293 seconds
Tested. Sparse categorical accuracy: 93.50

round 18, metrics=<sparse_categorical_accuracy=0.949483335018158,loss=0.1380968540906906>
171.3547 seconds
Tested. Sparse categorical accuracy: 96.50

round 19, metrics=<sparse_categorical_accuracy=0.951116681098938,loss=0.12955622375011444>
171.6256 seconds
Tested. Sparse categorical accuracy: 95.50

round 20, metrics=<sparse_categorical_accuracy=0.9982666373252869,loss=0.006914776749908924>
170.4594 seconds
Tested. Sparse categorical accuracy: 96.00

round 21, metrics=<sparse_categorical_accuracy=0.950083315372467,loss=0.13897065818309784>
163.7800 seconds
Tested. Sparse categorical accuracy: 95.50

round 22, metrics=<sparse_categorical_accuracy=0.9980666637420654,loss=0.008483664132654667>
156.4137 seconds
Tested. Sparse categorical accuracy: 94.50

round 23, metrics=<sparse_categorical_accuracy=0.9959333539009094,loss=0.01973045989871025>
156.1530 seconds
Tested. Sparse categorical accuracy: 98.50

round 24, metrics=<sparse_categorical_accuracy=0.9524000287055969,loss=0.1284792423248291>
156.3230 seconds
Tested. Sparse categorical accuracy: 94.50

round 25, metrics=<sparse_categorical_accuracy=0.9096333384513855,loss=0.23499026894569397>
156.8458 seconds
Tested. Sparse categorical accuracy: 94.00

round 26, metrics=<sparse_categorical_accuracy=0.9925500154495239,loss=0.03738673776388168>
154.5099 seconds
Tested. Sparse categorical accuracy: 94.50

round 27, metrics=<sparse_categorical_accuracy=0.9973333477973938,loss=0.010158865712583065>
153.9743 seconds
Tested. Sparse categorical accuracy: 95.00

round 28, metrics=<sparse_categorical_accuracy=0.9485499858856201,loss=0.14853589236736298>
153.8673 seconds
Tested. Sparse categorical accuracy: 98.00

round 29, metrics=<sparse_categorical_accuracy=0.952833354473114,loss=0.12467259168624878>
153.1653 seconds
Tested. Sparse categorical accuracy: 96.00

round 30, metrics=<sparse_categorical_accuracy=0.9990000128746033,loss=0.004592045675963163>
154.9705 seconds
Tested. Sparse categorical accuracy: 97.50

round 31, metrics=<sparse_categorical_accuracy=0.9540166854858398,loss=0.11959627270698547>
154.5060 seconds
Tested. Sparse categorical accuracy: 98.00

round 32, metrics=<sparse_categorical_accuracy=0.9973999857902527,loss=0.01159226056188345>
154.9677 seconds
Tested. Sparse categorical accuracy: 98.50

round 33, metrics=<sparse_categorical_accuracy=0.9980666637420654,loss=0.008356545120477676>
154.5868 seconds
Tested. Sparse categorical accuracy: 97.50

round 34, metrics=<sparse_categorical_accuracy=0.9537000060081482,loss=0.12053130567073822>
154.0601 seconds
Tested. Sparse categorical accuracy: 97.50

round 35, metrics=<sparse_categorical_accuracy=0.9099000096321106,loss=0.2345641553401947>
153.9650 seconds
Tested. Sparse categorical accuracy: 97.00

round 36, metrics=<sparse_categorical_accuracy=0.9936500191688538,loss=0.02779293805360794>
156.8509 seconds
Tested. Sparse categorical accuracy: 97.00

round 37, metrics=<sparse_categorical_accuracy=0.9983333349227905,loss=0.006597536616027355>
153.3989 seconds
Tested. Sparse categorical accuracy: 94.00

round 38, metrics=<sparse_categorical_accuracy=0.9517333507537842,loss=0.12848037481307983>
154.0608 seconds
Tested. Sparse categorical accuracy: 99.00

Target accuracy reached after  38  rounds
Average time per round: 160.00

