
TENSORFLOW USERS:
You must use the python3.6-anaconda/5.2.0 module to run TensorFlow.
See https://arc-ts.umich.edu/greatlakes/software/tensorflow for more
information.



The following have been reloaded with a version change:
  1) cuda/10.0.130 => cuda/10.1.105


Currently Loaded Modules:
  1) python3.7-anaconda/2019.07   2) cudnn/10.0-v7.6   3) cuda/10.1.105

 

Test  1
2020-04-29 13:43:41.803642


Schema 1: Each client partially IID
--------------------------------------------------
percent data distributed IID:  0
number of classes for non-IID data:  2
data points per client (mean, std dev): ( 600 ,  0 )
--------------------------------------------------

round  1, metrics=<sparse_categorical_accuracy=0.9973333477973938,loss=0.021526440978050232>
9.4622 seconds
Tested. Sparse categorical accuracy: 10.00

round  2, metrics=<sparse_categorical_accuracy=0.9976666569709778,loss=0.009173127822577953>
9.2916 seconds
Tested. Sparse categorical accuracy: 10.00

round  3, metrics=<sparse_categorical_accuracy=0.9973333477973938,loss=0.006639245897531509>
9.4016 seconds
Tested. Sparse categorical accuracy: 18.00

round  4, metrics=<sparse_categorical_accuracy=0.9973333477973938,loss=0.025842823088169098>
9.2467 seconds
Tested. Sparse categorical accuracy: 6.00

round  5, metrics=<sparse_categorical_accuracy=0.9973333477973938,loss=0.02107970044016838>
9.4293 seconds
Tested. Sparse categorical accuracy: 2.00

round  6, metrics=<sparse_categorical_accuracy=0.996666669845581,loss=0.012951572425663471>
9.3159 seconds
Tested. Sparse categorical accuracy: 6.00

round  7, metrics=<sparse_categorical_accuracy=0.996666669845581,loss=0.02895248495042324>
9.1499 seconds
Tested. Sparse categorical accuracy: 12.00

round  8, metrics=<sparse_categorical_accuracy=0.9973333477973938,loss=0.01288803294301033>
9.1443 seconds
Tested. Sparse categorical accuracy: 7.00

round  9, metrics=<sparse_categorical_accuracy=0.9973333477973938,loss=0.00782739371061325>
9.1152 seconds
Tested. Sparse categorical accuracy: 10.00

round 10, metrics=<sparse_categorical_accuracy=0.996666669845581,loss=0.017799319699406624>
9.0742 seconds
Tested. Sparse categorical accuracy: 8.00

round 11, metrics=<sparse_categorical_accuracy=0.9973333477973938,loss=0.02552122063934803>
9.4257 seconds
Tested. Sparse categorical accuracy: 11.00

round 12, metrics=<sparse_categorical_accuracy=0.9980000257492065,loss=0.009647812694311142>
9.4781 seconds
Tested. Sparse categorical accuracy: 12.00

round 13, metrics=<sparse_categorical_accuracy=0.996666669845581,loss=0.014795561321079731>
9.1339 seconds
Tested. Sparse categorical accuracy: 8.00

round 14, metrics=<sparse_categorical_accuracy=0.996666669845581,loss=0.03741077333688736>
9.2123 seconds
Tested. Sparse categorical accuracy: 8.00

round 15, metrics=<sparse_categorical_accuracy=0.9973333477973938,loss=0.01815951056778431>
9.1342 seconds
Tested. Sparse categorical accuracy: 9.00

round 16, metrics=<sparse_categorical_accuracy=0.996666669845581,loss=0.02465197816491127>
9.3099 seconds
Tested. Sparse categorical accuracy: 15.00

round 17, metrics=<sparse_categorical_accuracy=0.996666669845581,loss=0.017233287915587425>
9.6003 seconds
Tested. Sparse categorical accuracy: 6.00

round 18, metrics=<sparse_categorical_accuracy=0.996666669845581,loss=0.01753607578575611>
8.9578 seconds
Tested. Sparse categorical accuracy: 13.00

round 19, metrics=<sparse_categorical_accuracy=0.996666669845581,loss=0.021066980436444283>
9.3750 seconds
Tested. Sparse categorical accuracy: 9.00

round 20, metrics=<sparse_categorical_accuracy=0.9973333477973938,loss=0.01054413616657257>
9.2546 seconds
Tested. Sparse categorical accuracy: 10.00

round 21, metrics=<sparse_categorical_accuracy=0.9973333477973938,loss=0.012463031336665154>
9.6001 seconds
Tested. Sparse categorical accuracy: 4.00

round 22, metrics=<sparse_categorical_accuracy=0.996666669845581,loss=0.01103975623846054>
9.2294 seconds
Tested. Sparse categorical accuracy: 8.00

round 23, metrics=<sparse_categorical_accuracy=0.9973333477973938,loss=0.006062555592507124>
9.3062 seconds
Tested. Sparse categorical accuracy: 9.00

round 24, metrics=<sparse_categorical_accuracy=0.9973333477973938,loss=0.014052537269890308>
9.1083 seconds
Tested. Sparse categorical accuracy: 8.00

round 25, metrics=<sparse_categorical_accuracy=0.9973333477973938,loss=0.015877356752753258>
9.2953 seconds
Tested. Sparse categorical accuracy: 13.00

round 26, metrics=<sparse_categorical_accuracy=0.996666669845581,loss=0.008778011426329613>
9.4038 seconds
Tested. Sparse categorical accuracy: 8.00

round 27, metrics=<sparse_categorical_accuracy=0.996666669845581,loss=0.01593852788209915>
9.2741 seconds
Tested. Sparse categorical accuracy: 7.00

round 28, metrics=<sparse_categorical_accuracy=0.9973333477973938,loss=0.010433885268867016>
9.4522 seconds
Tested. Sparse categorical accuracy: 7.00

round 29, metrics=<sparse_categorical_accuracy=0.996666669845581,loss=0.008558130823075771>
9.4742 seconds
Tested. Sparse categorical accuracy: 13.00

round 30, metrics=<sparse_categorical_accuracy=0.9973333477973938,loss=0.012153198011219501>
9.8875 seconds
Tested. Sparse categorical accuracy: 9.00

round 31, metrics=<sparse_categorical_accuracy=0.9973333477973938,loss=0.021630551666021347>
10.3315 seconds
Tested. Sparse categorical accuracy: 7.00

round 32, metrics=<sparse_categorical_accuracy=0.9980000257492065,loss=0.008525933139026165>
9.3523 seconds
Tested. Sparse categorical accuracy: 10.00

round 33, metrics=<sparse_categorical_accuracy=0.996666669845581,loss=0.015357590280473232>
9.1097 seconds
Tested. Sparse categorical accuracy: 8.00

round 34, metrics=<sparse_categorical_accuracy=0.996666669845581,loss=0.03566816449165344>
9.3016 seconds
Tested. Sparse categorical accuracy: 12.00

round 35, metrics=<sparse_categorical_accuracy=0.9973333477973938,loss=0.018140580505132675>
9.0294 seconds
Tested. Sparse categorical accuracy: 9.00

round 36, metrics=<sparse_categorical_accuracy=0.996666669845581,loss=0.02384040504693985>
9.2734 seconds
Tested. Sparse categorical accuracy: 9.00

round 37, metrics=<sparse_categorical_accuracy=0.996666669845581,loss=0.016549769788980484>
9.2016 seconds
Tested. Sparse categorical accuracy: 7.00

round 38, metrics=<sparse_categorical_accuracy=0.996666669845581,loss=0.01661832071840763>
9.2220 seconds
Tested. Sparse categorical accuracy: 11.00

round 39, metrics=<sparse_categorical_accuracy=0.996666669845581,loss=0.020101889967918396>
9.5440 seconds
Tested. Sparse categorical accuracy: 6.00

round 40, metrics=<sparse_categorical_accuracy=0.9973333477973938,loss=0.010320925153791904>
9.3529 seconds
Tested. Sparse categorical accuracy: 12.00

round 41, metrics=<sparse_categorical_accuracy=0.9973333477973938,loss=0.011811777949333191>
9.2526 seconds
Tested. Sparse categorical accuracy: 6.00

round 42, metrics=<sparse_categorical_accuracy=0.9973333477973938,loss=0.010653357021510601>
9.4079 seconds
Tested. Sparse categorical accuracy: 19.00

round 43, metrics=<sparse_categorical_accuracy=0.9973333477973938,loss=0.006077708210796118>
9.4592 seconds
Tested. Sparse categorical accuracy: 12.00

round 44, metrics=<sparse_categorical_accuracy=0.9973333477973938,loss=0.014170114882290363>
9.5664 seconds
Tested. Sparse categorical accuracy: 10.00

round 45, metrics=<sparse_categorical_accuracy=0.9973333477973938,loss=0.015435444191098213>
9.3081 seconds
Tested. Sparse categorical accuracy: 4.00

round 46, metrics=<sparse_categorical_accuracy=0.996666669845581,loss=0.008586851879954338>
9.1280 seconds
Tested. Sparse categorical accuracy: 15.00

round 47, metrics=<sparse_categorical_accuracy=0.9968000054359436,loss=0.015388134866952896>
9.3956 seconds
Tested. Sparse categorical accuracy: 8.00

round 48, metrics=<sparse_categorical_accuracy=0.9973333477973938,loss=0.01039035338908434>
9.1384 seconds
Tested. Sparse categorical accuracy: 10.00

round 49, metrics=<sparse_categorical_accuracy=0.996666669845581,loss=0.008254528045654297>
9.4753 seconds
Tested. Sparse categorical accuracy: 10.00

round 50, metrics=<sparse_categorical_accuracy=0.9973333477973938,loss=0.011777042411267757>
9.4725 seconds
Tested. Sparse categorical accuracy: 10.00

round 51, metrics=<sparse_categorical_accuracy=0.9973333477973938,loss=0.021238209679722786>
9.4421 seconds
Tested. Sparse categorical accuracy: 21.00

round 52, metrics=<sparse_categorical_accuracy=0.9975333213806152,loss=0.008478677831590176>
9.2417 seconds
Tested. Sparse categorical accuracy: 12.00

round 53, metrics=<sparse_categorical_accuracy=0.996666669845581,loss=0.01518914382904768>
9.4941 seconds
Tested. Sparse categorical accuracy: 9.00

round 54, metrics=<sparse_categorical_accuracy=0.996666669845581,loss=0.03423455357551575>
9.5084 seconds
Tested. Sparse categorical accuracy: 7.00

round 55, metrics=<sparse_categorical_accuracy=0.9973333477973938,loss=0.017089247703552246>
9.5124 seconds
Tested. Sparse categorical accuracy: 15.00

round 56, metrics=<sparse_categorical_accuracy=0.996666669845581,loss=0.02174692042171955>
9.3758 seconds
Tested. Sparse categorical accuracy: 7.00

round 57, metrics=<sparse_categorical_accuracy=0.996666669845581,loss=0.015042400918900967>
9.4409 seconds
Tested. Sparse categorical accuracy: 10.00

round 58, metrics=<sparse_categorical_accuracy=0.996666669845581,loss=0.015481102280318737>
9.1768 seconds
Tested. Sparse categorical accuracy: 7.00

round 59, metrics=<sparse_categorical_accuracy=0.996666669845581,loss=0.01846109703183174>
9.1634 seconds
Tested. Sparse categorical accuracy: 14.00

round 60, metrics=<sparse_categorical_accuracy=0.9973333477973938,loss=0.009169313125312328>
9.3347 seconds
Tested. Sparse categorical accuracy: 11.00

round 61, metrics=<sparse_categorical_accuracy=0.9973333477973938,loss=0.009210172109305859>
9.3940 seconds
Tested. Sparse categorical accuracy: 27.00

round 62, metrics=<sparse_categorical_accuracy=0.9977333545684814,loss=0.00931207649409771>
9.6879 seconds
Tested. Sparse categorical accuracy: 32.00

round 63, metrics=<sparse_categorical_accuracy=0.998199999332428,loss=0.005419264081865549>
9.2720 seconds
Tested. Sparse categorical accuracy: 5.00

round 64, metrics=<sparse_categorical_accuracy=0.9973333477973938,loss=0.013406652957201004>
9.3847 seconds
Tested. Sparse categorical accuracy: 8.00

round 65, metrics=<sparse_categorical_accuracy=0.9973333477973938,loss=0.012748305685818195>
9.4027 seconds
Tested. Sparse categorical accuracy: 16.00

round 66, metrics=<sparse_categorical_accuracy=0.9975333213806152,loss=0.006576329469680786>
9.4379 seconds
Tested. Sparse categorical accuracy: 10.00

round 67, metrics=<sparse_categorical_accuracy=0.9973333477973938,loss=0.01068554725497961>
9.4659 seconds
Tested. Sparse categorical accuracy: 28.00

round 68, metrics=<sparse_categorical_accuracy=0.9977999925613403,loss=0.008729330264031887>
8.9872 seconds
Tested. Sparse categorical accuracy: 26.00

round 69, metrics=<sparse_categorical_accuracy=0.9977333545684814,loss=0.006031449418514967>
9.4072 seconds
Tested. Sparse categorical accuracy: 28.00

round 70, metrics=<sparse_categorical_accuracy=0.996666669845581,loss=0.00993729941546917>
9.4286 seconds
Tested. Sparse categorical accuracy: 10.00

round 71, metrics=<sparse_categorical_accuracy=0.9973333477973938,loss=0.01701667346060276>
9.1184 seconds
Tested. Sparse categorical accuracy: 13.00

round 72, metrics=<sparse_categorical_accuracy=0.9967333078384399,loss=0.008733355440199375>
9.0809 seconds
Tested. Sparse categorical accuracy: 5.00

round 73, metrics=<sparse_categorical_accuracy=0.9967333078384399,loss=0.008568031713366508>
9.3706 seconds
Tested. Sparse categorical accuracy: 14.00

round 74, metrics=<sparse_categorical_accuracy=0.9965999722480774,loss=0.02010125108063221>
9.2314 seconds
Tested. Sparse categorical accuracy: 28.00

round 75, metrics=<sparse_categorical_accuracy=0.9973333477973938,loss=0.00957933347672224>
9.4519 seconds
Tested. Sparse categorical accuracy: 28.00

round 76, metrics=<sparse_categorical_accuracy=0.996666669845581,loss=0.011806540191173553>
8.9731 seconds
Tested. Sparse categorical accuracy: 30.00

round 77, metrics=<sparse_categorical_accuracy=0.9977333545684814,loss=0.006755518261343241>
9.3882 seconds
Tested. Sparse categorical accuracy: 24.00

round 78, metrics=<sparse_categorical_accuracy=0.9972000122070312,loss=0.010958899743855>
9.1863 seconds
Tested. Sparse categorical accuracy: 29.00

round 79, metrics=<sparse_categorical_accuracy=0.9976666569709778,loss=0.006478011608123779>
9.1935 seconds
Tested. Sparse categorical accuracy: 40.00

round 80, metrics=<sparse_categorical_accuracy=0.9979333281517029,loss=0.00732492096722126>
9.0263 seconds
Tested. Sparse categorical accuracy: 34.00

round 81, metrics=<sparse_categorical_accuracy=0.9979333281517029,loss=0.004849070217460394>
9.3310 seconds
Tested. Sparse categorical accuracy: 43.00

round 82, metrics=<sparse_categorical_accuracy=0.9980666637420654,loss=0.008799092844128609>
9.2914 seconds
Tested. Sparse categorical accuracy: 46.00

round 83, metrics=<sparse_categorical_accuracy=0.998533308506012,loss=0.004213838838040829>
9.1425 seconds
Tested. Sparse categorical accuracy: 31.00

round 84, metrics=<sparse_categorical_accuracy=0.9980000257492065,loss=0.008708720095455647>
9.5754 seconds
Tested. Sparse categorical accuracy: 33.00

round 85, metrics=<sparse_categorical_accuracy=0.998533308506012,loss=0.00554831326007843>
9.2289 seconds
Tested. Sparse categorical accuracy: 48.00

round 86, metrics=<sparse_categorical_accuracy=0.9982666373252869,loss=0.005158594809472561>
9.1880 seconds
Tested. Sparse categorical accuracy: 35.00

round 87, metrics=<sparse_categorical_accuracy=0.9977999925613403,loss=0.0068658143281936646>
9.3572 seconds
Tested. Sparse categorical accuracy: 46.00

round 88, metrics=<sparse_categorical_accuracy=0.9984666705131531,loss=0.005013514310121536>
9.2317 seconds
Tested. Sparse categorical accuracy: 42.00

round 89, metrics=<sparse_categorical_accuracy=0.9991333484649658,loss=0.0027035248931497335>
9.3648 seconds
Tested. Sparse categorical accuracy: 53.00

round 90, metrics=<sparse_categorical_accuracy=0.9973999857902527,loss=0.008145490661263466>
9.0882 seconds
Tested. Sparse categorical accuracy: 25.00

round 91, metrics=<sparse_categorical_accuracy=0.9972000122070312,loss=0.014221868477761745>
9.2025 seconds
Tested. Sparse categorical accuracy: 60.00

round 92, metrics=<sparse_categorical_accuracy=0.9983333349227905,loss=0.005499163642525673>
9.3773 seconds
Tested. Sparse categorical accuracy: 45.00

round 93, metrics=<sparse_categorical_accuracy=0.9995999932289124,loss=0.0018009942723438144>
9.3113 seconds
Tested. Sparse categorical accuracy: 20.00

round 94, metrics=<sparse_categorical_accuracy=0.9972666501998901,loss=0.006552489008754492>
9.3148 seconds
Tested. Sparse categorical accuracy: 48.00

round 95, metrics=<sparse_categorical_accuracy=0.9991333484649658,loss=0.0034618498757481575>
9.4887 seconds
Tested. Sparse categorical accuracy: 55.00

round 96, metrics=<sparse_categorical_accuracy=0.9974666833877563,loss=0.007787666749209166>
9.1965 seconds
Tested. Sparse categorical accuracy: 48.00

round 97, metrics=<sparse_categorical_accuracy=0.9982666373252869,loss=0.0051933396607637405>
9.3142 seconds
Tested. Sparse categorical accuracy: 49.00

round 98, metrics=<sparse_categorical_accuracy=0.9977999925613403,loss=0.00515863997861743>
9.1972 seconds
Tested. Sparse categorical accuracy: 37.00

round 99, metrics=<sparse_categorical_accuracy=0.9987333416938782,loss=0.0033220418263226748>
9.3204 seconds
Tested. Sparse categorical accuracy: 57.00

round 100, metrics=<sparse_categorical_accuracy=0.9983999729156494,loss=0.005033590365201235>
9.0619 seconds
Tested. Sparse categorical accuracy: 54.00

round 101, metrics=<sparse_categorical_accuracy=0.9986666440963745,loss=0.0030960761941969395>
9.4102 seconds
Tested. Sparse categorical accuracy: 63.00

round 102, metrics=<sparse_categorical_accuracy=0.9984666705131531,loss=0.006100367289036512>
9.6281 seconds
Tested. Sparse categorical accuracy: 60.00

round 103, metrics=<sparse_categorical_accuracy=0.9988666772842407,loss=0.003751228330656886>
9.2124 seconds
Tested. Sparse categorical accuracy: 36.00

round 104, metrics=<sparse_categorical_accuracy=0.9979333281517029,loss=0.006641849875450134>
9.2244 seconds
Tested. Sparse categorical accuracy: 45.00

round 105, metrics=<sparse_categorical_accuracy=0.9986666440963745,loss=0.0030047346372157335>
9.3293 seconds
Tested. Sparse categorical accuracy: 65.00

round 106, metrics=<sparse_categorical_accuracy=0.9987333416938782,loss=0.0038232114166021347>
9.1616 seconds
Tested. Sparse categorical accuracy: 41.00

round 107, metrics=<sparse_categorical_accuracy=0.9982666373252869,loss=0.004783711861819029>
9.3896 seconds
Tested. Sparse categorical accuracy: 59.00

round 108, metrics=<sparse_categorical_accuracy=0.998533308506012,loss=0.004437077324837446>
9.3666 seconds
Tested. Sparse categorical accuracy: 65.00

round 109, metrics=<sparse_categorical_accuracy=0.999666690826416,loss=0.0016671159537509084>
9.2390 seconds
Tested. Sparse categorical accuracy: 67.00

round 110, metrics=<sparse_categorical_accuracy=0.9977999925613403,loss=0.005345378536731005>
9.5394 seconds
Tested. Sparse categorical accuracy: 33.00

round 111, metrics=<sparse_categorical_accuracy=0.9972666501998901,loss=0.013460562564432621>
9.0023 seconds
Tested. Sparse categorical accuracy: 64.00

round 112, metrics=<sparse_categorical_accuracy=0.9989333152770996,loss=0.004574451595544815>
9.4992 seconds
Tested. Sparse categorical accuracy: 57.00

round 113, metrics=<sparse_categorical_accuracy=0.9995333552360535,loss=0.0023052082397043705>
9.9324 seconds
Tested. Sparse categorical accuracy: 45.00

round 114, metrics=<sparse_categorical_accuracy=0.9989333152770996,loss=0.0031888450030237436>
9.1623 seconds
Tested. Sparse categorical accuracy: 62.00

round 115, metrics=<sparse_categorical_accuracy=0.9995333552360535,loss=0.002204715507104993>
9.6055 seconds
Tested. Sparse categorical accuracy: 72.00

round 116, metrics=<sparse_categorical_accuracy=0.9981333613395691,loss=0.006818864960223436>
9.2423 seconds
Tested. Sparse categorical accuracy: 74.00

round 117, metrics=<sparse_categorical_accuracy=0.9986000061035156,loss=0.003924488089978695>
8.9784 seconds
Tested. Sparse categorical accuracy: 68.00

round 118, metrics=<sparse_categorical_accuracy=0.9986666440963745,loss=0.0038601160049438477>
9.0790 seconds
Tested. Sparse categorical accuracy: 72.00

round 119, metrics=<sparse_categorical_accuracy=0.9994666576385498,loss=0.00181248236913234>
9.3905 seconds
Tested. Sparse categorical accuracy: 78.00

round 120, metrics=<sparse_categorical_accuracy=0.9989333152770996,loss=0.0029478713404387236>
9.7349 seconds
Tested. Sparse categorical accuracy: 54.00

round 121, metrics=<sparse_categorical_accuracy=0.9989333152770996,loss=0.0033139679580926895>
9.3205 seconds
Tested. Sparse categorical accuracy: 74.00

round 122, metrics=<sparse_categorical_accuracy=0.9987333416938782,loss=0.003906561993062496>
9.5135 seconds
Tested. Sparse categorical accuracy: 74.00

round 123, metrics=<sparse_categorical_accuracy=0.9994666576385498,loss=0.0022156445775181055>
9.2885 seconds
Tested. Sparse categorical accuracy: 59.00

round 124, metrics=<sparse_categorical_accuracy=0.9980000257492065,loss=0.005777807906270027>
9.7850 seconds
Tested. Sparse categorical accuracy: 66.00

round 125, metrics=<sparse_categorical_accuracy=0.9990000128746033,loss=0.002632531803101301>
9.5117 seconds
Tested. Sparse categorical accuracy: 69.00

round 126, metrics=<sparse_categorical_accuracy=0.9994666576385498,loss=0.0020608389750123024>
9.3057 seconds
Tested. Sparse categorical accuracy: 63.00

round 127, metrics=<sparse_categorical_accuracy=0.9989333152770996,loss=0.0026512248441576958>
9.1902 seconds
Tested. Sparse categorical accuracy: 77.00

round 128, metrics=<sparse_categorical_accuracy=0.9991999864578247,loss=0.0024869879707694054>
9.1431 seconds
Tested. Sparse categorical accuracy: 71.00

round 129, metrics=<sparse_categorical_accuracy=0.9995333552360535,loss=0.0013741146540269256>
9.3343 seconds
Tested. Sparse categorical accuracy: 74.00

round 130, metrics=<sparse_categorical_accuracy=0.9981333613395691,loss=0.0037989080883562565>
8.9495 seconds
Tested. Sparse categorical accuracy: 54.00

round 131, metrics=<sparse_categorical_accuracy=0.9975333213806152,loss=0.011464386247098446>
9.4112 seconds
Tested. Sparse categorical accuracy: 71.00

round 132, metrics=<sparse_categorical_accuracy=0.9986666440963745,loss=0.0037142743822187185>
9.0243 seconds
Tested. Sparse categorical accuracy: 42.00

round 133, metrics=<sparse_categorical_accuracy=0.9988666772842407,loss=0.003087563905864954>
9.2433 seconds
Tested. Sparse categorical accuracy: 55.00

round 134, metrics=<sparse_categorical_accuracy=0.9986000061035156,loss=0.00442115543410182>
9.2208 seconds
Tested. Sparse categorical accuracy: 62.00

round 135, metrics=<sparse_categorical_accuracy=0.9994000196456909,loss=0.0018149071838706732>
9.4119 seconds
Tested. Sparse categorical accuracy: 72.00

round 136, metrics=<sparse_categorical_accuracy=0.9983333349227905,loss=0.006863992195576429>
9.1978 seconds
Tested. Sparse categorical accuracy: 70.00

round 137, metrics=<sparse_categorical_accuracy=0.9988666772842407,loss=0.0037513605784624815>
9.5098 seconds
Tested. Sparse categorical accuracy: 76.00

round 138, metrics=<sparse_categorical_accuracy=0.9993333220481873,loss=0.002742219716310501>
9.1379 seconds
Tested. Sparse categorical accuracy: 75.00

round 139, metrics=<sparse_categorical_accuracy=0.9990666508674622,loss=0.002783213509246707>
9.3334 seconds
Tested. Sparse categorical accuracy: 79.00

round 140, metrics=<sparse_categorical_accuracy=0.9995333552360535,loss=0.002095594769343734>
9.0822 seconds
Tested. Sparse categorical accuracy: 74.00

round 141, metrics=<sparse_categorical_accuracy=0.9993333220481873,loss=0.002179546281695366>
9.0509 seconds
Tested. Sparse categorical accuracy: 71.00

round 142, metrics=<sparse_categorical_accuracy=0.9987333416938782,loss=0.003113281913101673>
9.3114 seconds
Tested. Sparse categorical accuracy: 79.00

round 143, metrics=<sparse_categorical_accuracy=0.9994000196456909,loss=0.0018760637613013387>
9.0069 seconds
Tested. Sparse categorical accuracy: 68.00

round 144, metrics=<sparse_categorical_accuracy=0.998533308506012,loss=0.005470738746225834>
9.0936 seconds
Tested. Sparse categorical accuracy: 72.00

round 145, metrics=<sparse_categorical_accuracy=0.9992666840553284,loss=0.002464903285726905>
9.2681 seconds
Tested. Sparse categorical accuracy: 79.00

round 146, metrics=<sparse_categorical_accuracy=0.9994000196456909,loss=0.0021739471703767776>
9.1494 seconds
Tested. Sparse categorical accuracy: 69.00

round 147, metrics=<sparse_categorical_accuracy=0.9993333220481873,loss=0.0018842109711840749>
9.3361 seconds
Tested. Sparse categorical accuracy: 73.00

round 148, metrics=<sparse_categorical_accuracy=0.9989333152770996,loss=0.0029353369027376175>
8.9107 seconds
Tested. Sparse categorical accuracy: 85.00

round 149, metrics=<sparse_categorical_accuracy=0.9995999932289124,loss=0.0011203690664842725>
9.3592 seconds
Tested. Sparse categorical accuracy: 83.00

round 150, metrics=<sparse_categorical_accuracy=0.9990666508674622,loss=0.0026086331345140934>
9.2853 seconds
Tested. Sparse categorical accuracy: 72.00

round 151, metrics=<sparse_categorical_accuracy=0.9983333349227905,loss=0.005342179909348488>
9.2014 seconds
Tested. Sparse categorical accuracy: 78.00

round 152, metrics=<sparse_categorical_accuracy=0.9994000196456909,loss=0.0017913434421643615>
9.3824 seconds
Tested. Sparse categorical accuracy: 64.00

round 153, metrics=<sparse_categorical_accuracy=0.9994666576385498,loss=0.0015979214804247022>
9.4928 seconds
Tested. Sparse categorical accuracy: 72.00

round 154, metrics=<sparse_categorical_accuracy=0.9991333484649658,loss=0.002564205089583993>
9.5990 seconds
Tested. Sparse categorical accuracy: 62.00

round 155, metrics=<sparse_categorical_accuracy=0.9998000264167786,loss=0.0011024742852896452>
9.3420 seconds
Tested. Sparse categorical accuracy: 69.00

round 156, metrics=<sparse_categorical_accuracy=0.998533308506012,loss=0.0042087300680577755>
9.3453 seconds
Tested. Sparse categorical accuracy: 87.00

round 157, metrics=<sparse_categorical_accuracy=0.9991333484649658,loss=0.002406585495918989>
9.6218 seconds
Tested. Sparse categorical accuracy: 86.00

round 158, metrics=<sparse_categorical_accuracy=0.9993333220481873,loss=0.0024222773499786854>
9.6644 seconds
Tested. Sparse categorical accuracy: 83.00

round 159, metrics=<sparse_categorical_accuracy=0.999666690826416,loss=0.0013632706832140684>
9.2425 seconds
Tested. Sparse categorical accuracy: 81.00

round 160, metrics=<sparse_categorical_accuracy=0.9991333484649658,loss=0.0026909790467470884>
9.5011 seconds
Tested. Sparse categorical accuracy: 68.00

round 161, metrics=<sparse_categorical_accuracy=0.9991999864578247,loss=0.0023773261345922947>
9.1874 seconds
Tested. Sparse categorical accuracy: 60.00

round 162, metrics=<sparse_categorical_accuracy=0.9983999729156494,loss=0.0071043288335204124>
9.5522 seconds
Tested. Sparse categorical accuracy: 76.00

round 163, metrics=<sparse_categorical_accuracy=0.9990666508674622,loss=0.0024200452025979757>
9.3113 seconds
Tested. Sparse categorical accuracy: 69.00

round 164, metrics=<sparse_categorical_accuracy=0.9983333349227905,loss=0.006187327206134796>
9.5126 seconds
Tested. Sparse categorical accuracy: 75.00

round 165, metrics=<sparse_categorical_accuracy=0.9993333220481873,loss=0.002118158619850874>
8.9928 seconds
Tested. Sparse categorical accuracy: 85.00

round 166, metrics=<sparse_categorical_accuracy=0.9990000128746033,loss=0.0032738023437559605>
9.2641 seconds
Tested. Sparse categorical accuracy: 66.00

round 167, metrics=<sparse_categorical_accuracy=0.9994000196456909,loss=0.002246721414849162>
9.5558 seconds
Tested. Sparse categorical accuracy: 83.00

round 168, metrics=<sparse_categorical_accuracy=0.9995999932289124,loss=0.0019269433105364442>
9.0888 seconds
Tested. Sparse categorical accuracy: 81.00

round 169, metrics=<sparse_categorical_accuracy=0.999666690826416,loss=0.0010769040090963244>
9.3311 seconds
Tested. Sparse categorical accuracy: 72.00

round 170, metrics=<sparse_categorical_accuracy=0.9983333349227905,loss=0.003516030963510275>
9.4312 seconds
Tested. Sparse categorical accuracy: 59.00

round 171, metrics=<sparse_categorical_accuracy=0.9986000061035156,loss=0.009175327606499195>
9.5071 seconds
Tested. Sparse categorical accuracy: 80.00

round 172, metrics=<sparse_categorical_accuracy=0.9992666840553284,loss=0.0024129722733050585>
8.8776 seconds
Tested. Sparse categorical accuracy: 74.00

round 173, metrics=<sparse_categorical_accuracy=0.9993333220481873,loss=0.0018053523963317275>
9.4732 seconds
Tested. Sparse categorical accuracy: 58.00

round 174, metrics=<sparse_categorical_accuracy=0.9994000196456909,loss=0.0025380272418260574>
9.2068 seconds
Tested. Sparse categorical accuracy: 72.00

round 175, metrics=<sparse_categorical_accuracy=0.9998666644096375,loss=0.0012236943002790213>
9.1697 seconds
Tested. Sparse categorical accuracy: 67.00

round 176, metrics=<sparse_categorical_accuracy=0.9983999729156494,loss=0.005096445791423321>
9.3361 seconds
Tested. Sparse categorical accuracy: 81.00

round 177, metrics=<sparse_categorical_accuracy=0.9994000196456909,loss=0.0026272954419255257>
9.2828 seconds
Tested. Sparse categorical accuracy: 81.00

round 178, metrics=<sparse_categorical_accuracy=0.9991999864578247,loss=0.0025766121689230204>
9.3060 seconds
Tested. Sparse categorical accuracy: 93.00

round 179, metrics=<sparse_categorical_accuracy=0.9997333288192749,loss=0.0013261691201478243>
9.2569 seconds
Tested. Sparse categorical accuracy: 85.00

round 180, metrics=<sparse_categorical_accuracy=0.9995999932289124,loss=0.0015114794950932264>
9.2061 seconds
Tested. Sparse categorical accuracy: 83.00

round 181, metrics=<sparse_categorical_accuracy=0.9994000196456909,loss=0.002610319759696722>
9.4256 seconds
Tested. Sparse categorical accuracy: 81.00

round 182, metrics=<sparse_categorical_accuracy=0.9991333484649658,loss=0.0024662588257342577>
9.1558 seconds
Tested. Sparse categorical accuracy: 90.00

round 183, metrics=<sparse_categorical_accuracy=0.999666690826416,loss=0.0011269730748608708>
9.4086 seconds
Tested. Sparse categorical accuracy: 73.00

round 184, metrics=<sparse_categorical_accuracy=0.9988666772842407,loss=0.0038753559347242117>
9.3979 seconds
Tested. Sparse categorical accuracy: 88.00

round 185, metrics=<sparse_categorical_accuracy=0.999666690826416,loss=0.0014727676752954721>
9.3508 seconds
Tested. Sparse categorical accuracy: 90.00

round 186, metrics=<sparse_categorical_accuracy=0.9993333220481873,loss=0.0020249420776963234>
9.3936 seconds
Tested. Sparse categorical accuracy: 69.00

round 187, metrics=<sparse_categorical_accuracy=0.9993333220481873,loss=0.002494174288585782>
9.2296 seconds
Tested. Sparse categorical accuracy: 82.00

round 188, metrics=<sparse_categorical_accuracy=0.9994666576385498,loss=0.0018418042454868555>
9.3900 seconds
Tested. Sparse categorical accuracy: 89.00

round 189, metrics=<sparse_categorical_accuracy=0.9995999932289124,loss=0.0009864694438874722>
9.5015 seconds
Tested. Sparse categorical accuracy: 91.00

round 190, metrics=<sparse_categorical_accuracy=0.9995333552360535,loss=0.001474363380111754>
9.2542 seconds
Tested. Sparse categorical accuracy: 75.00

round 191, metrics=<sparse_categorical_accuracy=0.9988666772842407,loss=0.004308226518332958>
8.9988 seconds
Tested. Sparse categorical accuracy: 89.00

round 192, metrics=<sparse_categorical_accuracy=0.999666690826416,loss=0.0011383835226297379>
9.1457 seconds
Tested. Sparse categorical accuracy: 75.00

round 193, metrics=<sparse_categorical_accuracy=0.9998000264167786,loss=0.0008876337669789791>
9.3540 seconds
Tested. Sparse categorical accuracy: 75.00

round 194, metrics=<sparse_categorical_accuracy=0.9995333552360535,loss=0.0015628015389665961>
9.3731 seconds
Tested. Sparse categorical accuracy: 79.00

round 195, metrics=<sparse_categorical_accuracy=0.9997333288192749,loss=0.0008590294164605439>
9.1956 seconds
Tested. Sparse categorical accuracy: 71.00

round 196, metrics=<sparse_categorical_accuracy=0.9990000128746033,loss=0.0024887851905077696>
9.3111 seconds
Tested. Sparse categorical accuracy: 88.00

round 197, metrics=<sparse_categorical_accuracy=0.9992666840553284,loss=0.0022434841375797987>
9.2670 seconds
Tested. Sparse categorical accuracy: 83.00

round 198, metrics=<sparse_categorical_accuracy=0.9994666576385498,loss=0.00203089346177876>
9.5233 seconds
Tested. Sparse categorical accuracy: 85.00

round 199, metrics=<sparse_categorical_accuracy=0.999666690826416,loss=0.0012462937738746405>
9.3653 seconds
Tested. Sparse categorical accuracy: 91.00

round 200, metrics=<sparse_categorical_accuracy=0.9991333484649658,loss=0.0031892196275293827>
9.4893 seconds
Tested. Sparse categorical accuracy: 71.00

Target accuracy reached after  200  rounds
Average time per round: 9.00

2020-04-29 14:15:14.464168
