
TENSORFLOW USERS:
You must use the python3.6-anaconda/5.2.0 module to run TensorFlow.
See https://arc-ts.umich.edu/greatlakes/software/tensorflow for more
information.



The following have been reloaded with a version change:
  1) cuda/10.0.130 => cuda/10.1.105


Currently Loaded Modules:
  1) python3.7-anaconda/2019.07   2) cudnn/10.0-v7.6   3) cuda/10.1.105

 

mkdir: cannot create directory ‘results/5699753’: File exists
mkdir: cannot create directory ‘results/5699753/log’: File exists
Test  8
2020-04-29 16:31:22.257392


Schema 1: Each client partially IID
--------------------------------------------------
percent data distributed IID:  20
number of classes for non-IID data:  2
data points per client (mean, std dev): ( 600 ,  0 )
--------------------------------------------------

round  1, metrics=<sparse_categorical_accuracy=0.8370333313941956,loss=0.5261485576629639>
59.7935 seconds
Tested. Sparse categorical accuracy: 57.00

round  2, metrics=<sparse_categorical_accuracy=0.9567333459854126,loss=0.1536874771118164>
54.9977 seconds
Tested. Sparse categorical accuracy: 94.00

round  3, metrics=<sparse_categorical_accuracy=0.9512083530426025,loss=0.15120060741901398>
60.7214 seconds
Tested. Sparse categorical accuracy: 92.00

round  4, metrics=<sparse_categorical_accuracy=0.9911999702453613,loss=0.03401206433773041>
55.1680 seconds
Tested. Sparse categorical accuracy: 95.00

round  5, metrics=<sparse_categorical_accuracy=0.9922416806221008,loss=0.0293534304946661>
61.1760 seconds
Tested. Sparse categorical accuracy: 93.00

round  6, metrics=<sparse_categorical_accuracy=0.9946833252906799,loss=0.019002452492713928>
59.6125 seconds
Tested. Sparse categorical accuracy: 95.00

round  7, metrics=<sparse_categorical_accuracy=0.9935333132743835,loss=0.026723237708210945>
59.5261 seconds
Tested. Sparse categorical accuracy: 98.00

round  8, metrics=<sparse_categorical_accuracy=0.9953083395957947,loss=0.017677975818514824>
56.8557 seconds
Tested. Sparse categorical accuracy: 99.00

Target accuracy reached after  8  rounds
Average time per round: 58.00

2020-04-29 16:39:20.101275
