
TENSORFLOW USERS:
You must use the python3.6-anaconda/5.2.0 module to run TensorFlow.
See https://arc-ts.umich.edu/greatlakes/software/tensorflow for more
information.



The following have been reloaded with a version change:
  1) cuda/10.0.130 => cuda/10.1.105


Currently Loaded Modules:
  1) python3.7-anaconda/2019.07   2) cudnn/10.0-v7.6   3) cuda/10.1.105

 

mkdir: cannot create directory ‘results/7797850’: File exists
mkdir: cannot create directory ‘results/7797850/log’: File exists
Test  308
2020-06-15 12:32:27.746588


Schema 1: Each client partially IID
--------------------------------------------------
percent data distributed IID:  40
number of classes for non-IID data:  2
data points per client (mean, std dev): ( 600 ,  0 )
--------------------------------------------------
round  1, metrics=<sparse_categorical_accuracy=0.2765555679798126,loss=2.2198359966278076>
10.3063 seconds
Tested. Sparse categorical accuracy: 20.00

round  2, metrics=<sparse_categorical_accuracy=0.27933332324028015,loss=2.1329102516174316>
9.6835 seconds
Tested. Sparse categorical accuracy: 0.00

round  3, metrics=<sparse_categorical_accuracy=0.3173333406448364,loss=2.0525155067443848>
9.8572 seconds
Tested. Sparse categorical accuracy: 5.00

round  4, metrics=<sparse_categorical_accuracy=0.358777791261673,loss=1.9577953815460205>
9.6536 seconds
Tested. Sparse categorical accuracy: 35.00

round  5, metrics=<sparse_categorical_accuracy=0.4812222123146057,loss=1.7284165620803833>
9.6724 seconds
Tested. Sparse categorical accuracy: 45.00

round  6, metrics=<sparse_categorical_accuracy=0.5866666436195374,loss=1.3501008749008179>
9.5025 seconds
Tested. Sparse categorical accuracy: 50.00

round  7, metrics=<sparse_categorical_accuracy=0.6972222328186035,loss=0.9841143488883972>
9.7915 seconds
Tested. Sparse categorical accuracy: 90.00

round  8, metrics=<sparse_categorical_accuracy=0.7958889007568359,loss=0.6929602026939392>
9.6871 seconds
Tested. Sparse categorical accuracy: 95.00

8  rounds run
Average time per round: 9.00

2020-06-15 12:33:54.481679
