
TENSORFLOW USERS:
You must use the python3.6-anaconda/5.2.0 module to run TensorFlow.
See https://arc-ts.umich.edu/greatlakes/software/tensorflow for more
information.



The following have been reloaded with a version change:
  1) cuda/10.0.130 => cuda/10.1.105


Currently Loaded Modules:
  1) python3.7-anaconda/2019.07   2) cudnn/10.0-v7.6   3) cuda/10.1.105

 

mkdir: cannot create directory ‘results/7797850’: File exists
mkdir: cannot create directory ‘results/7797850/log’: File exists
Test  191
2020-06-15 12:14:43.378308


Schema 1: Each client partially IID
--------------------------------------------------
percent data distributed IID:  40
number of classes for non-IID data:  2
data points per client (mean, std dev): ( 600 ,  0 )
--------------------------------------------------
round  1, metrics=<sparse_categorical_accuracy=0.257666677236557,loss=2.266141176223755>
3.9262 seconds
Tested. Sparse categorical accuracy: 6.67

round  2, metrics=<sparse_categorical_accuracy=0.2460000067949295,loss=2.2326109409332275>
3.8922 seconds
Tested. Sparse categorical accuracy: 0.00

round  3, metrics=<sparse_categorical_accuracy=0.23499999940395355,loss=2.194303274154663>
3.8910 seconds
Tested. Sparse categorical accuracy: 25.00

round  4, metrics=<sparse_categorical_accuracy=0.28299999237060547,loss=2.2513132095336914>
3.9681 seconds
Tested. Sparse categorical accuracy: 15.00

round  5, metrics=<sparse_categorical_accuracy=0.23533333837985992,loss=2.168644666671753>
4.0082 seconds
Tested. Sparse categorical accuracy: 6.67

round  6, metrics=<sparse_categorical_accuracy=0.31066668033599854,loss=2.172398567199707>
3.9102 seconds
Tested. Sparse categorical accuracy: 20.00

round  7, metrics=<sparse_categorical_accuracy=0.3256666660308838,loss=2.1535117626190186>
3.9960 seconds
Tested. Sparse categorical accuracy: 21.67

round  8, metrics=<sparse_categorical_accuracy=0.3296666741371155,loss=2.0746867656707764>
3.8715 seconds
Tested. Sparse categorical accuracy: 33.33

round  9, metrics=<sparse_categorical_accuracy=0.468666672706604,loss=1.837664246559143>
3.9106 seconds
Tested. Sparse categorical accuracy: 43.33

round 10, metrics=<sparse_categorical_accuracy=0.47466665506362915,loss=1.7500829696655273>
4.0430 seconds
Tested. Sparse categorical accuracy: 48.33

round 11, metrics=<sparse_categorical_accuracy=0.5493333339691162,loss=1.463931679725647>
4.0009 seconds
Tested. Sparse categorical accuracy: 71.67

round 12, metrics=<sparse_categorical_accuracy=0.6753333210945129,loss=1.0972754955291748>
3.9708 seconds
Tested. Sparse categorical accuracy: 55.00

round 13, metrics=<sparse_categorical_accuracy=0.6446666717529297,loss=1.094077706336975>
4.0166 seconds
Tested. Sparse categorical accuracy: 90.00

round 14, metrics=<sparse_categorical_accuracy=0.7163333296775818,loss=0.9243624806404114>
3.9749 seconds
Tested. Sparse categorical accuracy: 81.67

round 15, metrics=<sparse_categorical_accuracy=0.7279999852180481,loss=0.8476191163063049>
3.9207 seconds
Tested. Sparse categorical accuracy: 100.00

round 16, metrics=<sparse_categorical_accuracy=0.8410000205039978,loss=0.5488383173942566>
3.9907 seconds
Tested. Sparse categorical accuracy: 83.33

round 17, metrics=<sparse_categorical_accuracy=0.8050000071525574,loss=0.6396288871765137>
3.8254 seconds
Tested. Sparse categorical accuracy: 81.67

round 18, metrics=<sparse_categorical_accuracy=0.8133333325386047,loss=0.5976068377494812>
3.8937 seconds
Tested. Sparse categorical accuracy: 90.00

round 19, metrics=<sparse_categorical_accuracy=0.8883333206176758,loss=0.36966830492019653>
3.9497 seconds
Tested. Sparse categorical accuracy: 86.67

round 20, metrics=<sparse_categorical_accuracy=0.9036666750907898,loss=0.31510406732559204>
3.9398 seconds
Tested. Sparse categorical accuracy: 98.33

round 21, metrics=<sparse_categorical_accuracy=0.8790000081062317,loss=0.38701358437538147>
3.9220 seconds
Tested. Sparse categorical accuracy: 95.00

round 22, metrics=<sparse_categorical_accuracy=0.893666684627533,loss=0.35110294818878174>
3.9461 seconds
Tested. Sparse categorical accuracy: 98.33

round 23, metrics=<sparse_categorical_accuracy=0.8896666765213013,loss=0.3704501986503601>
3.9778 seconds
Tested. Sparse categorical accuracy: 83.33

round 24, metrics=<sparse_categorical_accuracy=0.9246666431427002,loss=0.25750941038131714>
3.7396 seconds
Tested. Sparse categorical accuracy: 96.67

24  rounds run
Average time per round: 3.00

2020-06-15 12:16:29.362158
