
TENSORFLOW USERS:
You must use the python3.6-anaconda/5.2.0 module to run TensorFlow.
See https://arc-ts.umich.edu/greatlakes/software/tensorflow for more
information.



The following have been reloaded with a version change:
  1) cuda/10.0.130 => cuda/10.1.105


Currently Loaded Modules:
  1) python3.7-anaconda/2019.07   2) cudnn/10.0-v7.6   3) cuda/10.1.105

 

mkdir: cannot create directory ‘results/7797850’: File exists
mkdir: cannot create directory ‘results/7797850/log’: File exists
Test  386
2020-06-15 12:44:38.705998


Schema 1: Each client partially IID
--------------------------------------------------
percent data distributed IID:  40
number of classes for non-IID data:  2
data points per client (mean, std dev): ( 600 ,  0 )
--------------------------------------------------
round  1, metrics=<sparse_categorical_accuracy=0.22166666388511658,loss=2.2084436416625977>
3.6487 seconds
Tested. Sparse categorical accuracy: 11.67

round  2, metrics=<sparse_categorical_accuracy=0.23466666042804718,loss=2.2872607707977295>
3.8084 seconds
Tested. Sparse categorical accuracy: 15.00

round  3, metrics=<sparse_categorical_accuracy=0.1966666728258133,loss=2.236772060394287>
3.6785 seconds
Tested. Sparse categorical accuracy: 13.33

round  4, metrics=<sparse_categorical_accuracy=0.22966666519641876,loss=2.1471307277679443>
3.7643 seconds
Tested. Sparse categorical accuracy: 15.00

round  5, metrics=<sparse_categorical_accuracy=0.3269999921321869,loss=2.1825032234191895>
3.8030 seconds
Tested. Sparse categorical accuracy: 26.67

round  6, metrics=<sparse_categorical_accuracy=0.3269999921321869,loss=2.1779470443725586>
3.6568 seconds
Tested. Sparse categorical accuracy: 51.67

round  7, metrics=<sparse_categorical_accuracy=0.5120000243186951,loss=1.9807863235473633>
3.7403 seconds
Tested. Sparse categorical accuracy: 26.67

round  8, metrics=<sparse_categorical_accuracy=0.48533332347869873,loss=1.9020097255706787>
3.7191 seconds
Tested. Sparse categorical accuracy: 46.67

round  9, metrics=<sparse_categorical_accuracy=0.5296666622161865,loss=1.7386127710342407>
3.7877 seconds
Tested. Sparse categorical accuracy: 56.67

round 10, metrics=<sparse_categorical_accuracy=0.6396666765213013,loss=1.3991400003433228>
3.7738 seconds
Tested. Sparse categorical accuracy: 68.33

round 11, metrics=<sparse_categorical_accuracy=0.5976666808128357,loss=1.4269307851791382>
3.6804 seconds
Tested. Sparse categorical accuracy: 48.33

round 12, metrics=<sparse_categorical_accuracy=0.762666642665863,loss=0.8026294112205505>
3.7124 seconds
Tested. Sparse categorical accuracy: 60.00

round 13, metrics=<sparse_categorical_accuracy=0.7716666460037231,loss=0.8025274872779846>
3.7443 seconds
Tested. Sparse categorical accuracy: 65.00

round 14, metrics=<sparse_categorical_accuracy=0.7960000038146973,loss=0.6970499753952026>
3.6109 seconds
Tested. Sparse categorical accuracy: 78.33

round 15, metrics=<sparse_categorical_accuracy=0.8556666374206543,loss=0.5049933195114136>
3.6459 seconds
Tested. Sparse categorical accuracy: 95.00

round 16, metrics=<sparse_categorical_accuracy=0.8556666374206543,loss=0.54152512550354>
3.7293 seconds
Tested. Sparse categorical accuracy: 85.00

round 17, metrics=<sparse_categorical_accuracy=0.875,loss=0.4413919150829315>
3.6338 seconds
Tested. Sparse categorical accuracy: 78.33

round 18, metrics=<sparse_categorical_accuracy=0.8706666827201843,loss=0.40311846137046814>
3.7688 seconds
Tested. Sparse categorical accuracy: 81.67

round 19, metrics=<sparse_categorical_accuracy=0.8493333458900452,loss=0.473229318857193>
3.7111 seconds
Tested. Sparse categorical accuracy: 95.00

round 20, metrics=<sparse_categorical_accuracy=0.7929999828338623,loss=0.7629837393760681>
3.5489 seconds
Tested. Sparse categorical accuracy: 71.67

round 21, metrics=<sparse_categorical_accuracy=0.8859999775886536,loss=0.38623499870300293>
3.7478 seconds
Tested. Sparse categorical accuracy: 88.33

round 22, metrics=<sparse_categorical_accuracy=0.8136666417121887,loss=0.5832425951957703>
3.7425 seconds
Tested. Sparse categorical accuracy: 88.33

round 23, metrics=<sparse_categorical_accuracy=0.9163333177566528,loss=0.29978224635124207>
3.7254 seconds
Tested. Sparse categorical accuracy: 88.33

round 24, metrics=<sparse_categorical_accuracy=0.9056666493415833,loss=0.3088137209415436>
3.6596 seconds
Tested. Sparse categorical accuracy: 91.67

24  rounds run
Average time per round: 3.00

2020-06-15 12:46:18.351027
