
TENSORFLOW USERS:
You must use the python3.6-anaconda/5.2.0 module to run TensorFlow.
See https://arc-ts.umich.edu/greatlakes/software/tensorflow for more
information.



The following have been reloaded with a version change:
  1) cuda/10.0.130 => cuda/10.1.105


Currently Loaded Modules:
  1) python3.7-anaconda/2019.07   2) cudnn/10.0-v7.6   3) cuda/10.1.105

 

mkdir: cannot create directory ‘results/7797850’: File exists
mkdir: cannot create directory ‘results/7797850/log’: File exists
Test  484
2020-06-15 12:59:46.065688


Schema 1: Each client partially IID
--------------------------------------------------
percent data distributed IID:  40
number of classes for non-IID data:  2
data points per client (mean, std dev): ( 600 ,  0 )
--------------------------------------------------
round  1, metrics=<sparse_categorical_accuracy=0.33516666293144226,loss=2.1352622509002686>
16.4751 seconds
Tested. Sparse categorical accuracy: 0.00

round  2, metrics=<sparse_categorical_accuracy=0.33149999380111694,loss=2.0820376873016357>
15.0735 seconds
Tested. Sparse categorical accuracy: 6.67

round  3, metrics=<sparse_categorical_accuracy=0.3844166696071625,loss=1.9367530345916748>
15.3957 seconds
Tested. Sparse categorical accuracy: 60.00

round  4, metrics=<sparse_categorical_accuracy=0.5709166526794434,loss=1.504515290260315>
16.8265 seconds
Tested. Sparse categorical accuracy: 46.67

round  5, metrics=<sparse_categorical_accuracy=0.6835833191871643,loss=1.0364911556243896>
15.3288 seconds
Tested. Sparse categorical accuracy: 73.33

round  6, metrics=<sparse_categorical_accuracy=0.7887499928474426,loss=0.7287301421165466>
16.9026 seconds
Tested. Sparse categorical accuracy: 93.33

6  rounds run
Average time per round: 16.00

2020-06-15 13:01:31.088572
