
TENSORFLOW USERS:
You must use the python3.6-anaconda/5.2.0 module to run TensorFlow.
See https://arc-ts.umich.edu/greatlakes/software/tensorflow for more
information.



The following have been reloaded with a version change:
  1) cuda/10.0.130 => cuda/10.1.105


Currently Loaded Modules:
  1) python3.7-anaconda/2019.07   2) cudnn/10.0-v7.6   3) cuda/10.1.105

 

mkdir: cannot create directory ‘results/7797850’: File exists
mkdir: cannot create directory ‘results/7797850/log’: File exists
Test  306
2020-06-15 12:32:28.970544


Schema 1: Each client partially IID
--------------------------------------------------
percent data distributed IID:  40
number of classes for non-IID data:  2
data points per client (mean, std dev): ( 600 ,  0 )
--------------------------------------------------
round  1, metrics=<sparse_categorical_accuracy=0.2329999953508377,loss=2.211963176727295>
3.6799 seconds
Tested. Sparse categorical accuracy: 18.33

round  2, metrics=<sparse_categorical_accuracy=0.27533334493637085,loss=2.224804401397705>
3.6463 seconds
Tested. Sparse categorical accuracy: 8.33

round  3, metrics=<sparse_categorical_accuracy=0.22466666996479034,loss=2.211113214492798>
3.6186 seconds
Tested. Sparse categorical accuracy: 21.67

round  4, metrics=<sparse_categorical_accuracy=0.24899999797344208,loss=2.1972575187683105>
3.6321 seconds
Tested. Sparse categorical accuracy: 6.67

round  5, metrics=<sparse_categorical_accuracy=0.24766667187213898,loss=2.134408950805664>
3.6612 seconds
Tested. Sparse categorical accuracy: 33.33

round  6, metrics=<sparse_categorical_accuracy=0.42133334279060364,loss=2.0549087524414062>
3.5332 seconds
Tested. Sparse categorical accuracy: 31.67

round  7, metrics=<sparse_categorical_accuracy=0.3526666760444641,loss=2.092365264892578>
3.6365 seconds
Tested. Sparse categorical accuracy: 48.33

round  8, metrics=<sparse_categorical_accuracy=0.512333333492279,loss=1.9036246538162231>
3.6155 seconds
Tested. Sparse categorical accuracy: 38.33

round  9, metrics=<sparse_categorical_accuracy=0.49266666173934937,loss=1.6864874362945557>
3.5154 seconds
Tested. Sparse categorical accuracy: 23.33

round 10, metrics=<sparse_categorical_accuracy=0.4883333444595337,loss=1.6888805627822876>
3.6063 seconds
Tested. Sparse categorical accuracy: 41.67

round 11, metrics=<sparse_categorical_accuracy=0.5400000214576721,loss=1.5125781297683716>
3.6064 seconds
Tested. Sparse categorical accuracy: 65.00

round 12, metrics=<sparse_categorical_accuracy=0.6496666669845581,loss=1.1417063474655151>
3.5449 seconds
Tested. Sparse categorical accuracy: 80.00

round 13, metrics=<sparse_categorical_accuracy=0.7583333253860474,loss=0.7798460125923157>
3.6220 seconds
Tested. Sparse categorical accuracy: 76.67

round 14, metrics=<sparse_categorical_accuracy=0.7886666655540466,loss=0.6981583833694458>
3.5607 seconds
Tested. Sparse categorical accuracy: 93.33

round 15, metrics=<sparse_categorical_accuracy=0.8023333549499512,loss=0.6644045114517212>
3.5167 seconds
Tested. Sparse categorical accuracy: 86.67

round 16, metrics=<sparse_categorical_accuracy=0.8836666941642761,loss=0.423770010471344>
3.6130 seconds
Tested. Sparse categorical accuracy: 98.33

round 17, metrics=<sparse_categorical_accuracy=0.8519999980926514,loss=0.49723294377326965>
3.6149 seconds
Tested. Sparse categorical accuracy: 83.33

round 18, metrics=<sparse_categorical_accuracy=0.8696666955947876,loss=0.44709476828575134>
3.5128 seconds
Tested. Sparse categorical accuracy: 81.67

round 19, metrics=<sparse_categorical_accuracy=0.8700000047683716,loss=0.43718278408050537>
3.5662 seconds
Tested. Sparse categorical accuracy: 93.33

round 20, metrics=<sparse_categorical_accuracy=0.9100000262260437,loss=0.32319730520248413>
3.5755 seconds
Tested. Sparse categorical accuracy: 95.00

round 21, metrics=<sparse_categorical_accuracy=0.9006666541099548,loss=0.33797410130500793>
3.4717 seconds
Tested. Sparse categorical accuracy: 81.67

round 22, metrics=<sparse_categorical_accuracy=0.8886666893959045,loss=0.35039761662483215>
3.5944 seconds
Tested. Sparse categorical accuracy: 95.00

round 23, metrics=<sparse_categorical_accuracy=0.8793333172798157,loss=0.3935433626174927>
3.5854 seconds
Tested. Sparse categorical accuracy: 88.33

round 24, metrics=<sparse_categorical_accuracy=0.8843333125114441,loss=0.3390626907348633>
3.5092 seconds
Tested. Sparse categorical accuracy: 96.67

24  rounds run
Average time per round: 3.00

2020-06-15 12:34:05.277688
