
TENSORFLOW USERS:
You must use the python3.6-anaconda/5.2.0 module to run TensorFlow.
See https://arc-ts.umich.edu/greatlakes/software/tensorflow for more
information.



The following have been reloaded with a version change:
  1) cuda/10.0.130 => cuda/10.1.105


Currently Loaded Modules:
  1) python3.7-anaconda/2019.07   2) cudnn/10.0-v7.6   3) cuda/10.1.105

 

mkdir: cannot create directory ‘results/7797850’: File exists
mkdir: cannot create directory ‘results/7797850/log’: File exists
Test  285
2020-06-15 12:28:44.701582


Schema 1: Each client partially IID
--------------------------------------------------
percent data distributed IID:  40
number of classes for non-IID data:  2
data points per client (mean, std dev): ( 600 ,  0 )
--------------------------------------------------
round  1, metrics=<sparse_categorical_accuracy=0.4030555486679077,loss=1.986155390739441>
27.4654 seconds
Tested. Sparse categorical accuracy: 0.00

round  2, metrics=<sparse_categorical_accuracy=0.4163888990879059,loss=1.803948163986206>
26.0802 seconds
Tested. Sparse categorical accuracy: 40.00

round  3, metrics=<sparse_categorical_accuracy=0.6271111369132996,loss=1.2784533500671387>
26.4375 seconds
Tested. Sparse categorical accuracy: 80.00

round  4, metrics=<sparse_categorical_accuracy=0.7761111259460449,loss=0.730178713798523>
25.9018 seconds
Tested. Sparse categorical accuracy: 80.00

4  rounds run
Average time per round: 26.00

2020-06-15 12:30:39.394619
