
TENSORFLOW USERS:
You must use the python3.6-anaconda/5.2.0 module to run TensorFlow.
See https://arc-ts.umich.edu/greatlakes/software/tensorflow for more
information.



The following have been reloaded with a version change:
  1) cuda/10.0.130 => cuda/10.1.105


Currently Loaded Modules:
  1) python3.7-anaconda/2019.07   2) cudnn/10.0-v7.6   3) cuda/10.1.105

 

mkdir: cannot create directory ‘results/7797850’: File exists
mkdir: cannot create directory ‘results/7797850/log’: File exists
Test  165
2020-06-15 12:10:40.644218


Schema 1: Each client partially IID
--------------------------------------------------
percent data distributed IID:  40
number of classes for non-IID data:  2
data points per client (mean, std dev): ( 600 ,  0 )
--------------------------------------------------
round  1, metrics=<sparse_categorical_accuracy=0.3542777895927429,loss=2.060187578201294>
23.9382 seconds
Tested. Sparse categorical accuracy: 10.00

round  2, metrics=<sparse_categorical_accuracy=0.33666667342185974,loss=2.0275509357452393>
22.7085 seconds
Tested. Sparse categorical accuracy: 10.00

round  3, metrics=<sparse_categorical_accuracy=0.3104444444179535,loss=1.98422110080719>
22.0610 seconds
Tested. Sparse categorical accuracy: 20.00

round  4, metrics=<sparse_categorical_accuracy=0.3625555634498596,loss=1.9162591695785522>
21.8955 seconds
Tested. Sparse categorical accuracy: 20.00

4  rounds run
Average time per round: 22.00

2020-06-15 12:12:19.895601
