
TENSORFLOW USERS:
You must use the python3.6-anaconda/5.2.0 module to run TensorFlow.
See https://arc-ts.umich.edu/greatlakes/software/tensorflow for more
information.



The following have been reloaded with a version change:
  1) cuda/10.0.130 => cuda/10.1.105


Currently Loaded Modules:
  1) python3.7-anaconda/2019.07   2) cudnn/10.0-v7.6   3) cuda/10.1.105

 

mkdir: cannot create directory ‘results/7797850’: File exists
mkdir: cannot create directory ‘results/7797850/log’: File exists
Test  378
2020-06-15 12:43:38.079985


Schema 1: Each client partially IID
--------------------------------------------------
percent data distributed IID:  40
number of classes for non-IID data:  2
data points per client (mean, std dev): ( 600 ,  0 )
--------------------------------------------------
round  1, metrics=<sparse_categorical_accuracy=0.2755555510520935,loss=2.199486494064331>
10.4236 seconds
Tested. Sparse categorical accuracy: 0.00

round  2, metrics=<sparse_categorical_accuracy=0.34255555272102356,loss=2.085512399673462>
9.8635 seconds
Tested. Sparse categorical accuracy: 25.00

round  3, metrics=<sparse_categorical_accuracy=0.35111111402511597,loss=2.105823516845703>
9.3735 seconds
Tested. Sparse categorical accuracy: 10.00

round  4, metrics=<sparse_categorical_accuracy=0.3982222080230713,loss=1.8593441247940063>
9.7083 seconds
Tested. Sparse categorical accuracy: 40.00

round  5, metrics=<sparse_categorical_accuracy=0.5816666483879089,loss=1.4040002822875977>
9.4670 seconds
Tested. Sparse categorical accuracy: 70.00

round  6, metrics=<sparse_categorical_accuracy=0.6987777948379517,loss=1.0595542192459106>
9.2538 seconds
Tested. Sparse categorical accuracy: 80.00

round  7, metrics=<sparse_categorical_accuracy=0.7528889179229736,loss=0.8874409198760986>
9.5399 seconds
Tested. Sparse categorical accuracy: 90.00

round  8, metrics=<sparse_categorical_accuracy=0.8338888883590698,loss=0.5752562880516052>
9.4797 seconds
Tested. Sparse categorical accuracy: 90.00

8  rounds run
Average time per round: 9.00

2020-06-15 12:45:03.569058
