
TENSORFLOW USERS:
You must use the python3.6-anaconda/5.2.0 module to run TensorFlow.
See https://arc-ts.umich.edu/greatlakes/software/tensorflow for more
information.



The following have been reloaded with a version change:
  1) cuda/10.0.130 => cuda/10.1.105


Currently Loaded Modules:
  1) python3.7-anaconda/2019.07   2) cudnn/10.0-v7.6   3) cuda/10.1.105

 

mkdir: cannot create directory ‘results/7797850’: File exists
mkdir: cannot create directory ‘results/7797850/log’: File exists
Test  442
2020-06-15 12:53:16.246174


Schema 1: Each client partially IID
--------------------------------------------------
percent data distributed IID:  40
number of classes for non-IID data:  2
data points per client (mean, std dev): ( 600 ,  0 )
--------------------------------------------------
round  1, metrics=<sparse_categorical_accuracy=0.2903333306312561,loss=2.3353822231292725>
6.6294 seconds
Tested. Sparse categorical accuracy: 10.00

round  2, metrics=<sparse_categorical_accuracy=0.18283332884311676,loss=2.1817433834075928>
6.6305 seconds
Tested. Sparse categorical accuracy: 16.67

round  3, metrics=<sparse_categorical_accuracy=0.2528333365917206,loss=2.2372941970825195>
6.6057 seconds
Tested. Sparse categorical accuracy: 3.33

round  4, metrics=<sparse_categorical_accuracy=0.2175000011920929,loss=2.155090093612671>
6.3768 seconds
Tested. Sparse categorical accuracy: 10.00

round  5, metrics=<sparse_categorical_accuracy=0.31433331966400146,loss=2.1773080825805664>
6.3507 seconds
Tested. Sparse categorical accuracy: 6.67

round  6, metrics=<sparse_categorical_accuracy=0.20216666162014008,loss=2.110229730606079>
6.4441 seconds
Tested. Sparse categorical accuracy: 3.33

round  7, metrics=<sparse_categorical_accuracy=0.31216666102409363,loss=2.0840866565704346>
6.4970 seconds
Tested. Sparse categorical accuracy: 16.67

round  8, metrics=<sparse_categorical_accuracy=0.2784999907016754,loss=2.0386769771575928>
6.3182 seconds
Tested. Sparse categorical accuracy: 26.67

round  9, metrics=<sparse_categorical_accuracy=0.3555000126361847,loss=1.968941569328308>
6.2946 seconds
Tested. Sparse categorical accuracy: 36.67

round 10, metrics=<sparse_categorical_accuracy=0.4516666531562805,loss=1.865241527557373>
6.4715 seconds
Tested. Sparse categorical accuracy: 43.33

round 11, metrics=<sparse_categorical_accuracy=0.5166666507720947,loss=1.6313472986221313>
6.2209 seconds
Tested. Sparse categorical accuracy: 33.33

round 12, metrics=<sparse_categorical_accuracy=0.6363333463668823,loss=1.2540208101272583>
6.4225 seconds
Tested. Sparse categorical accuracy: 73.33

12  rounds run
Average time per round: 6.00

2020-06-15 12:54:42.175870
