
TENSORFLOW USERS:
You must use the python3.6-anaconda/5.2.0 module to run TensorFlow.
See https://arc-ts.umich.edu/greatlakes/software/tensorflow for more
information.



The following have been reloaded with a version change:
  1) cuda/10.0.130 => cuda/10.1.105


Currently Loaded Modules:
  1) python3.7-anaconda/2019.07   2) cudnn/10.0-v7.6   3) cuda/10.1.105

 

mkdir: cannot create directory ‘results/7797850’: File exists
mkdir: cannot create directory ‘results/7797850/log’: File exists
Test  272
2020-06-15 12:26:45.620761


Schema 1: Each client partially IID
--------------------------------------------------
percent data distributed IID:  40
number of classes for non-IID data:  2
data points per client (mean, std dev): ( 600 ,  0 )
--------------------------------------------------
round  1, metrics=<sparse_categorical_accuracy=0.2709999978542328,loss=2.263363838195801>
7.8087 seconds
Tested. Sparse categorical accuracy: 0.00

round  2, metrics=<sparse_categorical_accuracy=0.2720000147819519,loss=2.171969413757324>
7.6415 seconds
Tested. Sparse categorical accuracy: 16.67

round  3, metrics=<sparse_categorical_accuracy=0.2876666784286499,loss=2.215522527694702>
7.7586 seconds
Tested. Sparse categorical accuracy: 16.67

round  4, metrics=<sparse_categorical_accuracy=0.24383333325386047,loss=2.1541175842285156>
7.5425 seconds
Tested. Sparse categorical accuracy: 16.67

round  5, metrics=<sparse_categorical_accuracy=0.296833336353302,loss=2.0912725925445557>
7.2798 seconds
Tested. Sparse categorical accuracy: 16.67

round  6, metrics=<sparse_categorical_accuracy=0.304500013589859,loss=2.0900630950927734>
7.7540 seconds
Tested. Sparse categorical accuracy: 3.33

round  7, metrics=<sparse_categorical_accuracy=0.31933334469795227,loss=2.0785396099090576>
7.3506 seconds
Tested. Sparse categorical accuracy: 0.00

round  8, metrics=<sparse_categorical_accuracy=0.33683332800865173,loss=2.05881929397583>
7.1319 seconds
Tested. Sparse categorical accuracy: 13.33

round  9, metrics=<sparse_categorical_accuracy=0.35733333230018616,loss=2.0013020038604736>
7.5609 seconds
Tested. Sparse categorical accuracy: 40.00

round 10, metrics=<sparse_categorical_accuracy=0.4154999852180481,loss=1.9128175973892212>
7.2329 seconds
Tested. Sparse categorical accuracy: 50.00

round 11, metrics=<sparse_categorical_accuracy=0.5134999752044678,loss=1.645909070968628>
7.3861 seconds
Tested. Sparse categorical accuracy: 50.00

round 12, metrics=<sparse_categorical_accuracy=0.609666645526886,loss=1.3054590225219727>
7.1055 seconds
Tested. Sparse categorical accuracy: 70.00

12  rounds run
Average time per round: 7.00

2020-06-15 12:28:24.699128
