
TENSORFLOW USERS:
You must use the python3.6-anaconda/5.2.0 module to run TensorFlow.
See https://arc-ts.umich.edu/greatlakes/software/tensorflow for more
information.



The following have been reloaded with a version change:
  1) cuda/10.0.130 => cuda/10.1.105


Currently Loaded Modules:
  1) python3.7-anaconda/2019.07   2) cudnn/10.0-v7.6   3) cuda/10.1.105

 

mkdir: cannot create directory ‘results/7797850’: File exists
mkdir: cannot create directory ‘results/7797850/log’: File exists
Test  171
2020-06-15 12:10:43.441019


Schema 1: Each client partially IID
--------------------------------------------------
percent data distributed IID:  40
number of classes for non-IID data:  2
data points per client (mean, std dev): ( 600 ,  0 )
--------------------------------------------------
round  1, metrics=<sparse_categorical_accuracy=0.10400000214576721,loss=2.2180023193359375>
4.7178 seconds
Tested. Sparse categorical accuracy: 21.67

round  2, metrics=<sparse_categorical_accuracy=0.1456666737794876,loss=2.202552556991577>
4.6690 seconds
Tested. Sparse categorical accuracy: 11.67

round  3, metrics=<sparse_categorical_accuracy=0.15000000596046448,loss=2.235663414001465>
4.5826 seconds
Tested. Sparse categorical accuracy: 15.00

round  4, metrics=<sparse_categorical_accuracy=0.20900000631809235,loss=2.2085154056549072>
4.6776 seconds
Tested. Sparse categorical accuracy: 41.67

round  5, metrics=<sparse_categorical_accuracy=0.2966666519641876,loss=2.190239191055298>
4.6211 seconds
Tested. Sparse categorical accuracy: 23.33

round  6, metrics=<sparse_categorical_accuracy=0.3136666715145111,loss=2.1517224311828613>
4.5980 seconds
Tested. Sparse categorical accuracy: 55.00

round  7, metrics=<sparse_categorical_accuracy=0.4046666622161865,loss=2.0460054874420166>
4.6085 seconds
Tested. Sparse categorical accuracy: 20.00

round  8, metrics=<sparse_categorical_accuracy=0.3319999873638153,loss=1.9699230194091797>
4.6469 seconds
Tested. Sparse categorical accuracy: 40.00

round  9, metrics=<sparse_categorical_accuracy=0.43166667222976685,loss=1.8480976819992065>
4.5064 seconds
Tested. Sparse categorical accuracy: 53.33

round 10, metrics=<sparse_categorical_accuracy=0.5193333625793457,loss=1.5908318758010864>
4.5418 seconds
Tested. Sparse categorical accuracy: 68.33

round 11, metrics=<sparse_categorical_accuracy=0.5323333144187927,loss=1.5536943674087524>
4.6729 seconds
Tested. Sparse categorical accuracy: 80.00

round 12, metrics=<sparse_categorical_accuracy=0.6496666669845581,loss=1.1941970586776733>
4.3654 seconds
Tested. Sparse categorical accuracy: 68.33

round 13, metrics=<sparse_categorical_accuracy=0.6613333225250244,loss=1.2083669900894165>
4.5610 seconds
Tested. Sparse categorical accuracy: 75.00

round 14, metrics=<sparse_categorical_accuracy=0.7839999794960022,loss=0.7204550504684448>
4.5302 seconds
Tested. Sparse categorical accuracy: 83.33

round 15, metrics=<sparse_categorical_accuracy=0.6543333530426025,loss=1.2340410947799683>
4.6795 seconds
Tested. Sparse categorical accuracy: 83.33

round 16, metrics=<sparse_categorical_accuracy=0.812333345413208,loss=0.6352958679199219>
4.4803 seconds
Tested. Sparse categorical accuracy: 80.00

round 17, metrics=<sparse_categorical_accuracy=0.6893333196640015,loss=1.2112743854522705>
4.6398 seconds
Tested. Sparse categorical accuracy: 91.67

round 18, metrics=<sparse_categorical_accuracy=0.8320000171661377,loss=0.6722708940505981>
4.6339 seconds
Tested. Sparse categorical accuracy: 88.33

round 19, metrics=<sparse_categorical_accuracy=0.8806666731834412,loss=0.39032113552093506>
4.3283 seconds
Tested. Sparse categorical accuracy: 98.33

round 20, metrics=<sparse_categorical_accuracy=0.8713333606719971,loss=0.41991689801216125>
4.4908 seconds
Tested. Sparse categorical accuracy: 100.00

round 21, metrics=<sparse_categorical_accuracy=0.8803333044052124,loss=0.38514432311058044>
4.6163 seconds
Tested. Sparse categorical accuracy: 83.33

round 22, metrics=<sparse_categorical_accuracy=0.8866666555404663,loss=0.3693995475769043>
4.4832 seconds
Tested. Sparse categorical accuracy: 98.33

round 23, metrics=<sparse_categorical_accuracy=0.9263333082199097,loss=0.24842935800552368>
4.4929 seconds
Tested. Sparse categorical accuracy: 93.33

round 24, metrics=<sparse_categorical_accuracy=0.8679999709129333,loss=0.42765510082244873>
4.6310 seconds
Tested. Sparse categorical accuracy: 88.33

24  rounds run
Average time per round: 4.00

2020-06-15 12:12:44.435717
