
TENSORFLOW USERS:
You must use the python3.6-anaconda/5.2.0 module to run TensorFlow.
See https://arc-ts.umich.edu/greatlakes/software/tensorflow for more
information.



The following have been reloaded with a version change:
  1) cuda/10.0.130 => cuda/10.1.105


Currently Loaded Modules:
  1) python3.7-anaconda/2019.07   2) cudnn/10.0-v7.6   3) cuda/10.1.105

 

mkdir: cannot create directory ‘results/7797850’: File exists
mkdir: cannot create directory ‘results/7797850/log’: File exists
Test  334
2020-06-15 12:36:32.385417


Schema 1: Each client partially IID
--------------------------------------------------
percent data distributed IID:  40
number of classes for non-IID data:  2
data points per client (mean, std dev): ( 600 ,  0 )
--------------------------------------------------
round  1, metrics=<sparse_categorical_accuracy=0.3555833399295807,loss=2.0872559547424316>
15.0947 seconds
Tested. Sparse categorical accuracy: 20.00

round  2, metrics=<sparse_categorical_accuracy=0.3688333332538605,loss=2.0828540325164795>
13.7633 seconds
Tested. Sparse categorical accuracy: 13.33

round  3, metrics=<sparse_categorical_accuracy=0.3335833251476288,loss=1.9657843112945557>
13.7147 seconds
Tested. Sparse categorical accuracy: 6.67

round  4, metrics=<sparse_categorical_accuracy=0.3747499883174896,loss=1.9105502367019653>
14.1830 seconds
Tested. Sparse categorical accuracy: 13.33

round  5, metrics=<sparse_categorical_accuracy=0.5560833215713501,loss=1.5038150548934937>
13.4679 seconds
Tested. Sparse categorical accuracy: 26.67

round  6, metrics=<sparse_categorical_accuracy=0.6430000066757202,loss=1.1887975931167603>
14.3057 seconds
Tested. Sparse categorical accuracy: 73.33

6  rounds run
Average time per round: 14.00

2020-06-15 12:38:05.484292
