
TENSORFLOW USERS:
You must use the python3.6-anaconda/5.2.0 module to run TensorFlow.
See https://arc-ts.umich.edu/greatlakes/software/tensorflow for more
information.



The following have been reloaded with a version change:
  1) cuda/10.0.130 => cuda/10.1.105


Currently Loaded Modules:
  1) python3.7-anaconda/2019.07   2) cudnn/10.0-v7.6   3) cuda/10.1.105

 

mkdir: cannot create directory ‘results/7797850’: File exists
mkdir: cannot create directory ‘results/7797850/log’: File exists
Test  212
2020-06-15 12:17:45.371042


Schema 1: Each client partially IID
--------------------------------------------------
percent data distributed IID:  40
number of classes for non-IID data:  2
data points per client (mean, std dev): ( 600 ,  0 )
--------------------------------------------------
round  1, metrics=<sparse_categorical_accuracy=0.27266666293144226,loss=2.2918763160705566>
6.9510 seconds
Tested. Sparse categorical accuracy: 10.00

round  2, metrics=<sparse_categorical_accuracy=0.20283333957195282,loss=2.178640365600586>
6.8059 seconds
Tested. Sparse categorical accuracy: 6.67

round  3, metrics=<sparse_categorical_accuracy=0.27300000190734863,loss=2.1743381023406982>
6.9019 seconds
Tested. Sparse categorical accuracy: 10.00

round  4, metrics=<sparse_categorical_accuracy=0.27783334255218506,loss=2.123497247695923>
6.7741 seconds
Tested. Sparse categorical accuracy: 20.00

round  5, metrics=<sparse_categorical_accuracy=0.2906666696071625,loss=2.0972836017608643>
6.7639 seconds
Tested. Sparse categorical accuracy: 16.67

round  6, metrics=<sparse_categorical_accuracy=0.36800000071525574,loss=1.9700534343719482>
7.0054 seconds
Tested. Sparse categorical accuracy: 36.67

round  7, metrics=<sparse_categorical_accuracy=0.4573333263397217,loss=1.796419620513916>
6.7594 seconds
Tested. Sparse categorical accuracy: 53.33

round  8, metrics=<sparse_categorical_accuracy=0.5176666378974915,loss=1.5264967679977417>
6.7904 seconds
Tested. Sparse categorical accuracy: 66.67

round  9, metrics=<sparse_categorical_accuracy=0.5971666574478149,loss=1.3289963006973267>
6.9187 seconds
Tested. Sparse categorical accuracy: 66.67

round 10, metrics=<sparse_categorical_accuracy=0.7105000019073486,loss=1.0243061780929565>
6.8422 seconds
Tested. Sparse categorical accuracy: 86.67

round 11, metrics=<sparse_categorical_accuracy=0.8133333325386047,loss=0.6420013308525085>
6.6485 seconds
Tested. Sparse categorical accuracy: 93.33

round 12, metrics=<sparse_categorical_accuracy=0.8218333125114441,loss=0.5699399709701538>
6.7199 seconds
Tested. Sparse categorical accuracy: 80.00

12  rounds run
Average time per round: 6.00

2020-06-15 12:19:16.443685
