
TENSORFLOW USERS:
You must use the python3.6-anaconda/5.2.0 module to run TensorFlow.
See https://arc-ts.umich.edu/greatlakes/software/tensorflow for more
information.



The following have been reloaded with a version change:
  1) cuda/10.0.130 => cuda/10.1.105


Currently Loaded Modules:
  1) python3.7-anaconda/2019.07   2) cudnn/10.0-v7.6   3) cuda/10.1.105

 

mkdir: cannot create directory ‘results/7797850’: File exists
mkdir: cannot create directory ‘results/7797850/log’: File exists
Test  307
2020-06-15 12:32:29.055894


Schema 1: Each client partially IID
--------------------------------------------------
percent data distributed IID:  40
number of classes for non-IID data:  2
data points per client (mean, std dev): ( 600 ,  0 )
--------------------------------------------------
round  1, metrics=<sparse_categorical_accuracy=0.22683332860469818,loss=2.2438089847564697>
6.7606 seconds
Tested. Sparse categorical accuracy: 20.00

round  2, metrics=<sparse_categorical_accuracy=0.21666666865348816,loss=2.1517274379730225>
6.6441 seconds
Tested. Sparse categorical accuracy: 6.67

round  3, metrics=<sparse_categorical_accuracy=0.23466666042804718,loss=2.192350149154663>
6.7743 seconds
Tested. Sparse categorical accuracy: 6.67

round  4, metrics=<sparse_categorical_accuracy=0.21916666626930237,loss=2.0595903396606445>
6.5863 seconds
Tested. Sparse categorical accuracy: 6.67

round  5, metrics=<sparse_categorical_accuracy=0.25850000977516174,loss=2.037330150604248>
6.7282 seconds
Tested. Sparse categorical accuracy: 26.67

round  6, metrics=<sparse_categorical_accuracy=0.37683331966400146,loss=1.8872156143188477>
6.5833 seconds
Tested. Sparse categorical accuracy: 30.00

round  7, metrics=<sparse_categorical_accuracy=0.4986666738986969,loss=1.7031619548797607>
6.5484 seconds
Tested. Sparse categorical accuracy: 76.67

round  8, metrics=<sparse_categorical_accuracy=0.6299999952316284,loss=1.2609026432037354>
6.4976 seconds
Tested. Sparse categorical accuracy: 73.33

round  9, metrics=<sparse_categorical_accuracy=0.6528333425521851,loss=1.1890960931777954>
6.5449 seconds
Tested. Sparse categorical accuracy: 63.33

round 10, metrics=<sparse_categorical_accuracy=0.731333315372467,loss=0.9309779405593872>
6.7573 seconds
Tested. Sparse categorical accuracy: 93.33

round 11, metrics=<sparse_categorical_accuracy=0.7764999866485596,loss=0.8003702759742737>
6.7473 seconds
Tested. Sparse categorical accuracy: 80.00

round 12, metrics=<sparse_categorical_accuracy=0.8989999890327454,loss=0.3432016670703888>
6.7318 seconds
Tested. Sparse categorical accuracy: 96.67

12  rounds run
Average time per round: 6.00

2020-06-15 12:33:57.951299
