
TENSORFLOW USERS:
You must use the python3.6-anaconda/5.2.0 module to run TensorFlow.
See https://arc-ts.umich.edu/greatlakes/software/tensorflow for more
information.



The following have been reloaded with a version change:
  1) cuda/10.0.130 => cuda/10.1.105


Currently Loaded Modules:
  1) python3.7-anaconda/2019.07   2) cudnn/10.0-v7.6   3) cuda/10.1.105

 

mkdir: cannot create directory ‘results/7797850’: File exists
mkdir: cannot create directory ‘results/7797850/log’: File exists
Test  316
2020-06-15 12:34:00.675000


Schema 1: Each client partially IID
--------------------------------------------------
percent data distributed IID:  40
number of classes for non-IID data:  2
data points per client (mean, std dev): ( 600 ,  0 )
--------------------------------------------------
round  1, metrics=<sparse_categorical_accuracy=0.13600000739097595,loss=2.212339401245117>
5.0463 seconds
Tested. Sparse categorical accuracy: 8.33

round  2, metrics=<sparse_categorical_accuracy=0.24766667187213898,loss=2.310127019882202>
5.4326 seconds
Tested. Sparse categorical accuracy: 10.00

round  3, metrics=<sparse_categorical_accuracy=0.28566667437553406,loss=2.2401726245880127>
4.9720 seconds
Tested. Sparse categorical accuracy: 13.33

round  4, metrics=<sparse_categorical_accuracy=0.17666666209697723,loss=2.237546443939209>
5.3619 seconds
Tested. Sparse categorical accuracy: 6.67

round  5, metrics=<sparse_categorical_accuracy=0.16699999570846558,loss=2.137765407562256>
4.5796 seconds
Tested. Sparse categorical accuracy: 15.00

round  6, metrics=<sparse_categorical_accuracy=0.22333332896232605,loss=2.1338908672332764>
4.9060 seconds
Tested. Sparse categorical accuracy: 51.67

round  7, metrics=<sparse_categorical_accuracy=0.34466665983200073,loss=2.097292900085449>
5.9627 seconds
Tested. Sparse categorical accuracy: 30.00

round  8, metrics=<sparse_categorical_accuracy=0.38066667318344116,loss=2.0465848445892334>
5.4926 seconds
Tested. Sparse categorical accuracy: 48.33

round  9, metrics=<sparse_categorical_accuracy=0.3466666638851166,loss=1.971919298171997>
4.8563 seconds
Tested. Sparse categorical accuracy: 48.33

round 10, metrics=<sparse_categorical_accuracy=0.4516666531562805,loss=1.7248365879058838>
4.9771 seconds
Tested. Sparse categorical accuracy: 66.67

round 11, metrics=<sparse_categorical_accuracy=0.46433332562446594,loss=1.6764272451400757>
5.4099 seconds
Tested. Sparse categorical accuracy: 61.67

round 12, metrics=<sparse_categorical_accuracy=0.5476666688919067,loss=1.6661168336868286>
5.0304 seconds
Tested. Sparse categorical accuracy: 60.00

round 13, metrics=<sparse_categorical_accuracy=0.6336666941642761,loss=1.1822339296340942>
5.0354 seconds
Tested. Sparse categorical accuracy: 66.67

round 14, metrics=<sparse_categorical_accuracy=0.7226666808128357,loss=0.9119715690612793>
5.0798 seconds
Tested. Sparse categorical accuracy: 88.33

round 15, metrics=<sparse_categorical_accuracy=0.7273333072662354,loss=0.9666140675544739>
4.9484 seconds
Tested. Sparse categorical accuracy: 85.00

round 16, metrics=<sparse_categorical_accuracy=0.7716666460037231,loss=0.847859799861908>
5.0361 seconds
Tested. Sparse categorical accuracy: 91.67

round 17, metrics=<sparse_categorical_accuracy=0.8643333315849304,loss=0.48513033986091614>
4.8399 seconds
Tested. Sparse categorical accuracy: 100.00

round 18, metrics=<sparse_categorical_accuracy=0.8113333582878113,loss=0.594377338886261>
5.2309 seconds
Tested. Sparse categorical accuracy: 91.67

round 19, metrics=<sparse_categorical_accuracy=0.812333345413208,loss=0.6598533391952515>
4.6922 seconds
Tested. Sparse categorical accuracy: 83.33

round 20, metrics=<sparse_categorical_accuracy=0.887666642665863,loss=0.38034671545028687>
5.0879 seconds
Tested. Sparse categorical accuracy: 98.33

round 21, metrics=<sparse_categorical_accuracy=0.9196666479110718,loss=0.26659271121025085>
5.1780 seconds
Tested. Sparse categorical accuracy: 98.33

round 22, metrics=<sparse_categorical_accuracy=0.9106666445732117,loss=0.30312296748161316>
5.0627 seconds
Tested. Sparse categorical accuracy: 90.00

round 23, metrics=<sparse_categorical_accuracy=0.871666669845581,loss=0.4162983298301697>
4.7853 seconds
Tested. Sparse categorical accuracy: 88.33

round 24, metrics=<sparse_categorical_accuracy=0.9266666769981384,loss=0.2624328136444092>
5.2972 seconds
Tested. Sparse categorical accuracy: 93.33

24  rounds run
Average time per round: 5.00

2020-06-15 12:36:15.786647
