
TENSORFLOW USERS:
You must use the python3.6-anaconda/5.2.0 module to run TensorFlow.
See https://arc-ts.umich.edu/greatlakes/software/tensorflow for more
information.



The following have been reloaded with a version change:
  1) cuda/10.0.130 => cuda/10.1.105


Currently Loaded Modules:
  1) python3.7-anaconda/2019.07   2) cudnn/10.0-v7.6   3) cuda/10.1.105

 

mkdir: cannot create directory ‘results/7797850’: File exists
mkdir: cannot create directory ‘results/7797850/log’: File exists
Test  274
2020-06-15 12:26:44.728605


Schema 1: Each client partially IID
--------------------------------------------------
percent data distributed IID:  40
number of classes for non-IID data:  2
data points per client (mean, std dev): ( 600 ,  0 )
--------------------------------------------------
round  1, metrics=<sparse_categorical_accuracy=0.30533334612846375,loss=2.1108181476593018>
16.2691 seconds
Tested. Sparse categorical accuracy: 13.33

round  2, metrics=<sparse_categorical_accuracy=0.28949999809265137,loss=2.027508497238159>
14.7078 seconds
Tested. Sparse categorical accuracy: 13.33

round  3, metrics=<sparse_categorical_accuracy=0.43283334374427795,loss=1.7807947397232056>
14.9416 seconds
Tested. Sparse categorical accuracy: 60.00

round  4, metrics=<sparse_categorical_accuracy=0.6230833530426025,loss=1.263645887374878>
14.7668 seconds
Tested. Sparse categorical accuracy: 60.00

round  5, metrics=<sparse_categorical_accuracy=0.7472500205039978,loss=0.8336182236671448>
14.4902 seconds
Tested. Sparse categorical accuracy: 100.00

round  6, metrics=<sparse_categorical_accuracy=0.8247500061988831,loss=0.5713954567909241>
15.1271 seconds
Tested. Sparse categorical accuracy: 93.33

6  rounds run
Average time per round: 15.00

2020-06-15 12:28:23.745317
