
TENSORFLOW USERS:
You must use the python3.6-anaconda/5.2.0 module to run TensorFlow.
See https://arc-ts.umich.edu/greatlakes/software/tensorflow for more
information.



The following have been reloaded with a version change:
  1) cuda/10.0.130 => cuda/10.1.105


Currently Loaded Modules:
  1) python3.7-anaconda/2019.07   2) cudnn/10.0-v7.6   3) cuda/10.1.105

 

mkdir: cannot create directory ‘results/7797850’: File exists
mkdir: cannot create directory ‘results/7797850/log’: File exists
Test  132
2020-06-15 12:04:35.765264


Schema 1: Each client partially IID
--------------------------------------------------
percent data distributed IID:  40
number of classes for non-IID data:  2
data points per client (mean, std dev): ( 600 ,  0 )
--------------------------------------------------
round  1, metrics=<sparse_categorical_accuracy=0.3761666715145111,loss=2.2517638206481934>
6.5615 seconds
Tested. Sparse categorical accuracy: 6.67

round  2, metrics=<sparse_categorical_accuracy=0.2746666669845581,loss=2.178044557571411>
6.4540 seconds
Tested. Sparse categorical accuracy: 16.67

round  3, metrics=<sparse_categorical_accuracy=0.28349998593330383,loss=2.166301727294922>
6.5816 seconds
Tested. Sparse categorical accuracy: 16.67

round  4, metrics=<sparse_categorical_accuracy=0.2549999952316284,loss=2.137892007827759>
6.2529 seconds
Tested. Sparse categorical accuracy: 16.67

round  5, metrics=<sparse_categorical_accuracy=0.3096666634082794,loss=2.1009762287139893>
6.3850 seconds
Tested. Sparse categorical accuracy: 30.00

round  6, metrics=<sparse_categorical_accuracy=0.3558333218097687,loss=2.0551674365997314>
6.3760 seconds
Tested. Sparse categorical accuracy: 13.33

round  7, metrics=<sparse_categorical_accuracy=0.3738333284854889,loss=1.95720374584198>
6.5090 seconds
Tested. Sparse categorical accuracy: 50.00

round  8, metrics=<sparse_categorical_accuracy=0.5009999871253967,loss=1.7249997854232788>
6.5249 seconds
Tested. Sparse categorical accuracy: 66.67

round  9, metrics=<sparse_categorical_accuracy=0.6320000290870667,loss=1.3369406461715698>
6.3687 seconds
Tested. Sparse categorical accuracy: 76.67

round 10, metrics=<sparse_categorical_accuracy=0.6501666903495789,loss=1.1664953231811523>
6.6195 seconds
Tested. Sparse categorical accuracy: 70.00

round 11, metrics=<sparse_categorical_accuracy=0.7283333539962769,loss=0.9580091834068298>
6.4236 seconds
Tested. Sparse categorical accuracy: 93.33

round 12, metrics=<sparse_categorical_accuracy=0.8274999856948853,loss=0.5796723365783691>
6.5010 seconds
Tested. Sparse categorical accuracy: 86.67

12  rounds run
Average time per round: 6.00

2020-06-15 12:06:02.011390
