
TENSORFLOW USERS:
You must use the python3.6-anaconda/5.2.0 module to run TensorFlow.
See https://arc-ts.umich.edu/greatlakes/software/tensorflow for more
information.



The following have been reloaded with a version change:
  1) cuda/10.0.130 => cuda/10.1.105


Currently Loaded Modules:
  1) python3.7-anaconda/2019.07   2) cudnn/10.0-v7.6   3) cuda/10.1.105

 

mkdir: cannot create directory ‘results/7797850’: File exists
mkdir: cannot create directory ‘results/7797850/log’: File exists
Test  423
2020-06-15 12:50:43.576071


Schema 1: Each client partially IID
--------------------------------------------------
percent data distributed IID:  40
number of classes for non-IID data:  2
data points per client (mean, std dev): ( 600 ,  0 )
--------------------------------------------------
round  1, metrics=<sparse_categorical_accuracy=0.3888888955116272,loss=2.103323221206665>
10.7582 seconds
Tested. Sparse categorical accuracy: 10.00

round  2, metrics=<sparse_categorical_accuracy=0.34422221779823303,loss=2.095198154449463>
10.3027 seconds
Tested. Sparse categorical accuracy: 10.00

round  3, metrics=<sparse_categorical_accuracy=0.36933332681655884,loss=2.0138800144195557>
9.9896 seconds
Tested. Sparse categorical accuracy: 5.00

round  4, metrics=<sparse_categorical_accuracy=0.3574444353580475,loss=1.9239468574523926>
10.2935 seconds
Tested. Sparse categorical accuracy: 30.00

round  5, metrics=<sparse_categorical_accuracy=0.4723333418369293,loss=1.6853468418121338>
10.2681 seconds
Tested. Sparse categorical accuracy: 40.00

round  6, metrics=<sparse_categorical_accuracy=0.5886666774749756,loss=1.312933325767517>
10.4250 seconds
Tested. Sparse categorical accuracy: 80.00

round  7, metrics=<sparse_categorical_accuracy=0.6708889007568359,loss=1.0533547401428223>
10.2974 seconds
Tested. Sparse categorical accuracy: 85.00

round  8, metrics=<sparse_categorical_accuracy=0.7708888649940491,loss=0.8278099894523621>
10.4211 seconds
Tested. Sparse categorical accuracy: 95.00

8  rounds run
Average time per round: 10.00

2020-06-15 12:52:15.134399
