
TENSORFLOW USERS:
You must use the python3.6-anaconda/5.2.0 module to run TensorFlow.
See https://arc-ts.umich.edu/greatlakes/software/tensorflow for more
information.



The following have been reloaded with a version change:
  1) cuda/10.0.130 => cuda/10.1.105


Currently Loaded Modules:
  1) python3.7-anaconda/2019.07   2) cudnn/10.0-v7.6   3) cuda/10.1.105

 

mkdir: cannot create directory ‘results/7797850’: File exists
mkdir: cannot create directory ‘results/7797850/log’: File exists
Test  206
2020-06-15 12:16:44.853025


Schema 1: Each client partially IID
--------------------------------------------------
percent data distributed IID:  40
number of classes for non-IID data:  2
data points per client (mean, std dev): ( 600 ,  0 )
--------------------------------------------------
round  1, metrics=<sparse_categorical_accuracy=0.296999990940094,loss=2.224489212036133>
3.8902 seconds
Tested. Sparse categorical accuracy: 8.33

round  2, metrics=<sparse_categorical_accuracy=0.28200000524520874,loss=2.2351579666137695>
3.8442 seconds
Tested. Sparse categorical accuracy: 11.67

round  3, metrics=<sparse_categorical_accuracy=0.27000001072883606,loss=2.200606346130371>
3.8183 seconds
Tested. Sparse categorical accuracy: 11.67

round  4, metrics=<sparse_categorical_accuracy=0.3330000042915344,loss=2.2128889560699463>
3.9112 seconds
Tested. Sparse categorical accuracy: 10.00

round  5, metrics=<sparse_categorical_accuracy=0.257999986410141,loss=2.1798622608184814>
3.8092 seconds
Tested. Sparse categorical accuracy: 5.00

round  6, metrics=<sparse_categorical_accuracy=0.3883333206176758,loss=1.9961954355239868>
3.7309 seconds
Tested. Sparse categorical accuracy: 25.00

round  7, metrics=<sparse_categorical_accuracy=0.304666668176651,loss=2.240166664123535>
3.9786 seconds
Tested. Sparse categorical accuracy: 16.67

round  8, metrics=<sparse_categorical_accuracy=0.2916666567325592,loss=2.079313039779663>
3.8406 seconds
Tested. Sparse categorical accuracy: 35.00

round  9, metrics=<sparse_categorical_accuracy=0.4339999854564667,loss=1.887196660041809>
3.6835 seconds
Tested. Sparse categorical accuracy: 28.33

round 10, metrics=<sparse_categorical_accuracy=0.44866666197776794,loss=1.7665085792541504>
3.8121 seconds
Tested. Sparse categorical accuracy: 40.00

round 11, metrics=<sparse_categorical_accuracy=0.4816666543483734,loss=1.701635718345642>
3.9020 seconds
Tested. Sparse categorical accuracy: 65.00

round 12, metrics=<sparse_categorical_accuracy=0.6340000033378601,loss=1.31110680103302>
3.5270 seconds
Tested. Sparse categorical accuracy: 78.33

round 13, metrics=<sparse_categorical_accuracy=0.6556666493415833,loss=1.248934030532837>
3.7021 seconds
Tested. Sparse categorical accuracy: 86.67

round 14, metrics=<sparse_categorical_accuracy=0.6129999756813049,loss=1.2623236179351807>
3.6959 seconds
Tested. Sparse categorical accuracy: 81.67

round 15, metrics=<sparse_categorical_accuracy=0.7456666827201843,loss=0.8828715682029724>
3.6841 seconds
Tested. Sparse categorical accuracy: 91.67

round 16, metrics=<sparse_categorical_accuracy=0.8203333616256714,loss=0.6051283478736877>
3.7459 seconds
Tested. Sparse categorical accuracy: 76.67

round 17, metrics=<sparse_categorical_accuracy=0.8259999752044678,loss=0.6089373826980591>
3.8078 seconds
Tested. Sparse categorical accuracy: 96.67

round 18, metrics=<sparse_categorical_accuracy=0.8320000171661377,loss=0.5430647730827332>
3.7975 seconds
Tested. Sparse categorical accuracy: 88.33

round 19, metrics=<sparse_categorical_accuracy=0.8370000123977661,loss=0.5192216634750366>
3.8171 seconds
Tested. Sparse categorical accuracy: 95.00

round 20, metrics=<sparse_categorical_accuracy=0.8186666369438171,loss=0.6385542154312134>
3.7452 seconds
Tested. Sparse categorical accuracy: 86.67

round 21, metrics=<sparse_categorical_accuracy=0.9179999828338623,loss=0.2920645773410797>
3.8285 seconds
Tested. Sparse categorical accuracy: 86.67

round 22, metrics=<sparse_categorical_accuracy=0.9026666879653931,loss=0.305757999420166>
3.6923 seconds
Tested. Sparse categorical accuracy: 95.00

round 23, metrics=<sparse_categorical_accuracy=0.8213333487510681,loss=0.602250337600708>
3.8275 seconds
Tested. Sparse categorical accuracy: 88.33

round 24, metrics=<sparse_categorical_accuracy=0.856333315372467,loss=0.438912570476532>
3.7387 seconds
Tested. Sparse categorical accuracy: 100.00

24  rounds run
Average time per round: 3.00

2020-06-15 12:18:26.207862
