
TENSORFLOW USERS:
You must use the python3.6-anaconda/5.2.0 module to run TensorFlow.
See https://arc-ts.umich.edu/greatlakes/software/tensorflow for more
information.



The following have been reloaded with a version change:
  1) cuda/10.0.130 => cuda/10.1.105


Currently Loaded Modules:
  1) python3.7-anaconda/2019.07   2) cudnn/10.0-v7.6   3) cuda/10.1.105

 

mkdir: cannot create directory ‘results/7797850’: File exists
mkdir: cannot create directory ‘results/7797850/log’: File exists
Test  365
2020-06-15 12:41:36.114193


Schema 1: Each client partially IID
--------------------------------------------------
percent data distributed IID:  40
number of classes for non-IID data:  2
data points per client (mean, std dev): ( 600 ,  0 )
--------------------------------------------------
round  1, metrics=<sparse_categorical_accuracy=0.32938888669013977,loss=1.9700905084609985>
22.3862 seconds
Tested. Sparse categorical accuracy: 0.00

round  2, metrics=<sparse_categorical_accuracy=0.48738887906074524,loss=1.6398192644119263>
21.0122 seconds
Tested. Sparse categorical accuracy: 80.00

round  3, metrics=<sparse_categorical_accuracy=0.7005000114440918,loss=1.0421017408370972>
22.1753 seconds
Tested. Sparse categorical accuracy: 90.00

round  4, metrics=<sparse_categorical_accuracy=0.8198333382606506,loss=0.5848821997642517>
20.3369 seconds
Tested. Sparse categorical accuracy: 70.00

4  rounds run
Average time per round: 21.00

2020-06-15 12:43:10.159460
