
TENSORFLOW USERS:
You must use the python3.6-anaconda/5.2.0 module to run TensorFlow.
See https://arc-ts.umich.edu/greatlakes/software/tensorflow for more
information.



The following have been reloaded with a version change:
  1) cuda/10.0.130 => cuda/10.1.105


Currently Loaded Modules:
  1) python3.7-anaconda/2019.07   2) cudnn/10.0-v7.6   3) cuda/10.1.105

 

mkdir: cannot create directory ‘results/7797850’: File exists
mkdir: cannot create directory ‘results/7797850/log’: File exists
Test  167
2020-06-15 12:10:40.644258


Schema 1: Each client partially IID
--------------------------------------------------
percent data distributed IID:  40
number of classes for non-IID data:  2
data points per client (mean, std dev): ( 600 ,  0 )
--------------------------------------------------
round  1, metrics=<sparse_categorical_accuracy=0.2915000021457672,loss=2.2178847789764404>
7.7984 seconds
Tested. Sparse categorical accuracy: 20.00

round  2, metrics=<sparse_categorical_accuracy=0.1835000067949295,loss=2.1171815395355225>
7.9964 seconds
Tested. Sparse categorical accuracy: 13.33

round  3, metrics=<sparse_categorical_accuracy=0.335999995470047,loss=2.145200729370117>
7.7635 seconds
Tested. Sparse categorical accuracy: 6.67

round  4, metrics=<sparse_categorical_accuracy=0.22633333504199982,loss=2.0445284843444824>
7.3646 seconds
Tested. Sparse categorical accuracy: 16.67

round  5, metrics=<sparse_categorical_accuracy=0.3266666531562805,loss=1.9429848194122314>
7.4125 seconds
Tested. Sparse categorical accuracy: 30.00

round  6, metrics=<sparse_categorical_accuracy=0.46700000762939453,loss=1.6722429990768433>
7.9577 seconds
Tested. Sparse categorical accuracy: 23.33

round  7, metrics=<sparse_categorical_accuracy=0.5799999833106995,loss=1.4635456800460815>
7.7012 seconds
Tested. Sparse categorical accuracy: 40.00

round  8, metrics=<sparse_categorical_accuracy=0.6660000085830688,loss=1.0975245237350464>
8.1055 seconds
Tested. Sparse categorical accuracy: 43.33

round  9, metrics=<sparse_categorical_accuracy=0.7335000038146973,loss=0.8801274299621582>
7.2646 seconds
Tested. Sparse categorical accuracy: 93.33

round 10, metrics=<sparse_categorical_accuracy=0.8018333315849304,loss=0.6838136911392212>
7.3003 seconds
Tested. Sparse categorical accuracy: 80.00

round 11, metrics=<sparse_categorical_accuracy=0.8348333239555359,loss=0.5547589659690857>
7.4825 seconds
Tested. Sparse categorical accuracy: 96.67

round 12, metrics=<sparse_categorical_accuracy=0.8766666650772095,loss=0.4292507767677307>
7.6555 seconds
Tested. Sparse categorical accuracy: 93.33

12  rounds run
Average time per round: 7.00

2020-06-15 12:12:22.208795
