
TENSORFLOW USERS:
You must use the python3.6-anaconda/5.2.0 module to run TensorFlow.
See https://arc-ts.umich.edu/greatlakes/software/tensorflow for more
information.



The following have been reloaded with a version change:
  1) cuda/10.0.130 => cuda/10.1.105


Currently Loaded Modules:
  1) python3.7-anaconda/2019.07   2) cudnn/10.0-v7.6   3) cuda/10.1.105

 

mkdir: cannot create directory ‘results/7797850’: File exists
mkdir: cannot create directory ‘results/7797850/log’: File exists
Test  141
2020-06-15 12:06:37.879668


Schema 1: Each client partially IID
--------------------------------------------------
percent data distributed IID:  40
number of classes for non-IID data:  2
data points per client (mean, std dev): ( 600 ,  0 )
--------------------------------------------------
round  1, metrics=<sparse_categorical_accuracy=0.08299999684095383,loss=2.204498767852783>
3.7476 seconds
Tested. Sparse categorical accuracy: 8.33

round  2, metrics=<sparse_categorical_accuracy=0.20800000429153442,loss=2.258647918701172>
3.7521 seconds
Tested. Sparse categorical accuracy: 10.00

round  3, metrics=<sparse_categorical_accuracy=0.09833333641290665,loss=2.202643394470215>
3.7264 seconds
Tested. Sparse categorical accuracy: 13.33

round  4, metrics=<sparse_categorical_accuracy=0.3230000138282776,loss=2.27089786529541>
3.7507 seconds
Tested. Sparse categorical accuracy: 21.67

round  5, metrics=<sparse_categorical_accuracy=0.17666666209697723,loss=2.2140047550201416>
3.8486 seconds
Tested. Sparse categorical accuracy: 16.67

round  6, metrics=<sparse_categorical_accuracy=0.2226666659116745,loss=2.1805431842803955>
3.6453 seconds
Tested. Sparse categorical accuracy: 20.00

round  7, metrics=<sparse_categorical_accuracy=0.39800000190734863,loss=2.3005058765411377>
3.9484 seconds
Tested. Sparse categorical accuracy: 16.67

round  8, metrics=<sparse_categorical_accuracy=0.25200000405311584,loss=2.1540274620056152>
3.7364 seconds
Tested. Sparse categorical accuracy: 20.00

round  9, metrics=<sparse_categorical_accuracy=0.3863333463668823,loss=2.0521442890167236>
3.6435 seconds
Tested. Sparse categorical accuracy: 46.67

round 10, metrics=<sparse_categorical_accuracy=0.4729999899864197,loss=1.9314205646514893>
3.7128 seconds
Tested. Sparse categorical accuracy: 58.33

round 11, metrics=<sparse_categorical_accuracy=0.4673333466053009,loss=1.7348089218139648>
3.6689 seconds
Tested. Sparse categorical accuracy: 70.00

round 12, metrics=<sparse_categorical_accuracy=0.5546666383743286,loss=1.536557912826538>
3.7079 seconds
Tested. Sparse categorical accuracy: 63.33

round 13, metrics=<sparse_categorical_accuracy=0.5426666736602783,loss=1.400132656097412>
3.6648 seconds
Tested. Sparse categorical accuracy: 60.00

round 14, metrics=<sparse_categorical_accuracy=0.6236666440963745,loss=1.190396785736084>
3.7494 seconds
Tested. Sparse categorical accuracy: 66.67

round 15, metrics=<sparse_categorical_accuracy=0.7043333053588867,loss=0.918695330619812>
3.7153 seconds
Tested. Sparse categorical accuracy: 58.33

round 16, metrics=<sparse_categorical_accuracy=0.6823333501815796,loss=1.048261284828186>
3.5850 seconds
Tested. Sparse categorical accuracy: 86.67

round 17, metrics=<sparse_categorical_accuracy=0.7996666431427002,loss=0.6314244270324707>
3.7605 seconds
Tested. Sparse categorical accuracy: 73.33

round 18, metrics=<sparse_categorical_accuracy=0.7733333110809326,loss=0.7115530371665955>
3.6944 seconds
Tested. Sparse categorical accuracy: 85.00

round 19, metrics=<sparse_categorical_accuracy=0.7926666736602783,loss=0.6788732409477234>
3.6755 seconds
Tested. Sparse categorical accuracy: 83.33

round 20, metrics=<sparse_categorical_accuracy=0.7676666378974915,loss=0.7965425848960876>
3.6976 seconds
Tested. Sparse categorical accuracy: 83.33

round 21, metrics=<sparse_categorical_accuracy=0.7490000128746033,loss=0.779678225517273>
3.7671 seconds
Tested. Sparse categorical accuracy: 88.33

round 22, metrics=<sparse_categorical_accuracy=0.9043333530426025,loss=0.32244306802749634>
3.6540 seconds
Tested. Sparse categorical accuracy: 100.00

round 23, metrics=<sparse_categorical_accuracy=0.9293333292007446,loss=0.24080780148506165>
3.6995 seconds
Tested. Sparse categorical accuracy: 98.33

round 24, metrics=<sparse_categorical_accuracy=0.8806666731834412,loss=0.37835678458213806>
3.6995 seconds
Tested. Sparse categorical accuracy: 96.67

24  rounds run
Average time per round: 3.00

2020-06-15 12:08:17.989852
