
TENSORFLOW USERS:
You must use the python3.6-anaconda/5.2.0 module to run TensorFlow.
See https://arc-ts.umich.edu/greatlakes/software/tensorflow for more
information.



The following have been reloaded with a version change:
  1) cuda/10.0.130 => cuda/10.1.105


Currently Loaded Modules:
  1) python3.7-anaconda/2019.07   2) cudnn/10.0-v7.6   3) cuda/10.1.105

 

mkdir: cannot create directory ‘results/7797850’: File exists
mkdir: cannot create directory ‘results/7797850/log’: File exists
Test  31
2020-06-15 11:50:28.311513


Schema 1: Each client partially IID
--------------------------------------------------
percent data distributed IID:  40
number of classes for non-IID data:  2
data points per client (mean, std dev): ( 600 ,  0 )
--------------------------------------------------
round  1, metrics=<sparse_categorical_accuracy=0.17533333599567413,loss=2.2249486446380615>
4.1184 seconds
Tested. Sparse categorical accuracy: 8.33

round  2, metrics=<sparse_categorical_accuracy=0.2680000066757202,loss=2.3315351009368896>
4.3138 seconds
Tested. Sparse categorical accuracy: 11.67

round  3, metrics=<sparse_categorical_accuracy=0.1456666737794876,loss=2.2387616634368896>
3.5740 seconds
Tested. Sparse categorical accuracy: 10.00

round  4, metrics=<sparse_categorical_accuracy=0.18400000035762787,loss=2.185575246810913>
3.9571 seconds
Tested. Sparse categorical accuracy: 11.67

round  5, metrics=<sparse_categorical_accuracy=0.2590000033378601,loss=2.278860569000244>
3.9100 seconds
Tested. Sparse categorical accuracy: 3.33

round  6, metrics=<sparse_categorical_accuracy=0.2370000034570694,loss=2.1918787956237793>
3.8572 seconds
Tested. Sparse categorical accuracy: 10.00

round  7, metrics=<sparse_categorical_accuracy=0.2133333384990692,loss=2.1271421909332275>
3.9733 seconds
Tested. Sparse categorical accuracy: 8.33

round  8, metrics=<sparse_categorical_accuracy=0.3486666679382324,loss=2.2859747409820557>
3.8465 seconds
Tested. Sparse categorical accuracy: 10.00

round  9, metrics=<sparse_categorical_accuracy=0.2043333351612091,loss=2.175339937210083>
4.1169 seconds
Tested. Sparse categorical accuracy: 40.00

round 10, metrics=<sparse_categorical_accuracy=0.46533334255218506,loss=2.041327714920044>
3.9097 seconds
Tested. Sparse categorical accuracy: 26.67

round 11, metrics=<sparse_categorical_accuracy=0.4346666634082794,loss=1.8464471101760864>
3.9504 seconds
Tested. Sparse categorical accuracy: 43.33

round 12, metrics=<sparse_categorical_accuracy=0.48133334517478943,loss=1.7599668502807617>
3.9752 seconds
Tested. Sparse categorical accuracy: 43.33

round 13, metrics=<sparse_categorical_accuracy=0.5213333368301392,loss=1.4993289709091187>
4.1443 seconds
Tested. Sparse categorical accuracy: 63.33

round 14, metrics=<sparse_categorical_accuracy=0.6396666765213013,loss=1.1737560033798218>
3.8856 seconds
Tested. Sparse categorical accuracy: 73.33

round 15, metrics=<sparse_categorical_accuracy=0.5183333158493042,loss=1.4723596572875977>
4.0203 seconds
Tested. Sparse categorical accuracy: 76.67

round 16, metrics=<sparse_categorical_accuracy=0.7570000290870667,loss=0.800727367401123>
4.0187 seconds
Tested. Sparse categorical accuracy: 66.67

round 17, metrics=<sparse_categorical_accuracy=0.7053333520889282,loss=0.9899240136146545>
4.2598 seconds
Tested. Sparse categorical accuracy: 91.67

round 18, metrics=<sparse_categorical_accuracy=0.8353333473205566,loss=0.5370422601699829>
3.9566 seconds
Tested. Sparse categorical accuracy: 86.67

round 19, metrics=<sparse_categorical_accuracy=0.7256666421890259,loss=0.9263172149658203>
4.0687 seconds
Tested. Sparse categorical accuracy: 85.00

round 20, metrics=<sparse_categorical_accuracy=0.8113333582878113,loss=0.6154656410217285>
4.0672 seconds
Tested. Sparse categorical accuracy: 100.00

round 21, metrics=<sparse_categorical_accuracy=0.8733333349227905,loss=0.44949644804000854>
4.4808 seconds
Tested. Sparse categorical accuracy: 98.33

round 22, metrics=<sparse_categorical_accuracy=0.8883333206176758,loss=0.3782847225666046>
4.1972 seconds
Tested. Sparse categorical accuracy: 96.67

round 23, metrics=<sparse_categorical_accuracy=0.9346666932106018,loss=0.23488153517246246>
4.2487 seconds
Tested. Sparse categorical accuracy: 95.00

round 24, metrics=<sparse_categorical_accuracy=0.8996666669845581,loss=0.32720690965652466>
4.1239 seconds
Tested. Sparse categorical accuracy: 93.33

24  rounds run
Average time per round: 4.00

2020-06-15 11:52:17.097270
