
TENSORFLOW USERS:
You must use the python3.6-anaconda/5.2.0 module to run TensorFlow.
See https://arc-ts.umich.edu/greatlakes/software/tensorflow for more
information.



The following have been reloaded with a version change:
  1) cuda/10.0.130 => cuda/10.1.105


Currently Loaded Modules:
  1) python3.7-anaconda/2019.07   2) cudnn/10.0-v7.6   3) cuda/10.1.105

 

mkdir: cannot create directory ‘results/7797850’: File exists
mkdir: cannot create directory ‘results/7797850/log’: File exists
Test  66
2020-06-15 11:54:28.084097


Schema 1: Each client partially IID
--------------------------------------------------
percent data distributed IID:  40
number of classes for non-IID data:  2
data points per client (mean, std dev): ( 600 ,  0 )
--------------------------------------------------
round  1, metrics=<sparse_categorical_accuracy=0.19833333790302277,loss=2.187716484069824>
3.7202 seconds
Tested. Sparse categorical accuracy: 11.67

round  2, metrics=<sparse_categorical_accuracy=0.2746666669845581,loss=2.1825969219207764>
4.1002 seconds
Tested. Sparse categorical accuracy: 10.00

round  3, metrics=<sparse_categorical_accuracy=0.2266666740179062,loss=2.131547451019287>
3.8334 seconds
Tested. Sparse categorical accuracy: 21.67

round  4, metrics=<sparse_categorical_accuracy=0.23266667127609253,loss=2.1754508018493652>
3.8167 seconds
Tested. Sparse categorical accuracy: 20.00

round  5, metrics=<sparse_categorical_accuracy=0.3346666693687439,loss=2.0520334243774414>
4.1756 seconds
Tested. Sparse categorical accuracy: 45.00

round  6, metrics=<sparse_categorical_accuracy=0.3933333456516266,loss=2.0897810459136963>
3.7190 seconds
Tested. Sparse categorical accuracy: 28.33

round  7, metrics=<sparse_categorical_accuracy=0.3683333396911621,loss=1.9003238677978516>
3.7574 seconds
Tested. Sparse categorical accuracy: 58.33

round  8, metrics=<sparse_categorical_accuracy=0.4533333480358124,loss=1.9203757047653198>
4.2120 seconds
Tested. Sparse categorical accuracy: 36.67

round  9, metrics=<sparse_categorical_accuracy=0.5326666831970215,loss=1.7221095561981201>
3.8955 seconds
Tested. Sparse categorical accuracy: 45.00

round 10, metrics=<sparse_categorical_accuracy=0.476666659116745,loss=1.6203629970550537>
3.6846 seconds
Tested. Sparse categorical accuracy: 63.33

round 11, metrics=<sparse_categorical_accuracy=0.6713333129882812,loss=1.278437852859497>
4.2643 seconds
Tested. Sparse categorical accuracy: 83.33

round 12, metrics=<sparse_categorical_accuracy=0.6973333358764648,loss=1.0827382802963257>
3.8036 seconds
Tested. Sparse categorical accuracy: 66.67

round 13, metrics=<sparse_categorical_accuracy=0.7049999833106995,loss=0.9933537840843201>
3.6740 seconds
Tested. Sparse categorical accuracy: 73.33

round 14, metrics=<sparse_categorical_accuracy=0.8143333196640015,loss=0.6431642770767212>
4.1935 seconds
Tested. Sparse categorical accuracy: 93.33

round 15, metrics=<sparse_categorical_accuracy=0.7536666393280029,loss=0.8130553364753723>
3.7692 seconds
Tested. Sparse categorical accuracy: 96.67

round 16, metrics=<sparse_categorical_accuracy=0.8646666407585144,loss=0.6062621474266052>
3.6781 seconds
Tested. Sparse categorical accuracy: 85.00

round 17, metrics=<sparse_categorical_accuracy=0.812666654586792,loss=0.6158473491668701>
4.0454 seconds
Tested. Sparse categorical accuracy: 81.67

round 18, metrics=<sparse_categorical_accuracy=0.8830000162124634,loss=0.3861251175403595>
3.6209 seconds
Tested. Sparse categorical accuracy: 91.67

round 19, metrics=<sparse_categorical_accuracy=0.8809999823570251,loss=0.3870983123779297>
3.9958 seconds
Tested. Sparse categorical accuracy: 90.00

round 20, metrics=<sparse_categorical_accuracy=0.9176666736602783,loss=0.27430644631385803>
4.0221 seconds
Tested. Sparse categorical accuracy: 80.00

round 21, metrics=<sparse_categorical_accuracy=0.9283333420753479,loss=0.26042452454566956>
3.6786 seconds
Tested. Sparse categorical accuracy: 93.33

round 22, metrics=<sparse_categorical_accuracy=0.9126666784286499,loss=0.27877819538116455>
4.0372 seconds
Tested. Sparse categorical accuracy: 88.33

round 23, metrics=<sparse_categorical_accuracy=0.8213333487510681,loss=0.655746579170227>
4.0365 seconds
Tested. Sparse categorical accuracy: 88.33

round 24, metrics=<sparse_categorical_accuracy=0.8809999823570251,loss=0.3912988603115082>
3.6372 seconds
Tested. Sparse categorical accuracy: 90.00

24  rounds run
Average time per round: 3.00

2020-06-15 11:56:11.823611
