
TENSORFLOW USERS:
You must use the python3.6-anaconda/5.2.0 module to run TensorFlow.
See https://arc-ts.umich.edu/greatlakes/software/tensorflow for more
information.



The following have been reloaded with a version change:
  1) cuda/10.0.130 => cuda/10.1.105


Currently Loaded Modules:
  1) python3.7-anaconda/2019.07   2) cudnn/10.0-v7.6   3) cuda/10.1.105

 

mkdir: cannot create directory ‘results/7797850’: File exists
mkdir: cannot create directory ‘results/7797850/log’: File exists
Test  309
2020-06-15 12:32:28.936331


Schema 1: Each client partially IID
--------------------------------------------------
percent data distributed IID:  40
number of classes for non-IID data:  2
data points per client (mean, std dev): ( 600 ,  0 )
--------------------------------------------------
round  1, metrics=<sparse_categorical_accuracy=0.32100000977516174,loss=2.131563425064087>
14.8522 seconds
Tested. Sparse categorical accuracy: 13.33

round  2, metrics=<sparse_categorical_accuracy=0.2929166555404663,loss=2.0633177757263184>
14.3621 seconds
Tested. Sparse categorical accuracy: 0.00

round  3, metrics=<sparse_categorical_accuracy=0.3853333294391632,loss=1.9314926862716675>
13.3396 seconds
Tested. Sparse categorical accuracy: 26.67

round  4, metrics=<sparse_categorical_accuracy=0.528249979019165,loss=1.59015953540802>
13.3189 seconds
Tested. Sparse categorical accuracy: 73.33

round  5, metrics=<sparse_categorical_accuracy=0.7020833492279053,loss=1.0364993810653687>
13.3215 seconds
Tested. Sparse categorical accuracy: 86.67

round  6, metrics=<sparse_categorical_accuracy=0.7840833067893982,loss=0.7416142821311951>
13.7429 seconds
Tested. Sparse categorical accuracy: 93.33

6  rounds run
Average time per round: 13.00

2020-06-15 12:34:00.454180
