
TENSORFLOW USERS:
You must use the python3.6-anaconda/5.2.0 module to run TensorFlow.
See https://arc-ts.umich.edu/greatlakes/software/tensorflow for more
information.



The following have been reloaded with a version change:
  1) cuda/10.0.130 => cuda/10.1.105


Currently Loaded Modules:
  1) python3.7-anaconda/2019.07   2) cudnn/10.0-v7.6   3) cuda/10.1.105

 

mkdir: cannot create directory ‘results/7797850’: File exists
mkdir: cannot create directory ‘results/7797850/log’: File exists
Test  131
2020-06-15 12:04:36.057926


Schema 1: Each client partially IID
--------------------------------------------------
percent data distributed IID:  40
number of classes for non-IID data:  2
data points per client (mean, std dev): ( 600 ,  0 )
--------------------------------------------------
round  1, metrics=<sparse_categorical_accuracy=0.23766666650772095,loss=2.2207255363464355>
4.1350 seconds
Tested. Sparse categorical accuracy: 3.33

round  2, metrics=<sparse_categorical_accuracy=0.2630000114440918,loss=2.226170301437378>
4.2265 seconds
Tested. Sparse categorical accuracy: 15.00

round  3, metrics=<sparse_categorical_accuracy=0.33533334732055664,loss=2.165198802947998>
4.3540 seconds
Tested. Sparse categorical accuracy: 6.67

round  4, metrics=<sparse_categorical_accuracy=0.304666668176651,loss=2.174821138381958>
4.7151 seconds
Tested. Sparse categorical accuracy: 25.00

round  5, metrics=<sparse_categorical_accuracy=0.35100001096725464,loss=2.160074234008789>
4.0234 seconds
Tested. Sparse categorical accuracy: 6.67

round  6, metrics=<sparse_categorical_accuracy=0.3466666638851166,loss=2.02563738822937>
3.9999 seconds
Tested. Sparse categorical accuracy: 23.33

round  7, metrics=<sparse_categorical_accuracy=0.4620000123977661,loss=1.9435566663742065>
4.0412 seconds
Tested. Sparse categorical accuracy: 36.67

round  8, metrics=<sparse_categorical_accuracy=0.4490000009536743,loss=1.8598743677139282>
4.3104 seconds
Tested. Sparse categorical accuracy: 51.67

round  9, metrics=<sparse_categorical_accuracy=0.5569999814033508,loss=1.663424015045166>
4.7989 seconds
Tested. Sparse categorical accuracy: 46.67

round 10, metrics=<sparse_categorical_accuracy=0.5473333597183228,loss=1.5430649518966675>
4.4144 seconds
Tested. Sparse categorical accuracy: 56.67

round 11, metrics=<sparse_categorical_accuracy=0.6636666655540466,loss=1.0692745447158813>
3.9546 seconds
Tested. Sparse categorical accuracy: 63.33

round 12, metrics=<sparse_categorical_accuracy=0.722000002861023,loss=0.9099693298339844>
4.0885 seconds
Tested. Sparse categorical accuracy: 80.00

round 13, metrics=<sparse_categorical_accuracy=0.7110000252723694,loss=0.9182356595993042>
4.5409 seconds
Tested. Sparse categorical accuracy: 81.67

round 14, metrics=<sparse_categorical_accuracy=0.7369999885559082,loss=0.811429500579834>
4.2770 seconds
Tested. Sparse categorical accuracy: 61.67

round 15, metrics=<sparse_categorical_accuracy=0.8209999799728394,loss=0.6819690465927124>
4.2603 seconds
Tested. Sparse categorical accuracy: 68.33

round 16, metrics=<sparse_categorical_accuracy=0.8063333630561829,loss=0.8258993029594421>
4.1529 seconds
Tested. Sparse categorical accuracy: 88.33

round 17, metrics=<sparse_categorical_accuracy=0.8713333606719971,loss=0.5405385494232178>
3.8605 seconds
Tested. Sparse categorical accuracy: 76.67

round 18, metrics=<sparse_categorical_accuracy=0.8299999833106995,loss=0.5857043266296387>
3.9768 seconds
Tested. Sparse categorical accuracy: 80.00

round 19, metrics=<sparse_categorical_accuracy=0.8690000176429749,loss=0.4408540427684784>
4.8034 seconds
Tested. Sparse categorical accuracy: 88.33

round 20, metrics=<sparse_categorical_accuracy=0.7789999842643738,loss=0.6894446611404419>
4.5811 seconds
Tested. Sparse categorical accuracy: 92.50

round 21, metrics=<sparse_categorical_accuracy=0.8843333125114441,loss=0.4475039839744568>
4.3278 seconds
Tested. Sparse categorical accuracy: 98.33

round 22, metrics=<sparse_categorical_accuracy=0.9126666784286499,loss=0.2933870553970337>
4.0547 seconds
Tested. Sparse categorical accuracy: 88.33

round 23, metrics=<sparse_categorical_accuracy=0.9416666626930237,loss=0.2005060464143753>
4.4375 seconds
Tested. Sparse categorical accuracy: 75.00

round 24, metrics=<sparse_categorical_accuracy=0.8529999852180481,loss=0.5494332313537598>
4.1570 seconds
Tested. Sparse categorical accuracy: 100.00

24  rounds run
Average time per round: 4.00

2020-06-15 12:06:29.903220
