
TENSORFLOW USERS:
You must use the python3.6-anaconda/5.2.0 module to run TensorFlow.
See https://arc-ts.umich.edu/greatlakes/software/tensorflow for more
information.



The following have been reloaded with a version change:
  1) cuda/10.0.130 => cuda/10.1.105


Currently Loaded Modules:
  1) python3.7-anaconda/2019.07   2) cudnn/10.0-v7.6   3) cuda/10.1.105

 

mkdir: cannot create directory ‘results/7797850’: File exists
mkdir: cannot create directory ‘results/7797850/log’: File exists
Test  331
2020-06-15 12:36:32.378731


Schema 1: Each client partially IID
--------------------------------------------------
percent data distributed IID:  40
number of classes for non-IID data:  2
data points per client (mean, std dev): ( 600 ,  0 )
--------------------------------------------------
round  1, metrics=<sparse_categorical_accuracy=0.1926666647195816,loss=2.2083263397216797>
4.1599 seconds
Tested. Sparse categorical accuracy: 11.67

round  2, metrics=<sparse_categorical_accuracy=0.17866666615009308,loss=2.2399213314056396>
4.5548 seconds
Tested. Sparse categorical accuracy: 13.33

round  3, metrics=<sparse_categorical_accuracy=0.21199999749660492,loss=2.185309648513794>
4.8160 seconds
Tested. Sparse categorical accuracy: 13.33

round  4, metrics=<sparse_categorical_accuracy=0.3336666524410248,loss=2.2178096771240234>
4.3750 seconds
Tested. Sparse categorical accuracy: 15.00

round  5, metrics=<sparse_categorical_accuracy=0.29766666889190674,loss=2.1224288940429688>
4.6665 seconds
Tested. Sparse categorical accuracy: 40.00

round  6, metrics=<sparse_categorical_accuracy=0.3513333201408386,loss=2.07248854637146>
4.2291 seconds
Tested. Sparse categorical accuracy: 40.00

round  7, metrics=<sparse_categorical_accuracy=0.43533334136009216,loss=2.015004873275757>
4.3266 seconds
Tested. Sparse categorical accuracy: 38.33

round  8, metrics=<sparse_categorical_accuracy=0.4976666569709778,loss=1.7299929857254028>
4.7009 seconds
Tested. Sparse categorical accuracy: 70.00

round  9, metrics=<sparse_categorical_accuracy=0.5416666865348816,loss=1.6022686958312988>
4.1492 seconds
Tested. Sparse categorical accuracy: 60.00

round 10, metrics=<sparse_categorical_accuracy=0.6209999918937683,loss=1.3388006687164307>
4.4845 seconds
Tested. Sparse categorical accuracy: 58.33

round 11, metrics=<sparse_categorical_accuracy=0.5529999732971191,loss=1.4437510967254639>
4.0651 seconds
Tested. Sparse categorical accuracy: 78.33

round 12, metrics=<sparse_categorical_accuracy=0.624666690826416,loss=1.256499171257019>
3.9931 seconds
Tested. Sparse categorical accuracy: 81.67

round 13, metrics=<sparse_categorical_accuracy=0.731333315372467,loss=0.9189652800559998>
4.5784 seconds
Tested. Sparse categorical accuracy: 85.00

round 14, metrics=<sparse_categorical_accuracy=0.8583333492279053,loss=0.48484712839126587>
4.0664 seconds
Tested. Sparse categorical accuracy: 83.33

round 15, metrics=<sparse_categorical_accuracy=0.8339999914169312,loss=0.5498106479644775>
4.5655 seconds
Tested. Sparse categorical accuracy: 85.00

round 16, metrics=<sparse_categorical_accuracy=0.7886666655540466,loss=0.6801627278327942>
4.5205 seconds
Tested. Sparse categorical accuracy: 90.00

round 17, metrics=<sparse_categorical_accuracy=0.8293333053588867,loss=0.5514348745346069>
4.7149 seconds
Tested. Sparse categorical accuracy: 86.67

round 18, metrics=<sparse_categorical_accuracy=0.8646666407585144,loss=0.4444199204444885>
4.2806 seconds
Tested. Sparse categorical accuracy: 85.00

round 19, metrics=<sparse_categorical_accuracy=0.8946666717529297,loss=0.35244160890579224>
4.6252 seconds
Tested. Sparse categorical accuracy: 100.00

round 20, metrics=<sparse_categorical_accuracy=0.8423333168029785,loss=0.5845836400985718>
4.3899 seconds
Tested. Sparse categorical accuracy: 86.67

round 21, metrics=<sparse_categorical_accuracy=0.8836666941642761,loss=0.36549612879753113>
4.0989 seconds
Tested. Sparse categorical accuracy: 88.33

round 22, metrics=<sparse_categorical_accuracy=0.9179999828338623,loss=0.2660266160964966>
4.2464 seconds
Tested. Sparse categorical accuracy: 80.00

round 23, metrics=<sparse_categorical_accuracy=0.902999997138977,loss=0.30084943771362305>
4.5833 seconds
Tested. Sparse categorical accuracy: 90.00

round 24, metrics=<sparse_categorical_accuracy=0.8679999709129333,loss=0.4589996039867401>
4.1037 seconds
Tested. Sparse categorical accuracy: 100.00

24  rounds run
Average time per round: 4.00

2020-06-15 12:38:29.573768
