
TENSORFLOW USERS:
You must use the python3.6-anaconda/5.2.0 module to run TensorFlow.
See https://arc-ts.umich.edu/greatlakes/software/tensorflow for more
information.



The following have been reloaded with a version change:
  1) cuda/10.0.130 => cuda/10.1.105


Currently Loaded Modules:
  1) python3.7-anaconda/2019.07   2) cudnn/10.0-v7.6   3) cuda/10.1.105

 

mkdir: cannot create directory ‘results/7797850’: File exists
mkdir: cannot create directory ‘results/7797850/log’: File exists
Test  462
2020-06-15 12:56:45.961473


Schema 1: Each client partially IID
--------------------------------------------------
percent data distributed IID:  40
number of classes for non-IID data:  2
data points per client (mean, std dev): ( 600 ,  0 )
--------------------------------------------------
round  1, metrics=<sparse_categorical_accuracy=0.18966667354106903,loss=2.172157049179077>
7.0413 seconds
Tested. Sparse categorical accuracy: 13.33

round  2, metrics=<sparse_categorical_accuracy=0.24300000071525574,loss=2.158883810043335>
6.7936 seconds
Tested. Sparse categorical accuracy: 10.00

round  3, metrics=<sparse_categorical_accuracy=0.25600001215934753,loss=2.0971789360046387>
7.0640 seconds
Tested. Sparse categorical accuracy: 10.00

round  4, metrics=<sparse_categorical_accuracy=0.33933332562446594,loss=2.03494930267334>
6.8933 seconds
Tested. Sparse categorical accuracy: 23.33

round  5, metrics=<sparse_categorical_accuracy=0.4946666657924652,loss=1.692570447921753>
7.0568 seconds
Tested. Sparse categorical accuracy: 63.33

round  6, metrics=<sparse_categorical_accuracy=0.6054999828338623,loss=1.3584452867507935>
6.6985 seconds
Tested. Sparse categorical accuracy: 83.33

round  7, metrics=<sparse_categorical_accuracy=0.6978333592414856,loss=1.0466877222061157>
6.7515 seconds
Tested. Sparse categorical accuracy: 66.67

round  8, metrics=<sparse_categorical_accuracy=0.7296666502952576,loss=0.9481250047683716>
6.8466 seconds
Tested. Sparse categorical accuracy: 90.00

round  9, metrics=<sparse_categorical_accuracy=0.8190000057220459,loss=0.6829615235328674>
6.7995 seconds
Tested. Sparse categorical accuracy: 93.33

round 10, metrics=<sparse_categorical_accuracy=0.8479999899864197,loss=0.5427317023277283>
6.8643 seconds
Tested. Sparse categorical accuracy: 100.00

round 11, metrics=<sparse_categorical_accuracy=0.8939999938011169,loss=0.38167789578437805>
6.9307 seconds
Tested. Sparse categorical accuracy: 93.33

round 12, metrics=<sparse_categorical_accuracy=0.9020000100135803,loss=0.33747565746307373>
6.9450 seconds
Tested. Sparse categorical accuracy: 100.00

12  rounds run
Average time per round: 6.00

2020-06-15 12:58:17.864273
