
TENSORFLOW USERS:
You must use the python3.6-anaconda/5.2.0 module to run TensorFlow.
See https://arc-ts.umich.edu/greatlakes/software/tensorflow for more
information.



The following have been reloaded with a version change:
  1) cuda/10.0.130 => cuda/10.1.105


Currently Loaded Modules:
  1) python3.7-anaconda/2019.07   2) cudnn/10.0-v7.6   3) cuda/10.1.105

 

mkdir: cannot create directory ‘results/7797850’: File exists
mkdir: cannot create directory ‘results/7797850/log’: File exists
Test  5
2020-06-15 11:46:18.699411


Schema 1: Each client partially IID
--------------------------------------------------
percent data distributed IID:  40
number of classes for non-IID data:  2
data points per client (mean, std dev): ( 600 ,  0 )
--------------------------------------------------
round  1, metrics=<sparse_categorical_accuracy=0.36411112546920776,loss=1.8944685459136963>
27.7430 seconds
Tested. Sparse categorical accuracy: 0.00

round  2, metrics=<sparse_categorical_accuracy=0.5623888969421387,loss=1.4606528282165527>
27.4833 seconds
Tested. Sparse categorical accuracy: 100.00

round  3, metrics=<sparse_categorical_accuracy=0.7415000200271606,loss=0.8400874733924866>
28.9466 seconds
Tested. Sparse categorical accuracy: 50.00

round  4, metrics=<sparse_categorical_accuracy=0.8333888649940491,loss=0.5344135761260986>
23.8713 seconds
Tested. Sparse categorical accuracy: 90.00

4  rounds run
Average time per round: 27.00

2020-06-15 11:48:16.295282
