
TENSORFLOW USERS:
You must use the python3.6-anaconda/5.2.0 module to run TensorFlow.
See https://arc-ts.umich.edu/greatlakes/software/tensorflow for more
information.



The following have been reloaded with a version change:
  1) cuda/10.0.130 => cuda/10.1.105


Currently Loaded Modules:
  1) python3.7-anaconda/2019.07   2) cudnn/10.0-v7.6   3) cuda/10.1.105

 

mkdir: cannot create directory ‘results/7797850’: File exists
mkdir: cannot create directory ‘results/7797850/log’: File exists
Test  160
2020-06-15 12:09:45.862211


Schema 1: Each client partially IID
--------------------------------------------------
percent data distributed IID:  40
number of classes for non-IID data:  2
data points per client (mean, std dev): ( 600 ,  0 )
--------------------------------------------------
round  1, metrics=<sparse_categorical_accuracy=0.38555556535720825,loss=2.038437604904175>
22.9040 seconds
Tested. Sparse categorical accuracy: 0.00

round  2, metrics=<sparse_categorical_accuracy=0.4172777831554413,loss=1.8608795404434204>
21.8682 seconds
Tested. Sparse categorical accuracy: 50.00

round  3, metrics=<sparse_categorical_accuracy=0.6282222270965576,loss=1.2326966524124146>
22.0274 seconds
Tested. Sparse categorical accuracy: 70.00

round  4, metrics=<sparse_categorical_accuracy=0.7879999876022339,loss=0.7034157514572144>
21.4230 seconds
Tested. Sparse categorical accuracy: 100.00

4  rounds run
Average time per round: 22.00

2020-06-15 12:11:22.252664
