
TENSORFLOW USERS:
You must use the python3.6-anaconda/5.2.0 module to run TensorFlow.
See https://arc-ts.umich.edu/greatlakes/software/tensorflow for more
information.



The following have been reloaded with a version change:
  1) cuda/10.0.130 => cuda/10.1.105


Currently Loaded Modules:
  1) python3.7-anaconda/2019.07   2) cudnn/10.0-v7.6   3) cuda/10.1.105

 

mkdir: cannot create directory ‘results/7797850’: File exists
mkdir: cannot create directory ‘results/7797850/log’: File exists
Test  445
2020-06-15 12:53:43.032052


Schema 1: Each client partially IID
--------------------------------------------------
percent data distributed IID:  40
number of classes for non-IID data:  2
data points per client (mean, std dev): ( 600 ,  0 )
--------------------------------------------------
round  1, metrics=<sparse_categorical_accuracy=0.3936111032962799,loss=2.0174903869628906>
22.6787 seconds
Tested. Sparse categorical accuracy: 20.00

round  2, metrics=<sparse_categorical_accuracy=0.4603888988494873,loss=1.735154628753662>
21.4551 seconds
Tested. Sparse categorical accuracy: 60.00

round  3, metrics=<sparse_categorical_accuracy=0.6576666831970215,loss=1.1704047918319702>
21.3250 seconds
Tested. Sparse categorical accuracy: 50.00

round  4, metrics=<sparse_categorical_accuracy=0.8131666779518127,loss=0.6248367428779602>
21.3572 seconds
Tested. Sparse categorical accuracy: 100.00

4  rounds run
Average time per round: 21.00

2020-06-15 12:55:18.262593
