
TENSORFLOW USERS:
You must use the python3.6-anaconda/5.2.0 module to run TensorFlow.
See https://arc-ts.umich.edu/greatlakes/software/tensorflow for more
information.



The following have been reloaded with a version change:
  1) cuda/10.0.130 => cuda/10.1.105


Currently Loaded Modules:
  1) python3.7-anaconda/2019.07   2) cudnn/10.0-v7.6   3) cuda/10.1.105

 

mkdir: cannot create directory ‘results/7797850’: File exists
mkdir: cannot create directory ‘results/7797850/log’: File exists
Test  435
2020-06-15 12:52:46.264520


Schema 1: Each client partially IID
--------------------------------------------------
percent data distributed IID:  40
number of classes for non-IID data:  2
data points per client (mean, std dev): ( 600 ,  0 )
--------------------------------------------------
round  1, metrics=<sparse_categorical_accuracy=0.35294443368911743,loss=1.9519577026367188>
28.8471 seconds
Tested. Sparse categorical accuracy: 20.00

round  2, metrics=<sparse_categorical_accuracy=0.5330555438995361,loss=1.5135233402252197>
27.5480 seconds
Tested. Sparse categorical accuracy: 80.00

round  3, metrics=<sparse_categorical_accuracy=0.695111095905304,loss=0.9793701171875>
26.7327 seconds
Tested. Sparse categorical accuracy: 90.00

round  4, metrics=<sparse_categorical_accuracy=0.8444444537162781,loss=0.5376681685447693>
25.9547 seconds
Tested. Sparse categorical accuracy: 80.00

4  rounds run
Average time per round: 27.00

2020-06-15 12:54:43.756430
