
TENSORFLOW USERS:
You must use the python3.6-anaconda/5.2.0 module to run TensorFlow.
See https://arc-ts.umich.edu/greatlakes/software/tensorflow for more
information.



The following have been reloaded with a version change:
  1) cuda/10.0.130 => cuda/10.1.105


Currently Loaded Modules:
  1) python3.7-anaconda/2019.07   2) cudnn/10.0-v7.6   3) cuda/10.1.105

 

mkdir: cannot create directory ‘results/7797850’: File exists
mkdir: cannot create directory ‘results/7797850/log’: File exists
Test  101
2020-06-15 12:00:33.359347


Schema 1: Each client partially IID
--------------------------------------------------
percent data distributed IID:  40
number of classes for non-IID data:  2
data points per client (mean, std dev): ( 600 ,  0 )
--------------------------------------------------
round  1, metrics=<sparse_categorical_accuracy=0.07699999958276749,loss=2.200887441635132>
3.6604 seconds
Tested. Sparse categorical accuracy: 11.67

round  2, metrics=<sparse_categorical_accuracy=0.15933333337306976,loss=2.245849370956421>
3.5912 seconds
Tested. Sparse categorical accuracy: 15.00

round  3, metrics=<sparse_categorical_accuracy=0.24666666984558105,loss=2.1696810722351074>
3.5907 seconds
Tested. Sparse categorical accuracy: 6.67

round  4, metrics=<sparse_categorical_accuracy=0.2473333328962326,loss=2.233633041381836>
3.5953 seconds
Tested. Sparse categorical accuracy: 8.33

round  5, metrics=<sparse_categorical_accuracy=0.27000001072883606,loss=2.088186025619507>
3.6420 seconds
Tested. Sparse categorical accuracy: 35.00

round  6, metrics=<sparse_categorical_accuracy=0.37599998712539673,loss=2.0502638816833496>
3.5021 seconds
Tested. Sparse categorical accuracy: 28.33

round  7, metrics=<sparse_categorical_accuracy=0.44200000166893005,loss=1.9907764196395874>
3.5629 seconds
Tested. Sparse categorical accuracy: 28.33

round  8, metrics=<sparse_categorical_accuracy=0.35733333230018616,loss=1.9214438199996948>
3.5742 seconds
Tested. Sparse categorical accuracy: 43.33

round  9, metrics=<sparse_categorical_accuracy=0.4546666741371155,loss=1.7925752401351929>
3.5051 seconds
Tested. Sparse categorical accuracy: 50.00

round 10, metrics=<sparse_categorical_accuracy=0.6136666536331177,loss=1.360405445098877>
3.5934 seconds
Tested. Sparse categorical accuracy: 55.00

round 11, metrics=<sparse_categorical_accuracy=0.5503333210945129,loss=1.4347422122955322>
3.5616 seconds
Tested. Sparse categorical accuracy: 60.00

round 12, metrics=<sparse_categorical_accuracy=0.7263333201408386,loss=1.0063624382019043>
3.4747 seconds
Tested. Sparse categorical accuracy: 66.67

round 13, metrics=<sparse_categorical_accuracy=0.6340000033378601,loss=1.3232799768447876>
3.5864 seconds
Tested. Sparse categorical accuracy: 73.33

round 14, metrics=<sparse_categorical_accuracy=0.7823333144187927,loss=0.7474285364151001>
3.5737 seconds
Tested. Sparse categorical accuracy: 75.00

round 15, metrics=<sparse_categorical_accuracy=0.7823333144187927,loss=0.8456476330757141>
3.4305 seconds
Tested. Sparse categorical accuracy: 80.00

round 16, metrics=<sparse_categorical_accuracy=0.7753333449363708,loss=0.8094373941421509>
3.5564 seconds
Tested. Sparse categorical accuracy: 86.67

round 17, metrics=<sparse_categorical_accuracy=0.8893333077430725,loss=0.37117335200309753>
3.5747 seconds
Tested. Sparse categorical accuracy: 81.67

round 18, metrics=<sparse_categorical_accuracy=0.7853333353996277,loss=0.8937620520591736>
3.4302 seconds
Tested. Sparse categorical accuracy: 80.00

round 19, metrics=<sparse_categorical_accuracy=0.918666660785675,loss=0.33503812551498413>
3.5520 seconds
Tested. Sparse categorical accuracy: 96.67

round 20, metrics=<sparse_categorical_accuracy=0.8830000162124634,loss=0.37539559602737427>
3.5802 seconds
Tested. Sparse categorical accuracy: 95.00

round 21, metrics=<sparse_categorical_accuracy=0.8766666650772095,loss=0.44438397884368896>
3.4657 seconds
Tested. Sparse categorical accuracy: 91.67

round 22, metrics=<sparse_categorical_accuracy=0.8209999799728394,loss=0.6819415092468262>
3.5505 seconds
Tested. Sparse categorical accuracy: 98.33

round 23, metrics=<sparse_categorical_accuracy=0.9409999847412109,loss=0.24986572563648224>
3.5858 seconds
Tested. Sparse categorical accuracy: 93.33

round 24, metrics=<sparse_categorical_accuracy=0.8970000147819519,loss=0.3316321074962616>
3.4045 seconds
Tested. Sparse categorical accuracy: 95.00

24  rounds run
Average time per round: 3.00

2020-06-15 12:02:08.784043
