
TENSORFLOW USERS:
You must use the python3.6-anaconda/5.2.0 module to run TensorFlow.
See https://arc-ts.umich.edu/greatlakes/software/tensorflow for more
information.



The following have been reloaded with a version change:
  1) cuda/10.0.130 => cuda/10.1.105


Currently Loaded Modules:
  1) python3.7-anaconda/2019.07   2) cudnn/10.0-v7.6   3) cuda/10.1.105

 

mkdir: cannot create directory ‘results/7797850’: File exists
mkdir: cannot create directory ‘results/7797850/log’: File exists
Test  64
2020-06-15 11:54:28.032640


Schema 1: Each client partially IID
--------------------------------------------------
percent data distributed IID:  40
number of classes for non-IID data:  2
data points per client (mean, std dev): ( 600 ,  0 )
--------------------------------------------------
round  1, metrics=<sparse_categorical_accuracy=0.33941665291786194,loss=2.13161563873291>
16.0636 seconds
Tested. Sparse categorical accuracy: 26.67

round  2, metrics=<sparse_categorical_accuracy=0.3761666715145111,loss=2.0504472255706787>
15.2605 seconds
Tested. Sparse categorical accuracy: 0.00

round  3, metrics=<sparse_categorical_accuracy=0.4194999933242798,loss=1.8772192001342773>
15.6576 seconds
Tested. Sparse categorical accuracy: 86.67

round  4, metrics=<sparse_categorical_accuracy=0.5941666960716248,loss=1.3649441003799438>
14.1228 seconds
Tested. Sparse categorical accuracy: 66.67

round  5, metrics=<sparse_categorical_accuracy=0.734416663646698,loss=0.9040681719779968>
14.5879 seconds
Tested. Sparse categorical accuracy: 86.67

round  6, metrics=<sparse_categorical_accuracy=0.8221666812896729,loss=0.6109695434570312>
15.1838 seconds
Tested. Sparse categorical accuracy: 93.33

6  rounds run
Average time per round: 15.00

2020-06-15 11:56:07.966662
