
TENSORFLOW USERS:
You must use the python3.6-anaconda/5.2.0 module to run TensorFlow.
See https://arc-ts.umich.edu/greatlakes/software/tensorflow for more
information.



The following have been reloaded with a version change:
  1) cuda/10.0.130 => cuda/10.1.105


Currently Loaded Modules:
  1) python3.7-anaconda/2019.07   2) cudnn/10.0-v7.6   3) cuda/10.1.105

 

mkdir: cannot create directory ‘results/7797850’: File exists
mkdir: cannot create directory ‘results/7797850/log’: File exists
Test  259
2020-06-15 12:24:46.874283


Schema 1: Each client partially IID
--------------------------------------------------
percent data distributed IID:  40
number of classes for non-IID data:  2
data points per client (mean, std dev): ( 600 ,  0 )
--------------------------------------------------
round  1, metrics=<sparse_categorical_accuracy=0.2966666519641876,loss=2.089647054672241>
14.9950 seconds
Tested. Sparse categorical accuracy: 33.33

round  2, metrics=<sparse_categorical_accuracy=0.30674999952316284,loss=2.0464303493499756>
14.1838 seconds
Tested. Sparse categorical accuracy: 26.67

round  3, metrics=<sparse_categorical_accuracy=0.40683332085609436,loss=1.8598427772521973>
13.8935 seconds
Tested. Sparse categorical accuracy: 20.00

round  4, metrics=<sparse_categorical_accuracy=0.5848333239555359,loss=1.394037127494812>
14.4500 seconds
Tested. Sparse categorical accuracy: 73.33

round  5, metrics=<sparse_categorical_accuracy=0.7271666526794434,loss=0.8912368416786194>
13.7105 seconds
Tested. Sparse categorical accuracy: 93.33

round  6, metrics=<sparse_categorical_accuracy=0.8148333430290222,loss=0.6225477457046509>
14.6336 seconds
Tested. Sparse categorical accuracy: 93.33

6  rounds run
Average time per round: 14.00

2020-06-15 12:26:21.253578
