
TENSORFLOW USERS:
You must use the python3.6-anaconda/5.2.0 module to run TensorFlow.
See https://arc-ts.umich.edu/greatlakes/software/tensorflow for more
information.



The following have been reloaded with a version change:
  1) cuda/10.0.130 => cuda/10.1.105


Currently Loaded Modules:
  1) python3.7-anaconda/2019.07   2) cudnn/10.0-v7.6   3) cuda/10.1.105

 

mkdir: cannot create directory ‘results/7797850’: File exists
mkdir: cannot create directory ‘results/7797850/log’: File exists
Test  56
2020-06-15 11:54:27.263849


Schema 1: Each client partially IID
--------------------------------------------------
percent data distributed IID:  40
number of classes for non-IID data:  2
data points per client (mean, std dev): ( 600 ,  0 )
--------------------------------------------------
round  1, metrics=<sparse_categorical_accuracy=0.21166667342185974,loss=2.1858298778533936>
3.7779 seconds
Tested. Sparse categorical accuracy: 15.00

round  2, metrics=<sparse_categorical_accuracy=0.18466666340827942,loss=2.3060665130615234>
4.0805 seconds
Tested. Sparse categorical accuracy: 15.00

round  3, metrics=<sparse_categorical_accuracy=0.1809999942779541,loss=2.220953941345215>
3.5834 seconds
Tested. Sparse categorical accuracy: 10.00

round  4, metrics=<sparse_categorical_accuracy=0.12033333629369736,loss=2.2558653354644775>
3.8174 seconds
Tested. Sparse categorical accuracy: 6.67

round  5, metrics=<sparse_categorical_accuracy=0.19433332979679108,loss=2.2081239223480225>
3.8778 seconds
Tested. Sparse categorical accuracy: 5.00

round  6, metrics=<sparse_categorical_accuracy=0.21533332765102386,loss=2.1571850776672363>
3.8971 seconds
Tested. Sparse categorical accuracy: 13.33

round  7, metrics=<sparse_categorical_accuracy=0.23866666853427887,loss=2.1394169330596924>
3.9505 seconds
Tested. Sparse categorical accuracy: 11.67

round  8, metrics=<sparse_categorical_accuracy=0.2643333375453949,loss=2.098794460296631>
3.8504 seconds
Tested. Sparse categorical accuracy: 21.67

round  9, metrics=<sparse_categorical_accuracy=0.35499998927116394,loss=1.9405534267425537>
3.6798 seconds
Tested. Sparse categorical accuracy: 31.67

round 10, metrics=<sparse_categorical_accuracy=0.3700000047683716,loss=2.0414671897888184>
4.1029 seconds
Tested. Sparse categorical accuracy: 18.33

round 11, metrics=<sparse_categorical_accuracy=0.36399999260902405,loss=1.9231709241867065>
3.7335 seconds
Tested. Sparse categorical accuracy: 38.33

round 12, metrics=<sparse_categorical_accuracy=0.367000013589859,loss=1.7884035110473633>
3.7886 seconds
Tested. Sparse categorical accuracy: 66.67

round 13, metrics=<sparse_categorical_accuracy=0.6043333411216736,loss=1.4103002548217773>
3.5980 seconds
Tested. Sparse categorical accuracy: 61.67

round 14, metrics=<sparse_categorical_accuracy=0.6269999742507935,loss=1.2417116165161133>
3.6063 seconds
Tested. Sparse categorical accuracy: 70.00

round 15, metrics=<sparse_categorical_accuracy=0.6016666889190674,loss=1.3830162286758423>
3.8161 seconds
Tested. Sparse categorical accuracy: 65.00

round 16, metrics=<sparse_categorical_accuracy=0.6543333530426025,loss=1.0380312204360962>
3.8113 seconds
Tested. Sparse categorical accuracy: 63.33

round 17, metrics=<sparse_categorical_accuracy=0.7366666793823242,loss=0.849274754524231>
3.5645 seconds
Tested. Sparse categorical accuracy: 88.33

round 18, metrics=<sparse_categorical_accuracy=0.7776666879653931,loss=0.6907005310058594>
3.6454 seconds
Tested. Sparse categorical accuracy: 100.00

round 19, metrics=<sparse_categorical_accuracy=0.7829999923706055,loss=0.854543924331665>
4.0357 seconds
Tested. Sparse categorical accuracy: 81.67

round 20, metrics=<sparse_categorical_accuracy=0.8433333039283752,loss=0.5341293215751648>
3.8871 seconds
Tested. Sparse categorical accuracy: 90.00

round 21, metrics=<sparse_categorical_accuracy=0.8026666641235352,loss=0.6574506759643555>
3.7965 seconds
Tested. Sparse categorical accuracy: 98.33

round 22, metrics=<sparse_categorical_accuracy=0.7726666927337646,loss=0.7869714498519897>
3.7426 seconds
Tested. Sparse categorical accuracy: 98.33

round 23, metrics=<sparse_categorical_accuracy=0.8740000128746033,loss=0.43002262711524963>
3.6969 seconds
Tested. Sparse categorical accuracy: 86.67

round 24, metrics=<sparse_categorical_accuracy=0.887666642665863,loss=0.3649170696735382>
3.6612 seconds
Tested. Sparse categorical accuracy: 96.67

24  rounds run
Average time per round: 3.00

2020-06-15 11:56:09.069398
