
TENSORFLOW USERS:
You must use the python3.6-anaconda/5.2.0 module to run TensorFlow.
See https://arc-ts.umich.edu/greatlakes/software/tensorflow for more
information.



The following have been reloaded with a version change:
  1) cuda/10.0.130 => cuda/10.1.105


Currently Loaded Modules:
  1) python3.7-anaconda/2019.07   2) cudnn/10.0-v7.6   3) cuda/10.1.105

 

mkdir: cannot create directory ‘results/7797850’: File exists
mkdir: cannot create directory ‘results/7797850/log’: File exists
Test  411
2020-06-15 12:48:42.276410


Schema 1: Each client partially IID
--------------------------------------------------
percent data distributed IID:  40
number of classes for non-IID data:  2
data points per client (mean, std dev): ( 600 ,  0 )
--------------------------------------------------
round  1, metrics=<sparse_categorical_accuracy=0.33533334732055664,loss=2.19728946685791>
3.7759 seconds
Tested. Sparse categorical accuracy: 3.33

round  2, metrics=<sparse_categorical_accuracy=0.45533332228660583,loss=2.5148723125457764>
3.8486 seconds
Tested. Sparse categorical accuracy: 15.00

round  3, metrics=<sparse_categorical_accuracy=0.20633333921432495,loss=2.253472328186035>
3.7377 seconds
Tested. Sparse categorical accuracy: 11.67

round  4, metrics=<sparse_categorical_accuracy=0.23766666650772095,loss=2.2437915802001953>
3.7885 seconds
Tested. Sparse categorical accuracy: 15.00

round  5, metrics=<sparse_categorical_accuracy=0.18433333933353424,loss=2.263658285140991>
3.8009 seconds
Tested. Sparse categorical accuracy: 13.33

round  6, metrics=<sparse_categorical_accuracy=0.3240000009536743,loss=2.2696754932403564>
3.8382 seconds
Tested. Sparse categorical accuracy: 15.00

round  7, metrics=<sparse_categorical_accuracy=0.2630000114440918,loss=2.2475273609161377>
3.7824 seconds
Tested. Sparse categorical accuracy: 16.67

round  8, metrics=<sparse_categorical_accuracy=0.2540000081062317,loss=2.2003602981567383>
3.7171 seconds
Tested. Sparse categorical accuracy: 11.67

round  9, metrics=<sparse_categorical_accuracy=0.2836666703224182,loss=2.200197219848633>
3.6269 seconds
Tested. Sparse categorical accuracy: 8.33

round 10, metrics=<sparse_categorical_accuracy=0.24033333361148834,loss=2.185142993927002>
3.6385 seconds
Tested. Sparse categorical accuracy: 5.00

round 11, metrics=<sparse_categorical_accuracy=0.27566665410995483,loss=2.2181060314178467>
3.7513 seconds
Tested. Sparse categorical accuracy: 10.00

round 12, metrics=<sparse_categorical_accuracy=0.29600000381469727,loss=2.1494085788726807>
3.7349 seconds
Tested. Sparse categorical accuracy: 11.67

round 13, metrics=<sparse_categorical_accuracy=0.351666659116745,loss=2.126801013946533>
3.6350 seconds
Tested. Sparse categorical accuracy: 11.67

round 14, metrics=<sparse_categorical_accuracy=0.3243333399295807,loss=2.089019298553467>
3.7343 seconds
Tested. Sparse categorical accuracy: 40.00

round 15, metrics=<sparse_categorical_accuracy=0.4163333475589752,loss=2.093773126602173>
3.6472 seconds
Tested. Sparse categorical accuracy: 10.00

round 16, metrics=<sparse_categorical_accuracy=0.3956666588783264,loss=1.9805752038955688>
3.7309 seconds
Tested. Sparse categorical accuracy: 21.67

round 17, metrics=<sparse_categorical_accuracy=0.4729999899864197,loss=1.941482424736023>
3.7527 seconds
Tested. Sparse categorical accuracy: 25.00

round 18, metrics=<sparse_categorical_accuracy=0.3863333463668823,loss=1.9536967277526855>
3.7145 seconds
Tested. Sparse categorical accuracy: 38.33

round 19, metrics=<sparse_categorical_accuracy=0.42800000309944153,loss=1.7115671634674072>
3.7639 seconds
Tested. Sparse categorical accuracy: 33.33

round 20, metrics=<sparse_categorical_accuracy=0.4933333396911621,loss=1.696024775505066>
3.7574 seconds
Tested. Sparse categorical accuracy: 50.00

round 21, metrics=<sparse_categorical_accuracy=0.574999988079071,loss=1.269022822380066>
3.6997 seconds
Tested. Sparse categorical accuracy: 71.67

round 22, metrics=<sparse_categorical_accuracy=0.606333315372467,loss=1.2405492067337036>
3.7446 seconds
Tested. Sparse categorical accuracy: 61.67

round 23, metrics=<sparse_categorical_accuracy=0.6673333048820496,loss=1.0247119665145874>
3.7838 seconds
Tested. Sparse categorical accuracy: 76.67

round 24, metrics=<sparse_categorical_accuracy=0.7889999747276306,loss=0.7364493608474731>
3.6581 seconds
Tested. Sparse categorical accuracy: 75.00

24  rounds run
Average time per round: 3.00

2020-06-15 12:50:22.411964
