
TENSORFLOW USERS:
You must use the python3.6-anaconda/5.2.0 module to run TensorFlow.
See https://arc-ts.umich.edu/greatlakes/software/tensorflow for more
information.



The following have been reloaded with a version change:
  1) cuda/10.0.130 => cuda/10.1.105


Currently Loaded Modules:
  1) python3.7-anaconda/2019.07   2) cudnn/10.0-v7.6   3) cuda/10.1.105

 

mkdir: cannot create directory ‘results/7797850’: File exists
mkdir: cannot create directory ‘results/7797850/log’: File exists
Test  42
2020-06-15 11:50:24.480487


Schema 1: Each client partially IID
--------------------------------------------------
percent data distributed IID:  40
number of classes for non-IID data:  2
data points per client (mean, std dev): ( 600 ,  0 )
--------------------------------------------------
round  1, metrics=<sparse_categorical_accuracy=0.26866665482521057,loss=2.282362222671509>
7.4520 seconds
Tested. Sparse categorical accuracy: 10.00

round  2, metrics=<sparse_categorical_accuracy=0.23383332788944244,loss=2.1993672847747803>
6.6913 seconds
Tested. Sparse categorical accuracy: 3.33

round  3, metrics=<sparse_categorical_accuracy=0.24400000274181366,loss=2.18286395072937>
6.8565 seconds
Tested. Sparse categorical accuracy: 20.00

round  4, metrics=<sparse_categorical_accuracy=0.265500009059906,loss=2.149493932723999>
6.8830 seconds
Tested. Sparse categorical accuracy: 6.67

round  5, metrics=<sparse_categorical_accuracy=0.25433334708213806,loss=2.122300863265991>
6.9756 seconds
Tested. Sparse categorical accuracy: 6.67

round  6, metrics=<sparse_categorical_accuracy=0.2809999883174896,loss=2.0255889892578125>
6.5725 seconds
Tested. Sparse categorical accuracy: 13.33

round  7, metrics=<sparse_categorical_accuracy=0.33816665410995483,loss=1.9973875284194946>
6.9692 seconds
Tested. Sparse categorical accuracy: 23.33

round  8, metrics=<sparse_categorical_accuracy=0.43283334374427795,loss=1.766095757484436>
6.7434 seconds
Tested. Sparse categorical accuracy: 23.33

round  9, metrics=<sparse_categorical_accuracy=0.593666672706604,loss=1.4808833599090576>
7.1394 seconds
Tested. Sparse categorical accuracy: 63.33

round 10, metrics=<sparse_categorical_accuracy=0.6371666789054871,loss=1.2544220685958862>
6.9332 seconds
Tested. Sparse categorical accuracy: 73.33

round 11, metrics=<sparse_categorical_accuracy=0.765500009059906,loss=0.741375744342804>
6.8194 seconds
Tested. Sparse categorical accuracy: 90.00

round 12, metrics=<sparse_categorical_accuracy=0.7450000047683716,loss=0.8692029714584351>
7.1042 seconds
Tested. Sparse categorical accuracy: 100.00

12  rounds run
Average time per round: 6.00

2020-06-15 11:51:56.931173
