
TENSORFLOW USERS:
You must use the python3.6-anaconda/5.2.0 module to run TensorFlow.
See https://arc-ts.umich.edu/greatlakes/software/tensorflow for more
information.



The following have been reloaded with a version change:
  1) cuda/10.0.130 => cuda/10.1.105


Currently Loaded Modules:
  1) python3.7-anaconda/2019.07   2) cudnn/10.0-v7.6   3) cuda/10.1.105

 

mkdir: cannot create directory ‘results/7797850’: File exists
mkdir: cannot create directory ‘results/7797850/log’: File exists
Test  76
2020-06-15 11:56:29.908373


Schema 1: Each client partially IID
--------------------------------------------------
percent data distributed IID:  40
number of classes for non-IID data:  2
data points per client (mean, std dev): ( 600 ,  0 )
--------------------------------------------------
round  1, metrics=<sparse_categorical_accuracy=0.21966665983200073,loss=2.233485460281372>
4.3899 seconds
Tested. Sparse categorical accuracy: 10.00

round  2, metrics=<sparse_categorical_accuracy=0.1393333375453949,loss=2.2200212478637695>
4.7780 seconds
Tested. Sparse categorical accuracy: 16.67

round  3, metrics=<sparse_categorical_accuracy=0.20733332633972168,loss=2.18969464302063>
4.1900 seconds
Tested. Sparse categorical accuracy: 8.33

round  4, metrics=<sparse_categorical_accuracy=0.26499998569488525,loss=2.2368876934051514>
4.0621 seconds
Tested. Sparse categorical accuracy: 18.33

round  5, metrics=<sparse_categorical_accuracy=0.23800000548362732,loss=2.1594338417053223>
4.4119 seconds
Tested. Sparse categorical accuracy: 50.00

round  6, metrics=<sparse_categorical_accuracy=0.4833333194255829,loss=2.0034401416778564>
4.4102 seconds
Tested. Sparse categorical accuracy: 38.33

round  7, metrics=<sparse_categorical_accuracy=0.2913333475589752,loss=2.0962893962860107>
4.2023 seconds
Tested. Sparse categorical accuracy: 33.33

round  8, metrics=<sparse_categorical_accuracy=0.4976666569709778,loss=1.7241519689559937>
4.3888 seconds
Tested. Sparse categorical accuracy: 40.00

round  9, metrics=<sparse_categorical_accuracy=0.45533332228660583,loss=1.888314962387085>
4.0917 seconds
Tested. Sparse categorical accuracy: 43.33

round 10, metrics=<sparse_categorical_accuracy=0.5376666784286499,loss=1.4916173219680786>
4.2850 seconds
Tested. Sparse categorical accuracy: 56.67

round 11, metrics=<sparse_categorical_accuracy=0.6003333330154419,loss=1.3751072883605957>
4.0022 seconds
Tested. Sparse categorical accuracy: 63.33

round 12, metrics=<sparse_categorical_accuracy=0.628333330154419,loss=1.3235766887664795>
3.9071 seconds
Tested. Sparse categorical accuracy: 66.67

round 13, metrics=<sparse_categorical_accuracy=0.5863333344459534,loss=1.4799197912216187>
4.2607 seconds
Tested. Sparse categorical accuracy: 90.00

round 14, metrics=<sparse_categorical_accuracy=0.6203333139419556,loss=1.2662129402160645>
4.3724 seconds
Tested. Sparse categorical accuracy: 68.33

round 15, metrics=<sparse_categorical_accuracy=0.6983333230018616,loss=1.0586369037628174>
3.7110 seconds
Tested. Sparse categorical accuracy: 75.00

round 16, metrics=<sparse_categorical_accuracy=0.7609999775886536,loss=0.8952451348304749>
4.0078 seconds
Tested. Sparse categorical accuracy: 88.33

round 17, metrics=<sparse_categorical_accuracy=0.8336666822433472,loss=0.5497739911079407>
4.0623 seconds
Tested. Sparse categorical accuracy: 96.67

round 18, metrics=<sparse_categorical_accuracy=0.8503333330154419,loss=0.5169091820716858>
3.9925 seconds
Tested. Sparse categorical accuracy: 96.67

round 19, metrics=<sparse_categorical_accuracy=0.7136666774749756,loss=1.024716854095459>
4.2114 seconds
Tested. Sparse categorical accuracy: 96.67

round 20, metrics=<sparse_categorical_accuracy=0.6859999895095825,loss=1.0900850296020508>
4.2064 seconds
Tested. Sparse categorical accuracy: 95.00

round 21, metrics=<sparse_categorical_accuracy=0.8676666617393494,loss=0.49993896484375>
4.1224 seconds
Tested. Sparse categorical accuracy: 85.00

round 22, metrics=<sparse_categorical_accuracy=0.8889999985694885,loss=0.3803951144218445>
4.2673 seconds
Tested. Sparse categorical accuracy: 95.00

round 23, metrics=<sparse_categorical_accuracy=0.8863333463668823,loss=0.3791258931159973>
4.4300 seconds
Tested. Sparse categorical accuracy: 90.00

round 24, metrics=<sparse_categorical_accuracy=0.9356666803359985,loss=0.22266355156898499>
4.3144 seconds
Tested. Sparse categorical accuracy: 95.00

24  rounds run
Average time per round: 4.00

2020-06-15 11:58:22.285844
