
TENSORFLOW USERS:
You must use the python3.6-anaconda/5.2.0 module to run TensorFlow.
See https://arc-ts.umich.edu/greatlakes/software/tensorflow for more
information.



The following have been reloaded with a version change:
  1) cuda/10.0.130 => cuda/10.1.105


Currently Loaded Modules:
  1) python3.7-anaconda/2019.07   2) cudnn/10.0-v7.6   3) cuda/10.1.105

 

mkdir: cannot create directory ‘results/7797850’: File exists
mkdir: cannot create directory ‘results/7797850/log’: File exists
Test  292
2020-06-15 12:30:27.664221


Schema 1: Each client partially IID
--------------------------------------------------
percent data distributed IID:  40
number of classes for non-IID data:  2
data points per client (mean, std dev): ( 600 ,  0 )
--------------------------------------------------
round  1, metrics=<sparse_categorical_accuracy=0.3426666557788849,loss=2.163926362991333>
7.0807 seconds
Tested. Sparse categorical accuracy: 3.33

round  2, metrics=<sparse_categorical_accuracy=0.27683332562446594,loss=2.167884111404419>
7.0379 seconds
Tested. Sparse categorical accuracy: 6.67

round  3, metrics=<sparse_categorical_accuracy=0.28983333706855774,loss=2.179556131362915>
7.1300 seconds
Tested. Sparse categorical accuracy: 13.33

round  4, metrics=<sparse_categorical_accuracy=0.27683332562446594,loss=2.1307222843170166>
6.8274 seconds
Tested. Sparse categorical accuracy: 6.67

round  5, metrics=<sparse_categorical_accuracy=0.2448333352804184,loss=2.123520612716675>
7.1306 seconds
Tested. Sparse categorical accuracy: 20.00

round  6, metrics=<sparse_categorical_accuracy=0.28066667914390564,loss=2.0776779651641846>
7.1136 seconds
Tested. Sparse categorical accuracy: 23.33

round  7, metrics=<sparse_categorical_accuracy=0.3581666648387909,loss=1.9670705795288086>
6.7821 seconds
Tested. Sparse categorical accuracy: 46.67

round  8, metrics=<sparse_categorical_accuracy=0.484333336353302,loss=1.7610365152359009>
6.8273 seconds
Tested. Sparse categorical accuracy: 56.67

round  9, metrics=<sparse_categorical_accuracy=0.5828333497047424,loss=1.411281704902649>
6.7398 seconds
Tested. Sparse categorical accuracy: 56.67

round 10, metrics=<sparse_categorical_accuracy=0.6324999928474426,loss=1.1567211151123047>
6.7165 seconds
Tested. Sparse categorical accuracy: 76.67

round 11, metrics=<sparse_categorical_accuracy=0.7235000133514404,loss=0.9231072664260864>
7.1268 seconds
Tested. Sparse categorical accuracy: 80.00

round 12, metrics=<sparse_categorical_accuracy=0.8195000290870667,loss=0.6694332361221313>
7.0337 seconds
Tested. Sparse categorical accuracy: 90.00

12  rounds run
Average time per round: 6.00

2020-06-15 12:32:00.948743
