
TENSORFLOW USERS:
You must use the python3.6-anaconda/5.2.0 module to run TensorFlow.
See https://arc-ts.umich.edu/greatlakes/software/tensorflow for more
information.



The following have been reloaded with a version change:
  1) cuda/10.0.130 => cuda/10.1.105


Currently Loaded Modules:
  1) python3.7-anaconda/2019.07   2) cudnn/10.0-v7.6   3) cuda/10.1.105

 

mkdir: cannot create directory ‘results/7797850’: File exists
mkdir: cannot create directory ‘results/7797850/log’: File exists
Test  491
2020-06-15 13:00:46.887869


Schema 1: Each client partially IID
--------------------------------------------------
percent data distributed IID:  40
number of classes for non-IID data:  2
data points per client (mean, std dev): ( 600 ,  0 )
--------------------------------------------------
round  1, metrics=<sparse_categorical_accuracy=0.16066665947437286,loss=2.247075080871582>
4.3452 seconds
Tested. Sparse categorical accuracy: 16.67

round  2, metrics=<sparse_categorical_accuracy=0.23666666448116302,loss=2.2322516441345215>
4.6887 seconds
Tested. Sparse categorical accuracy: 8.33

round  3, metrics=<sparse_categorical_accuracy=0.22100000083446503,loss=2.200181245803833>
4.3857 seconds
Tested. Sparse categorical accuracy: 10.00

round  4, metrics=<sparse_categorical_accuracy=0.13300000131130219,loss=2.1905760765075684>
4.3625 seconds
Tested. Sparse categorical accuracy: 6.67

round  5, metrics=<sparse_categorical_accuracy=0.2226666659116745,loss=2.239408493041992>
4.1740 seconds
Tested. Sparse categorical accuracy: 16.67

round  6, metrics=<sparse_categorical_accuracy=0.2930000126361847,loss=2.130354881286621>
4.4866 seconds
Tested. Sparse categorical accuracy: 35.00

round  7, metrics=<sparse_categorical_accuracy=0.3310000002384186,loss=2.0822136402130127>
4.1980 seconds
Tested. Sparse categorical accuracy: 26.67

round  8, metrics=<sparse_categorical_accuracy=0.3696666657924652,loss=2.0297963619232178>
4.4131 seconds
Tested. Sparse categorical accuracy: 48.33

round  9, metrics=<sparse_categorical_accuracy=0.5533333420753479,loss=1.7292920351028442>
4.6080 seconds
Tested. Sparse categorical accuracy: 48.33

round 10, metrics=<sparse_categorical_accuracy=0.4976666569709778,loss=1.7601736783981323>
4.5747 seconds
Tested. Sparse categorical accuracy: 75.00

round 11, metrics=<sparse_categorical_accuracy=0.6203333139419556,loss=1.3375908136367798>
4.3958 seconds
Tested. Sparse categorical accuracy: 75.00

round 12, metrics=<sparse_categorical_accuracy=0.7149999737739563,loss=1.0035552978515625>
4.4278 seconds
Tested. Sparse categorical accuracy: 58.33

round 13, metrics=<sparse_categorical_accuracy=0.6610000133514404,loss=1.074630856513977>
4.2275 seconds
Tested. Sparse categorical accuracy: 93.33

round 14, metrics=<sparse_categorical_accuracy=0.7170000076293945,loss=1.1055339574813843>
4.4560 seconds
Tested. Sparse categorical accuracy: 86.67

round 15, metrics=<sparse_categorical_accuracy=0.7606666684150696,loss=0.7700133323669434>
4.4193 seconds
Tested. Sparse categorical accuracy: 81.67

round 16, metrics=<sparse_categorical_accuracy=0.8460000157356262,loss=0.5115433931350708>
4.6321 seconds
Tested. Sparse categorical accuracy: 83.33

round 17, metrics=<sparse_categorical_accuracy=0.8703333139419556,loss=0.44180208444595337>
4.3130 seconds
Tested. Sparse categorical accuracy: 83.33

round 18, metrics=<sparse_categorical_accuracy=0.7903333306312561,loss=0.6923505663871765>
4.5525 seconds
Tested. Sparse categorical accuracy: 83.33

round 19, metrics=<sparse_categorical_accuracy=0.8769999742507935,loss=0.40374311804771423>
4.4144 seconds
Tested. Sparse categorical accuracy: 96.67

round 20, metrics=<sparse_categorical_accuracy=0.8446666598320007,loss=0.517133355140686>
4.1218 seconds
Tested. Sparse categorical accuracy: 83.33

round 21, metrics=<sparse_categorical_accuracy=0.8646666407585144,loss=0.41840288043022156>
4.4235 seconds
Tested. Sparse categorical accuracy: 83.33

round 22, metrics=<sparse_categorical_accuracy=0.8633333444595337,loss=0.46720826625823975>
4.3697 seconds
Tested. Sparse categorical accuracy: 91.67

round 23, metrics=<sparse_categorical_accuracy=0.9203333258628845,loss=0.2643207311630249>
4.2550 seconds
Tested. Sparse categorical accuracy: 95.00

round 24, metrics=<sparse_categorical_accuracy=0.9200000166893005,loss=0.24626731872558594>
4.3761 seconds
Tested. Sparse categorical accuracy: 95.00

24  rounds run
Average time per round: 4.00

2020-06-15 13:02:44.243093
