
TENSORFLOW USERS:
You must use the python3.6-anaconda/5.2.0 module to run TensorFlow.
See https://arc-ts.umich.edu/greatlakes/software/tensorflow for more
information.



The following have been reloaded with a version change:
  1) cuda/10.0.130 => cuda/10.1.105


Currently Loaded Modules:
  1) python3.7-anaconda/2019.07   2) cudnn/10.0-v7.6   3) cuda/10.1.105

 

mkdir: cannot create directory ‘results/7797850’: File exists
mkdir: cannot create directory ‘results/7797850/log’: File exists
Test  251
2020-06-15 12:24:22.982616


Schema 1: Each client partially IID
--------------------------------------------------
percent data distributed IID:  40
number of classes for non-IID data:  2
data points per client (mean, std dev): ( 600 ,  0 )
--------------------------------------------------
round  1, metrics=<sparse_categorical_accuracy=0.1653333306312561,loss=2.221040964126587>
3.7624 seconds
Tested. Sparse categorical accuracy: 15.00

round  2, metrics=<sparse_categorical_accuracy=0.1809999942779541,loss=2.2544097900390625>
3.8786 seconds
Tested. Sparse categorical accuracy: 6.67

round  3, metrics=<sparse_categorical_accuracy=0.10999999940395355,loss=2.261352300643921>
3.8734 seconds
Tested. Sparse categorical accuracy: 11.67

round  4, metrics=<sparse_categorical_accuracy=0.2709999978542328,loss=2.1924142837524414>
3.8895 seconds
Tested. Sparse categorical accuracy: 20.00

round  5, metrics=<sparse_categorical_accuracy=0.24833333492279053,loss=2.1100895404815674>
3.9070 seconds
Tested. Sparse categorical accuracy: 10.00

round  6, metrics=<sparse_categorical_accuracy=0.31033334136009216,loss=2.1932826042175293>
3.9909 seconds
Tested. Sparse categorical accuracy: 46.67

round  7, metrics=<sparse_categorical_accuracy=0.3786666691303253,loss=2.0133392810821533>
4.0827 seconds
Tested. Sparse categorical accuracy: 46.67

round  8, metrics=<sparse_categorical_accuracy=0.44066667556762695,loss=1.9109158515930176>
4.3202 seconds
Tested. Sparse categorical accuracy: 61.67

round  9, metrics=<sparse_categorical_accuracy=0.528333306312561,loss=1.6789544820785522>
3.8578 seconds
Tested. Sparse categorical accuracy: 51.67

round 10, metrics=<sparse_categorical_accuracy=0.5306666493415833,loss=1.5493061542510986>
3.9186 seconds
Tested. Sparse categorical accuracy: 50.00

round 11, metrics=<sparse_categorical_accuracy=0.5086666941642761,loss=1.4693607091903687>
4.2324 seconds
Tested. Sparse categorical accuracy: 68.33

round 12, metrics=<sparse_categorical_accuracy=0.643666684627533,loss=1.2737950086593628>
3.7732 seconds
Tested. Sparse categorical accuracy: 78.33

round 13, metrics=<sparse_categorical_accuracy=0.7649999856948853,loss=0.7955237627029419>
3.9790 seconds
Tested. Sparse categorical accuracy: 88.33

round 14, metrics=<sparse_categorical_accuracy=0.8206666707992554,loss=0.5785852074623108>
4.0282 seconds
Tested. Sparse categorical accuracy: 86.67

round 15, metrics=<sparse_categorical_accuracy=0.8399999737739563,loss=0.5396128296852112>
4.1092 seconds
Tested. Sparse categorical accuracy: 95.00

round 16, metrics=<sparse_categorical_accuracy=0.7200000286102295,loss=0.937528669834137>
3.9952 seconds
Tested. Sparse categorical accuracy: 71.67

round 17, metrics=<sparse_categorical_accuracy=0.8029999732971191,loss=0.6652864217758179>
4.2173 seconds
Tested. Sparse categorical accuracy: 93.33

round 18, metrics=<sparse_categorical_accuracy=0.8980000019073486,loss=0.3665188252925873>
3.9532 seconds
Tested. Sparse categorical accuracy: 95.00

round 19, metrics=<sparse_categorical_accuracy=0.7129999995231628,loss=1.068600058555603>
3.9591 seconds
Tested. Sparse categorical accuracy: 91.67

round 20, metrics=<sparse_categorical_accuracy=0.8059999942779541,loss=0.7043481469154358>
4.1036 seconds
Tested. Sparse categorical accuracy: 91.67

round 21, metrics=<sparse_categorical_accuracy=0.8853333592414856,loss=0.3619058132171631>
4.0428 seconds
Tested. Sparse categorical accuracy: 100.00

round 22, metrics=<sparse_categorical_accuracy=0.8960000276565552,loss=0.3363610506057739>
4.0875 seconds
Tested. Sparse categorical accuracy: 93.33

round 23, metrics=<sparse_categorical_accuracy=0.8199999928474426,loss=0.6202993392944336>
4.1777 seconds
Tested. Sparse categorical accuracy: 85.00

round 24, metrics=<sparse_categorical_accuracy=0.8113333582878113,loss=0.6329047679901123>
3.8954 seconds
Tested. Sparse categorical accuracy: 100.00

24  rounds run
Average time per round: 4.00

2020-06-15 12:26:09.742744
