
TENSORFLOW USERS:
You must use the python3.6-anaconda/5.2.0 module to run TensorFlow.
See https://arc-ts.umich.edu/greatlakes/software/tensorflow for more
information.



The following have been reloaded with a version change:
  1) cuda/10.0.130 => cuda/10.1.105


Currently Loaded Modules:
  1) python3.7-anaconda/2019.07   2) cudnn/10.0-v7.6   3) cuda/10.1.105

 

mkdir: cannot create directory ‘results/7797850’: File exists
mkdir: cannot create directory ‘results/7797850/log’: File exists
Test  68
2020-06-15 11:54:28.084039


Schema 1: Each client partially IID
--------------------------------------------------
percent data distributed IID:  40
number of classes for non-IID data:  2
data points per client (mean, std dev): ( 600 ,  0 )
--------------------------------------------------
round  1, metrics=<sparse_categorical_accuracy=0.31611111760139465,loss=2.11035418510437>
12.1273 seconds
Tested. Sparse categorical accuracy: 5.00

round  2, metrics=<sparse_categorical_accuracy=0.3733333349227905,loss=1.9847732782363892>
11.5509 seconds
Tested. Sparse categorical accuracy: 40.00

round  3, metrics=<sparse_categorical_accuracy=0.5496666431427002,loss=1.6593440771102905>
12.6429 seconds
Tested. Sparse categorical accuracy: 35.00

round  4, metrics=<sparse_categorical_accuracy=0.5953333377838135,loss=1.3387868404388428>
11.1658 seconds
Tested. Sparse categorical accuracy: 65.00

round  5, metrics=<sparse_categorical_accuracy=0.7134444713592529,loss=0.931204080581665>
11.1728 seconds
Tested. Sparse categorical accuracy: 75.00

round  6, metrics=<sparse_categorical_accuracy=0.8175555467605591,loss=0.5983714461326599>
11.1976 seconds
Tested. Sparse categorical accuracy: 100.00

round  7, metrics=<sparse_categorical_accuracy=0.8403333425521851,loss=0.5337718725204468>
11.4086 seconds
Tested. Sparse categorical accuracy: 85.00

round  8, metrics=<sparse_categorical_accuracy=0.8843333125114441,loss=0.3662731945514679>
11.3474 seconds
Tested. Sparse categorical accuracy: 85.00

8  rounds run
Average time per round: 11.00

2020-06-15 11:56:09.752020
