
TENSORFLOW USERS:
You must use the python3.6-anaconda/5.2.0 module to run TensorFlow.
See https://arc-ts.umich.edu/greatlakes/software/tensorflow for more
information.



The following have been reloaded with a version change:
  1) cuda/10.0.130 => cuda/10.1.105


Currently Loaded Modules:
  1) python3.7-anaconda/2019.07   2) cudnn/10.0-v7.6   3) cuda/10.1.105

 

mkdir: cannot create directory ‘results/7797850’: File exists
mkdir: cannot create directory ‘results/7797850/log’: File exists
Test  12
2020-06-15 11:46:18.699658


Schema 1: Each client partially IID
--------------------------------------------------
percent data distributed IID:  40
number of classes for non-IID data:  2
data points per client (mean, std dev): ( 600 ,  0 )
--------------------------------------------------
round  1, metrics=<sparse_categorical_accuracy=0.3141666650772095,loss=2.208686113357544>
6.8515 seconds
Tested. Sparse categorical accuracy: 16.67

round  2, metrics=<sparse_categorical_accuracy=0.2863333225250244,loss=2.1854918003082275>
6.7051 seconds
Tested. Sparse categorical accuracy: 3.33

round  3, metrics=<sparse_categorical_accuracy=0.25583332777023315,loss=2.139662265777588>
6.7680 seconds
Tested. Sparse categorical accuracy: 13.33

round  4, metrics=<sparse_categorical_accuracy=0.30816665291786194,loss=2.097717046737671>
6.7204 seconds
Tested. Sparse categorical accuracy: 33.33

round  5, metrics=<sparse_categorical_accuracy=0.375166654586792,loss=2.0171055793762207>
6.8410 seconds
Tested. Sparse categorical accuracy: 26.67

round  6, metrics=<sparse_categorical_accuracy=0.48399999737739563,loss=1.7927744388580322>
6.7902 seconds
Tested. Sparse categorical accuracy: 50.00

round  7, metrics=<sparse_categorical_accuracy=0.6265000104904175,loss=1.3728513717651367>
6.8674 seconds
Tested. Sparse categorical accuracy: 56.67

round  8, metrics=<sparse_categorical_accuracy=0.7011666893959045,loss=1.0102397203445435>
6.9250 seconds
Tested. Sparse categorical accuracy: 63.33

round  9, metrics=<sparse_categorical_accuracy=0.7878333330154419,loss=0.6886268854141235>
6.7175 seconds
Tested. Sparse categorical accuracy: 86.67

round 10, metrics=<sparse_categorical_accuracy=0.7386666536331177,loss=0.9528902173042297>
6.8239 seconds
Tested. Sparse categorical accuracy: 86.67

round 11, metrics=<sparse_categorical_accuracy=0.8478333353996277,loss=0.5104945302009583>
6.6441 seconds
Tested. Sparse categorical accuracy: 93.33

round 12, metrics=<sparse_categorical_accuracy=0.8763333559036255,loss=0.3973759710788727>
7.1215 seconds
Tested. Sparse categorical accuracy: 83.33

12  rounds run
Average time per round: 6.00

2020-06-15 11:47:50.351448
