
TENSORFLOW USERS:
You must use the python3.6-anaconda/5.2.0 module to run TensorFlow.
See https://arc-ts.umich.edu/greatlakes/software/tensorflow for more
information.



The following have been reloaded with a version change:
  1) cuda/10.0.130 => cuda/10.1.105


Currently Loaded Modules:
  1) python3.7-anaconda/2019.07   2) cudnn/10.0-v7.6   3) cuda/10.1.105

 

mkdir: cannot create directory ‘results/7797850’: File exists
mkdir: cannot create directory ‘results/7797850/log’: File exists
Test  344
2020-06-15 12:38:33.977301


Schema 1: Each client partially IID
--------------------------------------------------
percent data distributed IID:  40
number of classes for non-IID data:  2
data points per client (mean, std dev): ( 600 ,  0 )
--------------------------------------------------
round  1, metrics=<sparse_categorical_accuracy=0.3278333246707916,loss=2.044856548309326>
16.4780 seconds
Tested. Sparse categorical accuracy: 20.00

round  2, metrics=<sparse_categorical_accuracy=0.4247500002384186,loss=1.8093823194503784>
15.0251 seconds
Tested. Sparse categorical accuracy: 46.67

round  3, metrics=<sparse_categorical_accuracy=0.5805833339691162,loss=1.3778108358383179>
15.1974 seconds
Tested. Sparse categorical accuracy: 86.67

round  4, metrics=<sparse_categorical_accuracy=0.7636666893959045,loss=0.784628689289093>
15.7557 seconds
Tested. Sparse categorical accuracy: 90.00

round  5, metrics=<sparse_categorical_accuracy=0.8164166808128357,loss=0.6283504962921143>
14.0278 seconds
Tested. Sparse categorical accuracy: 86.67

round  6, metrics=<sparse_categorical_accuracy=0.8867499828338623,loss=0.3826389014720917>
14.2900 seconds
Tested. Sparse categorical accuracy: 93.33

6  rounds run
Average time per round: 15.00

2020-06-15 12:40:13.729445
