
TENSORFLOW USERS:
You must use the python3.6-anaconda/5.2.0 module to run TensorFlow.
See https://arc-ts.umich.edu/greatlakes/software/tensorflow for more
information.



The following have been reloaded with a version change:
  1) cuda/10.0.130 => cuda/10.1.105


Currently Loaded Modules:
  1) python3.7-anaconda/2019.07   2) cudnn/10.0-v7.6   3) cuda/10.1.105

 

mkdir: cannot create directory ‘results/7797850’: File exists
mkdir: cannot create directory ‘results/7797850/log’: File exists
Test  466
2020-06-15 12:56:49.522006


Schema 1: Each client partially IID
--------------------------------------------------
percent data distributed IID:  40
number of classes for non-IID data:  2
data points per client (mean, std dev): ( 600 ,  0 )
--------------------------------------------------
round  1, metrics=<sparse_categorical_accuracy=0.26499998569488525,loss=2.207735538482666>
3.6385 seconds
Tested. Sparse categorical accuracy: 13.33

round  2, metrics=<sparse_categorical_accuracy=0.20366667211055756,loss=2.2505264282226562>
3.6752 seconds
Tested. Sparse categorical accuracy: 18.33

round  3, metrics=<sparse_categorical_accuracy=0.32899999618530273,loss=2.102855682373047>
3.6595 seconds
Tested. Sparse categorical accuracy: 8.33

round  4, metrics=<sparse_categorical_accuracy=0.30033332109451294,loss=2.143871307373047>
3.7362 seconds
Tested. Sparse categorical accuracy: 8.33

round  5, metrics=<sparse_categorical_accuracy=0.3050000071525574,loss=2.123775005340576>
3.6420 seconds
Tested. Sparse categorical accuracy: 28.33

round  6, metrics=<sparse_categorical_accuracy=0.3683333396911621,loss=2.2279512882232666>
3.5689 seconds
Tested. Sparse categorical accuracy: 25.00

round  7, metrics=<sparse_categorical_accuracy=0.4000000059604645,loss=1.9133497476577759>
3.6784 seconds
Tested. Sparse categorical accuracy: 36.67

round  8, metrics=<sparse_categorical_accuracy=0.5163333415985107,loss=1.7494229078292847>
3.6949 seconds
Tested. Sparse categorical accuracy: 63.33

round  9, metrics=<sparse_categorical_accuracy=0.6793333292007446,loss=1.2470448017120361>
3.5874 seconds
Tested. Sparse categorical accuracy: 63.33

round 10, metrics=<sparse_categorical_accuracy=0.5943333506584167,loss=1.268862247467041>
3.6873 seconds
Tested. Sparse categorical accuracy: 53.33

round 11, metrics=<sparse_categorical_accuracy=0.6796666383743286,loss=1.1981507539749146>
3.6071 seconds
Tested. Sparse categorical accuracy: 85.00

round 12, metrics=<sparse_categorical_accuracy=0.7540000081062317,loss=0.8808282613754272>
3.5917 seconds
Tested. Sparse categorical accuracy: 83.33

round 13, metrics=<sparse_categorical_accuracy=0.7956666946411133,loss=0.6987801194190979>
3.6471 seconds
Tested. Sparse categorical accuracy: 78.33

round 14, metrics=<sparse_categorical_accuracy=0.7910000085830688,loss=0.7137580513954163>
3.6716 seconds
Tested. Sparse categorical accuracy: 83.33

round 15, metrics=<sparse_categorical_accuracy=0.840666651725769,loss=0.5769800543785095>
3.5558 seconds
Tested. Sparse categorical accuracy: 91.67

round 16, metrics=<sparse_categorical_accuracy=0.8420000076293945,loss=0.5626716017723083>
3.6679 seconds
Tested. Sparse categorical accuracy: 85.00

round 17, metrics=<sparse_categorical_accuracy=0.7916666865348816,loss=0.6547154784202576>
3.6524 seconds
Tested. Sparse categorical accuracy: 90.00

round 18, metrics=<sparse_categorical_accuracy=0.8136666417121887,loss=0.6081684827804565>
3.5582 seconds
Tested. Sparse categorical accuracy: 96.67

round 19, metrics=<sparse_categorical_accuracy=0.8946666717529297,loss=0.3745635449886322>
3.6104 seconds
Tested. Sparse categorical accuracy: 83.33

round 20, metrics=<sparse_categorical_accuracy=0.8473333120346069,loss=0.4989040493965149>
3.6201 seconds
Tested. Sparse categorical accuracy: 98.33

round 21, metrics=<sparse_categorical_accuracy=0.9300000071525574,loss=0.24512521922588348>
3.6298 seconds
Tested. Sparse categorical accuracy: 100.00

round 22, metrics=<sparse_categorical_accuracy=0.9356666803359985,loss=0.21384188532829285>
3.5440 seconds
Tested. Sparse categorical accuracy: 86.67

round 23, metrics=<sparse_categorical_accuracy=0.9366666674613953,loss=0.22666747868061066>
3.7276 seconds
Tested. Sparse categorical accuracy: 85.00

round 24, metrics=<sparse_categorical_accuracy=0.9036666750907898,loss=0.313103586435318>
3.6336 seconds
Tested. Sparse categorical accuracy: 91.67

24  rounds run
Average time per round: 3.00

2020-06-15 12:58:27.218182
