
TENSORFLOW USERS:
You must use the python3.6-anaconda/5.2.0 module to run TensorFlow.
See https://arc-ts.umich.edu/greatlakes/software/tensorflow for more
information.



The following have been reloaded with a version change:
  1) cuda/10.0.130 => cuda/10.1.105


Currently Loaded Modules:
  1) python3.7-anaconda/2019.07   2) cudnn/10.0-v7.6   3) cuda/10.1.105

 

mkdir: cannot create directory ‘results/7797850’: File exists
mkdir: cannot create directory ‘results/7797850/log’: File exists
Test  371
2020-06-15 12:42:37.333315


Schema 1: Each client partially IID
--------------------------------------------------
percent data distributed IID:  40
number of classes for non-IID data:  2
data points per client (mean, std dev): ( 600 ,  0 )
--------------------------------------------------
round  1, metrics=<sparse_categorical_accuracy=0.20800000429153442,loss=2.2228329181671143>
4.3748 seconds
Tested. Sparse categorical accuracy: 13.33

round  2, metrics=<sparse_categorical_accuracy=0.20633333921432495,loss=2.2063417434692383>
4.4142 seconds
Tested. Sparse categorical accuracy: 11.67

round  3, metrics=<sparse_categorical_accuracy=0.18766666948795319,loss=2.25046706199646>
4.4333 seconds
Tested. Sparse categorical accuracy: 6.67

round  4, metrics=<sparse_categorical_accuracy=0.2593333423137665,loss=2.1891422271728516>
4.8242 seconds
Tested. Sparse categorical accuracy: 16.67

round  5, metrics=<sparse_categorical_accuracy=0.21833333373069763,loss=2.173541784286499>
4.7394 seconds
Tested. Sparse categorical accuracy: 28.33

round  6, metrics=<sparse_categorical_accuracy=0.28966665267944336,loss=2.1663601398468018>
4.3850 seconds
Tested. Sparse categorical accuracy: 21.67

round  7, metrics=<sparse_categorical_accuracy=0.3023333251476288,loss=2.091315746307373>
4.6939 seconds
Tested. Sparse categorical accuracy: 20.00

round  8, metrics=<sparse_categorical_accuracy=0.3449999988079071,loss=2.0386760234832764>
4.6421 seconds
Tested. Sparse categorical accuracy: 21.67

round  9, metrics=<sparse_categorical_accuracy=0.3700000047683716,loss=1.9877821207046509>
4.3597 seconds
Tested. Sparse categorical accuracy: 33.33

round 10, metrics=<sparse_categorical_accuracy=0.5073333382606506,loss=1.6877797842025757>
4.4497 seconds
Tested. Sparse categorical accuracy: 41.67

round 11, metrics=<sparse_categorical_accuracy=0.4156666696071625,loss=1.664557933807373>
4.4388 seconds
Tested. Sparse categorical accuracy: 51.67

round 12, metrics=<sparse_categorical_accuracy=0.5676666498184204,loss=1.376384973526001>
4.2381 seconds
Tested. Sparse categorical accuracy: 73.33

round 13, metrics=<sparse_categorical_accuracy=0.6143333315849304,loss=1.2203704118728638>
4.4245 seconds
Tested. Sparse categorical accuracy: 71.67

round 14, metrics=<sparse_categorical_accuracy=0.6993333101272583,loss=0.9347663521766663>
4.4654 seconds
Tested. Sparse categorical accuracy: 73.33

round 15, metrics=<sparse_categorical_accuracy=0.79666668176651,loss=0.686170756816864>
4.6929 seconds
Tested. Sparse categorical accuracy: 83.33

round 16, metrics=<sparse_categorical_accuracy=0.8163333535194397,loss=0.6038423776626587>
4.5724 seconds
Tested. Sparse categorical accuracy: 95.00

round 17, metrics=<sparse_categorical_accuracy=0.8669999837875366,loss=0.4419514834880829>
4.5493 seconds
Tested. Sparse categorical accuracy: 88.33

round 18, metrics=<sparse_categorical_accuracy=0.8669999837875366,loss=0.4322257339954376>
4.5381 seconds
Tested. Sparse categorical accuracy: 88.33

round 19, metrics=<sparse_categorical_accuracy=0.8913333415985107,loss=0.39094027876853943>
4.4812 seconds
Tested. Sparse categorical accuracy: 93.33

round 20, metrics=<sparse_categorical_accuracy=0.8930000066757202,loss=0.3402964770793915>
4.4184 seconds
Tested. Sparse categorical accuracy: 75.00

round 21, metrics=<sparse_categorical_accuracy=0.7506666779518127,loss=0.9086296558380127>
4.3949 seconds
Tested. Sparse categorical accuracy: 90.00

round 22, metrics=<sparse_categorical_accuracy=0.8893333077430725,loss=0.39374393224716187>
4.5567 seconds
Tested. Sparse categorical accuracy: 88.33

round 23, metrics=<sparse_categorical_accuracy=0.921999990940094,loss=0.2574479877948761>
4.4942 seconds
Tested. Sparse categorical accuracy: 95.00

round 24, metrics=<sparse_categorical_accuracy=0.8740000128746033,loss=0.4310092628002167>
4.5117 seconds
Tested. Sparse categorical accuracy: 86.67

24  rounds run
Average time per round: 4.00

2020-06-15 12:44:37.316957
