
TENSORFLOW USERS:
You must use the python3.6-anaconda/5.2.0 module to run TensorFlow.
See https://arc-ts.umich.edu/greatlakes/software/tensorflow for more
information.



The following have been reloaded with a version change:
  1) cuda/10.0.130 => cuda/10.1.105


Currently Loaded Modules:
  1) python3.7-anaconda/2019.07   2) cudnn/10.0-v7.6   3) cuda/10.1.105

 

mkdir: cannot create directory ‘results/7797850’: File exists
mkdir: cannot create directory ‘results/7797850/log’: File exists
Test  483
2020-06-15 12:59:45.998937


Schema 1: Each client partially IID
--------------------------------------------------
percent data distributed IID:  40
number of classes for non-IID data:  2
data points per client (mean, std dev): ( 600 ,  0 )
--------------------------------------------------
round  1, metrics=<sparse_categorical_accuracy=0.24611110985279083,loss=2.1159281730651855>
12.0851 seconds
Tested. Sparse categorical accuracy: 5.00

round  2, metrics=<sparse_categorical_accuracy=0.26055556535720825,loss=2.119173288345337>
10.5734 seconds
Tested. Sparse categorical accuracy: 0.00

round  3, metrics=<sparse_categorical_accuracy=0.27355554699897766,loss=1.9969041347503662>
9.9516 seconds
Tested. Sparse categorical accuracy: 10.00

round  4, metrics=<sparse_categorical_accuracy=0.3872222304344177,loss=1.839434266090393>
10.5704 seconds
Tested. Sparse categorical accuracy: 30.00

round  5, metrics=<sparse_categorical_accuracy=0.5358889102935791,loss=1.517647385597229>
10.4879 seconds
Tested. Sparse categorical accuracy: 50.00

round  6, metrics=<sparse_categorical_accuracy=0.6493333578109741,loss=1.2168469429016113>
11.7453 seconds
Tested. Sparse categorical accuracy: 65.00

round  7, metrics=<sparse_categorical_accuracy=0.7493333220481873,loss=0.8282999396324158>
11.1161 seconds
Tested. Sparse categorical accuracy: 90.00

round  8, metrics=<sparse_categorical_accuracy=0.8467777967453003,loss=0.5070334672927856>
11.0694 seconds
Tested. Sparse categorical accuracy: 90.00

8  rounds run
Average time per round: 10.00

2020-06-15 13:01:22.684729
