
TENSORFLOW USERS:
You must use the python3.6-anaconda/5.2.0 module to run TensorFlow.
See https://arc-ts.umich.edu/greatlakes/software/tensorflow for more
information.



The following have been reloaded with a version change:
  1) cuda/10.0.130 => cuda/10.1.105


Currently Loaded Modules:
  1) python3.7-anaconda/2019.07   2) cudnn/10.0-v7.6   3) cuda/10.1.105

 

mkdir: cannot create directory ‘results/7797850’: File exists
mkdir: cannot create directory ‘results/7797850/log’: File exists
Test  120
2020-06-15 12:03:37.045217


Schema 1: Each client partially IID
--------------------------------------------------
percent data distributed IID:  40
number of classes for non-IID data:  2
data points per client (mean, std dev): ( 600 ,  0 )
--------------------------------------------------
round  1, metrics=<sparse_categorical_accuracy=0.36133334040641785,loss=2.0672800540924072>
22.9491 seconds
Tested. Sparse categorical accuracy: 10.00

round  2, metrics=<sparse_categorical_accuracy=0.39722222089767456,loss=1.986815094947815>
22.1019 seconds
Tested. Sparse categorical accuracy: 0.00

round  3, metrics=<sparse_categorical_accuracy=0.48177778720855713,loss=1.703222632408142>
20.7755 seconds
Tested. Sparse categorical accuracy: 60.00

round  4, metrics=<sparse_categorical_accuracy=0.6753333210945129,loss=1.101974368095398>
20.3039 seconds
Tested. Sparse categorical accuracy: 90.00

4  rounds run
Average time per round: 21.00

2020-06-15 12:05:11.259521
