
TENSORFLOW USERS:
You must use the python3.6-anaconda/5.2.0 module to run TensorFlow.
See https://arc-ts.umich.edu/greatlakes/software/tensorflow for more
information.



The following have been reloaded with a version change:
  1) cuda/10.0.130 => cuda/10.1.105


Currently Loaded Modules:
  1) python3.7-anaconda/2019.07   2) cudnn/10.0-v7.6   3) cuda/10.1.105

 

mkdir: cannot create directory ‘results/7797850’: File exists
mkdir: cannot create directory ‘results/7797850/log’: File exists
Test  260
2020-06-15 12:24:46.874243


Schema 1: Each client partially IID
--------------------------------------------------
percent data distributed IID:  40
number of classes for non-IID data:  2
data points per client (mean, std dev): ( 600 ,  0 )
--------------------------------------------------
round  1, metrics=<sparse_categorical_accuracy=0.36827778816223145,loss=1.9973160028457642>
23.2655 seconds
Tested. Sparse categorical accuracy: 10.00

round  2, metrics=<sparse_categorical_accuracy=0.410444438457489,loss=1.862058162689209>
22.3934 seconds
Tested. Sparse categorical accuracy: 40.00

round  3, metrics=<sparse_categorical_accuracy=0.6158333420753479,loss=1.3444201946258545>
23.9875 seconds
Tested. Sparse categorical accuracy: 70.00

round  4, metrics=<sparse_categorical_accuracy=0.7444999814033508,loss=0.8563834428787231>
22.5460 seconds
Tested. Sparse categorical accuracy: 80.00

4  rounds run
Average time per round: 23.00

2020-06-15 12:26:27.329559
