
TENSORFLOW USERS:
You must use the python3.6-anaconda/5.2.0 module to run TensorFlow.
See https://arc-ts.umich.edu/greatlakes/software/tensorflow for more
information.



The following have been reloaded with a version change:
  1) cuda/10.0.130 => cuda/10.1.105


Currently Loaded Modules:
  1) python3.7-anaconda/2019.07   2) cudnn/10.0-v7.6   3) cuda/10.1.105

 

mkdir: cannot create directory ‘results/7797850’: File exists
mkdir: cannot create directory ‘results/7797850/log’: File exists
Test  289
2020-06-15 12:30:00.198444


Schema 1: Each client partially IID
--------------------------------------------------
percent data distributed IID:  40
number of classes for non-IID data:  2
data points per client (mean, std dev): ( 600 ,  0 )
--------------------------------------------------
round  1, metrics=<sparse_categorical_accuracy=0.33408331871032715,loss=2.155439853668213>
15.2398 seconds
Tested. Sparse categorical accuracy: 13.33

round  2, metrics=<sparse_categorical_accuracy=0.30533334612846375,loss=2.050412178039551>
14.3634 seconds
Tested. Sparse categorical accuracy: 0.00

round  3, metrics=<sparse_categorical_accuracy=0.3479999899864197,loss=1.9234445095062256>
14.5699 seconds
Tested. Sparse categorical accuracy: 26.67

round  4, metrics=<sparse_categorical_accuracy=0.5305833220481873,loss=1.562761902809143>
14.0191 seconds
Tested. Sparse categorical accuracy: 66.67

round  5, metrics=<sparse_categorical_accuracy=0.7257500290870667,loss=0.9380553960800171>
15.3758 seconds
Tested. Sparse categorical accuracy: 66.67

round  6, metrics=<sparse_categorical_accuracy=0.7954166531562805,loss=0.6861957311630249>
14.0572 seconds
Tested. Sparse categorical accuracy: 93.33

6  rounds run
Average time per round: 14.00

2020-06-15 12:31:36.585867
