
TENSORFLOW USERS:
You must use the python3.6-anaconda/5.2.0 module to run TensorFlow.
See https://arc-ts.umich.edu/greatlakes/software/tensorflow for more
information.



The following have been reloaded with a version change:
  1) cuda/10.0.130 => cuda/10.1.105


Currently Loaded Modules:
  1) python3.7-anaconda/2019.07   2) cudnn/10.0-v7.6   3) cuda/10.1.105

 

mkdir: cannot create directory ‘results/8194978’: File exists
mkdir: cannot create directory ‘results/8194978/log’: File exists
Test  439
2020-06-25 18:22:11.413150


Schema 1: Each client partially IID
--------------------------------------------------
percent data distributed IID:  80
number of classes for non-IID data:  2
data points per client (mean, std dev): ( 600 ,  0 )
--------------------------------------------------
round  1, metrics=<sparse_categorical_accuracy=0.16858333349227905,loss=2.2616820335388184>
19.8475 seconds
Tested. Sparse categorical accuracy: 86.67

round  2, metrics=<sparse_categorical_accuracy=0.29624998569488525,loss=2.1794605255126953>
21.4106 seconds
Tested. Sparse categorical accuracy: 66.67

round  3, metrics=<sparse_categorical_accuracy=0.48500001430511475,loss=1.825648546218872>
18.4674 seconds
Tested. Sparse categorical accuracy: 80.00

3  rounds run
Average time per round: 19.00

2020-06-25 18:23:19.656120
