
TENSORFLOW USERS:
You must use the python3.6-anaconda/5.2.0 module to run TensorFlow.
See https://arc-ts.umich.edu/greatlakes/software/tensorflow for more
information.



The following have been reloaded with a version change:
  1) cuda/10.0.130 => cuda/10.1.105


Currently Loaded Modules:
  1) python3.7-anaconda/2019.07   2) cudnn/10.0-v7.6   3) cuda/10.1.105

 

mkdir: cannot create directory ‘results/8194978’: File exists
mkdir: cannot create directory ‘results/8194978/log’: File exists
Test  96
2020-06-25 17:55:51.079969


Schema 1: Each client partially IID
--------------------------------------------------
percent data distributed IID:  80
number of classes for non-IID data:  2
data points per client (mean, std dev): ( 600 ,  0 )
--------------------------------------------------
round  1, metrics=<sparse_categorical_accuracy=0.11366666853427887,loss=2.3020401000976562>
3.7742 seconds
Tested. Sparse categorical accuracy: 5.00

round  2, metrics=<sparse_categorical_accuracy=0.1420000046491623,loss=2.287860631942749>
3.7302 seconds
Tested. Sparse categorical accuracy: 5.00

round  3, metrics=<sparse_categorical_accuracy=0.23533333837985992,loss=2.2679989337921143>
3.6571 seconds
Tested. Sparse categorical accuracy: 35.00

round  4, metrics=<sparse_categorical_accuracy=0.2226666659116745,loss=2.2337024211883545>
3.7693 seconds
Tested. Sparse categorical accuracy: 53.33

round  5, metrics=<sparse_categorical_accuracy=0.36266666650772095,loss=2.2396891117095947>
3.7263 seconds
Tested. Sparse categorical accuracy: 33.33

round  6, metrics=<sparse_categorical_accuracy=0.47833332419395447,loss=2.1017982959747314>
3.6587 seconds
Tested. Sparse categorical accuracy: 55.00

round  7, metrics=<sparse_categorical_accuracy=0.5076666474342346,loss=2.4006965160369873>
3.7171 seconds
Tested. Sparse categorical accuracy: 15.00

round  8, metrics=<sparse_categorical_accuracy=0.20133332908153534,loss=2.2466931343078613>
3.7388 seconds
Tested. Sparse categorical accuracy: 25.00

round  9, metrics=<sparse_categorical_accuracy=0.2436666637659073,loss=2.141479730606079>
3.5590 seconds
Tested. Sparse categorical accuracy: 31.67

round 10, metrics=<sparse_categorical_accuracy=0.4033333361148834,loss=1.8943108320236206>
3.7110 seconds
Tested. Sparse categorical accuracy: 68.33

round 11, metrics=<sparse_categorical_accuracy=0.5606666803359985,loss=1.8536752462387085>
3.6885 seconds
Tested. Sparse categorical accuracy: 55.00

round 12, metrics=<sparse_categorical_accuracy=0.5886666774749756,loss=1.4068830013275146>
3.5814 seconds
Tested. Sparse categorical accuracy: 66.67

12  rounds run
Average time per round: 3.00

2020-06-25 17:56:44.077655
