
TENSORFLOW USERS:
You must use the python3.6-anaconda/5.2.0 module to run TensorFlow.
See https://arc-ts.umich.edu/greatlakes/software/tensorflow for more
information.



The following have been reloaded with a version change:
  1) cuda/10.0.130 => cuda/10.1.105


Currently Loaded Modules:
  1) python3.7-anaconda/2019.07   2) cudnn/10.0-v7.6   3) cuda/10.1.105

 

mkdir: cannot create directory ‘results/8194978’: File exists
mkdir: cannot create directory ‘results/8194978/log’: File exists
Test  60
2020-06-25 17:53:00.839441


Schema 1: Each client partially IID
--------------------------------------------------
percent data distributed IID:  80
number of classes for non-IID data:  2
data points per client (mean, std dev): ( 600 ,  0 )
--------------------------------------------------
round  1, metrics=<sparse_categorical_accuracy=0.20283333957195282,loss=2.227832794189453>
23.1222 seconds
Tested. Sparse categorical accuracy: 50.00

round  2, metrics=<sparse_categorical_accuracy=0.4775555431842804,loss=1.7966631650924683>
21.1740 seconds
Tested. Sparse categorical accuracy: 70.00

2  rounds run
Average time per round: 22.00

2020-06-25 17:53:52.619569
