
TENSORFLOW USERS:
You must use the python3.6-anaconda/5.2.0 module to run TensorFlow.
See https://arc-ts.umich.edu/greatlakes/software/tensorflow for more
information.



The following have been reloaded with a version change:
  1) cuda/10.0.130 => cuda/10.1.105


Currently Loaded Modules:
  1) python3.7-anaconda/2019.07   2) cudnn/10.0-v7.6   3) cuda/10.1.105

 

mkdir: cannot create directory ‘results/8194978’: File exists
mkdir: cannot create directory ‘results/8194978/log’: File exists
Test  453
2020-06-25 18:23:14.978920


Schema 1: Each client partially IID
--------------------------------------------------
percent data distributed IID:  80
number of classes for non-IID data:  2
data points per client (mean, std dev): ( 600 ,  0 )
--------------------------------------------------
round  1, metrics=<sparse_categorical_accuracy=0.12211111187934875,loss=2.275895357131958>
13.2233 seconds
Tested. Sparse categorical accuracy: 10.00

round  2, metrics=<sparse_categorical_accuracy=0.22566667199134827,loss=2.1963553428649902>
11.3541 seconds
Tested. Sparse categorical accuracy: 25.00

round  3, metrics=<sparse_categorical_accuracy=0.44822221994400024,loss=1.9837185144424438>
11.8420 seconds
Tested. Sparse categorical accuracy: 60.00

round  4, metrics=<sparse_categorical_accuracy=0.5367777943611145,loss=1.638134479522705>
11.2656 seconds
Tested. Sparse categorical accuracy: 75.00

4  rounds run
Average time per round: 11.00

2020-06-25 18:24:11.514716
