
TENSORFLOW USERS:
You must use the python3.6-anaconda/5.2.0 module to run TensorFlow.
See https://arc-ts.umich.edu/greatlakes/software/tensorflow for more
information.



The following have been reloaded with a version change:
  1) cuda/10.0.130 => cuda/10.1.105


Currently Loaded Modules:
  1) python3.7-anaconda/2019.07   2) cudnn/10.0-v7.6   3) cuda/10.1.105

 

mkdir: cannot create directory ‘results/8194978’: File exists
mkdir: cannot create directory ‘results/8194978/log’: File exists
Test  258
2020-06-25 18:08:13.464068


Schema 1: Each client partially IID
--------------------------------------------------
percent data distributed IID:  80
number of classes for non-IID data:  2
data points per client (mean, std dev): ( 600 ,  0 )
--------------------------------------------------
round  1, metrics=<sparse_categorical_accuracy=0.19900000095367432,loss=2.2669436931610107>
12.5163 seconds
Tested. Sparse categorical accuracy: 5.00

round  2, metrics=<sparse_categorical_accuracy=0.22433333098888397,loss=2.3298068046569824>
11.3595 seconds
Tested. Sparse categorical accuracy: 25.00

round  3, metrics=<sparse_categorical_accuracy=0.18388888239860535,loss=2.274195432662964>
10.7681 seconds
Tested. Sparse categorical accuracy: 15.00

round  4, metrics=<sparse_categorical_accuracy=0.27977776527404785,loss=2.120708465576172>
11.5258 seconds
Tested. Sparse categorical accuracy: 60.00

4  rounds run
Average time per round: 11.00

2020-06-25 18:09:07.567196
