
TENSORFLOW USERS:
You must use the python3.6-anaconda/5.2.0 module to run TensorFlow.
See https://arc-ts.umich.edu/greatlakes/software/tensorflow for more
information.



The following have been reloaded with a version change:
  1) cuda/10.0.130 => cuda/10.1.105


Currently Loaded Modules:
  1) python3.7-anaconda/2019.07   2) cudnn/10.0-v7.6   3) cuda/10.1.105

 

mkdir: cannot create directory ‘results/8194978’: File exists
mkdir: cannot create directory ‘results/8194978/log’: File exists
Test  399
2020-06-25 18:18:49.529229


Schema 1: Each client partially IID
--------------------------------------------------
percent data distributed IID:  80
number of classes for non-IID data:  2
data points per client (mean, std dev): ( 600 ,  0 )
--------------------------------------------------
round  1, metrics=<sparse_categorical_accuracy=0.1548333317041397,loss=2.249338150024414>
14.7977 seconds
Tested. Sparse categorical accuracy: 73.33

round  2, metrics=<sparse_categorical_accuracy=0.33141666650772095,loss=2.1338627338409424>
13.0876 seconds
Tested. Sparse categorical accuracy: 66.67

round  3, metrics=<sparse_categorical_accuracy=0.5445833206176758,loss=1.5895923376083374>
14.1099 seconds
Tested. Sparse categorical accuracy: 86.67

3  rounds run
Average time per round: 13.00

2020-06-25 18:19:39.373034
