
TENSORFLOW USERS:
You must use the python3.6-anaconda/5.2.0 module to run TensorFlow.
See https://arc-ts.umich.edu/greatlakes/software/tensorflow for more
information.



The following have been reloaded with a version change:
  1) cuda/10.0.130 => cuda/10.1.105


Currently Loaded Modules:
  1) python3.7-anaconda/2019.07   2) cudnn/10.0-v7.6   3) cuda/10.1.105

 

mkdir: cannot create directory ‘results/8194978’: File exists
mkdir: cannot create directory ‘results/8194978/log’: File exists
Test  49
2020-06-25 17:52:03.388477


Schema 1: Each client partially IID
--------------------------------------------------
percent data distributed IID:  80
number of classes for non-IID data:  2
data points per client (mean, std dev): ( 600 ,  0 )
--------------------------------------------------
round  1, metrics=<sparse_categorical_accuracy=0.14916667342185974,loss=2.2638702392578125>
15.1489 seconds
Tested. Sparse categorical accuracy: 20.00

round  2, metrics=<sparse_categorical_accuracy=0.2928333282470703,loss=2.1793322563171387>
13.9272 seconds
Tested. Sparse categorical accuracy: 53.33

round  3, metrics=<sparse_categorical_accuracy=0.4741666615009308,loss=1.7674404382705688>
13.4170 seconds
Tested. Sparse categorical accuracy: 80.00

3  rounds run
Average time per round: 14.00

2020-06-25 17:52:53.522530
