
TENSORFLOW USERS:
You must use the python3.6-anaconda/5.2.0 module to run TensorFlow.
See https://arc-ts.umich.edu/greatlakes/software/tensorflow for more
information.



The following have been reloaded with a version change:
  1) cuda/10.0.130 => cuda/10.1.105


Currently Loaded Modules:
  1) python3.7-anaconda/2019.07   2) cudnn/10.0-v7.6   3) cuda/10.1.105

 

mkdir: cannot create directory ‘results/8194978’: File exists
mkdir: cannot create directory ‘results/8194978/log’: File exists
Test  58
2020-06-25 17:53:00.839463


Schema 1: Each client partially IID
--------------------------------------------------
percent data distributed IID:  80
number of classes for non-IID data:  2
data points per client (mean, std dev): ( 600 ,  0 )
--------------------------------------------------
round  1, metrics=<sparse_categorical_accuracy=0.1567777842283249,loss=2.2627971172332764>
11.3220 seconds
Tested. Sparse categorical accuracy: 20.00

round  2, metrics=<sparse_categorical_accuracy=0.2884444296360016,loss=2.209517478942871>
10.4966 seconds
Tested. Sparse categorical accuracy: 30.00

round  3, metrics=<sparse_categorical_accuracy=0.40255555510520935,loss=2.0072097778320312>
10.1147 seconds
Tested. Sparse categorical accuracy: 75.00

round  4, metrics=<sparse_categorical_accuracy=0.5768888592720032,loss=1.4733506441116333>
10.2456 seconds
Tested. Sparse categorical accuracy: 80.00

4  rounds run
Average time per round: 10.00

2020-06-25 17:53:50.847278
