
TENSORFLOW USERS:
You must use the python3.6-anaconda/5.2.0 module to run TensorFlow.
See https://arc-ts.umich.edu/greatlakes/software/tensorflow for more
information.



The following have been reloaded with a version change:
  1) cuda/10.0.130 => cuda/10.1.105


Currently Loaded Modules:
  1) python3.7-anaconda/2019.07   2) cudnn/10.0-v7.6   3) cuda/10.1.105

 

mkdir: cannot create directory ‘results/8194978’: File exists
mkdir: cannot create directory ‘results/8194978/log’: File exists
Test  368
2020-06-25 18:16:30.081564


Schema 1: Each client partially IID
--------------------------------------------------
percent data distributed IID:  80
number of classes for non-IID data:  2
data points per client (mean, std dev): ( 600 ,  0 )
--------------------------------------------------
round  1, metrics=<sparse_categorical_accuracy=0.177888885140419,loss=2.270808696746826>
11.0734 seconds
Tested. Sparse categorical accuracy: 50.00

round  2, metrics=<sparse_categorical_accuracy=0.2987777888774872,loss=2.2193119525909424>
10.5010 seconds
Tested. Sparse categorical accuracy: 60.00

round  3, metrics=<sparse_categorical_accuracy=0.4423333406448364,loss=2.031435251235962>
10.2462 seconds
Tested. Sparse categorical accuracy: 40.00

round  4, metrics=<sparse_categorical_accuracy=0.5473333597183228,loss=1.5946264266967773>
10.0041 seconds
Tested. Sparse categorical accuracy: 100.00

4  rounds run
Average time per round: 10.00

2020-06-25 18:17:19.603487
