
TENSORFLOW USERS:
You must use the python3.6-anaconda/5.2.0 module to run TensorFlow.
See https://arc-ts.umich.edu/greatlakes/software/tensorflow for more
information.



The following have been reloaded with a version change:
  1) cuda/10.0.130 => cuda/10.1.105


Currently Loaded Modules:
  1) python3.7-anaconda/2019.07   2) cudnn/10.0-v7.6   3) cuda/10.1.105

 

mkdir: cannot create directory ‘results/8194978’: File exists
mkdir: cannot create directory ‘results/8194978/log’: File exists
Test  411
2020-06-25 18:19:50.896985


Schema 1: Each client partially IID
--------------------------------------------------
percent data distributed IID:  80
number of classes for non-IID data:  2
data points per client (mean, std dev): ( 600 ,  0 )
--------------------------------------------------
round  1, metrics=<sparse_categorical_accuracy=0.12466666847467422,loss=2.3019180297851562>
3.6630 seconds
Tested. Sparse categorical accuracy: 11.67

round  2, metrics=<sparse_categorical_accuracy=0.11500000208616257,loss=2.2958176136016846>
3.5785 seconds
Tested. Sparse categorical accuracy: 13.33

round  3, metrics=<sparse_categorical_accuracy=0.1353333294391632,loss=2.2791850566864014>
3.6308 seconds
Tested. Sparse categorical accuracy: 18.33

round  4, metrics=<sparse_categorical_accuracy=0.14900000393390656,loss=2.2430548667907715>
3.5694 seconds
Tested. Sparse categorical accuracy: 23.33

round  5, metrics=<sparse_categorical_accuracy=0.1576666682958603,loss=2.1881532669067383>
3.6172 seconds
Tested. Sparse categorical accuracy: 58.33

round  6, metrics=<sparse_categorical_accuracy=0.3996666669845581,loss=2.141183614730835>
3.5057 seconds
Tested. Sparse categorical accuracy: 46.67

round  7, metrics=<sparse_categorical_accuracy=0.4243333339691162,loss=2.2233808040618896>
3.6389 seconds
Tested. Sparse categorical accuracy: 41.67

round  8, metrics=<sparse_categorical_accuracy=0.46266666054725647,loss=1.9087835550308228>
3.4737 seconds
Tested. Sparse categorical accuracy: 56.67

round  9, metrics=<sparse_categorical_accuracy=0.49966666102409363,loss=2.0107173919677734>
3.6333 seconds
Tested. Sparse categorical accuracy: 58.33

round 10, metrics=<sparse_categorical_accuracy=0.5863333344459534,loss=1.3894627094268799>
3.5924 seconds
Tested. Sparse categorical accuracy: 66.67

round 11, metrics=<sparse_categorical_accuracy=0.7163333296775818,loss=1.0138105154037476>
3.6215 seconds
Tested. Sparse categorical accuracy: 83.33

round 12, metrics=<sparse_categorical_accuracy=0.7770000100135803,loss=0.7757226824760437>
3.4807 seconds
Tested. Sparse categorical accuracy: 88.33

12  rounds run
Average time per round: 3.00

2020-06-25 18:20:42.302253
