
TENSORFLOW USERS:
You must use the python3.6-anaconda/5.2.0 module to run TensorFlow.
See https://arc-ts.umich.edu/greatlakes/software/tensorflow for more
information.



The following have been reloaded with a version change:
  1) cuda/10.0.130 => cuda/10.1.105


Currently Loaded Modules:
  1) python3.7-anaconda/2019.07   2) cudnn/10.0-v7.6   3) cuda/10.1.105

 

mkdir: cannot create directory ‘results/8194978’: File exists
mkdir: cannot create directory ‘results/8194978/log’: File exists
Test  128
2020-06-25 17:58:07.276490


Schema 1: Each client partially IID
--------------------------------------------------
percent data distributed IID:  80
number of classes for non-IID data:  2
data points per client (mean, std dev): ( 600 ,  0 )
--------------------------------------------------
round  1, metrics=<sparse_categorical_accuracy=0.14144444465637207,loss=2.2748968601226807>
11.0833 seconds
Tested. Sparse categorical accuracy: 30.00

round  2, metrics=<sparse_categorical_accuracy=0.21666666865348816,loss=2.265587568283081>
10.4825 seconds
Tested. Sparse categorical accuracy: 15.00

round  3, metrics=<sparse_categorical_accuracy=0.3365555703639984,loss=2.1517863273620605>
10.0427 seconds
Tested. Sparse categorical accuracy: 60.00

round  4, metrics=<sparse_categorical_accuracy=0.48500001430511475,loss=1.7864218950271606>
10.3355 seconds
Tested. Sparse categorical accuracy: 70.00

4  rounds run
Average time per round: 10.00

2020-06-25 17:58:56.583992
