
TENSORFLOW USERS:
You must use the python3.6-anaconda/5.2.0 module to run TensorFlow.
See https://arc-ts.umich.edu/greatlakes/software/tensorflow for more
information.



The following have been reloaded with a version change:
  1) cuda/10.0.130 => cuda/10.1.105


Currently Loaded Modules:
  1) python3.7-anaconda/2019.07   2) cudnn/10.0-v7.6   3) cuda/10.1.105

 

mkdir: cannot create directory ‘results/8194978’: File exists
mkdir: cannot create directory ‘results/8194978/log’: File exists
Test  216
2020-06-25 18:04:50.368734


Schema 1: Each client partially IID
--------------------------------------------------
percent data distributed IID:  80
number of classes for non-IID data:  2
data points per client (mean, std dev): ( 600 ,  0 )
--------------------------------------------------
round  1, metrics=<sparse_categorical_accuracy=0.12333333492279053,loss=2.302703857421875>
3.9259 seconds
Tested. Sparse categorical accuracy: 15.00

round  2, metrics=<sparse_categorical_accuracy=0.0806666687130928,loss=2.2948012351989746>
4.0251 seconds
Tested. Sparse categorical accuracy: 18.33

round  3, metrics=<sparse_categorical_accuracy=0.15266667306423187,loss=2.276315927505493>
4.0287 seconds
Tested. Sparse categorical accuracy: 46.67

round  4, metrics=<sparse_categorical_accuracy=0.2653333246707916,loss=2.2457478046417236>
4.1953 seconds
Tested. Sparse categorical accuracy: 46.67

round  5, metrics=<sparse_categorical_accuracy=0.25433334708213806,loss=2.164052963256836>
3.6694 seconds
Tested. Sparse categorical accuracy: 70.00

round  6, metrics=<sparse_categorical_accuracy=0.40700000524520874,loss=2.4659860134124756>
3.9644 seconds
Tested. Sparse categorical accuracy: 13.33

round  7, metrics=<sparse_categorical_accuracy=0.14366666972637177,loss=2.281602144241333>
3.9838 seconds
Tested. Sparse categorical accuracy: 23.33

round  8, metrics=<sparse_categorical_accuracy=0.2666666805744171,loss=2.2441418170928955>
3.8305 seconds
Tested. Sparse categorical accuracy: 21.67

round  9, metrics=<sparse_categorical_accuracy=0.2966666519641876,loss=2.1179659366607666>
3.9515 seconds
Tested. Sparse categorical accuracy: 38.33

round 10, metrics=<sparse_categorical_accuracy=0.4033333361148834,loss=2.076667308807373>
3.8379 seconds
Tested. Sparse categorical accuracy: 50.00

round 11, metrics=<sparse_categorical_accuracy=0.43666666746139526,loss=1.8607646226882935>
3.8082 seconds
Tested. Sparse categorical accuracy: 56.67

round 12, metrics=<sparse_categorical_accuracy=0.5360000133514404,loss=1.6152366399765015>
3.9323 seconds
Tested. Sparse categorical accuracy: 61.67

12  rounds run
Average time per round: 3.00

2020-06-25 18:05:46.522359
