
TENSORFLOW USERS:
You must use the python3.6-anaconda/5.2.0 module to run TensorFlow.
See https://arc-ts.umich.edu/greatlakes/software/tensorflow for more
information.



The following have been reloaded with a version change:
  1) cuda/10.0.130 => cuda/10.1.105


Currently Loaded Modules:
  1) python3.7-anaconda/2019.07   2) cudnn/10.0-v7.6   3) cuda/10.1.105

 

mkdir: cannot create directory ‘results/8194978’: File exists
mkdir: cannot create directory ‘results/8194978/log’: File exists
Test  392
2020-06-25 18:18:09.156734


Schema 1: Each client partially IID
--------------------------------------------------
percent data distributed IID:  80
number of classes for non-IID data:  2
data points per client (mean, std dev): ( 600 ,  0 )
--------------------------------------------------
round  1, metrics=<sparse_categorical_accuracy=0.1315000057220459,loss=2.2813730239868164>
7.4436 seconds
Tested. Sparse categorical accuracy: 23.33

round  2, metrics=<sparse_categorical_accuracy=0.15283332765102386,loss=2.2312910556793213>
7.0602 seconds
Tested. Sparse categorical accuracy: 56.67

round  3, metrics=<sparse_categorical_accuracy=0.3266666531562805,loss=2.168112277984619>
7.4937 seconds
Tested. Sparse categorical accuracy: 46.67

round  4, metrics=<sparse_categorical_accuracy=0.39250001311302185,loss=1.9781216382980347>
7.3450 seconds
Tested. Sparse categorical accuracy: 56.67

round  5, metrics=<sparse_categorical_accuracy=0.5665000081062317,loss=1.505373239517212>
7.4368 seconds
Tested. Sparse categorical accuracy: 66.67

round  6, metrics=<sparse_categorical_accuracy=0.6790000200271606,loss=1.0204851627349854>
7.5900 seconds
Tested. Sparse categorical accuracy: 83.33

6  rounds run
Average time per round: 7.00

2020-06-25 18:19:02.229961
