
TENSORFLOW USERS:
You must use the python3.6-anaconda/5.2.0 module to run TensorFlow.
See https://arc-ts.umich.edu/greatlakes/software/tensorflow for more
information.



The following have been reloaded with a version change:
  1) cuda/10.0.130 => cuda/10.1.105


Currently Loaded Modules:
  1) python3.7-anaconda/2019.07   2) cudnn/10.0-v7.6   3) cuda/10.1.105

 

mkdir: cannot create directory ‘results/8194978’: File exists
mkdir: cannot create directory ‘results/8194978/log’: File exists
Test  379
2020-06-25 18:17:14.174604


Schema 1: Each client partially IID
--------------------------------------------------
percent data distributed IID:  80
number of classes for non-IID data:  2
data points per client (mean, std dev): ( 600 ,  0 )
--------------------------------------------------
round  1, metrics=<sparse_categorical_accuracy=0.15150000154972076,loss=2.2576398849487305>
15.3990 seconds
Tested. Sparse categorical accuracy: 66.67

round  2, metrics=<sparse_categorical_accuracy=0.3733333349227905,loss=2.036017656326294>
13.8252 seconds
Tested. Sparse categorical accuracy: 73.33

round  3, metrics=<sparse_categorical_accuracy=0.6274999976158142,loss=1.3682384490966797>
13.8683 seconds
Tested. Sparse categorical accuracy: 66.67

3  rounds run
Average time per round: 14.00

2020-06-25 18:18:04.944320
