
TENSORFLOW USERS:
You must use the python3.6-anaconda/5.2.0 module to run TensorFlow.
See https://arc-ts.umich.edu/greatlakes/software/tensorflow for more
information.



The following have been reloaded with a version change:
  1) cuda/10.0.130 => cuda/10.1.105


Currently Loaded Modules:
  1) python3.7-anaconda/2019.07   2) cudnn/10.0-v7.6   3) cuda/10.1.105

 

mkdir: cannot create directory ‘results/8194978’: File exists
mkdir: cannot create directory ‘results/8194978/log’: File exists
Test  229
2020-06-25 18:05:52.422726


Schema 1: Each client partially IID
--------------------------------------------------
percent data distributed IID:  80
number of classes for non-IID data:  2
data points per client (mean, std dev): ( 600 ,  0 )
--------------------------------------------------
round  1, metrics=<sparse_categorical_accuracy=0.156333327293396,loss=2.252042531967163>
16.5494 seconds
Tested. Sparse categorical accuracy: 53.33

round  2, metrics=<sparse_categorical_accuracy=0.3270833194255829,loss=2.1607680320739746>
15.6075 seconds
Tested. Sparse categorical accuracy: 53.33

round  3, metrics=<sparse_categorical_accuracy=0.49133333563804626,loss=1.6952553987503052>
15.4367 seconds
Tested. Sparse categorical accuracy: 60.00

3  rounds run
Average time per round: 15.00

2020-06-25 18:06:48.233115
