
TENSORFLOW USERS:
You must use the python3.6-anaconda/5.2.0 module to run TensorFlow.
See https://arc-ts.umich.edu/greatlakes/software/tensorflow for more
information.



The following have been reloaded with a version change:
  1) cuda/10.0.130 => cuda/10.1.105


Currently Loaded Modules:
  1) python3.7-anaconda/2019.07   2) cudnn/10.0-v7.6   3) cuda/10.1.105

 

mkdir: cannot create directory ‘results/8194978’: File exists
mkdir: cannot create directory ‘results/8194978/log’: File exists
Test  329
2020-06-25 18:13:31.261639


Schema 1: Each client partially IID
--------------------------------------------------
percent data distributed IID:  80
number of classes for non-IID data:  2
data points per client (mean, std dev): ( 600 ,  0 )
--------------------------------------------------
round  1, metrics=<sparse_categorical_accuracy=0.17133332788944244,loss=2.2751970291137695>
15.2399 seconds
Tested. Sparse categorical accuracy: 33.33

round  2, metrics=<sparse_categorical_accuracy=0.2900833189487457,loss=2.19112491607666>
14.3950 seconds
Tested. Sparse categorical accuracy: 33.33

round  3, metrics=<sparse_categorical_accuracy=0.4426666796207428,loss=1.870648980140686>
15.0393 seconds
Tested. Sparse categorical accuracy: 60.00

3  rounds run
Average time per round: 14.00

2020-06-25 18:14:23.674315
