
TENSORFLOW USERS:
You must use the python3.6-anaconda/5.2.0 module to run TensorFlow.
See https://arc-ts.umich.edu/greatlakes/software/tensorflow for more
information.



The following have been reloaded with a version change:
  1) cuda/10.0.130 => cuda/10.1.105


Currently Loaded Modules:
  1) python3.7-anaconda/2019.07   2) cudnn/10.0-v7.6   3) cuda/10.1.105

 

mkdir: cannot create directory ‘results/8194978’: File exists
mkdir: cannot create directory ‘results/8194978/log’: File exists
Test  421
2020-06-25 18:20:24.454769


Schema 1: Each client partially IID
--------------------------------------------------
percent data distributed IID:  80
number of classes for non-IID data:  2
data points per client (mean, std dev): ( 600 ,  0 )
--------------------------------------------------
round  1, metrics=<sparse_categorical_accuracy=0.09566666930913925,loss=2.30318284034729>
3.7448 seconds
Tested. Sparse categorical accuracy: 3.33

round  2, metrics=<sparse_categorical_accuracy=0.09366666525602341,loss=2.2931978702545166>
3.8407 seconds
Tested. Sparse categorical accuracy: 15.00

round  3, metrics=<sparse_categorical_accuracy=0.16833333671092987,loss=2.269583225250244>
3.6456 seconds
Tested. Sparse categorical accuracy: 31.67

round  4, metrics=<sparse_categorical_accuracy=0.15533334016799927,loss=2.2320046424865723>
3.7640 seconds
Tested. Sparse categorical accuracy: 43.33

round  5, metrics=<sparse_categorical_accuracy=0.2423333376646042,loss=2.106992244720459>
3.7914 seconds
Tested. Sparse categorical accuracy: 48.33

round  6, metrics=<sparse_categorical_accuracy=0.2823333442211151,loss=2.4016451835632324>
3.7214 seconds
Tested. Sparse categorical accuracy: 41.67

round  7, metrics=<sparse_categorical_accuracy=0.3449999988079071,loss=2.1653003692626953>
3.7866 seconds
Tested. Sparse categorical accuracy: 51.67

round  8, metrics=<sparse_categorical_accuracy=0.5,loss=1.7740718126296997>
3.7487 seconds
Tested. Sparse categorical accuracy: 11.67

round  9, metrics=<sparse_categorical_accuracy=0.4059999883174896,loss=1.8988851308822632>
3.6281 seconds
Tested. Sparse categorical accuracy: 65.00

round 10, metrics=<sparse_categorical_accuracy=0.534333348274231,loss=1.5005155801773071>
3.7156 seconds
Tested. Sparse categorical accuracy: 86.67

round 11, metrics=<sparse_categorical_accuracy=0.6359999775886536,loss=1.3060873746871948>
3.7590 seconds
Tested. Sparse categorical accuracy: 53.33

round 12, metrics=<sparse_categorical_accuracy=0.656333327293396,loss=1.0713995695114136>
3.6832 seconds
Tested. Sparse categorical accuracy: 70.00

12  rounds run
Average time per round: 3.00

2020-06-25 18:21:17.996796
