
TENSORFLOW USERS:
You must use the python3.6-anaconda/5.2.0 module to run TensorFlow.
See https://arc-ts.umich.edu/greatlakes/software/tensorflow for more
information.



The following have been reloaded with a version change:
  1) cuda/10.0.130 => cuda/10.1.105


Currently Loaded Modules:
  1) python3.7-anaconda/2019.07   2) cudnn/10.0-v7.6   3) cuda/10.1.105

 

mkdir: cannot create directory ‘results/8194978’: File exists
mkdir: cannot create directory ‘results/8194978/log’: File exists
Test  357
2020-06-25 18:15:36.777316


Schema 1: Each client partially IID
--------------------------------------------------
percent data distributed IID:  80
number of classes for non-IID data:  2
data points per client (mean, std dev): ( 600 ,  0 )
--------------------------------------------------
round  1, metrics=<sparse_categorical_accuracy=0.1289999932050705,loss=2.283055067062378>
8.7640 seconds
Tested. Sparse categorical accuracy: 3.33

round  2, metrics=<sparse_categorical_accuracy=0.12166666984558105,loss=2.225297451019287>
8.5802 seconds
Tested. Sparse categorical accuracy: 23.33

round  3, metrics=<sparse_categorical_accuracy=0.29483333230018616,loss=2.1980462074279785>
8.6555 seconds
Tested. Sparse categorical accuracy: 36.67

round  4, metrics=<sparse_categorical_accuracy=0.35199999809265137,loss=2.25394868850708>
8.6956 seconds
Tested. Sparse categorical accuracy: 53.33

round  5, metrics=<sparse_categorical_accuracy=0.5055000185966492,loss=1.85905122756958>
8.2872 seconds
Tested. Sparse categorical accuracy: 76.67

round  6, metrics=<sparse_categorical_accuracy=0.5356666445732117,loss=1.649362325668335>
8.8077 seconds
Tested. Sparse categorical accuracy: 76.67

6  rounds run
Average time per round: 8.00

2020-06-25 18:16:38.075493
