
TENSORFLOW USERS:
You must use the python3.6-anaconda/5.2.0 module to run TensorFlow.
See https://arc-ts.umich.edu/greatlakes/software/tensorflow for more
information.



The following have been reloaded with a version change:
  1) cuda/10.0.130 => cuda/10.1.105


Currently Loaded Modules:
  1) python3.7-anaconda/2019.07   2) cudnn/10.0-v7.6   3) cuda/10.1.105

 

mkdir: cannot create directory ‘results/8194978’: File exists
mkdir: cannot create directory ‘results/8194978/log’: File exists
Test  206
2020-06-25 18:04:01.963333


Schema 1: Each client partially IID
--------------------------------------------------
percent data distributed IID:  80
number of classes for non-IID data:  2
data points per client (mean, std dev): ( 600 ,  0 )
--------------------------------------------------
round  1, metrics=<sparse_categorical_accuracy=0.10633333027362823,loss=2.3038971424102783>
3.7219 seconds
Tested. Sparse categorical accuracy: 6.67

round  2, metrics=<sparse_categorical_accuracy=0.11633333563804626,loss=2.2935397624969482>
3.7220 seconds
Tested. Sparse categorical accuracy: 20.00

round  3, metrics=<sparse_categorical_accuracy=0.15299999713897705,loss=2.2708897590637207>
3.6754 seconds
Tested. Sparse categorical accuracy: 8.33

round  4, metrics=<sparse_categorical_accuracy=0.11933333426713943,loss=2.2435944080352783>
3.7743 seconds
Tested. Sparse categorical accuracy: 35.00

round  5, metrics=<sparse_categorical_accuracy=0.3240000009536743,loss=2.1973063945770264>
3.7145 seconds
Tested. Sparse categorical accuracy: 45.00

round  6, metrics=<sparse_categorical_accuracy=0.41466665267944336,loss=2.340338706970215>
3.6331 seconds
Tested. Sparse categorical accuracy: 23.33

round  7, metrics=<sparse_categorical_accuracy=0.25699999928474426,loss=2.268502950668335>
3.7294 seconds
Tested. Sparse categorical accuracy: 28.33

round  8, metrics=<sparse_categorical_accuracy=0.34833332896232605,loss=2.208503007888794>
3.7130 seconds
Tested. Sparse categorical accuracy: 36.67

round  9, metrics=<sparse_categorical_accuracy=0.38999998569488525,loss=2.1119792461395264>
3.6719 seconds
Tested. Sparse categorical accuracy: 58.33

round 10, metrics=<sparse_categorical_accuracy=0.4533333480358124,loss=1.9406442642211914>
3.6467 seconds
Tested. Sparse categorical accuracy: 58.33

round 11, metrics=<sparse_categorical_accuracy=0.5026666522026062,loss=1.6999356746673584>
3.7098 seconds
Tested. Sparse categorical accuracy: 56.67

round 12, metrics=<sparse_categorical_accuracy=0.6159999966621399,loss=1.2528584003448486>
3.6061 seconds
Tested. Sparse categorical accuracy: 73.33

12  rounds run
Average time per round: 3.00

2020-06-25 18:04:54.977857
