
TENSORFLOW USERS:
You must use the python3.6-anaconda/5.2.0 module to run TensorFlow.
See https://arc-ts.umich.edu/greatlakes/software/tensorflow for more
information.



The following have been reloaded with a version change:
  1) cuda/10.0.130 => cuda/10.1.105


Currently Loaded Modules:
  1) python3.7-anaconda/2019.07   2) cudnn/10.0-v7.6   3) cuda/10.1.105

 

mkdir: cannot create directory ‘results/8194978’: File exists
mkdir: cannot create directory ‘results/8194978/log’: File exists
Test  271
2020-06-25 18:09:07.577515


Schema 1: Each client partially IID
--------------------------------------------------
percent data distributed IID:  80
number of classes for non-IID data:  2
data points per client (mean, std dev): ( 600 ,  0 )
--------------------------------------------------
round  1, metrics=<sparse_categorical_accuracy=0.09566666930913925,loss=2.3057868480682373>
4.1155 seconds
Tested. Sparse categorical accuracy: 6.67

round  2, metrics=<sparse_categorical_accuracy=0.10366666316986084,loss=2.2907543182373047>
4.1751 seconds
Tested. Sparse categorical accuracy: 13.33

round  3, metrics=<sparse_categorical_accuracy=0.1509999930858612,loss=2.2649335861206055>
4.0187 seconds
Tested. Sparse categorical accuracy: 28.33

round  4, metrics=<sparse_categorical_accuracy=0.17800000309944153,loss=2.2036049365997314>
3.9490 seconds
Tested. Sparse categorical accuracy: 28.33

round  5, metrics=<sparse_categorical_accuracy=0.29766666889190674,loss=2.114684820175171>
4.1250 seconds
Tested. Sparse categorical accuracy: 71.67

round  6, metrics=<sparse_categorical_accuracy=0.2770000100135803,loss=2.2702667713165283>
4.0201 seconds
Tested. Sparse categorical accuracy: 40.00

round  7, metrics=<sparse_categorical_accuracy=0.4506666660308838,loss=1.9236418008804321>
4.1413 seconds
Tested. Sparse categorical accuracy: 66.67

round  8, metrics=<sparse_categorical_accuracy=0.367000013589859,loss=2.2710907459259033>
4.1064 seconds
Tested. Sparse categorical accuracy: 46.67

round  9, metrics=<sparse_categorical_accuracy=0.46933332085609436,loss=1.6741806268692017>
4.4459 seconds
Tested. Sparse categorical accuracy: 61.67

round 10, metrics=<sparse_categorical_accuracy=0.4466666579246521,loss=2.3065185546875>
4.0782 seconds
Tested. Sparse categorical accuracy: 65.00

round 11, metrics=<sparse_categorical_accuracy=0.5226666927337646,loss=1.589678406715393>
4.1181 seconds
Tested. Sparse categorical accuracy: 90.00

round 12, metrics=<sparse_categorical_accuracy=0.6466666460037231,loss=1.2455486059188843>
4.1343 seconds
Tested. Sparse categorical accuracy: 88.33

12  rounds run
Average time per round: 4.00

2020-06-25 18:10:06.486505
