
TENSORFLOW USERS:
You must use the python3.6-anaconda/5.2.0 module to run TensorFlow.
See https://arc-ts.umich.edu/greatlakes/software/tensorflow for more
information.



The following have been reloaded with a version change:
  1) cuda/10.0.130 => cuda/10.1.105


Currently Loaded Modules:
  1) python3.7-anaconda/2019.07   2) cudnn/10.0-v7.6   3) cuda/10.1.105

 

mkdir: cannot create directory ‘results/8194978’: File exists
mkdir: cannot create directory ‘results/8194978/log’: File exists
Test  332
2020-06-25 18:13:41.902274


Schema 1: Each client partially IID
--------------------------------------------------
percent data distributed IID:  80
number of classes for non-IID data:  2
data points per client (mean, std dev): ( 600 ,  0 )
--------------------------------------------------
round  1, metrics=<sparse_categorical_accuracy=0.15216666460037231,loss=2.2795863151550293>
7.4825 seconds
Tested. Sparse categorical accuracy: 23.33

round  2, metrics=<sparse_categorical_accuracy=0.21250000596046448,loss=2.2302536964416504>
7.0568 seconds
Tested. Sparse categorical accuracy: 36.67

round  3, metrics=<sparse_categorical_accuracy=0.320333331823349,loss=2.3159732818603516>
7.3280 seconds
Tested. Sparse categorical accuracy: 10.00

round  4, metrics=<sparse_categorical_accuracy=0.23083333671092987,loss=2.215440034866333>
6.9912 seconds
Tested. Sparse categorical accuracy: 63.33

round  5, metrics=<sparse_categorical_accuracy=0.4154999852180481,loss=2.0323402881622314>
6.7434 seconds
Tested. Sparse categorical accuracy: 53.33

round  6, metrics=<sparse_categorical_accuracy=0.5821666717529297,loss=1.563435673713684>
6.5455 seconds
Tested. Sparse categorical accuracy: 60.00

6  rounds run
Average time per round: 7.00

2020-06-25 18:14:32.330571
