
TENSORFLOW USERS:
You must use the python3.6-anaconda/5.2.0 module to run TensorFlow.
See https://arc-ts.umich.edu/greatlakes/software/tensorflow for more
information.



The following have been reloaded with a version change:
  1) cuda/10.0.130 => cuda/10.1.105


Currently Loaded Modules:
  1) python3.7-anaconda/2019.07   2) cudnn/10.0-v7.6   3) cuda/10.1.105

 

mkdir: cannot create directory ‘results/8194978’: File exists
mkdir: cannot create directory ‘results/8194978/log’: File exists
Test  173
2020-06-25 18:01:40.237967


Schema 1: Each client partially IID
--------------------------------------------------
percent data distributed IID:  80
number of classes for non-IID data:  2
data points per client (mean, std dev): ( 600 ,  0 )
--------------------------------------------------
round  1, metrics=<sparse_categorical_accuracy=0.13366666436195374,loss=2.2786667346954346>
12.2470 seconds
Tested. Sparse categorical accuracy: 45.00

round  2, metrics=<sparse_categorical_accuracy=0.2321111112833023,loss=2.1995506286621094>
11.4364 seconds
Tested. Sparse categorical accuracy: 65.00

round  3, metrics=<sparse_categorical_accuracy=0.3108888864517212,loss=2.2134695053100586>
11.6758 seconds
Tested. Sparse categorical accuracy: 60.00

round  4, metrics=<sparse_categorical_accuracy=0.5008888840675354,loss=1.7218146324157715>
10.4840 seconds
Tested. Sparse categorical accuracy: 70.00

4  rounds run
Average time per round: 11.00

2020-06-25 18:02:34.327965
