
TENSORFLOW USERS:
You must use the python3.6-anaconda/5.2.0 module to run TensorFlow.
See https://arc-ts.umich.edu/greatlakes/software/tensorflow for more
information.



The following have been reloaded with a version change:
  1) cuda/10.0.130 => cuda/10.1.105


Currently Loaded Modules:
  1) python3.7-anaconda/2019.07   2) cudnn/10.0-v7.6   3) cuda/10.1.105

 

mkdir: cannot create directory ‘results/8194978’: File exists
mkdir: cannot create directory ‘results/8194978/log’: File exists
Test  227
2020-06-25 18:05:46.326780


Schema 1: Each client partially IID
--------------------------------------------------
percent data distributed IID:  80
number of classes for non-IID data:  2
data points per client (mean, std dev): ( 600 ,  0 )
--------------------------------------------------
round  1, metrics=<sparse_categorical_accuracy=0.1574999988079071,loss=2.284865140914917>
7.7793 seconds
Tested. Sparse categorical accuracy: 3.33

round  2, metrics=<sparse_categorical_accuracy=0.18583333492279053,loss=2.2486703395843506>
7.4303 seconds
Tested. Sparse categorical accuracy: 46.67

round  3, metrics=<sparse_categorical_accuracy=0.26633334159851074,loss=2.373990297317505>
7.0337 seconds
Tested. Sparse categorical accuracy: 13.33

round  4, metrics=<sparse_categorical_accuracy=0.14883333444595337,loss=2.28336501121521>
7.5195 seconds
Tested. Sparse categorical accuracy: 13.33

round  5, metrics=<sparse_categorical_accuracy=0.19316667318344116,loss=2.242128372192383>
6.8475 seconds
Tested. Sparse categorical accuracy: 36.67

round  6, metrics=<sparse_categorical_accuracy=0.3278333246707916,loss=2.17264723777771>
7.4780 seconds
Tested. Sparse categorical accuracy: 33.33

6  rounds run
Average time per round: 7.00

2020-06-25 18:06:39.237073
