
TENSORFLOW USERS:
You must use the python3.6-anaconda/5.2.0 module to run TensorFlow.
See https://arc-ts.umich.edu/greatlakes/software/tensorflow for more
information.



The following have been reloaded with a version change:
  1) cuda/10.0.130 => cuda/10.1.105


Currently Loaded Modules:
  1) python3.7-anaconda/2019.07   2) cudnn/10.0-v7.6   3) cuda/10.1.105

 

mkdir: cannot create directory ‘results/8194978’: File exists
mkdir: cannot create directory ‘results/8194978/log’: File exists
Test  298
2020-06-25 18:11:04.141879


Schema 1: Each client partially IID
--------------------------------------------------
percent data distributed IID:  80
number of classes for non-IID data:  2
data points per client (mean, std dev): ( 600 ,  0 )
--------------------------------------------------
round  1, metrics=<sparse_categorical_accuracy=0.12244444340467453,loss=2.272451162338257>
10.5551 seconds
Tested. Sparse categorical accuracy: 55.00

round  2, metrics=<sparse_categorical_accuracy=0.244111105799675,loss=2.200589656829834>
9.7024 seconds
Tested. Sparse categorical accuracy: 40.00

round  3, metrics=<sparse_categorical_accuracy=0.3610000014305115,loss=2.1304104328155518>
9.7886 seconds
Tested. Sparse categorical accuracy: 55.00

round  4, metrics=<sparse_categorical_accuracy=0.538777768611908,loss=1.628544569015503>
9.4521 seconds
Tested. Sparse categorical accuracy: 85.00

4  rounds run
Average time per round: 9.00

2020-06-25 18:11:51.282519
