
TENSORFLOW USERS:
You must use the python3.6-anaconda/5.2.0 module to run TensorFlow.
See https://arc-ts.umich.edu/greatlakes/software/tensorflow for more
information.



The following have been reloaded with a version change:
  1) cuda/10.0.130 => cuda/10.1.105


Currently Loaded Modules:
  1) python3.7-anaconda/2019.07   2) cudnn/10.0-v7.6   3) cuda/10.1.105

 

mkdir: cannot create directory ‘results/8194978’: File exists
mkdir: cannot create directory ‘results/8194978/log’: File exists
Test  365
2020-06-25 18:16:12.428404


Schema 1: Each client partially IID
--------------------------------------------------
percent data distributed IID:  80
number of classes for non-IID data:  2
data points per client (mean, std dev): ( 600 ,  0 )
--------------------------------------------------
round  1, metrics=<sparse_categorical_accuracy=0.1850000023841858,loss=2.24442720413208>
23.9230 seconds
Tested. Sparse categorical accuracy: 70.00

round  2, metrics=<sparse_categorical_accuracy=0.449611097574234,loss=1.8798309564590454>
21.5099 seconds
Tested. Sparse categorical accuracy: 100.00

2  rounds run
Average time per round: 22.00

2020-06-25 18:17:05.440925
