
TENSORFLOW USERS:
You must use the python3.6-anaconda/5.2.0 module to run TensorFlow.
See https://arc-ts.umich.edu/greatlakes/software/tensorflow for more
information.



The following have been reloaded with a version change:
  1) cuda/10.0.130 => cuda/10.1.105


Currently Loaded Modules:
  1) python3.7-anaconda/2019.07   2) cudnn/10.0-v7.6   3) cuda/10.1.105

 

mkdir: cannot create directory ‘results/8194978’: File exists
mkdir: cannot create directory ‘results/8194978/log’: File exists
Test  232
2020-06-25 18:06:12.601408


Schema 1: Each client partially IID
--------------------------------------------------
percent data distributed IID:  80
number of classes for non-IID data:  2
data points per client (mean, std dev): ( 600 ,  0 )
--------------------------------------------------
round  1, metrics=<sparse_categorical_accuracy=0.14266666769981384,loss=2.2870676517486572>
7.0386 seconds
Tested. Sparse categorical accuracy: 23.33

round  2, metrics=<sparse_categorical_accuracy=0.16466666758060455,loss=2.2491509914398193>
6.9818 seconds
Tested. Sparse categorical accuracy: 30.00

round  3, metrics=<sparse_categorical_accuracy=0.31200000643730164,loss=2.1375718116760254>
6.7832 seconds
Tested. Sparse categorical accuracy: 70.00

round  4, metrics=<sparse_categorical_accuracy=0.4951666593551636,loss=1.7287859916687012>
6.5523 seconds
Tested. Sparse categorical accuracy: 83.33

round  5, metrics=<sparse_categorical_accuracy=0.43650001287460327,loss=2.086921453475952>
6.7914 seconds
Tested. Sparse categorical accuracy: 50.00

round  6, metrics=<sparse_categorical_accuracy=0.6554999947547913,loss=1.1390719413757324>
6.7199 seconds
Tested. Sparse categorical accuracy: 83.33

6  rounds run
Average time per round: 6.00

2020-06-25 18:07:01.461805
