
TENSORFLOW USERS:
You must use the python3.6-anaconda/5.2.0 module to run TensorFlow.
See https://arc-ts.umich.edu/greatlakes/software/tensorflow for more
information.



The following have been reloaded with a version change:
  1) cuda/10.0.130 => cuda/10.1.105


Currently Loaded Modules:
  1) python3.7-anaconda/2019.07   2) cudnn/10.0-v7.6   3) cuda/10.1.105

 

mkdir: cannot create directory ‘results/8194978’: File exists
mkdir: cannot create directory ‘results/8194978/log’: File exists
Test  207
2020-06-25 18:04:16.497138


Schema 1: Each client partially IID
--------------------------------------------------
percent data distributed IID:  80
number of classes for non-IID data:  2
data points per client (mean, std dev): ( 600 ,  0 )
--------------------------------------------------
round  1, metrics=<sparse_categorical_accuracy=0.08133333176374435,loss=2.2871334552764893>
8.8773 seconds
Tested. Sparse categorical accuracy: 13.33

round  2, metrics=<sparse_categorical_accuracy=0.1315000057220459,loss=2.2454020977020264>
8.5986 seconds
Tested. Sparse categorical accuracy: 26.67

round  3, metrics=<sparse_categorical_accuracy=0.2849999964237213,loss=2.2113864421844482>
8.3119 seconds
Tested. Sparse categorical accuracy: 63.33

round  4, metrics=<sparse_categorical_accuracy=0.33766666054725647,loss=2.1536927223205566>
8.0743 seconds
Tested. Sparse categorical accuracy: 46.67

round  5, metrics=<sparse_categorical_accuracy=0.4345000088214874,loss=1.8421316146850586>
8.5507 seconds
Tested. Sparse categorical accuracy: 66.67

round  6, metrics=<sparse_categorical_accuracy=0.5809999704360962,loss=1.475555658340454>
8.1869 seconds
Tested. Sparse categorical accuracy: 86.67

6  rounds run
Average time per round: 8.00

2020-06-25 18:05:16.569417
