
TENSORFLOW USERS:
You must use the python3.6-anaconda/5.2.0 module to run TensorFlow.
See https://arc-ts.umich.edu/greatlakes/software/tensorflow for more
information.



The following have been reloaded with a version change:
  1) cuda/10.0.130 => cuda/10.1.105


Currently Loaded Modules:
  1) python3.7-anaconda/2019.07   2) cudnn/10.0-v7.6   3) cuda/10.1.105

 

mkdir: cannot create directory ‘results/8194978’: File exists
mkdir: cannot create directory ‘results/8194978/log’: File exists
Test  396
2020-06-25 18:18:31.943348


Schema 1: Each client partially IID
--------------------------------------------------
percent data distributed IID:  80
number of classes for non-IID data:  2
data points per client (mean, std dev): ( 600 ,  0 )
--------------------------------------------------
round  1, metrics=<sparse_categorical_accuracy=0.10533333569765091,loss=2.302259683609009>
3.7418 seconds
Tested. Sparse categorical accuracy: 16.67

round  2, metrics=<sparse_categorical_accuracy=0.11299999803304672,loss=2.291891574859619>
3.8603 seconds
Tested. Sparse categorical accuracy: 21.67

round  3, metrics=<sparse_categorical_accuracy=0.10566666722297668,loss=2.263638496398926>
3.7010 seconds
Tested. Sparse categorical accuracy: 6.67

round  4, metrics=<sparse_categorical_accuracy=0.1653333306312561,loss=2.22491717338562>
3.7922 seconds
Tested. Sparse categorical accuracy: 13.33

round  5, metrics=<sparse_categorical_accuracy=0.3023333251476288,loss=2.1542880535125732>
3.7667 seconds
Tested. Sparse categorical accuracy: 55.00

round  6, metrics=<sparse_categorical_accuracy=0.46700000762939453,loss=2.0637853145599365>
3.7043 seconds
Tested. Sparse categorical accuracy: 50.00

round  7, metrics=<sparse_categorical_accuracy=0.421999990940094,loss=2.2433114051818848>
3.7697 seconds
Tested. Sparse categorical accuracy: 31.67

round  8, metrics=<sparse_categorical_accuracy=0.343666672706604,loss=2.1622462272644043>
3.7009 seconds
Tested. Sparse categorical accuracy: 55.00

round  9, metrics=<sparse_categorical_accuracy=0.4143333435058594,loss=1.8023675680160522>
3.6451 seconds
Tested. Sparse categorical accuracy: 61.67

round 10, metrics=<sparse_categorical_accuracy=0.5180000066757202,loss=1.537065863609314>
3.7205 seconds
Tested. Sparse categorical accuracy: 61.67

round 11, metrics=<sparse_categorical_accuracy=0.6039999723434448,loss=1.3832807540893555>
3.7201 seconds
Tested. Sparse categorical accuracy: 61.67

round 12, metrics=<sparse_categorical_accuracy=0.6866666674613953,loss=1.0628117322921753>
3.6149 seconds
Tested. Sparse categorical accuracy: 81.67

12  rounds run
Average time per round: 3.00

2020-06-25 18:19:25.390447
