
TENSORFLOW USERS:
You must use the python3.6-anaconda/5.2.0 module to run TensorFlow.
See https://arc-ts.umich.edu/greatlakes/software/tensorflow for more
information.



The following have been reloaded with a version change:
  1) cuda/10.0.130 => cuda/10.1.105


Currently Loaded Modules:
  1) python3.7-anaconda/2019.07   2) cudnn/10.0-v7.6   3) cuda/10.1.105

 

mkdir: cannot create directory ‘results/8194978’: File exists
mkdir: cannot create directory ‘results/8194978/log’: File exists
Test  252
2020-06-25 18:07:34.262719


Schema 1: Each client partially IID
--------------------------------------------------
percent data distributed IID:  80
number of classes for non-IID data:  2
data points per client (mean, std dev): ( 600 ,  0 )
--------------------------------------------------
round  1, metrics=<sparse_categorical_accuracy=0.15783333778381348,loss=2.2822425365448>
9.2168 seconds
Tested. Sparse categorical accuracy: 3.33

round  2, metrics=<sparse_categorical_accuracy=0.21166667342185974,loss=2.2594573497772217>
8.6304 seconds
Tested. Sparse categorical accuracy: 46.67

round  3, metrics=<sparse_categorical_accuracy=0.398333340883255,loss=2.224407911300659>
8.2570 seconds
Tested. Sparse categorical accuracy: 53.33

round  4, metrics=<sparse_categorical_accuracy=0.43650001287460327,loss=2.1582283973693848>
8.3098 seconds
Tested. Sparse categorical accuracy: 43.33

round  5, metrics=<sparse_categorical_accuracy=0.5318333506584167,loss=1.9289937019348145>
8.3082 seconds
Tested. Sparse categorical accuracy: 56.67

round  6, metrics=<sparse_categorical_accuracy=0.6046666502952576,loss=1.3870261907577515>
8.1541 seconds
Tested. Sparse categorical accuracy: 50.00

6  rounds run
Average time per round: 8.00

2020-06-25 18:08:34.838918
