
TENSORFLOW USERS:
You must use the python3.6-anaconda/5.2.0 module to run TensorFlow.
See https://arc-ts.umich.edu/greatlakes/software/tensorflow for more
information.



The following have been reloaded with a version change:
  1) cuda/10.0.130 => cuda/10.1.105


Currently Loaded Modules:
  1) python3.7-anaconda/2019.07   2) cudnn/10.0-v7.6   3) cuda/10.1.105

 

mkdir: cannot create directory ‘results/8194978’: File exists
mkdir: cannot create directory ‘results/8194978/log’: File exists
Test  303
2020-06-25 18:11:32.011662


Schema 1: Each client partially IID
--------------------------------------------------
percent data distributed IID:  80
number of classes for non-IID data:  2
data points per client (mean, std dev): ( 600 ,  0 )
--------------------------------------------------
round  1, metrics=<sparse_categorical_accuracy=0.12933333218097687,loss=2.2751808166503906>
11.3895 seconds
Tested. Sparse categorical accuracy: 45.00

round  2, metrics=<sparse_categorical_accuracy=0.26100000739097595,loss=2.242152690887451>
10.7468 seconds
Tested. Sparse categorical accuracy: 45.00

round  3, metrics=<sparse_categorical_accuracy=0.42100000381469727,loss=2.0596699714660645>
10.7999 seconds
Tested. Sparse categorical accuracy: 35.00

round  4, metrics=<sparse_categorical_accuracy=0.5554444193840027,loss=1.595470905303955>
10.7102 seconds
Tested. Sparse categorical accuracy: 45.00

4  rounds run
Average time per round: 10.00

2020-06-25 18:12:23.686362
