
TENSORFLOW USERS:
You must use the python3.6-anaconda/5.2.0 module to run TensorFlow.
See https://arc-ts.umich.edu/greatlakes/software/tensorflow for more
information.



The following have been reloaded with a version change:
  1) cuda/10.0.130 => cuda/10.1.105


Currently Loaded Modules:
  1) python3.7-anaconda/2019.07   2) cudnn/10.0-v7.6   3) cuda/10.1.105

 

mkdir: cannot create directory ‘results/8194978’: File exists
mkdir: cannot create directory ‘results/8194978/log’: File exists
Test  104
2020-06-25 17:56:17.106412


Schema 1: Each client partially IID
--------------------------------------------------
percent data distributed IID:  80
number of classes for non-IID data:  2
data points per client (mean, std dev): ( 600 ,  0 )
--------------------------------------------------
round  1, metrics=<sparse_categorical_accuracy=0.19499999284744263,loss=2.2900216579437256>
14.8931 seconds
Tested. Sparse categorical accuracy: 13.33

round  2, metrics=<sparse_categorical_accuracy=0.20633333921432495,loss=2.247959852218628>
13.5015 seconds
Tested. Sparse categorical accuracy: 53.33

round  3, metrics=<sparse_categorical_accuracy=0.39391666650772095,loss=2.0173606872558594>
13.6218 seconds
Tested. Sparse categorical accuracy: 60.00

3  rounds run
Average time per round: 14.00

2020-06-25 17:57:06.843890
