
TENSORFLOW USERS:
You must use the python3.6-anaconda/5.2.0 module to run TensorFlow.
See https://arc-ts.umich.edu/greatlakes/software/tensorflow for more
information.



The following have been reloaded with a version change:
  1) cuda/10.0.130 => cuda/10.1.105


Currently Loaded Modules:
  1) python3.7-anaconda/2019.07   2) cudnn/10.0-v7.6   3) cuda/10.1.105

 

mkdir: cannot create directory ‘results/8194978’: File exists
mkdir: cannot create directory ‘results/8194978/log’: File exists
Test  313
2020-06-25 18:12:25.178826


Schema 1: Each client partially IID
--------------------------------------------------
percent data distributed IID:  80
number of classes for non-IID data:  2
data points per client (mean, std dev): ( 600 ,  0 )
--------------------------------------------------
round  1, metrics=<sparse_categorical_accuracy=0.16522222757339478,loss=2.2703068256378174>
10.9986 seconds
Tested. Sparse categorical accuracy: 50.00

round  2, metrics=<sparse_categorical_accuracy=0.2893333435058594,loss=2.2100250720977783>
10.2727 seconds
Tested. Sparse categorical accuracy: 40.00

round  3, metrics=<sparse_categorical_accuracy=0.40211111307144165,loss=2.086127996444702>
10.0733 seconds
Tested. Sparse categorical accuracy: 45.00

round  4, metrics=<sparse_categorical_accuracy=0.5458889007568359,loss=1.551909327507019>
10.1647 seconds
Tested. Sparse categorical accuracy: 60.00

4  rounds run
Average time per round: 10.00

2020-06-25 18:13:14.563042
