
TENSORFLOW USERS:
You must use the python3.6-anaconda/5.2.0 module to run TensorFlow.
See https://arc-ts.umich.edu/greatlakes/software/tensorflow for more
information.



The following have been reloaded with a version change:
  1) cuda/10.0.130 => cuda/10.1.105


Currently Loaded Modules:
  1) python3.7-anaconda/2019.07   2) cudnn/10.0-v7.6   3) cuda/10.1.105

 

mkdir: cannot create directory ‘results/8194978’: File exists
mkdir: cannot create directory ‘results/8194978/log’: File exists
Test  499
2020-06-25 18:26:27.511465


Schema 1: Each client partially IID
--------------------------------------------------
percent data distributed IID:  80
number of classes for non-IID data:  2
data points per client (mean, std dev): ( 600 ,  0 )
--------------------------------------------------
round  1, metrics=<sparse_categorical_accuracy=0.16599999368190765,loss=2.2621121406555176>
14.7454 seconds
Tested. Sparse categorical accuracy: 6.67

round  2, metrics=<sparse_categorical_accuracy=0.31216666102409363,loss=2.1472325325012207>
13.3126 seconds
Tested. Sparse categorical accuracy: 80.00

round  3, metrics=<sparse_categorical_accuracy=0.4793333411216736,loss=1.8151417970657349>
13.0743 seconds
Tested. Sparse categorical accuracy: 73.33

3  rounds run
Average time per round: 13.00

2020-06-25 18:27:16.175894
