
TENSORFLOW USERS:
You must use the python3.6-anaconda/5.2.0 module to run TensorFlow.
See https://arc-ts.umich.edu/greatlakes/software/tensorflow for more
information.



The following have been reloaded with a version change:
  1) cuda/10.0.130 => cuda/10.1.105


Currently Loaded Modules:
  1) python3.7-anaconda/2019.07   2) cudnn/10.0-v7.6   3) cuda/10.1.105

 

mkdir: cannot create directory ‘results/8194978’: File exists
mkdir: cannot create directory ‘results/8194978/log’: File exists
Test  11
2020-06-25 17:48:57.974533


Schema 1: Each client partially IID
--------------------------------------------------
percent data distributed IID:  80
number of classes for non-IID data:  2
data points per client (mean, std dev): ( 600 ,  0 )
--------------------------------------------------
round  1, metrics=<sparse_categorical_accuracy=0.09099999815225601,loss=2.3011913299560547>
4.8821 seconds
Tested. Sparse categorical accuracy: 11.67

round  2, metrics=<sparse_categorical_accuracy=0.10700000077486038,loss=2.2944836616516113>
4.5234 seconds
Tested. Sparse categorical accuracy: 15.00

round  3, metrics=<sparse_categorical_accuracy=0.12600000202655792,loss=2.276686191558838>
4.5559 seconds
Tested. Sparse categorical accuracy: 16.67

round  4, metrics=<sparse_categorical_accuracy=0.16500000655651093,loss=2.249333143234253>
4.4290 seconds
Tested. Sparse categorical accuracy: 13.33

round  5, metrics=<sparse_categorical_accuracy=0.19566667079925537,loss=2.1658174991607666>
4.3721 seconds
Tested. Sparse categorical accuracy: 30.00

round  6, metrics=<sparse_categorical_accuracy=0.3160000145435333,loss=2.334791421890259>
4.3823 seconds
Tested. Sparse categorical accuracy: 50.00

round  7, metrics=<sparse_categorical_accuracy=0.28299999237060547,loss=2.2503671646118164>
4.4158 seconds
Tested. Sparse categorical accuracy: 35.00

round  8, metrics=<sparse_categorical_accuracy=0.29233333468437195,loss=2.151637077331543>
4.9171 seconds
Tested. Sparse categorical accuracy: 41.67

round  9, metrics=<sparse_categorical_accuracy=0.4246666729450226,loss=2.0066823959350586>
4.5917 seconds
Tested. Sparse categorical accuracy: 48.33

round 10, metrics=<sparse_categorical_accuracy=0.4503333270549774,loss=1.8870328664779663>
4.2059 seconds
Tested. Sparse categorical accuracy: 60.00

round 11, metrics=<sparse_categorical_accuracy=0.625,loss=1.3383928537368774>
4.6704 seconds
Tested. Sparse categorical accuracy: 65.00

round 12, metrics=<sparse_categorical_accuracy=0.6263333559036255,loss=1.4385836124420166>
4.7804 seconds
Tested. Sparse categorical accuracy: 53.33

12  rounds run
Average time per round: 4.00

2020-06-25 17:50:02.946317
