
TENSORFLOW USERS:
You must use the python3.6-anaconda/5.2.0 module to run TensorFlow.
See https://arc-ts.umich.edu/greatlakes/software/tensorflow for more
information.



The following have been reloaded with a version change:
  1) cuda/10.0.130 => cuda/10.1.105


Currently Loaded Modules:
  1) python3.7-anaconda/2019.07   2) cudnn/10.0-v7.6   3) cuda/10.1.105

 

mkdir: cannot create directory ‘results/8194978’: File exists
mkdir: cannot create directory ‘results/8194978/log’: File exists
Test  468
2020-06-25 18:24:21.601313


Schema 1: Each client partially IID
--------------------------------------------------
percent data distributed IID:  80
number of classes for non-IID data:  2
data points per client (mean, std dev): ( 600 ,  0 )
--------------------------------------------------
round  1, metrics=<sparse_categorical_accuracy=0.15000000596046448,loss=2.273125410079956>
11.6360 seconds
Tested. Sparse categorical accuracy: 10.00

round  2, metrics=<sparse_categorical_accuracy=0.23688888549804688,loss=2.2054595947265625>
10.5415 seconds
Tested. Sparse categorical accuracy: 25.00

round  3, metrics=<sparse_categorical_accuracy=0.3943333327770233,loss=1.9941970109939575>
10.9033 seconds
Tested. Sparse categorical accuracy: 60.00

round  4, metrics=<sparse_categorical_accuracy=0.5686666369438171,loss=1.5027849674224854>
10.3173 seconds
Tested. Sparse categorical accuracy: 100.00

4  rounds run
Average time per round: 10.00

2020-06-25 18:25:12.914697
