
TENSORFLOW USERS:
You must use the python3.6-anaconda/5.2.0 module to run TensorFlow.
See https://arc-ts.umich.edu/greatlakes/software/tensorflow for more
information.



The following have been reloaded with a version change:
  1) cuda/10.0.130 => cuda/10.1.105


Currently Loaded Modules:
  1) python3.7-anaconda/2019.07   2) cudnn/10.0-v7.6   3) cuda/10.1.105

 

mkdir: cannot create directory ‘results/8194978’: File exists
mkdir: cannot create directory ‘results/8194978/log’: File exists
Test  220
2020-06-25 18:05:16.356413


Schema 1: Each client partially IID
--------------------------------------------------
percent data distributed IID:  80
number of classes for non-IID data:  2
data points per client (mean, std dev): ( 600 ,  0 )
--------------------------------------------------
round  1, metrics=<sparse_categorical_accuracy=0.21422222256660461,loss=2.252808094024658>
23.8029 seconds
Tested. Sparse categorical accuracy: 50.00

round  2, metrics=<sparse_categorical_accuracy=0.4341111183166504,loss=1.854344129562378>
20.8419 seconds
Tested. Sparse categorical accuracy: 70.00

2  rounds run
Average time per round: 22.00

2020-06-25 18:06:08.639657
