
TENSORFLOW USERS:
You must use the python3.6-anaconda/5.2.0 module to run TensorFlow.
See https://arc-ts.umich.edu/greatlakes/software/tensorflow for more
information.



The following have been reloaded with a version change:
  1) cuda/10.0.130 => cuda/10.1.105


Currently Loaded Modules:
  1) python3.7-anaconda/2019.07   2) cudnn/10.0-v7.6   3) cuda/10.1.105

 

mkdir: cannot create directory ‘results/8194978’: File exists
mkdir: cannot create directory ‘results/8194978/log’: File exists
Test  223
2020-06-25 18:05:26.300390


Schema 1: Each client partially IID
--------------------------------------------------
percent data distributed IID:  80
number of classes for non-IID data:  2
data points per client (mean, std dev): ( 600 ,  0 )
--------------------------------------------------
round  1, metrics=<sparse_categorical_accuracy=0.14522221684455872,loss=2.264697790145874>
11.5782 seconds
Tested. Sparse categorical accuracy: 30.00

round  2, metrics=<sparse_categorical_accuracy=0.2822222113609314,loss=2.26326322555542>
10.1575 seconds
Tested. Sparse categorical accuracy: 30.00

round  3, metrics=<sparse_categorical_accuracy=0.3798888921737671,loss=2.110018491744995>
10.8957 seconds
Tested. Sparse categorical accuracy: 65.00

round  4, metrics=<sparse_categorical_accuracy=0.5358889102935791,loss=1.6388826370239258>
9.7095 seconds
Tested. Sparse categorical accuracy: 65.00

4  rounds run
Average time per round: 10.00

2020-06-25 18:06:16.349130
