
TENSORFLOW USERS:
You must use the python3.6-anaconda/5.2.0 module to run TensorFlow.
See https://arc-ts.umich.edu/greatlakes/software/tensorflow for more
information.



The following have been reloaded with a version change:
  1) cuda/10.0.130 => cuda/10.1.105


Currently Loaded Modules:
  1) python3.7-anaconda/2019.07   2) cudnn/10.0-v7.6   3) cuda/10.1.105

 

mkdir: cannot create directory ‘results/8194978’: File exists
mkdir: cannot create directory ‘results/8194978/log’: File exists
Test  76
2020-06-25 17:54:08.291147


Schema 1: Each client partially IID
--------------------------------------------------
percent data distributed IID:  80
number of classes for non-IID data:  2
data points per client (mean, std dev): ( 600 ,  0 )
--------------------------------------------------
round  1, metrics=<sparse_categorical_accuracy=0.10499999672174454,loss=2.3031721115112305>
4.2366 seconds
Tested. Sparse categorical accuracy: 11.67

round  2, metrics=<sparse_categorical_accuracy=0.10300000011920929,loss=2.2956204414367676>
4.3765 seconds
Tested. Sparse categorical accuracy: 21.67

round  3, metrics=<sparse_categorical_accuracy=0.14366666972637177,loss=2.2854721546173096>
4.3914 seconds
Tested. Sparse categorical accuracy: 8.33

round  4, metrics=<sparse_categorical_accuracy=0.13966666162014008,loss=2.2583184242248535>
4.4675 seconds
Tested. Sparse categorical accuracy: 38.33

round  5, metrics=<sparse_categorical_accuracy=0.22333332896232605,loss=2.2193918228149414>
4.3283 seconds
Tested. Sparse categorical accuracy: 38.33

round  6, metrics=<sparse_categorical_accuracy=0.2653333246707916,loss=2.2267568111419678>
4.5888 seconds
Tested. Sparse categorical accuracy: 43.33

round  7, metrics=<sparse_categorical_accuracy=0.3296666741371155,loss=2.052475929260254>
4.6513 seconds
Tested. Sparse categorical accuracy: 60.00

round  8, metrics=<sparse_categorical_accuracy=0.3383333384990692,loss=2.853036403656006>
4.4641 seconds
Tested. Sparse categorical accuracy: 21.67

round  9, metrics=<sparse_categorical_accuracy=0.17800000309944153,loss=2.2927424907684326>
4.6936 seconds
Tested. Sparse categorical accuracy: 11.67

round 10, metrics=<sparse_categorical_accuracy=0.11733333021402359,loss=2.297698497772217>
4.6992 seconds
Tested. Sparse categorical accuracy: 10.00

round 11, metrics=<sparse_categorical_accuracy=0.13500000536441803,loss=2.2767183780670166>
4.5365 seconds
Tested. Sparse categorical accuracy: 16.67

round 12, metrics=<sparse_categorical_accuracy=0.22766666114330292,loss=2.2103357315063477>
4.5396 seconds
Tested. Sparse categorical accuracy: 26.67

12  rounds run
Average time per round: 4.00

2020-06-25 17:55:12.209117
