
TENSORFLOW USERS:
You must use the python3.6-anaconda/5.2.0 module to run TensorFlow.
See https://arc-ts.umich.edu/greatlakes/software/tensorflow for more
information.



The following have been reloaded with a version change:
  1) cuda/10.0.130 => cuda/10.1.105


Currently Loaded Modules:
  1) python3.7-anaconda/2019.07   2) cudnn/10.0-v7.6   3) cuda/10.1.105

 

mkdir: cannot create directory ‘results/8194978’: File exists
mkdir: cannot create directory ‘results/8194978/log’: File exists
Test  342
2020-06-25 18:14:30.086858


Schema 1: Each client partially IID
--------------------------------------------------
percent data distributed IID:  80
number of classes for non-IID data:  2
data points per client (mean, std dev): ( 600 ,  0 )
--------------------------------------------------
round  1, metrics=<sparse_categorical_accuracy=0.14133332669734955,loss=2.281507968902588>
9.0980 seconds
Tested. Sparse categorical accuracy: 53.33

round  2, metrics=<sparse_categorical_accuracy=0.21266666054725647,loss=2.2294366359710693>
8.5581 seconds
Tested. Sparse categorical accuracy: 63.33

round  3, metrics=<sparse_categorical_accuracy=0.35199999809265137,loss=2.2086634635925293>
8.5391 seconds
Tested. Sparse categorical accuracy: 36.67

round  4, metrics=<sparse_categorical_accuracy=0.4193333387374878,loss=1.9718341827392578>
8.5339 seconds
Tested. Sparse categorical accuracy: 53.33

round  5, metrics=<sparse_categorical_accuracy=0.5101666450500488,loss=1.8860944509506226>
8.3309 seconds
Tested. Sparse categorical accuracy: 73.33

round  6, metrics=<sparse_categorical_accuracy=0.6464999914169312,loss=1.1705348491668701>
8.6504 seconds
Tested. Sparse categorical accuracy: 96.67

6  rounds run
Average time per round: 8.00

2020-06-25 18:15:31.420536
