
TENSORFLOW USERS:
You must use the python3.6-anaconda/5.2.0 module to run TensorFlow.
See https://arc-ts.umich.edu/greatlakes/software/tensorflow for more
information.



The following have been reloaded with a version change:
  1) cuda/10.0.130 => cuda/10.1.105


Currently Loaded Modules:
  1) python3.7-anaconda/2019.07   2) cudnn/10.0-v7.6   3) cuda/10.1.105

 

mkdir: cannot create directory ‘results/8194978’: File exists
mkdir: cannot create directory ‘results/8194978/log’: File exists
Test  327
2020-06-25 18:13:27.312673


Schema 1: Each client partially IID
--------------------------------------------------
percent data distributed IID:  80
number of classes for non-IID data:  2
data points per client (mean, std dev): ( 600 ,  0 )
--------------------------------------------------
round  1, metrics=<sparse_categorical_accuracy=0.14300000667572021,loss=2.2870779037475586>
8.9390 seconds
Tested. Sparse categorical accuracy: 26.67

round  2, metrics=<sparse_categorical_accuracy=0.17266666889190674,loss=2.255070209503174>
7.8916 seconds
Tested. Sparse categorical accuracy: 46.67

round  3, metrics=<sparse_categorical_accuracy=0.27900001406669617,loss=2.2240726947784424>
7.4702 seconds
Tested. Sparse categorical accuracy: 73.33

round  4, metrics=<sparse_categorical_accuracy=0.44066667556762695,loss=2.0390782356262207>
7.7080 seconds
Tested. Sparse categorical accuracy: 80.00

round  5, metrics=<sparse_categorical_accuracy=0.4779999852180481,loss=1.8826698064804077>
7.4003 seconds
Tested. Sparse categorical accuracy: 76.67

round  6, metrics=<sparse_categorical_accuracy=0.6553333401679993,loss=1.1382734775543213>
7.4799 seconds
Tested. Sparse categorical accuracy: 66.67

6  rounds run
Average time per round: 7.00

2020-06-25 18:14:22.476755
