
TENSORFLOW USERS:
You must use the python3.6-anaconda/5.2.0 module to run TensorFlow.
See https://arc-ts.umich.edu/greatlakes/software/tensorflow for more
information.



The following have been reloaded with a version change:
  1) cuda/10.0.130 => cuda/10.1.105


Currently Loaded Modules:
  1) python3.7-anaconda/2019.07   2) cudnn/10.0-v7.6   3) cuda/10.1.105

 

mkdir: cannot create directory ‘results/8194978’: File exists
mkdir: cannot create directory ‘results/8194978/log’: File exists
Test  131
2020-06-25 17:58:22.390611


Schema 1: Each client partially IID
--------------------------------------------------
percent data distributed IID:  80
number of classes for non-IID data:  2
data points per client (mean, std dev): ( 600 ,  0 )
--------------------------------------------------
round  1, metrics=<sparse_categorical_accuracy=0.10999999940395355,loss=2.3019747734069824>
3.6972 seconds
Tested. Sparse categorical accuracy: 11.67

round  2, metrics=<sparse_categorical_accuracy=0.08233333379030228,loss=2.295682191848755>
3.7261 seconds
Tested. Sparse categorical accuracy: 11.67

round  3, metrics=<sparse_categorical_accuracy=0.14233332872390747,loss=2.2796945571899414>
3.6818 seconds
Tested. Sparse categorical accuracy: 28.33

round  4, metrics=<sparse_categorical_accuracy=0.16733333468437195,loss=2.2715349197387695>
3.7803 seconds
Tested. Sparse categorical accuracy: 35.00

round  5, metrics=<sparse_categorical_accuracy=0.24400000274181366,loss=2.214148998260498>
3.7050 seconds
Tested. Sparse categorical accuracy: 53.33

round  6, metrics=<sparse_categorical_accuracy=0.3463333249092102,loss=2.1215126514434814>
3.6636 seconds
Tested. Sparse categorical accuracy: 50.00

round  7, metrics=<sparse_categorical_accuracy=0.3763333261013031,loss=2.3723409175872803>
3.7069 seconds
Tested. Sparse categorical accuracy: 41.67

round  8, metrics=<sparse_categorical_accuracy=0.312666654586792,loss=2.2288951873779297>
3.6885 seconds
Tested. Sparse categorical accuracy: 51.67

round  9, metrics=<sparse_categorical_accuracy=0.3726666569709778,loss=2.046482801437378>
3.6560 seconds
Tested. Sparse categorical accuracy: 56.67

round 10, metrics=<sparse_categorical_accuracy=0.492000013589859,loss=2.103665828704834>
3.6281 seconds
Tested. Sparse categorical accuracy: 60.00

round 11, metrics=<sparse_categorical_accuracy=0.5226666927337646,loss=1.7058688402175903>
3.6633 seconds
Tested. Sparse categorical accuracy: 66.67

round 12, metrics=<sparse_categorical_accuracy=0.6116666793823242,loss=1.4838024377822876>
3.6743 seconds
Tested. Sparse categorical accuracy: 68.33

12  rounds run
Average time per round: 3.00

2020-06-25 17:59:15.307646
