
TENSORFLOW USERS:
You must use the python3.6-anaconda/5.2.0 module to run TensorFlow.
See https://arc-ts.umich.edu/greatlakes/software/tensorflow for more
information.



The following have been reloaded with a version change:
  1) cuda/10.0.130 => cuda/10.1.105


Currently Loaded Modules:
  1) python3.7-anaconda/2019.07   2) cudnn/10.0-v7.6   3) cuda/10.1.105

 

mkdir: cannot create directory ‘results/8194978’: File exists
mkdir: cannot create directory ‘results/8194978/log’: File exists
Test  422
2020-06-25 18:20:47.659892


Schema 1: Each client partially IID
--------------------------------------------------
percent data distributed IID:  80
number of classes for non-IID data:  2
data points per client (mean, std dev): ( 600 ,  0 )
--------------------------------------------------
round  1, metrics=<sparse_categorical_accuracy=0.1315000057220459,loss=2.2843244075775146>
7.0002 seconds
Tested. Sparse categorical accuracy: 23.33

round  2, metrics=<sparse_categorical_accuracy=0.19983333349227905,loss=2.2430970668792725>
7.0119 seconds
Tested. Sparse categorical accuracy: 50.00

round  3, metrics=<sparse_categorical_accuracy=0.3095000088214874,loss=2.2359933853149414>
6.6884 seconds
Tested. Sparse categorical accuracy: 43.33

round  4, metrics=<sparse_categorical_accuracy=0.421999990940094,loss=1.9973278045654297>
6.8018 seconds
Tested. Sparse categorical accuracy: 46.67

round  5, metrics=<sparse_categorical_accuracy=0.5016666650772095,loss=1.7900853157043457>
6.5089 seconds
Tested. Sparse categorical accuracy: 50.00

round  6, metrics=<sparse_categorical_accuracy=0.6589999794960022,loss=1.2203267812728882>
6.7563 seconds
Tested. Sparse categorical accuracy: 73.33

6  rounds run
Average time per round: 6.00

2020-06-25 18:21:36.362367
