
TENSORFLOW USERS:
You must use the python3.6-anaconda/5.2.0 module to run TensorFlow.
See https://arc-ts.umich.edu/greatlakes/software/tensorflow for more
information.



The following have been reloaded with a version change:
  1) cuda/10.0.130 => cuda/10.1.105


Currently Loaded Modules:
  1) python3.7-anaconda/2019.07   2) cudnn/10.0-v7.6   3) cuda/10.1.105

 

mkdir: cannot create directory ‘results/8194978’: File exists
mkdir: cannot create directory ‘results/8194978/log’: File exists
Test  261
2020-06-25 18:08:16.549637


Schema 1: Each client partially IID
--------------------------------------------------
percent data distributed IID:  80
number of classes for non-IID data:  2
data points per client (mean, std dev): ( 600 ,  0 )
--------------------------------------------------
round  1, metrics=<sparse_categorical_accuracy=0.08933333307504654,loss=2.3041679859161377>
4.0859 seconds
Tested. Sparse categorical accuracy: 6.67

round  2, metrics=<sparse_categorical_accuracy=0.10166666656732559,loss=2.2873029708862305>
3.9557 seconds
Tested. Sparse categorical accuracy: 16.67

round  3, metrics=<sparse_categorical_accuracy=0.13466666638851166,loss=2.2809932231903076>
4.5905 seconds
Tested. Sparse categorical accuracy: 15.00

round  4, metrics=<sparse_categorical_accuracy=0.1993333399295807,loss=2.228949546813965>
4.2069 seconds
Tested. Sparse categorical accuracy: 21.67

round  5, metrics=<sparse_categorical_accuracy=0.19433332979679108,loss=2.1561026573181152>
4.2323 seconds
Tested. Sparse categorical accuracy: 65.00

round  6, metrics=<sparse_categorical_accuracy=0.3816666603088379,loss=2.1297383308410645>
4.5960 seconds
Tested. Sparse categorical accuracy: 63.33

round  7, metrics=<sparse_categorical_accuracy=0.484333336353302,loss=1.8022791147232056>
4.0629 seconds
Tested. Sparse categorical accuracy: 48.33

round  8, metrics=<sparse_categorical_accuracy=0.3726666569709778,loss=2.5256497859954834>
4.3849 seconds
Tested. Sparse categorical accuracy: 45.00

round  9, metrics=<sparse_categorical_accuracy=0.3880000114440918,loss=2.151656150817871>
4.0343 seconds
Tested. Sparse categorical accuracy: 38.33

round 10, metrics=<sparse_categorical_accuracy=0.5086666941642761,loss=1.6414554119110107>
3.9629 seconds
Tested. Sparse categorical accuracy: 63.33

round 11, metrics=<sparse_categorical_accuracy=0.528333306312561,loss=1.6748995780944824>
4.0301 seconds
Tested. Sparse categorical accuracy: 68.33

round 12, metrics=<sparse_categorical_accuracy=0.6596666574478149,loss=1.1026095151901245>
3.9555 seconds
Tested. Sparse categorical accuracy: 73.33

12  rounds run
Average time per round: 4.00

2020-06-25 18:09:15.814104
