
TENSORFLOW USERS:
You must use the python3.6-anaconda/5.2.0 module to run TensorFlow.
See https://arc-ts.umich.edu/greatlakes/software/tensorflow for more
information.



The following have been reloaded with a version change:
  1) cuda/10.0.130 => cuda/10.1.105


Currently Loaded Modules:
  1) python3.7-anaconda/2019.07   2) cudnn/10.0-v7.6   3) cuda/10.1.105

 

mkdir: cannot create directory ‘results/8194978’: File exists
mkdir: cannot create directory ‘results/8194978/log’: File exists
Test  167
2020-06-25 18:01:02.831172


Schema 1: Each client partially IID
--------------------------------------------------
percent data distributed IID:  80
number of classes for non-IID data:  2
data points per client (mean, std dev): ( 600 ,  0 )
--------------------------------------------------
round  1, metrics=<sparse_categorical_accuracy=0.16983333230018616,loss=2.2801270484924316>
8.1006 seconds
Tested. Sparse categorical accuracy: 13.33

round  2, metrics=<sparse_categorical_accuracy=0.2056666612625122,loss=2.2587432861328125>
8.2023 seconds
Tested. Sparse categorical accuracy: 43.33

round  3, metrics=<sparse_categorical_accuracy=0.3725000023841858,loss=2.2399415969848633>
8.0671 seconds
Tested. Sparse categorical accuracy: 13.33

round  4, metrics=<sparse_categorical_accuracy=0.26766666769981384,loss=2.156580686569214>
7.1617 seconds
Tested. Sparse categorical accuracy: 66.67

round  5, metrics=<sparse_categorical_accuracy=0.4676666557788849,loss=2.014836311340332>
7.6953 seconds
Tested. Sparse categorical accuracy: 76.67

round  6, metrics=<sparse_categorical_accuracy=0.6056666374206543,loss=1.4325114488601685>
7.7496 seconds
Tested. Sparse categorical accuracy: 80.00

6  rounds run
Average time per round: 7.00

2020-06-25 18:01:58.048506
