
TENSORFLOW USERS:
You must use the python3.6-anaconda/5.2.0 module to run TensorFlow.
See https://arc-ts.umich.edu/greatlakes/software/tensorflow for more
information.



The following have been reloaded with a version change:
  1) cuda/10.0.130 => cuda/10.1.105


Currently Loaded Modules:
  1) python3.7-anaconda/2019.07   2) cudnn/10.0-v7.6   3) cuda/10.1.105

 

mkdir: cannot create directory ‘results/8194978’: File exists
mkdir: cannot create directory ‘results/8194978/log’: File exists
Test  274
2020-06-25 18:09:18.372103


Schema 1: Each client partially IID
--------------------------------------------------
percent data distributed IID:  80
number of classes for non-IID data:  2
data points per client (mean, std dev): ( 600 ,  0 )
--------------------------------------------------
round  1, metrics=<sparse_categorical_accuracy=0.15458333492279053,loss=2.26531720161438>
14.6616 seconds
Tested. Sparse categorical accuracy: 33.33

round  2, metrics=<sparse_categorical_accuracy=0.3032500147819519,loss=2.136150598526001>
13.7347 seconds
Tested. Sparse categorical accuracy: 33.33

round  3, metrics=<sparse_categorical_accuracy=0.499916672706604,loss=1.6372430324554443>
12.8491 seconds
Tested. Sparse categorical accuracy: 53.33

3  rounds run
Average time per round: 13.00

2020-06-25 18:10:07.174650
