
TENSORFLOW USERS:
You must use the python3.6-anaconda/5.2.0 module to run TensorFlow.
See https://arc-ts.umich.edu/greatlakes/software/tensorflow for more
information.



The following have been reloaded with a version change:
  1) cuda/10.0.130 => cuda/10.1.105


Currently Loaded Modules:
  1) python3.7-anaconda/2019.07   2) cudnn/10.0-v7.6   3) cuda/10.1.105

 

mkdir: cannot create directory ‘results/8194978’: File exists
mkdir: cannot create directory ‘results/8194978/log’: File exists
Test  426
2020-06-25 18:21:12.081865


Schema 1: Each client partially IID
--------------------------------------------------
percent data distributed IID:  80
number of classes for non-IID data:  2
data points per client (mean, std dev): ( 600 ,  0 )
--------------------------------------------------
round  1, metrics=<sparse_categorical_accuracy=0.09866666793823242,loss=2.3038480281829834>
3.8596 seconds
Tested. Sparse categorical accuracy: 6.67

round  2, metrics=<sparse_categorical_accuracy=0.10966666787862778,loss=2.2887582778930664>
4.2056 seconds
Tested. Sparse categorical accuracy: 10.00

round  3, metrics=<sparse_categorical_accuracy=0.11133333295583725,loss=2.2736051082611084>
3.8338 seconds
Tested. Sparse categorical accuracy: 33.33

round  4, metrics=<sparse_categorical_accuracy=0.11633333563804626,loss=2.2235801219940186>
3.9519 seconds
Tested. Sparse categorical accuracy: 53.33

round  5, metrics=<sparse_categorical_accuracy=0.32499998807907104,loss=2.1543638706207275>
4.0124 seconds
Tested. Sparse categorical accuracy: 33.33

round  6, metrics=<sparse_categorical_accuracy=0.4013333320617676,loss=2.276975154876709>
3.8616 seconds
Tested. Sparse categorical accuracy: 33.33

round  7, metrics=<sparse_categorical_accuracy=0.3163333237171173,loss=2.1729886531829834>
4.0374 seconds
Tested. Sparse categorical accuracy: 31.67

round  8, metrics=<sparse_categorical_accuracy=0.41600000858306885,loss=1.909959316253662>
4.0107 seconds
Tested. Sparse categorical accuracy: 61.67

round  9, metrics=<sparse_categorical_accuracy=0.5406666398048401,loss=1.957242488861084>
3.7668 seconds
Tested. Sparse categorical accuracy: 43.33

round 10, metrics=<sparse_categorical_accuracy=0.4013333320617676,loss=1.7919446229934692>
3.8641 seconds
Tested. Sparse categorical accuracy: 53.33

round 11, metrics=<sparse_categorical_accuracy=0.6083333492279053,loss=1.234433650970459>
4.0112 seconds
Tested. Sparse categorical accuracy: 68.33

round 12, metrics=<sparse_categorical_accuracy=0.671999990940094,loss=1.2602016925811768>
3.8898 seconds
Tested. Sparse categorical accuracy: 65.00

12  rounds run
Average time per round: 3.00

2020-06-25 18:22:08.883370
