2020-04-12 23:17:26.201002
Test  14
1.403376283846872
2.352954248366013
1.5533333333333332
2.359166666666667
2.0923809523809522
2.7058333333333335
2.6152380952380954
3.1633333333333336
1.7838095238095237
2.6858333333333335
1.3009523809523809
1.3883333333333334
1.5504761904761906
2.3566666666666665
1.3542857142857143
2.185
1.5314285714285714
2.465
9.987696976552504e+238
8.739234854483441e+238
9.987696976552504e+238
8.739234854483441e+238
1.1885714285714286
1.29
2.334285714285714
2.5425
2.3276190476190477
3.0366666666666666
1.3171428571428572
2.2775
1.84
2.36
2.4123809523809525
2.1108333333333333
1.3761904761904762
2.3291666666666666
2.0761904761904764
2.566666666666667
3.7504761904761903
3.2816666666666667
2.399047619047619
3.2241666666666666
2.1619047619047618
2.1416666666666666
2.5752380952380953
3.3783333333333334
1.4742857142857142
1.665
1.6476190476190475
1.8166666666666667
1.7133333333333334
2.4991666666666665
2.4638095238095237
2.1558333333333333
1.5038095238095237
1.4408333333333334
1.7
2.4875
1.5895238095238096
2.515833333333333
2.3047619047619046
3.1416666666666666
2.473333333333333
2.4141666666666666
1.6914285714285715
1.48
1.360952380952381
2.3158333333333334
2.065714285714286
2.8075
2.2257142857142855
2.1975
1.8104761904761906
1.7091666666666667
1.579047619047619
2.256666666666667
1.6257142857142857
2.4225
1.500952380952381
1.9383333333333332
1.8038095238095238
1.5783333333333334
9.987696976552504e+238
8.739234854483441e+238
2.3666666666666667
2.8208333333333333
2.637142857142857
3.1825
2.363809523809524
3.1933333333333334
4.14
4.2475
1.4466666666666668
2.015833333333333
2.5828571428571427
2.76
1.5
2.3125
1.4895238095238095
2.0533333333333332
1.841904761904762
1.7366666666666666
2.5761904761904764
3.254166666666667
1.4542857142857142
1.2725
1.3771428571428572
1.58
1.1990476190476191
1.9241666666666666
2.2285714285714286
2.825
2.3457142857142856
2.9275
2.072380952380952
2.9383333333333335
2.7533333333333334
2.5341666666666667
9.987696976552504e+238
8.739234854483441e+238
1.260952380952381
2.2283333333333335
1.901904761904762
2.5391666666666666
1.9323809523809523
2.0658333333333334
2.220952380952381
2.4433333333333334
2.585714285714286
2.2625
1.6790476190476191
2.3441666666666667
2.244761904761905
1.9641666666666666
2.5428571428571427
3.225
1.6142857142857143
1.5375
2.0276190476190474
2.0241666666666664
2.4361904761904762
3.256666666666667
1.3561904761904762
1.5616666666666668
1.6514285714285715
1.445
3.318095238095238
3.2783333333333333
3.7504761904761903
4.281666666666666
1.6895238095238094
2.3533333333333335
2.5304761904761905
3.089166666666667
1.6171428571428572
1.415
3.473333333333333
3.2891666666666666
1.8647619047619048
1.8816666666666666
1.980952380952381
2.6083333333333334
2.441904761904762
2.7616666666666667
1.3466666666666667
1.8033333333333332
1.841904761904762
1.9866666666666666
1.3723809523809525
1.2008333333333334
1.3342857142857143
1.4175
1.2457142857142858
1.215
2.3685714285714288
2.9475
2.317142857142857
3.0275
2.3076190476190477
2.6441666666666666
2.0933333333333333
2.3316666666666666
9.987696976552504e+238
8.739234854483441e+238
9.987696976552504e+238
8.739234854483441e+238
3.6552380952380954
3.6983333333333333
4.311428571428571
4.7725
1.7257142857142858
1.76
1.619047619047619
1.5416666666666667
1.5942857142857143
2.52
9.987696976552504e+238
8.739234854483441e+238
1.9750662931839404
1.8531830065359478

Schema 1: Each client partially IID
--------------------------------------------------
percent data distributed IID:  50
number of classes for non-IID data:  2
data points per client (mean, std dev): ( 600 ,  0 )

number of clients:  100
cohort size:  20
number of local epochs:  10
local batch size:  20
learning rate:  0.22
target accuracy:  80 %
--------------------------------------------------

