Test  5
2020-04-15 14:03:15.435863


Schema 1: Each client partially IID
--------------------------------------------------
percent data distributed IID:  20
number of classes for non-IID data:  2
data points per client (mean, std dev): ( 600 ,  0 )
--------------------------------------------------

round  1, metrics=<sparse_categorical_accuracy=0.6037333607673645,loss=1.1109070777893066>
161.7209 seconds
Tested. Sparse categorical accuracy: 8.50

round  2, metrics=<sparse_categorical_accuracy=0.8287583589553833,loss=0.5650915503501892>
159.5126 seconds
Tested. Sparse categorical accuracy: 77.50

round  3, metrics=<sparse_categorical_accuracy=0.9607333540916443,loss=0.14026862382888794>
160.5579 seconds
Tested. Sparse categorical accuracy: 93.00

Target accuracy reached after  3  rounds
Average time per round: 160.00

2020-04-15 14:11:26.513232
