
TENSORFLOW USERS:
You must use the python3.6-anaconda/5.2.0 module to run TensorFlow.
See https://arc-ts.umich.edu/greatlakes/software/tensorflow for more
information.



The following have been reloaded with a version change:
  1) cuda/10.0.130 => cuda/10.1.105


Currently Loaded Modules:
  1) python3.7-anaconda/2019.07   2) cudnn/10.0-v7.6   3) cuda/10.1.105

 

mkdir: cannot create directory ‘results/7424123’: File exists
mkdir: cannot create directory ‘results/7424123/log’: File exists
Test  45
2020-06-08 14:39:05.550422


Schema 1: Each client partially IID
--------------------------------------------------
percent data distributed IID:  40
number of classes for non-IID data:  2
data points per client (mean, std dev): ( 600 ,  0 )
--------------------------------------------------
round  1, metrics=<sparse_categorical_accuracy=0.1711111068725586,loss=2.1608240604400635>
17.7966 seconds
Tested. Sparse categorical accuracy: 14.00

round  2, metrics=<sparse_categorical_accuracy=0.308777779340744,loss=2.37430477142334>
17.4834 seconds
Tested. Sparse categorical accuracy: 10.00

round  3, metrics=<sparse_categorical_accuracy=0.1988888829946518,loss=2.2320854663848877>
16.9801 seconds
Tested. Sparse categorical accuracy: 12.00

round  4, metrics=<sparse_categorical_accuracy=0.2592777907848358,loss=2.200195550918579>
17.0575 seconds
Tested. Sparse categorical accuracy: 20.00

round  5, metrics=<sparse_categorical_accuracy=0.31450000405311584,loss=2.2002854347229004>
17.0425 seconds
Tested. Sparse categorical accuracy: 14.00

round  6, metrics=<sparse_categorical_accuracy=0.2804444432258606,loss=2.127566337585449>
16.7384 seconds
Tested. Sparse categorical accuracy: 18.00

round  7, metrics=<sparse_categorical_accuracy=0.3724444508552551,loss=2.142151355743408>
16.7511 seconds
Tested. Sparse categorical accuracy: 28.00

round  8, metrics=<sparse_categorical_accuracy=0.41438889503479004,loss=1.999936580657959>
16.9921 seconds
Tested. Sparse categorical accuracy: 58.00

round  9, metrics=<sparse_categorical_accuracy=0.5202777981758118,loss=1.9002152681350708>
16.4126 seconds
Tested. Sparse categorical accuracy: 48.00

round 10, metrics=<sparse_categorical_accuracy=0.5609444379806519,loss=1.6675331592559814>
16.8244 seconds
Tested. Sparse categorical accuracy: 70.00

round 11, metrics=<sparse_categorical_accuracy=0.6276111006736755,loss=1.3812257051467896>
16.8172 seconds
Tested. Sparse categorical accuracy: 74.00

round 12, metrics=<sparse_categorical_accuracy=0.6898888945579529,loss=1.1001099348068237>
16.6871 seconds
Tested. Sparse categorical accuracy: 68.00

round 13, metrics=<sparse_categorical_accuracy=0.7404444217681885,loss=0.9551463723182678>
16.7141 seconds
Tested. Sparse categorical accuracy: 80.00

round 14, metrics=<sparse_categorical_accuracy=0.7944444417953491,loss=0.7266348600387573>
16.9482 seconds
Tested. Sparse categorical accuracy: 92.00

Target accuracy reached after  14  rounds
Average time per round: 16.00

2020-06-08 14:43:11.742990
