
TENSORFLOW USERS:
You must use the python3.6-anaconda/5.2.0 module to run TensorFlow.
See https://arc-ts.umich.edu/greatlakes/software/tensorflow for more
information.



The following have been reloaded with a version change:
  1) cuda/10.0.130 => cuda/10.1.105


Currently Loaded Modules:
  1) python3.7-anaconda/2019.07   2) cudnn/10.0-v7.6   3) cuda/10.1.105

 

mkdir: cannot create directory ‘results/7424123’: File exists
mkdir: cannot create directory ‘results/7424123/log’: File exists
Test  37
2020-06-08 14:38:26.681283


Schema 1: Each client partially IID
--------------------------------------------------
percent data distributed IID:  40
number of classes for non-IID data:  2
data points per client (mean, std dev): ( 600 ,  0 )
--------------------------------------------------
round  1, metrics=<sparse_categorical_accuracy=0.21850000321865082,loss=2.1942667961120605>
7.5223 seconds
Tested. Sparse categorical accuracy: 12.00

round  2, metrics=<sparse_categorical_accuracy=0.18016666173934937,loss=2.1953728199005127>
7.5009 seconds
Tested. Sparse categorical accuracy: 16.00

round  3, metrics=<sparse_categorical_accuracy=0.3086666762828827,loss=2.1967036724090576>
7.6253 seconds
Tested. Sparse categorical accuracy: 8.00

round  4, metrics=<sparse_categorical_accuracy=0.257999986410141,loss=2.124939441680908>
7.1381 seconds
Tested. Sparse categorical accuracy: 6.00

round  5, metrics=<sparse_categorical_accuracy=0.3529999852180481,loss=2.072072982788086>
7.3695 seconds
Tested. Sparse categorical accuracy: 34.00

round  6, metrics=<sparse_categorical_accuracy=0.4103333353996277,loss=2.0272278785705566>
7.1687 seconds
Tested. Sparse categorical accuracy: 56.00

round  7, metrics=<sparse_categorical_accuracy=0.5043333172798157,loss=1.8451884984970093>
7.9103 seconds
Tested. Sparse categorical accuracy: 50.00

round  8, metrics=<sparse_categorical_accuracy=0.5631666779518127,loss=1.5433048009872437>
7.2948 seconds
Tested. Sparse categorical accuracy: 60.00

round  9, metrics=<sparse_categorical_accuracy=0.6073333621025085,loss=1.3415930271148682>
7.0803 seconds
Tested. Sparse categorical accuracy: 80.00

round 10, metrics=<sparse_categorical_accuracy=0.6355000138282776,loss=1.3169031143188477>
7.1714 seconds
Tested. Sparse categorical accuracy: 70.00

round 11, metrics=<sparse_categorical_accuracy=0.7438333630561829,loss=0.8933100700378418>
7.2089 seconds
Tested. Sparse categorical accuracy: 74.00

round 12, metrics=<sparse_categorical_accuracy=0.7005000114440918,loss=1.1359630823135376>
7.2220 seconds
Tested. Sparse categorical accuracy: 74.00

round 13, metrics=<sparse_categorical_accuracy=0.7691666483879089,loss=0.7988178730010986>
7.7763 seconds
Tested. Sparse categorical accuracy: 84.00

round 14, metrics=<sparse_categorical_accuracy=0.8486666679382324,loss=0.5222867727279663>
7.1386 seconds
Tested. Sparse categorical accuracy: 80.00

round 15, metrics=<sparse_categorical_accuracy=0.8346666693687439,loss=0.5698240399360657>
7.2664 seconds
Tested. Sparse categorical accuracy: 86.00

round 16, metrics=<sparse_categorical_accuracy=0.8638333082199097,loss=0.44682085514068604>
7.2759 seconds
Tested. Sparse categorical accuracy: 90.00

round 17, metrics=<sparse_categorical_accuracy=0.9043333530426025,loss=0.3129276633262634>
7.9985 seconds
Tested. Sparse categorical accuracy: 98.00

Target accuracy reached after  17  rounds
Average time per round: 7.00

2020-06-08 14:40:43.048428
