
TENSORFLOW USERS:
You must use the python3.6-anaconda/5.2.0 module to run TensorFlow.
See https://arc-ts.umich.edu/greatlakes/software/tensorflow for more
information.



The following have been reloaded with a version change:
  1) cuda/10.0.130 => cuda/10.1.105


Currently Loaded Modules:
  1) python3.7-anaconda/2019.07   2) cudnn/10.0-v7.6   3) cuda/10.1.105

 

mkdir: cannot create directory ‘results/7424123’: File exists
mkdir: cannot create directory ‘results/7424123/log’: File exists
Test  19
2020-06-08 14:30:38.303856


Schema 1: Each client partially IID
--------------------------------------------------
percent data distributed IID:  40
number of classes for non-IID data:  2
data points per client (mean, std dev): ( 600 ,  0 )
--------------------------------------------------
round  1, metrics=<sparse_categorical_accuracy=0.3634999990463257,loss=2.1845264434814453>
12.6721 seconds
Tested. Sparse categorical accuracy: 2.00

round  2, metrics=<sparse_categorical_accuracy=0.3477500081062317,loss=2.281754732131958>
12.3384 seconds
Tested. Sparse categorical accuracy: 14.00

round  3, metrics=<sparse_categorical_accuracy=0.2535833418369293,loss=2.230879068374634>
11.9439 seconds
Tested. Sparse categorical accuracy: 20.00

round  4, metrics=<sparse_categorical_accuracy=0.2685000002384186,loss=2.2077763080596924>
12.1816 seconds
Tested. Sparse categorical accuracy: 10.00

round  5, metrics=<sparse_categorical_accuracy=0.2580833435058594,loss=2.1560840606689453>
11.8013 seconds
Tested. Sparse categorical accuracy: 24.00

round  6, metrics=<sparse_categorical_accuracy=0.3804999887943268,loss=2.198662757873535>
12.1162 seconds
Tested. Sparse categorical accuracy: 16.00

round  7, metrics=<sparse_categorical_accuracy=0.265583336353302,loss=2.147494077682495>
11.7775 seconds
Tested. Sparse categorical accuracy: 32.00

round  8, metrics=<sparse_categorical_accuracy=0.3466666638851166,loss=2.0648767948150635>
12.0504 seconds
Tested. Sparse categorical accuracy: 40.00

round  9, metrics=<sparse_categorical_accuracy=0.4100833237171173,loss=1.9197418689727783>
12.1341 seconds
Tested. Sparse categorical accuracy: 30.00

round 10, metrics=<sparse_categorical_accuracy=0.47450000047683716,loss=1.7004988193511963>
12.2155 seconds
Tested. Sparse categorical accuracy: 20.00

round 11, metrics=<sparse_categorical_accuracy=0.46041667461395264,loss=1.5927507877349854>
11.5760 seconds
Tested. Sparse categorical accuracy: 56.00

round 12, metrics=<sparse_categorical_accuracy=0.5600833296775818,loss=1.392895221710205>
12.2789 seconds
Tested. Sparse categorical accuracy: 70.00

round 13, metrics=<sparse_categorical_accuracy=0.612500011920929,loss=1.2608356475830078>
11.6125 seconds
Tested. Sparse categorical accuracy: 92.00

Target accuracy reached after  13  rounds
Average time per round: 12.00

2020-06-08 14:33:24.057219
