
TENSORFLOW USERS:
You must use the python3.6-anaconda/5.2.0 module to run TensorFlow.
See https://arc-ts.umich.edu/greatlakes/software/tensorflow for more
information.



The following have been reloaded with a version change:
  1) cuda/10.0.130 => cuda/10.1.105


Currently Loaded Modules:
  1) python3.7-anaconda/2019.07   2) cudnn/10.0-v7.6   3) cuda/10.1.105

 

mkdir: cannot create directory ‘results/7424123’: File exists
mkdir: cannot create directory ‘results/7424123/log’: File exists
Test  7
2020-06-08 14:28:46.954605


Schema 1: Each client partially IID
--------------------------------------------------
percent data distributed IID:  40
number of classes for non-IID data:  2
data points per client (mean, std dev): ( 600 ,  0 )
--------------------------------------------------
round  1, metrics=<sparse_categorical_accuracy=0.19116666913032532,loss=2.1094346046447754>
6.5143 seconds
Tested. Sparse categorical accuracy: 14.00

round  2, metrics=<sparse_categorical_accuracy=0.25733333826065063,loss=2.1124937534332275>
6.4631 seconds
Tested. Sparse categorical accuracy: 10.00

round  3, metrics=<sparse_categorical_accuracy=0.26733332872390747,loss=2.1664180755615234>
6.3652 seconds
Tested. Sparse categorical accuracy: 10.00

round  4, metrics=<sparse_categorical_accuracy=0.18383333086967468,loss=2.0893394947052>
6.3305 seconds
Tested. Sparse categorical accuracy: 10.00

round  5, metrics=<sparse_categorical_accuracy=0.312666654586792,loss=1.995801568031311>
6.1028 seconds
Tested. Sparse categorical accuracy: 16.00

round  6, metrics=<sparse_categorical_accuracy=0.3894999921321869,loss=2.00789213180542>
6.4027 seconds
Tested. Sparse categorical accuracy: 38.00

round  7, metrics=<sparse_categorical_accuracy=0.44483333826065063,loss=1.84050452709198>
6.3114 seconds
Tested. Sparse categorical accuracy: 46.00

round  8, metrics=<sparse_categorical_accuracy=0.5823333263397217,loss=1.5098145008087158>
6.1866 seconds
Tested. Sparse categorical accuracy: 68.00

round  9, metrics=<sparse_categorical_accuracy=0.565833330154419,loss=1.6140443086624146>
6.2710 seconds
Tested. Sparse categorical accuracy: 68.00

round 10, metrics=<sparse_categorical_accuracy=0.6503333449363708,loss=1.3643879890441895>
6.2311 seconds
Tested. Sparse categorical accuracy: 78.00

round 11, metrics=<sparse_categorical_accuracy=0.8004999756813049,loss=0.7805619835853577>
6.2226 seconds
Tested. Sparse categorical accuracy: 62.00

round 12, metrics=<sparse_categorical_accuracy=0.7911666631698608,loss=0.7909813523292542>
6.2503 seconds
Tested. Sparse categorical accuracy: 80.00

round 13, metrics=<sparse_categorical_accuracy=0.8193333148956299,loss=0.6231074929237366>
6.4747 seconds
Tested. Sparse categorical accuracy: 90.00

round 14, metrics=<sparse_categorical_accuracy=0.8968333601951599,loss=0.3572257161140442>
6.1947 seconds
Tested. Sparse categorical accuracy: 94.00

Target accuracy reached after  14  rounds
Average time per round: 6.00

2020-06-08 14:30:24.306650
