
TENSORFLOW USERS:
You must use the python3.6-anaconda/5.2.0 module to run TensorFlow.
See https://arc-ts.umich.edu/greatlakes/software/tensorflow for more
information.



The following have been reloaded with a version change:
  1) cuda/10.0.130 => cuda/10.1.105


Currently Loaded Modules:
  1) python3.7-anaconda/2019.07   2) cudnn/10.0-v7.6   3) cuda/10.1.105

 

mkdir: cannot create directory ‘results/5814359’: File exists
mkdir: cannot create directory ‘results/5814359/log’: File exists
Test  21
2020-04-29 21:00:29.490357


Schema 1: Each client partially IID
--------------------------------------------------
percent data distributed IID:  100
number of classes for non-IID data:  2
data points per client (mean, std dev): ( 600 ,  0 )
--------------------------------------------------

round  1, metrics=<sparse_categorical_accuracy=0.8591333627700806,loss=0.4200563430786133>
16.2865 seconds
Tested. Sparse categorical accuracy: 87.00

round  2, metrics=<sparse_categorical_accuracy=0.98416668176651,loss=0.052981745451688766>
16.1582 seconds
Tested. Sparse categorical accuracy: 98.00

Target accuracy reached after  2  rounds
Average time per round: 16.00

2020-04-29 21:01:09.683764
