
TENSORFLOW USERS:
You must use the python3.6-anaconda/5.2.0 module to run TensorFlow.
See https://arc-ts.umich.edu/greatlakes/software/tensorflow for more
information.



The following have been reloaded with a version change:
  1) cuda/10.0.130 => cuda/10.1.105


Currently Loaded Modules:
  1) python3.7-anaconda/2019.07   2) cudnn/10.0-v7.6   3) cuda/10.1.105

 

mkdir: cannot create directory ‘results/5814359’: File exists
mkdir: cannot create directory ‘results/5814359/log’: File exists
Test  3
2020-04-29 19:47:05.319401


Schema 1: Each client partially IID
--------------------------------------------------
percent data distributed IID:  0
number of classes for non-IID data:  2
data points per client (mean, std dev): ( 600 ,  0 )
--------------------------------------------------

round  1, metrics=<sparse_categorical_accuracy=0.9968888759613037,loss=0.03269084170460701>
24.8081 seconds
Tested. Sparse categorical accuracy: 12.00

round  2, metrics=<sparse_categorical_accuracy=0.9973333477973938,loss=0.011179693043231964>
23.3059 seconds
Tested. Sparse categorical accuracy: 11.00

round  3, metrics=<sparse_categorical_accuracy=0.9968888759613037,loss=0.02897830121219158>
23.6519 seconds
Tested. Sparse categorical accuracy: 7.00

round  4, metrics=<sparse_categorical_accuracy=0.9968888759613037,loss=0.014854596927762032>
24.7759 seconds
Tested. Sparse categorical accuracy: 14.00

round  5, metrics=<sparse_categorical_accuracy=0.9971110820770264,loss=0.008539620786905289>
24.7511 seconds
Tested. Sparse categorical accuracy: 8.00

round  6, metrics=<sparse_categorical_accuracy=0.9968888759613037,loss=0.010742485523223877>
25.1991 seconds
Tested. Sparse categorical accuracy: 9.00

round  7, metrics=<sparse_categorical_accuracy=0.996666669845581,loss=0.012325008399784565>
23.1766 seconds
Tested. Sparse categorical accuracy: 9.00

round  8, metrics=<sparse_categorical_accuracy=0.9975555539131165,loss=0.011224305257201195>
24.5072 seconds
Tested. Sparse categorical accuracy: 12.00

round  9, metrics=<sparse_categorical_accuracy=0.997355580329895,loss=0.007915799506008625>
23.9605 seconds
Tested. Sparse categorical accuracy: 14.00

round 10, metrics=<sparse_categorical_accuracy=0.9968666434288025,loss=0.010126483626663685>
23.7544 seconds
Tested. Sparse categorical accuracy: 8.00

round 11, metrics=<sparse_categorical_accuracy=0.9971110820770264,loss=0.009566160850226879>
23.4775 seconds
Tested. Sparse categorical accuracy: 19.00

round 12, metrics=<sparse_categorical_accuracy=0.99717777967453,loss=0.01099083386361599>
23.2616 seconds
Tested. Sparse categorical accuracy: 16.00

round 13, metrics=<sparse_categorical_accuracy=0.9975555539131165,loss=0.009607464075088501>
23.8024 seconds
Tested. Sparse categorical accuracy: 6.00

round 14, metrics=<sparse_categorical_accuracy=0.9971110820770264,loss=0.008489939384162426>
23.4836 seconds
Tested. Sparse categorical accuracy: 15.00

round 15, metrics=<sparse_categorical_accuracy=0.9973333477973938,loss=0.01778419502079487>
24.2597 seconds
Tested. Sparse categorical accuracy: 14.00

round 16, metrics=<sparse_categorical_accuracy=0.9968888759613037,loss=0.015837572515010834>
23.2701 seconds
Tested. Sparse categorical accuracy: 9.00

round 17, metrics=<sparse_categorical_accuracy=0.9968888759613037,loss=0.012169454246759415>
23.5605 seconds
Tested. Sparse categorical accuracy: 12.00

round 18, metrics=<sparse_categorical_accuracy=0.9972000122070312,loss=0.007443592883646488>
24.1473 seconds
Tested. Sparse categorical accuracy: 54.00

round 19, metrics=<sparse_categorical_accuracy=0.998022198677063,loss=0.009303691796958447>
24.1061 seconds
Tested. Sparse categorical accuracy: 13.00

round 20, metrics=<sparse_categorical_accuracy=0.996666669845581,loss=0.008094162680208683>
24.6070 seconds
Tested. Sparse categorical accuracy: 18.00

round 21, metrics=<sparse_categorical_accuracy=0.9980000257492065,loss=0.007656384725123644>
23.5904 seconds
Tested. Sparse categorical accuracy: 10.00

round 22, metrics=<sparse_categorical_accuracy=0.9973333477973938,loss=0.00822856742888689>
23.6425 seconds
Tested. Sparse categorical accuracy: 7.00

round 23, metrics=<sparse_categorical_accuracy=0.9968888759613037,loss=0.011217789724469185>
23.4446 seconds
Tested. Sparse categorical accuracy: 9.00

round 24, metrics=<sparse_categorical_accuracy=0.9968888759613037,loss=0.008649753406643867>
24.0156 seconds
Tested. Sparse categorical accuracy: 18.00

round 25, metrics=<sparse_categorical_accuracy=0.99717777967453,loss=0.008297322317957878>
24.1054 seconds
Tested. Sparse categorical accuracy: 14.00

round 26, metrics=<sparse_categorical_accuracy=0.9968888759613037,loss=0.010119040496647358>
23.8758 seconds
Tested. Sparse categorical accuracy: 11.00

round 27, metrics=<sparse_categorical_accuracy=0.996666669845581,loss=0.009572470560669899>
23.2906 seconds
Tested. Sparse categorical accuracy: 21.00

round 28, metrics=<sparse_categorical_accuracy=0.9977555274963379,loss=0.008187568746507168>
24.0328 seconds
Tested. Sparse categorical accuracy: 25.00

round 29, metrics=<sparse_categorical_accuracy=0.9977777600288391,loss=0.006346268579363823>
23.5618 seconds
Tested. Sparse categorical accuracy: 35.00

round 30, metrics=<sparse_categorical_accuracy=0.9976222515106201,loss=0.007672187406569719>
25.0912 seconds
Tested. Sparse categorical accuracy: 25.00

round 31, metrics=<sparse_categorical_accuracy=0.9974889159202576,loss=0.007380140479654074>
23.6970 seconds
Tested. Sparse categorical accuracy: 21.00

round 32, metrics=<sparse_categorical_accuracy=0.9973333477973938,loss=0.007758862338960171>
23.6626 seconds
Tested. Sparse categorical accuracy: 27.00

round 33, metrics=<sparse_categorical_accuracy=0.997688889503479,loss=0.008268733508884907>
23.8222 seconds
Tested. Sparse categorical accuracy: 20.00

round 34, metrics=<sparse_categorical_accuracy=0.9977111220359802,loss=0.006626744754612446>
24.1702 seconds
Tested. Sparse categorical accuracy: 8.00

round 35, metrics=<sparse_categorical_accuracy=0.9973333477973938,loss=0.010808531194925308>
23.5348 seconds
Tested. Sparse categorical accuracy: 15.00

round 36, metrics=<sparse_categorical_accuracy=0.9968888759613037,loss=0.01073162816464901>
23.8945 seconds
Tested. Sparse categorical accuracy: 29.00

round 37, metrics=<sparse_categorical_accuracy=0.9973333477973938,loss=0.007848511449992657>
23.3847 seconds
Tested. Sparse categorical accuracy: 53.00

round 38, metrics=<sparse_categorical_accuracy=0.9985111355781555,loss=0.0050612022168934345>
24.2875 seconds
Tested. Sparse categorical accuracy: 56.00

round 39, metrics=<sparse_categorical_accuracy=0.9984222054481506,loss=0.005783660802990198>
23.9309 seconds
Tested. Sparse categorical accuracy: 39.00

round 40, metrics=<sparse_categorical_accuracy=0.9983333349227905,loss=0.004537173081189394>
23.7736 seconds
Tested. Sparse categorical accuracy: 36.00

round 41, metrics=<sparse_categorical_accuracy=0.9985555410385132,loss=0.00401180237531662>
23.4650 seconds
Tested. Sparse categorical accuracy: 38.00

round 42, metrics=<sparse_categorical_accuracy=0.9980000257492065,loss=0.005804222077131271>
24.8218 seconds
Tested. Sparse categorical accuracy: 40.00

round 43, metrics=<sparse_categorical_accuracy=0.9976666569709778,loss=0.00782607588917017>
23.7149 seconds
Tested. Sparse categorical accuracy: 42.00

round 44, metrics=<sparse_categorical_accuracy=0.9984444379806519,loss=0.00538311991840601>
24.2229 seconds
Tested. Sparse categorical accuracy: 55.00

round 45, metrics=<sparse_categorical_accuracy=0.998711109161377,loss=0.004342585802078247>
24.6312 seconds
Tested. Sparse categorical accuracy: 64.00

round 46, metrics=<sparse_categorical_accuracy=0.9981111288070679,loss=0.005296599119901657>
24.5902 seconds
Tested. Sparse categorical accuracy: 29.00

round 47, metrics=<sparse_categorical_accuracy=0.9980888962745667,loss=0.006677679251879454>
24.5129 seconds
Tested. Sparse categorical accuracy: 66.00

round 48, metrics=<sparse_categorical_accuracy=0.9986888766288757,loss=0.004945488180965185>
24.0542 seconds
Tested. Sparse categorical accuracy: 50.00

round 49, metrics=<sparse_categorical_accuracy=0.9985555410385132,loss=0.004323167260736227>
24.5000 seconds
Tested. Sparse categorical accuracy: 58.00

round 50, metrics=<sparse_categorical_accuracy=0.9986222386360168,loss=0.00429908512160182>
24.3055 seconds
Tested. Sparse categorical accuracy: 61.00

round 51, metrics=<sparse_categorical_accuracy=0.9985111355781555,loss=0.004132832866162062>
23.7412 seconds
Tested. Sparse categorical accuracy: 63.00

round 52, metrics=<sparse_categorical_accuracy=0.9983999729156494,loss=0.00388278067111969>
24.1115 seconds
Tested. Sparse categorical accuracy: 59.00

round 53, metrics=<sparse_categorical_accuracy=0.9986222386360168,loss=0.004072862211614847>
24.1400 seconds
Tested. Sparse categorical accuracy: 56.00

round 54, metrics=<sparse_categorical_accuracy=0.9988222122192383,loss=0.0035561234690248966>
24.3184 seconds
Tested. Sparse categorical accuracy: 49.00

round 55, metrics=<sparse_categorical_accuracy=0.9982444643974304,loss=0.0043839458376169205>
24.0260 seconds
Tested. Sparse categorical accuracy: 47.00

round 56, metrics=<sparse_categorical_accuracy=0.9980000257492065,loss=0.005716043524444103>
23.9292 seconds
Tested. Sparse categorical accuracy: 66.00

round 57, metrics=<sparse_categorical_accuracy=0.9986666440963745,loss=0.004834847990423441>
23.9588 seconds
Tested. Sparse categorical accuracy: 55.00

round 58, metrics=<sparse_categorical_accuracy=0.9986444711685181,loss=0.003644266165792942>
24.2596 seconds
Tested. Sparse categorical accuracy: 75.00

round 59, metrics=<sparse_categorical_accuracy=0.9986888766288757,loss=0.004430203698575497>
23.9342 seconds
Tested. Sparse categorical accuracy: 76.00

round 60, metrics=<sparse_categorical_accuracy=0.9992889165878296,loss=0.002871314762160182>
24.2982 seconds
Tested. Sparse categorical accuracy: 71.00

round 61, metrics=<sparse_categorical_accuracy=0.999311089515686,loss=0.0026615499518811703>
24.2293 seconds
Tested. Sparse categorical accuracy: 60.00

round 62, metrics=<sparse_categorical_accuracy=0.9989333152770996,loss=0.0032385271042585373>
23.7867 seconds
Tested. Sparse categorical accuracy: 69.00

round 63, metrics=<sparse_categorical_accuracy=0.9987999796867371,loss=0.003103832947090268>
23.4339 seconds
Tested. Sparse categorical accuracy: 82.00

round 64, metrics=<sparse_categorical_accuracy=0.9993777871131897,loss=0.0022711926139891148>
23.9869 seconds
Tested. Sparse categorical accuracy: 73.00

round 65, metrics=<sparse_categorical_accuracy=0.9992889165878296,loss=0.002278108848258853>
23.0357 seconds
Tested. Sparse categorical accuracy: 66.00

round 66, metrics=<sparse_categorical_accuracy=0.9985777735710144,loss=0.003929291386157274>
24.6042 seconds
Tested. Sparse categorical accuracy: 55.00

round 67, metrics=<sparse_categorical_accuracy=0.9986444711685181,loss=0.007842790335416794>
24.9662 seconds
Tested. Sparse categorical accuracy: 56.00

round 68, metrics=<sparse_categorical_accuracy=0.9987999796867371,loss=0.0033261668868362904>
24.4525 seconds
Tested. Sparse categorical accuracy: 68.00

round 69, metrics=<sparse_categorical_accuracy=0.9989110827445984,loss=0.0034036021679639816>
24.3176 seconds
Tested. Sparse categorical accuracy: 87.00

round 70, metrics=<sparse_categorical_accuracy=0.9992889165878296,loss=0.002545962342992425>
24.3511 seconds
Tested. Sparse categorical accuracy: 80.00

round 71, metrics=<sparse_categorical_accuracy=0.9991777539253235,loss=0.0025987494736909866>
23.3238 seconds
Tested. Sparse categorical accuracy: 75.00

round 72, metrics=<sparse_categorical_accuracy=0.9990666508674622,loss=0.0027903830632567406>
23.5097 seconds
Tested. Sparse categorical accuracy: 68.00

round 73, metrics=<sparse_categorical_accuracy=0.998977780342102,loss=0.0028922955971211195>
24.6718 seconds
Tested. Sparse categorical accuracy: 74.00

round 74, metrics=<sparse_categorical_accuracy=0.9990666508674622,loss=0.0024956618435680866>
23.9503 seconds
Tested. Sparse categorical accuracy: 63.00

round 75, metrics=<sparse_categorical_accuracy=0.9986444711685181,loss=0.0031183576211333275>
24.1562 seconds
Tested. Sparse categorical accuracy: 70.00

round 76, metrics=<sparse_categorical_accuracy=0.9988222122192383,loss=0.004892666358500719>
24.6296 seconds
Tested. Sparse categorical accuracy: 66.00

round 77, metrics=<sparse_categorical_accuracy=0.9991111159324646,loss=0.0032288553193211555>
24.4464 seconds
Tested. Sparse categorical accuracy: 82.00

round 78, metrics=<sparse_categorical_accuracy=0.9992222189903259,loss=0.002329430542886257>
24.1689 seconds
Tested. Sparse categorical accuracy: 80.00

round 79, metrics=<sparse_categorical_accuracy=0.9990222454071045,loss=0.002974931849166751>
23.8603 seconds
Tested. Sparse categorical accuracy: 82.00

round 80, metrics=<sparse_categorical_accuracy=0.9995777606964111,loss=0.0018027100013568997>
25.1101 seconds
Tested. Sparse categorical accuracy: 85.00

round 81, metrics=<sparse_categorical_accuracy=0.9995111227035522,loss=0.0022625073324888945>
24.0465 seconds
Tested. Sparse categorical accuracy: 78.00

round 82, metrics=<sparse_categorical_accuracy=0.9991111159324646,loss=0.0025278180837631226>
25.2605 seconds
Tested. Sparse categorical accuracy: 69.00

round 83, metrics=<sparse_categorical_accuracy=0.9987778067588806,loss=0.002841151785105467>
23.7054 seconds
Tested. Sparse categorical accuracy: 81.00

round 84, metrics=<sparse_categorical_accuracy=0.9993555545806885,loss=0.0027060590218752623>
25.5035 seconds
Tested. Sparse categorical accuracy: 81.00

round 85, metrics=<sparse_categorical_accuracy=0.9993555545806885,loss=0.0024263469967991114>
23.5900 seconds
Tested. Sparse categorical accuracy: 75.00

round 86, metrics=<sparse_categorical_accuracy=0.9986000061035156,loss=0.0036841651890426874>
23.6236 seconds
Tested. Sparse categorical accuracy: 77.00

round 87, metrics=<sparse_categorical_accuracy=0.9990222454071045,loss=0.0038313083350658417>
23.5981 seconds
Tested. Sparse categorical accuracy: 89.00

round 88, metrics=<sparse_categorical_accuracy=0.9995333552360535,loss=0.0018446813337504864>
23.8967 seconds
Tested. Sparse categorical accuracy: 75.00

round 89, metrics=<sparse_categorical_accuracy=0.9994221925735474,loss=0.001979018794372678>
23.3361 seconds
Tested. Sparse categorical accuracy: 84.00

round 90, metrics=<sparse_categorical_accuracy=0.9992222189903259,loss=0.002384532243013382>
24.9975 seconds
Tested. Sparse categorical accuracy: 85.00

round 91, metrics=<sparse_categorical_accuracy=0.9992666840553284,loss=0.0026041928213089705>
24.6256 seconds
Tested. Sparse categorical accuracy: 73.00

round 92, metrics=<sparse_categorical_accuracy=0.999311089515686,loss=0.001855524373240769>
24.2175 seconds
Tested. Sparse categorical accuracy: 83.00

round 93, metrics=<sparse_categorical_accuracy=0.9991111159324646,loss=0.002592679811641574>
23.8309 seconds
Tested. Sparse categorical accuracy: 84.00

round 94, metrics=<sparse_categorical_accuracy=0.9995999932289124,loss=0.0015518848085775971>
24.0818 seconds
Tested. Sparse categorical accuracy: 73.00

round 95, metrics=<sparse_categorical_accuracy=0.9992222189903259,loss=0.002624442335218191>
24.0300 seconds
Tested. Sparse categorical accuracy: 56.00

round 96, metrics=<sparse_categorical_accuracy=0.9986222386360168,loss=0.0036804659757763147>
24.9035 seconds
Tested. Sparse categorical accuracy: 78.00

round 97, metrics=<sparse_categorical_accuracy=0.9991111159324646,loss=0.0025799705181270838>
24.1469 seconds
Tested. Sparse categorical accuracy: 75.00

round 98, metrics=<sparse_categorical_accuracy=0.9995111227035522,loss=0.001548422616906464>
25.0184 seconds
Tested. Sparse categorical accuracy: 74.00

round 99, metrics=<sparse_categorical_accuracy=0.9992222189903259,loss=0.002207363024353981>
23.4693 seconds
Tested. Sparse categorical accuracy: 87.00

round 100, metrics=<sparse_categorical_accuracy=0.9995555281639099,loss=0.001529282657429576>
25.0647 seconds
Tested. Sparse categorical accuracy: 90.00

round 101, metrics=<sparse_categorical_accuracy=0.9996444582939148,loss=0.0011467908043414354>
23.3976 seconds
Tested. Sparse categorical accuracy: 84.00

round 102, metrics=<sparse_categorical_accuracy=0.9994444251060486,loss=0.0021770235616713762>
24.6611 seconds
Tested. Sparse categorical accuracy: 79.00

round 103, metrics=<sparse_categorical_accuracy=0.9991111159324646,loss=0.0024574152193963528>
25.0174 seconds
Tested. Sparse categorical accuracy: 78.00

round 104, metrics=<sparse_categorical_accuracy=0.9991999864578247,loss=0.002234078710898757>
24.8245 seconds
Tested. Sparse categorical accuracy: 87.00

round 105, metrics=<sparse_categorical_accuracy=0.9993777871131897,loss=0.0017969926120713353>
23.1970 seconds
Tested. Sparse categorical accuracy: 84.00

round 106, metrics=<sparse_categorical_accuracy=0.9991999864578247,loss=0.002162906341254711>
24.8524 seconds
Tested. Sparse categorical accuracy: 81.00

round 107, metrics=<sparse_categorical_accuracy=0.999311089515686,loss=0.0022627590224146843>
23.9498 seconds
Tested. Sparse categorical accuracy: 90.00

round 108, metrics=<sparse_categorical_accuracy=0.9995333552360535,loss=0.0015230926219373941>
24.7883 seconds
Tested. Sparse categorical accuracy: 83.00

round 109, metrics=<sparse_categorical_accuracy=0.9995999932289124,loss=0.0016455481527373195>
26.4269 seconds
Tested. Sparse categorical accuracy: 86.00

round 110, metrics=<sparse_categorical_accuracy=0.9994666576385498,loss=0.0018654459854587913>
23.5462 seconds
Tested. Sparse categorical accuracy: 90.00

round 111, metrics=<sparse_categorical_accuracy=0.9995999932289124,loss=0.0015948426444083452>
24.0864 seconds
Tested. Sparse categorical accuracy: 92.00

Target accuracy reached after  111  rounds
Average time per round: 24.00

2020-04-29 20:32:03.343322
