
TENSORFLOW USERS:
You must use the python3.6-anaconda/5.2.0 module to run TensorFlow.
See https://arc-ts.umich.edu/greatlakes/software/tensorflow for more
information.



The following have been reloaded with a version change:
  1) cuda/10.0.130 => cuda/10.1.105


Currently Loaded Modules:
  1) python3.7-anaconda/2019.07   2) cudnn/10.0-v7.6   3) cuda/10.1.105

 

mkdir: cannot create directory ‘results/9786362’: File exists
mkdir: cannot create directory ‘results/9786362/log’: File exists
2020-07-21 00:05:35.414798: E tensorflow/stream_executor/cuda/cuda_driver.cc:313] failed call to cuInit: UNKNOWN ERROR (303)
Test  281
2020-07-21 00:05:34.907384

How often each label is chosen for non-IID data
[23, 24, 17, 23, 17, 18, 24, 20, 15, 19]

Schema 1: Each client partially IID
--------------------------------------------------
percent data distributed IID:  80
number of classes for non-IID data:  2
data points per client (mean, std dev): ( 600 ,  0 )
--------------------------------------------------
round  1, metrics=<sparse_categorical_accuracy=0.09200000017881393,loss=2.3031387329101562>
3.4838 seconds
Tested. Sparse categorical accuracy: 18.33

round  2, metrics=<sparse_categorical_accuracy=0.11999999731779099,loss=2.2929294109344482>
2.5199 seconds
Tested. Sparse categorical accuracy: 8.33

round  3, metrics=<sparse_categorical_accuracy=0.10266666859388351,loss=2.285012722015381>
2.5337 seconds
Tested. Sparse categorical accuracy: 23.33

round  4, metrics=<sparse_categorical_accuracy=0.13766667246818542,loss=2.260425567626953>
2.4810 seconds
Tested. Sparse categorical accuracy: 6.67

round  5, metrics=<sparse_categorical_accuracy=0.1379999965429306,loss=2.1876981258392334>
2.5445 seconds
Tested. Sparse categorical accuracy: 11.67

round  6, metrics=<sparse_categorical_accuracy=0.3036666810512543,loss=2.194885015487671>
2.8660 seconds
Tested. Sparse categorical accuracy: 41.67

round  7, metrics=<sparse_categorical_accuracy=0.42133334279060364,loss=1.9210257530212402>
2.7162 seconds
Tested. Sparse categorical accuracy: 61.67

round  8, metrics=<sparse_categorical_accuracy=0.3179999887943268,loss=2.3737313747406006>
2.3643 seconds
Tested. Sparse categorical accuracy: 16.67

round  9, metrics=<sparse_categorical_accuracy=0.33000001311302185,loss=2.104740619659424>
2.6873 seconds
Tested. Sparse categorical accuracy: 41.67

round 10, metrics=<sparse_categorical_accuracy=0.4169999957084656,loss=2.045436143875122>
2.5070 seconds
Tested. Sparse categorical accuracy: 51.67

round 11, metrics=<sparse_categorical_accuracy=0.5360000133514404,loss=1.5328809022903442>
2.4065 seconds
Tested. Sparse categorical accuracy: 58.33

round 12, metrics=<sparse_categorical_accuracy=0.4493333399295807,loss=1.9689781665802002>
2.4743 seconds
Tested. Sparse categorical accuracy: 61.67

round 13, metrics=<sparse_categorical_accuracy=0.6150000095367432,loss=1.1862589120864868>
2.6041 seconds
Tested. Sparse categorical accuracy: 75.00

round 14, metrics=<sparse_categorical_accuracy=0.6923333406448364,loss=1.1601489782333374>
2.9360 seconds
Tested. Sparse categorical accuracy: 75.00

round 15, metrics=<sparse_categorical_accuracy=0.7666666507720947,loss=0.7468898296356201>
2.2983 seconds
Tested. Sparse categorical accuracy: 80.00

round 16, metrics=<sparse_categorical_accuracy=0.765333354473114,loss=0.8898475766181946>
2.3314 seconds
Tested. Sparse categorical accuracy: 68.33

round 17, metrics=<sparse_categorical_accuracy=0.8226666450500488,loss=0.6034556031227112>
2.4621 seconds
Tested. Sparse categorical accuracy: 81.67

round 18, metrics=<sparse_categorical_accuracy=0.8193333148956299,loss=0.7581049799919128>
2.6428 seconds
Tested. Sparse categorical accuracy: 86.67

round 19, metrics=<sparse_categorical_accuracy=0.8396666646003723,loss=0.6046764254570007>
2.4646 seconds
Tested. Sparse categorical accuracy: 93.33

round 20, metrics=<sparse_categorical_accuracy=0.8983333110809326,loss=0.3762191832065582>
2.3439 seconds
Tested. Sparse categorical accuracy: 95.00

round 21, metrics=<sparse_categorical_accuracy=0.8973333239555359,loss=0.31250566244125366>
2.4746 seconds
Tested. Sparse categorical accuracy: 91.67

round 22, metrics=<sparse_categorical_accuracy=0.9133333563804626,loss=0.2838703691959381>
2.7093 seconds
Tested. Sparse categorical accuracy: 96.67

round 23, metrics=<sparse_categorical_accuracy=0.8970000147819519,loss=0.3568226397037506>
2.3344 seconds
Tested. Sparse categorical accuracy: 95.00

round 24, metrics=<sparse_categorical_accuracy=0.9013333320617676,loss=0.3343559801578522>
2.3367 seconds
Tested. Sparse categorical accuracy: 96.67

24  rounds run
Average time per round: 2.00

preds
Traceback (most recent call last):
  File "R_tff_main.py", line 28, in <module>
    p1.go(test, batch)
  File "/home/apawlik/federated/R_1_each_client_partially_iid.py", line 208, in go
    self.train(num, batch, 1)
  File "/home/apawlik/federated/R_partitioner.py", line 326, in train
    print(preds)
UnboundLocalError: local variable 'preds' referenced before assignment
