
TENSORFLOW USERS:
You must use the python3.6-anaconda/5.2.0 module to run TensorFlow.
See https://arc-ts.umich.edu/greatlakes/software/tensorflow for more
information.



The following have been reloaded with a version change:
  1) cuda/10.0.130 => cuda/10.1.105


Currently Loaded Modules:
  1) python3.7-anaconda/2019.07   2) cudnn/10.0-v7.6   3) cuda/10.1.105

 

mkdir: cannot create directory ‘results/9786362’: File exists
mkdir: cannot create directory ‘results/9786362/log’: File exists
2020-07-21 00:12:00.669666: E tensorflow/stream_executor/cuda/cuda_driver.cc:313] failed call to cuInit: UNKNOWN ERROR (303)
Test  336
2020-07-21 00:11:59.973117

How often each label is chosen for non-IID data
[18, 22, 23, 23, 14, 20, 19, 19, 22, 20]

Schema 1: Each client partially IID
--------------------------------------------------
percent data distributed IID:  80
number of classes for non-IID data:  2
data points per client (mean, std dev): ( 600 ,  0 )
--------------------------------------------------
round  1, metrics=<sparse_categorical_accuracy=0.11733333021402359,loss=2.3020617961883545>
4.5613 seconds
Tested. Sparse categorical accuracy: 23.33

round  2, metrics=<sparse_categorical_accuracy=0.10633333027362823,loss=2.2948660850524902>
3.6020 seconds
Tested. Sparse categorical accuracy: 23.33

round  3, metrics=<sparse_categorical_accuracy=0.10499999672174454,loss=2.2814583778381348>
4.0520 seconds
Tested. Sparse categorical accuracy: 20.00

round  4, metrics=<sparse_categorical_accuracy=0.20499999821186066,loss=2.249575614929199>
3.1334 seconds
Tested. Sparse categorical accuracy: 23.33

round  5, metrics=<sparse_categorical_accuracy=0.20333333313465118,loss=2.230358839035034>
3.5479 seconds
Tested. Sparse categorical accuracy: 50.00

round  6, metrics=<sparse_categorical_accuracy=0.320333331823349,loss=2.08255672454834>
3.0428 seconds
Tested. Sparse categorical accuracy: 60.00

round  7, metrics=<sparse_categorical_accuracy=0.36533331871032715,loss=2.070486307144165>
3.4723 seconds
Tested. Sparse categorical accuracy: 68.33

round  8, metrics=<sparse_categorical_accuracy=0.3869999945163727,loss=2.051152229309082>
3.2124 seconds
Tested. Sparse categorical accuracy: 48.33

round  9, metrics=<sparse_categorical_accuracy=0.38733333349227905,loss=1.7781578302383423>
3.3801 seconds
Tested. Sparse categorical accuracy: 58.33

round 10, metrics=<sparse_categorical_accuracy=0.5479999780654907,loss=1.7336727380752563>
3.6146 seconds
Tested. Sparse categorical accuracy: 66.67

round 11, metrics=<sparse_categorical_accuracy=0.5823333263397217,loss=1.4776897430419922>
3.1397 seconds
Tested. Sparse categorical accuracy: 83.33

round 12, metrics=<sparse_categorical_accuracy=0.6359999775886536,loss=1.2817798852920532>
3.7757 seconds
Tested. Sparse categorical accuracy: 77.50

round 13, metrics=<sparse_categorical_accuracy=0.7179999947547913,loss=0.876686692237854>
3.2310 seconds
Tested. Sparse categorical accuracy: 73.33

round 14, metrics=<sparse_categorical_accuracy=0.7860000133514404,loss=0.7613692283630371>
3.3894 seconds
Tested. Sparse categorical accuracy: 76.67

round 15, metrics=<sparse_categorical_accuracy=0.8083333373069763,loss=0.6869736909866333>
3.1326 seconds
Tested. Sparse categorical accuracy: 95.00

round 16, metrics=<sparse_categorical_accuracy=0.8433333039283752,loss=0.5714955925941467>
3.3357 seconds
Tested. Sparse categorical accuracy: 85.00

round 17, metrics=<sparse_categorical_accuracy=0.8450000286102295,loss=0.5312891602516174>
3.3967 seconds
Tested. Sparse categorical accuracy: 85.00

round 18, metrics=<sparse_categorical_accuracy=0.8489999771118164,loss=0.514374852180481>
3.3885 seconds
Tested. Sparse categorical accuracy: 93.33

round 19, metrics=<sparse_categorical_accuracy=0.8713333606719971,loss=0.422291100025177>
3.2293 seconds
Tested. Sparse categorical accuracy: 93.33

round 20, metrics=<sparse_categorical_accuracy=0.9083333611488342,loss=0.3085974156856537>
3.4392 seconds
Tested. Sparse categorical accuracy: 98.33

round 21, metrics=<sparse_categorical_accuracy=0.9106666445732117,loss=0.31185755133628845>
3.2755 seconds
Tested. Sparse categorical accuracy: 98.33

round 22, metrics=<sparse_categorical_accuracy=0.9213333129882812,loss=0.2666298449039459>
3.3070 seconds
Tested. Sparse categorical accuracy: 93.33

round 23, metrics=<sparse_categorical_accuracy=0.9086666703224182,loss=0.2903813123703003>
3.2243 seconds
Tested. Sparse categorical accuracy: 98.33

round 24, metrics=<sparse_categorical_accuracy=0.9246666431427002,loss=0.25585150718688965>
3.2809 seconds
Tested. Sparse categorical accuracy: 100.00

24  rounds run
Average time per round: 3.00

preds
Traceback (most recent call last):
  File "R_tff_main.py", line 28, in <module>
    p1.go(test, batch)
  File "/home/apawlik/federated/R_1_each_client_partially_iid.py", line 208, in go
    self.train(num, batch, 1)
  File "/home/apawlik/federated/R_partitioner.py", line 326, in train
    print(preds)
UnboundLocalError: local variable 'preds' referenced before assignment
