
TENSORFLOW USERS:
You must use the python3.6-anaconda/5.2.0 module to run TensorFlow.
See https://arc-ts.umich.edu/greatlakes/software/tensorflow for more
information.



The following have been reloaded with a version change:
  1) cuda/10.0.130 => cuda/10.1.105


Currently Loaded Modules:
  1) python3.7-anaconda/2019.07   2) cudnn/10.0-v7.6   3) cuda/10.1.105

 

mkdir: cannot create directory ‘results/9786362’: File exists
mkdir: cannot create directory ‘results/9786362/log’: File exists
2020-07-20 23:55:03.236954: E tensorflow/stream_executor/cuda/cuda_driver.cc:313] failed call to cuInit: UNKNOWN ERROR (303)
Test  184
2020-07-20 23:55:02.751401

How often each label is chosen for non-IID data
[16, 20, 24, 19, 21, 19, 17, 22, 24, 18]

Schema 1: Each client partially IID
--------------------------------------------------
percent data distributed IID:  80
number of classes for non-IID data:  2
data points per client (mean, std dev): ( 600 ,  0 )
--------------------------------------------------
round  1, metrics=<sparse_categorical_accuracy=0.20208333432674408,loss=2.280715227127075>
14.6804 seconds
Tested. Sparse categorical accuracy: 26.67

round  2, metrics=<sparse_categorical_accuracy=0.24324999749660492,loss=2.2210910320281982>
10.8213 seconds
Tested. Sparse categorical accuracy: 46.67

round  3, metrics=<sparse_categorical_accuracy=0.3916666805744171,loss=2.0756940841674805>
10.6466 seconds
Tested. Sparse categorical accuracy: 60.00

round  4, metrics=<sparse_categorical_accuracy=0.6187499761581421,loss=1.3146811723709106>
10.6262 seconds
Tested. Sparse categorical accuracy: 60.00

round  5, metrics=<sparse_categorical_accuracy=0.7914999723434448,loss=0.6784011721611023>
10.5319 seconds
Tested. Sparse categorical accuracy: 80.00

round  6, metrics=<sparse_categorical_accuracy=0.871916651725769,loss=0.41732797026634216>
10.7064 seconds
Tested. Sparse categorical accuracy: 93.33

6  rounds run
Average time per round: 11.00

preds
Traceback (most recent call last):
  File "R_tff_main.py", line 28, in <module>
    p1.go(test, batch)
  File "/home/apawlik/federated/R_1_each_client_partially_iid.py", line 208, in go
    self.train(num, batch, 1)
  File "/home/apawlik/federated/R_partitioner.py", line 326, in train
    print(preds)
UnboundLocalError: local variable 'preds' referenced before assignment
