
TENSORFLOW USERS:
You must use the python3.6-anaconda/5.2.0 module to run TensorFlow.
See https://arc-ts.umich.edu/greatlakes/software/tensorflow for more
information.



The following have been reloaded with a version change:
  1) cuda/10.0.130 => cuda/10.1.105


Currently Loaded Modules:
  1) python3.7-anaconda/2019.07   2) cudnn/10.0-v7.6   3) cuda/10.1.105

 

mkdir: cannot create directory ‘results/9786362’: File exists
mkdir: cannot create directory ‘results/9786362/log’: File exists
2020-07-20 23:39:50.970843: E tensorflow/stream_executor/cuda/cuda_driver.cc:313] failed call to cuInit: UNKNOWN ERROR (303)
Test  47
2020-07-20 23:39:50.435402

How often each label is chosen for non-IID data
[18, 25, 21, 16, 20, 20, 20, 20, 15, 25]

Schema 1: Each client partially IID
--------------------------------------------------
percent data distributed IID:  80
number of classes for non-IID data:  2
data points per client (mean, std dev): ( 600 ,  0 )
--------------------------------------------------
round  1, metrics=<sparse_categorical_accuracy=0.13733333349227905,loss=2.290323495864868>
7.0791 seconds
Tested. Sparse categorical accuracy: 6.67

round  2, metrics=<sparse_categorical_accuracy=0.1354999989271164,loss=2.2677102088928223>
4.3898 seconds
Tested. Sparse categorical accuracy: 36.67

round  3, metrics=<sparse_categorical_accuracy=0.28983333706855774,loss=2.181018114089966>
5.0810 seconds
Tested. Sparse categorical accuracy: 63.33

round  4, metrics=<sparse_categorical_accuracy=0.3631666600704193,loss=2.2073557376861572>
4.7850 seconds
Tested. Sparse categorical accuracy: 46.67

round  5, metrics=<sparse_categorical_accuracy=0.4736666679382324,loss=1.9046293497085571>
4.7003 seconds
Tested. Sparse categorical accuracy: 73.33

round  6, metrics=<sparse_categorical_accuracy=0.5138333439826965,loss=1.7396266460418701>
4.5629 seconds
Tested. Sparse categorical accuracy: 50.00

round  7, metrics=<sparse_categorical_accuracy=0.7048333287239075,loss=1.027997612953186>
5.0404 seconds
Tested. Sparse categorical accuracy: 96.67

round  8, metrics=<sparse_categorical_accuracy=0.8163333535194397,loss=0.635853111743927>
4.8985 seconds
Tested. Sparse categorical accuracy: 93.33

round  9, metrics=<sparse_categorical_accuracy=0.8270000219345093,loss=0.6104234457015991>
4.6549 seconds
Tested. Sparse categorical accuracy: 100.00

round 10, metrics=<sparse_categorical_accuracy=0.8576666712760925,loss=0.48755550384521484>
4.7515 seconds
Tested. Sparse categorical accuracy: 86.67

round 11, metrics=<sparse_categorical_accuracy=0.8418333530426025,loss=0.5697095990180969>
4.4824 seconds
Tested. Sparse categorical accuracy: 100.00

round 12, metrics=<sparse_categorical_accuracy=0.9169999957084656,loss=0.28386393189430237>
4.8221 seconds
Tested. Sparse categorical accuracy: 76.67

12  rounds run
Average time per round: 4.00

preds
Traceback (most recent call last):
  File "R_tff_main.py", line 28, in <module>
    p1.go(test, batch)
  File "/home/apawlik/federated/R_1_each_client_partially_iid.py", line 208, in go
    self.train(num, batch, 1)
  File "/home/apawlik/federated/R_partitioner.py", line 326, in train
    print(preds)
UnboundLocalError: local variable 'preds' referenced before assignment
