
TENSORFLOW USERS:
You must use the python3.6-anaconda/5.2.0 module to run TensorFlow.
See https://arc-ts.umich.edu/greatlakes/software/tensorflow for more
information.



The following have been reloaded with a version change:
  1) cuda/10.0.130 => cuda/10.1.105


Currently Loaded Modules:
  1) python3.7-anaconda/2019.07   2) cudnn/10.0-v7.6   3) cuda/10.1.105

 

mkdir: cannot create directory ‘results/9786362’: File exists
mkdir: cannot create directory ‘results/9786362/log’: File exists
2020-07-21 00:25:55.756990: E tensorflow/stream_executor/cuda/cuda_driver.cc:313] failed call to cuInit: UNKNOWN ERROR (303)
Test  461
2020-07-21 00:25:55.244504

How often each label is chosen for non-IID data
[19, 14, 23, 21, 20, 26, 16, 25, 20, 16]

Schema 1: Each client partially IID
--------------------------------------------------
percent data distributed IID:  80
number of classes for non-IID data:  2
data points per client (mean, std dev): ( 600 ,  0 )
--------------------------------------------------
round  1, metrics=<sparse_categorical_accuracy=0.11100000143051147,loss=2.3042447566986084>
3.0527 seconds
Tested. Sparse categorical accuracy: 15.00

round  2, metrics=<sparse_categorical_accuracy=0.10999999940395355,loss=2.2904775142669678>
2.2103 seconds
Tested. Sparse categorical accuracy: 11.67

round  3, metrics=<sparse_categorical_accuracy=0.10166666656732559,loss=2.2838728427886963>
2.3112 seconds
Tested. Sparse categorical accuracy: 21.67

round  4, metrics=<sparse_categorical_accuracy=0.1133333370089531,loss=2.260932683944702>
2.1389 seconds
Tested. Sparse categorical accuracy: 11.67

round  5, metrics=<sparse_categorical_accuracy=0.14533333480358124,loss=2.1887171268463135>
2.2286 seconds
Tested. Sparse categorical accuracy: 40.00

round  6, metrics=<sparse_categorical_accuracy=0.30000001192092896,loss=2.2495739459991455>
2.1710 seconds
Tested. Sparse categorical accuracy: 38.33

round  7, metrics=<sparse_categorical_accuracy=0.4180000126361847,loss=2.1123080253601074>
2.1866 seconds
Tested. Sparse categorical accuracy: 26.67

round  8, metrics=<sparse_categorical_accuracy=0.35766667127609253,loss=2.380620002746582>
2.0812 seconds
Tested. Sparse categorical accuracy: 46.67

round  9, metrics=<sparse_categorical_accuracy=0.3659999966621399,loss=2.057567834854126>
2.1741 seconds
Tested. Sparse categorical accuracy: 51.67

round 10, metrics=<sparse_categorical_accuracy=0.4113333225250244,loss=2.2512502670288086>
2.0484 seconds
Tested. Sparse categorical accuracy: 35.00

round 11, metrics=<sparse_categorical_accuracy=0.4243333339691162,loss=1.8540239334106445>
2.1501 seconds
Tested. Sparse categorical accuracy: 48.33

round 12, metrics=<sparse_categorical_accuracy=0.4806666672229767,loss=1.6971367597579956>
2.0902 seconds
Tested. Sparse categorical accuracy: 58.33

round 13, metrics=<sparse_categorical_accuracy=0.652999997138977,loss=1.139054298400879>
2.0806 seconds
Tested. Sparse categorical accuracy: 70.00

round 14, metrics=<sparse_categorical_accuracy=0.6266666650772095,loss=1.3369495868682861>
2.1931 seconds
Tested. Sparse categorical accuracy: 55.00

round 15, metrics=<sparse_categorical_accuracy=0.6483333110809326,loss=1.0808879137039185>
2.1184 seconds
Tested. Sparse categorical accuracy: 73.33

round 16, metrics=<sparse_categorical_accuracy=0.7563333511352539,loss=0.8224174976348877>
2.1878 seconds
Tested. Sparse categorical accuracy: 75.00

round 17, metrics=<sparse_categorical_accuracy=0.7730000019073486,loss=0.7608171105384827>
2.0706 seconds
Tested. Sparse categorical accuracy: 93.33

round 18, metrics=<sparse_categorical_accuracy=0.8450000286102295,loss=0.5408055186271667>
2.0413 seconds
Tested. Sparse categorical accuracy: 81.67

round 19, metrics=<sparse_categorical_accuracy=0.8503333330154419,loss=0.5365742444992065>
2.1902 seconds
Tested. Sparse categorical accuracy: 93.33

round 20, metrics=<sparse_categorical_accuracy=0.8700000047683716,loss=0.4392224848270416>
2.0668 seconds
Tested. Sparse categorical accuracy: 85.00

round 21, metrics=<sparse_categorical_accuracy=0.8966666460037231,loss=0.3389705419540405>
2.0450 seconds
Tested. Sparse categorical accuracy: 86.67

round 22, metrics=<sparse_categorical_accuracy=0.9020000100135803,loss=0.30990949273109436>
2.1946 seconds
Tested. Sparse categorical accuracy: 83.33

round 23, metrics=<sparse_categorical_accuracy=0.8853333592414856,loss=0.359740287065506>
2.0293 seconds
Tested. Sparse categorical accuracy: 95.00

round 24, metrics=<sparse_categorical_accuracy=0.9129999876022339,loss=0.29022982716560364>
1.9948 seconds
Tested. Sparse categorical accuracy: 93.33

24  rounds run
Average time per round: 2.00

preds
Traceback (most recent call last):
  File "R_tff_main.py", line 28, in <module>
    p1.go(test, batch)
  File "/home/apawlik/federated/R_1_each_client_partially_iid.py", line 208, in go
    self.train(num, batch, 1)
  File "/home/apawlik/federated/R_partitioner.py", line 326, in train
    print(preds)
UnboundLocalError: local variable 'preds' referenced before assignment
