
TENSORFLOW USERS:
You must use the python3.6-anaconda/5.2.0 module to run TensorFlow.
See https://arc-ts.umich.edu/greatlakes/software/tensorflow for more
information.



The following have been reloaded with a version change:
  1) cuda/10.0.130 => cuda/10.1.105


Currently Loaded Modules:
  1) python3.7-anaconda/2019.07   2) cudnn/10.0-v7.6   3) cuda/10.1.105

 

mkdir: cannot create directory ‘results/9786362’: File exists
mkdir: cannot create directory ‘results/9786362/log’: File exists
2020-07-21 00:01:47.079061: E tensorflow/stream_executor/cuda/cuda_driver.cc:313] failed call to cuInit: UNKNOWN ERROR (303)
Test  245
2020-07-21 00:01:46.573903

How often each label is chosen for non-IID data
[22, 17, 16, 14, 21, 17, 28, 25, 20, 20]

Schema 1: Each client partially IID
--------------------------------------------------
percent data distributed IID:  80
number of classes for non-IID data:  2
data points per client (mean, std dev): ( 600 ,  0 )
--------------------------------------------------
round  1, metrics=<sparse_categorical_accuracy=0.18700000643730164,loss=2.225438117980957>
21.9174 seconds
Tested. Sparse categorical accuracy: 50.00

round  2, metrics=<sparse_categorical_accuracy=0.4552222192287445,loss=1.830958366394043>
16.1900 seconds
Tested. Sparse categorical accuracy: 70.00

round  3, metrics=<sparse_categorical_accuracy=0.7446110844612122,loss=0.8245435357093811>
15.9341 seconds
Tested. Sparse categorical accuracy: 80.00

round  4, metrics=<sparse_categorical_accuracy=0.8623889088630676,loss=0.44975292682647705>
16.0503 seconds
Tested. Sparse categorical accuracy: 100.00

4  rounds run
Average time per round: 17.00

preds
Traceback (most recent call last):
  File "R_tff_main.py", line 28, in <module>
    p1.go(test, batch)
  File "/home/apawlik/federated/R_1_each_client_partially_iid.py", line 208, in go
    self.train(num, batch, 1)
  File "/home/apawlik/federated/R_partitioner.py", line 326, in train
    print(preds)
UnboundLocalError: local variable 'preds' referenced before assignment
