
TENSORFLOW USERS:
You must use the python3.6-anaconda/5.2.0 module to run TensorFlow.
See https://arc-ts.umich.edu/greatlakes/software/tensorflow for more
information.



The following have been reloaded with a version change:
  1) cuda/10.0.130 => cuda/10.1.105


Currently Loaded Modules:
  1) python3.7-anaconda/2019.07   2) cudnn/10.0-v7.6   3) cuda/10.1.105

 

mkdir: cannot create directory ‘results/9786362’: File exists
mkdir: cannot create directory ‘results/9786362/log’: File exists
2020-07-21 00:07:45.700441: E tensorflow/stream_executor/cuda/cuda_driver.cc:313] failed call to cuInit: UNKNOWN ERROR (303)
Test  300
2020-07-21 00:07:45.201358

How often each label is chosen for non-IID data
[23, 20, 22, 14, 21, 25, 18, 14, 21, 22]

Schema 1: Each client partially IID
--------------------------------------------------
percent data distributed IID:  80
number of classes for non-IID data:  2
data points per client (mean, std dev): ( 600 ,  0 )
--------------------------------------------------
round  1, metrics=<sparse_categorical_accuracy=0.2437777817249298,loss=2.1803483963012695>
25.0478 seconds
Tested. Sparse categorical accuracy: 50.00

round  2, metrics=<sparse_categorical_accuracy=0.5064444541931152,loss=1.620732069015503>
18.0005 seconds
Tested. Sparse categorical accuracy: 90.00

round  3, metrics=<sparse_categorical_accuracy=0.7407777905464172,loss=0.8334033489227295>
18.9561 seconds
Tested. Sparse categorical accuracy: 90.00

round  4, metrics=<sparse_categorical_accuracy=0.866777777671814,loss=0.423280268907547>
18.6582 seconds
Tested. Sparse categorical accuracy: 90.00

4  rounds run
Average time per round: 20.00

preds
Traceback (most recent call last):
  File "R_tff_main.py", line 28, in <module>
    p1.go(test, batch)
  File "/home/apawlik/federated/R_1_each_client_partially_iid.py", line 208, in go
    self.train(num, batch, 1)
  File "/home/apawlik/federated/R_partitioner.py", line 326, in train
    print(preds)
UnboundLocalError: local variable 'preds' referenced before assignment
