
TENSORFLOW USERS:
You must use the python3.6-anaconda/5.2.0 module to run TensorFlow.
See https://arc-ts.umich.edu/greatlakes/software/tensorflow for more
information.



The following have been reloaded with a version change:
  1) cuda/10.0.130 => cuda/10.1.105


Currently Loaded Modules:
  1) python3.7-anaconda/2019.07   2) cudnn/10.0-v7.6   3) cuda/10.1.105

 

mkdir: cannot create directory ‘results/9786362’: File exists
mkdir: cannot create directory ‘results/9786362/log’: File exists
2020-07-21 00:16:54.158041: E tensorflow/stream_executor/cuda/cuda_driver.cc:313] failed call to cuInit: UNKNOWN ERROR (303)
Test  381
2020-07-21 00:16:53.617579

How often each label is chosen for non-IID data
[24, 12, 20, 20, 27, 17, 19, 18, 23, 20]

Schema 1: Each client partially IID
--------------------------------------------------
percent data distributed IID:  80
number of classes for non-IID data:  2
data points per client (mean, std dev): ( 600 ,  0 )
--------------------------------------------------
round  1, metrics=<sparse_categorical_accuracy=0.10199999809265137,loss=2.304755210876465>
3.5489 seconds
Tested. Sparse categorical accuracy: 11.67

round  2, metrics=<sparse_categorical_accuracy=0.13866665959358215,loss=2.2928993701934814>
2.4968 seconds
Tested. Sparse categorical accuracy: 8.33

round  3, metrics=<sparse_categorical_accuracy=0.14399999380111694,loss=2.2882540225982666>
2.6030 seconds
Tested. Sparse categorical accuracy: 21.67

round  4, metrics=<sparse_categorical_accuracy=0.14033333957195282,loss=2.270033597946167>
2.4593 seconds
Tested. Sparse categorical accuracy: 26.67

round  5, metrics=<sparse_categorical_accuracy=0.1966666728258133,loss=2.224952459335327>
2.6559 seconds
Tested. Sparse categorical accuracy: 31.67

round  6, metrics=<sparse_categorical_accuracy=0.25099998712539673,loss=2.20538067817688>
2.4434 seconds
Tested. Sparse categorical accuracy: 45.00

round  7, metrics=<sparse_categorical_accuracy=0.320333331823349,loss=2.271641492843628>
2.5850 seconds
Tested. Sparse categorical accuracy: 6.67

round  8, metrics=<sparse_categorical_accuracy=0.18466666340827942,loss=2.1574432849884033>
2.4366 seconds
Tested. Sparse categorical accuracy: 36.67

round  9, metrics=<sparse_categorical_accuracy=0.3816666603088379,loss=1.9980895519256592>
2.4852 seconds
Tested. Sparse categorical accuracy: 55.00

round 10, metrics=<sparse_categorical_accuracy=0.47333332896232605,loss=2.0875113010406494>
2.4100 seconds
Tested. Sparse categorical accuracy: 53.33

round 11, metrics=<sparse_categorical_accuracy=0.4856666624546051,loss=1.691585659980774>
2.5892 seconds
Tested. Sparse categorical accuracy: 51.67

round 12, metrics=<sparse_categorical_accuracy=0.5686666369438171,loss=1.7145822048187256>
2.2764 seconds
Tested. Sparse categorical accuracy: 41.67

round 13, metrics=<sparse_categorical_accuracy=0.44566667079925537,loss=1.662764310836792>
2.3746 seconds
Tested. Sparse categorical accuracy: 65.00

round 14, metrics=<sparse_categorical_accuracy=0.6226666569709778,loss=1.227062463760376>
2.5725 seconds
Tested. Sparse categorical accuracy: 75.00

round 15, metrics=<sparse_categorical_accuracy=0.6956666707992554,loss=1.126065731048584>
2.4878 seconds
Tested. Sparse categorical accuracy: 65.00

round 16, metrics=<sparse_categorical_accuracy=0.7326666712760925,loss=0.8419922590255737>
2.5238 seconds
Tested. Sparse categorical accuracy: 83.33

round 17, metrics=<sparse_categorical_accuracy=0.7816666960716248,loss=0.8076318502426147>
2.3363 seconds
Tested. Sparse categorical accuracy: 83.33

round 18, metrics=<sparse_categorical_accuracy=0.8426666855812073,loss=0.5949013233184814>
2.3385 seconds
Tested. Sparse categorical accuracy: 90.00

round 19, metrics=<sparse_categorical_accuracy=0.8529999852180481,loss=0.5258503556251526>
2.5352 seconds
Tested. Sparse categorical accuracy: 90.00

round 20, metrics=<sparse_categorical_accuracy=0.8826666474342346,loss=0.4016169309616089>
2.4421 seconds
Tested. Sparse categorical accuracy: 93.33

round 21, metrics=<sparse_categorical_accuracy=0.8856666684150696,loss=0.4029959738254547>
2.3548 seconds
Tested. Sparse categorical accuracy: 90.00

round 22, metrics=<sparse_categorical_accuracy=0.8943333625793457,loss=0.3473731577396393>
2.5700 seconds
Tested. Sparse categorical accuracy: 91.67

round 23, metrics=<sparse_categorical_accuracy=0.9083333611488342,loss=0.30184444785118103>
2.3160 seconds
Tested. Sparse categorical accuracy: 100.00

round 24, metrics=<sparse_categorical_accuracy=0.903333306312561,loss=0.3234110176563263>
2.3798 seconds
Tested. Sparse categorical accuracy: 91.67

24  rounds run
Average time per round: 2.00

preds
Traceback (most recent call last):
  File "R_tff_main.py", line 28, in <module>
    p1.go(test, batch)
  File "/home/apawlik/federated/R_1_each_client_partially_iid.py", line 208, in go
    self.train(num, batch, 1)
  File "/home/apawlik/federated/R_partitioner.py", line 326, in train
    print(preds)
UnboundLocalError: local variable 'preds' referenced before assignment
