
TENSORFLOW USERS:
You must use the python3.6-anaconda/5.2.0 module to run TensorFlow.
See https://arc-ts.umich.edu/greatlakes/software/tensorflow for more
information.



The following have been reloaded with a version change:
  1) cuda/10.0.130 => cuda/10.1.105


Currently Loaded Modules:
  1) python3.7-anaconda/2019.07   2) cudnn/10.0-v7.6   3) cuda/10.1.105

 

mkdir: cannot create directory ‘results/9786362’: File exists
mkdir: cannot create directory ‘results/9786362/log’: File exists
2020-07-21 00:21:30.294871: E tensorflow/stream_executor/cuda/cuda_driver.cc:313] failed call to cuInit: UNKNOWN ERROR (303)
Test  422
2020-07-21 00:21:29.757901

How often each label is chosen for non-IID data
[18, 20, 16, 27, 22, 21, 17, 20, 17, 22]

Schema 1: Each client partially IID
--------------------------------------------------
percent data distributed IID:  80
number of classes for non-IID data:  2
data points per client (mean, std dev): ( 600 ,  0 )
--------------------------------------------------
round  1, metrics=<sparse_categorical_accuracy=0.12833333015441895,loss=2.28836989402771>
7.1175 seconds
Tested. Sparse categorical accuracy: 23.33

round  2, metrics=<sparse_categorical_accuracy=0.16099999845027924,loss=2.2568836212158203>
5.2376 seconds
Tested. Sparse categorical accuracy: 30.00

round  3, metrics=<sparse_categorical_accuracy=0.2918333411216736,loss=2.1746084690093994>
5.3086 seconds
Tested. Sparse categorical accuracy: 43.33

round  4, metrics=<sparse_categorical_accuracy=0.3426666557788849,loss=2.2638018131256104>
5.1591 seconds
Tested. Sparse categorical accuracy: 3.33

round  5, metrics=<sparse_categorical_accuracy=0.289000004529953,loss=2.165469169616699>
5.1066 seconds
Tested. Sparse categorical accuracy: 46.67

round  6, metrics=<sparse_categorical_accuracy=0.4508333206176758,loss=1.8280665874481201>
5.3424 seconds
Tested. Sparse categorical accuracy: 60.00

round  7, metrics=<sparse_categorical_accuracy=0.5799999833106995,loss=1.3750110864639282>
5.2168 seconds
Tested. Sparse categorical accuracy: 70.00

round  8, metrics=<sparse_categorical_accuracy=0.7286666631698608,loss=0.9530333876609802>
5.2848 seconds
Tested. Sparse categorical accuracy: 83.33

round  9, metrics=<sparse_categorical_accuracy=0.7933333516120911,loss=0.6944059133529663>
4.9137 seconds
Tested. Sparse categorical accuracy: 96.67

round 10, metrics=<sparse_categorical_accuracy=0.831333339214325,loss=0.5448550581932068>
5.2105 seconds
Tested. Sparse categorical accuracy: 93.33

round 11, metrics=<sparse_categorical_accuracy=0.8786666393280029,loss=0.3957635164260864>
4.7906 seconds
Tested. Sparse categorical accuracy: 96.67

round 12, metrics=<sparse_categorical_accuracy=0.8946666717529297,loss=0.3257673382759094>
4.9812 seconds
Tested. Sparse categorical accuracy: 93.33

12  rounds run
Average time per round: 5.00

preds
Traceback (most recent call last):
  File "R_tff_main.py", line 28, in <module>
    p1.go(test, batch)
  File "/home/apawlik/federated/R_1_each_client_partially_iid.py", line 208, in go
    self.train(num, batch, 1)
  File "/home/apawlik/federated/R_partitioner.py", line 326, in train
    print(preds)
UnboundLocalError: local variable 'preds' referenced before assignment
