
TENSORFLOW USERS:
You must use the python3.6-anaconda/5.2.0 module to run TensorFlow.
See https://arc-ts.umich.edu/greatlakes/software/tensorflow for more
information.



The following have been reloaded with a version change:
  1) cuda/10.0.130 => cuda/10.1.105


Currently Loaded Modules:
  1) python3.7-anaconda/2019.07   2) cudnn/10.0-v7.6   3) cuda/10.1.105

 

mkdir: cannot create directory ‘results/9786362’: File exists
mkdir: cannot create directory ‘results/9786362/log’: File exists
2020-07-20 23:35:06.590211: E tensorflow/stream_executor/cuda/cuda_driver.cc:313] failed call to cuInit: UNKNOWN ERROR (303)
Test  11
2020-07-20 23:35:05.728521

How often each label is chosen for non-IID data
[20, 25, 15, 15, 24, 18, 16, 24, 18, 25]

Schema 1: Each client partially IID
--------------------------------------------------
percent data distributed IID:  80
number of classes for non-IID data:  2
data points per client (mean, std dev): ( 600 ,  0 )
--------------------------------------------------
round  1, metrics=<sparse_categorical_accuracy=0.09133332967758179,loss=2.3011391162872314>
3.2943 seconds
Tested. Sparse categorical accuracy: 11.67

round  2, metrics=<sparse_categorical_accuracy=0.10599999874830246,loss=2.29414963722229>
2.2794 seconds
Tested. Sparse categorical accuracy: 13.33

round  3, metrics=<sparse_categorical_accuracy=0.12399999797344208,loss=2.274784564971924>
2.4156 seconds
Tested. Sparse categorical accuracy: 16.67

round  4, metrics=<sparse_categorical_accuracy=0.16433332860469818,loss=2.2417945861816406>
2.3057 seconds
Tested. Sparse categorical accuracy: 16.67

round  5, metrics=<sparse_categorical_accuracy=0.24666666984558105,loss=2.1468379497528076>
2.5616 seconds
Tested. Sparse categorical accuracy: 38.33

round  6, metrics=<sparse_categorical_accuracy=0.34299999475479126,loss=2.407438039779663>
2.2924 seconds
Tested. Sparse categorical accuracy: 43.33

round  7, metrics=<sparse_categorical_accuracy=0.24633333086967468,loss=2.2651116847991943>
2.3927 seconds
Tested. Sparse categorical accuracy: 35.00

round  8, metrics=<sparse_categorical_accuracy=0.3009999990463257,loss=2.199241876602173>
2.3307 seconds
Tested. Sparse categorical accuracy: 46.67

round  9, metrics=<sparse_categorical_accuracy=0.4193333387374878,loss=1.944549322128296>
2.3747 seconds
Tested. Sparse categorical accuracy: 56.67

round 10, metrics=<sparse_categorical_accuracy=0.4116666615009308,loss=2.4010844230651855>
2.2815 seconds
Tested. Sparse categorical accuracy: 33.33

round 11, metrics=<sparse_categorical_accuracy=0.3540000021457672,loss=2.020268678665161>
2.1994 seconds
Tested. Sparse categorical accuracy: 31.67

round 12, metrics=<sparse_categorical_accuracy=0.4000000059604645,loss=1.9163587093353271>
2.3397 seconds
Tested. Sparse categorical accuracy: 46.67

round 13, metrics=<sparse_categorical_accuracy=0.5130000114440918,loss=1.5681155920028687>
2.2860 seconds
Tested. Sparse categorical accuracy: 63.33

round 14, metrics=<sparse_categorical_accuracy=0.6186666488647461,loss=1.3320670127868652>
2.4106 seconds
Tested. Sparse categorical accuracy: 51.67

round 15, metrics=<sparse_categorical_accuracy=0.6826666593551636,loss=1.0377181768417358>
2.2967 seconds
Tested. Sparse categorical accuracy: 75.00

round 16, metrics=<sparse_categorical_accuracy=0.7736666798591614,loss=0.7826032638549805>
2.4328 seconds
Tested. Sparse categorical accuracy: 60.00

round 17, metrics=<sparse_categorical_accuracy=0.7933333516120911,loss=0.6997871994972229>
2.2342 seconds
Tested. Sparse categorical accuracy: 75.00

round 18, metrics=<sparse_categorical_accuracy=0.8193333148956299,loss=0.6482184529304504>
2.2032 seconds
Tested. Sparse categorical accuracy: 85.00

round 19, metrics=<sparse_categorical_accuracy=0.8679999709129333,loss=0.4716096520423889>
2.5628 seconds
Tested. Sparse categorical accuracy: 88.33

round 20, metrics=<sparse_categorical_accuracy=0.8759999871253967,loss=0.41035977005958557>
2.2309 seconds
Tested. Sparse categorical accuracy: 91.67

round 21, metrics=<sparse_categorical_accuracy=0.8883333206176758,loss=0.38185662031173706>
2.2119 seconds
Tested. Sparse categorical accuracy: 93.33

round 22, metrics=<sparse_categorical_accuracy=0.8840000033378601,loss=0.40568000078201294>
2.3655 seconds
Tested. Sparse categorical accuracy: 73.33

round 23, metrics=<sparse_categorical_accuracy=0.9016666412353516,loss=0.31965771317481995>
2.1703 seconds
Tested. Sparse categorical accuracy: 86.67

round 24, metrics=<sparse_categorical_accuracy=0.9113333225250244,loss=0.2861752510070801>
2.2241 seconds
Tested. Sparse categorical accuracy: 100.00

24  rounds run
Average time per round: 2.00

preds
Traceback (most recent call last):
  File "R_tff_main.py", line 28, in <module>
    p1.go(test, batch)
  File "/home/apawlik/federated/R_1_each_client_partially_iid.py", line 208, in go
    self.train(num, batch, 1)
  File "/home/apawlik/federated/R_partitioner.py", line 326, in train
    print(preds)
UnboundLocalError: local variable 'preds' referenced before assignment
