
TENSORFLOW USERS:
You must use the python3.6-anaconda/5.2.0 module to run TensorFlow.
See https://arc-ts.umich.edu/greatlakes/software/tensorflow for more
information.



The following have been reloaded with a version change:
  1) cuda/10.0.130 => cuda/10.1.105


Currently Loaded Modules:
  1) python3.7-anaconda/2019.07   2) cudnn/10.0-v7.6   3) cuda/10.1.105

 

mkdir: cannot create directory ‘results/9786362’: File exists
mkdir: cannot create directory ‘results/9786362/log’: File exists
2020-07-21 00:28:58.313087: E tensorflow/stream_executor/cuda/cuda_driver.cc:313] failed call to cuInit: UNKNOWN ERROR (303)
Test  488
2020-07-21 00:28:57.773770

How often each label is chosen for non-IID data
[18, 19, 21, 21, 18, 22, 26, 12, 18, 25]

Schema 1: Each client partially IID
--------------------------------------------------
percent data distributed IID:  80
number of classes for non-IID data:  2
data points per client (mean, std dev): ( 600 ,  0 )
--------------------------------------------------
round  1, metrics=<sparse_categorical_accuracy=0.13022221624851227,loss=2.2698166370391846>
11.3052 seconds
Tested. Sparse categorical accuracy: 25.00

round  2, metrics=<sparse_categorical_accuracy=0.2361111044883728,loss=2.2420730590820312>
8.1442 seconds
Tested. Sparse categorical accuracy: 30.00

round  3, metrics=<sparse_categorical_accuracy=0.3821111023426056,loss=2.062704086303711>
7.9112 seconds
Tested. Sparse categorical accuracy: 60.00

round  4, metrics=<sparse_categorical_accuracy=0.535111129283905,loss=1.652977705001831>
8.1841 seconds
Tested. Sparse categorical accuracy: 80.00

round  5, metrics=<sparse_categorical_accuracy=0.7275555729866028,loss=0.9194821119308472>
7.6727 seconds
Tested. Sparse categorical accuracy: 80.00

round  6, metrics=<sparse_categorical_accuracy=0.8370000123977661,loss=0.5405790209770203>
7.9808 seconds
Tested. Sparse categorical accuracy: 95.00

round  7, metrics=<sparse_categorical_accuracy=0.8663333058357239,loss=0.4296261966228485>
7.8822 seconds
Tested. Sparse categorical accuracy: 95.00

round  8, metrics=<sparse_categorical_accuracy=0.9034444689750671,loss=0.3157706558704376>
7.8878 seconds
Tested. Sparse categorical accuracy: 80.00

8  rounds run
Average time per round: 8.00

preds
Traceback (most recent call last):
  File "R_tff_main.py", line 28, in <module>
    p1.go(test, batch)
  File "/home/apawlik/federated/R_1_each_client_partially_iid.py", line 208, in go
    self.train(num, batch, 1)
  File "/home/apawlik/federated/R_partitioner.py", line 326, in train
    print(preds)
UnboundLocalError: local variable 'preds' referenced before assignment
