
TENSORFLOW USERS:
You must use the python3.6-anaconda/5.2.0 module to run TensorFlow.
See https://arc-ts.umich.edu/greatlakes/software/tensorflow for more
information.



The following have been reloaded with a version change:
  1) cuda/10.0.130 => cuda/10.1.105


Currently Loaded Modules:
  1) python3.7-anaconda/2019.07   2) cudnn/10.0-v7.6   3) cuda/10.1.105

 

mkdir: cannot create directory ‘results/9786362’: File exists
mkdir: cannot create directory ‘results/9786362/log’: File exists
2020-07-21 00:09:10.024779: E tensorflow/stream_executor/cuda/cuda_driver.cc:313] failed call to cuInit: UNKNOWN ERROR (303)
Test  312
2020-07-21 00:09:09.474458

How often each label is chosen for non-IID data
[20, 25, 17, 16, 26, 24, 17, 22, 17, 16]

Schema 1: Each client partially IID
--------------------------------------------------
percent data distributed IID:  80
number of classes for non-IID data:  2
data points per client (mean, std dev): ( 600 ,  0 )
--------------------------------------------------
round  1, metrics=<sparse_categorical_accuracy=0.1393333375453949,loss=2.288973093032837>
6.4117 seconds
Tested. Sparse categorical accuracy: 0.00

round  2, metrics=<sparse_categorical_accuracy=0.16866666078567505,loss=2.263186454772949>
4.6143 seconds
Tested. Sparse categorical accuracy: 30.00

round  3, metrics=<sparse_categorical_accuracy=0.27950000762939453,loss=2.192772626876831>
4.7831 seconds
Tested. Sparse categorical accuracy: 20.00

round  4, metrics=<sparse_categorical_accuracy=0.36533331871032715,loss=2.0917184352874756>
4.4930 seconds
Tested. Sparse categorical accuracy: 46.67

round  5, metrics=<sparse_categorical_accuracy=0.44616666436195374,loss=1.7695636749267578>
4.4619 seconds
Tested. Sparse categorical accuracy: 56.67

round  6, metrics=<sparse_categorical_accuracy=0.5118333101272583,loss=1.6104553937911987>
4.4631 seconds
Tested. Sparse categorical accuracy: 53.33

round  7, metrics=<sparse_categorical_accuracy=0.6735000014305115,loss=1.1042927503585815>
4.4595 seconds
Tested. Sparse categorical accuracy: 63.33

round  8, metrics=<sparse_categorical_accuracy=0.7820000052452087,loss=0.6858978867530823>
4.4553 seconds
Tested. Sparse categorical accuracy: 83.33

round  9, metrics=<sparse_categorical_accuracy=0.8209999799728394,loss=0.6054912209510803>
4.3069 seconds
Tested. Sparse categorical accuracy: 96.67

round 10, metrics=<sparse_categorical_accuracy=0.8618333339691162,loss=0.4596542418003082>
4.4774 seconds
Tested. Sparse categorical accuracy: 100.00

round 11, metrics=<sparse_categorical_accuracy=0.8998333215713501,loss=0.3217128813266754>
4.1310 seconds
Tested. Sparse categorical accuracy: 100.00

round 12, metrics=<sparse_categorical_accuracy=0.9113333225250244,loss=0.29347142577171326>
4.5931 seconds
Tested. Sparse categorical accuracy: 90.00

12  rounds run
Average time per round: 4.00

preds
Traceback (most recent call last):
  File "R_tff_main.py", line 28, in <module>
    p1.go(test, batch)
  File "/home/apawlik/federated/R_1_each_client_partially_iid.py", line 208, in go
    self.train(num, batch, 1)
  File "/home/apawlik/federated/R_partitioner.py", line 326, in train
    print(preds)
UnboundLocalError: local variable 'preds' referenced before assignment
