
TENSORFLOW USERS:
You must use the python3.6-anaconda/5.2.0 module to run TensorFlow.
See https://arc-ts.umich.edu/greatlakes/software/tensorflow for more
information.



The following have been reloaded with a version change:
  1) cuda/10.0.130 => cuda/10.1.105


Currently Loaded Modules:
  1) python3.7-anaconda/2019.07   2) cudnn/10.0-v7.6   3) cuda/10.1.105

 

mkdir: cannot create directory ‘results/9786362’: File exists
mkdir: cannot create directory ‘results/9786362/log’: File exists
2020-07-21 00:03:01.678085: E tensorflow/stream_executor/cuda/cuda_driver.cc:313] failed call to cuInit: UNKNOWN ERROR (303)
Test  257
2020-07-21 00:03:01.133231

How often each label is chosen for non-IID data
[16, 18, 13, 18, 25, 26, 19, 26, 22, 17]

Schema 1: Each client partially IID
--------------------------------------------------
percent data distributed IID:  80
number of classes for non-IID data:  2
data points per client (mean, std dev): ( 600 ,  0 )
--------------------------------------------------
round  1, metrics=<sparse_categorical_accuracy=0.1574999988079071,loss=2.2805356979370117>
7.5230 seconds
Tested. Sparse categorical accuracy: 10.00

round  2, metrics=<sparse_categorical_accuracy=0.22183333337306976,loss=2.2411983013153076>
5.9672 seconds
Tested. Sparse categorical accuracy: 23.33

round  3, metrics=<sparse_categorical_accuracy=0.2643333375453949,loss=2.3581228256225586>
5.6834 seconds
Tested. Sparse categorical accuracy: 16.67

round  4, metrics=<sparse_categorical_accuracy=0.1641666740179062,loss=2.272149085998535>
5.6291 seconds
Tested. Sparse categorical accuracy: 30.00

round  5, metrics=<sparse_categorical_accuracy=0.2926666736602783,loss=2.1565160751342773>
5.6395 seconds
Tested. Sparse categorical accuracy: 43.33

round  6, metrics=<sparse_categorical_accuracy=0.44583332538604736,loss=2.0548360347747803>
5.3095 seconds
Tested. Sparse categorical accuracy: 40.00

round  7, metrics=<sparse_categorical_accuracy=0.5708333253860474,loss=1.4356155395507812>
5.1951 seconds
Tested. Sparse categorical accuracy: 53.33

round  8, metrics=<sparse_categorical_accuracy=0.6635000109672546,loss=1.1697999238967896>
5.3804 seconds
Tested. Sparse categorical accuracy: 80.00

round  9, metrics=<sparse_categorical_accuracy=0.781333327293396,loss=0.7132528424263>
5.4179 seconds
Tested. Sparse categorical accuracy: 86.67

round 10, metrics=<sparse_categorical_accuracy=0.8233333230018616,loss=0.6225882768630981>
5.2437 seconds
Tested. Sparse categorical accuracy: 93.33

round 11, metrics=<sparse_categorical_accuracy=0.8643333315849304,loss=0.4441765248775482>
5.8298 seconds
Tested. Sparse categorical accuracy: 86.67

round 12, metrics=<sparse_categorical_accuracy=0.9028333425521851,loss=0.33431875705718994>
5.8124 seconds
Tested. Sparse categorical accuracy: 90.00

12  rounds run
Average time per round: 5.00

preds
Traceback (most recent call last):
  File "R_tff_main.py", line 28, in <module>
    p1.go(test, batch)
  File "/home/apawlik/federated/R_1_each_client_partially_iid.py", line 208, in go
    self.train(num, batch, 1)
  File "/home/apawlik/federated/R_partitioner.py", line 326, in train
    print(preds)
UnboundLocalError: local variable 'preds' referenced before assignment
