
TENSORFLOW USERS:
You must use the python3.6-anaconda/5.2.0 module to run TensorFlow.
See https://arc-ts.umich.edu/greatlakes/software/tensorflow for more
information.



The following have been reloaded with a version change:
  1) cuda/10.0.130 => cuda/10.1.105


Currently Loaded Modules:
  1) python3.7-anaconda/2019.07   2) cudnn/10.0-v7.6   3) cuda/10.1.105

 

mkdir: cannot create directory ‘results/9786362’: File exists
mkdir: cannot create directory ‘results/9786362/log’: File exists
2020-07-21 00:18:19.043795: E tensorflow/stream_executor/cuda/cuda_driver.cc:313] failed call to cuInit: UNKNOWN ERROR (303)
Test  392
2020-07-21 00:18:18.521209

How often each label is chosen for non-IID data
[27, 21, 11, 21, 21, 18, 21, 23, 20, 17]

Schema 1: Each client partially IID
--------------------------------------------------
percent data distributed IID:  80
number of classes for non-IID data:  2
data points per client (mean, std dev): ( 600 ,  0 )
--------------------------------------------------
round  1, metrics=<sparse_categorical_accuracy=0.12266666442155838,loss=2.288984775543213>
6.3870 seconds
Tested. Sparse categorical accuracy: 16.67

round  2, metrics=<sparse_categorical_accuracy=0.11500000208616257,loss=2.2681221961975098>
4.3826 seconds
Tested. Sparse categorical accuracy: 6.67

round  3, metrics=<sparse_categorical_accuracy=0.250166654586792,loss=2.206047534942627>
4.9014 seconds
Tested. Sparse categorical accuracy: 53.33

round  4, metrics=<sparse_categorical_accuracy=0.36533331871032715,loss=2.110208034515381>
4.8329 seconds
Tested. Sparse categorical accuracy: 50.00

round  5, metrics=<sparse_categorical_accuracy=0.5053333044052124,loss=1.7883397340774536>
4.2865 seconds
Tested. Sparse categorical accuracy: 70.00

round  6, metrics=<sparse_categorical_accuracy=0.6434999704360962,loss=1.2134283781051636>
4.7781 seconds
Tested. Sparse categorical accuracy: 76.67

round  7, metrics=<sparse_categorical_accuracy=0.7384999990463257,loss=0.8590208292007446>
4.4456 seconds
Tested. Sparse categorical accuracy: 80.00

round  8, metrics=<sparse_categorical_accuracy=0.8295000195503235,loss=0.6084819436073303>
4.4237 seconds
Tested. Sparse categorical accuracy: 83.33

round  9, metrics=<sparse_categorical_accuracy=0.8650000095367432,loss=0.464089959859848>
4.6985 seconds
Tested. Sparse categorical accuracy: 86.67

round 10, metrics=<sparse_categorical_accuracy=0.8658333420753479,loss=0.4831976592540741>
4.6001 seconds
Tested. Sparse categorical accuracy: 100.00

round 11, metrics=<sparse_categorical_accuracy=0.9011666774749756,loss=0.33760228753089905>
4.3588 seconds
Tested. Sparse categorical accuracy: 100.00

round 12, metrics=<sparse_categorical_accuracy=0.9225000143051147,loss=0.2648331820964813>
4.8523 seconds
Tested. Sparse categorical accuracy: 100.00

12  rounds run
Average time per round: 4.00

preds
Traceback (most recent call last):
  File "R_tff_main.py", line 28, in <module>
    p1.go(test, batch)
  File "/home/apawlik/federated/R_1_each_client_partially_iid.py", line 208, in go
    self.train(num, batch, 1)
  File "/home/apawlik/federated/R_partitioner.py", line 326, in train
    print(preds)
UnboundLocalError: local variable 'preds' referenced before assignment
