
TENSORFLOW USERS:
You must use the python3.6-anaconda/5.2.0 module to run TensorFlow.
See https://arc-ts.umich.edu/greatlakes/software/tensorflow for more
information.



The following have been reloaded with a version change:
  1) cuda/10.0.130 => cuda/10.1.105


Currently Loaded Modules:
  1) python3.7-anaconda/2019.07   2) cudnn/10.0-v7.6   3) cuda/10.1.105

 

mkdir: cannot create directory ‘results/9786362’: File exists
mkdir: cannot create directory ‘results/9786362/log’: File exists
2020-07-21 00:07:48.821884: E tensorflow/stream_executor/cuda/cuda_driver.cc:313] failed call to cuInit: UNKNOWN ERROR (303)
Test  301
2020-07-21 00:07:48.193836

How often each label is chosen for non-IID data
[18, 13, 15, 22, 21, 18, 28, 22, 23, 20]

Schema 1: Each client partially IID
--------------------------------------------------
percent data distributed IID:  80
number of classes for non-IID data:  2
data points per client (mean, std dev): ( 600 ,  0 )
--------------------------------------------------
round  1, metrics=<sparse_categorical_accuracy=0.07699999958276749,loss=2.303196668624878>
4.7600 seconds
Tested. Sparse categorical accuracy: 15.00

round  2, metrics=<sparse_categorical_accuracy=0.08233333379030228,loss=2.2926738262176514>
3.2855 seconds
Tested. Sparse categorical accuracy: 21.67

round  3, metrics=<sparse_categorical_accuracy=0.12466666847467422,loss=2.2747886180877686>
3.5790 seconds
Tested. Sparse categorical accuracy: 48.33

round  4, metrics=<sparse_categorical_accuracy=0.2083333283662796,loss=2.22119402885437>
3.7058 seconds
Tested. Sparse categorical accuracy: 23.33

round  5, metrics=<sparse_categorical_accuracy=0.29233333468437195,loss=2.0537405014038086>
3.4475 seconds
Tested. Sparse categorical accuracy: 21.67

round  6, metrics=<sparse_categorical_accuracy=0.38499999046325684,loss=2.1283321380615234>
3.0845 seconds
Tested. Sparse categorical accuracy: 40.00

round  7, metrics=<sparse_categorical_accuracy=0.5723333358764648,loss=1.5994809865951538>
3.4590 seconds
Tested. Sparse categorical accuracy: 41.67

round  8, metrics=<sparse_categorical_accuracy=0.512333333492279,loss=1.920147180557251>
3.3517 seconds
Tested. Sparse categorical accuracy: 46.67

round  9, metrics=<sparse_categorical_accuracy=0.5943333506584167,loss=1.2542104721069336>
3.2729 seconds
Tested. Sparse categorical accuracy: 68.33

round 10, metrics=<sparse_categorical_accuracy=0.6309999823570251,loss=1.5657895803451538>
2.9524 seconds
Tested. Sparse categorical accuracy: 61.67

round 11, metrics=<sparse_categorical_accuracy=0.6826666593551636,loss=0.9893472790718079>
3.1740 seconds
Tested. Sparse categorical accuracy: 76.67

round 12, metrics=<sparse_categorical_accuracy=0.7960000038146973,loss=0.7302442193031311>
3.3435 seconds
Tested. Sparse categorical accuracy: 80.00

round 13, metrics=<sparse_categorical_accuracy=0.8176666498184204,loss=0.6398113369941711>
3.0333 seconds
Tested. Sparse categorical accuracy: 96.67

round 14, metrics=<sparse_categorical_accuracy=0.8169999718666077,loss=0.6862679123878479>
3.4200 seconds
Tested. Sparse categorical accuracy: 90.00

round 15, metrics=<sparse_categorical_accuracy=0.8493333458900452,loss=0.5039504170417786>
3.1385 seconds
Tested. Sparse categorical accuracy: 85.00

round 16, metrics=<sparse_categorical_accuracy=0.878000020980835,loss=0.3907278776168823>
3.3970 seconds
Tested. Sparse categorical accuracy: 90.00

round 17, metrics=<sparse_categorical_accuracy=0.8736666440963745,loss=0.45173630118370056>
3.1992 seconds
Tested. Sparse categorical accuracy: 83.33

round 18, metrics=<sparse_categorical_accuracy=0.8636666536331177,loss=0.48702865839004517>
3.1702 seconds
Tested. Sparse categorical accuracy: 95.00

round 19, metrics=<sparse_categorical_accuracy=0.9106666445732117,loss=0.3070314824581146>
3.2141 seconds
Tested. Sparse categorical accuracy: 95.00

round 20, metrics=<sparse_categorical_accuracy=0.9166666865348816,loss=0.29823991656303406>
3.1193 seconds
Tested. Sparse categorical accuracy: 91.67

round 21, metrics=<sparse_categorical_accuracy=0.9166666865348816,loss=0.2929598093032837>
2.8149 seconds
Tested. Sparse categorical accuracy: 95.00

round 22, metrics=<sparse_categorical_accuracy=0.9096666574478149,loss=0.2899242341518402>
3.1601 seconds
Tested. Sparse categorical accuracy: 100.00

round 23, metrics=<sparse_categorical_accuracy=0.9303333163261414,loss=0.23010103404521942>
3.1214 seconds
Tested. Sparse categorical accuracy: 98.33

round 24, metrics=<sparse_categorical_accuracy=0.9366666674613953,loss=0.21473954617977142>
2.8341 seconds
Tested. Sparse categorical accuracy: 100.00

24  rounds run
Average time per round: 3.00

preds
Traceback (most recent call last):
  File "R_tff_main.py", line 28, in <module>
    p1.go(test, batch)
  File "/home/apawlik/federated/R_1_each_client_partially_iid.py", line 208, in go
    self.train(num, batch, 1)
  File "/home/apawlik/federated/R_partitioner.py", line 326, in train
    print(preds)
UnboundLocalError: local variable 'preds' referenced before assignment
