
TENSORFLOW USERS:
You must use the python3.6-anaconda/5.2.0 module to run TensorFlow.
See https://arc-ts.umich.edu/greatlakes/software/tensorflow for more
information.



The following have been reloaded with a version change:
  1) cuda/10.0.130 => cuda/10.1.105


Currently Loaded Modules:
  1) python3.7-anaconda/2019.07   2) cudnn/10.0-v7.6   3) cuda/10.1.105

 

mkdir: cannot create directory ‘results/9786362’: File exists
mkdir: cannot create directory ‘results/9786362/log’: File exists
2020-07-20 23:54:24.985249: E tensorflow/stream_executor/cuda/cuda_driver.cc:313] failed call to cuInit: UNKNOWN ERROR (303)
Test  180
2020-07-20 23:54:24.473603

How often each label is chosen for non-IID data
[18, 21, 15, 23, 20, 21, 23, 13, 24, 22]

Schema 1: Each client partially IID
--------------------------------------------------
percent data distributed IID:  80
number of classes for non-IID data:  2
data points per client (mean, std dev): ( 600 ,  0 )
--------------------------------------------------
round  1, metrics=<sparse_categorical_accuracy=0.20544444024562836,loss=2.217026710510254>
21.0145 seconds
Tested. Sparse categorical accuracy: 50.00

round  2, metrics=<sparse_categorical_accuracy=0.46044445037841797,loss=1.799768090248108>
14.9998 seconds
Tested. Sparse categorical accuracy: 100.00

round  3, metrics=<sparse_categorical_accuracy=0.738611102104187,loss=0.861487627029419>
14.8228 seconds
Tested. Sparse categorical accuracy: 100.00

round  4, metrics=<sparse_categorical_accuracy=0.8541666865348816,loss=0.4793364703655243>
14.8664 seconds
Tested. Sparse categorical accuracy: 100.00

4  rounds run
Average time per round: 16.00

preds
Traceback (most recent call last):
  File "R_tff_main.py", line 28, in <module>
    p1.go(test, batch)
  File "/home/apawlik/federated/R_1_each_client_partially_iid.py", line 208, in go
    self.train(num, batch, 1)
  File "/home/apawlik/federated/R_partitioner.py", line 326, in train
    print(preds)
UnboundLocalError: local variable 'preds' referenced before assignment
