
TENSORFLOW USERS:
You must use the python3.6-anaconda/5.2.0 module to run TensorFlow.
See https://arc-ts.umich.edu/greatlakes/software/tensorflow for more
information.



The following have been reloaded with a version change:
  1) cuda/10.0.130 => cuda/10.1.105


Currently Loaded Modules:
  1) python3.7-anaconda/2019.07   2) cudnn/10.0-v7.6   3) cuda/10.1.105

 

mkdir: cannot create directory ‘results/9786362’: File exists
mkdir: cannot create directory ‘results/9786362/log’: File exists
2020-07-20 23:51:01.026619: E tensorflow/stream_executor/cuda/cuda_driver.cc:313] failed call to cuInit: UNKNOWN ERROR (303)
Test  147
2020-07-20 23:51:00.545326

How often each label is chosen for non-IID data
[16, 18, 24, 30, 16, 25, 23, 15, 14, 19]

Schema 1: Each client partially IID
--------------------------------------------------
percent data distributed IID:  80
number of classes for non-IID data:  2
data points per client (mean, std dev): ( 600 ,  0 )
--------------------------------------------------
round  1, metrics=<sparse_categorical_accuracy=0.14033333957195282,loss=2.2805163860321045>
5.7613 seconds
Tested. Sparse categorical accuracy: 23.33

round  2, metrics=<sparse_categorical_accuracy=0.19766665995121002,loss=2.2468478679656982>
4.1649 seconds
Tested. Sparse categorical accuracy: 46.67

round  3, metrics=<sparse_categorical_accuracy=0.3213333189487457,loss=2.328134536743164>
4.0809 seconds
Tested. Sparse categorical accuracy: 16.67

round  4, metrics=<sparse_categorical_accuracy=0.17216666042804718,loss=2.275393009185791>
4.1128 seconds
Tested. Sparse categorical accuracy: 46.67

round  5, metrics=<sparse_categorical_accuracy=0.375,loss=2.1441714763641357>
4.1207 seconds
Tested. Sparse categorical accuracy: 66.67

round  6, metrics=<sparse_categorical_accuracy=0.5218333601951599,loss=1.8911713361740112>
4.2846 seconds
Tested. Sparse categorical accuracy: 63.33

round  7, metrics=<sparse_categorical_accuracy=0.612500011920929,loss=1.3734238147735596>
4.1304 seconds
Tested. Sparse categorical accuracy: 80.00

round  8, metrics=<sparse_categorical_accuracy=0.753166675567627,loss=0.826107919216156>
4.0808 seconds
Tested. Sparse categorical accuracy: 86.67

round  9, metrics=<sparse_categorical_accuracy=0.8111666440963745,loss=0.6639028191566467>
4.3361 seconds
Tested. Sparse categorical accuracy: 93.33

round 10, metrics=<sparse_categorical_accuracy=0.8191666603088379,loss=0.6156582236289978>
4.2615 seconds
Tested. Sparse categorical accuracy: 100.00

round 11, metrics=<sparse_categorical_accuracy=0.8868333101272583,loss=0.39230862259864807>
3.9705 seconds
Tested. Sparse categorical accuracy: 90.00

round 12, metrics=<sparse_categorical_accuracy=0.9036666750907898,loss=0.33255842328071594>
4.3000 seconds
Tested. Sparse categorical accuracy: 83.33

12  rounds run
Average time per round: 4.00

preds
Traceback (most recent call last):
  File "R_tff_main.py", line 28, in <module>
    p1.go(test, batch)
  File "/home/apawlik/federated/R_1_each_client_partially_iid.py", line 208, in go
    self.train(num, batch, 1)
  File "/home/apawlik/federated/R_partitioner.py", line 326, in train
    print(preds)
UnboundLocalError: local variable 'preds' referenced before assignment
