
TENSORFLOW USERS:
You must use the python3.6-anaconda/5.2.0 module to run TensorFlow.
See https://arc-ts.umich.edu/greatlakes/software/tensorflow for more
information.



The following have been reloaded with a version change:
  1) cuda/10.0.130 => cuda/10.1.105


Currently Loaded Modules:
  1) python3.7-anaconda/2019.07   2) cudnn/10.0-v7.6   3) cuda/10.1.105

 

mkdir: cannot create directory ‘results/9786362’: File exists
mkdir: cannot create directory ‘results/9786362/log’: File exists
2020-07-21 00:21:13.962963: E tensorflow/stream_executor/cuda/cuda_driver.cc:313] failed call to cuInit: UNKNOWN ERROR (303)
Test  421
2020-07-21 00:21:13.470416

How often each label is chosen for non-IID data
[18, 20, 16, 27, 22, 21, 17, 20, 17, 22]

Schema 1: Each client partially IID
--------------------------------------------------
percent data distributed IID:  80
number of classes for non-IID data:  2
data points per client (mean, std dev): ( 600 ,  0 )
--------------------------------------------------
round  1, metrics=<sparse_categorical_accuracy=0.09300000220537186,loss=2.3038957118988037>
3.6344 seconds
Tested. Sparse categorical accuracy: 3.33

round  2, metrics=<sparse_categorical_accuracy=0.10966666787862778,loss=2.2945199012756348>
2.9002 seconds
Tested. Sparse categorical accuracy: 20.00

round  3, metrics=<sparse_categorical_accuracy=0.1693333387374878,loss=2.2722387313842773>
2.9312 seconds
Tested. Sparse categorical accuracy: 28.33

round  4, metrics=<sparse_categorical_accuracy=0.1586666703224182,loss=2.2399864196777344>
2.8189 seconds
Tested. Sparse categorical accuracy: 45.00

round  5, metrics=<sparse_categorical_accuracy=0.23000000417232513,loss=2.1231417655944824>
3.0733 seconds
Tested. Sparse categorical accuracy: 41.67

round  6, metrics=<sparse_categorical_accuracy=0.2759999930858612,loss=2.3426878452301025>
2.5427 seconds
Tested. Sparse categorical accuracy: 41.67

round  7, metrics=<sparse_categorical_accuracy=0.35899999737739563,loss=2.071603775024414>
2.7961 seconds
Tested. Sparse categorical accuracy: 48.33

round  8, metrics=<sparse_categorical_accuracy=0.429666668176651,loss=1.7937471866607666>
2.7798 seconds
Tested. Sparse categorical accuracy: 28.33

round  9, metrics=<sparse_categorical_accuracy=0.4399999976158142,loss=1.7448421716690063>
2.7681 seconds
Tested. Sparse categorical accuracy: 68.33

round 10, metrics=<sparse_categorical_accuracy=0.5090000033378601,loss=1.5019701719284058>
2.7324 seconds
Tested. Sparse categorical accuracy: 80.00

round 11, metrics=<sparse_categorical_accuracy=0.6316666603088379,loss=1.2390868663787842>
2.9313 seconds
Tested. Sparse categorical accuracy: 50.00

round 12, metrics=<sparse_categorical_accuracy=0.621999979019165,loss=1.2431564331054688>
2.7676 seconds
Tested. Sparse categorical accuracy: 70.00

round 13, metrics=<sparse_categorical_accuracy=0.7360000014305115,loss=0.8340308666229248>
2.5632 seconds
Tested. Sparse categorical accuracy: 100.00

round 14, metrics=<sparse_categorical_accuracy=0.7760000228881836,loss=0.7822840213775635>
2.7436 seconds
Tested. Sparse categorical accuracy: 75.00

round 15, metrics=<sparse_categorical_accuracy=0.8199999928474426,loss=0.6348068714141846>
2.4410 seconds
Tested. Sparse categorical accuracy: 88.33

round 16, metrics=<sparse_categorical_accuracy=0.8443333506584167,loss=0.5286339521408081>
2.7167 seconds
Tested. Sparse categorical accuracy: 88.33

round 17, metrics=<sparse_categorical_accuracy=0.8410000205039978,loss=0.5773980021476746>
2.6788 seconds
Tested. Sparse categorical accuracy: 90.00

round 18, metrics=<sparse_categorical_accuracy=0.8606666922569275,loss=0.4671630561351776>
2.4906 seconds
Tested. Sparse categorical accuracy: 90.00

round 19, metrics=<sparse_categorical_accuracy=0.8773333430290222,loss=0.448093056678772>
2.7478 seconds
Tested. Sparse categorical accuracy: 83.33

round 20, metrics=<sparse_categorical_accuracy=0.9129999876022339,loss=0.3223520815372467>
2.6963 seconds
Tested. Sparse categorical accuracy: 98.33

round 21, metrics=<sparse_categorical_accuracy=0.9183333516120911,loss=0.28540849685668945>
2.6281 seconds
Tested. Sparse categorical accuracy: 98.33

round 22, metrics=<sparse_categorical_accuracy=0.9003333449363708,loss=0.3309672176837921>
2.9847 seconds
Tested. Sparse categorical accuracy: 95.00

round 23, metrics=<sparse_categorical_accuracy=0.9256666898727417,loss=0.25200536847114563>
2.5724 seconds
Tested. Sparse categorical accuracy: 93.33

round 24, metrics=<sparse_categorical_accuracy=0.9190000295639038,loss=0.2502911686897278>
2.7710 seconds
Tested. Sparse categorical accuracy: 96.67

24  rounds run
Average time per round: 2.00

preds
Traceback (most recent call last):
  File "R_tff_main.py", line 28, in <module>
    p1.go(test, batch)
  File "/home/apawlik/federated/R_1_each_client_partially_iid.py", line 208, in go
    self.train(num, batch, 1)
  File "/home/apawlik/federated/R_partitioner.py", line 326, in train
    print(preds)
UnboundLocalError: local variable 'preds' referenced before assignment
