
TENSORFLOW USERS:
You must use the python3.6-anaconda/5.2.0 module to run TensorFlow.
See https://arc-ts.umich.edu/greatlakes/software/tensorflow for more
information.



The following have been reloaded with a version change:
  1) cuda/10.0.130 => cuda/10.1.105


Currently Loaded Modules:
  1) python3.7-anaconda/2019.07   2) cudnn/10.0-v7.6   3) cuda/10.1.105

 

2020-07-20 23:35:06.534522: E tensorflow/stream_executor/cuda/cuda_driver.cc:313] failed call to cuInit: UNKNOWN ERROR (303)
Test  6
2020-07-20 23:35:05.714669

How often each label is chosen for non-IID data
[22, 21, 23, 23, 12, 24, 16, 19, 22, 18]

Schema 1: Each client partially IID
--------------------------------------------------
percent data distributed IID:  80
number of classes for non-IID data:  2
data points per client (mean, std dev): ( 600 ,  0 )
--------------------------------------------------
round  1, metrics=<sparse_categorical_accuracy=0.08533333241939545,loss=2.304842710494995>
3.0715 seconds
Tested. Sparse categorical accuracy: 8.33

round  2, metrics=<sparse_categorical_accuracy=0.09966666996479034,loss=2.298539161682129>
2.1938 seconds
Tested. Sparse categorical accuracy: 11.67

round  3, metrics=<sparse_categorical_accuracy=0.13899999856948853,loss=2.2862443923950195>
2.2090 seconds
Tested. Sparse categorical accuracy: 15.00

round  4, metrics=<sparse_categorical_accuracy=0.15433333814144135,loss=2.264591693878174>
2.1604 seconds
Tested. Sparse categorical accuracy: 16.67

round  5, metrics=<sparse_categorical_accuracy=0.1420000046491623,loss=2.222663164138794>
2.2287 seconds
Tested. Sparse categorical accuracy: 43.33

round  6, metrics=<sparse_categorical_accuracy=0.2516666650772095,loss=2.1411683559417725>
2.1291 seconds
Tested. Sparse categorical accuracy: 63.33

round  7, metrics=<sparse_categorical_accuracy=0.37033334374427795,loss=2.1962575912475586>
2.1870 seconds
Tested. Sparse categorical accuracy: 33.33

round  8, metrics=<sparse_categorical_accuracy=0.4403333365917206,loss=1.7948518991470337>
2.0599 seconds
Tested. Sparse categorical accuracy: 85.00

round  9, metrics=<sparse_categorical_accuracy=0.22866666316986084,loss=2.9580986499786377>
2.2484 seconds
Tested. Sparse categorical accuracy: 6.67

round 10, metrics=<sparse_categorical_accuracy=0.1289999932050705,loss=2.276381731033325>
2.0528 seconds
Tested. Sparse categorical accuracy: 31.67

round 11, metrics=<sparse_categorical_accuracy=0.2150000035762787,loss=2.249084234237671>
2.2101 seconds
Tested. Sparse categorical accuracy: 43.33

round 12, metrics=<sparse_categorical_accuracy=0.2720000147819519,loss=2.1052896976470947>
2.0611 seconds
Tested. Sparse categorical accuracy: 48.33

round 13, metrics=<sparse_categorical_accuracy=0.40433332324028015,loss=1.984387993812561>
2.0589 seconds
Tested. Sparse categorical accuracy: 41.67

round 14, metrics=<sparse_categorical_accuracy=0.5080000162124634,loss=1.674793004989624>
2.1820 seconds
Tested. Sparse categorical accuracy: 66.67

round 15, metrics=<sparse_categorical_accuracy=0.5576666593551636,loss=1.6499300003051758>
2.0005 seconds
Tested. Sparse categorical accuracy: 73.33

round 16, metrics=<sparse_categorical_accuracy=0.7070000171661377,loss=1.126911997795105>
2.1565 seconds
Tested. Sparse categorical accuracy: 78.33

round 17, metrics=<sparse_categorical_accuracy=0.7326666712760925,loss=0.9307182431221008>
2.0662 seconds
Tested. Sparse categorical accuracy: 71.67

round 18, metrics=<sparse_categorical_accuracy=0.7839999794960022,loss=0.7786110043525696>
2.0201 seconds
Tested. Sparse categorical accuracy: 73.33

round 19, metrics=<sparse_categorical_accuracy=0.8323333263397217,loss=0.5328196883201599>
2.2275 seconds
Tested. Sparse categorical accuracy: 91.67

round 20, metrics=<sparse_categorical_accuracy=0.7649999856948853,loss=0.8025432229042053>
2.0598 seconds
Tested. Sparse categorical accuracy: 86.67

round 21, metrics=<sparse_categorical_accuracy=0.8600000143051147,loss=0.5100381970405579>
2.0631 seconds
Tested. Sparse categorical accuracy: 91.67

round 22, metrics=<sparse_categorical_accuracy=0.8870000243186951,loss=0.37391397356987>
2.2523 seconds
Tested. Sparse categorical accuracy: 96.67

round 23, metrics=<sparse_categorical_accuracy=0.8973333239555359,loss=0.32389095425605774>
2.0206 seconds
Tested. Sparse categorical accuracy: 98.33

round 24, metrics=<sparse_categorical_accuracy=0.8956666588783264,loss=0.3439141511917114>
1.9755 seconds
Tested. Sparse categorical accuracy: 88.33

24  rounds run
Average time per round: 2.00

preds
Traceback (most recent call last):
  File "R_tff_main.py", line 28, in <module>
    p1.go(test, batch)
  File "/home/apawlik/federated/R_1_each_client_partially_iid.py", line 208, in go
    self.train(num, batch, 1)
  File "/home/apawlik/federated/R_partitioner.py", line 326, in train
    print(preds)
UnboundLocalError: local variable 'preds' referenced before assignment
