
TENSORFLOW USERS:
You must use the python3.6-anaconda/5.2.0 module to run TensorFlow.
See https://arc-ts.umich.edu/greatlakes/software/tensorflow for more
information.



The following have been reloaded with a version change:
  1) cuda/10.0.130 => cuda/10.1.105


Currently Loaded Modules:
  1) python3.7-anaconda/2019.07   2) cudnn/10.0-v7.6   3) cuda/10.1.105

 

mkdir: cannot create directory ‘results/9786362’: File exists
mkdir: cannot create directory ‘results/9786362/log’: File exists
2020-07-21 00:10:54.782736: E tensorflow/stream_executor/cuda/cuda_driver.cc:313] failed call to cuInit: UNKNOWN ERROR (303)
Test  327
2020-07-21 00:10:54.266123

How often each label is chosen for non-IID data
[20, 18, 26, 18, 14, 19, 19, 20, 21, 25]

Schema 1: Each client partially IID
--------------------------------------------------
percent data distributed IID:  80
number of classes for non-IID data:  2
data points per client (mean, std dev): ( 600 ,  0 )
--------------------------------------------------
round  1, metrics=<sparse_categorical_accuracy=0.14666666090488434,loss=2.2856554985046387>
7.0312 seconds
Tested. Sparse categorical accuracy: 33.33

round  2, metrics=<sparse_categorical_accuracy=0.18683333694934845,loss=2.245424509048462>
5.5869 seconds
Tested. Sparse categorical accuracy: 53.33

round  3, metrics=<sparse_categorical_accuracy=0.31033334136009216,loss=2.212332248687744>
5.4376 seconds
Tested. Sparse categorical accuracy: 76.67

round  4, metrics=<sparse_categorical_accuracy=0.4776666760444641,loss=1.9520543813705444>
5.1001 seconds
Tested. Sparse categorical accuracy: 80.00

round  5, metrics=<sparse_categorical_accuracy=0.4586666524410248,loss=2.0143768787384033>
5.8849 seconds
Tested. Sparse categorical accuracy: 73.33

round  6, metrics=<sparse_categorical_accuracy=0.6685000061988831,loss=1.1827303171157837>
5.4739 seconds
Tested. Sparse categorical accuracy: 70.00

round  7, metrics=<sparse_categorical_accuracy=0.7608333230018616,loss=0.808716893196106>
4.9149 seconds
Tested. Sparse categorical accuracy: 83.33

round  8, metrics=<sparse_categorical_accuracy=0.8119999766349792,loss=0.6523903608322144>
5.4656 seconds
Tested. Sparse categorical accuracy: 90.00

round  9, metrics=<sparse_categorical_accuracy=0.8849999904632568,loss=0.40430980920791626>
5.0175 seconds
Tested. Sparse categorical accuracy: 100.00

round 10, metrics=<sparse_categorical_accuracy=0.9028333425521851,loss=0.3377452492713928>
5.5403 seconds
Tested. Sparse categorical accuracy: 80.00

round 11, metrics=<sparse_categorical_accuracy=0.9200000166893005,loss=0.2755099833011627>
4.6522 seconds
Tested. Sparse categorical accuracy: 90.00

round 12, metrics=<sparse_categorical_accuracy=0.8978333473205566,loss=0.3386857211589813>
5.3464 seconds
Tested. Sparse categorical accuracy: 93.33

12  rounds run
Average time per round: 5.00

preds
Traceback (most recent call last):
  File "R_tff_main.py", line 28, in <module>
    p1.go(test, batch)
  File "/home/apawlik/federated/R_1_each_client_partially_iid.py", line 208, in go
    self.train(num, batch, 1)
  File "/home/apawlik/federated/R_partitioner.py", line 326, in train
    print(preds)
UnboundLocalError: local variable 'preds' referenced before assignment
