
TENSORFLOW USERS:
You must use the python3.6-anaconda/5.2.0 module to run TensorFlow.
See https://arc-ts.umich.edu/greatlakes/software/tensorflow for more
information.



The following have been reloaded with a version change:
  1) cuda/10.0.130 => cuda/10.1.105


Currently Loaded Modules:
  1) python3.7-anaconda/2019.07   2) cudnn/10.0-v7.6   3) cuda/10.1.105

 

mkdir: cannot create directory ‘results/9786362’: File exists
mkdir: cannot create directory ‘results/9786362/log’: File exists
2020-07-20 23:57:55.071569: E tensorflow/stream_executor/cuda/cuda_driver.cc:313] failed call to cuInit: UNKNOWN ERROR (303)
Test  212
2020-07-20 23:57:54.575013

How often each label is chosen for non-IID data
[21, 13, 23, 19, 21, 23, 20, 17, 21, 22]

Schema 1: Each client partially IID
--------------------------------------------------
percent data distributed IID:  80
number of classes for non-IID data:  2
data points per client (mean, std dev): ( 600 ,  0 )
--------------------------------------------------
round  1, metrics=<sparse_categorical_accuracy=0.14249999821186066,loss=2.283825159072876>
6.0945 seconds
Tested. Sparse categorical accuracy: 6.67

round  2, metrics=<sparse_categorical_accuracy=0.1850000023841858,loss=2.243732213973999>
4.4535 seconds
Tested. Sparse categorical accuracy: 46.67

round  3, metrics=<sparse_categorical_accuracy=0.3616666793823242,loss=2.2070772647857666>
4.3671 seconds
Tested. Sparse categorical accuracy: 36.67

round  4, metrics=<sparse_categorical_accuracy=0.4569999873638153,loss=2.136309862136841>
4.3933 seconds
Tested. Sparse categorical accuracy: 26.67

round  5, metrics=<sparse_categorical_accuracy=0.4908333420753479,loss=1.8326442241668701>
4.3482 seconds
Tested. Sparse categorical accuracy: 83.33

round  6, metrics=<sparse_categorical_accuracy=0.6570000052452087,loss=1.222166657447815>
4.2934 seconds
Tested. Sparse categorical accuracy: 70.00

round  7, metrics=<sparse_categorical_accuracy=0.7639999985694885,loss=0.8681111931800842>
4.2429 seconds
Tested. Sparse categorical accuracy: 83.33

round  8, metrics=<sparse_categorical_accuracy=0.828000009059906,loss=0.5982500910758972>
4.1717 seconds
Tested. Sparse categorical accuracy: 96.67

round  9, metrics=<sparse_categorical_accuracy=0.8631666898727417,loss=0.4616033434867859>
4.1565 seconds
Tested. Sparse categorical accuracy: 86.67

round 10, metrics=<sparse_categorical_accuracy=0.9023333191871643,loss=0.3377794325351715>
4.5307 seconds
Tested. Sparse categorical accuracy: 76.67

round 11, metrics=<sparse_categorical_accuracy=0.906000018119812,loss=0.30690985918045044>
4.2668 seconds
Tested. Sparse categorical accuracy: 90.00

round 12, metrics=<sparse_categorical_accuracy=0.937666654586792,loss=0.2114889770746231>
4.3968 seconds
Tested. Sparse categorical accuracy: 96.67

12  rounds run
Average time per round: 4.00

preds
Traceback (most recent call last):
  File "R_tff_main.py", line 28, in <module>
    p1.go(test, batch)
  File "/home/apawlik/federated/R_1_each_client_partially_iid.py", line 208, in go
    self.train(num, batch, 1)
  File "/home/apawlik/federated/R_partitioner.py", line 326, in train
    print(preds)
UnboundLocalError: local variable 'preds' referenced before assignment
