
TENSORFLOW USERS:
You must use the python3.6-anaconda/5.2.0 module to run TensorFlow.
See https://arc-ts.umich.edu/greatlakes/software/tensorflow for more
information.



The following have been reloaded with a version change:
  1) cuda/10.0.130 => cuda/10.1.105


Currently Loaded Modules:
  1) python3.7-anaconda/2019.07   2) cudnn/10.0-v7.6   3) cuda/10.1.105

 

mkdir: cannot create directory ‘results/9786362’: File exists
mkdir: cannot create directory ‘results/9786362/log’: File exists
2020-07-21 00:11:20.923936: E tensorflow/stream_executor/cuda/cuda_driver.cc:313] failed call to cuInit: UNKNOWN ERROR (303)
Test  332
2020-07-21 00:11:20.426228

How often each label is chosen for non-IID data
[20, 20, 22, 27, 23, 15, 21, 16, 20, 16]

Schema 1: Each client partially IID
--------------------------------------------------
percent data distributed IID:  80
number of classes for non-IID data:  2
data points per client (mean, std dev): ( 600 ,  0 )
--------------------------------------------------
round  1, metrics=<sparse_categorical_accuracy=0.14483332633972168,loss=2.281705141067505>
6.1361 seconds
Tested. Sparse categorical accuracy: 23.33

round  2, metrics=<sparse_categorical_accuracy=0.20100000500679016,loss=2.2411038875579834>
4.8295 seconds
Tested. Sparse categorical accuracy: 40.00

round  3, metrics=<sparse_categorical_accuracy=0.2941666543483734,loss=2.266479253768921>
4.5259 seconds
Tested. Sparse categorical accuracy: 33.33

round  4, metrics=<sparse_categorical_accuracy=0.3306666612625122,loss=2.134212017059326>
4.6578 seconds
Tested. Sparse categorical accuracy: 70.00

round  5, metrics=<sparse_categorical_accuracy=0.4606666564941406,loss=1.926715612411499>
4.5193 seconds
Tested. Sparse categorical accuracy: 63.33

round  6, metrics=<sparse_categorical_accuracy=0.625333309173584,loss=1.3178355693817139>
4.3290 seconds
Tested. Sparse categorical accuracy: 60.00

round  7, metrics=<sparse_categorical_accuracy=0.7319999933242798,loss=0.9187568426132202>
4.4624 seconds
Tested. Sparse categorical accuracy: 80.00

round  8, metrics=<sparse_categorical_accuracy=0.8308333158493042,loss=0.5911403298377991>
4.6024 seconds
Tested. Sparse categorical accuracy: 86.67

round  9, metrics=<sparse_categorical_accuracy=0.8558333516120911,loss=0.4900493025779724>
4.6587 seconds
Tested. Sparse categorical accuracy: 80.00

round 10, metrics=<sparse_categorical_accuracy=0.8893333077430725,loss=0.3748480975627899>
4.3070 seconds
Tested. Sparse categorical accuracy: 96.67

round 11, metrics=<sparse_categorical_accuracy=0.9048333168029785,loss=0.3064265251159668>
4.5446 seconds
Tested. Sparse categorical accuracy: 96.67

round 12, metrics=<sparse_categorical_accuracy=0.9206666946411133,loss=0.2647677958011627>
4.3735 seconds
Tested. Sparse categorical accuracy: 96.67

12  rounds run
Average time per round: 4.00

preds
Traceback (most recent call last):
  File "R_tff_main.py", line 28, in <module>
    p1.go(test, batch)
  File "/home/apawlik/federated/R_1_each_client_partially_iid.py", line 208, in go
    self.train(num, batch, 1)
  File "/home/apawlik/federated/R_partitioner.py", line 326, in train
    print(preds)
UnboundLocalError: local variable 'preds' referenced before assignment
