
TENSORFLOW USERS:
You must use the python3.6-anaconda/5.2.0 module to run TensorFlow.
See https://arc-ts.umich.edu/greatlakes/software/tensorflow for more
information.



The following have been reloaded with a version change:
  1) cuda/10.0.130 => cuda/10.1.105


Currently Loaded Modules:
  1) python3.7-anaconda/2019.07   2) cudnn/10.0-v7.6   3) cuda/10.1.105

 

mkdir: cannot create directory ‘results/9786362’: File exists
mkdir: cannot create directory ‘results/9786362/log’: File exists
2020-07-21 00:25:59.244499: E tensorflow/stream_executor/cuda/cuda_driver.cc:313] failed call to cuInit: UNKNOWN ERROR (303)
Test  464
2020-07-21 00:25:58.757074

How often each label is chosen for non-IID data
[19, 14, 23, 21, 20, 26, 16, 25, 20, 16]

Schema 1: Each client partially IID
--------------------------------------------------
percent data distributed IID:  80
number of classes for non-IID data:  2
data points per client (mean, std dev): ( 600 ,  0 )
--------------------------------------------------
round  1, metrics=<sparse_categorical_accuracy=0.14808332920074463,loss=2.2515220642089844>
14.2384 seconds
Tested. Sparse categorical accuracy: 46.67

round  2, metrics=<sparse_categorical_accuracy=0.32741665840148926,loss=2.1683449745178223>
10.5025 seconds
Tested. Sparse categorical accuracy: 33.33

round  3, metrics=<sparse_categorical_accuracy=0.500333309173584,loss=1.7051457166671753>
10.0284 seconds
Tested. Sparse categorical accuracy: 80.00

round  4, metrics=<sparse_categorical_accuracy=0.7111666798591614,loss=0.9467281699180603>
9.7550 seconds
Tested. Sparse categorical accuracy: 73.33

round  5, metrics=<sparse_categorical_accuracy=0.8295000195503235,loss=0.5537134408950806>
9.9715 seconds
Tested. Sparse categorical accuracy: 100.00

round  6, metrics=<sparse_categorical_accuracy=0.8742499947547913,loss=0.4053034782409668>
10.3059 seconds
Tested. Sparse categorical accuracy: 100.00

6  rounds run
Average time per round: 10.00

preds
Traceback (most recent call last):
  File "R_tff_main.py", line 28, in <module>
    p1.go(test, batch)
  File "/home/apawlik/federated/R_1_each_client_partially_iid.py", line 208, in go
    self.train(num, batch, 1)
  File "/home/apawlik/federated/R_partitioner.py", line 326, in train
    print(preds)
UnboundLocalError: local variable 'preds' referenced before assignment
