
TENSORFLOW USERS:
You must use the python3.6-anaconda/5.2.0 module to run TensorFlow.
See https://arc-ts.umich.edu/greatlakes/software/tensorflow for more
information.



The following have been reloaded with a version change:
  1) cuda/10.0.130 => cuda/10.1.105


Currently Loaded Modules:
  1) python3.7-anaconda/2019.07   2) cudnn/10.0-v7.6   3) cuda/10.1.105

 

mkdir: cannot create directory ‘results/9786362’: File exists
mkdir: cannot create directory ‘results/9786362/log’: File exists
2020-07-21 00:17:13.944886: E tensorflow/stream_executor/cuda/cuda_driver.cc:313] failed call to cuInit: UNKNOWN ERROR (303)
Test  382
2020-07-21 00:17:13.438609

How often each label is chosen for non-IID data
[24, 12, 20, 20, 27, 17, 19, 18, 23, 20]

Schema 1: Each client partially IID
--------------------------------------------------
percent data distributed IID:  80
number of classes for non-IID data:  2
data points per client (mean, std dev): ( 600 ,  0 )
--------------------------------------------------
round  1, metrics=<sparse_categorical_accuracy=0.13183332979679108,loss=2.2903056144714355>
6.0609 seconds
Tested. Sparse categorical accuracy: 13.33

round  2, metrics=<sparse_categorical_accuracy=0.16699999570846558,loss=2.2596707344055176>
4.4666 seconds
Tested. Sparse categorical accuracy: 26.67

round  3, metrics=<sparse_categorical_accuracy=0.25816667079925537,loss=2.185617685317993>
4.5290 seconds
Tested. Sparse categorical accuracy: 63.33

round  4, metrics=<sparse_categorical_accuracy=0.37599998712539673,loss=2.124507188796997>
4.2322 seconds
Tested. Sparse categorical accuracy: 33.33

round  5, metrics=<sparse_categorical_accuracy=0.5164999961853027,loss=1.7294423580169678>
4.5797 seconds
Tested. Sparse categorical accuracy: 73.33

round  6, metrics=<sparse_categorical_accuracy=0.6178333163261414,loss=1.3565220832824707>
4.5796 seconds
Tested. Sparse categorical accuracy: 73.33

round  7, metrics=<sparse_categorical_accuracy=0.7338333129882812,loss=0.8968144655227661>
4.4372 seconds
Tested. Sparse categorical accuracy: 73.33

round  8, metrics=<sparse_categorical_accuracy=0.7993333339691162,loss=0.6964549422264099>
4.2062 seconds
Tested. Sparse categorical accuracy: 93.33

round  9, metrics=<sparse_categorical_accuracy=0.8445000052452087,loss=0.5239837765693665>
4.4059 seconds
Tested. Sparse categorical accuracy: 100.00

round 10, metrics=<sparse_categorical_accuracy=0.8688333630561829,loss=0.43412715196609497>
4.2455 seconds
Tested. Sparse categorical accuracy: 96.67

round 11, metrics=<sparse_categorical_accuracy=0.9043333530426025,loss=0.313963919878006>
4.1983 seconds
Tested. Sparse categorical accuracy: 93.33

round 12, metrics=<sparse_categorical_accuracy=0.9154999852180481,loss=0.2789984941482544>
4.3049 seconds
Tested. Sparse categorical accuracy: 100.00

12  rounds run
Average time per round: 4.00

preds
Traceback (most recent call last):
  File "R_tff_main.py", line 28, in <module>
    p1.go(test, batch)
  File "/home/apawlik/federated/R_1_each_client_partially_iid.py", line 208, in go
    self.train(num, batch, 1)
  File "/home/apawlik/federated/R_partitioner.py", line 326, in train
    print(preds)
UnboundLocalError: local variable 'preds' referenced before assignment
