
TENSORFLOW USERS:
You must use the python3.6-anaconda/5.2.0 module to run TensorFlow.
See https://arc-ts.umich.edu/greatlakes/software/tensorflow for more
information.



The following have been reloaded with a version change:
  1) cuda/10.0.130 => cuda/10.1.105


Currently Loaded Modules:
  1) python3.7-anaconda/2019.07   2) cudnn/10.0-v7.6   3) cuda/10.1.105

 

mkdir: cannot create directory ‘results/9786362’: File exists
mkdir: cannot create directory ‘results/9786362/log’: File exists
2020-07-21 00:01:16.001035: E tensorflow/stream_executor/cuda/cuda_driver.cc:313] failed call to cuInit: UNKNOWN ERROR (303)
Test  241
2020-07-21 00:01:15.518369

How often each label is chosen for non-IID data
[22, 17, 16, 14, 21, 17, 28, 25, 20, 20]

Schema 1: Each client partially IID
--------------------------------------------------
percent data distributed IID:  80
number of classes for non-IID data:  2
data points per client (mean, std dev): ( 600 ,  0 )
--------------------------------------------------
round  1, metrics=<sparse_categorical_accuracy=0.10700000077486038,loss=2.3031444549560547>
2.9239 seconds
Tested. Sparse categorical accuracy: 31.67

round  2, metrics=<sparse_categorical_accuracy=0.13500000536441803,loss=2.2928218841552734>
2.3031 seconds
Tested. Sparse categorical accuracy: 35.00

round  3, metrics=<sparse_categorical_accuracy=0.15166667103767395,loss=2.2775075435638428>
2.2374 seconds
Tested. Sparse categorical accuracy: 11.67

round  4, metrics=<sparse_categorical_accuracy=0.10566666722297668,loss=2.25176739692688>
2.1137 seconds
Tested. Sparse categorical accuracy: 23.33

round  5, metrics=<sparse_categorical_accuracy=0.1523333340883255,loss=2.2135961055755615>
2.2000 seconds
Tested. Sparse categorical accuracy: 46.67

round  6, metrics=<sparse_categorical_accuracy=0.2706666588783264,loss=2.1619772911071777>
2.1045 seconds
Tested. Sparse categorical accuracy: 61.67

round  7, metrics=<sparse_categorical_accuracy=0.4580000042915344,loss=1.9673033952713013>
2.2034 seconds
Tested. Sparse categorical accuracy: 66.67

round  8, metrics=<sparse_categorical_accuracy=0.2800000011920929,loss=2.886462450027466>
2.1057 seconds
Tested. Sparse categorical accuracy: 18.33

round  9, metrics=<sparse_categorical_accuracy=0.1420000046491623,loss=2.291599988937378>
2.2662 seconds
Tested. Sparse categorical accuracy: 10.00

round 10, metrics=<sparse_categorical_accuracy=0.13733333349227905,loss=2.2796874046325684>
2.0683 seconds
Tested. Sparse categorical accuracy: 23.33

round 11, metrics=<sparse_categorical_accuracy=0.2460000067949295,loss=2.255582094192505>
2.0362 seconds
Tested. Sparse categorical accuracy: 30.00

round 12, metrics=<sparse_categorical_accuracy=0.31299999356269836,loss=2.1768858432769775>
2.2025 seconds
Tested. Sparse categorical accuracy: 63.33

round 13, metrics=<sparse_categorical_accuracy=0.47066667675971985,loss=1.9624638557434082>
2.0016 seconds
Tested. Sparse categorical accuracy: 65.00

round 14, metrics=<sparse_categorical_accuracy=0.42233332991600037,loss=2.326002359390259>
2.1890 seconds
Tested. Sparse categorical accuracy: 46.67

round 15, metrics=<sparse_categorical_accuracy=0.4566666781902313,loss=1.8393447399139404>
2.0490 seconds
Tested. Sparse categorical accuracy: 48.33

round 16, metrics=<sparse_categorical_accuracy=0.5213333368301392,loss=1.760936975479126>
2.2113 seconds
Tested. Sparse categorical accuracy: 68.33

round 17, metrics=<sparse_categorical_accuracy=0.6936666369438171,loss=1.1631635427474976>
2.0477 seconds
Tested. Sparse categorical accuracy: 81.67

round 18, metrics=<sparse_categorical_accuracy=0.7316666841506958,loss=0.9856671690940857>
2.0168 seconds
Tested. Sparse categorical accuracy: 75.00

round 19, metrics=<sparse_categorical_accuracy=0.75,loss=0.9264033436775208>
2.2314 seconds
Tested. Sparse categorical accuracy: 91.67

round 20, metrics=<sparse_categorical_accuracy=0.7599999904632568,loss=0.928758978843689>
2.0329 seconds
Tested. Sparse categorical accuracy: 71.67

round 21, metrics=<sparse_categorical_accuracy=0.8033333420753479,loss=0.6612892150878906>
2.0508 seconds
Tested. Sparse categorical accuracy: 86.67

round 22, metrics=<sparse_categorical_accuracy=0.8320000171661377,loss=0.591591477394104>
2.2004 seconds
Tested. Sparse categorical accuracy: 91.67

round 23, metrics=<sparse_categorical_accuracy=0.8650000095367432,loss=0.4739716351032257>
2.1175 seconds
Tested. Sparse categorical accuracy: 98.33

round 24, metrics=<sparse_categorical_accuracy=0.8743333220481873,loss=0.44993168115615845>
2.0285 seconds
Tested. Sparse categorical accuracy: 91.67

24  rounds run
Average time per round: 2.00

preds
Traceback (most recent call last):
  File "R_tff_main.py", line 28, in <module>
    p1.go(test, batch)
  File "/home/apawlik/federated/R_1_each_client_partially_iid.py", line 208, in go
    self.train(num, batch, 1)
  File "/home/apawlik/federated/R_partitioner.py", line 326, in train
    print(preds)
UnboundLocalError: local variable 'preds' referenced before assignment
