
TENSORFLOW USERS:
You must use the python3.6-anaconda/5.2.0 module to run TensorFlow.
See https://arc-ts.umich.edu/greatlakes/software/tensorflow for more
information.



The following have been reloaded with a version change:
  1) cuda/10.0.130 => cuda/10.1.105


Currently Loaded Modules:
  1) python3.7-anaconda/2019.07   2) cudnn/10.0-v7.6   3) cuda/10.1.105

 

mkdir: cannot create directory ‘results/9786362’: File exists
mkdir: cannot create directory ‘results/9786362/log’: File exists
2020-07-21 00:00:10.085349: E tensorflow/stream_executor/cuda/cuda_driver.cc:313] failed call to cuInit: UNKNOWN ERROR (303)
Test  232
2020-07-21 00:00:09.594118

How often each label is chosen for non-IID data
[21, 19, 16, 26, 9, 23, 22, 21, 22, 21]

Schema 1: Each client partially IID
--------------------------------------------------
percent data distributed IID:  80
number of classes for non-IID data:  2
data points per client (mean, std dev): ( 600 ,  0 )
--------------------------------------------------
round  1, metrics=<sparse_categorical_accuracy=0.13750000298023224,loss=2.289095640182495>
7.4495 seconds
Tested. Sparse categorical accuracy: 23.33

round  2, metrics=<sparse_categorical_accuracy=0.15000000596046448,loss=2.2640597820281982>
5.2730 seconds
Tested. Sparse categorical accuracy: 20.00

round  3, metrics=<sparse_categorical_accuracy=0.2293333262205124,loss=2.170759677886963>
5.2159 seconds
Tested. Sparse categorical accuracy: 76.67

round  4, metrics=<sparse_categorical_accuracy=0.4441666603088379,loss=1.9559719562530518>
5.4955 seconds
Tested. Sparse categorical accuracy: 83.33

round  5, metrics=<sparse_categorical_accuracy=0.4740000069141388,loss=1.9580692052841187>
5.1915 seconds
Tested. Sparse categorical accuracy: 56.67

round  6, metrics=<sparse_categorical_accuracy=0.6711666584014893,loss=1.1408562660217285>
5.5109 seconds
Tested. Sparse categorical accuracy: 80.00

round  7, metrics=<sparse_categorical_accuracy=0.7235000133514404,loss=0.9595706462860107>
5.7266 seconds
Tested. Sparse categorical accuracy: 76.67

round  8, metrics=<sparse_categorical_accuracy=0.8080000281333923,loss=0.6685031056404114>
5.0953 seconds
Tested. Sparse categorical accuracy: 96.67

round  9, metrics=<sparse_categorical_accuracy=0.8536666631698608,loss=0.5080412030220032>
5.7470 seconds
Tested. Sparse categorical accuracy: 93.33

round 10, metrics=<sparse_categorical_accuracy=0.8771666884422302,loss=0.40928685665130615>
5.4636 seconds
Tested. Sparse categorical accuracy: 83.33

round 11, metrics=<sparse_categorical_accuracy=0.9154999852180481,loss=0.2862904965877533>
5.2470 seconds
Tested. Sparse categorical accuracy: 90.00

round 12, metrics=<sparse_categorical_accuracy=0.8973333239555359,loss=0.3606748580932617>
5.5145 seconds
Tested. Sparse categorical accuracy: 96.67

12  rounds run
Average time per round: 5.00

preds
Traceback (most recent call last):
  File "R_tff_main.py", line 28, in <module>
    p1.go(test, batch)
  File "/home/apawlik/federated/R_1_each_client_partially_iid.py", line 208, in go
    self.train(num, batch, 1)
  File "/home/apawlik/federated/R_partitioner.py", line 326, in train
    print(preds)
UnboundLocalError: local variable 'preds' referenced before assignment
