
TENSORFLOW USERS:
You must use the python3.6-anaconda/5.2.0 module to run TensorFlow.
See https://arc-ts.umich.edu/greatlakes/software/tensorflow for more
information.



The following have been reloaded with a version change:
  1) cuda/10.0.130 => cuda/10.1.105


Currently Loaded Modules:
  1) python3.7-anaconda/2019.07   2) cudnn/10.0-v7.6   3) cuda/10.1.105

 

mkdir: cannot create directory ‘results/9786362’: File exists
mkdir: cannot create directory ‘results/9786362/log’: File exists
2020-07-20 23:37:41.483141: E tensorflow/stream_executor/cuda/cuda_driver.cc:313] failed call to cuInit: UNKNOWN ERROR (303)
Test  31
2020-07-20 23:37:40.959606

How often each label is chosen for non-IID data
[21, 25, 23, 15, 22, 26, 16, 23, 13, 16]

Schema 1: Each client partially IID
--------------------------------------------------
percent data distributed IID:  80
number of classes for non-IID data:  2
data points per client (mean, std dev): ( 600 ,  0 )
--------------------------------------------------
round  1, metrics=<sparse_categorical_accuracy=0.12533333897590637,loss=2.3018798828125>
3.7932 seconds
Tested. Sparse categorical accuracy: 10.00

round  2, metrics=<sparse_categorical_accuracy=0.10866666585206985,loss=2.288022994995117>
2.9597 seconds
Tested. Sparse categorical accuracy: 25.00

round  3, metrics=<sparse_categorical_accuracy=0.1420000046491623,loss=2.266866445541382>
2.9279 seconds
Tested. Sparse categorical accuracy: 55.00

round  4, metrics=<sparse_categorical_accuracy=0.18766666948795319,loss=2.2086021900177>
2.5612 seconds
Tested. Sparse categorical accuracy: 45.00

round  5, metrics=<sparse_categorical_accuracy=0.3343333303928375,loss=2.3020970821380615>
2.9079 seconds
Tested. Sparse categorical accuracy: 6.67

round  6, metrics=<sparse_categorical_accuracy=0.21533332765102386,loss=2.1961441040039062>
2.4812 seconds
Tested. Sparse categorical accuracy: 21.67

round  7, metrics=<sparse_categorical_accuracy=0.38466668128967285,loss=2.095710515975952>
3.0425 seconds
Tested. Sparse categorical accuracy: 56.67

round  8, metrics=<sparse_categorical_accuracy=0.5503333210945129,loss=1.8881540298461914>
2.7335 seconds
Tested. Sparse categorical accuracy: 55.00

round  9, metrics=<sparse_categorical_accuracy=0.5333333611488342,loss=1.7321081161499023>
3.4445 seconds
Tested. Sparse categorical accuracy: 53.33

round 10, metrics=<sparse_categorical_accuracy=0.6069999933242798,loss=1.3179973363876343>
2.7723 seconds
Tested. Sparse categorical accuracy: 80.00

round 11, metrics=<sparse_categorical_accuracy=0.690666675567627,loss=1.0960464477539062>
2.5680 seconds
Tested. Sparse categorical accuracy: 80.00

round 12, metrics=<sparse_categorical_accuracy=0.7710000276565552,loss=0.7872570157051086>
2.6280 seconds
Tested. Sparse categorical accuracy: 78.33

round 13, metrics=<sparse_categorical_accuracy=0.8033333420753479,loss=0.7114554643630981>
2.4303 seconds
Tested. Sparse categorical accuracy: 95.00

round 14, metrics=<sparse_categorical_accuracy=0.8476666808128357,loss=0.520717203617096>
2.9788 seconds
Tested. Sparse categorical accuracy: 90.00

round 15, metrics=<sparse_categorical_accuracy=0.8723333477973938,loss=0.4553173780441284>
2.4886 seconds
Tested. Sparse categorical accuracy: 86.67

round 16, metrics=<sparse_categorical_accuracy=0.8723333477973938,loss=0.4432707130908966>
2.9493 seconds
Tested. Sparse categorical accuracy: 96.67

round 17, metrics=<sparse_categorical_accuracy=0.8656666874885559,loss=0.4764057695865631>
2.7420 seconds
Tested. Sparse categorical accuracy: 90.00

round 18, metrics=<sparse_categorical_accuracy=0.9070000052452087,loss=0.31159892678260803>
2.8104 seconds
Tested. Sparse categorical accuracy: 90.00

round 19, metrics=<sparse_categorical_accuracy=0.8880000114440918,loss=0.3912721872329712>
2.8258 seconds
Tested. Sparse categorical accuracy: 85.00

round 20, metrics=<sparse_categorical_accuracy=0.8916666507720947,loss=0.3515969216823578>
2.5697 seconds
Tested. Sparse categorical accuracy: 100.00

round 21, metrics=<sparse_categorical_accuracy=0.9200000166893005,loss=0.25965872406959534>
2.5276 seconds
Tested. Sparse categorical accuracy: 98.33

round 22, metrics=<sparse_categorical_accuracy=0.9223333597183228,loss=0.25607746839523315>
2.7881 seconds
Tested. Sparse categorical accuracy: 85.00

round 23, metrics=<sparse_categorical_accuracy=0.9116666913032532,loss=0.278695285320282>
2.4262 seconds
Tested. Sparse categorical accuracy: 100.00

round 24, metrics=<sparse_categorical_accuracy=0.934333324432373,loss=0.22772878408432007>
2.5564 seconds
Tested. Sparse categorical accuracy: 93.33

24  rounds run
Average time per round: 2.00

preds
Traceback (most recent call last):
  File "R_tff_main.py", line 28, in <module>
    p1.go(test, batch)
  File "/home/apawlik/federated/R_1_each_client_partially_iid.py", line 208, in go
    self.train(num, batch, 1)
  File "/home/apawlik/federated/R_partitioner.py", line 326, in train
    print(preds)
UnboundLocalError: local variable 'preds' referenced before assignment
