
TENSORFLOW USERS:
You must use the python3.6-anaconda/5.2.0 module to run TensorFlow.
See https://arc-ts.umich.edu/greatlakes/software/tensorflow for more
information.



The following have been reloaded with a version change:
  1) cuda/10.0.130 => cuda/10.1.105


Currently Loaded Modules:
  1) python3.7-anaconda/2019.07   2) cudnn/10.0-v7.6   3) cuda/10.1.105

 

mkdir: cannot create directory ‘results/9786362’: File exists
mkdir: cannot create directory ‘results/9786362/log’: File exists
2020-07-21 00:25:38.518697: E tensorflow/stream_executor/cuda/cuda_driver.cc:313] failed call to cuInit: UNKNOWN ERROR (303)
Test  459
2020-07-21 00:25:38.030351

How often each label is chosen for non-IID data
[19, 23, 29, 17, 16, 21, 17, 14, 22, 22]

Schema 1: Each client partially IID
--------------------------------------------------
percent data distributed IID:  80
number of classes for non-IID data:  2
data points per client (mean, std dev): ( 600 ,  0 )
--------------------------------------------------
round  1, metrics=<sparse_categorical_accuracy=0.1899999976158142,loss=2.2894933223724365>
13.1577 seconds
Tested. Sparse categorical accuracy: 0.00

round  2, metrics=<sparse_categorical_accuracy=0.21774999797344208,loss=2.21750545501709>
9.5317 seconds
Tested. Sparse categorical accuracy: 40.00

round  3, metrics=<sparse_categorical_accuracy=0.39241665601730347,loss=1.9836888313293457>
9.6424 seconds
Tested. Sparse categorical accuracy: 66.67

round  4, metrics=<sparse_categorical_accuracy=0.612500011920929,loss=1.2777436971664429>
9.6643 seconds
Tested. Sparse categorical accuracy: 53.33

round  5, metrics=<sparse_categorical_accuracy=0.8024166822433472,loss=0.6533440947532654>
10.2688 seconds
Tested. Sparse categorical accuracy: 93.33

round  6, metrics=<sparse_categorical_accuracy=0.8432499766349792,loss=0.5295947790145874>
9.3783 seconds
Tested. Sparse categorical accuracy: 93.33

6  rounds run
Average time per round: 10.00

preds
Traceback (most recent call last):
  File "R_tff_main.py", line 28, in <module>
    p1.go(test, batch)
  File "/home/apawlik/federated/R_1_each_client_partially_iid.py", line 208, in go
    self.train(num, batch, 1)
  File "/home/apawlik/federated/R_partitioner.py", line 326, in train
    print(preds)
UnboundLocalError: local variable 'preds' referenced before assignment
