
TENSORFLOW USERS:
You must use the python3.6-anaconda/5.2.0 module to run TensorFlow.
See https://arc-ts.umich.edu/greatlakes/software/tensorflow for more
information.



The following have been reloaded with a version change:
  1) cuda/10.0.130 => cuda/10.1.105


Currently Loaded Modules:
  1) python3.7-anaconda/2019.07   2) cudnn/10.0-v7.6   3) cuda/10.1.105

 

mkdir: cannot create directory ‘results/9786362’: File exists
mkdir: cannot create directory ‘results/9786362/log’: File exists
2020-07-20 23:39:07.950883: E tensorflow/stream_executor/cuda/cuda_driver.cc:313] failed call to cuInit: UNKNOWN ERROR (303)
Test  44
2020-07-20 23:39:07.421395

How often each label is chosen for non-IID data
[24, 25, 19, 24, 12, 17, 19, 27, 15, 18]

Schema 1: Each client partially IID
--------------------------------------------------
percent data distributed IID:  80
number of classes for non-IID data:  2
data points per client (mean, std dev): ( 600 ,  0 )
--------------------------------------------------
round  1, metrics=<sparse_categorical_accuracy=0.23025000095367432,loss=2.2419543266296387>
15.6261 seconds
Tested. Sparse categorical accuracy: 26.67

round  2, metrics=<sparse_categorical_accuracy=0.3540000021457672,loss=2.1083264350891113>
11.1307 seconds
Tested. Sparse categorical accuracy: 40.00

round  3, metrics=<sparse_categorical_accuracy=0.5106666684150696,loss=1.605605959892273>
10.6348 seconds
Tested. Sparse categorical accuracy: 60.00

round  4, metrics=<sparse_categorical_accuracy=0.7245000004768372,loss=0.9074167609214783>
11.0686 seconds
Tested. Sparse categorical accuracy: 93.33

round  5, metrics=<sparse_categorical_accuracy=0.843416690826416,loss=0.503240704536438>
11.7239 seconds
Tested. Sparse categorical accuracy: 80.00

round  6, metrics=<sparse_categorical_accuracy=0.8840833306312561,loss=0.38176801800727844>
11.5023 seconds
Tested. Sparse categorical accuracy: 100.00

6  rounds run
Average time per round: 11.00

preds
Traceback (most recent call last):
  File "R_tff_main.py", line 28, in <module>
    p1.go(test, batch)
  File "/home/apawlik/federated/R_1_each_client_partially_iid.py", line 208, in go
    self.train(num, batch, 1)
  File "/home/apawlik/federated/R_partitioner.py", line 326, in train
    print(preds)
UnboundLocalError: local variable 'preds' referenced before assignment
