
TENSORFLOW USERS:
You must use the python3.6-anaconda/5.2.0 module to run TensorFlow.
See https://arc-ts.umich.edu/greatlakes/software/tensorflow for more
information.



The following have been reloaded with a version change:
  1) cuda/10.0.130 => cuda/10.1.105


Currently Loaded Modules:
  1) python3.7-anaconda/2019.07   2) cudnn/10.0-v7.6   3) cuda/10.1.105

 

mkdir: cannot create directory ‘results/9786362’: File exists
mkdir: cannot create directory ‘results/9786362/log’: File exists
2020-07-20 23:38:43.299745: E tensorflow/stream_executor/cuda/cuda_driver.cc:313] failed call to cuInit: UNKNOWN ERROR (303)
Test  37
2020-07-20 23:38:42.778138

How often each label is chosen for non-IID data
[18, 16, 18, 24, 27, 20, 21, 20, 18, 18]

Schema 1: Each client partially IID
--------------------------------------------------
percent data distributed IID:  80
number of classes for non-IID data:  2
data points per client (mean, std dev): ( 600 ,  0 )
--------------------------------------------------
round  1, metrics=<sparse_categorical_accuracy=0.15016666054725647,loss=2.280484676361084>
5.7088 seconds
Tested. Sparse categorical accuracy: 13.33

round  2, metrics=<sparse_categorical_accuracy=0.21666666865348816,loss=2.24295711517334>
4.4081 seconds
Tested. Sparse categorical accuracy: 50.00

round  3, metrics=<sparse_categorical_accuracy=0.3880000114440918,loss=2.2305381298065186>
4.1914 seconds
Tested. Sparse categorical accuracy: 70.00

round  4, metrics=<sparse_categorical_accuracy=0.46799999475479126,loss=2.066080093383789>
4.2422 seconds
Tested. Sparse categorical accuracy: 56.67

round  5, metrics=<sparse_categorical_accuracy=0.5224999785423279,loss=1.7632334232330322>
4.2779 seconds
Tested. Sparse categorical accuracy: 76.67

round  6, metrics=<sparse_categorical_accuracy=0.6468333601951599,loss=1.238061547279358>
4.3602 seconds
Tested. Sparse categorical accuracy: 63.33

round  7, metrics=<sparse_categorical_accuracy=0.7253333330154419,loss=0.904692530632019>
4.1797 seconds
Tested. Sparse categorical accuracy: 86.67

round  8, metrics=<sparse_categorical_accuracy=0.7870000004768372,loss=0.742669939994812>
4.1256 seconds
Tested. Sparse categorical accuracy: 80.00

round  9, metrics=<sparse_categorical_accuracy=0.8636666536331177,loss=0.4733753204345703>
4.1573 seconds
Tested. Sparse categorical accuracy: 100.00

round 10, metrics=<sparse_categorical_accuracy=0.8916666507720947,loss=0.3747098743915558>
4.2880 seconds
Tested. Sparse categorical accuracy: 100.00

round 11, metrics=<sparse_categorical_accuracy=0.8943333625793457,loss=0.34383249282836914>
4.3279 seconds
Tested. Sparse categorical accuracy: 96.67

round 12, metrics=<sparse_categorical_accuracy=0.9045000076293945,loss=0.3073279559612274>
3.9504 seconds
Tested. Sparse categorical accuracy: 90.00

12  rounds run
Average time per round: 4.00

preds
Traceback (most recent call last):
  File "R_tff_main.py", line 28, in <module>
    p1.go(test, batch)
  File "/home/apawlik/federated/R_1_each_client_partially_iid.py", line 208, in go
    self.train(num, batch, 1)
  File "/home/apawlik/federated/R_partitioner.py", line 326, in train
    print(preds)
UnboundLocalError: local variable 'preds' referenced before assignment
