
TENSORFLOW USERS:
You must use the python3.6-anaconda/5.2.0 module to run TensorFlow.
See https://arc-ts.umich.edu/greatlakes/software/tensorflow for more
information.



The following have been reloaded with a version change:
  1) cuda/10.0.130 => cuda/10.1.105


Currently Loaded Modules:
  1) python3.7-anaconda/2019.07   2) cudnn/10.0-v7.6   3) cuda/10.1.105

 

mkdir: cannot create directory ‘results/9786362’: File exists
mkdir: cannot create directory ‘results/9786362/log’: File exists
2020-07-20 23:59:06.301161: E tensorflow/stream_executor/cuda/cuda_driver.cc:313] failed call to cuInit: UNKNOWN ERROR (303)
Test  224
2020-07-20 23:59:05.814175

How often each label is chosen for non-IID data
[24, 23, 23, 19, 22, 15, 17, 20, 16, 21]

Schema 1: Each client partially IID
--------------------------------------------------
percent data distributed IID:  80
number of classes for non-IID data:  2
data points per client (mean, std dev): ( 600 ,  0 )
--------------------------------------------------
round  1, metrics=<sparse_categorical_accuracy=0.1652500033378601,loss=2.2775115966796875>
14.0783 seconds
Tested. Sparse categorical accuracy: 20.00

round  2, metrics=<sparse_categorical_accuracy=0.26783332228660583,loss=2.1922550201416016>
10.8937 seconds
Tested. Sparse categorical accuracy: 60.00

round  3, metrics=<sparse_categorical_accuracy=0.4339999854564667,loss=1.88814115524292>
11.9247 seconds
Tested. Sparse categorical accuracy: 46.67

round  4, metrics=<sparse_categorical_accuracy=0.6419166922569275,loss=1.2082042694091797>
11.8438 seconds
Tested. Sparse categorical accuracy: 93.33

round  5, metrics=<sparse_categorical_accuracy=0.8054999709129333,loss=0.6638895869255066>
11.2057 seconds
Tested. Sparse categorical accuracy: 100.00

round  6, metrics=<sparse_categorical_accuracy=0.8836666941642761,loss=0.37089869379997253>
11.8980 seconds
Tested. Sparse categorical accuracy: 100.00

6  rounds run
Average time per round: 11.00

preds
Traceback (most recent call last):
  File "R_tff_main.py", line 28, in <module>
    p1.go(test, batch)
  File "/home/apawlik/federated/R_1_each_client_partially_iid.py", line 208, in go
    self.train(num, batch, 1)
  File "/home/apawlik/federated/R_partitioner.py", line 326, in train
    print(preds)
UnboundLocalError: local variable 'preds' referenced before assignment
