
TENSORFLOW USERS:
You must use the python3.6-anaconda/5.2.0 module to run TensorFlow.
See https://arc-ts.umich.edu/greatlakes/software/tensorflow for more
information.



The following have been reloaded with a version change:
  1) cuda/10.0.130 => cuda/10.1.105


Currently Loaded Modules:
  1) python3.7-anaconda/2019.07   2) cudnn/10.0-v7.6   3) cuda/10.1.105

 

mkdir: cannot create directory ‘results/9786362’: File exists
mkdir: cannot create directory ‘results/9786362/log’: File exists
2020-07-21 00:27:41.039383: E tensorflow/stream_executor/cuda/cuda_driver.cc:313] failed call to cuInit: UNKNOWN ERROR (303)
Test  476
2020-07-21 00:27:40.518011

How often each label is chosen for non-IID data
[13, 21, 19, 29, 19, 22, 21, 20, 20, 16]

Schema 1: Each client partially IID
--------------------------------------------------
percent data distributed IID:  80
number of classes for non-IID data:  2
data points per client (mean, std dev): ( 600 ,  0 )
--------------------------------------------------
round  1, metrics=<sparse_categorical_accuracy=0.11233333498239517,loss=2.3034985065460205>
3.1081 seconds
Tested. Sparse categorical accuracy: 10.00

round  2, metrics=<sparse_categorical_accuracy=0.14866666495800018,loss=2.2901341915130615>
2.1574 seconds
Tested. Sparse categorical accuracy: 16.67

round  3, metrics=<sparse_categorical_accuracy=0.11800000071525574,loss=2.279175043106079>
2.2463 seconds
Tested. Sparse categorical accuracy: 31.67

round  4, metrics=<sparse_categorical_accuracy=0.13300000131130219,loss=2.238255262374878>
2.2710 seconds
Tested. Sparse categorical accuracy: 35.00

round  5, metrics=<sparse_categorical_accuracy=0.24199999868869781,loss=2.1302199363708496>
2.2744 seconds
Tested. Sparse categorical accuracy: 51.67

round  6, metrics=<sparse_categorical_accuracy=0.34166666865348816,loss=2.1153619289398193>
2.0937 seconds
Tested. Sparse categorical accuracy: 51.67

round  7, metrics=<sparse_categorical_accuracy=0.40066665410995483,loss=2.174818992614746>
2.4628 seconds
Tested. Sparse categorical accuracy: 21.67

round  8, metrics=<sparse_categorical_accuracy=0.41733333468437195,loss=1.857743501663208>
2.0776 seconds
Tested. Sparse categorical accuracy: 60.00

round  9, metrics=<sparse_categorical_accuracy=0.492333322763443,loss=1.8303219079971313>
2.0984 seconds
Tested. Sparse categorical accuracy: 53.33

round 10, metrics=<sparse_categorical_accuracy=0.6100000143051147,loss=1.4159739017486572>
2.1996 seconds
Tested. Sparse categorical accuracy: 60.00

round 11, metrics=<sparse_categorical_accuracy=0.6119999885559082,loss=1.438113808631897>
2.0400 seconds
Tested. Sparse categorical accuracy: 71.67

round 12, metrics=<sparse_categorical_accuracy=0.7153333425521851,loss=0.9687466025352478>
2.2605 seconds
Tested. Sparse categorical accuracy: 70.00

round 13, metrics=<sparse_categorical_accuracy=0.750333309173584,loss=0.7948461771011353>
2.0653 seconds
Tested. Sparse categorical accuracy: 83.33

round 14, metrics=<sparse_categorical_accuracy=0.79666668176651,loss=0.6578264832496643>
2.2251 seconds
Tested. Sparse categorical accuracy: 96.67

round 15, metrics=<sparse_categorical_accuracy=0.8463333249092102,loss=0.510823130607605>
2.0672 seconds
Tested. Sparse categorical accuracy: 78.33

round 16, metrics=<sparse_categorical_accuracy=0.8486666679382324,loss=0.5331349968910217>
2.0449 seconds
Tested. Sparse categorical accuracy: 93.33

round 17, metrics=<sparse_categorical_accuracy=0.8723333477973938,loss=0.4341380298137665>
2.2626 seconds
Tested. Sparse categorical accuracy: 90.00

round 18, metrics=<sparse_categorical_accuracy=0.8836666941642761,loss=0.3994993567466736>
2.0212 seconds
Tested. Sparse categorical accuracy: 93.33

round 19, metrics=<sparse_categorical_accuracy=0.875,loss=0.4051569402217865>
2.3216 seconds
Tested. Sparse categorical accuracy: 90.00

round 20, metrics=<sparse_categorical_accuracy=0.9133333563804626,loss=0.2938378155231476>
2.0429 seconds
Tested. Sparse categorical accuracy: 93.33

round 21, metrics=<sparse_categorical_accuracy=0.9086666703224182,loss=0.29534780979156494>
2.0321 seconds
Tested. Sparse categorical accuracy: 96.67

round 22, metrics=<sparse_categorical_accuracy=0.9279999732971191,loss=0.2509768009185791>
2.2390 seconds
Tested. Sparse categorical accuracy: 96.67

round 23, metrics=<sparse_categorical_accuracy=0.9319999814033508,loss=0.22810545563697815>
2.0530 seconds
Tested. Sparse categorical accuracy: 93.33

round 24, metrics=<sparse_categorical_accuracy=0.934333324432373,loss=0.21405678987503052>
2.0597 seconds
Tested. Sparse categorical accuracy: 95.00

24  rounds run
Average time per round: 2.00

preds
Traceback (most recent call last):
  File "R_tff_main.py", line 28, in <module>
    p1.go(test, batch)
  File "/home/apawlik/federated/R_1_each_client_partially_iid.py", line 208, in go
    self.train(num, batch, 1)
  File "/home/apawlik/federated/R_partitioner.py", line 326, in train
    print(preds)
UnboundLocalError: local variable 'preds' referenced before assignment
