
TENSORFLOW USERS:
You must use the python3.6-anaconda/5.2.0 module to run TensorFlow.
See https://arc-ts.umich.edu/greatlakes/software/tensorflow for more
information.



The following have been reloaded with a version change:
  1) cuda/10.0.130 => cuda/10.1.105


Currently Loaded Modules:
  1) python3.7-anaconda/2019.07   2) cudnn/10.0-v7.6   3) cuda/10.1.105

 

mkdir: cannot create directory ‘results/9786362’: File exists
mkdir: cannot create directory ‘results/9786362/log’: File exists
2020-07-21 00:16:04.701068: E tensorflow/stream_executor/cuda/cuda_driver.cc:313] failed call to cuInit: UNKNOWN ERROR (303)
Test  371
2020-07-21 00:16:04.183429

How often each label is chosen for non-IID data
[17, 27, 22, 17, 20, 16, 17, 27, 17, 20]

Schema 1: Each client partially IID
--------------------------------------------------
percent data distributed IID:  80
number of classes for non-IID data:  2
data points per client (mean, std dev): ( 600 ,  0 )
--------------------------------------------------
round  1, metrics=<sparse_categorical_accuracy=0.09700000286102295,loss=2.303297758102417>
3.1462 seconds
Tested. Sparse categorical accuracy: 6.67

round  2, metrics=<sparse_categorical_accuracy=0.1236666664481163,loss=2.2899653911590576>
2.2855 seconds
Tested. Sparse categorical accuracy: 25.00

round  3, metrics=<sparse_categorical_accuracy=0.12533333897590637,loss=2.2817981243133545>
2.3619 seconds
Tested. Sparse categorical accuracy: 28.33

round  4, metrics=<sparse_categorical_accuracy=0.24666666984558105,loss=2.2470855712890625>
2.1343 seconds
Tested. Sparse categorical accuracy: 45.00

round  5, metrics=<sparse_categorical_accuracy=0.21699999272823334,loss=2.1777985095977783>
2.2611 seconds
Tested. Sparse categorical accuracy: 55.00

round  6, metrics=<sparse_categorical_accuracy=0.3466666638851166,loss=2.367126941680908>
2.1514 seconds
Tested. Sparse categorical accuracy: 18.33

round  7, metrics=<sparse_categorical_accuracy=0.24966666102409363,loss=2.216887950897217>
2.2574 seconds
Tested. Sparse categorical accuracy: 56.67

round  8, metrics=<sparse_categorical_accuracy=0.3623333275318146,loss=1.996303915977478>
2.1063 seconds
Tested. Sparse categorical accuracy: 41.67

round  9, metrics=<sparse_categorical_accuracy=0.47200000286102295,loss=2.176621675491333>
2.2209 seconds
Tested. Sparse categorical accuracy: 23.33

round 10, metrics=<sparse_categorical_accuracy=0.3656666576862335,loss=1.941809058189392>
2.0771 seconds
Tested. Sparse categorical accuracy: 75.00

round 11, metrics=<sparse_categorical_accuracy=0.5730000138282776,loss=1.6495211124420166>
2.2134 seconds
Tested. Sparse categorical accuracy: 61.67

round 12, metrics=<sparse_categorical_accuracy=0.6133333444595337,loss=1.4270893335342407>
2.0613 seconds
Tested. Sparse categorical accuracy: 76.67

round 13, metrics=<sparse_categorical_accuracy=0.746999979019165,loss=1.024806261062622>
2.0867 seconds
Tested. Sparse categorical accuracy: 65.00

round 14, metrics=<sparse_categorical_accuracy=0.7386666536331177,loss=0.9219892024993896>
2.3870 seconds
Tested. Sparse categorical accuracy: 80.00

round 15, metrics=<sparse_categorical_accuracy=0.7953333258628845,loss=0.7129313349723816>
2.1075 seconds
Tested. Sparse categorical accuracy: 85.00

round 16, metrics=<sparse_categorical_accuracy=0.843999981880188,loss=0.5488156676292419>
2.1020 seconds
Tested. Sparse categorical accuracy: 88.33

round 17, metrics=<sparse_categorical_accuracy=0.8583333492279053,loss=0.5926713347434998>
2.2673 seconds
Tested. Sparse categorical accuracy: 90.00

round 18, metrics=<sparse_categorical_accuracy=0.8840000033378601,loss=0.38440433144569397>
2.2273 seconds
Tested. Sparse categorical accuracy: 90.00

round 19, metrics=<sparse_categorical_accuracy=0.8943333625793457,loss=0.34945163130760193>
2.0634 seconds
Tested. Sparse categorical accuracy: 96.67

round 20, metrics=<sparse_categorical_accuracy=0.9139999747276306,loss=0.29255467653274536>
2.2775 seconds
Tested. Sparse categorical accuracy: 90.00

round 21, metrics=<sparse_categorical_accuracy=0.9113333225250244,loss=0.31420138478279114>
2.0462 seconds
Tested. Sparse categorical accuracy: 91.67

round 22, metrics=<sparse_categorical_accuracy=0.8889999985694885,loss=0.3854599595069885>
2.2503 seconds
Tested. Sparse categorical accuracy: 95.00

round 23, metrics=<sparse_categorical_accuracy=0.9363333582878113,loss=0.24327687919139862>
2.1193 seconds
Tested. Sparse categorical accuracy: 100.00

round 24, metrics=<sparse_categorical_accuracy=0.9283333420753479,loss=0.26078349351882935>
2.0791 seconds
Tested. Sparse categorical accuracy: 85.00

24  rounds run
Average time per round: 2.00

preds
Traceback (most recent call last):
  File "R_tff_main.py", line 28, in <module>
    p1.go(test, batch)
  File "/home/apawlik/federated/R_1_each_client_partially_iid.py", line 208, in go
    self.train(num, batch, 1)
  File "/home/apawlik/federated/R_partitioner.py", line 326, in train
    print(preds)
UnboundLocalError: local variable 'preds' referenced before assignment
