
TENSORFLOW USERS:
You must use the python3.6-anaconda/5.2.0 module to run TensorFlow.
See https://arc-ts.umich.edu/greatlakes/software/tensorflow for more
information.



The following have been reloaded with a version change:
  1) cuda/10.0.130 => cuda/10.1.105


Currently Loaded Modules:
  1) python3.7-anaconda/2019.07   2) cudnn/10.0-v7.6   3) cuda/10.1.105

 

mkdir: cannot create directory ‘results/9786362’: File exists
mkdir: cannot create directory ‘results/9786362/log’: File exists
2020-07-21 00:22:15.438051: E tensorflow/stream_executor/cuda/cuda_driver.cc:313] failed call to cuInit: UNKNOWN ERROR (303)
Test  427
2020-07-21 00:22:14.956326

How often each label is chosen for non-IID data
[21, 17, 18, 18, 19, 17, 26, 19, 18, 27]

Schema 1: Each client partially IID
--------------------------------------------------
percent data distributed IID:  80
number of classes for non-IID data:  2
data points per client (mean, std dev): ( 600 ,  0 )
--------------------------------------------------
round  1, metrics=<sparse_categorical_accuracy=0.14033333957195282,loss=2.285609722137451>
5.6495 seconds
Tested. Sparse categorical accuracy: 20.00

round  2, metrics=<sparse_categorical_accuracy=0.16699999570846558,loss=2.2473268508911133>
4.4286 seconds
Tested. Sparse categorical accuracy: 30.00

round  3, metrics=<sparse_categorical_accuracy=0.27300000190734863,loss=2.2212512493133545>
4.1875 seconds
Tested. Sparse categorical accuracy: 56.67

round  4, metrics=<sparse_categorical_accuracy=0.4440000057220459,loss=1.9635576009750366>
4.1176 seconds
Tested. Sparse categorical accuracy: 60.00

round  5, metrics=<sparse_categorical_accuracy=0.5088333487510681,loss=1.7428618669509888>
4.2685 seconds
Tested. Sparse categorical accuracy: 86.67

round  6, metrics=<sparse_categorical_accuracy=0.7149999737739563,loss=1.0483371019363403>
4.2004 seconds
Tested. Sparse categorical accuracy: 70.00

round  7, metrics=<sparse_categorical_accuracy=0.7553333044052124,loss=0.8487771153450012>
4.1096 seconds
Tested. Sparse categorical accuracy: 83.33

round  8, metrics=<sparse_categorical_accuracy=0.8578333258628845,loss=0.49316850304603577>
4.1117 seconds
Tested. Sparse categorical accuracy: 93.33

round  9, metrics=<sparse_categorical_accuracy=0.8768333196640015,loss=0.40850895643234253>
4.2679 seconds
Tested. Sparse categorical accuracy: 100.00

round 10, metrics=<sparse_categorical_accuracy=0.8836666941642761,loss=0.39844217896461487>
4.2785 seconds
Tested. Sparse categorical accuracy: 93.33

round 11, metrics=<sparse_categorical_accuracy=0.9228333234786987,loss=0.26522892713546753>
4.0731 seconds
Tested. Sparse categorical accuracy: 96.67

round 12, metrics=<sparse_categorical_accuracy=0.9226666688919067,loss=0.24627776443958282>
4.1298 seconds
Tested. Sparse categorical accuracy: 90.00

12  rounds run
Average time per round: 4.00

preds
Traceback (most recent call last):
  File "R_tff_main.py", line 28, in <module>
    p1.go(test, batch)
  File "/home/apawlik/federated/R_1_each_client_partially_iid.py", line 208, in go
    self.train(num, batch, 1)
  File "/home/apawlik/federated/R_partitioner.py", line 326, in train
    print(preds)
UnboundLocalError: local variable 'preds' referenced before assignment
