
TENSORFLOW USERS:
You must use the python3.6-anaconda/5.2.0 module to run TensorFlow.
See https://arc-ts.umich.edu/greatlakes/software/tensorflow for more
information.



The following have been reloaded with a version change:
  1) cuda/10.0.130 => cuda/10.1.105


Currently Loaded Modules:
  1) python3.7-anaconda/2019.07   2) cudnn/10.0-v7.6   3) cuda/10.1.105

 

mkdir: cannot create directory ‘results/9786362’: File exists
mkdir: cannot create directory ‘results/9786362/log’: File exists
2020-07-21 00:28:05.329338: E tensorflow/stream_executor/cuda/cuda_driver.cc:313] failed call to cuInit: UNKNOWN ERROR (303)
Test  481
2020-07-21 00:28:04.772374

How often each label is chosen for non-IID data
[24, 20, 19, 15, 21, 17, 23, 21, 21, 19]

Schema 1: Each client partially IID
--------------------------------------------------
percent data distributed IID:  80
number of classes for non-IID data:  2
data points per client (mean, std dev): ( 600 ,  0 )
--------------------------------------------------
round  1, metrics=<sparse_categorical_accuracy=0.10433333367109299,loss=2.3023316860198975>
5.1968 seconds
Tested. Sparse categorical accuracy: 10.00

round  2, metrics=<sparse_categorical_accuracy=0.08366666734218597,loss=2.296879291534424>
3.7139 seconds
Tested. Sparse categorical accuracy: 10.00

round  3, metrics=<sparse_categorical_accuracy=0.0860000029206276,loss=2.2788660526275635>
3.8636 seconds
Tested. Sparse categorical accuracy: 20.00

round  4, metrics=<sparse_categorical_accuracy=0.1313333362340927,loss=2.2576894760131836>
3.6090 seconds
Tested. Sparse categorical accuracy: 20.00

round  5, metrics=<sparse_categorical_accuracy=0.19866666197776794,loss=2.1925039291381836>
3.8676 seconds
Tested. Sparse categorical accuracy: 38.33

round  6, metrics=<sparse_categorical_accuracy=0.3616666793823242,loss=2.3596088886260986>
3.4851 seconds
Tested. Sparse categorical accuracy: 13.33

round  7, metrics=<sparse_categorical_accuracy=0.1899999976158142,loss=2.2694990634918213>
3.8480 seconds
Tested. Sparse categorical accuracy: 25.00

round  8, metrics=<sparse_categorical_accuracy=0.3160000145435333,loss=2.170637607574463>
3.6697 seconds
Tested. Sparse categorical accuracy: 50.00

round  9, metrics=<sparse_categorical_accuracy=0.38466668128967285,loss=2.174403190612793>
3.9609 seconds
Tested. Sparse categorical accuracy: 33.33

round 10, metrics=<sparse_categorical_accuracy=0.3840000033378601,loss=1.9111653566360474>
3.7002 seconds
Tested. Sparse categorical accuracy: 53.33

round 11, metrics=<sparse_categorical_accuracy=0.4583333432674408,loss=1.8761650323867798>
3.5163 seconds
Tested. Sparse categorical accuracy: 58.33

round 12, metrics=<sparse_categorical_accuracy=0.6036666631698608,loss=1.3281769752502441>
3.8175 seconds
Tested. Sparse categorical accuracy: 78.33

round 13, metrics=<sparse_categorical_accuracy=0.6840000152587891,loss=1.1256242990493774>
3.5146 seconds
Tested. Sparse categorical accuracy: 76.67

round 14, metrics=<sparse_categorical_accuracy=0.7306666374206543,loss=0.962263286113739>
3.6434 seconds
Tested. Sparse categorical accuracy: 70.00

round 15, metrics=<sparse_categorical_accuracy=0.734333336353302,loss=0.8562171459197998>
3.4951 seconds
Tested. Sparse categorical accuracy: 81.67

round 16, metrics=<sparse_categorical_accuracy=0.8343333601951599,loss=0.6062986850738525>
3.3818 seconds
Tested. Sparse categorical accuracy: 91.67

round 17, metrics=<sparse_categorical_accuracy=0.8506666421890259,loss=0.5640130043029785>
3.7261 seconds
Tested. Sparse categorical accuracy: 93.33

round 18, metrics=<sparse_categorical_accuracy=0.8556666374206543,loss=0.5182565450668335>
3.5722 seconds
Tested. Sparse categorical accuracy: 81.67

round 19, metrics=<sparse_categorical_accuracy=0.8730000257492065,loss=0.4312693774700165>
3.5576 seconds
Tested. Sparse categorical accuracy: 88.33

round 20, metrics=<sparse_categorical_accuracy=0.8816666603088379,loss=0.3885422348976135>
3.5421 seconds
Tested. Sparse categorical accuracy: 88.33

round 21, metrics=<sparse_categorical_accuracy=0.9139999747276306,loss=0.3226635754108429>
3.4767 seconds
Tested. Sparse categorical accuracy: 98.33

round 22, metrics=<sparse_categorical_accuracy=0.8833333253860474,loss=0.3805150091648102>
3.7963 seconds
Tested. Sparse categorical accuracy: 85.00

round 23, metrics=<sparse_categorical_accuracy=0.9066666960716248,loss=0.30303245782852173>
3.4891 seconds
Tested. Sparse categorical accuracy: 88.33

round 24, metrics=<sparse_categorical_accuracy=0.9136666655540466,loss=0.28547975420951843>
3.4675 seconds
Tested. Sparse categorical accuracy: 96.67

24  rounds run
Average time per round: 3.00

preds
Traceback (most recent call last):
  File "R_tff_main.py", line 28, in <module>
    p1.go(test, batch)
  File "/home/apawlik/federated/R_1_each_client_partially_iid.py", line 208, in go
    self.train(num, batch, 1)
  File "/home/apawlik/federated/R_partitioner.py", line 326, in train
    print(preds)
UnboundLocalError: local variable 'preds' referenced before assignment
