
TENSORFLOW USERS:
You must use the python3.6-anaconda/5.2.0 module to run TensorFlow.
See https://arc-ts.umich.edu/greatlakes/software/tensorflow for more
information.



The following have been reloaded with a version change:
  1) cuda/10.0.130 => cuda/10.1.105


Currently Loaded Modules:
  1) python3.7-anaconda/2019.07   2) cudnn/10.0-v7.6   3) cuda/10.1.105

 

mkdir: cannot create directory ‘results/9786362’: File exists
mkdir: cannot create directory ‘results/9786362/log’: File exists
2020-07-20 23:53:42.769760: E tensorflow/stream_executor/cuda/cuda_driver.cc:313] failed call to cuInit: UNKNOWN ERROR (303)
Test  172
2020-07-20 23:53:42.239186

How often each label is chosen for non-IID data
[8, 23, 20, 21, 20, 23, 21, 20, 16, 28]

Schema 1: Each client partially IID
--------------------------------------------------
percent data distributed IID:  80
number of classes for non-IID data:  2
data points per client (mean, std dev): ( 600 ,  0 )
--------------------------------------------------
round  1, metrics=<sparse_categorical_accuracy=0.12533333897590637,loss=2.2835605144500732>
6.6230 seconds
Tested. Sparse categorical accuracy: 20.00

round  2, metrics=<sparse_categorical_accuracy=0.17016667127609253,loss=2.240131139755249>
5.0814 seconds
Tested. Sparse categorical accuracy: 36.67

round  3, metrics=<sparse_categorical_accuracy=0.34966665506362915,loss=2.2410659790039062>
4.3142 seconds
Tested. Sparse categorical accuracy: 43.33

round  4, metrics=<sparse_categorical_accuracy=0.4153333306312561,loss=2.0915262699127197>
4.4423 seconds
Tested. Sparse categorical accuracy: 56.67

round  5, metrics=<sparse_categorical_accuracy=0.5546666383743286,loss=1.7101235389709473>
4.9064 seconds
Tested. Sparse categorical accuracy: 46.67

round  6, metrics=<sparse_categorical_accuracy=0.656333327293396,loss=1.1716489791870117>
4.3117 seconds
Tested. Sparse categorical accuracy: 76.67

round  7, metrics=<sparse_categorical_accuracy=0.7723333239555359,loss=0.8027566075325012>
5.0276 seconds
Tested. Sparse categorical accuracy: 83.33

round  8, metrics=<sparse_categorical_accuracy=0.8513333201408386,loss=0.5438848733901978>
4.3885 seconds
Tested. Sparse categorical accuracy: 90.00

round  9, metrics=<sparse_categorical_accuracy=0.8586666584014893,loss=0.4901743233203888>
4.6532 seconds
Tested. Sparse categorical accuracy: 100.00

round 10, metrics=<sparse_categorical_accuracy=0.9011666774749756,loss=0.3227185606956482>
5.2963 seconds
Tested. Sparse categorical accuracy: 80.00

round 11, metrics=<sparse_categorical_accuracy=0.9176666736602783,loss=0.27012374997138977>
4.3255 seconds
Tested. Sparse categorical accuracy: 96.67

round 12, metrics=<sparse_categorical_accuracy=0.9244999885559082,loss=0.2618907392024994>
4.5925 seconds
Tested. Sparse categorical accuracy: 96.67

12  rounds run
Average time per round: 4.00

preds
Traceback (most recent call last):
  File "R_tff_main.py", line 28, in <module>
    p1.go(test, batch)
  File "/home/apawlik/federated/R_1_each_client_partially_iid.py", line 208, in go
    self.train(num, batch, 1)
  File "/home/apawlik/federated/R_partitioner.py", line 326, in train
    print(preds)
UnboundLocalError: local variable 'preds' referenced before assignment
