
TENSORFLOW USERS:
You must use the python3.6-anaconda/5.2.0 module to run TensorFlow.
See https://arc-ts.umich.edu/greatlakes/software/tensorflow for more
information.



The following have been reloaded with a version change:
  1) cuda/10.0.130 => cuda/10.1.105


Currently Loaded Modules:
  1) python3.7-anaconda/2019.07   2) cudnn/10.0-v7.6   3) cuda/10.1.105

 

mkdir: cannot create directory ‘results/9786362’: File exists
mkdir: cannot create directory ‘results/9786362/log’: File exists
2020-07-21 00:16:06.550873: E tensorflow/stream_executor/cuda/cuda_driver.cc:313] failed call to cuInit: UNKNOWN ERROR (303)
Test  372
2020-07-21 00:16:06.046978

How often each label is chosen for non-IID data
[17, 27, 22, 17, 20, 16, 17, 27, 17, 20]

Schema 1: Each client partially IID
--------------------------------------------------
percent data distributed IID:  80
number of classes for non-IID data:  2
data points per client (mean, std dev): ( 600 ,  0 )
--------------------------------------------------
round  1, metrics=<sparse_categorical_accuracy=0.12183333188295364,loss=2.2877817153930664>
7.7001 seconds
Tested. Sparse categorical accuracy: 23.33

round  2, metrics=<sparse_categorical_accuracy=0.17233332991600037,loss=2.254023551940918>
5.2853 seconds
Tested. Sparse categorical accuracy: 30.00

round  3, metrics=<sparse_categorical_accuracy=0.304833322763443,loss=2.190399408340454>
5.2395 seconds
Tested. Sparse categorical accuracy: 30.00

round  4, metrics=<sparse_categorical_accuracy=0.3893333375453949,loss=2.080886125564575>
5.0466 seconds
Tested. Sparse categorical accuracy: 36.67

round  5, metrics=<sparse_categorical_accuracy=0.47483333945274353,loss=1.750774621963501>
5.2895 seconds
Tested. Sparse categorical accuracy: 50.00

round  6, metrics=<sparse_categorical_accuracy=0.6265000104904175,loss=1.2152190208435059>
5.1457 seconds
Tested. Sparse categorical accuracy: 66.67

round  7, metrics=<sparse_categorical_accuracy=0.749833345413208,loss=0.8726497292518616>
4.8664 seconds
Tested. Sparse categorical accuracy: 80.00

round  8, metrics=<sparse_categorical_accuracy=0.7879999876022339,loss=0.7627536058425903>
4.9346 seconds
Tested. Sparse categorical accuracy: 76.67

round  9, metrics=<sparse_categorical_accuracy=0.8533333539962769,loss=0.5102588534355164>
5.3238 seconds
Tested. Sparse categorical accuracy: 100.00

round 10, metrics=<sparse_categorical_accuracy=0.8884999752044678,loss=0.3692459166049957>
5.2701 seconds
Tested. Sparse categorical accuracy: 90.00

round 11, metrics=<sparse_categorical_accuracy=0.9070000052452087,loss=0.31465640664100647>
4.8144 seconds
Tested. Sparse categorical accuracy: 90.00

round 12, metrics=<sparse_categorical_accuracy=0.9171666502952576,loss=0.2883939743041992>
5.2966 seconds
Tested. Sparse categorical accuracy: 100.00

12  rounds run
Average time per round: 5.00

preds
Traceback (most recent call last):
  File "R_tff_main.py", line 28, in <module>
    p1.go(test, batch)
  File "/home/apawlik/federated/R_1_each_client_partially_iid.py", line 208, in go
    self.train(num, batch, 1)
  File "/home/apawlik/federated/R_partitioner.py", line 326, in train
    print(preds)
UnboundLocalError: local variable 'preds' referenced before assignment
