
TENSORFLOW USERS:
You must use the python3.6-anaconda/5.2.0 module to run TensorFlow.
See https://arc-ts.umich.edu/greatlakes/software/tensorflow for more
information.



The following have been reloaded with a version change:
  1) cuda/10.0.130 => cuda/10.1.105


Currently Loaded Modules:
  1) python3.7-anaconda/2019.07   2) cudnn/10.0-v7.6   3) cuda/10.1.105

 

mkdir: cannot create directory ‘results/9786362’: File exists
mkdir: cannot create directory ‘results/9786362/log’: File exists
2020-07-20 23:37:46.554032: E tensorflow/stream_executor/cuda/cuda_driver.cc:313] failed call to cuInit: UNKNOWN ERROR (303)
Test  32
2020-07-20 23:37:46.035422

How often each label is chosen for non-IID data
[21, 25, 23, 15, 22, 26, 16, 23, 13, 16]

Schema 1: Each client partially IID
--------------------------------------------------
percent data distributed IID:  80
number of classes for non-IID data:  2
data points per client (mean, std dev): ( 600 ,  0 )
--------------------------------------------------
round  1, metrics=<sparse_categorical_accuracy=0.117166668176651,loss=2.2869250774383545>
6.6891 seconds
Tested. Sparse categorical accuracy: 16.67

round  2, metrics=<sparse_categorical_accuracy=0.16966666281223297,loss=2.224677801132202>
4.9640 seconds
Tested. Sparse categorical accuracy: 66.67

round  3, metrics=<sparse_categorical_accuracy=0.3700000047683716,loss=2.215421199798584>
5.0310 seconds
Tested. Sparse categorical accuracy: 46.67

round  4, metrics=<sparse_categorical_accuracy=0.3891666531562805,loss=2.0067596435546875>
4.6928 seconds
Tested. Sparse categorical accuracy: 36.67

round  5, metrics=<sparse_categorical_accuracy=0.5493333339691162,loss=1.5825610160827637>
4.8529 seconds
Tested. Sparse categorical accuracy: 56.67

round  6, metrics=<sparse_categorical_accuracy=0.6986666917800903,loss=0.9963733553886414>
4.9066 seconds
Tested. Sparse categorical accuracy: 73.33

round  7, metrics=<sparse_categorical_accuracy=0.7458333373069763,loss=0.8882205486297607>
4.4434 seconds
Tested. Sparse categorical accuracy: 73.33

round  8, metrics=<sparse_categorical_accuracy=0.8358333110809326,loss=0.5522200465202332>
4.7877 seconds
Tested. Sparse categorical accuracy: 96.67

round  9, metrics=<sparse_categorical_accuracy=0.8495000004768372,loss=0.509038507938385>
4.8939 seconds
Tested. Sparse categorical accuracy: 90.00

round 10, metrics=<sparse_categorical_accuracy=0.8831666707992554,loss=0.3803386986255646>
4.7072 seconds
Tested. Sparse categorical accuracy: 96.67

round 11, metrics=<sparse_categorical_accuracy=0.9058333039283752,loss=0.30527326464653015>
4.6870 seconds
Tested. Sparse categorical accuracy: 90.00

round 12, metrics=<sparse_categorical_accuracy=0.906166672706604,loss=0.31144556403160095>
5.0765 seconds
Tested. Sparse categorical accuracy: 96.67

12  rounds run
Average time per round: 4.00

preds
Traceback (most recent call last):
  File "R_tff_main.py", line 28, in <module>
    p1.go(test, batch)
  File "/home/apawlik/federated/R_1_each_client_partially_iid.py", line 208, in go
    self.train(num, batch, 1)
  File "/home/apawlik/federated/R_partitioner.py", line 326, in train
    print(preds)
UnboundLocalError: local variable 'preds' referenced before assignment
