
TENSORFLOW USERS:
You must use the python3.6-anaconda/5.2.0 module to run TensorFlow.
See https://arc-ts.umich.edu/greatlakes/software/tensorflow for more
information.



The following have been reloaded with a version change:
  1) cuda/10.0.130 => cuda/10.1.105


Currently Loaded Modules:
  1) python3.7-anaconda/2019.07   2) cudnn/10.0-v7.6   3) cuda/10.1.105

 

mkdir: cannot create directory ‘results/9786362’: File exists
mkdir: cannot create directory ‘results/9786362/log’: File exists
2020-07-21 00:30:00.183588: E tensorflow/stream_executor/cuda/cuda_driver.cc:313] failed call to cuInit: UNKNOWN ERROR (303)
Test  497
2020-07-21 00:29:59.677750

How often each label is chosen for non-IID data
[16, 20, 21, 24, 17, 21, 21, 19, 23, 18]

Schema 1: Each client partially IID
--------------------------------------------------
percent data distributed IID:  80
number of classes for non-IID data:  2
data points per client (mean, std dev): ( 600 ,  0 )
--------------------------------------------------
round  1, metrics=<sparse_categorical_accuracy=0.08833333104848862,loss=2.290529727935791>
5.6753 seconds
Tested. Sparse categorical accuracy: 6.67

round  2, metrics=<sparse_categorical_accuracy=0.12950000166893005,loss=2.2580275535583496>
4.3856 seconds
Tested. Sparse categorical accuracy: 33.33

round  3, metrics=<sparse_categorical_accuracy=0.234333336353302,loss=2.2397334575653076>
4.0995 seconds
Tested. Sparse categorical accuracy: 10.00

round  4, metrics=<sparse_categorical_accuracy=0.3375000059604645,loss=2.124852418899536>
4.2232 seconds
Tested. Sparse categorical accuracy: 60.00

round  5, metrics=<sparse_categorical_accuracy=0.4098333418369293,loss=2.115122079849243>
4.1001 seconds
Tested. Sparse categorical accuracy: 60.00

round  6, metrics=<sparse_categorical_accuracy=0.512499988079071,loss=1.7063989639282227>
4.4314 seconds
Tested. Sparse categorical accuracy: 80.00

round  7, metrics=<sparse_categorical_accuracy=0.6759999990463257,loss=1.0579379796981812>
4.1012 seconds
Tested. Sparse categorical accuracy: 70.00

round  8, metrics=<sparse_categorical_accuracy=0.8119999766349792,loss=0.6250734925270081>
4.2530 seconds
Tested. Sparse categorical accuracy: 83.33

round  9, metrics=<sparse_categorical_accuracy=0.8263333439826965,loss=0.591370701789856>
4.2529 seconds
Tested. Sparse categorical accuracy: 90.00

round 10, metrics=<sparse_categorical_accuracy=0.8848333358764648,loss=0.38930732011795044>
4.5595 seconds
Tested. Sparse categorical accuracy: 100.00

round 11, metrics=<sparse_categorical_accuracy=0.9075000286102295,loss=0.3176511526107788>
4.5281 seconds
Tested. Sparse categorical accuracy: 96.67

round 12, metrics=<sparse_categorical_accuracy=0.918833315372467,loss=0.2626486122608185>
4.2993 seconds
Tested. Sparse categorical accuracy: 90.00

12  rounds run
Average time per round: 4.00

preds
Traceback (most recent call last):
  File "R_tff_main.py", line 28, in <module>
    p1.go(test, batch)
  File "/home/apawlik/federated/R_1_each_client_partially_iid.py", line 208, in go
    self.train(num, batch, 1)
  File "/home/apawlik/federated/R_partitioner.py", line 326, in train
    print(preds)
UnboundLocalError: local variable 'preds' referenced before assignment
