
TENSORFLOW USERS:
You must use the python3.6-anaconda/5.2.0 module to run TensorFlow.
See https://arc-ts.umich.edu/greatlakes/software/tensorflow for more
information.



The following have been reloaded with a version change:
  1) cuda/10.0.130 => cuda/10.1.105


Currently Loaded Modules:
  1) python3.7-anaconda/2019.07   2) cudnn/10.0-v7.6   3) cuda/10.1.105

 

mkdir: cannot create directory ‘results/9786362’: File exists
mkdir: cannot create directory ‘results/9786362/log’: File exists
2020-07-20 23:50:10.156961: E tensorflow/stream_executor/cuda/cuda_driver.cc:313] failed call to cuInit: UNKNOWN ERROR (303)
Test  142
2020-07-20 23:50:09.656866

How often each label is chosen for non-IID data
[20, 25, 20, 18, 18, 26, 14, 24, 12, 23]

Schema 1: Each client partially IID
--------------------------------------------------
percent data distributed IID:  80
number of classes for non-IID data:  2
data points per client (mean, std dev): ( 600 ,  0 )
--------------------------------------------------
round  1, metrics=<sparse_categorical_accuracy=0.13433332741260529,loss=2.2875149250030518>
6.2721 seconds
Tested. Sparse categorical accuracy: 33.33

round  2, metrics=<sparse_categorical_accuracy=0.13850000500679016,loss=2.248737335205078>
4.6434 seconds
Tested. Sparse categorical accuracy: 36.67

round  3, metrics=<sparse_categorical_accuracy=0.25183331966400146,loss=2.2314019203186035>
4.8761 seconds
Tested. Sparse categorical accuracy: 16.67

round  4, metrics=<sparse_categorical_accuracy=0.2529999911785126,loss=2.088505983352661>
4.5674 seconds
Tested. Sparse categorical accuracy: 56.67

round  5, metrics=<sparse_categorical_accuracy=0.4869999885559082,loss=1.8070429563522339>
4.5056 seconds
Tested. Sparse categorical accuracy: 63.33

round  6, metrics=<sparse_categorical_accuracy=0.5571666955947876,loss=1.5539484024047852>
4.6625 seconds
Tested. Sparse categorical accuracy: 33.33

round  7, metrics=<sparse_categorical_accuracy=0.6931666731834412,loss=0.9749550819396973>
4.4892 seconds
Tested. Sparse categorical accuracy: 80.00

round  8, metrics=<sparse_categorical_accuracy=0.8031666874885559,loss=0.706816554069519>
4.3548 seconds
Tested. Sparse categorical accuracy: 86.67

round  9, metrics=<sparse_categorical_accuracy=0.8299999833106995,loss=0.5832590460777283>
4.5440 seconds
Tested. Sparse categorical accuracy: 80.00

round 10, metrics=<sparse_categorical_accuracy=0.8759999871253967,loss=0.4336540400981903>
4.4088 seconds
Tested. Sparse categorical accuracy: 93.33

round 11, metrics=<sparse_categorical_accuracy=0.8855000138282776,loss=0.38684672117233276>
4.1554 seconds
Tested. Sparse categorical accuracy: 93.33

round 12, metrics=<sparse_categorical_accuracy=0.9120000004768372,loss=0.287322074174881>
4.6602 seconds
Tested. Sparse categorical accuracy: 100.00

12  rounds run
Average time per round: 4.00

preds
Traceback (most recent call last):
  File "R_tff_main.py", line 28, in <module>
    p1.go(test, batch)
  File "/home/apawlik/federated/R_1_each_client_partially_iid.py", line 208, in go
    self.train(num, batch, 1)
  File "/home/apawlik/federated/R_partitioner.py", line 326, in train
    print(preds)
UnboundLocalError: local variable 'preds' referenced before assignment
