
TENSORFLOW USERS:
You must use the python3.6-anaconda/5.2.0 module to run TensorFlow.
See https://arc-ts.umich.edu/greatlakes/software/tensorflow for more
information.



The following have been reloaded with a version change:
  1) cuda/10.0.130 => cuda/10.1.105


Currently Loaded Modules:
  1) python3.7-anaconda/2019.07   2) cudnn/10.0-v7.6   3) cuda/10.1.105

 

mkdir: cannot create directory ‘results/9786362’: File exists
mkdir: cannot create directory ‘results/9786362/log’: File exists
2020-07-21 00:02:44.882370: E tensorflow/stream_executor/cuda/cuda_driver.cc:313] failed call to cuInit: UNKNOWN ERROR (303)
Test  256
2020-07-21 00:02:44.400322

How often each label is chosen for non-IID data
[16, 18, 13, 18, 25, 26, 19, 26, 22, 17]

Schema 1: Each client partially IID
--------------------------------------------------
percent data distributed IID:  80
number of classes for non-IID data:  2
data points per client (mean, std dev): ( 600 ,  0 )
--------------------------------------------------
round  1, metrics=<sparse_categorical_accuracy=0.1080000028014183,loss=2.3005762100219727>
3.0064 seconds
Tested. Sparse categorical accuracy: 10.00

round  2, metrics=<sparse_categorical_accuracy=0.0976666659116745,loss=2.2968430519104004>
2.1863 seconds
Tested. Sparse categorical accuracy: 41.67

round  3, metrics=<sparse_categorical_accuracy=0.12966667115688324,loss=2.2908692359924316>
2.2602 seconds
Tested. Sparse categorical accuracy: 18.33

round  4, metrics=<sparse_categorical_accuracy=0.15433333814144135,loss=2.261075019836426>
2.1263 seconds
Tested. Sparse categorical accuracy: 10.00

round  5, metrics=<sparse_categorical_accuracy=0.14866666495800018,loss=2.2242085933685303>
2.2559 seconds
Tested. Sparse categorical accuracy: 68.33

round  6, metrics=<sparse_categorical_accuracy=0.29233333468437195,loss=2.1831185817718506>
2.1238 seconds
Tested. Sparse categorical accuracy: 61.67

round  7, metrics=<sparse_categorical_accuracy=0.40433332324028015,loss=2.15982985496521>
2.2666 seconds
Tested. Sparse categorical accuracy: 26.67

round  8, metrics=<sparse_categorical_accuracy=0.4429999887943268,loss=2.0344979763031006>
2.0815 seconds
Tested. Sparse categorical accuracy: 55.00

round  9, metrics=<sparse_categorical_accuracy=0.46266666054725647,loss=1.8955581188201904>
2.1059 seconds
Tested. Sparse categorical accuracy: 58.33

round 10, metrics=<sparse_categorical_accuracy=0.5640000104904175,loss=1.5456539392471313>
2.2399 seconds
Tested. Sparse categorical accuracy: 83.33

round 11, metrics=<sparse_categorical_accuracy=0.6393333077430725,loss=1.3822325468063354>
2.0899 seconds
Tested. Sparse categorical accuracy: 76.67

round 12, metrics=<sparse_categorical_accuracy=0.7383333444595337,loss=1.0063642263412476>
2.2246 seconds
Tested. Sparse categorical accuracy: 55.00

round 13, metrics=<sparse_categorical_accuracy=0.7243333458900452,loss=0.9203237891197205>
2.0650 seconds
Tested. Sparse categorical accuracy: 88.33

round 14, metrics=<sparse_categorical_accuracy=0.7860000133514404,loss=0.7346224188804626>
2.1485 seconds
Tested. Sparse categorical accuracy: 95.00

round 15, metrics=<sparse_categorical_accuracy=0.8056666851043701,loss=0.7008453011512756>
2.1140 seconds
Tested. Sparse categorical accuracy: 96.67

round 16, metrics=<sparse_categorical_accuracy=0.8569999933242798,loss=0.5226879715919495>
2.0540 seconds
Tested. Sparse categorical accuracy: 95.00

round 17, metrics=<sparse_categorical_accuracy=0.8646666407585144,loss=0.46679621934890747>
2.2212 seconds
Tested. Sparse categorical accuracy: 100.00

round 18, metrics=<sparse_categorical_accuracy=0.8500000238418579,loss=0.5211657881736755>
2.0687 seconds
Tested. Sparse categorical accuracy: 76.67

round 19, metrics=<sparse_categorical_accuracy=0.8476666808128357,loss=0.49679240584373474>
2.0799 seconds
Tested. Sparse categorical accuracy: 88.33

round 20, metrics=<sparse_categorical_accuracy=0.9066666960716248,loss=0.31150174140930176>
2.2748 seconds
Tested. Sparse categorical accuracy: 96.67

round 21, metrics=<sparse_categorical_accuracy=0.9110000133514404,loss=0.2779545187950134>
2.0227 seconds
Tested. Sparse categorical accuracy: 95.00

round 22, metrics=<sparse_categorical_accuracy=0.9156666398048401,loss=0.2680385410785675>
2.0499 seconds
Tested. Sparse categorical accuracy: 91.67

round 23, metrics=<sparse_categorical_accuracy=0.9129999876022339,loss=0.2980867326259613>
2.2371 seconds
Tested. Sparse categorical accuracy: 91.67

round 24, metrics=<sparse_categorical_accuracy=0.918666660785675,loss=0.25279924273490906>
2.0481 seconds
Tested. Sparse categorical accuracy: 90.00

24  rounds run
Average time per round: 2.00

preds
Traceback (most recent call last):
  File "R_tff_main.py", line 28, in <module>
    p1.go(test, batch)
  File "/home/apawlik/federated/R_1_each_client_partially_iid.py", line 208, in go
    self.train(num, batch, 1)
  File "/home/apawlik/federated/R_partitioner.py", line 326, in train
    print(preds)
UnboundLocalError: local variable 'preds' referenced before assignment
