
TENSORFLOW USERS:
You must use the python3.6-anaconda/5.2.0 module to run TensorFlow.
See https://arc-ts.umich.edu/greatlakes/software/tensorflow for more
information.



The following have been reloaded with a version change:
  1) cuda/10.0.130 => cuda/10.1.105


Currently Loaded Modules:
  1) python3.7-anaconda/2019.07   2) cudnn/10.0-v7.6   3) cuda/10.1.105

 

mkdir: cannot create directory ‘results/9786362’: File exists
mkdir: cannot create directory ‘results/9786362/log’: File exists
2020-07-20 23:48:34.789067: E tensorflow/stream_executor/cuda/cuda_driver.cc:313] failed call to cuInit: UNKNOWN ERROR (303)
Test  127
2020-07-20 23:48:34.236290

How often each label is chosen for non-IID data
[26, 18, 15, 20, 22, 21, 18, 21, 22, 17]

Schema 1: Each client partially IID
--------------------------------------------------
percent data distributed IID:  80
number of classes for non-IID data:  2
data points per client (mean, std dev): ( 600 ,  0 )
--------------------------------------------------
round  1, metrics=<sparse_categorical_accuracy=0.1535000056028366,loss=2.2818667888641357>
8.1738 seconds
Tested. Sparse categorical accuracy: 6.67

round  2, metrics=<sparse_categorical_accuracy=0.21833333373069763,loss=2.262777090072632>
6.3459 seconds
Tested. Sparse categorical accuracy: 26.67

round  3, metrics=<sparse_categorical_accuracy=0.2994999885559082,loss=2.210988998413086>
6.0157 seconds
Tested. Sparse categorical accuracy: 46.67

round  4, metrics=<sparse_categorical_accuracy=0.4465000033378601,loss=2.1048319339752197>
6.5839 seconds
Tested. Sparse categorical accuracy: 53.33

round  5, metrics=<sparse_categorical_accuracy=0.4584999978542328,loss=1.9252269268035889>
6.5454 seconds
Tested. Sparse categorical accuracy: 63.33

round  6, metrics=<sparse_categorical_accuracy=0.624833345413208,loss=1.3888366222381592>
6.6394 seconds
Tested. Sparse categorical accuracy: 76.67

round  7, metrics=<sparse_categorical_accuracy=0.7269999980926514,loss=0.9693140983581543>
5.8969 seconds
Tested. Sparse categorical accuracy: 73.33

round  8, metrics=<sparse_categorical_accuracy=0.812666654586792,loss=0.6427310109138489>
6.8943 seconds
Tested. Sparse categorical accuracy: 83.33

round  9, metrics=<sparse_categorical_accuracy=0.874666690826416,loss=0.42224547266960144>
6.7067 seconds
Tested. Sparse categorical accuracy: 86.67

round 10, metrics=<sparse_categorical_accuracy=0.8573333621025085,loss=0.49164512753486633>
5.6222 seconds
Tested. Sparse categorical accuracy: 90.00

round 11, metrics=<sparse_categorical_accuracy=0.9106666445732117,loss=0.32309675216674805>
6.5441 seconds
Tested. Sparse categorical accuracy: 93.33

round 12, metrics=<sparse_categorical_accuracy=0.9198333621025085,loss=0.2702217996120453>
6.4986 seconds
Tested. Sparse categorical accuracy: 100.00

12  rounds run
Average time per round: 6.00

preds
Traceback (most recent call last):
  File "R_tff_main.py", line 28, in <module>
    p1.go(test, batch)
  File "/home/apawlik/federated/R_1_each_client_partially_iid.py", line 208, in go
    self.train(num, batch, 1)
  File "/home/apawlik/federated/R_partitioner.py", line 326, in train
    print(preds)
UnboundLocalError: local variable 'preds' referenced before assignment
