
TENSORFLOW USERS:
You must use the python3.6-anaconda/5.2.0 module to run TensorFlow.
See https://arc-ts.umich.edu/greatlakes/software/tensorflow for more
information.



The following have been reloaded with a version change:
  1) cuda/10.0.130 => cuda/10.1.105


Currently Loaded Modules:
  1) python3.7-anaconda/2019.07   2) cudnn/10.0-v7.6   3) cuda/10.1.105

 

mkdir: cannot create directory ‘results/9786362’: File exists
mkdir: cannot create directory ‘results/9786362/log’: File exists
2020-07-21 00:15:01.306210: E tensorflow/stream_executor/cuda/cuda_driver.cc:313] failed call to cuInit: UNKNOWN ERROR (303)
Test  362
2020-07-21 00:15:00.821338

How often each label is chosen for non-IID data
[17, 20, 21, 23, 13, 22, 20, 25, 19, 20]

Schema 1: Each client partially IID
--------------------------------------------------
percent data distributed IID:  80
number of classes for non-IID data:  2
data points per client (mean, std dev): ( 600 ,  0 )
--------------------------------------------------
round  1, metrics=<sparse_categorical_accuracy=0.15333333611488342,loss=2.2854130268096924>
5.6884 seconds
Tested. Sparse categorical accuracy: 56.67

round  2, metrics=<sparse_categorical_accuracy=0.2199999988079071,loss=2.270951747894287>
4.4000 seconds
Tested. Sparse categorical accuracy: 23.33

round  3, metrics=<sparse_categorical_accuracy=0.29733332991600037,loss=2.1503336429595947>
4.1338 seconds
Tested. Sparse categorical accuracy: 60.00

round  4, metrics=<sparse_categorical_accuracy=0.3513333201408386,loss=2.165402889251709>
4.2665 seconds
Tested. Sparse categorical accuracy: 43.33

round  5, metrics=<sparse_categorical_accuracy=0.45350000262260437,loss=1.8328973054885864>
4.2454 seconds
Tested. Sparse categorical accuracy: 33.33

round  6, metrics=<sparse_categorical_accuracy=0.5665000081062317,loss=1.3807284832000732>
4.1679 seconds
Tested. Sparse categorical accuracy: 66.67

round  7, metrics=<sparse_categorical_accuracy=0.7301666736602783,loss=0.8826240301132202>
4.1524 seconds
Tested. Sparse categorical accuracy: 86.67

round  8, metrics=<sparse_categorical_accuracy=0.7981666922569275,loss=0.658200204372406>
3.9445 seconds
Tested. Sparse categorical accuracy: 90.00

round  9, metrics=<sparse_categorical_accuracy=0.840499997138977,loss=0.5190919637680054>
4.2984 seconds
Tested. Sparse categorical accuracy: 83.33

round 10, metrics=<sparse_categorical_accuracy=0.8886666893959045,loss=0.3569872975349426>
4.1462 seconds
Tested. Sparse categorical accuracy: 100.00

round 11, metrics=<sparse_categorical_accuracy=0.9023333191871643,loss=0.31282514333724976>
4.0354 seconds
Tested. Sparse categorical accuracy: 90.00

round 12, metrics=<sparse_categorical_accuracy=0.9114999771118164,loss=0.2859251797199249>
4.1216 seconds
Tested. Sparse categorical accuracy: 100.00

12  rounds run
Average time per round: 4.00

preds
Traceback (most recent call last):
  File "R_tff_main.py", line 28, in <module>
    p1.go(test, batch)
  File "/home/apawlik/federated/R_1_each_client_partially_iid.py", line 208, in go
    self.train(num, batch, 1)
  File "/home/apawlik/federated/R_partitioner.py", line 326, in train
    print(preds)
UnboundLocalError: local variable 'preds' referenced before assignment
