
TENSORFLOW USERS:
You must use the python3.6-anaconda/5.2.0 module to run TensorFlow.
See https://arc-ts.umich.edu/greatlakes/software/tensorflow for more
information.



The following have been reloaded with a version change:
  1) cuda/10.0.130 => cuda/10.1.105


Currently Loaded Modules:
  1) python3.7-anaconda/2019.07   2) cudnn/10.0-v7.6   3) cuda/10.1.105

 

mkdir: cannot create directory ‘results/9786362’: File exists
mkdir: cannot create directory ‘results/9786362/log’: File exists
2020-07-21 00:08:38.418930: E tensorflow/stream_executor/cuda/cuda_driver.cc:313] failed call to cuInit: UNKNOWN ERROR (303)
Test  309
2020-07-21 00:08:37.893294

How often each label is chosen for non-IID data
[30, 16, 14, 22, 25, 18, 20, 26, 15, 14]

Schema 1: Each client partially IID
--------------------------------------------------
percent data distributed IID:  80
number of classes for non-IID data:  2
data points per client (mean, std dev): ( 600 ,  0 )
--------------------------------------------------
round  1, metrics=<sparse_categorical_accuracy=0.19300000369548798,loss=2.257354736328125>
12.5817 seconds
Tested. Sparse categorical accuracy: 73.33

round  2, metrics=<sparse_categorical_accuracy=0.3802500069141388,loss=2.1134912967681885>
9.3322 seconds
Tested. Sparse categorical accuracy: 60.00

round  3, metrics=<sparse_categorical_accuracy=0.6189166903495789,loss=1.3628355264663696>
10.0201 seconds
Tested. Sparse categorical accuracy: 80.00

round  4, metrics=<sparse_categorical_accuracy=0.7701666951179504,loss=0.7651441097259521>
8.8934 seconds
Tested. Sparse categorical accuracy: 86.67

round  5, metrics=<sparse_categorical_accuracy=0.8464999794960022,loss=0.5180610418319702>
10.3606 seconds
Tested. Sparse categorical accuracy: 93.33

round  6, metrics=<sparse_categorical_accuracy=0.9058333039283752,loss=0.3191584348678589>
9.8340 seconds
Tested. Sparse categorical accuracy: 93.33

6  rounds run
Average time per round: 10.00

preds
Traceback (most recent call last):
  File "R_tff_main.py", line 28, in <module>
    p1.go(test, batch)
  File "/home/apawlik/federated/R_1_each_client_partially_iid.py", line 208, in go
    self.train(num, batch, 1)
  File "/home/apawlik/federated/R_partitioner.py", line 326, in train
    print(preds)
UnboundLocalError: local variable 'preds' referenced before assignment
