
TENSORFLOW USERS:
You must use the python3.6-anaconda/5.2.0 module to run TensorFlow.
See https://arc-ts.umich.edu/greatlakes/software/tensorflow for more
information.



The following have been reloaded with a version change:
  1) cuda/10.0.130 => cuda/10.1.105


Currently Loaded Modules:
  1) python3.7-anaconda/2019.07   2) cudnn/10.0-v7.6   3) cuda/10.1.105

 

mkdir: cannot create directory ‘results/9786362’: File exists
mkdir: cannot create directory ‘results/9786362/log’: File exists
2020-07-20 23:45:04.311434: E tensorflow/stream_executor/cuda/cuda_driver.cc:313] failed call to cuInit: UNKNOWN ERROR (303)
Test  94
2020-07-20 23:45:03.810397

How often each label is chosen for non-IID data
[16, 17, 28, 16, 24, 20, 18, 26, 23, 12]

Schema 1: Each client partially IID
--------------------------------------------------
percent data distributed IID:  80
number of classes for non-IID data:  2
data points per client (mean, std dev): ( 600 ,  0 )
--------------------------------------------------
round  1, metrics=<sparse_categorical_accuracy=0.1574166715145111,loss=2.2595553398132324>
12.7286 seconds
Tested. Sparse categorical accuracy: 26.67

round  2, metrics=<sparse_categorical_accuracy=0.28591665625572205,loss=2.148437023162842>
9.1090 seconds
Tested. Sparse categorical accuracy: 60.00

round  3, metrics=<sparse_categorical_accuracy=0.5330833196640015,loss=1.6684802770614624>
9.0644 seconds
Tested. Sparse categorical accuracy: 66.67

round  4, metrics=<sparse_categorical_accuracy=0.7543333172798157,loss=0.8010756969451904>
8.8790 seconds
Tested. Sparse categorical accuracy: 86.67

round  5, metrics=<sparse_categorical_accuracy=0.8355000019073486,loss=0.5278272032737732>
8.5455 seconds
Tested. Sparse categorical accuracy: 100.00

round  6, metrics=<sparse_categorical_accuracy=0.8962500095367432,loss=0.3331059515476227>
8.6697 seconds
Tested. Sparse categorical accuracy: 93.33

6  rounds run
Average time per round: 9.00

preds
Traceback (most recent call last):
  File "R_tff_main.py", line 28, in <module>
    p1.go(test, batch)
  File "/home/apawlik/federated/R_1_each_client_partially_iid.py", line 208, in go
    self.train(num, batch, 1)
  File "/home/apawlik/federated/R_partitioner.py", line 326, in train
    print(preds)
UnboundLocalError: local variable 'preds' referenced before assignment
