
TENSORFLOW USERS:
You must use the python3.6-anaconda/5.2.0 module to run TensorFlow.
See https://arc-ts.umich.edu/greatlakes/software/tensorflow for more
information.



The following have been reloaded with a version change:
  1) cuda/10.0.130 => cuda/10.1.105


Currently Loaded Modules:
  1) python3.7-anaconda/2019.07   2) cudnn/10.0-v7.6   3) cuda/10.1.105

 

mkdir: cannot create directory ‘results/9786362’: File exists
mkdir: cannot create directory ‘results/9786362/log’: File exists
2020-07-21 00:19:44.025961: E tensorflow/stream_executor/cuda/cuda_driver.cc:313] failed call to cuInit: UNKNOWN ERROR (303)
Test  406
2020-07-21 00:19:43.527322

How often each label is chosen for non-IID data
[25, 16, 15, 29, 19, 20, 17, 19, 21, 19]

Schema 1: Each client partially IID
--------------------------------------------------
percent data distributed IID:  80
number of classes for non-IID data:  2
data points per client (mean, std dev): ( 600 ,  0 )
--------------------------------------------------
round  1, metrics=<sparse_categorical_accuracy=0.13433332741260529,loss=2.302375316619873>
4.7281 seconds
Tested. Sparse categorical accuracy: 10.00

round  2, metrics=<sparse_categorical_accuracy=0.10233332961797714,loss=2.2883851528167725>
2.5402 seconds
Tested. Sparse categorical accuracy: 11.67

round  3, metrics=<sparse_categorical_accuracy=0.11566666513681412,loss=2.2825567722320557>
3.0408 seconds
Tested. Sparse categorical accuracy: 21.67

round  4, metrics=<sparse_categorical_accuracy=0.11733333021402359,loss=2.26369571685791>
2.5141 seconds
Tested. Sparse categorical accuracy: 38.33

round  5, metrics=<sparse_categorical_accuracy=0.18700000643730164,loss=2.2120282649993896>
2.9364 seconds
Tested. Sparse categorical accuracy: 56.67

round  6, metrics=<sparse_categorical_accuracy=0.34833332896232605,loss=2.2355797290802>
2.5608 seconds
Tested. Sparse categorical accuracy: 23.33

round  7, metrics=<sparse_categorical_accuracy=0.30399999022483826,loss=2.182971954345703>
2.9271 seconds
Tested. Sparse categorical accuracy: 50.00

round  8, metrics=<sparse_categorical_accuracy=0.3943333327770233,loss=2.1524174213409424>
2.7319 seconds
Tested. Sparse categorical accuracy: 63.33

round  9, metrics=<sparse_categorical_accuracy=0.47866666316986084,loss=1.8852901458740234>
2.8066 seconds
Tested. Sparse categorical accuracy: 68.33

round 10, metrics=<sparse_categorical_accuracy=0.5323333144187927,loss=1.8986953496932983>
2.6636 seconds
Tested. Sparse categorical accuracy: 56.67

round 11, metrics=<sparse_categorical_accuracy=0.5206666588783264,loss=1.5412861108779907>
2.4940 seconds
Tested. Sparse categorical accuracy: 61.67

round 12, metrics=<sparse_categorical_accuracy=0.6416666507720947,loss=1.3592525720596313>
3.0009 seconds
Tested. Sparse categorical accuracy: 61.67

round 13, metrics=<sparse_categorical_accuracy=0.690666675567627,loss=1.0740422010421753>
2.4519 seconds
Tested. Sparse categorical accuracy: 73.33

round 14, metrics=<sparse_categorical_accuracy=0.6543333530426025,loss=1.483986496925354>
2.7610 seconds
Tested. Sparse categorical accuracy: 73.33

round 15, metrics=<sparse_categorical_accuracy=0.7239999771118164,loss=1.0625320672988892>
2.8375 seconds
Tested. Sparse categorical accuracy: 83.33

round 16, metrics=<sparse_categorical_accuracy=0.7543333172798157,loss=0.8080929517745972>
2.5942 seconds
Tested. Sparse categorical accuracy: 85.00

round 17, metrics=<sparse_categorical_accuracy=0.8296666741371155,loss=0.5889548063278198>
3.0729 seconds
Tested. Sparse categorical accuracy: 85.00

round 18, metrics=<sparse_categorical_accuracy=0.7680000066757202,loss=0.8856051564216614>
2.6645 seconds
Tested. Sparse categorical accuracy: 78.33

round 19, metrics=<sparse_categorical_accuracy=0.8616666793823242,loss=0.4987797737121582>
2.5957 seconds
Tested. Sparse categorical accuracy: 93.33

round 20, metrics=<sparse_categorical_accuracy=0.8676666617393494,loss=0.4734516143798828>
2.7756 seconds
Tested. Sparse categorical accuracy: 100.00

round 21, metrics=<sparse_categorical_accuracy=0.9096666574478149,loss=0.32830673456192017>
2.4317 seconds
Tested. Sparse categorical accuracy: 96.67

round 22, metrics=<sparse_categorical_accuracy=0.9023333191871643,loss=0.30940479040145874>
2.6230 seconds
Tested. Sparse categorical accuracy: 88.33

round 23, metrics=<sparse_categorical_accuracy=0.9173333048820496,loss=0.26643285155296326>
2.9892 seconds
Tested. Sparse categorical accuracy: 93.33

round 24, metrics=<sparse_categorical_accuracy=0.909333348274231,loss=0.29140225052833557>
2.4938 seconds
Tested. Sparse categorical accuracy: 96.67

24  rounds run
Average time per round: 2.00

preds
Traceback (most recent call last):
  File "R_tff_main.py", line 28, in <module>
    p1.go(test, batch)
  File "/home/apawlik/federated/R_1_each_client_partially_iid.py", line 208, in go
    self.train(num, batch, 1)
  File "/home/apawlik/federated/R_partitioner.py", line 326, in train
    print(preds)
UnboundLocalError: local variable 'preds' referenced before assignment
