
TENSORFLOW USERS:
You must use the python3.6-anaconda/5.2.0 module to run TensorFlow.
See https://arc-ts.umich.edu/greatlakes/software/tensorflow for more
information.



The following have been reloaded with a version change:
  1) cuda/10.0.130 => cuda/10.1.105


Currently Loaded Modules:
  1) python3.7-anaconda/2019.07   2) cudnn/10.0-v7.6   3) cuda/10.1.105

 

mkdir: cannot create directory ‘results/9786362’: File exists
mkdir: cannot create directory ‘results/9786362/log’: File exists
2020-07-21 00:24:27.055358: E tensorflow/stream_executor/cuda/cuda_driver.cc:313] failed call to cuInit: UNKNOWN ERROR (303)
Test  448
2020-07-21 00:24:26.548310

How often each label is chosen for non-IID data
[22, 25, 23, 19, 17, 14, 19, 24, 16, 21]

Schema 1: Each client partially IID
--------------------------------------------------
percent data distributed IID:  80
number of classes for non-IID data:  2
data points per client (mean, std dev): ( 600 ,  0 )
--------------------------------------------------
round  1, metrics=<sparse_categorical_accuracy=0.18888889253139496,loss=2.2635223865509033>
10.1823 seconds
Tested. Sparse categorical accuracy: 30.00

round  2, metrics=<sparse_categorical_accuracy=0.2826666533946991,loss=2.262983560562134>
7.1091 seconds
Tested. Sparse categorical accuracy: 35.00

round  3, metrics=<sparse_categorical_accuracy=0.35555556416511536,loss=2.1009531021118164>
6.9519 seconds
Tested. Sparse categorical accuracy: 55.00

round  4, metrics=<sparse_categorical_accuracy=0.5132222175598145,loss=1.6608670949935913>
6.9514 seconds
Tested. Sparse categorical accuracy: 75.00

round  5, metrics=<sparse_categorical_accuracy=0.7092221975326538,loss=0.9929213523864746>
6.7972 seconds
Tested. Sparse categorical accuracy: 85.00

round  6, metrics=<sparse_categorical_accuracy=0.8122222423553467,loss=0.6471306085586548>
7.4670 seconds
Tested. Sparse categorical accuracy: 100.00

round  7, metrics=<sparse_categorical_accuracy=0.8641111254692078,loss=0.43711045384407043>
6.7463 seconds
Tested. Sparse categorical accuracy: 95.00

round  8, metrics=<sparse_categorical_accuracy=0.8880000114440918,loss=0.3918623924255371>
7.0601 seconds
Tested. Sparse categorical accuracy: 100.00

8  rounds run
Average time per round: 7.00

preds
Traceback (most recent call last):
  File "R_tff_main.py", line 28, in <module>
    p1.go(test, batch)
  File "/home/apawlik/federated/R_1_each_client_partially_iid.py", line 208, in go
    self.train(num, batch, 1)
  File "/home/apawlik/federated/R_partitioner.py", line 326, in train
    print(preds)
UnboundLocalError: local variable 'preds' referenced before assignment
