
TENSORFLOW USERS:
You must use the python3.6-anaconda/5.2.0 module to run TensorFlow.
See https://arc-ts.umich.edu/greatlakes/software/tensorflow for more
information.



The following have been reloaded with a version change:
  1) cuda/10.0.130 => cuda/10.1.105


Currently Loaded Modules:
  1) python3.7-anaconda/2019.07   2) cudnn/10.0-v7.6   3) cuda/10.1.105

 

mkdir: cannot create directory ‘results/9786362’: File exists
mkdir: cannot create directory ‘results/9786362/log’: File exists
2020-07-21 00:18:47.787193: E tensorflow/stream_executor/cuda/cuda_driver.cc:313] failed call to cuInit: UNKNOWN ERROR (303)
Test  397
2020-07-21 00:18:47.305281

How often each label is chosen for non-IID data
[19, 16, 18, 28, 20, 19, 20, 21, 16, 23]

Schema 1: Each client partially IID
--------------------------------------------------
percent data distributed IID:  80
number of classes for non-IID data:  2
data points per client (mean, std dev): ( 600 ,  0 )
--------------------------------------------------
round  1, metrics=<sparse_categorical_accuracy=0.1511666625738144,loss=2.2812821865081787>
5.7780 seconds
Tested. Sparse categorical accuracy: 16.67

round  2, metrics=<sparse_categorical_accuracy=0.17483332753181458,loss=2.2634403705596924>
4.2923 seconds
Tested. Sparse categorical accuracy: 36.67

round  3, metrics=<sparse_categorical_accuracy=0.31933334469795227,loss=2.1664326190948486>
4.2302 seconds
Tested. Sparse categorical accuracy: 66.67

round  4, metrics=<sparse_categorical_accuracy=0.3736666738986969,loss=2.2484235763549805>
4.2350 seconds
Tested. Sparse categorical accuracy: 6.67

round  5, metrics=<sparse_categorical_accuracy=0.3176666796207428,loss=2.138686418533325>
4.0561 seconds
Tested. Sparse categorical accuracy: 30.00

round  6, metrics=<sparse_categorical_accuracy=0.49183332920074463,loss=1.8983453512191772>
4.4025 seconds
Tested. Sparse categorical accuracy: 36.67

round  7, metrics=<sparse_categorical_accuracy=0.5590000152587891,loss=1.5588072538375854>
4.2528 seconds
Tested. Sparse categorical accuracy: 53.33

round  8, metrics=<sparse_categorical_accuracy=0.7231666445732117,loss=0.9114710092544556>
4.0386 seconds
Tested. Sparse categorical accuracy: 93.33

round  9, metrics=<sparse_categorical_accuracy=0.7911666631698608,loss=0.7218368053436279>
4.1227 seconds
Tested. Sparse categorical accuracy: 93.33

round 10, metrics=<sparse_categorical_accuracy=0.8616666793823242,loss=0.4771833121776581>
4.2535 seconds
Tested. Sparse categorical accuracy: 76.67

round 11, metrics=<sparse_categorical_accuracy=0.8706666827201843,loss=0.44486406445503235>
3.9118 seconds
Tested. Sparse categorical accuracy: 93.33

round 12, metrics=<sparse_categorical_accuracy=0.9068333506584167,loss=0.302561491727829>
4.0190 seconds
Tested. Sparse categorical accuracy: 86.67

12  rounds run
Average time per round: 4.00

preds
Traceback (most recent call last):
  File "R_tff_main.py", line 28, in <module>
    p1.go(test, batch)
  File "/home/apawlik/federated/R_1_each_client_partially_iid.py", line 208, in go
    self.train(num, batch, 1)
  File "/home/apawlik/federated/R_partitioner.py", line 326, in train
    print(preds)
UnboundLocalError: local variable 'preds' referenced before assignment
