
TENSORFLOW USERS:
You must use the python3.6-anaconda/5.2.0 module to run TensorFlow.
See https://arc-ts.umich.edu/greatlakes/software/tensorflow for more
information.



The following have been reloaded with a version change:
  1) cuda/10.0.130 => cuda/10.1.105


Currently Loaded Modules:
  1) python3.7-anaconda/2019.07   2) cudnn/10.0-v7.6   3) cuda/10.1.105

 

mkdir: cannot create directory ‘results/9786362’: File exists
mkdir: cannot create directory ‘results/9786362/log’: File exists
2020-07-20 23:52:31.783569: E tensorflow/stream_executor/cuda/cuda_driver.cc:313] failed call to cuInit: UNKNOWN ERROR (303)
Test  162
2020-07-20 23:52:31.267944

How often each label is chosen for non-IID data
[16, 17, 21, 27, 24, 17, 21, 18, 19, 20]

Schema 1: Each client partially IID
--------------------------------------------------
percent data distributed IID:  80
number of classes for non-IID data:  2
data points per client (mean, std dev): ( 600 ,  0 )
--------------------------------------------------
round  1, metrics=<sparse_categorical_accuracy=0.16249999403953552,loss=2.2826316356658936>
5.7885 seconds
Tested. Sparse categorical accuracy: 6.67

round  2, metrics=<sparse_categorical_accuracy=0.2004999965429306,loss=2.2400457859039307>
4.4890 seconds
Tested. Sparse categorical accuracy: 53.33

round  3, metrics=<sparse_categorical_accuracy=0.3331666588783264,loss=2.2150611877441406>
4.4066 seconds
Tested. Sparse categorical accuracy: 36.67

round  4, metrics=<sparse_categorical_accuracy=0.3851666748523712,loss=2.121354818344116>
4.2666 seconds
Tested. Sparse categorical accuracy: 56.67

round  5, metrics=<sparse_categorical_accuracy=0.4871666729450226,loss=1.7628886699676514>
4.3874 seconds
Tested. Sparse categorical accuracy: 73.33

round  6, metrics=<sparse_categorical_accuracy=0.640999972820282,loss=1.2658474445343018>
4.2161 seconds
Tested. Sparse categorical accuracy: 73.33

round  7, metrics=<sparse_categorical_accuracy=0.7543333172798157,loss=0.8255693316459656>
4.0616 seconds
Tested. Sparse categorical accuracy: 90.00

round  8, metrics=<sparse_categorical_accuracy=0.8053333163261414,loss=0.6462762355804443>
4.2431 seconds
Tested. Sparse categorical accuracy: 93.33

round  9, metrics=<sparse_categorical_accuracy=0.8628333210945129,loss=0.46893590688705444>
4.3975 seconds
Tested. Sparse categorical accuracy: 100.00

round 10, metrics=<sparse_categorical_accuracy=0.887666642665863,loss=0.3861258029937744>
4.3595 seconds
Tested. Sparse categorical accuracy: 96.67

round 11, metrics=<sparse_categorical_accuracy=0.8958333134651184,loss=0.34579142928123474>
3.9253 seconds
Tested. Sparse categorical accuracy: 96.67

round 12, metrics=<sparse_categorical_accuracy=0.9125000238418579,loss=0.2816084921360016>
4.2819 seconds
Tested. Sparse categorical accuracy: 90.00

12  rounds run
Average time per round: 4.00

preds
Traceback (most recent call last):
  File "R_tff_main.py", line 28, in <module>
    p1.go(test, batch)
  File "/home/apawlik/federated/R_1_each_client_partially_iid.py", line 208, in go
    self.train(num, batch, 1)
  File "/home/apawlik/federated/R_partitioner.py", line 326, in train
    print(preds)
UnboundLocalError: local variable 'preds' referenced before assignment
