
TENSORFLOW USERS:
You must use the python3.6-anaconda/5.2.0 module to run TensorFlow.
See https://arc-ts.umich.edu/greatlakes/software/tensorflow for more
information.



The following have been reloaded with a version change:
  1) cuda/10.0.130 => cuda/10.1.105


Currently Loaded Modules:
  1) python3.7-anaconda/2019.07   2) cudnn/10.0-v7.6   3) cuda/10.1.105

 

mkdir: cannot create directory ‘results/9786362’: File exists
mkdir: cannot create directory ‘results/9786362/log’: File exists
2020-07-20 23:42:28.401685: E tensorflow/stream_executor/cuda/cuda_driver.cc:313] failed call to cuInit: UNKNOWN ERROR (303)
Test  71
2020-07-20 23:42:27.842168

How often each label is chosen for non-IID data
[24, 22, 21, 13, 17, 25, 19, 16, 23, 20]

Schema 1: Each client partially IID
--------------------------------------------------
percent data distributed IID:  80
number of classes for non-IID data:  2
data points per client (mean, std dev): ( 600 ,  0 )
--------------------------------------------------
round  1, metrics=<sparse_categorical_accuracy=0.14033333957195282,loss=2.3003368377685547>
5.6374 seconds
Tested. Sparse categorical accuracy: 8.33

round  2, metrics=<sparse_categorical_accuracy=0.13300000131130219,loss=2.291956663131714>
3.9763 seconds
Tested. Sparse categorical accuracy: 8.33

round  3, metrics=<sparse_categorical_accuracy=0.1106666699051857,loss=2.285700559616089>
4.2734 seconds
Tested. Sparse categorical accuracy: 15.00

round  4, metrics=<sparse_categorical_accuracy=0.12999999523162842,loss=2.262345790863037>
3.6798 seconds
Tested. Sparse categorical accuracy: 16.67

round  5, metrics=<sparse_categorical_accuracy=0.23399999737739563,loss=2.218026638031006>
3.9574 seconds
Tested. Sparse categorical accuracy: 26.67

round  6, metrics=<sparse_categorical_accuracy=0.3096666634082794,loss=2.2014012336730957>
4.0232 seconds
Tested. Sparse categorical accuracy: 58.33

round  7, metrics=<sparse_categorical_accuracy=0.40966665744781494,loss=2.1105194091796875>
4.0436 seconds
Tested. Sparse categorical accuracy: 61.67

round  8, metrics=<sparse_categorical_accuracy=0.503000020980835,loss=2.1765761375427246>
3.8282 seconds
Tested. Sparse categorical accuracy: 36.67

round  9, metrics=<sparse_categorical_accuracy=0.4620000123977661,loss=1.94115149974823>
4.0524 seconds
Tested. Sparse categorical accuracy: 63.33

round 10, metrics=<sparse_categorical_accuracy=0.5373333096504211,loss=1.9195237159729004>
3.5884 seconds
Tested. Sparse categorical accuracy: 71.67

round 11, metrics=<sparse_categorical_accuracy=0.5763333439826965,loss=1.5990430116653442>
4.0731 seconds
Tested. Sparse categorical accuracy: 73.33

round 12, metrics=<sparse_categorical_accuracy=0.6460000276565552,loss=1.2954397201538086>
3.6798 seconds
Tested. Sparse categorical accuracy: 50.00

round 13, metrics=<sparse_categorical_accuracy=0.6933333277702332,loss=0.9750390648841858>
3.7275 seconds
Tested. Sparse categorical accuracy: 63.33

round 14, metrics=<sparse_categorical_accuracy=0.75,loss=0.8164926767349243>
4.0026 seconds
Tested. Sparse categorical accuracy: 81.67

round 15, metrics=<sparse_categorical_accuracy=0.781333327293396,loss=0.7842985987663269>
3.7128 seconds
Tested. Sparse categorical accuracy: 86.67

round 16, metrics=<sparse_categorical_accuracy=0.8333333134651184,loss=0.5512615442276001>
4.0846 seconds
Tested. Sparse categorical accuracy: 85.00

round 17, metrics=<sparse_categorical_accuracy=0.8600000143051147,loss=0.4974654018878937>
3.8419 seconds
Tested. Sparse categorical accuracy: 88.33

round 18, metrics=<sparse_categorical_accuracy=0.874666690826416,loss=0.41132986545562744>
3.6370 seconds
Tested. Sparse categorical accuracy: 83.33

round 19, metrics=<sparse_categorical_accuracy=0.8730000257492065,loss=0.45574963092803955>
3.9705 seconds
Tested. Sparse categorical accuracy: 96.67

round 20, metrics=<sparse_categorical_accuracy=0.8939999938011169,loss=0.3544016480445862>
3.6809 seconds
Tested. Sparse categorical accuracy: 95.00

round 21, metrics=<sparse_categorical_accuracy=0.8846666812896729,loss=0.3882916271686554>
3.8485 seconds
Tested. Sparse categorical accuracy: 93.33

round 22, metrics=<sparse_categorical_accuracy=0.9083333611488342,loss=0.31674543023109436>
4.0848 seconds
Tested. Sparse categorical accuracy: 100.00

round 23, metrics=<sparse_categorical_accuracy=0.9169999957084656,loss=0.27800747752189636>
3.8710 seconds
Tested. Sparse categorical accuracy: 88.33

round 24, metrics=<sparse_categorical_accuracy=0.9070000052452087,loss=0.3010078966617584>
3.6695 seconds
Tested. Sparse categorical accuracy: 95.00

24  rounds run
Average time per round: 3.00

preds
Traceback (most recent call last):
  File "R_tff_main.py", line 28, in <module>
    p1.go(test, batch)
  File "/home/apawlik/federated/R_1_each_client_partially_iid.py", line 208, in go
    self.train(num, batch, 1)
  File "/home/apawlik/federated/R_partitioner.py", line 326, in train
    print(preds)
UnboundLocalError: local variable 'preds' referenced before assignment
