
TENSORFLOW USERS:
You must use the python3.6-anaconda/5.2.0 module to run TensorFlow.
See https://arc-ts.umich.edu/greatlakes/software/tensorflow for more
information.



The following have been reloaded with a version change:
  1) cuda/10.0.130 => cuda/10.1.105


Currently Loaded Modules:
  1) python3.7-anaconda/2019.07   2) cudnn/10.0-v7.6   3) cuda/10.1.105

 

mkdir: cannot create directory ‘results/9786362’: File exists
mkdir: cannot create directory ‘results/9786362/log’: File exists
2020-07-20 23:36:17.378623: E tensorflow/stream_executor/cuda/cuda_driver.cc:313] failed call to cuInit: UNKNOWN ERROR (303)
Test  16
2020-07-20 23:36:16.892367

How often each label is chosen for non-IID data
[20, 19, 13, 24, 17, 24, 18, 22, 25, 18]

Schema 1: Each client partially IID
--------------------------------------------------
percent data distributed IID:  80
number of classes for non-IID data:  2
data points per client (mean, std dev): ( 600 ,  0 )
--------------------------------------------------
round  1, metrics=<sparse_categorical_accuracy=0.07633333653211594,loss=2.304274320602417>
3.1782 seconds
Tested. Sparse categorical accuracy: 28.33

round  2, metrics=<sparse_categorical_accuracy=0.1340000033378601,loss=2.2970287799835205>
2.3914 seconds
Tested. Sparse categorical accuracy: 20.00

round  3, metrics=<sparse_categorical_accuracy=0.13566666841506958,loss=2.2838542461395264>
2.3137 seconds
Tested. Sparse categorical accuracy: 28.33

round  4, metrics=<sparse_categorical_accuracy=0.12966667115688324,loss=2.2613329887390137>
2.3399 seconds
Tested. Sparse categorical accuracy: 48.33

round  5, metrics=<sparse_categorical_accuracy=0.22033333778381348,loss=2.198019027709961>
2.5761 seconds
Tested. Sparse categorical accuracy: 53.33

round  6, metrics=<sparse_categorical_accuracy=0.367000013589859,loss=2.2623422145843506>
2.3971 seconds
Tested. Sparse categorical accuracy: 21.67

round  7, metrics=<sparse_categorical_accuracy=0.23233333230018616,loss=2.1466360092163086>
2.5195 seconds
Tested. Sparse categorical accuracy: 26.67

round  8, metrics=<sparse_categorical_accuracy=0.47966668009757996,loss=2.221372127532959>
2.3463 seconds
Tested. Sparse categorical accuracy: 41.67

round  9, metrics=<sparse_categorical_accuracy=0.3843333423137665,loss=2.0182509422302246>
2.4200 seconds
Tested. Sparse categorical accuracy: 36.67

round 10, metrics=<sparse_categorical_accuracy=0.5166666507720947,loss=1.8497192859649658>
2.2567 seconds
Tested. Sparse categorical accuracy: 53.33

round 11, metrics=<sparse_categorical_accuracy=0.5049999952316284,loss=1.5431206226348877>
2.2708 seconds
Tested. Sparse categorical accuracy: 68.33

round 12, metrics=<sparse_categorical_accuracy=0.6133333444595337,loss=1.275661587715149>
2.3573 seconds
Tested. Sparse categorical accuracy: 58.33

round 13, metrics=<sparse_categorical_accuracy=0.6943333148956299,loss=1.0205236673355103>
2.2145 seconds
Tested. Sparse categorical accuracy: 80.00

round 14, metrics=<sparse_categorical_accuracy=0.7543333172798157,loss=0.8761397004127502>
2.3043 seconds
Tested. Sparse categorical accuracy: 75.00

round 15, metrics=<sparse_categorical_accuracy=0.7509999871253967,loss=0.8036767840385437>
2.2684 seconds
Tested. Sparse categorical accuracy: 83.33

round 16, metrics=<sparse_categorical_accuracy=0.8289999961853027,loss=0.5956132411956787>
2.1766 seconds
Tested. Sparse categorical accuracy: 88.33

round 17, metrics=<sparse_categorical_accuracy=0.8363333344459534,loss=0.5494594573974609>
2.4672 seconds
Tested. Sparse categorical accuracy: 88.33

round 18, metrics=<sparse_categorical_accuracy=0.878000020980835,loss=0.453337162733078>
2.1015 seconds
Tested. Sparse categorical accuracy: 93.33

round 19, metrics=<sparse_categorical_accuracy=0.890999972820282,loss=0.3703483045101166>
2.2650 seconds
Tested. Sparse categorical accuracy: 86.67

round 20, metrics=<sparse_categorical_accuracy=0.9036666750907898,loss=0.32743674516677856>
2.4952 seconds
Tested. Sparse categorical accuracy: 93.33

round 21, metrics=<sparse_categorical_accuracy=0.8880000114440918,loss=0.3488883078098297>
2.1942 seconds
Tested. Sparse categorical accuracy: 95.00

round 22, metrics=<sparse_categorical_accuracy=0.9263333082199097,loss=0.25973978638648987>
2.0901 seconds
Tested. Sparse categorical accuracy: 91.67

round 23, metrics=<sparse_categorical_accuracy=0.9233333468437195,loss=0.25011003017425537>
2.6030 seconds
Tested. Sparse categorical accuracy: 100.00

round 24, metrics=<sparse_categorical_accuracy=0.9169999957084656,loss=0.2614894509315491>
2.1421 seconds
Tested. Sparse categorical accuracy: 90.00

24  rounds run
Average time per round: 2.00

preds
Traceback (most recent call last):
  File "R_tff_main.py", line 28, in <module>
    p1.go(test, batch)
  File "/home/apawlik/federated/R_1_each_client_partially_iid.py", line 208, in go
    self.train(num, batch, 1)
  File "/home/apawlik/federated/R_partitioner.py", line 326, in train
    print(preds)
UnboundLocalError: local variable 'preds' referenced before assignment
