
TENSORFLOW USERS:
You must use the python3.6-anaconda/5.2.0 module to run TensorFlow.
See https://arc-ts.umich.edu/greatlakes/software/tensorflow for more
information.



The following have been reloaded with a version change:
  1) cuda/10.0.130 => cuda/10.1.105


Currently Loaded Modules:
  1) python3.7-anaconda/2019.07   2) cudnn/10.0-v7.6   3) cuda/10.1.105

 

mkdir: cannot create directory ‘results/9786362’: File exists
mkdir: cannot create directory ‘results/9786362/log’: File exists
2020-07-20 23:51:23.468794: E tensorflow/stream_executor/cuda/cuda_driver.cc:313] failed call to cuInit: UNKNOWN ERROR (303)
Test  151
2020-07-20 23:51:22.949799

How often each label is chosen for non-IID data
[20, 16, 24, 26, 20, 19, 15, 18, 20, 22]

Schema 1: Each client partially IID
--------------------------------------------------
percent data distributed IID:  80
number of classes for non-IID data:  2
data points per client (mean, std dev): ( 600 ,  0 )
--------------------------------------------------
round  1, metrics=<sparse_categorical_accuracy=0.08900000154972076,loss=2.3011391162872314>
3.0101 seconds
Tested. Sparse categorical accuracy: 20.00

round  2, metrics=<sparse_categorical_accuracy=0.14499999582767487,loss=2.292719841003418>
2.2495 seconds
Tested. Sparse categorical accuracy: 16.67

round  3, metrics=<sparse_categorical_accuracy=0.14633333683013916,loss=2.2825589179992676>
2.4029 seconds
Tested. Sparse categorical accuracy: 16.67

round  4, metrics=<sparse_categorical_accuracy=0.15399999916553497,loss=2.254023551940918>
2.1483 seconds
Tested. Sparse categorical accuracy: 8.33

round  5, metrics=<sparse_categorical_accuracy=0.10633333027362823,loss=2.212264060974121>
2.2381 seconds
Tested. Sparse categorical accuracy: 18.33

round  6, metrics=<sparse_categorical_accuracy=0.3226666748523712,loss=2.2406914234161377>
2.0986 seconds
Tested. Sparse categorical accuracy: 50.00

round  7, metrics=<sparse_categorical_accuracy=0.37599998712539673,loss=2.121568441390991>
2.2374 seconds
Tested. Sparse categorical accuracy: 51.67

round  8, metrics=<sparse_categorical_accuracy=0.5363333225250244,loss=2.1544182300567627>
2.1511 seconds
Tested. Sparse categorical accuracy: 43.33

round  9, metrics=<sparse_categorical_accuracy=0.4386666715145111,loss=1.9767247438430786>
2.2102 seconds
Tested. Sparse categorical accuracy: 75.00

round 10, metrics=<sparse_categorical_accuracy=0.593999981880188,loss=1.7617814540863037>
2.0828 seconds
Tested. Sparse categorical accuracy: 70.00

round 11, metrics=<sparse_categorical_accuracy=0.687333345413208,loss=1.3101990222930908>
2.2349 seconds
Tested. Sparse categorical accuracy: 81.67

round 12, metrics=<sparse_categorical_accuracy=0.7213333249092102,loss=1.039040207862854>
2.0565 seconds
Tested. Sparse categorical accuracy: 95.00

round 13, metrics=<sparse_categorical_accuracy=0.7459999918937683,loss=1.0244684219360352>
2.0792 seconds
Tested. Sparse categorical accuracy: 75.00

round 14, metrics=<sparse_categorical_accuracy=0.7590000033378601,loss=0.8102884292602539>
2.1483 seconds
Tested. Sparse categorical accuracy: 80.00

round 15, metrics=<sparse_categorical_accuracy=0.8453333377838135,loss=0.5149314999580383>
2.0824 seconds
Tested. Sparse categorical accuracy: 98.33

round 16, metrics=<sparse_categorical_accuracy=0.8036666512489319,loss=0.7249284386634827>
2.2250 seconds
Tested. Sparse categorical accuracy: 95.00

round 17, metrics=<sparse_categorical_accuracy=0.8536666631698608,loss=0.4951116144657135>
2.0605 seconds
Tested. Sparse categorical accuracy: 93.33

round 18, metrics=<sparse_categorical_accuracy=0.8920000195503235,loss=0.37094664573669434>
2.0862 seconds
Tested. Sparse categorical accuracy: 100.00

round 19, metrics=<sparse_categorical_accuracy=0.8893333077430725,loss=0.3794104754924774>
2.1893 seconds
Tested. Sparse categorical accuracy: 91.67

round 20, metrics=<sparse_categorical_accuracy=0.9233333468437195,loss=0.2856098711490631>
2.1208 seconds
Tested. Sparse categorical accuracy: 100.00

round 21, metrics=<sparse_categorical_accuracy=0.8513333201408386,loss=0.5282611846923828>
2.2430 seconds
Tested. Sparse categorical accuracy: 86.67

round 22, metrics=<sparse_categorical_accuracy=0.9053333401679993,loss=0.3090076446533203>
2.1111 seconds
Tested. Sparse categorical accuracy: 90.00

round 23, metrics=<sparse_categorical_accuracy=0.9160000085830688,loss=0.26423385739326477>
2.1137 seconds
Tested. Sparse categorical accuracy: 86.67

round 24, metrics=<sparse_categorical_accuracy=0.9313333630561829,loss=0.22416652739048004>
2.1875 seconds
Tested. Sparse categorical accuracy: 86.67

24  rounds run
Average time per round: 2.00

preds
Traceback (most recent call last):
  File "R_tff_main.py", line 28, in <module>
    p1.go(test, batch)
  File "/home/apawlik/federated/R_1_each_client_partially_iid.py", line 208, in go
    self.train(num, batch, 1)
  File "/home/apawlik/federated/R_partitioner.py", line 326, in train
    print(preds)
UnboundLocalError: local variable 'preds' referenced before assignment
