
TENSORFLOW USERS:
You must use the python3.6-anaconda/5.2.0 module to run TensorFlow.
See https://arc-ts.umich.edu/greatlakes/software/tensorflow for more
information.



The following have been reloaded with a version change:
  1) cuda/10.0.130 => cuda/10.1.105


Currently Loaded Modules:
  1) python3.7-anaconda/2019.07   2) cudnn/10.0-v7.6   3) cuda/10.1.105

 

mkdir: cannot create directory ‘results/9786362’: File exists
mkdir: cannot create directory ‘results/9786362/log’: File exists
2020-07-20 23:55:22.588042: E tensorflow/stream_executor/cuda/cuda_driver.cc:313] failed call to cuInit: UNKNOWN ERROR (303)
Test  188
2020-07-20 23:55:22.062261

How often each label is chosen for non-IID data
[23, 16, 30, 20, 15, 22, 8, 20, 24, 22]

Schema 1: Each client partially IID
--------------------------------------------------
percent data distributed IID:  80
number of classes for non-IID data:  2
data points per client (mean, std dev): ( 600 ,  0 )
--------------------------------------------------
round  1, metrics=<sparse_categorical_accuracy=0.19077777862548828,loss=2.2574663162231445>
9.2090 seconds
Tested. Sparse categorical accuracy: 15.00

round  2, metrics=<sparse_categorical_accuracy=0.28288888931274414,loss=2.1913652420043945>
6.4173 seconds
Tested. Sparse categorical accuracy: 40.00

round  3, metrics=<sparse_categorical_accuracy=0.4368889033794403,loss=2.0166494846343994>
7.0283 seconds
Tested. Sparse categorical accuracy: 65.00

round  4, metrics=<sparse_categorical_accuracy=0.5631111264228821,loss=1.5407301187515259>
7.2560 seconds
Tested. Sparse categorical accuracy: 90.00

round  5, metrics=<sparse_categorical_accuracy=0.745555579662323,loss=0.8317674398422241>
6.7893 seconds
Tested. Sparse categorical accuracy: 95.00

round  6, metrics=<sparse_categorical_accuracy=0.8302222490310669,loss=0.5825079679489136>
6.8789 seconds
Tested. Sparse categorical accuracy: 95.00

round  7, metrics=<sparse_categorical_accuracy=0.8812222480773926,loss=0.4112125635147095>
6.8904 seconds
Tested. Sparse categorical accuracy: 80.00

round  8, metrics=<sparse_categorical_accuracy=0.9014444351196289,loss=0.34069496393203735>
7.0063 seconds
Tested. Sparse categorical accuracy: 90.00

8  rounds run
Average time per round: 7.00

preds
Traceback (most recent call last):
  File "R_tff_main.py", line 28, in <module>
    p1.go(test, batch)
  File "/home/apawlik/federated/R_1_each_client_partially_iid.py", line 208, in go
    self.train(num, batch, 1)
  File "/home/apawlik/federated/R_partitioner.py", line 326, in train
    print(preds)
UnboundLocalError: local variable 'preds' referenced before assignment
