
TENSORFLOW USERS:
You must use the python3.6-anaconda/5.2.0 module to run TensorFlow.
See https://arc-ts.umich.edu/greatlakes/software/tensorflow for more
information.



The following have been reloaded with a version change:
  1) cuda/10.0.130 => cuda/10.1.105


Currently Loaded Modules:
  1) python3.7-anaconda/2019.07   2) cudnn/10.0-v7.6   3) cuda/10.1.105

 

mkdir: cannot create directory ‘results/9786362’: File exists
mkdir: cannot create directory ‘results/9786362/log’: File exists
2020-07-21 00:07:59.774434: E tensorflow/stream_executor/cuda/cuda_driver.cc:313] failed call to cuInit: UNKNOWN ERROR (303)
Test  302
2020-07-21 00:07:59.236030

How often each label is chosen for non-IID data
[18, 13, 15, 22, 21, 18, 28, 22, 23, 20]

Schema 1: Each client partially IID
--------------------------------------------------
percent data distributed IID:  80
number of classes for non-IID data:  2
data points per client (mean, std dev): ( 600 ,  0 )
--------------------------------------------------
round  1, metrics=<sparse_categorical_accuracy=0.1340000033378601,loss=2.2860658168792725>
6.2478 seconds
Tested. Sparse categorical accuracy: 10.00

round  2, metrics=<sparse_categorical_accuracy=0.17483332753181458,loss=2.238837242126465>
4.6248 seconds
Tested. Sparse categorical accuracy: 40.00

round  3, metrics=<sparse_categorical_accuracy=0.3373333215713501,loss=2.161942958831787>
4.4025 seconds
Tested. Sparse categorical accuracy: 53.33

round  4, metrics=<sparse_categorical_accuracy=0.43433332443237305,loss=2.081364154815674>
4.5431 seconds
Tested. Sparse categorical accuracy: 63.33

round  5, metrics=<sparse_categorical_accuracy=0.5273333191871643,loss=1.7630046606063843>
4.4682 seconds
Tested. Sparse categorical accuracy: 60.00

round  6, metrics=<sparse_categorical_accuracy=0.6653333306312561,loss=1.152666449546814>
4.5847 seconds
Tested. Sparse categorical accuracy: 73.33

round  7, metrics=<sparse_categorical_accuracy=0.7695000171661377,loss=0.7837281823158264>
4.4995 seconds
Tested. Sparse categorical accuracy: 86.67

round  8, metrics=<sparse_categorical_accuracy=0.8445000052452087,loss=0.5325096249580383>
4.2724 seconds
Tested. Sparse categorical accuracy: 93.33

round  9, metrics=<sparse_categorical_accuracy=0.8736666440963745,loss=0.42621731758117676>
4.4354 seconds
Tested. Sparse categorical accuracy: 86.67

round 10, metrics=<sparse_categorical_accuracy=0.8571666479110718,loss=0.4844832420349121>
4.5939 seconds
Tested. Sparse categorical accuracy: 93.33

round 11, metrics=<sparse_categorical_accuracy=0.8871666789054871,loss=0.393047034740448>
4.2478 seconds
Tested. Sparse categorical accuracy: 93.33

round 12, metrics=<sparse_categorical_accuracy=0.9151666760444641,loss=0.28130921721458435>
4.4390 seconds
Tested. Sparse categorical accuracy: 93.33

12  rounds run
Average time per round: 4.00

preds
Traceback (most recent call last):
  File "R_tff_main.py", line 28, in <module>
    p1.go(test, batch)
  File "/home/apawlik/federated/R_1_each_client_partially_iid.py", line 208, in go
    self.train(num, batch, 1)
  File "/home/apawlik/federated/R_partitioner.py", line 326, in train
    print(preds)
UnboundLocalError: local variable 'preds' referenced before assignment
