
TENSORFLOW USERS:
You must use the python3.6-anaconda/5.2.0 module to run TensorFlow.
See https://arc-ts.umich.edu/greatlakes/software/tensorflow for more
information.



The following have been reloaded with a version change:
  1) cuda/10.0.130 => cuda/10.1.105


Currently Loaded Modules:
  1) python3.7-anaconda/2019.07   2) cudnn/10.0-v7.6   3) cuda/10.1.105

 

mkdir: cannot create directory ‘results/9786362’: File exists
mkdir: cannot create directory ‘results/9786362/log’: File exists
2020-07-20 23:47:26.807277: E tensorflow/stream_executor/cuda/cuda_driver.cc:313] failed call to cuInit: UNKNOWN ERROR (303)
Test  116
2020-07-20 23:47:26.305509

How often each label is chosen for non-IID data
[20, 25, 18, 18, 23, 15, 20, 18, 18, 25]

Schema 1: Each client partially IID
--------------------------------------------------
percent data distributed IID:  80
number of classes for non-IID data:  2
data points per client (mean, std dev): ( 600 ,  0 )
--------------------------------------------------
round  1, metrics=<sparse_categorical_accuracy=0.1236666664481163,loss=2.300529718399048>
2.9496 seconds
Tested. Sparse categorical accuracy: 10.00

round  2, metrics=<sparse_categorical_accuracy=0.1003333330154419,loss=2.2844583988189697>
2.1570 seconds
Tested. Sparse categorical accuracy: 10.00

round  3, metrics=<sparse_categorical_accuracy=0.09966666996479034,loss=2.261781930923462>
2.3223 seconds
Tested. Sparse categorical accuracy: 48.33

round  4, metrics=<sparse_categorical_accuracy=0.33533334732055664,loss=2.1836068630218506>
2.2246 seconds
Tested. Sparse categorical accuracy: 36.67

round  5, metrics=<sparse_categorical_accuracy=0.33500000834465027,loss=2.4474260807037354>
2.2307 seconds
Tested. Sparse categorical accuracy: 8.33

round  6, metrics=<sparse_categorical_accuracy=0.13366666436195374,loss=2.28132963180542>
2.0911 seconds
Tested. Sparse categorical accuracy: 15.00

round  7, metrics=<sparse_categorical_accuracy=0.20866666734218597,loss=2.230102300643921>
2.2158 seconds
Tested. Sparse categorical accuracy: 31.67

round  8, metrics=<sparse_categorical_accuracy=0.34599998593330383,loss=2.0563743114471436>
2.0476 seconds
Tested. Sparse categorical accuracy: 15.00

round  9, metrics=<sparse_categorical_accuracy=0.3330000042915344,loss=1.9226350784301758>
2.2203 seconds
Tested. Sparse categorical accuracy: 51.67

round 10, metrics=<sparse_categorical_accuracy=0.4950000047683716,loss=1.8091316223144531>
2.0343 seconds
Tested. Sparse categorical accuracy: 51.67

round 11, metrics=<sparse_categorical_accuracy=0.5803333520889282,loss=1.3594346046447754>
2.1656 seconds
Tested. Sparse categorical accuracy: 71.67

round 12, metrics=<sparse_categorical_accuracy=0.6370000243186951,loss=1.2990516424179077>
2.0767 seconds
Tested. Sparse categorical accuracy: 68.33

round 13, metrics=<sparse_categorical_accuracy=0.7166666388511658,loss=0.946304202079773>
2.0294 seconds
Tested. Sparse categorical accuracy: 73.33

round 14, metrics=<sparse_categorical_accuracy=0.7476666569709778,loss=0.9254712462425232>
2.1621 seconds
Tested. Sparse categorical accuracy: 83.33

round 15, metrics=<sparse_categorical_accuracy=0.7996666431427002,loss=0.6804883480072021>
2.0677 seconds
Tested. Sparse categorical accuracy: 86.67

round 16, metrics=<sparse_categorical_accuracy=0.859000027179718,loss=0.521129310131073>
2.1973 seconds
Tested. Sparse categorical accuracy: 81.67

round 17, metrics=<sparse_categorical_accuracy=0.8040000200271606,loss=0.7527329325675964>
2.0761 seconds
Tested. Sparse categorical accuracy: 75.00

round 18, metrics=<sparse_categorical_accuracy=0.8573333621025085,loss=0.4774096608161926>
2.0014 seconds
Tested. Sparse categorical accuracy: 86.67

round 19, metrics=<sparse_categorical_accuracy=0.8883333206176758,loss=0.3897302746772766>
2.1620 seconds
Tested. Sparse categorical accuracy: 98.33

round 20, metrics=<sparse_categorical_accuracy=0.875,loss=0.4523319900035858>
2.0467 seconds
Tested. Sparse categorical accuracy: 93.33

round 21, metrics=<sparse_categorical_accuracy=0.890666663646698,loss=0.3608058989048004>
2.0821 seconds
Tested. Sparse categorical accuracy: 98.33

round 22, metrics=<sparse_categorical_accuracy=0.9003333449363708,loss=0.32528406381607056>
2.1953 seconds
Tested. Sparse categorical accuracy: 93.33

round 23, metrics=<sparse_categorical_accuracy=0.9153333306312561,loss=0.27062395215034485>
2.0435 seconds
Tested. Sparse categorical accuracy: 93.33

round 24, metrics=<sparse_categorical_accuracy=0.9190000295639038,loss=0.25056278705596924>
2.0340 seconds
Tested. Sparse categorical accuracy: 91.67

24  rounds run
Average time per round: 2.00

preds
Traceback (most recent call last):
  File "R_tff_main.py", line 28, in <module>
    p1.go(test, batch)
  File "/home/apawlik/federated/R_1_each_client_partially_iid.py", line 208, in go
    self.train(num, batch, 1)
  File "/home/apawlik/federated/R_partitioner.py", line 326, in train
    print(preds)
UnboundLocalError: local variable 'preds' referenced before assignment
