
TENSORFLOW USERS:
You must use the python3.6-anaconda/5.2.0 module to run TensorFlow.
See https://arc-ts.umich.edu/greatlakes/software/tensorflow for more
information.



The following have been reloaded with a version change:
  1) cuda/10.0.130 => cuda/10.1.105


Currently Loaded Modules:
  1) python3.7-anaconda/2019.07   2) cudnn/10.0-v7.6   3) cuda/10.1.105

 

mkdir: cannot create directory ‘results/9786362’: File exists
mkdir: cannot create directory ‘results/9786362/log’: File exists
2020-07-20 23:47:03.268668: E tensorflow/stream_executor/cuda/cuda_driver.cc:313] failed call to cuInit: UNKNOWN ERROR (303)
Test  112
2020-07-20 23:47:02.757174

How often each label is chosen for non-IID data
[18, 33, 22, 23, 20, 13, 17, 22, 17, 15]

Schema 1: Each client partially IID
--------------------------------------------------
percent data distributed IID:  80
number of classes for non-IID data:  2
data points per client (mean, std dev): ( 600 ,  0 )
--------------------------------------------------
round  1, metrics=<sparse_categorical_accuracy=0.13783332705497742,loss=2.2894821166992188>
6.7730 seconds
Tested. Sparse categorical accuracy: 26.67

round  2, metrics=<sparse_categorical_accuracy=0.14383333921432495,loss=2.2628567218780518>
5.0157 seconds
Tested. Sparse categorical accuracy: 10.00

round  3, metrics=<sparse_categorical_accuracy=0.23366667330265045,loss=2.2315762042999268>
5.1494 seconds
Tested. Sparse categorical accuracy: 63.33

round  4, metrics=<sparse_categorical_accuracy=0.4153333306312561,loss=2.124844789505005>
4.8855 seconds
Tested. Sparse categorical accuracy: 56.67

round  5, metrics=<sparse_categorical_accuracy=0.5096666812896729,loss=1.7657029628753662>
5.3908 seconds
Tested. Sparse categorical accuracy: 63.33

round  6, metrics=<sparse_categorical_accuracy=0.5853333473205566,loss=1.4766334295272827>
5.2632 seconds
Tested. Sparse categorical accuracy: 60.00

round  7, metrics=<sparse_categorical_accuracy=0.6733333468437195,loss=1.1464471817016602>
5.0452 seconds
Tested. Sparse categorical accuracy: 83.33

round  8, metrics=<sparse_categorical_accuracy=0.7699999809265137,loss=0.8097747564315796>
4.6956 seconds
Tested. Sparse categorical accuracy: 93.33

round  9, metrics=<sparse_categorical_accuracy=0.8314999938011169,loss=0.5695627331733704>
4.9932 seconds
Tested. Sparse categorical accuracy: 100.00

round 10, metrics=<sparse_categorical_accuracy=0.8851666450500488,loss=0.38541704416275024>
4.9185 seconds
Tested. Sparse categorical accuracy: 96.67

round 11, metrics=<sparse_categorical_accuracy=0.8988333344459534,loss=0.3421330451965332>
4.6598 seconds
Tested. Sparse categorical accuracy: 93.33

round 12, metrics=<sparse_categorical_accuracy=0.9196666479110718,loss=0.2633933424949646>
5.0720 seconds
Tested. Sparse categorical accuracy: 93.33

12  rounds run
Average time per round: 5.00

preds
Traceback (most recent call last):
  File "R_tff_main.py", line 28, in <module>
    p1.go(test, batch)
  File "/home/apawlik/federated/R_1_each_client_partially_iid.py", line 208, in go
    self.train(num, batch, 1)
  File "/home/apawlik/federated/R_partitioner.py", line 326, in train
    print(preds)
UnboundLocalError: local variable 'preds' referenced before assignment
