
TENSORFLOW USERS:
You must use the python3.6-anaconda/5.2.0 module to run TensorFlow.
See https://arc-ts.umich.edu/greatlakes/software/tensorflow for more
information.



The following have been reloaded with a version change:
  1) cuda/10.0.130 => cuda/10.1.105


Currently Loaded Modules:
  1) python3.7-anaconda/2019.07   2) cudnn/10.0-v7.6   3) cuda/10.1.105

 

mkdir: cannot create directory ‘results/9786362’: File exists
mkdir: cannot create directory ‘results/9786362/log’: File exists
2020-07-20 23:44:40.170801: E tensorflow/stream_executor/cuda/cuda_driver.cc:313] failed call to cuInit: UNKNOWN ERROR (303)
Test  91
2020-07-20 23:44:39.638493

How often each label is chosen for non-IID data
[16, 17, 28, 16, 24, 20, 18, 26, 23, 12]

Schema 1: Each client partially IID
--------------------------------------------------
percent data distributed IID:  80
number of classes for non-IID data:  2
data points per client (mean, std dev): ( 600 ,  0 )
--------------------------------------------------
round  1, metrics=<sparse_categorical_accuracy=0.11633333563804626,loss=2.3028109073638916>
3.5062 seconds
Tested. Sparse categorical accuracy: 13.33

round  2, metrics=<sparse_categorical_accuracy=0.09200000017881393,loss=2.299314022064209>
2.5054 seconds
Tested. Sparse categorical accuracy: 15.00

round  3, metrics=<sparse_categorical_accuracy=0.1509999930858612,loss=2.285689115524292>
2.5995 seconds
Tested. Sparse categorical accuracy: 28.33

round  4, metrics=<sparse_categorical_accuracy=0.12533333897590637,loss=2.263634443283081>
2.4850 seconds
Tested. Sparse categorical accuracy: 25.00

round  5, metrics=<sparse_categorical_accuracy=0.13566666841506958,loss=2.2290074825286865>
2.6351 seconds
Tested. Sparse categorical accuracy: 26.67

round  6, metrics=<sparse_categorical_accuracy=0.2056666612625122,loss=2.1450345516204834>
2.4257 seconds
Tested. Sparse categorical accuracy: 66.67

round  7, metrics=<sparse_categorical_accuracy=0.48399999737739563,loss=2.1519908905029297>
2.6951 seconds
Tested. Sparse categorical accuracy: 51.67

round  8, metrics=<sparse_categorical_accuracy=0.49666666984558105,loss=2.104130744934082>
2.3978 seconds
Tested. Sparse categorical accuracy: 48.33

round  9, metrics=<sparse_categorical_accuracy=0.38733333349227905,loss=1.9896266460418701>
2.4774 seconds
Tested. Sparse categorical accuracy: 60.00

round 10, metrics=<sparse_categorical_accuracy=0.5513333082199097,loss=1.660281777381897>
2.3543 seconds
Tested. Sparse categorical accuracy: 71.67

round 11, metrics=<sparse_categorical_accuracy=0.6363333463668823,loss=1.469979166984558>
2.3902 seconds
Tested. Sparse categorical accuracy: 73.33

round 12, metrics=<sparse_categorical_accuracy=0.7023333311080933,loss=1.0726776123046875>
2.5808 seconds
Tested. Sparse categorical accuracy: 96.67

round 13, metrics=<sparse_categorical_accuracy=0.7706666588783264,loss=0.9748688340187073>
2.2726 seconds
Tested. Sparse categorical accuracy: 65.00

round 14, metrics=<sparse_categorical_accuracy=0.7393333315849304,loss=0.8914779424667358>
2.5747 seconds
Tested. Sparse categorical accuracy: 88.33

round 15, metrics=<sparse_categorical_accuracy=0.8343333601951599,loss=0.6250594854354858>
2.3481 seconds
Tested. Sparse categorical accuracy: 98.33

round 16, metrics=<sparse_categorical_accuracy=0.8743333220481873,loss=0.4735737442970276>
2.4681 seconds
Tested. Sparse categorical accuracy: 86.67

round 17, metrics=<sparse_categorical_accuracy=0.8826666474342346,loss=0.42438676953315735>
2.5812 seconds
Tested. Sparse categorical accuracy: 91.67

round 18, metrics=<sparse_categorical_accuracy=0.8933333158493042,loss=0.4216949939727783>
2.3046 seconds
Tested. Sparse categorical accuracy: 90.00

round 19, metrics=<sparse_categorical_accuracy=0.8706666827201843,loss=0.4344871938228607>
2.3210 seconds
Tested. Sparse categorical accuracy: 91.67

round 20, metrics=<sparse_categorical_accuracy=0.9236666560173035,loss=0.2851625084877014>
2.4657 seconds
Tested. Sparse categorical accuracy: 95.00

round 21, metrics=<sparse_categorical_accuracy=0.9043333530426025,loss=0.33136123418807983>
2.3184 seconds
Tested. Sparse categorical accuracy: 83.33

round 22, metrics=<sparse_categorical_accuracy=0.9179999828338623,loss=0.28442439436912537>
2.3505 seconds
Tested. Sparse categorical accuracy: 86.67

round 23, metrics=<sparse_categorical_accuracy=0.9413333535194397,loss=0.22197134792804718>
2.5703 seconds
Tested. Sparse categorical accuracy: 98.33

round 24, metrics=<sparse_categorical_accuracy=0.9086666703224182,loss=0.3028215765953064>
2.3541 seconds
Tested. Sparse categorical accuracy: 88.33

24  rounds run
Average time per round: 2.00

preds
Traceback (most recent call last):
  File "R_tff_main.py", line 28, in <module>
    p1.go(test, batch)
  File "/home/apawlik/federated/R_1_each_client_partially_iid.py", line 208, in go
    self.train(num, batch, 1)
  File "/home/apawlik/federated/R_partitioner.py", line 326, in train
    print(preds)
UnboundLocalError: local variable 'preds' referenced before assignment
