
TENSORFLOW USERS:
You must use the python3.6-anaconda/5.2.0 module to run TensorFlow.
See https://arc-ts.umich.edu/greatlakes/software/tensorflow for more
information.



The following have been reloaded with a version change:
  1) cuda/10.0.130 => cuda/10.1.105


Currently Loaded Modules:
  1) python3.7-anaconda/2019.07   2) cudnn/10.0-v7.6   3) cuda/10.1.105

 

mkdir: cannot create directory ‘results/9786362’: File exists
mkdir: cannot create directory ‘results/9786362/log’: File exists
2020-07-21 00:17:42.371024: E tensorflow/stream_executor/cuda/cuda_driver.cc:313] failed call to cuInit: UNKNOWN ERROR (303)
Test  387
2020-07-21 00:17:41.844216

How often each label is chosen for non-IID data
[31, 16, 17, 21, 21, 22, 16, 24, 13, 19]

Schema 1: Each client partially IID
--------------------------------------------------
percent data distributed IID:  80
number of classes for non-IID data:  2
data points per client (mean, std dev): ( 600 ,  0 )
--------------------------------------------------
round  1, metrics=<sparse_categorical_accuracy=0.10849999636411667,loss=2.286926507949829>
6.0875 seconds
Tested. Sparse categorical accuracy: 6.67

round  2, metrics=<sparse_categorical_accuracy=0.15649999678134918,loss=2.2402236461639404>
4.4844 seconds
Tested. Sparse categorical accuracy: 33.33

round  3, metrics=<sparse_categorical_accuracy=0.3153333365917206,loss=2.1882975101470947>
4.5405 seconds
Tested. Sparse categorical accuracy: 40.00

round  4, metrics=<sparse_categorical_accuracy=0.39266666769981384,loss=1.9929338693618774>
4.5356 seconds
Tested. Sparse categorical accuracy: 63.33

round  5, metrics=<sparse_categorical_accuracy=0.5163333415985107,loss=1.732825517654419>
4.4469 seconds
Tested. Sparse categorical accuracy: 53.33

round  6, metrics=<sparse_categorical_accuracy=0.6101666688919067,loss=1.2779206037521362>
4.5606 seconds
Tested. Sparse categorical accuracy: 73.33

round  7, metrics=<sparse_categorical_accuracy=0.7674999833106995,loss=0.8280133605003357>
4.1881 seconds
Tested. Sparse categorical accuracy: 76.67

round  8, metrics=<sparse_categorical_accuracy=0.8410000205039978,loss=0.5707233548164368>
4.2253 seconds
Tested. Sparse categorical accuracy: 100.00

round  9, metrics=<sparse_categorical_accuracy=0.8413333296775818,loss=0.5533625483512878>
4.0348 seconds
Tested. Sparse categorical accuracy: 86.67

round 10, metrics=<sparse_categorical_accuracy=0.8755000233650208,loss=0.44052550196647644>
4.1226 seconds
Tested. Sparse categorical accuracy: 86.67

round 11, metrics=<sparse_categorical_accuracy=0.8978333473205566,loss=0.34778711199760437>
4.0173 seconds
Tested. Sparse categorical accuracy: 93.33

round 12, metrics=<sparse_categorical_accuracy=0.9236666560173035,loss=0.2574910521507263>
4.2534 seconds
Tested. Sparse categorical accuracy: 100.00

12  rounds run
Average time per round: 4.00

preds
Traceback (most recent call last):
  File "R_tff_main.py", line 28, in <module>
    p1.go(test, batch)
  File "/home/apawlik/federated/R_1_each_client_partially_iid.py", line 208, in go
    self.train(num, batch, 1)
  File "/home/apawlik/federated/R_partitioner.py", line 326, in train
    print(preds)
UnboundLocalError: local variable 'preds' referenced before assignment
