
TENSORFLOW USERS:
You must use the python3.6-anaconda/5.2.0 module to run TensorFlow.
See https://arc-ts.umich.edu/greatlakes/software/tensorflow for more
information.



The following have been reloaded with a version change:
  1) cuda/10.0.130 => cuda/10.1.105


Currently Loaded Modules:
  1) python3.7-anaconda/2019.07   2) cudnn/10.0-v7.6   3) cuda/10.1.105

 

mkdir: cannot create directory ‘results/9786362’: File exists
mkdir: cannot create directory ‘results/9786362/log’: File exists
2020-07-21 00:03:38.389006: E tensorflow/stream_executor/cuda/cuda_driver.cc:313] failed call to cuInit: UNKNOWN ERROR (303)
Test  264
2020-07-21 00:03:37.861311

How often each label is chosen for non-IID data
[29, 21, 30, 14, 16, 15, 22, 14, 20, 19]

Schema 1: Each client partially IID
--------------------------------------------------
percent data distributed IID:  80
number of classes for non-IID data:  2
data points per client (mean, std dev): ( 600 ,  0 )
--------------------------------------------------
round  1, metrics=<sparse_categorical_accuracy=0.20874999463558197,loss=2.2932932376861572>
12.6776 seconds
Tested. Sparse categorical accuracy: 26.67

round  2, metrics=<sparse_categorical_accuracy=0.17408333718776703,loss=2.2721047401428223>
8.7765 seconds
Tested. Sparse categorical accuracy: 20.00

round  3, metrics=<sparse_categorical_accuracy=0.29774999618530273,loss=2.1048786640167236>
9.7931 seconds
Tested. Sparse categorical accuracy: 33.33

round  4, metrics=<sparse_categorical_accuracy=0.46825000643730164,loss=1.7831910848617554>
8.8331 seconds
Tested. Sparse categorical accuracy: 60.00

round  5, metrics=<sparse_categorical_accuracy=0.7104166746139526,loss=0.9419108629226685>
10.0223 seconds
Tested. Sparse categorical accuracy: 80.00

round  6, metrics=<sparse_categorical_accuracy=0.831083357334137,loss=0.5447997450828552>
9.9650 seconds
Tested. Sparse categorical accuracy: 93.33

6  rounds run
Average time per round: 10.00

preds
Traceback (most recent call last):
  File "R_tff_main.py", line 28, in <module>
    p1.go(test, batch)
  File "/home/apawlik/federated/R_1_each_client_partially_iid.py", line 208, in go
    self.train(num, batch, 1)
  File "/home/apawlik/federated/R_partitioner.py", line 326, in train
    print(preds)
UnboundLocalError: local variable 'preds' referenced before assignment
