
TENSORFLOW USERS:
You must use the python3.6-anaconda/5.2.0 module to run TensorFlow.
See https://arc-ts.umich.edu/greatlakes/software/tensorflow for more
information.



The following have been reloaded with a version change:
  1) cuda/10.0.130 => cuda/10.1.105


Currently Loaded Modules:
  1) python3.7-anaconda/2019.07   2) cudnn/10.0-v7.6   3) cuda/10.1.105

 

mkdir: cannot create directory ‘results/9786362’: File exists
mkdir: cannot create directory ‘results/9786362/log’: File exists
2020-07-21 00:08:22.650763: E tensorflow/stream_executor/cuda/cuda_driver.cc:313] failed call to cuInit: UNKNOWN ERROR (303)
Test  307
2020-07-21 00:08:22.157171

How often each label is chosen for non-IID data
[30, 16, 14, 22, 25, 18, 20, 26, 15, 14]

Schema 1: Each client partially IID
--------------------------------------------------
percent data distributed IID:  80
number of classes for non-IID data:  2
data points per client (mean, std dev): ( 600 ,  0 )
--------------------------------------------------
round  1, metrics=<sparse_categorical_accuracy=0.14783333241939545,loss=2.286062240600586>
6.5123 seconds
Tested. Sparse categorical accuracy: 13.33

round  2, metrics=<sparse_categorical_accuracy=0.17466667294502258,loss=2.2414779663085938>
5.5456 seconds
Tested. Sparse categorical accuracy: 43.33

round  3, metrics=<sparse_categorical_accuracy=0.36149999499320984,loss=2.1836161613464355>
5.2060 seconds
Tested. Sparse categorical accuracy: 73.33

round  4, metrics=<sparse_categorical_accuracy=0.4983333349227905,loss=1.983564019203186>
5.1736 seconds
Tested. Sparse categorical accuracy: 63.33

round  5, metrics=<sparse_categorical_accuracy=0.5508333444595337,loss=1.655255913734436>
4.9274 seconds
Tested. Sparse categorical accuracy: 53.33

round  6, metrics=<sparse_categorical_accuracy=0.6961666941642761,loss=1.0254077911376953>
5.0410 seconds
Tested. Sparse categorical accuracy: 83.33

round  7, metrics=<sparse_categorical_accuracy=0.7993333339691162,loss=0.6832460761070251>
5.1703 seconds
Tested. Sparse categorical accuracy: 86.67

round  8, metrics=<sparse_categorical_accuracy=0.8461666703224182,loss=0.5303336381912231>
5.3628 seconds
Tested. Sparse categorical accuracy: 96.67

round  9, metrics=<sparse_categorical_accuracy=0.8918333053588867,loss=0.3610641658306122>
4.8670 seconds
Tested. Sparse categorical accuracy: 100.00

round 10, metrics=<sparse_categorical_accuracy=0.8726666569709778,loss=0.4537339210510254>
5.3037 seconds
Tested. Sparse categorical accuracy: 86.67

round 11, metrics=<sparse_categorical_accuracy=0.9071666598320007,loss=0.34102997183799744>
5.1201 seconds
Tested. Sparse categorical accuracy: 90.00

round 12, metrics=<sparse_categorical_accuracy=0.9203333258628845,loss=0.26914310455322266>
4.9095 seconds
Tested. Sparse categorical accuracy: 96.67

12  rounds run
Average time per round: 5.00

preds
Traceback (most recent call last):
  File "R_tff_main.py", line 28, in <module>
    p1.go(test, batch)
  File "/home/apawlik/federated/R_1_each_client_partially_iid.py", line 208, in go
    self.train(num, batch, 1)
  File "/home/apawlik/federated/R_partitioner.py", line 326, in train
    print(preds)
UnboundLocalError: local variable 'preds' referenced before assignment
