
TENSORFLOW USERS:
You must use the python3.6-anaconda/5.2.0 module to run TensorFlow.
See https://arc-ts.umich.edu/greatlakes/software/tensorflow for more
information.



The following have been reloaded with a version change:
  1) cuda/10.0.130 => cuda/10.1.105


Currently Loaded Modules:
  1) python3.7-anaconda/2019.07   2) cudnn/10.0-v7.6   3) cuda/10.1.105

 

mkdir: cannot create directory ‘results/9786362’: File exists
mkdir: cannot create directory ‘results/9786362/log’: File exists
2020-07-21 00:03:12.204005: E tensorflow/stream_executor/cuda/cuda_driver.cc:313] failed call to cuInit: UNKNOWN ERROR (303)
Test  258
2020-07-21 00:03:11.700226

How often each label is chosen for non-IID data
[16, 18, 13, 18, 25, 26, 19, 26, 22, 17]

Schema 1: Each client partially IID
--------------------------------------------------
percent data distributed IID:  80
number of classes for non-IID data:  2
data points per client (mean, std dev): ( 600 ,  0 )
--------------------------------------------------
round  1, metrics=<sparse_categorical_accuracy=0.18744444847106934,loss=2.296175479888916>
9.5861 seconds
Tested. Sparse categorical accuracy: 20.00

round  2, metrics=<sparse_categorical_accuracy=0.20777778327465057,loss=2.2609338760375977>
6.9125 seconds
Tested. Sparse categorical accuracy: 45.00

round  3, metrics=<sparse_categorical_accuracy=0.28422221541404724,loss=2.1929497718811035>
7.7354 seconds
Tested. Sparse categorical accuracy: 45.00

round  4, metrics=<sparse_categorical_accuracy=0.5334444642066956,loss=1.7208642959594727>
7.3881 seconds
Tested. Sparse categorical accuracy: 75.00

round  5, metrics=<sparse_categorical_accuracy=0.6326666474342346,loss=1.2487009763717651>
7.3114 seconds
Tested. Sparse categorical accuracy: 70.00

round  6, metrics=<sparse_categorical_accuracy=0.7597777843475342,loss=0.7996736764907837>
7.3417 seconds
Tested. Sparse categorical accuracy: 90.00

round  7, metrics=<sparse_categorical_accuracy=0.8483333587646484,loss=0.5070559978485107>
7.5149 seconds
Tested. Sparse categorical accuracy: 90.00

round  8, metrics=<sparse_categorical_accuracy=0.8793333172798157,loss=0.3962577283382416>
6.8720 seconds
Tested. Sparse categorical accuracy: 90.00

8  rounds run
Average time per round: 7.00

preds
Traceback (most recent call last):
  File "R_tff_main.py", line 28, in <module>
    p1.go(test, batch)
  File "/home/apawlik/federated/R_1_each_client_partially_iid.py", line 208, in go
    self.train(num, batch, 1)
  File "/home/apawlik/federated/R_partitioner.py", line 326, in train
    print(preds)
UnboundLocalError: local variable 'preds' referenced before assignment
