
TENSORFLOW USERS:
You must use the python3.6-anaconda/5.2.0 module to run TensorFlow.
See https://arc-ts.umich.edu/greatlakes/software/tensorflow for more
information.



The following have been reloaded with a version change:
  1) cuda/10.0.130 => cuda/10.1.105


Currently Loaded Modules:
  1) python3.7-anaconda/2019.07   2) cudnn/10.0-v7.6   3) cuda/10.1.105

 

mkdir: cannot create directory ‘results/9786362’: File exists
mkdir: cannot create directory ‘results/9786362/log’: File exists
2020-07-21 00:13:42.324802: E tensorflow/stream_executor/cuda/cuda_driver.cc:313] failed call to cuInit: UNKNOWN ERROR (303)
Test  351
2020-07-21 00:13:41.820124

How often each label is chosen for non-IID data
[19, 26, 18, 22, 26, 20, 17, 17, 14, 21]

Schema 1: Each client partially IID
--------------------------------------------------
percent data distributed IID:  80
number of classes for non-IID data:  2
data points per client (mean, std dev): ( 600 ,  0 )
--------------------------------------------------
round  1, metrics=<sparse_categorical_accuracy=0.12700000405311584,loss=2.3003809452056885>
3.8322 seconds
Tested. Sparse categorical accuracy: 13.33

round  2, metrics=<sparse_categorical_accuracy=0.12466666847467422,loss=2.295177936553955>
2.8589 seconds
Tested. Sparse categorical accuracy: 8.33

round  3, metrics=<sparse_categorical_accuracy=0.11999999731779099,loss=2.270148992538452>
2.7376 seconds
Tested. Sparse categorical accuracy: 6.67

round  4, metrics=<sparse_categorical_accuracy=0.1706666648387909,loss=2.2172868251800537>
2.5606 seconds
Tested. Sparse categorical accuracy: 31.67

round  5, metrics=<sparse_categorical_accuracy=0.33666667342185974,loss=2.2955586910247803>
2.9950 seconds
Tested. Sparse categorical accuracy: 13.33

round  6, metrics=<sparse_categorical_accuracy=0.2563333213329315,loss=2.252162218093872>
2.6099 seconds
Tested. Sparse categorical accuracy: 25.00

round  7, metrics=<sparse_categorical_accuracy=0.27666667103767395,loss=2.13944149017334>
2.8951 seconds
Tested. Sparse categorical accuracy: 30.00

round  8, metrics=<sparse_categorical_accuracy=0.4573333263397217,loss=2.306460380554199>
2.6174 seconds
Tested. Sparse categorical accuracy: 16.67

round  9, metrics=<sparse_categorical_accuracy=0.23666666448116302,loss=2.2453622817993164>
2.7599 seconds
Tested. Sparse categorical accuracy: 26.67

round 10, metrics=<sparse_categorical_accuracy=0.3386666774749756,loss=2.0914382934570312>
2.5635 seconds
Tested. Sparse categorical accuracy: 45.00

round 11, metrics=<sparse_categorical_accuracy=0.47433334589004517,loss=2.02713942527771>
2.6105 seconds
Tested. Sparse categorical accuracy: 43.33

round 12, metrics=<sparse_categorical_accuracy=0.49533334374427795,loss=1.9040768146514893>
2.9681 seconds
Tested. Sparse categorical accuracy: 61.67

round 13, metrics=<sparse_categorical_accuracy=0.6033333539962769,loss=1.5858800411224365>
2.8678 seconds
Tested. Sparse categorical accuracy: 71.67

round 14, metrics=<sparse_categorical_accuracy=0.6236666440963745,loss=1.3469547033309937>
2.7424 seconds
Tested. Sparse categorical accuracy: 65.00

round 15, metrics=<sparse_categorical_accuracy=0.7493333220481873,loss=0.889883279800415>
2.7848 seconds
Tested. Sparse categorical accuracy: 83.33

round 16, metrics=<sparse_categorical_accuracy=0.8006666898727417,loss=0.7507132291793823>
2.5195 seconds
Tested. Sparse categorical accuracy: 78.33

round 17, metrics=<sparse_categorical_accuracy=0.7870000004768372,loss=0.7204340696334839>
2.6349 seconds
Tested. Sparse categorical accuracy: 70.00

round 18, metrics=<sparse_categorical_accuracy=0.8086666464805603,loss=0.6249215602874756>
2.5314 seconds
Tested. Sparse categorical accuracy: 85.00

round 19, metrics=<sparse_categorical_accuracy=0.8366666436195374,loss=0.6097949147224426>
2.7829 seconds
Tested. Sparse categorical accuracy: 91.67

round 20, metrics=<sparse_categorical_accuracy=0.8849999904632568,loss=0.40023812651634216>
2.4241 seconds
Tested. Sparse categorical accuracy: 83.33

round 21, metrics=<sparse_categorical_accuracy=0.9046666622161865,loss=0.32457107305526733>
2.6141 seconds
Tested. Sparse categorical accuracy: 93.33

round 22, metrics=<sparse_categorical_accuracy=0.9156666398048401,loss=0.28752195835113525>
3.1368 seconds
Tested. Sparse categorical accuracy: 91.67

round 23, metrics=<sparse_categorical_accuracy=0.9203333258628845,loss=0.25853070616722107>
2.6459 seconds
Tested. Sparse categorical accuracy: 88.33

round 24, metrics=<sparse_categorical_accuracy=0.9179999828338623,loss=0.2777279019355774>
2.7417 seconds
Tested. Sparse categorical accuracy: 91.67

24  rounds run
Average time per round: 2.00

preds
Traceback (most recent call last):
  File "R_tff_main.py", line 28, in <module>
    p1.go(test, batch)
  File "/home/apawlik/federated/R_1_each_client_partially_iid.py", line 208, in go
    self.train(num, batch, 1)
  File "/home/apawlik/federated/R_partitioner.py", line 326, in train
    print(preds)
UnboundLocalError: local variable 'preds' referenced before assignment
