
TENSORFLOW USERS:
You must use the python3.6-anaconda/5.2.0 module to run TensorFlow.
See https://arc-ts.umich.edu/greatlakes/software/tensorflow for more
information.



The following have been reloaded with a version change:
  1) cuda/10.0.130 => cuda/10.1.105


Currently Loaded Modules:
  1) python3.7-anaconda/2019.07   2) cudnn/10.0-v7.6   3) cuda/10.1.105

 

mkdir: cannot create directory ‘results/6025730’: File exists
mkdir: cannot create directory ‘results/6025730/log’: File exists
Test  32
2020-05-07 16:13:02.288695


Schema 1: Each client partially IID
--------------------------------------------------
percent data distributed IID:  60
number of classes for non-IID data:  2
data points per client (mean, std dev): ( 600 ,  0 )
--------------------------------------------------

round  1, metrics=<sparse_categorical_accuracy=0.7785333395004272,loss=0.6786012649536133>
21.2226 seconds
Tested. Sparse categorical accuracy: 86.00

round  2, metrics=<sparse_categorical_accuracy=0.9757333397865295,loss=0.08439598232507706>
21.1945 seconds
Tested. Sparse categorical accuracy: 96.00

round  3, metrics=<sparse_categorical_accuracy=0.9825666546821594,loss=0.06530096381902695>
21.1055 seconds
Tested. Sparse categorical accuracy: 98.00

round  4, metrics=<sparse_categorical_accuracy=0.9902999997138977,loss=0.03248215839266777>
20.2260 seconds
Tested. Sparse categorical accuracy: 97.00

round  5, metrics=<sparse_categorical_accuracy=0.9919999837875366,loss=0.03134358674287796>
20.4234 seconds
Tested. Sparse categorical accuracy: 96.00

round  6, metrics=<sparse_categorical_accuracy=0.9955000281333923,loss=0.01652534119784832>
20.7312 seconds
Tested. Sparse categorical accuracy: 98.00

round  7, metrics=<sparse_categorical_accuracy=0.9886333346366882,loss=0.04847719892859459>
20.6380 seconds
Tested. Sparse categorical accuracy: 96.00

round  8, metrics=<sparse_categorical_accuracy=0.9944666624069214,loss=0.021032055839896202>
20.3309 seconds
Tested. Sparse categorical accuracy: 97.00

round  9, metrics=<sparse_categorical_accuracy=0.9949666857719421,loss=0.017849015071988106>
20.4786 seconds
Tested. Sparse categorical accuracy: 98.00

round 10, metrics=<sparse_categorical_accuracy=0.9953333139419556,loss=0.01768980175256729>
21.2478 seconds
Tested. Sparse categorical accuracy: 99.00

Target accuracy reached after  10  rounds
Average time per round: 20.00

2020-05-07 16:16:40.493242
