
TENSORFLOW USERS:
You must use the python3.6-anaconda/5.2.0 module to run TensorFlow.
See https://arc-ts.umich.edu/greatlakes/software/tensorflow for more
information.



The following have been reloaded with a version change:
  1) cuda/10.0.130 => cuda/10.1.105


Currently Loaded Modules:
  1) python3.7-anaconda/2019.07   2) cudnn/10.0-v7.6   3) cuda/10.1.105

 

mkdir: cannot create directory ‘results/6025730’: File exists
mkdir: cannot create directory ‘results/6025730/log’: File exists
Test  381
2020-05-08 08:54:33.433859


Schema 1: Each client partially IID
--------------------------------------------------
percent data distributed IID:  20
number of classes for non-IID data:  2
data points per client (mean, std dev): ( 600 ,  0 )
--------------------------------------------------

round  1, metrics=<sparse_categorical_accuracy=0.7925103902816772,loss=0.6400882601737976>
67.5161 seconds
Tested. Sparse categorical accuracy: 17.00

round  2, metrics=<sparse_categorical_accuracy=0.9339479207992554,loss=0.23299185931682587>
66.7434 seconds
Tested. Sparse categorical accuracy: 94.00

round  3, metrics=<sparse_categorical_accuracy=0.9858750104904175,loss=0.05321039259433746>
65.5125 seconds
Tested. Sparse categorical accuracy: 94.00

round  4, metrics=<sparse_categorical_accuracy=0.9822291731834412,loss=0.06728678196668625>
67.2428 seconds
Tested. Sparse categorical accuracy: 98.00

round  5, metrics=<sparse_categorical_accuracy=0.9903854131698608,loss=0.03553638607263565>
66.5291 seconds
Tested. Sparse categorical accuracy: 98.00

round  6, metrics=<sparse_categorical_accuracy=0.9941771030426025,loss=0.021484773606061935>
66.5377 seconds
Tested. Sparse categorical accuracy: 98.00

round  7, metrics=<sparse_categorical_accuracy=0.9955937266349792,loss=0.01624307595193386>
67.0076 seconds
Tested. Sparse categorical accuracy: 95.00

round  8, metrics=<sparse_categorical_accuracy=0.9953229427337646,loss=0.017496369779109955>
66.9347 seconds
Tested. Sparse categorical accuracy: 98.00

round  9, metrics=<sparse_categorical_accuracy=0.9962083101272583,loss=0.01356314867734909>
66.2739 seconds
Tested. Sparse categorical accuracy: 95.00

round 10, metrics=<sparse_categorical_accuracy=0.996052086353302,loss=0.013781188055872917>
66.9041 seconds
Tested. Sparse categorical accuracy: 100.00

Target accuracy reached after  10  rounds
Average time per round: 66.00

2020-05-08 09:05:52.225340
