
TENSORFLOW USERS:
You must use the python3.6-anaconda/5.2.0 module to run TensorFlow.
See https://arc-ts.umich.edu/greatlakes/software/tensorflow for more
information.



The following have been reloaded with a version change:
  1) cuda/10.0.130 => cuda/10.1.105


Currently Loaded Modules:
  1) python3.7-anaconda/2019.07   2) cudnn/10.0-v7.6   3) cuda/10.1.105

 

mkdir: cannot create directory ‘results/6025730’: File exists
mkdir: cannot create directory ‘results/6025730/log’: File exists
Test  146
2020-05-07 21:35:51.579756


Schema 1: Each client partially IID
--------------------------------------------------
percent data distributed IID:  100
number of classes for non-IID data:  2
data points per client (mean, std dev): ( 600 ,  0 )
--------------------------------------------------

round  1, metrics=<sparse_categorical_accuracy=0.8460063934326172,loss=0.4555545747280121>
99.1421 seconds
Tested. Sparse categorical accuracy: 96.00

round  2, metrics=<sparse_categorical_accuracy=0.9842692017555237,loss=0.05393048748373985>
99.2852 seconds
Tested. Sparse categorical accuracy: 95.00

round  3, metrics=<sparse_categorical_accuracy=0.9893782138824463,loss=0.03735867887735367>
99.1174 seconds
Tested. Sparse categorical accuracy: 98.00

round  4, metrics=<sparse_categorical_accuracy=0.9918205142021179,loss=0.028973137959837914>
98.0438 seconds
Tested. Sparse categorical accuracy: 95.00

round  5, metrics=<sparse_categorical_accuracy=0.9932051301002502,loss=0.024133289232850075>
97.4602 seconds
Tested. Sparse categorical accuracy: 94.00

round  6, metrics=<sparse_categorical_accuracy=0.9943012595176697,loss=0.020144667476415634>
97.8299 seconds
Tested. Sparse categorical accuracy: 98.00

round  7, metrics=<sparse_categorical_accuracy=0.994858980178833,loss=0.018214726820588112>
100.5392 seconds
Tested. Sparse categorical accuracy: 97.00

round  8, metrics=<sparse_categorical_accuracy=0.9951153993606567,loss=0.016659477725625038>
97.2432 seconds
Tested. Sparse categorical accuracy: 96.00

round  9, metrics=<sparse_categorical_accuracy=0.9960192441940308,loss=0.014330551028251648>
98.0676 seconds
Tested. Sparse categorical accuracy: 99.00

Target accuracy reached after  9  rounds
Average time per round: 98.00

2020-05-07 21:50:48.729746
