
TENSORFLOW USERS:
You must use the python3.6-anaconda/5.2.0 module to run TensorFlow.
See https://arc-ts.umich.edu/greatlakes/software/tensorflow for more
information.



The following have been reloaded with a version change:
  1) cuda/10.0.130 => cuda/10.1.105


Currently Loaded Modules:
  1) python3.7-anaconda/2019.07   2) cudnn/10.0-v7.6   3) cuda/10.1.105

 

mkdir: cannot create directory ‘results/6025730’: File exists
mkdir: cannot create directory ‘results/6025730/log’: File exists
Test  571
2020-05-08 19:13:02.028791


Schema 1: Each client partially IID
--------------------------------------------------
percent data distributed IID:  80
number of classes for non-IID data:  2
data points per client (mean, std dev): ( 600 ,  0 )
--------------------------------------------------

round  1, metrics=<sparse_categorical_accuracy=0.7773333191871643,loss=0.6589183807373047>
11.1284 seconds
Tested. Sparse categorical accuracy: 91.00

round  2, metrics=<sparse_categorical_accuracy=0.9785000085830688,loss=0.0820971354842186>
12.0131 seconds
Tested. Sparse categorical accuracy: 97.00

round  3, metrics=<sparse_categorical_accuracy=0.987666666507721,loss=0.041860125958919525>
12.3218 seconds
Tested. Sparse categorical accuracy: 98.00

round  4, metrics=<sparse_categorical_accuracy=0.9865833520889282,loss=0.048370398581027985>
11.5112 seconds
Tested. Sparse categorical accuracy: 93.00

round  5, metrics=<sparse_categorical_accuracy=0.9926666617393494,loss=0.02642861008644104>
10.5255 seconds
Tested. Sparse categorical accuracy: 99.00

Target accuracy reached after  5  rounds
Average time per round: 11.00

2020-05-08 19:14:09.823777
