
TENSORFLOW USERS:
You must use the python3.6-anaconda/5.2.0 module to run TensorFlow.
See https://arc-ts.umich.edu/greatlakes/software/tensorflow for more
information.



The following have been reloaded with a version change:
  1) cuda/10.0.130 => cuda/10.1.105


Currently Loaded Modules:
  1) python3.7-anaconda/2019.07   2) cudnn/10.0-v7.6   3) cuda/10.1.105

 

mkdir: cannot create directory ‘results/6025730’: File exists
mkdir: cannot create directory ‘results/6025730/log’: File exists
Test  676
2020-05-09 06:07:10.604158


Schema 1: Each client partially IID
--------------------------------------------------
percent data distributed IID:  20
number of classes for non-IID data:  2
data points per client (mean, std dev): ( 600 ,  0 )
--------------------------------------------------

round  1, metrics=<sparse_categorical_accuracy=0.8322499990463257,loss=0.5802199244499207>
10.8605 seconds
Tested. Sparse categorical accuracy: 56.00

round  2, metrics=<sparse_categorical_accuracy=0.9700833559036255,loss=0.10246945917606354>
10.8099 seconds
Tested. Sparse categorical accuracy: 93.00

round  3, metrics=<sparse_categorical_accuracy=0.9853333234786987,loss=0.051500122994184494>
10.4640 seconds
Tested. Sparse categorical accuracy: 94.00

round  4, metrics=<sparse_categorical_accuracy=0.9810000061988831,loss=0.07586728036403656>
10.5953 seconds
Tested. Sparse categorical accuracy: 82.00

round  5, metrics=<sparse_categorical_accuracy=0.984250009059906,loss=0.06435078382492065>
10.4263 seconds
Tested. Sparse categorical accuracy: 97.00

round  6, metrics=<sparse_categorical_accuracy=0.9941666722297668,loss=0.020607851445674896>
10.6824 seconds
Tested. Sparse categorical accuracy: 98.00

round  7, metrics=<sparse_categorical_accuracy=0.9953333139419556,loss=0.019970081746578217>
10.5235 seconds
Tested. Sparse categorical accuracy: 95.00

round  8, metrics=<sparse_categorical_accuracy=0.9963333606719971,loss=0.011514648795127869>
10.5009 seconds
Tested. Sparse categorical accuracy: 98.00

round  9, metrics=<sparse_categorical_accuracy=0.996749997138977,loss=0.014393951743841171>
10.5073 seconds
Tested. Sparse categorical accuracy: 98.00

round 10, metrics=<sparse_categorical_accuracy=0.9955000281333923,loss=0.015769802033901215>
10.8054 seconds
Tested. Sparse categorical accuracy: 96.00

round 11, metrics=<sparse_categorical_accuracy=0.997083306312561,loss=0.009471368975937366>
10.5526 seconds
Tested. Sparse categorical accuracy: 96.00

round 12, metrics=<sparse_categorical_accuracy=0.9941666722297668,loss=0.025206055492162704>
10.5807 seconds
Tested. Sparse categorical accuracy: 97.00

round 13, metrics=<sparse_categorical_accuracy=0.996749997138977,loss=0.011374584399163723>
10.5518 seconds
Tested. Sparse categorical accuracy: 98.00

round 14, metrics=<sparse_categorical_accuracy=0.996833324432373,loss=0.012782071717083454>
10.6002 seconds
Tested. Sparse categorical accuracy: 99.00

Target accuracy reached after  14  rounds
Average time per round: 10.00

2020-05-09 06:09:52.461713
