
TENSORFLOW USERS:
You must use the python3.6-anaconda/5.2.0 module to run TensorFlow.
See https://arc-ts.umich.edu/greatlakes/software/tensorflow for more
information.



The following have been reloaded with a version change:
  1) cuda/10.0.130 => cuda/10.1.105


Currently Loaded Modules:
  1) python3.7-anaconda/2019.07   2) cudnn/10.0-v7.6   3) cuda/10.1.105

 

mkdir: cannot create directory ‘results/6025730’: File exists
mkdir: cannot create directory ‘results/6025730/log’: File exists
Test  14
2020-05-07 15:38:13.147996


Schema 1: Each client partially IID
--------------------------------------------------
percent data distributed IID:  20
number of classes for non-IID data:  2
data points per client (mean, std dev): ( 600 ,  0 )
--------------------------------------------------

round  1, metrics=<sparse_categorical_accuracy=0.8454095125198364,loss=0.5067311525344849>
133.5156 seconds
Tested. Sparse categorical accuracy: 76.00

round  2, metrics=<sparse_categorical_accuracy=0.9594285488128662,loss=0.14858822524547577>
130.9608 seconds
Tested. Sparse categorical accuracy: 93.00

round  3, metrics=<sparse_categorical_accuracy=0.9834619164466858,loss=0.06376074999570847>
131.3809 seconds
Tested. Sparse categorical accuracy: 97.00

round  4, metrics=<sparse_categorical_accuracy=0.9907143115997314,loss=0.034788601100444794>
131.4850 seconds
Tested. Sparse categorical accuracy: 97.00

round  5, metrics=<sparse_categorical_accuracy=0.9930475950241089,loss=0.025601670145988464>
130.5283 seconds
Tested. Sparse categorical accuracy: 98.00

round  6, metrics=<sparse_categorical_accuracy=0.9950952529907227,loss=0.018109237775206566>
131.1632 seconds
Tested. Sparse categorical accuracy: 99.00

Target accuracy reached after  6  rounds
Average time per round: 131.00

2020-05-07 15:51:33.055330
