
TENSORFLOW USERS:
You must use the python3.6-anaconda/5.2.0 module to run TensorFlow.
See https://arc-ts.umich.edu/greatlakes/software/tensorflow for more
information.



The following have been reloaded with a version change:
  1) cuda/10.0.130 => cuda/10.1.105


Currently Loaded Modules:
  1) python3.7-anaconda/2019.07   2) cudnn/10.0-v7.6   3) cuda/10.1.105

 

mkdir: cannot create directory ‘results/6025730’: File exists
mkdir: cannot create directory ‘results/6025730/log’: File exists
Test  94
2020-05-07 18:13:11.043640


Schema 1: Each client partially IID
--------------------------------------------------
percent data distributed IID:  40
number of classes for non-IID data:  2
data points per client (mean, std dev): ( 600 ,  0 )
--------------------------------------------------

round  1, metrics=<sparse_categorical_accuracy=0.7876805663108826,loss=0.6685276031494141>
47.3925 seconds
Tested. Sparse categorical accuracy: 74.00

round  2, metrics=<sparse_categorical_accuracy=0.9538194537162781,loss=0.1647801548242569>
45.6673 seconds
Tested. Sparse categorical accuracy: 96.00

round  3, metrics=<sparse_categorical_accuracy=0.9826111197471619,loss=0.06303037703037262>
45.5865 seconds
Tested. Sparse categorical accuracy: 97.00

round  4, metrics=<sparse_categorical_accuracy=0.9909722208976746,loss=0.03423858806490898>
46.2144 seconds
Tested. Sparse categorical accuracy: 96.00

round  5, metrics=<sparse_categorical_accuracy=0.9916666746139526,loss=0.03301597759127617>
45.7878 seconds
Tested. Sparse categorical accuracy: 93.00

round  6, metrics=<sparse_categorical_accuracy=0.9937499761581421,loss=0.023983728140592575>
46.1939 seconds
Tested. Sparse categorical accuracy: 97.00

round  7, metrics=<sparse_categorical_accuracy=0.9940972328186035,loss=0.02294570952653885>
46.5146 seconds
Tested. Sparse categorical accuracy: 96.00

round  8, metrics=<sparse_categorical_accuracy=0.9949027895927429,loss=0.019231809303164482>
46.0097 seconds
Tested. Sparse categorical accuracy: 95.00

round  9, metrics=<sparse_categorical_accuracy=0.9956944584846497,loss=0.016536517068743706>
45.4955 seconds
Tested. Sparse categorical accuracy: 98.00

round 10, metrics=<sparse_categorical_accuracy=0.9969305396080017,loss=0.011266032233834267>
46.0022 seconds
Tested. Sparse categorical accuracy: 97.00

round 11, metrics=<sparse_categorical_accuracy=0.9963194727897644,loss=0.012150506488978863>
46.1409 seconds
Tested. Sparse categorical accuracy: 100.00

Target accuracy reached after  11  rounds
Average time per round: 46.00

2020-05-07 18:21:49.190617
