
TENSORFLOW USERS:
You must use the python3.6-anaconda/5.2.0 module to run TensorFlow.
See https://arc-ts.umich.edu/greatlakes/software/tensorflow for more
information.



The following have been reloaded with a version change:
  1) cuda/10.0.130 => cuda/10.1.105


Currently Loaded Modules:
  1) python3.7-anaconda/2019.07   2) cudnn/10.0-v7.6   3) cuda/10.1.105

 

mkdir: cannot create directory ‘results/6025730’: File exists
mkdir: cannot create directory ‘results/6025730/log’: File exists
Test  249
2020-05-08 02:24:50.294544


Schema 1: Each client partially IID
--------------------------------------------------
percent data distributed IID:  40
number of classes for non-IID data:  2
data points per client (mean, std dev): ( 600 ,  0 )
--------------------------------------------------

round  1, metrics=<sparse_categorical_accuracy=0.8204166889190674,loss=0.5759605765342712>
102.2033 seconds
Tested. Sparse categorical accuracy: 82.00

round  2, metrics=<sparse_categorical_accuracy=0.9613181948661804,loss=0.13586223125457764>
97.8037 seconds
Tested. Sparse categorical accuracy: 93.00

round  3, metrics=<sparse_categorical_accuracy=0.9871590733528137,loss=0.0440707802772522>
99.2150 seconds
Tested. Sparse categorical accuracy: 96.00

round  4, metrics=<sparse_categorical_accuracy=0.9906136393547058,loss=0.03477354720234871>
95.9191 seconds
Tested. Sparse categorical accuracy: 96.00

round  5, metrics=<sparse_categorical_accuracy=0.9919999837875366,loss=0.029132897034287453>
99.9076 seconds
Tested. Sparse categorical accuracy: 94.00

round  6, metrics=<sparse_categorical_accuracy=0.9934621453285217,loss=0.024566560983657837>
96.3845 seconds
Tested. Sparse categorical accuracy: 97.00

round  7, metrics=<sparse_categorical_accuracy=0.9939772486686707,loss=0.021697426214814186>
102.2316 seconds
Tested. Sparse categorical accuracy: 100.00

Target accuracy reached after  7  rounds
Average time per round: 99.00

2020-05-08 02:36:35.208154
