
TENSORFLOW USERS:
You must use the python3.6-anaconda/5.2.0 module to run TensorFlow.
See https://arc-ts.umich.edu/greatlakes/software/tensorflow for more
information.



The following have been reloaded with a version change:
  1) cuda/10.0.130 => cuda/10.1.105


Currently Loaded Modules:
  1) python3.7-anaconda/2019.07   2) cudnn/10.0-v7.6   3) cuda/10.1.105

 

mkdir: cannot create directory ‘results/6025730’: File exists
mkdir: cannot create directory ‘results/6025730/log’: File exists
Test  429
2020-05-08 11:10:25.752766


Schema 1: Each client partially IID
--------------------------------------------------
percent data distributed IID:  80
number of classes for non-IID data:  2
data points per client (mean, std dev): ( 600 ,  0 )
--------------------------------------------------

round  1, metrics=<sparse_categorical_accuracy=0.8003560900688171,loss=0.6016614437103271>
84.0601 seconds
Tested. Sparse categorical accuracy: 91.00

round  2, metrics=<sparse_categorical_accuracy=0.9795151352882385,loss=0.07099364697933197>
83.2599 seconds
Tested. Sparse categorical accuracy: 95.00

round  3, metrics=<sparse_categorical_accuracy=0.9878408908843994,loss=0.044396545737981796>
82.1483 seconds
Tested. Sparse categorical accuracy: 96.00

round  4, metrics=<sparse_categorical_accuracy=0.9901742339134216,loss=0.036593228578567505>
82.2633 seconds
Tested. Sparse categorical accuracy: 99.00

Target accuracy reached after  4  rounds
Average time per round: 82.00

2020-05-08 11:16:07.311652
