
TENSORFLOW USERS:
You must use the python3.6-anaconda/5.2.0 module to run TensorFlow.
See https://arc-ts.umich.edu/greatlakes/software/tensorflow for more
information.



The following have been reloaded with a version change:
  1) cuda/10.0.130 => cuda/10.1.105


Currently Loaded Modules:
  1) python3.7-anaconda/2019.07   2) cudnn/10.0-v7.6   3) cuda/10.1.105

 

mkdir: cannot create directory ‘results/6025730’: File exists
mkdir: cannot create directory ‘results/6025730/log’: File exists
Test  314
2020-05-08 06:08:09.191722


Schema 1: Each client partially IID
--------------------------------------------------
percent data distributed IID:  20
number of classes for non-IID data:  2
data points per client (mean, std dev): ( 600 ,  0 )
--------------------------------------------------

round  1, metrics=<sparse_categorical_accuracy=0.8461619019508362,loss=0.5009755492210388>
130.7113 seconds
Tested. Sparse categorical accuracy: 72.00

round  2, metrics=<sparse_categorical_accuracy=0.9634618759155273,loss=0.13245411217212677>
128.7087 seconds
Tested. Sparse categorical accuracy: 93.00

round  3, metrics=<sparse_categorical_accuracy=0.9846952557563782,loss=0.05798042193055153>
129.2704 seconds
Tested. Sparse categorical accuracy: 98.00

round  4, metrics=<sparse_categorical_accuracy=0.9911237955093384,loss=0.03303460404276848>
128.3990 seconds
Tested. Sparse categorical accuracy: 94.00

round  5, metrics=<sparse_categorical_accuracy=0.9921047687530518,loss=0.02950231544673443>
130.5879 seconds
Tested. Sparse categorical accuracy: 97.00

round  6, metrics=<sparse_categorical_accuracy=0.9958381056785583,loss=0.015496013686060905>
129.1479 seconds
Tested. Sparse categorical accuracy: 99.00

Target accuracy reached after  6  rounds
Average time per round: 129.00

2020-05-08 06:21:16.682211
