
TENSORFLOW USERS:
You must use the python3.6-anaconda/5.2.0 module to run TensorFlow.
See https://arc-ts.umich.edu/greatlakes/software/tensorflow for more
information.



The following have been reloaded with a version change:
  1) cuda/10.0.130 => cuda/10.1.105


Currently Loaded Modules:
  1) python3.7-anaconda/2019.07   2) cudnn/10.0-v7.6   3) cuda/10.1.105

 

mkdir: cannot create directory ‘results/6025730’: File exists
mkdir: cannot create directory ‘results/6025730/log’: File exists
Test  313
2020-05-08 06:02:04.982297


Schema 1: Each client partially IID
--------------------------------------------------
percent data distributed IID:  20
number of classes for non-IID data:  2
data points per client (mean, std dev): ( 600 ,  0 )
--------------------------------------------------

round  1, metrics=<sparse_categorical_accuracy=0.8423222303390503,loss=0.5050743818283081>
114.1615 seconds
Tested. Sparse categorical accuracy: 78.00

round  2, metrics=<sparse_categorical_accuracy=0.9618555307388306,loss=0.13902053236961365>
112.6691 seconds
Tested. Sparse categorical accuracy: 94.00

round  3, metrics=<sparse_categorical_accuracy=0.9801444411277771,loss=0.07395048439502716>
110.5748 seconds
Tested. Sparse categorical accuracy: 96.00

round  4, metrics=<sparse_categorical_accuracy=0.9935166835784912,loss=0.023384850472211838>
111.0119 seconds
Tested. Sparse categorical accuracy: 93.00

round  5, metrics=<sparse_categorical_accuracy=0.9915944337844849,loss=0.034171268343925476>
111.1404 seconds
Tested. Sparse categorical accuracy: 98.00

round  6, metrics=<sparse_categorical_accuracy=0.9941055774688721,loss=0.02153780125081539>
110.7877 seconds
Tested. Sparse categorical accuracy: 99.00

Target accuracy reached after  6  rounds
Average time per round: 111.00

2020-05-08 06:13:26.181828
