
TENSORFLOW USERS:
You must use the python3.6-anaconda/5.2.0 module to run TensorFlow.
See https://arc-ts.umich.edu/greatlakes/software/tensorflow for more
information.



The following have been reloaded with a version change:
  1) cuda/10.0.130 => cuda/10.1.105


Currently Loaded Modules:
  1) python3.7-anaconda/2019.07   2) cudnn/10.0-v7.6   3) cuda/10.1.105

 

mkdir: cannot create directory ‘results/6025730’: File exists
mkdir: cannot create directory ‘results/6025730/log’: File exists
Test  62
2020-05-07 16:53:31.834775


Schema 1: Each client partially IID
--------------------------------------------------
percent data distributed IID:  100
number of classes for non-IID data:  2
data points per client (mean, std dev): ( 600 ,  0 )
--------------------------------------------------

round  1, metrics=<sparse_categorical_accuracy=0.8575666546821594,loss=0.4192632734775543>
20.7342 seconds
Tested. Sparse categorical accuracy: 98.00

round  2, metrics=<sparse_categorical_accuracy=0.9858999848365784,loss=0.049543846398591995>
21.0444 seconds
Tested. Sparse categorical accuracy: 96.00

round  3, metrics=<sparse_categorical_accuracy=0.9884666800498962,loss=0.04158065468072891>
19.6817 seconds
Tested. Sparse categorical accuracy: 96.00

round  4, metrics=<sparse_categorical_accuracy=0.9908333420753479,loss=0.031170234084129333>
21.0049 seconds
Tested. Sparse categorical accuracy: 98.00

round  5, metrics=<sparse_categorical_accuracy=0.9926000237464905,loss=0.027363501489162445>
21.0171 seconds
Tested. Sparse categorical accuracy: 99.00

Target accuracy reached after  5  rounds
Average time per round: 20.00

2020-05-07 16:55:25.169109
