
TENSORFLOW USERS:
You must use the python3.6-anaconda/5.2.0 module to run TensorFlow.
See https://arc-ts.umich.edu/greatlakes/software/tensorflow for more
information.



The following have been reloaded with a version change:
  1) cuda/10.0.130 => cuda/10.1.105


Currently Loaded Modules:
  1) python3.7-anaconda/2019.07   2) cudnn/10.0-v7.6   3) cuda/10.1.105

 

mkdir: cannot create directory ‘results/6025730’: File exists
mkdir: cannot create directory ‘results/6025730/log’: File exists
Test  143
2020-05-07 21:19:37.922819


Schema 1: Each client partially IID
--------------------------------------------------
percent data distributed IID:  100
number of classes for non-IID data:  2
data points per client (mean, std dev): ( 600 ,  0 )
--------------------------------------------------

round  1, metrics=<sparse_categorical_accuracy=0.838908314704895,loss=0.47532525658607483>
82.1678 seconds
Tested. Sparse categorical accuracy: 97.00

round  2, metrics=<sparse_categorical_accuracy=0.9848750233650208,loss=0.05298996716737747>
86.9912 seconds
Tested. Sparse categorical accuracy: 94.00

round  3, metrics=<sparse_categorical_accuracy=0.9879166483879089,loss=0.04120292142033577>
90.5945 seconds
Tested. Sparse categorical accuracy: 97.00

round  4, metrics=<sparse_categorical_accuracy=0.9915500283241272,loss=0.03173500671982765>
85.5030 seconds
Tested. Sparse categorical accuracy: 95.00

round  5, metrics=<sparse_categorical_accuracy=0.9929083585739136,loss=0.02614717371761799>
78.5147 seconds
Tested. Sparse categorical accuracy: 95.00

round  6, metrics=<sparse_categorical_accuracy=0.9940083622932434,loss=0.02162974700331688>
74.4765 seconds
Tested. Sparse categorical accuracy: 97.00

round  7, metrics=<sparse_categorical_accuracy=0.9953500032424927,loss=0.01654394157230854>
74.2429 seconds
Tested. Sparse categorical accuracy: 97.00

round  8, metrics=<sparse_categorical_accuracy=0.9955999851226807,loss=0.01655573956668377>
70.8150 seconds
Tested. Sparse categorical accuracy: 96.00

round  9, metrics=<sparse_categorical_accuracy=0.9955000281333923,loss=0.016659965738654137>
70.5949 seconds
Tested. Sparse categorical accuracy: 97.00

round 10, metrics=<sparse_categorical_accuracy=0.9957000017166138,loss=0.015780741348862648>
71.4989 seconds
Tested. Sparse categorical accuracy: 97.00

round 11, metrics=<sparse_categorical_accuracy=0.9966250061988831,loss=0.012947206385433674>
71.2660 seconds
Tested. Sparse categorical accuracy: 99.00

Target accuracy reached after  11  rounds
Average time per round: 77.00

2020-05-07 21:34:05.623122
