
TENSORFLOW USERS:
You must use the python3.6-anaconda/5.2.0 module to run TensorFlow.
See https://arc-ts.umich.edu/greatlakes/software/tensorflow for more
information.



The following have been reloaded with a version change:
  1) cuda/10.0.130 => cuda/10.1.105


Currently Loaded Modules:
  1) python3.7-anaconda/2019.07   2) cudnn/10.0-v7.6   3) cuda/10.1.105

 

mkdir: cannot create directory ‘results/6025730’: File exists
mkdir: cannot create directory ‘results/6025730/log’: File exists
Test  553
2020-05-08 17:58:11.709673


Schema 1: Each client partially IID
--------------------------------------------------
percent data distributed IID:  40
number of classes for non-IID data:  2
data points per client (mean, std dev): ( 600 ,  0 )
--------------------------------------------------

round  1, metrics=<sparse_categorical_accuracy=0.8179444670677185,loss=0.5802627205848694>
139.1666 seconds
Tested. Sparse categorical accuracy: 92.00

round  2, metrics=<sparse_categorical_accuracy=0.9647666811943054,loss=0.12597909569740295>
137.5995 seconds
Tested. Sparse categorical accuracy: 98.00

round  3, metrics=<sparse_categorical_accuracy=0.9849500060081482,loss=0.05538386479020119>
136.1040 seconds
Tested. Sparse categorical accuracy: 96.00

round  4, metrics=<sparse_categorical_accuracy=0.9908666610717773,loss=0.034207385033369064>
137.2723 seconds
Tested. Sparse categorical accuracy: 92.00

round  5, metrics=<sparse_categorical_accuracy=0.9916722178459167,loss=0.03196606785058975>
137.5540 seconds
Tested. Sparse categorical accuracy: 96.00

round  6, metrics=<sparse_categorical_accuracy=0.9951888918876648,loss=0.017224762588739395>
137.3788 seconds
Tested. Sparse categorical accuracy: 98.00

round  7, metrics=<sparse_categorical_accuracy=0.9947111010551453,loss=0.019914155825972557>
136.8152 seconds
Tested. Sparse categorical accuracy: 97.00

round  8, metrics=<sparse_categorical_accuracy=0.995283305644989,loss=0.01655746065080166>
137.5808 seconds
Tested. Sparse categorical accuracy: 100.00

Target accuracy reached after  8  rounds
Average time per round: 137.00

2020-05-08 18:16:42.897974
