
TENSORFLOW USERS:
You must use the python3.6-anaconda/5.2.0 module to run TensorFlow.
See https://arc-ts.umich.edu/greatlakes/software/tensorflow for more
information.



The following have been reloaded with a version change:
  1) cuda/10.0.130 => cuda/10.1.105


Currently Loaded Modules:
  1) python3.7-anaconda/2019.07   2) cudnn/10.0-v7.6   3) cuda/10.1.105

 

mkdir: cannot create directory ‘results/6025730’: File exists
mkdir: cannot create directory ‘results/6025730/log’: File exists
Test  688
2020-05-09 08:05:56.050389


Schema 1: Each client partially IID
--------------------------------------------------
percent data distributed IID:  20
number of classes for non-IID data:  2
data points per client (mean, std dev): ( 600 ,  0 )
--------------------------------------------------

round  1, metrics=<sparse_categorical_accuracy=0.8302666544914246,loss=0.5532471537590027>
112.0465 seconds
Tested. Sparse categorical accuracy: 25.00

round  2, metrics=<sparse_categorical_accuracy=0.9518111348152161,loss=0.17209115624427795>
110.8518 seconds
Tested. Sparse categorical accuracy: 94.00

round  3, metrics=<sparse_categorical_accuracy=0.9823277592658997,loss=0.068913534283638>
109.8939 seconds
Tested. Sparse categorical accuracy: 94.00

round  4, metrics=<sparse_categorical_accuracy=0.9893444180488586,loss=0.03809337690472603>
110.2067 seconds
Tested. Sparse categorical accuracy: 92.00

round  5, metrics=<sparse_categorical_accuracy=0.9931777715682983,loss=0.025875749066472054>
110.6461 seconds
Tested. Sparse categorical accuracy: 96.00

round  6, metrics=<sparse_categorical_accuracy=0.99349445104599,loss=0.023959480226039886>
109.6914 seconds
Tested. Sparse categorical accuracy: 97.00

round  7, metrics=<sparse_categorical_accuracy=0.9952889084815979,loss=0.017403550446033478>
110.0427 seconds
Tested. Sparse categorical accuracy: 97.00

round  8, metrics=<sparse_categorical_accuracy=0.9935833215713501,loss=0.02445666864514351>
110.2832 seconds
Tested. Sparse categorical accuracy: 96.00

round  9, metrics=<sparse_categorical_accuracy=0.9960277676582336,loss=0.014678053557872772>
109.8777 seconds
Tested. Sparse categorical accuracy: 96.00

round 10, metrics=<sparse_categorical_accuracy=0.9964110851287842,loss=0.013844952918589115>
110.3002 seconds
Tested. Sparse categorical accuracy: 98.00

round 11, metrics=<sparse_categorical_accuracy=0.9965333342552185,loss=0.013283289037644863>
110.0359 seconds
Tested. Sparse categorical accuracy: 98.00

round 12, metrics=<sparse_categorical_accuracy=0.9960444569587708,loss=0.01467465702444315>
110.4129 seconds
Tested. Sparse categorical accuracy: 96.00

round 13, metrics=<sparse_categorical_accuracy=0.9973333477973938,loss=0.009951157495379448>
110.1494 seconds
Tested. Sparse categorical accuracy: 97.00

round 14, metrics=<sparse_categorical_accuracy=0.9970999956130981,loss=0.011112604290246964>
110.1697 seconds
Tested. Sparse categorical accuracy: 100.00

Target accuracy reached after  14  rounds
Average time per round: 110.00

2020-05-09 08:31:52.185776
