
TENSORFLOW USERS:
You must use the python3.6-anaconda/5.2.0 module to run TensorFlow.
See https://arc-ts.umich.edu/greatlakes/software/tensorflow for more
information.



The following have been reloaded with a version change:
  1) cuda/10.0.130 => cuda/10.1.105


Currently Loaded Modules:
  1) python3.7-anaconda/2019.07   2) cudnn/10.0-v7.6   3) cuda/10.1.105

 

mkdir: cannot create directory ‘results/6025730’: File exists
mkdir: cannot create directory ‘results/6025730/log’: File exists
Test  395
2020-05-08 09:49:39.516128


Schema 1: Each client partially IID
--------------------------------------------------
percent data distributed IID:  40
number of classes for non-IID data:  2
data points per client (mean, std dev): ( 600 ,  0 )
--------------------------------------------------

round  1, metrics=<sparse_categorical_accuracy=0.8258452415466309,loss=0.5796067118644714>
59.0408 seconds
Tested. Sparse categorical accuracy: 70.00

round  2, metrics=<sparse_categorical_accuracy=0.9537143111228943,loss=0.16439737379550934>
56.6527 seconds
Tested. Sparse categorical accuracy: 92.00

round  3, metrics=<sparse_categorical_accuracy=0.9837976098060608,loss=0.05733565241098404>
56.6047 seconds
Tested. Sparse categorical accuracy: 96.00

round  4, metrics=<sparse_categorical_accuracy=0.9860000014305115,loss=0.051884133368730545>
60.8153 seconds
Tested. Sparse categorical accuracy: 97.00

round  5, metrics=<sparse_categorical_accuracy=0.9914880990982056,loss=0.032027117908000946>
60.1567 seconds
Tested. Sparse categorical accuracy: 98.00

round  6, metrics=<sparse_categorical_accuracy=0.989630937576294,loss=0.03824774548411369>
56.7528 seconds
Tested. Sparse categorical accuracy: 98.00

round  7, metrics=<sparse_categorical_accuracy=0.9942142963409424,loss=0.020643707364797592>
57.1624 seconds
Tested. Sparse categorical accuracy: 95.00

round  8, metrics=<sparse_categorical_accuracy=0.9959404468536377,loss=0.015281555242836475>
60.1577 seconds
Tested. Sparse categorical accuracy: 99.00

Target accuracy reached after  8  rounds
Average time per round: 58.00

2020-05-08 09:57:37.853262
