
TENSORFLOW USERS:
You must use the python3.6-anaconda/5.2.0 module to run TensorFlow.
See https://arc-ts.umich.edu/greatlakes/software/tensorflow for more
information.



The following have been reloaded with a version change:
  1) cuda/10.0.130 => cuda/10.1.105


Currently Loaded Modules:
  1) python3.7-anaconda/2019.07   2) cudnn/10.0-v7.6   3) cuda/10.1.105

 

mkdir: cannot create directory ‘results/6025730’: File exists
mkdir: cannot create directory ‘results/6025730/log’: File exists
Test  514
2020-05-08 15:14:35.152759


Schema 1: Each client partially IID
--------------------------------------------------
percent data distributed IID:  100
number of classes for non-IID data:  2
data points per client (mean, std dev): ( 600 ,  0 )
--------------------------------------------------

round  1, metrics=<sparse_categorical_accuracy=0.847944438457489,loss=0.45094600319862366>
56.9955 seconds
Tested. Sparse categorical accuracy: 96.00

round  2, metrics=<sparse_categorical_accuracy=0.9849027991294861,loss=0.052175942808389664>
54.6000 seconds
Tested. Sparse categorical accuracy: 95.00

round  3, metrics=<sparse_categorical_accuracy=0.9875277876853943,loss=0.043545447289943695>
56.8270 seconds
Tested. Sparse categorical accuracy: 97.00

round  4, metrics=<sparse_categorical_accuracy=0.9926527738571167,loss=0.026430446654558182>
53.9543 seconds
Tested. Sparse categorical accuracy: 99.00

Target accuracy reached after  4  rounds
Average time per round: 55.00

2020-05-08 15:18:32.159556
