
TENSORFLOW USERS:
You must use the python3.6-anaconda/5.2.0 module to run TensorFlow.
See https://arc-ts.umich.edu/greatlakes/software/tensorflow for more
information.



The following have been reloaded with a version change:
  1) cuda/10.0.130 => cuda/10.1.105


Currently Loaded Modules:
  1) python3.7-anaconda/2019.07   2) cudnn/10.0-v7.6   3) cuda/10.1.105

 

mkdir: cannot create directory ‘results/6025730’: File exists
mkdir: cannot create directory ‘results/6025730/log’: File exists
Test  602
2020-05-08 22:03:34.979536


Schema 1: Each client partially IID
--------------------------------------------------
percent data distributed IID:  20
number of classes for non-IID data:  2
data points per client (mean, std dev): ( 600 ,  0 )
--------------------------------------------------

round  1, metrics=<sparse_categorical_accuracy=0.8318333625793457,loss=0.5421782732009888>
20.9991 seconds
Tested. Sparse categorical accuracy: 76.00

round  2, metrics=<sparse_categorical_accuracy=0.963699996471405,loss=0.12771478295326233>
20.5500 seconds
Tested. Sparse categorical accuracy: 93.00

round  3, metrics=<sparse_categorical_accuracy=0.9739333391189575,loss=0.10149890184402466>
20.3899 seconds
Tested. Sparse categorical accuracy: 87.00

round  4, metrics=<sparse_categorical_accuracy=0.9940999746322632,loss=0.021345393732190132>
20.6529 seconds
Tested. Sparse categorical accuracy: 91.00

round  5, metrics=<sparse_categorical_accuracy=0.9904666543006897,loss=0.04004477709531784>
21.1023 seconds
Tested. Sparse categorical accuracy: 97.00

round  6, metrics=<sparse_categorical_accuracy=0.9960333108901978,loss=0.014901827089488506>
21.0864 seconds
Tested. Sparse categorical accuracy: 100.00

Target accuracy reached after  6  rounds
Average time per round: 20.00

2020-05-08 22:05:50.656663
