
TENSORFLOW USERS:
You must use the python3.6-anaconda/5.2.0 module to run TensorFlow.
See https://arc-ts.umich.edu/greatlakes/software/tensorflow for more
information.



The following have been reloaded with a version change:
  1) cuda/10.0.130 => cuda/10.1.105


Currently Loaded Modules:
  1) python3.7-anaconda/2019.07   2) cudnn/10.0-v7.6   3) cuda/10.1.105

 

mkdir: cannot create directory ‘results/6025730’: File exists
mkdir: cannot create directory ‘results/6025730/log’: File exists
Test  741
2020-05-09 18:05:39.410168


Schema 1: Each client partially IID
--------------------------------------------------
percent data distributed IID:  100
number of classes for non-IID data:  2
data points per client (mean, std dev): ( 600 ,  0 )
--------------------------------------------------

round  1, metrics=<sparse_categorical_accuracy=0.8504999876022339,loss=0.4411182999610901>
61.7585 seconds
Tested. Sparse categorical accuracy: 92.00

round  2, metrics=<sparse_categorical_accuracy=0.9821875095367432,loss=0.060710981488227844>
60.7287 seconds
Tested. Sparse categorical accuracy: 99.00

Target accuracy reached after  2  rounds
Average time per round: 61.00

2020-05-09 18:07:51.110646
