
TENSORFLOW USERS:
You must use the python3.6-anaconda/5.2.0 module to run TensorFlow.
See https://arc-ts.umich.edu/greatlakes/software/tensorflow for more
information.



The following have been reloaded with a version change:
  1) cuda/10.0.130 => cuda/10.1.105


Currently Loaded Modules:
  1) python3.7-anaconda/2019.07   2) cudnn/10.0-v7.6   3) cuda/10.1.105

 

mkdir: cannot create directory ‘results/6025730’: File exists
mkdir: cannot create directory ‘results/6025730/log’: File exists
Test  638
2020-05-09 02:19:14.584760


Schema 1: Each client partially IID
--------------------------------------------------
percent data distributed IID:  60
number of classes for non-IID data:  2
data points per client (mean, std dev): ( 600 ,  0 )
--------------------------------------------------

round  1, metrics=<sparse_categorical_accuracy=0.7922416925430298,loss=0.6335340738296509>
74.3138 seconds
Tested. Sparse categorical accuracy: 93.00

round  2, metrics=<sparse_categorical_accuracy=0.9722416400909424,loss=0.09801939874887466>
71.5960 seconds
Tested. Sparse categorical accuracy: 93.00

round  3, metrics=<sparse_categorical_accuracy=0.9841166734695435,loss=0.058839358389377594>
75.0732 seconds
Tested. Sparse categorical accuracy: 93.00

round  4, metrics=<sparse_categorical_accuracy=0.9925249814987183,loss=0.026793085038661957>
72.5126 seconds
Tested. Sparse categorical accuracy: 96.00

round  5, metrics=<sparse_categorical_accuracy=0.9929916858673096,loss=0.025891853496432304>
74.6344 seconds
Tested. Sparse categorical accuracy: 97.00

round  6, metrics=<sparse_categorical_accuracy=0.9941916465759277,loss=0.021960213780403137>
72.2520 seconds
Tested. Sparse categorical accuracy: 100.00

Target accuracy reached after  6  rounds
Average time per round: 73.00

2020-05-09 02:26:45.443472
