
TENSORFLOW USERS:
You must use the python3.6-anaconda/5.2.0 module to run TensorFlow.
See https://arc-ts.umich.edu/greatlakes/software/tensorflow for more
information.



The following have been reloaded with a version change:
  1) cuda/10.0.130 => cuda/10.1.105


Currently Loaded Modules:
  1) python3.7-anaconda/2019.07   2) cudnn/10.0-v7.6   3) cuda/10.1.105

 

mkdir: cannot create directory ‘results/6025730’: File exists
mkdir: cannot create directory ‘results/6025730/log’: File exists
Test  19
2020-05-07 15:50:17.969283


Schema 1: Each client partially IID
--------------------------------------------------
percent data distributed IID:  40
number of classes for non-IID data:  2
data points per client (mean, std dev): ( 600 ,  0 )
--------------------------------------------------

round  1, metrics=<sparse_categorical_accuracy=0.8000972270965576,loss=0.645204484462738>
48.5332 seconds
Tested. Sparse categorical accuracy: 8.00

round  2, metrics=<sparse_categorical_accuracy=0.9550416469573975,loss=0.15025636553764343>
46.7543 seconds
Tested. Sparse categorical accuracy: 92.00

round  3, metrics=<sparse_categorical_accuracy=0.9832083582878113,loss=0.06357046216726303>
46.8518 seconds
Tested. Sparse categorical accuracy: 95.00

round  4, metrics=<sparse_categorical_accuracy=0.9903194308280945,loss=0.03616119548678398>
46.9046 seconds
Tested. Sparse categorical accuracy: 96.00

round  5, metrics=<sparse_categorical_accuracy=0.9939028024673462,loss=0.022542709484696388>
46.3341 seconds
Tested. Sparse categorical accuracy: 98.00

round  6, metrics=<sparse_categorical_accuracy=0.9905972480773926,loss=0.035619862377643585>
46.7012 seconds
Tested. Sparse categorical accuracy: 96.00

round  7, metrics=<sparse_categorical_accuracy=0.9959583282470703,loss=0.014793246984481812>
45.7418 seconds
Tested. Sparse categorical accuracy: 97.00

round  8, metrics=<sparse_categorical_accuracy=0.9945277571678162,loss=0.019567174836993217>
46.8529 seconds
Tested. Sparse categorical accuracy: 98.00

round  9, metrics=<sparse_categorical_accuracy=0.9963889122009277,loss=0.01444263570010662>
45.8621 seconds
Tested. Sparse categorical accuracy: 99.00

Target accuracy reached after  9  rounds
Average time per round: 46.00

2020-05-07 15:57:29.602122
