
TENSORFLOW USERS:
You must use the python3.6-anaconda/5.2.0 module to run TensorFlow.
See https://arc-ts.umich.edu/greatlakes/software/tensorflow for more
information.



The following have been reloaded with a version change:
  1) cuda/10.0.130 => cuda/10.1.105


Currently Loaded Modules:
  1) python3.7-anaconda/2019.07   2) cudnn/10.0-v7.6   3) cuda/10.1.105

 

mkdir: cannot create directory ‘results/6025730’: File exists
mkdir: cannot create directory ‘results/6025730/log’: File exists
Test  632
2020-05-09 02:03:01.504717


Schema 1: Each client partially IID
--------------------------------------------------
percent data distributed IID:  60
number of classes for non-IID data:  2
data points per client (mean, std dev): ( 600 ,  0 )
--------------------------------------------------

round  1, metrics=<sparse_categorical_accuracy=0.7954666614532471,loss=0.6240222454071045>
21.0524 seconds
Tested. Sparse categorical accuracy: 96.00

round  2, metrics=<sparse_categorical_accuracy=0.973800003528595,loss=0.09281507134437561>
20.8733 seconds
Tested. Sparse categorical accuracy: 96.00

round  3, metrics=<sparse_categorical_accuracy=0.9871000051498413,loss=0.04494558274745941>
20.7172 seconds
Tested. Sparse categorical accuracy: 96.00

round  4, metrics=<sparse_categorical_accuracy=0.9919999837875366,loss=0.02884499728679657>
19.9187 seconds
Tested. Sparse categorical accuracy: 97.00

round  5, metrics=<sparse_categorical_accuracy=0.9935333132743835,loss=0.02320593036711216>
20.5236 seconds
Tested. Sparse categorical accuracy: 98.00

round  6, metrics=<sparse_categorical_accuracy=0.9951333403587341,loss=0.018297875300049782>
20.6173 seconds
Tested. Sparse categorical accuracy: 100.00

Target accuracy reached after  6  rounds
Average time per round: 20.00

2020-05-09 02:05:15.667132
