
TENSORFLOW USERS:
You must use the python3.6-anaconda/5.2.0 module to run TensorFlow.
See https://arc-ts.umich.edu/greatlakes/software/tensorflow for more
information.



The following have been reloaded with a version change:
  1) cuda/10.0.130 => cuda/10.1.105


Currently Loaded Modules:
  1) python3.7-anaconda/2019.07   2) cudnn/10.0-v7.6   3) cuda/10.1.105

 

mkdir: cannot create directory ‘results/6025730’: File exists
mkdir: cannot create directory ‘results/6025730/log’: File exists
Test  90
2020-05-07 17:56:56.420801


Schema 1: Each client partially IID
--------------------------------------------------
percent data distributed IID:  20
number of classes for non-IID data:  2
data points per client (mean, std dev): ( 600 ,  0 )
--------------------------------------------------

round  1, metrics=<sparse_categorical_accuracy=0.814383327960968,loss=0.5903791785240173>
183.1026 seconds
Tested. Sparse categorical accuracy: 19.00

round  2, metrics=<sparse_categorical_accuracy=0.9463208317756653,loss=0.1964961588382721>
178.7493 seconds
Tested. Sparse categorical accuracy: 91.00

round  3, metrics=<sparse_categorical_accuracy=0.9801041483879089,loss=0.07597897946834564>
176.9529 seconds
Tested. Sparse categorical accuracy: 97.00

round  4, metrics=<sparse_categorical_accuracy=0.989799976348877,loss=0.038508739322423935>
177.4021 seconds
Tested. Sparse categorical accuracy: 95.00

round  5, metrics=<sparse_categorical_accuracy=0.9874458312988281,loss=0.05135910212993622>
178.3756 seconds
Tested. Sparse categorical accuracy: 92.00

round  6, metrics=<sparse_categorical_accuracy=0.9945625066757202,loss=0.0207421462982893>
180.3557 seconds
Tested. Sparse categorical accuracy: 97.00

round  7, metrics=<sparse_categorical_accuracy=0.9929999709129333,loss=0.02706507220864296>
178.1056 seconds
Tested. Sparse categorical accuracy: 95.00

round  8, metrics=<sparse_categorical_accuracy=0.9945208430290222,loss=0.02142469212412834>
181.5228 seconds
Tested. Sparse categorical accuracy: 92.00

round  9, metrics=<sparse_categorical_accuracy=0.9907875061035156,loss=0.034752007573843>
172.7840 seconds
Tested. Sparse categorical accuracy: 96.00

round 10, metrics=<sparse_categorical_accuracy=0.9965083599090576,loss=0.012825427576899529>
175.7346 seconds
Tested. Sparse categorical accuracy: 95.00

round 11, metrics=<sparse_categorical_accuracy=0.9959083199501038,loss=0.015511703677475452>
181.1028 seconds
Tested. Sparse categorical accuracy: 98.00

round 12, metrics=<sparse_categorical_accuracy=0.9963833093643188,loss=0.013070598244667053>
179.4500 seconds
Tested. Sparse categorical accuracy: 96.00

round 13, metrics=<sparse_categorical_accuracy=0.9971416592597961,loss=0.01117664109915495>
180.9760 seconds
Tested. Sparse categorical accuracy: 96.00

round 14, metrics=<sparse_categorical_accuracy=0.996649980545044,loss=0.012233566492795944>
178.6984 seconds
Tested. Sparse categorical accuracy: 100.00

Target accuracy reached after  14  rounds
Average time per round: 178.00

2020-05-07 18:38:52.535752
