
TENSORFLOW USERS:
You must use the python3.6-anaconda/5.2.0 module to run TensorFlow.
See https://arc-ts.umich.edu/greatlakes/software/tensorflow for more
information.



The following have been reloaded with a version change:
  1) cuda/10.0.130 => cuda/10.1.105


Currently Loaded Modules:
  1) python3.7-anaconda/2019.07   2) cudnn/10.0-v7.6   3) cuda/10.1.105

 

mkdir: cannot create directory ‘results/6025730’: File exists
mkdir: cannot create directory ‘results/6025730/log’: File exists
Test  259
2020-05-08 03:04:46.847970


Schema 1: Each client partially IID
--------------------------------------------------
percent data distributed IID:  60
number of classes for non-IID data:  2
data points per client (mean, std dev): ( 600 ,  0 )
--------------------------------------------------

round  1, metrics=<sparse_categorical_accuracy=0.7135139107704163,loss=0.8568426370620728>
54.5576 seconds
Tested. Sparse categorical accuracy: 91.00

round  2, metrics=<sparse_categorical_accuracy=0.9661527872085571,loss=0.1206025779247284>
53.8511 seconds
Tested. Sparse categorical accuracy: 94.00

round  3, metrics=<sparse_categorical_accuracy=0.9887916445732117,loss=0.038278255611658096>
54.2223 seconds
Tested. Sparse categorical accuracy: 96.00

round  4, metrics=<sparse_categorical_accuracy=0.9897639155387878,loss=0.03826535493135452>
53.5342 seconds
Tested. Sparse categorical accuracy: 95.00

round  5, metrics=<sparse_categorical_accuracy=0.9922500252723694,loss=0.029703674837946892>
54.1080 seconds
Tested. Sparse categorical accuracy: 95.00

round  6, metrics=<sparse_categorical_accuracy=0.9938750267028809,loss=0.022247305139899254>
52.7848 seconds
Tested. Sparse categorical accuracy: 97.00

round  7, metrics=<sparse_categorical_accuracy=0.9945416450500488,loss=0.019869957119226456>
51.3934 seconds
Tested. Sparse categorical accuracy: 100.00

Target accuracy reached after  7  rounds
Average time per round: 53.00

2020-05-08 03:11:12.353588
