
TENSORFLOW USERS:
You must use the python3.6-anaconda/5.2.0 module to run TensorFlow.
See https://arc-ts.umich.edu/greatlakes/software/tensorflow for more
information.



The following have been reloaded with a version change:
  1) cuda/10.0.130 => cuda/10.1.105


Currently Loaded Modules:
  1) python3.7-anaconda/2019.07   2) cudnn/10.0-v7.6   3) cuda/10.1.105

 

mkdir: cannot create directory ‘results/6025730’: File exists
mkdir: cannot create directory ‘results/6025730/log’: File exists
Test  546
2020-05-08 17:23:56.780349


Schema 1: Each client partially IID
--------------------------------------------------
percent data distributed IID:  40
number of classes for non-IID data:  2
data points per client (mean, std dev): ( 600 ,  0 )
--------------------------------------------------

round  1, metrics=<sparse_categorical_accuracy=0.7977291941642761,loss=0.6444650888442993>
76.0331 seconds
Tested. Sparse categorical accuracy: 75.00

round  2, metrics=<sparse_categorical_accuracy=0.9640416502952576,loss=0.12572292983531952>
74.6024 seconds
Tested. Sparse categorical accuracy: 96.00

round  3, metrics=<sparse_categorical_accuracy=0.9825521111488342,loss=0.06844262033700943>
73.7646 seconds
Tested. Sparse categorical accuracy: 97.00

round  4, metrics=<sparse_categorical_accuracy=0.9919166564941406,loss=0.028035130351781845>
74.8420 seconds
Tested. Sparse categorical accuracy: 91.00

round  5, metrics=<sparse_categorical_accuracy=0.9926562309265137,loss=0.02776739001274109>
73.8982 seconds
Tested. Sparse categorical accuracy: 95.00

round  6, metrics=<sparse_categorical_accuracy=0.9939166903495789,loss=0.024704759940505028>
75.5125 seconds
Tested. Sparse categorical accuracy: 98.00

round  7, metrics=<sparse_categorical_accuracy=0.9950520992279053,loss=0.019168922677636147>
74.0084 seconds
Tested. Sparse categorical accuracy: 98.00

round  8, metrics=<sparse_categorical_accuracy=0.9954895973205566,loss=0.017346516251564026>
73.2034 seconds
Tested. Sparse categorical accuracy: 100.00

Target accuracy reached after  8  rounds
Average time per round: 74.00

2020-05-08 17:34:04.394575
