
TENSORFLOW USERS:
You must use the python3.6-anaconda/5.2.0 module to run TensorFlow.
See https://arc-ts.umich.edu/greatlakes/software/tensorflow for more
information.



The following have been reloaded with a version change:
  1) cuda/10.0.130 => cuda/10.1.105


Currently Loaded Modules:
  1) python3.7-anaconda/2019.07   2) cudnn/10.0-v7.6   3) cuda/10.1.105

 

mkdir: cannot create directory ‘results/6025730’: File exists
mkdir: cannot create directory ‘results/6025730/log’: File exists
Test  333
2020-05-08 06:56:13.959421


Schema 1: Each client partially IID
--------------------------------------------------
percent data distributed IID:  60
number of classes for non-IID data:  2
data points per client (mean, std dev): ( 600 ,  0 )
--------------------------------------------------

round  1, metrics=<sparse_categorical_accuracy=0.7961333394050598,loss=0.6267575025558472>
41.7852 seconds
Tested. Sparse categorical accuracy: 92.00

round  2, metrics=<sparse_categorical_accuracy=0.9671499729156494,loss=0.11699352413415909>
42.2316 seconds
Tested. Sparse categorical accuracy: 96.00

round  3, metrics=<sparse_categorical_accuracy=0.9872833490371704,loss=0.04809882119297981>
41.1159 seconds
Tested. Sparse categorical accuracy: 96.00

round  4, metrics=<sparse_categorical_accuracy=0.9904999732971191,loss=0.03375333920121193>
43.2259 seconds
Tested. Sparse categorical accuracy: 94.00

round  5, metrics=<sparse_categorical_accuracy=0.9926666617393494,loss=0.026783179491758347>
41.0958 seconds
Tested. Sparse categorical accuracy: 99.00

Target accuracy reached after  5  rounds
Average time per round: 41.00

2020-05-08 06:59:53.812665
