
TENSORFLOW USERS:
You must use the python3.6-anaconda/5.2.0 module to run TensorFlow.
See https://arc-ts.umich.edu/greatlakes/software/tensorflow for more
information.



The following have been reloaded with a version change:
  1) cuda/10.0.130 => cuda/10.1.105


Currently Loaded Modules:
  1) python3.7-anaconda/2019.07   2) cudnn/10.0-v7.6   3) cuda/10.1.105

 

mkdir: cannot create directory ‘results/6025730’: File exists
mkdir: cannot create directory ‘results/6025730/log’: File exists
Test  478
2020-05-08 13:13:36.992059


Schema 1: Each client partially IID
--------------------------------------------------
percent data distributed IID:  40
number of classes for non-IID data:  2
data points per client (mean, std dev): ( 600 ,  0 )
--------------------------------------------------

round  1, metrics=<sparse_categorical_accuracy=0.7889611124992371,loss=0.6649496555328369>
117.2017 seconds
Tested. Sparse categorical accuracy: 66.00

round  2, metrics=<sparse_categorical_accuracy=0.9472944736480713,loss=0.1890411525964737>
115.3382 seconds
Tested. Sparse categorical accuracy: 94.00

round  3, metrics=<sparse_categorical_accuracy=0.9881777763366699,loss=0.04163787513971329>
113.1743 seconds
Tested. Sparse categorical accuracy: 96.00

round  4, metrics=<sparse_categorical_accuracy=0.985188901424408,loss=0.05476197227835655>
116.0206 seconds
Tested. Sparse categorical accuracy: 98.00

round  5, metrics=<sparse_categorical_accuracy=0.9942333102226257,loss=0.020338717848062515>
114.1224 seconds
Tested. Sparse categorical accuracy: 98.00

round  6, metrics=<sparse_categorical_accuracy=0.994183361530304,loss=0.021449638530611992>
114.2445 seconds
Tested. Sparse categorical accuracy: 99.00

Target accuracy reached after  6  rounds
Average time per round: 115.00

2020-05-08 13:25:17.483521
