
TENSORFLOW USERS:
You must use the python3.6-anaconda/5.2.0 module to run TensorFlow.
See https://arc-ts.umich.edu/greatlakes/software/tensorflow for more
information.



The following have been reloaded with a version change:
  1) cuda/10.0.130 => cuda/10.1.105


Currently Loaded Modules:
  1) python3.7-anaconda/2019.07   2) cudnn/10.0-v7.6   3) cuda/10.1.105

 

mkdir: cannot create directory ‘results/6025730’: File exists
mkdir: cannot create directory ‘results/6025730/log’: File exists
Test  245
2020-05-08 02:13:40.985211


Schema 1: Each client partially IID
--------------------------------------------------
percent data distributed IID:  40
number of classes for non-IID data:  2
data points per client (mean, std dev): ( 600 ,  0 )
--------------------------------------------------

round  1, metrics=<sparse_categorical_accuracy=0.7859880924224854,loss=0.6805434823036194>
61.1446 seconds
Tested. Sparse categorical accuracy: 80.00

round  2, metrics=<sparse_categorical_accuracy=0.9668571352958679,loss=0.11591994762420654>
59.7537 seconds
Tested. Sparse categorical accuracy: 93.00

round  3, metrics=<sparse_categorical_accuracy=0.9871190190315247,loss=0.047646161168813705>
56.5691 seconds
Tested. Sparse categorical accuracy: 96.00

round  4, metrics=<sparse_categorical_accuracy=0.9863690733909607,loss=0.053173527121543884>
62.0740 seconds
Tested. Sparse categorical accuracy: 96.00

round  5, metrics=<sparse_categorical_accuracy=0.9908690452575684,loss=0.03147445619106293>
61.2137 seconds
Tested. Sparse categorical accuracy: 92.00

round  6, metrics=<sparse_categorical_accuracy=0.994940459728241,loss=0.01937483437359333>
59.6692 seconds
Tested. Sparse categorical accuracy: 95.00

round  7, metrics=<sparse_categorical_accuracy=0.9950000047683716,loss=0.019468970596790314>
61.0894 seconds
Tested. Sparse categorical accuracy: 99.00

Target accuracy reached after  7  rounds
Average time per round: 60.00

2020-05-08 02:20:53.804016
