
TENSORFLOW USERS:
You must use the python3.6-anaconda/5.2.0 module to run TensorFlow.
See https://arc-ts.umich.edu/greatlakes/software/tensorflow for more
information.



The following have been reloaded with a version change:
  1) cuda/10.0.130 => cuda/10.1.105


Currently Loaded Modules:
  1) python3.7-anaconda/2019.07   2) cudnn/10.0-v7.6   3) cuda/10.1.105

 

mkdir: cannot create directory ‘results/6025730’: File exists
mkdir: cannot create directory ‘results/6025730/log’: File exists
Test  63
2020-05-07 16:54:01.953946


Schema 1: Each client partially IID
--------------------------------------------------
percent data distributed IID:  100
number of classes for non-IID data:  2
data points per client (mean, std dev): ( 600 ,  0 )
--------------------------------------------------

round  1, metrics=<sparse_categorical_accuracy=0.8498666882514954,loss=0.444430410861969>
40.1689 seconds
Tested. Sparse categorical accuracy: 98.00

round  2, metrics=<sparse_categorical_accuracy=0.984499990940094,loss=0.054759517312049866>
40.4135 seconds
Tested. Sparse categorical accuracy: 95.00

round  3, metrics=<sparse_categorical_accuracy=0.989716649055481,loss=0.03797781839966774>
38.7056 seconds
Tested. Sparse categorical accuracy: 97.00

round  4, metrics=<sparse_categorical_accuracy=0.9918833374977112,loss=0.029771380126476288>
39.8898 seconds
Tested. Sparse categorical accuracy: 96.00

round  5, metrics=<sparse_categorical_accuracy=0.9931333065032959,loss=0.024348270148038864>
38.8699 seconds
Tested. Sparse categorical accuracy: 98.00

round  6, metrics=<sparse_categorical_accuracy=0.9942166805267334,loss=0.02178918570280075>
39.1508 seconds
Tested. Sparse categorical accuracy: 100.00

Target accuracy reached after  6  rounds
Average time per round: 39.00

2020-05-07 16:58:08.911451
