
TENSORFLOW USERS:
You must use the python3.6-anaconda/5.2.0 module to run TensorFlow.
See https://arc-ts.umich.edu/greatlakes/software/tensorflow for more
information.



The following have been reloaded with a version change:
  1) cuda/10.0.130 => cuda/10.1.105


Currently Loaded Modules:
  1) python3.7-anaconda/2019.07   2) cudnn/10.0-v7.6   3) cuda/10.1.105

 

mkdir: cannot create directory ‘results/6025730’: File exists
mkdir: cannot create directory ‘results/6025730/log’: File exists
Test  218
2020-05-08 00:58:03.264353


Schema 1: Each client partially IID
--------------------------------------------------
percent data distributed IID:  100
number of classes for non-IID data:  2
data points per client (mean, std dev): ( 600 ,  0 )
--------------------------------------------------

round  1, metrics=<sparse_categorical_accuracy=0.8442166447639465,loss=0.45707544684410095>
79.4773 seconds
Tested. Sparse categorical accuracy: 94.00

round  2, metrics=<sparse_categorical_accuracy=0.9834499955177307,loss=0.05706576630473137>
77.5863 seconds
Tested. Sparse categorical accuracy: 98.00

round  3, metrics=<sparse_categorical_accuracy=0.987975001335144,loss=0.0426228828728199>
77.2909 seconds
Tested. Sparse categorical accuracy: 94.00

round  4, metrics=<sparse_categorical_accuracy=0.9923999905586243,loss=0.02793298289179802>
77.2334 seconds
Tested. Sparse categorical accuracy: 97.00

round  5, metrics=<sparse_categorical_accuracy=0.9924666881561279,loss=0.02842472307384014>
77.6133 seconds
Tested. Sparse categorical accuracy: 99.00

Target accuracy reached after  5  rounds
Average time per round: 77.00

2020-05-08 01:04:42.259229
