
TENSORFLOW USERS:
You must use the python3.6-anaconda/5.2.0 module to run TensorFlow.
See https://arc-ts.umich.edu/greatlakes/software/tensorflow for more
information.



The following have been reloaded with a version change:
  1) cuda/10.0.130 => cuda/10.1.105


Currently Loaded Modules:
  1) python3.7-anaconda/2019.07   2) cudnn/10.0-v7.6   3) cuda/10.1.105

 

mkdir: cannot create directory ‘results/6025730’: File exists
mkdir: cannot create directory ‘results/6025730/log’: File exists
Test  387
2020-05-08 09:19:21.231073


Schema 1: Each client partially IID
--------------------------------------------------
percent data distributed IID:  20
number of classes for non-IID data:  2
data points per client (mean, std dev): ( 600 ,  0 )
--------------------------------------------------

round  1, metrics=<sparse_categorical_accuracy=0.8186725974082947,loss=0.5665948987007141>
132.9018 seconds
Tested. Sparse categorical accuracy: 36.00

round  2, metrics=<sparse_categorical_accuracy=0.9425714015960693,loss=0.20677819848060608>
129.0293 seconds
Tested. Sparse categorical accuracy: 92.00

round  3, metrics=<sparse_categorical_accuracy=0.9866130948066711,loss=0.047540660947561264>
130.5326 seconds
Tested. Sparse categorical accuracy: 96.00

round  4, metrics=<sparse_categorical_accuracy=0.9853809475898743,loss=0.058675263077020645>
129.7120 seconds
Tested. Sparse categorical accuracy: 97.00

round  5, metrics=<sparse_categorical_accuracy=0.994607150554657,loss=0.019855868071317673>
130.3794 seconds
Tested. Sparse categorical accuracy: 98.00

round  6, metrics=<sparse_categorical_accuracy=0.991303563117981,loss=0.035086773335933685>
126.1168 seconds
Tested. Sparse categorical accuracy: 98.00

round  7, metrics=<sparse_categorical_accuracy=0.9952678680419922,loss=0.016151998192071915>
124.8967 seconds
Tested. Sparse categorical accuracy: 97.00

round  8, metrics=<sparse_categorical_accuracy=0.9962261915206909,loss=0.013600279577076435>
126.7110 seconds
Tested. Sparse categorical accuracy: 99.00

Target accuracy reached after  8  rounds
Average time per round: 128.00

2020-05-08 09:36:44.106338
