
TENSORFLOW USERS:
You must use the python3.6-anaconda/5.2.0 module to run TensorFlow.
See https://arc-ts.umich.edu/greatlakes/software/tensorflow for more
information.



The following have been reloaded with a version change:
  1) cuda/10.0.130 => cuda/10.1.105


Currently Loaded Modules:
  1) python3.7-anaconda/2019.07   2) cudnn/10.0-v7.6   3) cuda/10.1.105

 

mkdir: cannot create directory ‘results/6025730’: File exists
mkdir: cannot create directory ‘results/6025730/log’: File exists
Test  451
2020-05-08 11:54:23.686352


Schema 1: Each client partially IID
--------------------------------------------------
percent data distributed IID:  20
number of classes for non-IID data:  2
data points per client (mean, std dev): ( 600 ,  0 )
--------------------------------------------------

round  1, metrics=<sparse_categorical_accuracy=0.7941666841506958,loss=0.6553206443786621>
9.8171 seconds
Tested. Sparse categorical accuracy: 56.00

round  2, metrics=<sparse_categorical_accuracy=0.9516666531562805,loss=0.16903896629810333>
9.6203 seconds
Tested. Sparse categorical accuracy: 91.00

round  3, metrics=<sparse_categorical_accuracy=0.9770833253860474,loss=0.08305210620164871>
9.6732 seconds
Tested. Sparse categorical accuracy: 92.00

round  4, metrics=<sparse_categorical_accuracy=0.9925000071525574,loss=0.03022869862616062>
9.5397 seconds
Tested. Sparse categorical accuracy: 96.00

round  5, metrics=<sparse_categorical_accuracy=0.9854166507720947,loss=0.061401691287755966>
9.4726 seconds
Tested. Sparse categorical accuracy: 96.00

round  6, metrics=<sparse_categorical_accuracy=0.9929999709129333,loss=0.025394920259714127>
9.6536 seconds
Tested. Sparse categorical accuracy: 98.00

round  7, metrics=<sparse_categorical_accuracy=0.9950833320617676,loss=0.01949669048190117>
9.5840 seconds
Tested. Sparse categorical accuracy: 96.00

round  8, metrics=<sparse_categorical_accuracy=0.9956666827201843,loss=0.016163460910320282>
9.6600 seconds
Tested. Sparse categorical accuracy: 94.00

round  9, metrics=<sparse_categorical_accuracy=0.9947500228881836,loss=0.02346711792051792>
9.7512 seconds
Tested. Sparse categorical accuracy: 95.00

round 10, metrics=<sparse_categorical_accuracy=0.9951666593551636,loss=0.015996355563402176>
9.6680 seconds
Tested. Sparse categorical accuracy: 94.00

round 11, metrics=<sparse_categorical_accuracy=0.9852499961853027,loss=0.059169020503759384>
9.7396 seconds
Tested. Sparse categorical accuracy: 94.00

round 12, metrics=<sparse_categorical_accuracy=0.9959166646003723,loss=0.011603212915360928>
9.5824 seconds
Tested. Sparse categorical accuracy: 99.00

Target accuracy reached after  12  rounds
Average time per round: 9.00

2020-05-08 11:56:31.078216
