
TENSORFLOW USERS:
You must use the python3.6-anaconda/5.2.0 module to run TensorFlow.
See https://arc-ts.umich.edu/greatlakes/software/tensorflow for more
information.



The following have been reloaded with a version change:
  1) cuda/10.0.130 => cuda/10.1.105


Currently Loaded Modules:
  1) python3.7-anaconda/2019.07   2) cudnn/10.0-v7.6   3) cuda/10.1.105

 

mkdir: cannot create directory ‘results/6025730’: File exists
mkdir: cannot create directory ‘results/6025730/log’: File exists
Test  331
2020-05-08 06:52:42.334413


Schema 1: Each client partially IID
--------------------------------------------------
percent data distributed IID:  60
number of classes for non-IID data:  2
data points per client (mean, std dev): ( 600 ,  0 )
--------------------------------------------------

round  1, metrics=<sparse_categorical_accuracy=0.7634166479110718,loss=0.7230338454246521>
10.4806 seconds
Tested. Sparse categorical accuracy: 85.00

round  2, metrics=<sparse_categorical_accuracy=0.9775833487510681,loss=0.07557603716850281>
10.4119 seconds
Tested. Sparse categorical accuracy: 97.00

round  3, metrics=<sparse_categorical_accuracy=0.98416668176651,loss=0.0534222312271595>
10.2025 seconds
Tested. Sparse categorical accuracy: 99.00

Target accuracy reached after  3  rounds
Average time per round: 10.00

2020-05-08 06:53:23.625015
