
TENSORFLOW USERS:
You must use the python3.6-anaconda/5.2.0 module to run TensorFlow.
See https://arc-ts.umich.edu/greatlakes/software/tensorflow for more
information.



The following have been reloaded with a version change:
  1) cuda/10.0.130 => cuda/10.1.105


Currently Loaded Modules:
  1) python3.7-anaconda/2019.07   2) cudnn/10.0-v7.6   3) cuda/10.1.105

 

mkdir: cannot create directory ‘results/6025730’: File exists
mkdir: cannot create directory ‘results/6025730/log’: File exists
Test  294
2020-05-08 04:58:18.841629


Schema 1: Each client partially IID
--------------------------------------------------
percent data distributed IID:  100
number of classes for non-IID data:  2
data points per client (mean, std dev): ( 600 ,  0 )
--------------------------------------------------

round  1, metrics=<sparse_categorical_accuracy=0.8400605916976929,loss=0.4663349390029907>
97.5302 seconds
Tested. Sparse categorical accuracy: 93.00

round  2, metrics=<sparse_categorical_accuracy=0.9828181862831116,loss=0.059541668742895126>
99.0646 seconds
Tested. Sparse categorical accuracy: 96.00

round  3, metrics=<sparse_categorical_accuracy=0.98899245262146,loss=0.03985435143113136>
102.4495 seconds
Tested. Sparse categorical accuracy: 94.00

round  4, metrics=<sparse_categorical_accuracy=0.9913181662559509,loss=0.03171312436461449>
94.9173 seconds
Tested. Sparse categorical accuracy: 98.00

round  5, metrics=<sparse_categorical_accuracy=0.9940757751464844,loss=0.02206709049642086>
99.6729 seconds
Tested. Sparse categorical accuracy: 94.00

round  6, metrics=<sparse_categorical_accuracy=0.9937651753425598,loss=0.023090150207281113>
103.2121 seconds
Tested. Sparse categorical accuracy: 97.00

round  7, metrics=<sparse_categorical_accuracy=0.9946969747543335,loss=0.01876487396657467>
103.9165 seconds
Tested. Sparse categorical accuracy: 99.00

Target accuracy reached after  7  rounds
Average time per round: 100.00

2020-05-08 05:10:10.803901
