
TENSORFLOW USERS:
You must use the python3.6-anaconda/5.2.0 module to run TensorFlow.
See https://arc-ts.umich.edu/greatlakes/software/tensorflow for more
information.



The following have been reloaded with a version change:
  1) cuda/10.0.130 => cuda/10.1.105


Currently Loaded Modules:
  1) python3.7-anaconda/2019.07   2) cudnn/10.0-v7.6   3) cuda/10.1.105

 

mkdir: cannot create directory ‘results/6025730’: File exists
mkdir: cannot create directory ‘results/6025730/log’: File exists
Test  238
2020-05-08 01:50:19.139737


Schema 1: Each client partially IID
--------------------------------------------------
percent data distributed IID:  20
number of classes for non-IID data:  2
data points per client (mean, std dev): ( 600 ,  0 )
--------------------------------------------------

round  1, metrics=<sparse_categorical_accuracy=0.8304111361503601,loss=0.548227846622467>
116.8769 seconds
Tested. Sparse categorical accuracy: 62.00

round  2, metrics=<sparse_categorical_accuracy=0.9516444206237793,loss=0.18447105586528778>
116.3683 seconds
Tested. Sparse categorical accuracy: 95.00

round  3, metrics=<sparse_categorical_accuracy=0.9854944348335266,loss=0.05275202915072441>
116.7095 seconds
Tested. Sparse categorical accuracy: 98.00

round  4, metrics=<sparse_categorical_accuracy=0.9859389066696167,loss=0.05153292044997215>
115.6983 seconds
Tested. Sparse categorical accuracy: 97.00

round  5, metrics=<sparse_categorical_accuracy=0.9948333501815796,loss=0.01831972785294056>
116.5090 seconds
Tested. Sparse categorical accuracy: 93.00

round  6, metrics=<sparse_categorical_accuracy=0.9926221966743469,loss=0.027998996898531914>
115.0422 seconds
Tested. Sparse categorical accuracy: 96.00

round  7, metrics=<sparse_categorical_accuracy=0.9944888949394226,loss=0.020520832389593124>
115.3580 seconds
Tested. Sparse categorical accuracy: 99.00

Target accuracy reached after  7  rounds
Average time per round: 116.00

2020-05-08 02:04:02.931753
