
TENSORFLOW USERS:
You must use the python3.6-anaconda/5.2.0 module to run TensorFlow.
See https://arc-ts.umich.edu/greatlakes/software/tensorflow for more
information.



The following have been reloaded with a version change:
  1) cuda/10.0.130 => cuda/10.1.105


Currently Loaded Modules:
  1) python3.7-anaconda/2019.07   2) cudnn/10.0-v7.6   3) cuda/10.1.105

 

mkdir: cannot create directory ‘results/6025730’: File exists
mkdir: cannot create directory ‘results/6025730/log’: File exists
Test  284
2020-05-08 04:29:58.699249


Schema 1: Each client partially IID
--------------------------------------------------
percent data distributed IID:  80
number of classes for non-IID data:  2
data points per client (mean, std dev): ( 600 ,  0 )
--------------------------------------------------

round  1, metrics=<sparse_categorical_accuracy=0.7936142683029175,loss=0.6254156231880188>
131.0725 seconds
Tested. Sparse categorical accuracy: 90.00

round  2, metrics=<sparse_categorical_accuracy=0.9771714210510254,loss=0.0805492177605629>
130.9928 seconds
Tested. Sparse categorical accuracy: 94.00

round  3, metrics=<sparse_categorical_accuracy=0.9890285730361938,loss=0.03936731442809105>
128.3943 seconds
Tested. Sparse categorical accuracy: 95.00

round  4, metrics=<sparse_categorical_accuracy=0.9911095499992371,loss=0.03159007430076599>
128.5929 seconds
Tested. Sparse categorical accuracy: 98.00

round  5, metrics=<sparse_categorical_accuracy=0.9917666912078857,loss=0.030342349782586098>
127.6793 seconds
Tested. Sparse categorical accuracy: 94.00

round  6, metrics=<sparse_categorical_accuracy=0.994780957698822,loss=0.018086133524775505>
128.6704 seconds
Tested. Sparse categorical accuracy: 98.00

round  7, metrics=<sparse_categorical_accuracy=0.9945809245109558,loss=0.019492074847221375>
129.6662 seconds
Tested. Sparse categorical accuracy: 99.00

Target accuracy reached after  7  rounds
Average time per round: 129.00

2020-05-08 04:45:14.227091
