
TENSORFLOW USERS:
You must use the python3.6-anaconda/5.2.0 module to run TensorFlow.
See https://arc-ts.umich.edu/greatlakes/software/tensorflow for more
information.



The following have been reloaded with a version change:
  1) cuda/10.0.130 => cuda/10.1.105


Currently Loaded Modules:
  1) python3.7-anaconda/2019.07   2) cudnn/10.0-v7.6   3) cuda/10.1.105

 

mkdir: cannot create directory ‘results/6025730’: File exists
mkdir: cannot create directory ‘results/6025730/log’: File exists
Test  258
2020-05-08 03:03:53.370977


Schema 1: Each client partially IID
--------------------------------------------------
percent data distributed IID:  60
number of classes for non-IID data:  2
data points per client (mean, std dev): ( 600 ,  0 )
--------------------------------------------------

round  1, metrics=<sparse_categorical_accuracy=0.7566166520118713,loss=0.7499505281448364>
42.9468 seconds
Tested. Sparse categorical accuracy: 93.00

round  2, metrics=<sparse_categorical_accuracy=0.9626833200454712,loss=0.131575345993042>
42.6465 seconds
Tested. Sparse categorical accuracy: 95.00

round  3, metrics=<sparse_categorical_accuracy=0.9890333414077759,loss=0.038868021219968796>
41.9343 seconds
Tested. Sparse categorical accuracy: 97.00

round  4, metrics=<sparse_categorical_accuracy=0.9883833527565002,loss=0.0472320057451725>
43.2577 seconds
Tested. Sparse categorical accuracy: 98.00

round  5, metrics=<sparse_categorical_accuracy=0.9933666586875916,loss=0.02351779118180275>
43.7353 seconds
Tested. Sparse categorical accuracy: 96.00

round  6, metrics=<sparse_categorical_accuracy=0.9951500296592712,loss=0.017188509926199913>
42.4432 seconds
Tested. Sparse categorical accuracy: 97.00

round  7, metrics=<sparse_categorical_accuracy=0.9939833283424377,loss=0.022223815321922302>
41.7746 seconds
Tested. Sparse categorical accuracy: 99.00

Target accuracy reached after  7  rounds
Average time per round: 42.00

2020-05-08 03:09:03.949781
