
TENSORFLOW USERS:
You must use the python3.6-anaconda/5.2.0 module to run TensorFlow.
See https://arc-ts.umich.edu/greatlakes/software/tensorflow for more
information.



The following have been reloaded with a version change:
  1) cuda/10.0.130 => cuda/10.1.105


Currently Loaded Modules:
  1) python3.7-anaconda/2019.07   2) cudnn/10.0-v7.6   3) cuda/10.1.105

 

mkdir: cannot create directory ‘results/6025730’: File exists
mkdir: cannot create directory ‘results/6025730/log’: File exists
Test  667
2020-05-09 04:23:57.148171


Schema 1: Each client partially IID
--------------------------------------------------
percent data distributed IID:  100
number of classes for non-IID data:  2
data points per client (mean, std dev): ( 600 ,  0 )
--------------------------------------------------

round  1, metrics=<sparse_categorical_accuracy=0.8524166941642761,loss=0.4355883300304413>
69.5633 seconds
Tested. Sparse categorical accuracy: 96.00

round  2, metrics=<sparse_categorical_accuracy=0.9839722514152527,loss=0.05417799949645996>
68.6544 seconds
Tested. Sparse categorical accuracy: 95.00

round  3, metrics=<sparse_categorical_accuracy=0.987407386302948,loss=0.0447559729218483>
68.6759 seconds
Tested. Sparse categorical accuracy: 96.00

round  4, metrics=<sparse_categorical_accuracy=0.9922685027122498,loss=0.027412422001361847>
69.7428 seconds
Tested. Sparse categorical accuracy: 97.00

round  5, metrics=<sparse_categorical_accuracy=0.9940555691719055,loss=0.02271842211484909>
68.3320 seconds
Tested. Sparse categorical accuracy: 98.00

round  6, metrics=<sparse_categorical_accuracy=0.9947500228881836,loss=0.01964515447616577>
68.2360 seconds
Tested. Sparse categorical accuracy: 100.00

Target accuracy reached after  6  rounds
Average time per round: 68.00

2020-05-09 04:30:59.931392
