
TENSORFLOW USERS:
You must use the python3.6-anaconda/5.2.0 module to run TensorFlow.
See https://arc-ts.umich.edu/greatlakes/software/tensorflow for more
information.



The following have been reloaded with a version change:
  1) cuda/10.0.130 => cuda/10.1.105


Currently Loaded Modules:
  1) python3.7-anaconda/2019.07   2) cudnn/10.0-v7.6   3) cuda/10.1.105

 

mkdir: cannot create directory ‘results/6025730’: File exists
mkdir: cannot create directory ‘results/6025730/log’: File exists
Test  137
2020-05-07 20:51:04.881471


Schema 1: Each client partially IID
--------------------------------------------------
percent data distributed IID:  100
number of classes for non-IID data:  2
data points per client (mean, std dev): ( 600 ,  0 )
--------------------------------------------------

round  1, metrics=<sparse_categorical_accuracy=0.8376333117485046,loss=0.4742216169834137>
21.3858 seconds
Tested. Sparse categorical accuracy: 94.00

round  2, metrics=<sparse_categorical_accuracy=0.9814666509628296,loss=0.06503547728061676>
21.0874 seconds
Tested. Sparse categorical accuracy: 94.00

round  3, metrics=<sparse_categorical_accuracy=0.9908000230789185,loss=0.03393494337797165>
20.7605 seconds
Tested. Sparse categorical accuracy: 97.00

round  4, metrics=<sparse_categorical_accuracy=0.9926999807357788,loss=0.029681246727705002>
20.3786 seconds
Tested. Sparse categorical accuracy: 96.00

round  5, metrics=<sparse_categorical_accuracy=0.9937999844551086,loss=0.022403603419661522>
20.3950 seconds
Tested. Sparse categorical accuracy: 94.00

round  6, metrics=<sparse_categorical_accuracy=0.9926666617393494,loss=0.027034595608711243>
20.6281 seconds
Tested. Sparse categorical accuracy: 97.00

round  7, metrics=<sparse_categorical_accuracy=0.995199978351593,loss=0.020279476419091225>
21.0704 seconds
Tested. Sparse categorical accuracy: 97.00

round  8, metrics=<sparse_categorical_accuracy=0.9949333071708679,loss=0.01917579397559166>
20.4373 seconds
Tested. Sparse categorical accuracy: 95.00

round  9, metrics=<sparse_categorical_accuracy=0.9956333041191101,loss=0.01605943776667118>
20.7369 seconds
Tested. Sparse categorical accuracy: 97.00

round 10, metrics=<sparse_categorical_accuracy=0.9962666630744934,loss=0.014117352664470673>
20.8983 seconds
Tested. Sparse categorical accuracy: 97.00

round 11, metrics=<sparse_categorical_accuracy=0.9958999752998352,loss=0.013750249519944191>
20.3454 seconds
Tested. Sparse categorical accuracy: 96.00

round 12, metrics=<sparse_categorical_accuracy=0.9958000183105469,loss=0.01628766767680645>
20.4925 seconds
Tested. Sparse categorical accuracy: 97.00

round 13, metrics=<sparse_categorical_accuracy=0.9955333471298218,loss=0.01659042201936245>
20.5229 seconds
Tested. Sparse categorical accuracy: 98.00

round 14, metrics=<sparse_categorical_accuracy=0.9970666766166687,loss=0.01042706798762083>
20.7581 seconds
Tested. Sparse categorical accuracy: 100.00

Target accuracy reached after  14  rounds
Average time per round: 20.00

2020-05-07 20:56:05.247390
