
TENSORFLOW USERS:
You must use the python3.6-anaconda/5.2.0 module to run TensorFlow.
See https://arc-ts.umich.edu/greatlakes/software/tensorflow for more
information.



The following have been reloaded with a version change:
  1) cuda/10.0.130 => cuda/10.1.105


Currently Loaded Modules:
  1) python3.7-anaconda/2019.07   2) cudnn/10.0-v7.6   3) cuda/10.1.105

 

mkdir: cannot create directory ‘results/6025730’: File exists
mkdir: cannot create directory ‘results/6025730/log’: File exists
Test  549
2020-05-08 17:36:57.739305


Schema 1: Each client partially IID
--------------------------------------------------
percent data distributed IID:  40
number of classes for non-IID data:  2
data points per client (mean, std dev): ( 600 ,  0 )
--------------------------------------------------

round  1, metrics=<sparse_categorical_accuracy=0.785136342048645,loss=0.68437260389328>
84.5487 seconds
Tested. Sparse categorical accuracy: 79.00

round  2, metrics=<sparse_categorical_accuracy=0.9543181657791138,loss=0.1611379086971283>
82.5324 seconds
Tested. Sparse categorical accuracy: 96.00

round  3, metrics=<sparse_categorical_accuracy=0.9815151691436768,loss=0.06753125041723251>
81.6166 seconds
Tested. Sparse categorical accuracy: 97.00

round  4, metrics=<sparse_categorical_accuracy=0.9893333315849304,loss=0.03853808343410492>
82.0509 seconds
Tested. Sparse categorical accuracy: 91.00

round  5, metrics=<sparse_categorical_accuracy=0.9929545521736145,loss=0.025556426495313644>
81.5391 seconds
Tested. Sparse categorical accuracy: 95.00

round  6, metrics=<sparse_categorical_accuracy=0.9937651753425598,loss=0.02311825193464756>
81.3995 seconds
Tested. Sparse categorical accuracy: 97.00

round  7, metrics=<sparse_categorical_accuracy=0.9957954287528992,loss=0.01624136231839657>
81.1620 seconds
Tested. Sparse categorical accuracy: 98.00

round  8, metrics=<sparse_categorical_accuracy=0.9933560490608215,loss=0.02332090027630329>
81.9194 seconds
Tested. Sparse categorical accuracy: 100.00

Target accuracy reached after  8  rounds
Average time per round: 82.00

2020-05-08 17:48:05.157690
