
TENSORFLOW USERS:
You must use the python3.6-anaconda/5.2.0 module to run TensorFlow.
See https://arc-ts.umich.edu/greatlakes/software/tensorflow for more
information.



The following have been reloaded with a version change:
  1) cuda/10.0.130 => cuda/10.1.105


Currently Loaded Modules:
  1) python3.7-anaconda/2019.07   2) cudnn/10.0-v7.6   3) cuda/10.1.105

 

mkdir: cannot create directory ‘results/6025730’: File exists
mkdir: cannot create directory ‘results/6025730/log’: File exists
Test  382
2020-05-08 08:56:35.178642


Schema 1: Each client partially IID
--------------------------------------------------
percent data distributed IID:  20
number of classes for non-IID data:  2
data points per client (mean, std dev): ( 600 ,  0 )
--------------------------------------------------

round  1, metrics=<sparse_categorical_accuracy=0.8282870650291443,loss=0.543075442314148>
77.5585 seconds
Tested. Sparse categorical accuracy: 45.00

round  2, metrics=<sparse_categorical_accuracy=0.9635277986526489,loss=0.13519833981990814>
77.1331 seconds
Tested. Sparse categorical accuracy: 92.00

round  3, metrics=<sparse_categorical_accuracy=0.9794814586639404,loss=0.08175302296876907>
76.4317 seconds
Tested. Sparse categorical accuracy: 96.00

round  4, metrics=<sparse_categorical_accuracy=0.9912499785423279,loss=0.03270392864942551>
75.4414 seconds
Tested. Sparse categorical accuracy: 97.00

round  5, metrics=<sparse_categorical_accuracy=0.9914814829826355,loss=0.03200272098183632>
75.7998 seconds
Tested. Sparse categorical accuracy: 97.00

round  6, metrics=<sparse_categorical_accuracy=0.9931203722953796,loss=0.02798767387866974>
74.8410 seconds
Tested. Sparse categorical accuracy: 97.00

round  7, metrics=<sparse_categorical_accuracy=0.9936296343803406,loss=0.025584939867258072>
76.0841 seconds
Tested. Sparse categorical accuracy: 97.00

round  8, metrics=<sparse_categorical_accuracy=0.9964629411697388,loss=0.012754041701555252>
76.3139 seconds
Tested. Sparse categorical accuracy: 98.00

round  9, metrics=<sparse_categorical_accuracy=0.9952222108840942,loss=0.019222404807806015>
76.4576 seconds
Tested. Sparse categorical accuracy: 97.00

round 10, metrics=<sparse_categorical_accuracy=0.9961759448051453,loss=0.013083207421004772>
76.3072 seconds
Tested. Sparse categorical accuracy: 97.00

round 11, metrics=<sparse_categorical_accuracy=0.9969907402992249,loss=0.011440983973443508>
75.9371 seconds
Tested. Sparse categorical accuracy: 98.00

round 12, metrics=<sparse_categorical_accuracy=0.9956018328666687,loss=0.017810126766562462>
76.1701 seconds
Tested. Sparse categorical accuracy: 100.00

Target accuracy reached after  12  rounds
Average time per round: 76.00

2020-05-08 09:12:02.254938
