
TENSORFLOW USERS:
You must use the python3.6-anaconda/5.2.0 module to run TensorFlow.
See https://arc-ts.umich.edu/greatlakes/software/tensorflow for more
information.



The following have been reloaded with a version change:
  1) cuda/10.0.130 => cuda/10.1.105


Currently Loaded Modules:
  1) python3.7-anaconda/2019.07   2) cudnn/10.0-v7.6   3) cuda/10.1.105

 

mkdir: cannot create directory ‘results/6025730’: File exists
mkdir: cannot create directory ‘results/6025730/log’: File exists
Test  439
2020-05-08 11:30:36.862653


Schema 1: Each client partially IID
--------------------------------------------------
percent data distributed IID:  100
number of classes for non-IID data:  2
data points per client (mean, std dev): ( 600 ,  0 )
--------------------------------------------------

round  1, metrics=<sparse_categorical_accuracy=0.8484583497047424,loss=0.4480839967727661>
47.7959 seconds
Tested. Sparse categorical accuracy: 97.00

round  2, metrics=<sparse_categorical_accuracy=0.9835138916969299,loss=0.05871829017996788>
47.7925 seconds
Tested. Sparse categorical accuracy: 95.00

round  3, metrics=<sparse_categorical_accuracy=0.9889166951179504,loss=0.03976284712553024>
46.3574 seconds
Tested. Sparse categorical accuracy: 96.00

round  4, metrics=<sparse_categorical_accuracy=0.9923194646835327,loss=0.028640160337090492>
48.4691 seconds
Tested. Sparse categorical accuracy: 99.00

Target accuracy reached after  4  rounds
Average time per round: 47.00

2020-05-08 11:33:56.941960
