
TENSORFLOW USERS:
You must use the python3.6-anaconda/5.2.0 module to run TensorFlow.
See https://arc-ts.umich.edu/greatlakes/software/tensorflow for more
information.



The following have been reloaded with a version change:
  1) cuda/10.0.130 => cuda/10.1.105


Currently Loaded Modules:
  1) python3.7-anaconda/2019.07   2) cudnn/10.0-v7.6   3) cuda/10.1.105

 

mkdir: cannot create directory ‘results/6025730’: File exists
mkdir: cannot create directory ‘results/6025730/log’: File exists
Test  719
2020-05-09 13:04:51.003050


Schema 1: Each client partially IID
--------------------------------------------------
percent data distributed IID:  60
number of classes for non-IID data:  2
data points per client (mean, std dev): ( 600 ,  0 )
--------------------------------------------------

round  1, metrics=<sparse_categorical_accuracy=0.7912999987602234,loss=0.6603755950927734>
131.5437 seconds
Tested. Sparse categorical accuracy: 89.00

round  2, metrics=<sparse_categorical_accuracy=0.9666285514831543,loss=0.11693902313709259>
129.3802 seconds
Tested. Sparse categorical accuracy: 97.00

round  3, metrics=<sparse_categorical_accuracy=0.988180935382843,loss=0.04184950888156891>
129.3580 seconds
Tested. Sparse categorical accuracy: 98.00

round  4, metrics=<sparse_categorical_accuracy=0.9904761910438538,loss=0.036168672144412994>
128.5018 seconds
Tested. Sparse categorical accuracy: 93.00

round  5, metrics=<sparse_categorical_accuracy=0.9935095310211182,loss=0.024441389366984367>
129.1761 seconds
Tested. Sparse categorical accuracy: 96.00

round  6, metrics=<sparse_categorical_accuracy=0.9871190190315247,loss=0.04478077217936516>
129.1271 seconds
Tested. Sparse categorical accuracy: 98.00

round  7, metrics=<sparse_categorical_accuracy=0.9959285855293274,loss=0.015212688595056534>
130.0117 seconds
Tested. Sparse categorical accuracy: 99.00

Target accuracy reached after  7  rounds
Average time per round: 129.00

2020-05-09 13:20:08.377678
