
TENSORFLOW USERS:
You must use the python3.6-anaconda/5.2.0 module to run TensorFlow.
See https://arc-ts.umich.edu/greatlakes/software/tensorflow for more
information.



The following have been reloaded with a version change:
  1) cuda/10.0.130 => cuda/10.1.105


Currently Loaded Modules:
  1) python3.7-anaconda/2019.07   2) cudnn/10.0-v7.6   3) cuda/10.1.105

 

mkdir: cannot create directory ‘results/6025730’: File exists
mkdir: cannot create directory ‘results/6025730/log’: File exists
Test  12
2020-05-07 15:32:38.758355


Schema 1: Each client partially IID
--------------------------------------------------
percent data distributed IID:  20
number of classes for non-IID data:  2
data points per client (mean, std dev): ( 600 ,  0 )
--------------------------------------------------

round  1, metrics=<sparse_categorical_accuracy=0.8456964492797852,loss=0.49346429109573364>
105.0302 seconds
Tested. Sparse categorical accuracy: 76.00

round  2, metrics=<sparse_categorical_accuracy=0.95655357837677,loss=0.15559284389019012>
104.7403 seconds
Tested. Sparse categorical accuracy: 93.00

round  3, metrics=<sparse_categorical_accuracy=0.984208345413208,loss=0.05933897942304611>
103.5317 seconds
Tested. Sparse categorical accuracy: 95.00

round  4, metrics=<sparse_categorical_accuracy=0.987970232963562,loss=0.046234678477048874>
104.6198 seconds
Tested. Sparse categorical accuracy: 95.00

round  5, metrics=<sparse_categorical_accuracy=0.992684543132782,loss=0.028678474947810173>
102.6901 seconds
Tested. Sparse categorical accuracy: 98.00

round  6, metrics=<sparse_categorical_accuracy=0.9913392663002014,loss=0.03241491690278053>
102.7470 seconds
Tested. Sparse categorical accuracy: 97.00

round  7, metrics=<sparse_categorical_accuracy=0.9958809614181519,loss=0.014267012476921082>
102.7660 seconds
Tested. Sparse categorical accuracy: 96.00

round  8, metrics=<sparse_categorical_accuracy=0.9949226379394531,loss=0.01970726251602173>
103.1247 seconds
Tested. Sparse categorical accuracy: 98.00

round  9, metrics=<sparse_categorical_accuracy=0.9954464435577393,loss=0.017295431345701218>
102.7134 seconds
Tested. Sparse categorical accuracy: 99.00

Target accuracy reached after  9  rounds
Average time per round: 103.00

2020-05-07 15:48:21.832461
