
TENSORFLOW USERS:
You must use the python3.6-anaconda/5.2.0 module to run TensorFlow.
See https://arc-ts.umich.edu/greatlakes/software/tensorflow for more
information.



The following have been reloaded with a version change:
  1) cuda/10.0.130 => cuda/10.1.105


Currently Loaded Modules:
  1) python3.7-anaconda/2019.07   2) cudnn/10.0-v7.6   3) cuda/10.1.105

 

mkdir: cannot create directory ‘results/6025730’: File exists
mkdir: cannot create directory ‘results/6025730/log’: File exists
Test  216
2020-05-08 00:55:59.302172


Schema 1: Each client partially IID
--------------------------------------------------
percent data distributed IID:  100
number of classes for non-IID data:  2
data points per client (mean, std dev): ( 600 ,  0 )
--------------------------------------------------

round  1, metrics=<sparse_categorical_accuracy=0.852385401725769,loss=0.437499076128006>
71.4369 seconds
Tested. Sparse categorical accuracy: 93.00

round  2, metrics=<sparse_categorical_accuracy=0.9831354022026062,loss=0.05753778666257858>
69.2048 seconds
Tested. Sparse categorical accuracy: 98.00

round  3, metrics=<sparse_categorical_accuracy=0.9906874895095825,loss=0.03395967185497284>
68.6369 seconds
Tested. Sparse categorical accuracy: 94.00

round  4, metrics=<sparse_categorical_accuracy=0.9917500019073486,loss=0.031034288927912712>
70.1044 seconds
Tested. Sparse categorical accuracy: 99.00

Target accuracy reached after  4  rounds
Average time per round: 69.00

2020-05-08 01:00:48.825530
