
TENSORFLOW USERS:
You must use the python3.6-anaconda/5.2.0 module to run TensorFlow.
See https://arc-ts.umich.edu/greatlakes/software/tensorflow for more
information.



The following have been reloaded with a version change:
  1) cuda/10.0.130 => cuda/10.1.105


Currently Loaded Modules:
  1) python3.7-anaconda/2019.07   2) cudnn/10.0-v7.6   3) cuda/10.1.105

 

mkdir: cannot create directory ‘results/6025730’: File exists
mkdir: cannot create directory ‘results/6025730/log’: File exists
Test  618
2020-05-09 00:17:12.654590


Schema 1: Each client partially IID
--------------------------------------------------
percent data distributed IID:  40
number of classes for non-IID data:  2
data points per client (mean, std dev): ( 600 ,  0 )
--------------------------------------------------

round  1, metrics=<sparse_categorical_accuracy=0.8084999918937683,loss=0.6171929836273193>
39.3888 seconds
Tested. Sparse categorical accuracy: 34.00

round  2, metrics=<sparse_categorical_accuracy=0.9496666789054871,loss=0.17341409623622894>
38.3737 seconds
Tested. Sparse categorical accuracy: 89.00

round  3, metrics=<sparse_categorical_accuracy=0.9871500134468079,loss=0.04514450579881668>
38.8367 seconds
Tested. Sparse categorical accuracy: 97.00

round  4, metrics=<sparse_categorical_accuracy=0.9909833073616028,loss=0.03362168371677399>
38.2411 seconds
Tested. Sparse categorical accuracy: 95.00

round  5, metrics=<sparse_categorical_accuracy=0.9948333501815796,loss=0.01915593072772026>
39.3479 seconds
Tested. Sparse categorical accuracy: 95.00

round  6, metrics=<sparse_categorical_accuracy=0.9947500228881836,loss=0.020661355927586555>
39.3421 seconds
Tested. Sparse categorical accuracy: 100.00

Target accuracy reached after  6  rounds
Average time per round: 38.00

2020-05-09 00:21:17.013502
