
TENSORFLOW USERS:
You must use the python3.6-anaconda/5.2.0 module to run TensorFlow.
See https://arc-ts.umich.edu/greatlakes/software/tensorflow for more
information.



The following have been reloaded with a version change:
  1) cuda/10.0.130 => cuda/10.1.105


Currently Loaded Modules:
  1) python3.7-anaconda/2019.07   2) cudnn/10.0-v7.6   3) cuda/10.1.105

 

mkdir: cannot create directory ‘results/6025730’: File exists
mkdir: cannot create directory ‘results/6025730/log’: File exists
Test  332
2020-05-08 06:53:42.839872


Schema 1: Each client partially IID
--------------------------------------------------
percent data distributed IID:  60
number of classes for non-IID data:  2
data points per client (mean, std dev): ( 600 ,  0 )
--------------------------------------------------

round  1, metrics=<sparse_categorical_accuracy=0.7825666666030884,loss=0.6595410108566284>
22.2420 seconds
Tested. Sparse categorical accuracy: 91.00

round  2, metrics=<sparse_categorical_accuracy=0.9653333425521851,loss=0.11989656835794449>
22.4465 seconds
Tested. Sparse categorical accuracy: 96.00

round  3, metrics=<sparse_categorical_accuracy=0.9819333553314209,loss=0.06436572968959808>
22.5860 seconds
Tested. Sparse categorical accuracy: 96.00

round  4, metrics=<sparse_categorical_accuracy=0.9800333380699158,loss=0.07563907653093338>
22.1912 seconds
Tested. Sparse categorical accuracy: 93.00

round  5, metrics=<sparse_categorical_accuracy=0.9922000169754028,loss=0.0252316202968359>
22.7780 seconds
Tested. Sparse categorical accuracy: 99.00

Target accuracy reached after  5  rounds
Average time per round: 22.00

2020-05-08 06:55:45.552281
