
TENSORFLOW USERS:
You must use the python3.6-anaconda/5.2.0 module to run TensorFlow.
See https://arc-ts.umich.edu/greatlakes/software/tensorflow for more
information.



The following have been reloaded with a version change:
  1) cuda/10.0.130 => cuda/10.1.105


Currently Loaded Modules:
  1) python3.7-anaconda/2019.07   2) cudnn/10.0-v7.6   3) cuda/10.1.105

 

mkdir: cannot create directory ‘results/6025730’: File exists
mkdir: cannot create directory ‘results/6025730/log’: File exists
Test  570
2020-05-08 19:07:55.301171


Schema 1: Each client partially IID
--------------------------------------------------
percent data distributed IID:  60
number of classes for non-IID data:  2
data points per client (mean, std dev): ( 600 ,  0 )
--------------------------------------------------

round  1, metrics=<sparse_categorical_accuracy=0.776520848274231,loss=0.6870760321617126>
153.8216 seconds
Tested. Sparse categorical accuracy: 88.00

round  2, metrics=<sparse_categorical_accuracy=0.965316653251648,loss=0.12192118912935257>
151.1414 seconds
Tested. Sparse categorical accuracy: 97.00

round  3, metrics=<sparse_categorical_accuracy=0.984041690826416,loss=0.058790527284145355>
154.5210 seconds
Tested. Sparse categorical accuracy: 100.00

Target accuracy reached after  3  rounds
Average time per round: 153.00

2020-05-08 19:15:44.960382
