
TENSORFLOW USERS:
You must use the python3.6-anaconda/5.2.0 module to run TensorFlow.
See https://arc-ts.umich.edu/greatlakes/software/tensorflow for more
information.



The following have been reloaded with a version change:
  1) cuda/10.0.130 => cuda/10.1.105


Currently Loaded Modules:
  1) python3.7-anaconda/2019.07   2) cudnn/10.0-v7.6   3) cuda/10.1.105

 

mkdir: cannot create directory ‘results/6025730’: File exists
mkdir: cannot create directory ‘results/6025730/log’: File exists
Test  318
2020-05-08 06:19:16.619256


Schema 1: Each client partially IID
--------------------------------------------------
percent data distributed IID:  40
number of classes for non-IID data:  2
data points per client (mean, std dev): ( 600 ,  0 )
--------------------------------------------------

round  1, metrics=<sparse_categorical_accuracy=0.8365333080291748,loss=0.5357961654663086>
39.1763 seconds
Tested. Sparse categorical accuracy: 86.00

round  2, metrics=<sparse_categorical_accuracy=0.956166684627533,loss=0.15526051819324493>
39.8424 seconds
Tested. Sparse categorical accuracy: 70.00

round  3, metrics=<sparse_categorical_accuracy=0.966949999332428,loss=0.11606335639953613>
39.7364 seconds
Tested. Sparse categorical accuracy: 93.00

round  4, metrics=<sparse_categorical_accuracy=0.9904000163078308,loss=0.03277617320418358>
37.9035 seconds
Tested. Sparse categorical accuracy: 95.00

round  5, metrics=<sparse_categorical_accuracy=0.9898499846458435,loss=0.03765685111284256>
38.5439 seconds
Tested. Sparse categorical accuracy: 98.00

round  6, metrics=<sparse_categorical_accuracy=0.9942499995231628,loss=0.02209005132317543>
38.9817 seconds
Tested. Sparse categorical accuracy: 99.00

Target accuracy reached after  6  rounds
Average time per round: 39.00

2020-05-08 06:23:21.389934
