
TENSORFLOW USERS:
You must use the python3.6-anaconda/5.2.0 module to run TensorFlow.
See https://arc-ts.umich.edu/greatlakes/software/tensorflow for more
information.



The following have been reloaded with a version change:
  1) cuda/10.0.130 => cuda/10.1.105


Currently Loaded Modules:
  1) python3.7-anaconda/2019.07   2) cudnn/10.0-v7.6   3) cuda/10.1.105

 

mkdir: cannot create directory ‘results/6025730’: File exists
mkdir: cannot create directory ‘results/6025730/log’: File exists
Test  40
2020-05-07 16:21:39.670634


Schema 1: Each client partially IID
--------------------------------------------------
percent data distributed IID:  60
number of classes for non-IID data:  2
data points per client (mean, std dev): ( 600 ,  0 )
--------------------------------------------------

round  1, metrics=<sparse_categorical_accuracy=0.8176944255828857,loss=0.5671976208686829>
106.5127 seconds
Tested. Sparse categorical accuracy: 95.00

round  2, metrics=<sparse_categorical_accuracy=0.968791663646698,loss=0.10966524481773376>
104.6644 seconds
Tested. Sparse categorical accuracy: 94.00

round  3, metrics=<sparse_categorical_accuracy=0.9847291707992554,loss=0.05599728599190712>
104.7067 seconds
Tested. Sparse categorical accuracy: 96.00

round  4, metrics=<sparse_categorical_accuracy=0.9900069236755371,loss=0.03599179908633232>
103.8288 seconds
Tested. Sparse categorical accuracy: 97.00

round  5, metrics=<sparse_categorical_accuracy=0.9927361011505127,loss=0.025344228371977806>
105.6436 seconds
Tested. Sparse categorical accuracy: 98.00

round  6, metrics=<sparse_categorical_accuracy=0.9936319589614868,loss=0.02430242858827114>
104.6445 seconds
Tested. Sparse categorical accuracy: 99.00

Target accuracy reached after  6  rounds
Average time per round: 105.00

2020-05-07 16:32:21.547780
