Test  4
2020-04-13 21:55:25.519836

0.0
1.0
2.0
3.0
4.0
5.0
6.0
7.0
8.0
9.0
4.453984661553851
[0. 0. 0. ... 9. 9. 9.]

client  0
iid  0.7652777777777777

client  1
iid  1.4565391424139068e+239

1.0924043568104302e+239 8

8.739234854483441e+238 5

client  2
iid  1.4565391424139068e+239

1.0924043568104302e+239 8

8.739234854483441e+238 2

client  3
iid  1.4565391424139068e+239

1.0924043568104302e+239 4

8.739234854483441e+238 2

client  4
iid  1.4565391424139068e+239

1.0924043568104302e+239 4

8.739234854483441e+238 8

client  5
iid  1.4565391424139068e+239

1.0924043568104302e+239 3

8.739234854483441e+238 2

client  6
iid  1.4565391424139068e+239

1.0924043568104302e+239 1

8.739234854483441e+238 6

client  7
iid  1.4565391424139068e+239

1.0924043568104302e+239 3

8.739234854483441e+238 1

client  8
iid  1.4565391424139068e+239

1.0924043568104302e+239 9

8.739234854483441e+238 1

client  9
iid  1.4565391424139068e+239

1.0924043568104302e+239 0

8.739234854483441e+238 3

client  10
iid  1.4565391424139068e+239

1.0924043568104302e+239 1

8.739234854483441e+238 2

client  11
iid  1.4565391424139068e+239

1.0924043568104302e+239 0

8.739234854483441e+238 8

client  12
iid  0.8055555555555556

client  13
iid  4.8125

client  14
iid  0.7402777777777778

client  15
iid  0.6930555555555555

client  16
iid  0.6958333333333333

client  17
iid  0.7583333333333333

client  18
iid  0.6902777777777778

client  19
iid  0.7166666666666667

client  20
iid  0.6888888888888889

client  21
iid  2.361111111111111

client  22
iid  0.7430555555555556

client  23
iid  0.7666666666666667

client  24
iid  1.4565391424139068e+239

1.0924043568104302e+239 8

8.739234854483441e+238 5

client  25
iid  2.001388888888889

client  26
iid  0.7888888888888889

client  27
iid  0.7555555555555555

client  28
iid  0.7555555555555555

client  29
iid  0.6972222222222222

client  30
iid  0.8

client  31
iid  0.7458333333333333

client  32
iid  2.8222222222222224

client  33
iid  0.6611111111111111

client  34
iid  0.7486111111111111

client  35
iid  0.7361111111111112

client  36
iid  0.7430555555555556

client  37
iid  0.9084967320261438

client  38
iid  0.7652777777777777

client  39
iid  0.7180555555555556

client  40
iid  0.8319444444444445

client  41
iid  0.7569444444444444

client  42
iid  0.7166666666666667

client  43
iid  0.7555555555555555

client  44
iid  2.8513888888888888

client  45
iid  0.8458333333333333

client  46
iid  2.6586056644880176

client  47
iid  0.7291666666666666

client  48
iid  0.6680555555555555

client  49
iid  0.7388888888888889

client  50
iid  0.7319444444444444

client  51
iid  4.881944444444445

client  52
iid  4.951388888888889

client  53
iid  0.7402777777777778

client  54
iid  0.6944444444444444

client  55
iid  0.7694444444444445

client  56
iid  1.4565391424139068e+239

1.0924043568104302e+239 6

8.739234854483441e+238 2

client  57
iid  0.7347222222222223

client  58
iid  0.8

client  59
iid  1.125

client  60
iid  0.7361111111111112

client  61
iid  0.7638888888888888

client  62
iid  0.6722222222222223

client  63
iid  0.7916666666666666

client  64
iid  0.7138888888888889

client  65
iid  0.7430555555555556

client  66
iid  4.904166666666667

client  67
iid  0.6236111111111111

client  68
iid  0.6861111111111111

client  69
iid  0.6875

client  70
iid  0.7013888888888888

client  71
iid  0.7

client  72
iid  1.3166666666666667

client  73
iid  0.7736111111111111

client  74
iid  0.7375

client  75
iid  0.7069444444444445

client  76
iid  0.7722222222222223

client  77
iid  4.058333333333334

client  78
iid  0.9305555555555556

client  79
iid  0.7375

client  80
iid  0.6888888888888889

client  81
iid  0.7958333333333333

client  82
iid  0.7041666666666667

client  83
iid  1.4565391424139068e+239

1.0924043568104302e+239 9

8.739234854483441e+238 2

client  84
iid  8.184722222222222

client  85
iid  0.6875

client  86
iid  0.7847222222222222

client  87
iid  0.6722222222222223

client  88
iid  0.7375

client  89
iid  2.4583333333333335

client  90
iid  0.7097222222222223

client  91
iid  0.7638888888888888

client  92
iid  0.7069444444444445

client  93
iid  0.7486111111111111

client  94
iid  1.95

client  95
iid  0.725

client  96
iid  1.8958333333333333

client  97
iid  0.775

client  98
iid  0.6763888888888889

client  99
iid  2.602777777777778


Schema 1: Each client partially IID
--------------------------------------------------
percent data distributed IID:  20
number of classes for non-IID data:  2
data points per client (mean, std dev): ( 600 ,  0 )
--------------------------------------------------

