
TENSORFLOW USERS:
You must use the python3.6-anaconda/5.2.0 module to run TensorFlow.
See https://arc-ts.umich.edu/greatlakes/software/tensorflow for more
information.



The following have been reloaded with a version change:
  1) cuda/10.0.130 => cuda/10.1.105


Currently Loaded Modules:
  1) python3.7-anaconda/2019.07   2) cudnn/10.0-v7.6   3) cuda/10.1.105

 

mkdir: cannot create directory ‘results/5842441’: File exists
mkdir: cannot create directory ‘results/5842441/log’: File exists
Test  205
2020-05-02 13:05:52.679583


Schema 1: Each client partially IID
--------------------------------------------------
percent data distributed IID:  80
number of classes for non-IID data:  2
data points per client (mean, std dev): ( 600 ,  0 )
--------------------------------------------------

round  1, metrics=<sparse_categorical_accuracy=0.4300000071525574,loss=1.6022403240203857>
15.5066 seconds
Tested. Sparse categorical accuracy: 9.00

round  2, metrics=<sparse_categorical_accuracy=0.7777666449546814,loss=0.6901691555976868>
15.2951 seconds
Tested. Sparse categorical accuracy: 7.00

round  3, metrics=<sparse_categorical_accuracy=0.17846666276454926,loss=2.4011037349700928>
15.7285 seconds
Tested. Sparse categorical accuracy: 6.00

round  4, metrics=<sparse_categorical_accuracy=0.187133327126503,loss=2.235476493835449>
15.2500 seconds
Tested. Sparse categorical accuracy: 11.00

round  5, metrics=<sparse_categorical_accuracy=0.18016666173934937,loss=2.238055467605591>
15.4069 seconds
Tested. Sparse categorical accuracy: 8.00

round  6, metrics=<sparse_categorical_accuracy=0.18346667289733887,loss=2.2408125400543213>
15.4483 seconds
Tested. Sparse categorical accuracy: 6.00

round  7, metrics=<sparse_categorical_accuracy=0.17786666750907898,loss=2.2368052005767822>
15.1895 seconds
Tested. Sparse categorical accuracy: 12.00

round  8, metrics=<sparse_categorical_accuracy=0.18583333492279053,loss=2.2384629249572754>
15.5150 seconds
Tested. Sparse categorical accuracy: 5.00

round  9, metrics=<sparse_categorical_accuracy=0.178233340382576,loss=2.241154670715332>
15.1976 seconds
Tested. Sparse categorical accuracy: 13.00

round 10, metrics=<sparse_categorical_accuracy=0.1847333312034607,loss=2.239611864089966>
15.5509 seconds
Tested. Sparse categorical accuracy: 7.00

round 11, metrics=<sparse_categorical_accuracy=0.1818999946117401,loss=2.240938186645508>
15.5500 seconds
Tested. Sparse categorical accuracy: 12.00

round 12, metrics=<sparse_categorical_accuracy=0.17643333971500397,loss=2.2435989379882812>
15.3113 seconds
Tested. Sparse categorical accuracy: 15.00

round 13, metrics=<sparse_categorical_accuracy=0.18119999766349792,loss=2.2357020378112793>
15.3365 seconds
Tested. Sparse categorical accuracy: 19.00

round 14, metrics=<sparse_categorical_accuracy=0.1687999963760376,loss=2.2485313415527344>
15.2866 seconds
Tested. Sparse categorical accuracy: 12.00

round 15, metrics=<sparse_categorical_accuracy=0.1664000004529953,loss=2.2522363662719727>
15.3239 seconds
Tested. Sparse categorical accuracy: 5.00

round 16, metrics=<sparse_categorical_accuracy=0.16456666588783264,loss=2.2552478313446045>
15.1684 seconds
Tested. Sparse categorical accuracy: 10.00

round 17, metrics=<sparse_categorical_accuracy=0.1790333390235901,loss=2.239903450012207>
15.4440 seconds
Tested. Sparse categorical accuracy: 8.00

round 18, metrics=<sparse_categorical_accuracy=0.17056666314601898,loss=2.2447457313537598>
15.6184 seconds
Tested. Sparse categorical accuracy: 9.00

round 19, metrics=<sparse_categorical_accuracy=0.17813333868980408,loss=2.24771785736084>
15.5171 seconds
Tested. Sparse categorical accuracy: 8.00

round 20, metrics=<sparse_categorical_accuracy=0.17710000276565552,loss=2.244931936264038>
15.3700 seconds
Tested. Sparse categorical accuracy: 16.00

round 21, metrics=<sparse_categorical_accuracy=0.18493333458900452,loss=2.236207962036133>
15.4914 seconds
Tested. Sparse categorical accuracy: 8.00

round 22, metrics=<sparse_categorical_accuracy=0.17679999768733978,loss=2.2395410537719727>
15.5155 seconds
Tested. Sparse categorical accuracy: 13.00

round 23, metrics=<sparse_categorical_accuracy=0.18423333764076233,loss=2.2380645275115967>
15.4122 seconds
Tested. Sparse categorical accuracy: 13.00

round 24, metrics=<sparse_categorical_accuracy=0.18823333084583282,loss=2.2324211597442627>
15.5141 seconds
Tested. Sparse categorical accuracy: 8.00

round 25, metrics=<sparse_categorical_accuracy=0.1848333328962326,loss=2.237243175506592>
15.4835 seconds
Tested. Sparse categorical accuracy: 10.00

round 26, metrics=<sparse_categorical_accuracy=0.1818999946117401,loss=2.2408647537231445>
15.5981 seconds
Tested. Sparse categorical accuracy: 11.00

round 27, metrics=<sparse_categorical_accuracy=0.1868666708469391,loss=2.235004186630249>
15.3115 seconds
Tested. Sparse categorical accuracy: 9.00

round 28, metrics=<sparse_categorical_accuracy=0.17456667125225067,loss=2.24090576171875>
15.6024 seconds
Tested. Sparse categorical accuracy: 13.00

round 29, metrics=<sparse_categorical_accuracy=0.17616666853427887,loss=2.241999387741089>
15.4398 seconds
Tested. Sparse categorical accuracy: 6.00

round 30, metrics=<sparse_categorical_accuracy=0.18683333694934845,loss=2.2385551929473877>
15.4540 seconds
Tested. Sparse categorical accuracy: 9.00

round 31, metrics=<sparse_categorical_accuracy=0.18623332679271698,loss=2.238997459411621>
15.5486 seconds
Tested. Sparse categorical accuracy: 8.00

round 32, metrics=<sparse_categorical_accuracy=0.18273332715034485,loss=2.243725299835205>
15.2587 seconds
Tested. Sparse categorical accuracy: 8.00

round 33, metrics=<sparse_categorical_accuracy=0.1868000030517578,loss=2.236821174621582>
15.5388 seconds
Tested. Sparse categorical accuracy: 12.00

round 34, metrics=<sparse_categorical_accuracy=0.17309999465942383,loss=2.249138593673706>
15.5983 seconds
Tested. Sparse categorical accuracy: 6.00

round 35, metrics=<sparse_categorical_accuracy=0.17266666889190674,loss=2.251063108444214>
15.1356 seconds
Tested. Sparse categorical accuracy: 10.00

round 36, metrics=<sparse_categorical_accuracy=0.16953332722187042,loss=2.25465989112854>
15.5676 seconds
Tested. Sparse categorical accuracy: 12.00

round 37, metrics=<sparse_categorical_accuracy=0.18060000240802765,loss=2.2414190769195557>
15.4050 seconds
Tested. Sparse categorical accuracy: 11.00

round 38, metrics=<sparse_categorical_accuracy=0.1754000037908554,loss=2.245060920715332>
15.5252 seconds
Tested. Sparse categorical accuracy: 6.00

round 39, metrics=<sparse_categorical_accuracy=0.17319999635219574,loss=2.2489678859710693>
15.4683 seconds
Tested. Sparse categorical accuracy: 11.00

round 40, metrics=<sparse_categorical_accuracy=0.17666666209697723,loss=2.2456462383270264>
15.3018 seconds
Tested. Sparse categorical accuracy: 12.00

round 41, metrics=<sparse_categorical_accuracy=0.17706666886806488,loss=2.237511396408081>
15.2528 seconds
Tested. Sparse categorical accuracy: 14.00

round 42, metrics=<sparse_categorical_accuracy=0.1847333312034607,loss=2.239100217819214>
15.3514 seconds
Tested. Sparse categorical accuracy: 12.00

round 43, metrics=<sparse_categorical_accuracy=0.1807333379983902,loss=2.2388594150543213>
15.6498 seconds
Tested. Sparse categorical accuracy: 11.00

round 44, metrics=<sparse_categorical_accuracy=0.17933332920074463,loss=2.2357664108276367>
15.3350 seconds
Tested. Sparse categorical accuracy: 10.00

round 45, metrics=<sparse_categorical_accuracy=0.17586666345596313,loss=2.238345146179199>
15.3393 seconds
Tested. Sparse categorical accuracy: 13.00

round 46, metrics=<sparse_categorical_accuracy=0.18596667051315308,loss=2.2400755882263184>
15.3558 seconds
Tested. Sparse categorical accuracy: 14.00

round 47, metrics=<sparse_categorical_accuracy=0.19076666235923767,loss=2.2343246936798096>
15.3421 seconds
Tested. Sparse categorical accuracy: 12.00

round 48, metrics=<sparse_categorical_accuracy=0.18330000340938568,loss=2.2377052307128906>
15.5054 seconds
Tested. Sparse categorical accuracy: 10.00

round 49, metrics=<sparse_categorical_accuracy=0.17419999837875366,loss=2.2413711547851562>
15.5433 seconds
Tested. Sparse categorical accuracy: 7.00

round 50, metrics=<sparse_categorical_accuracy=0.18146666884422302,loss=2.2406044006347656>
15.4118 seconds
Tested. Sparse categorical accuracy: 10.00

round 51, metrics=<sparse_categorical_accuracy=0.17906667292118073,loss=2.2401890754699707>
15.3914 seconds
Tested. Sparse categorical accuracy: 8.00

round 52, metrics=<sparse_categorical_accuracy=0.1807333379983902,loss=2.2428598403930664>
15.5656 seconds
Tested. Sparse categorical accuracy: 5.00

round 53, metrics=<sparse_categorical_accuracy=0.18783333897590637,loss=2.235045909881592>
15.4589 seconds
Tested. Sparse categorical accuracy: 7.00

round 54, metrics=<sparse_categorical_accuracy=0.1694333404302597,loss=2.248161792755127>
15.3937 seconds
Tested. Sparse categorical accuracy: 13.00

round 55, metrics=<sparse_categorical_accuracy=0.17873333394527435,loss=2.251305103302002>
15.4410 seconds
Tested. Sparse categorical accuracy: 8.00

round 56, metrics=<sparse_categorical_accuracy=0.1728000044822693,loss=2.254840612411499>
15.4186 seconds
Tested. Sparse categorical accuracy: 11.00

round 57, metrics=<sparse_categorical_accuracy=0.18583333492279053,loss=2.2396240234375>
15.2099 seconds
Tested. Sparse categorical accuracy: 6.00

round 58, metrics=<sparse_categorical_accuracy=0.17723333835601807,loss=2.2454590797424316>
15.1447 seconds
Tested. Sparse categorical accuracy: 12.00

round 59, metrics=<sparse_categorical_accuracy=0.16940000653266907,loss=2.2495105266571045>
15.3398 seconds
Tested. Sparse categorical accuracy: 8.00

round 60, metrics=<sparse_categorical_accuracy=0.1807333379983902,loss=2.2435293197631836>
15.3030 seconds
Tested. Sparse categorical accuracy: 13.00

round 61, metrics=<sparse_categorical_accuracy=0.17676666378974915,loss=2.2374043464660645>
15.3698 seconds
Tested. Sparse categorical accuracy: 12.00

round 62, metrics=<sparse_categorical_accuracy=0.17916665971279144,loss=2.237879514694214>
15.4329 seconds
Tested. Sparse categorical accuracy: 12.00

round 63, metrics=<sparse_categorical_accuracy=0.18626666069030762,loss=2.2362380027770996>
15.2266 seconds
Tested. Sparse categorical accuracy: 11.00

round 64, metrics=<sparse_categorical_accuracy=0.18646666407585144,loss=2.235673427581787>
15.3875 seconds
Tested. Sparse categorical accuracy: 16.00

round 65, metrics=<sparse_categorical_accuracy=0.1748666614294052,loss=2.237710952758789>
15.4410 seconds
Tested. Sparse categorical accuracy: 11.00

round 66, metrics=<sparse_categorical_accuracy=0.18273332715034485,loss=2.2414822578430176>
15.5596 seconds
Tested. Sparse categorical accuracy: 6.00

round 67, metrics=<sparse_categorical_accuracy=0.1712000072002411,loss=2.2382752895355225>
15.2510 seconds
Tested. Sparse categorical accuracy: 12.00

round 68, metrics=<sparse_categorical_accuracy=0.18979999423027039,loss=2.2340447902679443>
15.3839 seconds
Tested. Sparse categorical accuracy: 7.00

round 69, metrics=<sparse_categorical_accuracy=0.17649999260902405,loss=2.242692708969116>
15.4312 seconds
Tested. Sparse categorical accuracy: 7.00

round 70, metrics=<sparse_categorical_accuracy=0.17936666309833527,loss=2.239711284637451>
15.2303 seconds
Tested. Sparse categorical accuracy: 7.00

round 71, metrics=<sparse_categorical_accuracy=0.181099995970726,loss=2.241705894470215>
15.4852 seconds
Tested. Sparse categorical accuracy: 9.00

round 72, metrics=<sparse_categorical_accuracy=0.1741333305835724,loss=2.2426583766937256>
15.4870 seconds
Tested. Sparse categorical accuracy: 10.00

round 73, metrics=<sparse_categorical_accuracy=0.18156667053699493,loss=2.2370107173919678>
15.3749 seconds
Tested. Sparse categorical accuracy: 10.00

round 74, metrics=<sparse_categorical_accuracy=0.1720000058412552,loss=2.2479493618011475>
15.6160 seconds
Tested. Sparse categorical accuracy: 11.00

round 75, metrics=<sparse_categorical_accuracy=0.1739666610956192,loss=2.2511324882507324>
15.3946 seconds
Tested. Sparse categorical accuracy: 13.00

round 76, metrics=<sparse_categorical_accuracy=0.16846667230129242,loss=2.253417730331421>
15.1614 seconds
Tested. Sparse categorical accuracy: 11.00

round 77, metrics=<sparse_categorical_accuracy=0.17623333632946014,loss=2.2418665885925293>
15.4794 seconds
Tested. Sparse categorical accuracy: 11.00

round 78, metrics=<sparse_categorical_accuracy=0.17659999430179596,loss=2.2451674938201904>
15.3455 seconds
Tested. Sparse categorical accuracy: 10.00

round 79, metrics=<sparse_categorical_accuracy=0.1737000048160553,loss=2.248255968093872>
15.2879 seconds
Tested. Sparse categorical accuracy: 13.00

round 80, metrics=<sparse_categorical_accuracy=0.17763333022594452,loss=2.244434118270874>
15.4204 seconds
Tested. Sparse categorical accuracy: 11.00

round 81, metrics=<sparse_categorical_accuracy=0.17990000545978546,loss=2.2379417419433594>
15.2657 seconds
Tested. Sparse categorical accuracy: 11.00

round 82, metrics=<sparse_categorical_accuracy=0.18676666915416718,loss=2.237658739089966>
15.3166 seconds
Tested. Sparse categorical accuracy: 9.00

round 83, metrics=<sparse_categorical_accuracy=0.17149999737739563,loss=2.2396273612976074>
15.2426 seconds
Tested. Sparse categorical accuracy: 9.00

round 84, metrics=<sparse_categorical_accuracy=0.19166666269302368,loss=2.2328989505767822>
15.3337 seconds
Tested. Sparse categorical accuracy: 8.00

round 85, metrics=<sparse_categorical_accuracy=0.18400000035762787,loss=2.235278367996216>
15.3583 seconds
Tested. Sparse categorical accuracy: 6.00

round 86, metrics=<sparse_categorical_accuracy=0.17996667325496674,loss=2.241853952407837>
15.3390 seconds
Tested. Sparse categorical accuracy: 9.00

round 87, metrics=<sparse_categorical_accuracy=0.17980000376701355,loss=2.2366576194763184>
15.1563 seconds
Tested. Sparse categorical accuracy: 6.00

round 88, metrics=<sparse_categorical_accuracy=0.18356665968894958,loss=2.238812208175659>
15.2202 seconds
Tested. Sparse categorical accuracy: 8.00

round 89, metrics=<sparse_categorical_accuracy=0.17430000007152557,loss=2.242542028427124>
15.5636 seconds
Tested. Sparse categorical accuracy: 8.00

round 90, metrics=<sparse_categorical_accuracy=0.18463332951068878,loss=2.238259792327881>
15.5019 seconds
Tested. Sparse categorical accuracy: 10.00

round 91, metrics=<sparse_categorical_accuracy=0.18619999289512634,loss=2.239948272705078>
15.2059 seconds
Tested. Sparse categorical accuracy: 10.00

round 92, metrics=<sparse_categorical_accuracy=0.18066667020320892,loss=2.2433156967163086>
15.5196 seconds
Tested. Sparse categorical accuracy: 19.00

round 93, metrics=<sparse_categorical_accuracy=0.18256667256355286,loss=2.235966920852661>
15.4814 seconds
Tested. Sparse categorical accuracy: 9.00

round 94, metrics=<sparse_categorical_accuracy=0.16616666316986084,loss=2.24702525138855>
15.4782 seconds
Tested. Sparse categorical accuracy: 7.00

round 95, metrics=<sparse_categorical_accuracy=0.171833336353302,loss=2.250154972076416>
15.4556 seconds
Tested. Sparse categorical accuracy: 11.00

round 96, metrics=<sparse_categorical_accuracy=0.16936667263507843,loss=2.2539267539978027>
15.4119 seconds
Tested. Sparse categorical accuracy: 15.00

round 97, metrics=<sparse_categorical_accuracy=0.18039999902248383,loss=2.2405779361724854>
15.4437 seconds
Tested. Sparse categorical accuracy: 7.00

round 98, metrics=<sparse_categorical_accuracy=0.17963333427906036,loss=2.244103193283081>
15.5402 seconds
Tested. Sparse categorical accuracy: 6.00

round 99, metrics=<sparse_categorical_accuracy=0.1813666671514511,loss=2.246575355529785>
15.3655 seconds
Tested. Sparse categorical accuracy: 12.00

round 100, metrics=<sparse_categorical_accuracy=0.18006666004657745,loss=2.2437257766723633>
15.5178 seconds
Tested. Sparse categorical accuracy: 12.00

round 101, metrics=<sparse_categorical_accuracy=0.18029999732971191,loss=2.2367794513702393>
15.3200 seconds
Tested. Sparse categorical accuracy: 5.00

round 102, metrics=<sparse_categorical_accuracy=0.1821666657924652,loss=2.238168239593506>
15.2146 seconds
Tested. Sparse categorical accuracy: 12.00

round 103, metrics=<sparse_categorical_accuracy=0.18440000712871552,loss=2.237532377243042>
15.3216 seconds
Tested. Sparse categorical accuracy: 12.00

round 104, metrics=<sparse_categorical_accuracy=0.18693333864212036,loss=2.234769105911255>
15.3902 seconds
Tested. Sparse categorical accuracy: 17.00

round 105, metrics=<sparse_categorical_accuracy=0.17856666445732117,loss=2.23848557472229>
15.4071 seconds
Tested. Sparse categorical accuracy: 12.00

round 106, metrics=<sparse_categorical_accuracy=0.1767333298921585,loss=2.2430636882781982>
15.0988 seconds
Tested. Sparse categorical accuracy: 6.00

round 107, metrics=<sparse_categorical_accuracy=0.18303333222866058,loss=2.236189842224121>
15.2912 seconds
Tested. Sparse categorical accuracy: 9.00

round 108, metrics=<sparse_categorical_accuracy=0.1832333356142044,loss=2.237752914428711>
15.2993 seconds
Tested. Sparse categorical accuracy: 10.00

round 109, metrics=<sparse_categorical_accuracy=0.1831333339214325,loss=2.2402074337005615>
15.3186 seconds
Tested. Sparse categorical accuracy: 12.00

round 110, metrics=<sparse_categorical_accuracy=0.17736667394638062,loss=2.239732027053833>
15.3762 seconds
Tested. Sparse categorical accuracy: 9.00

round 111, metrics=<sparse_categorical_accuracy=0.17953333258628845,loss=2.240189790725708>
15.7090 seconds
Tested. Sparse categorical accuracy: 15.00

round 112, metrics=<sparse_categorical_accuracy=0.18549999594688416,loss=2.2414586544036865>
15.3607 seconds
Tested. Sparse categorical accuracy: 10.00

round 113, metrics=<sparse_categorical_accuracy=0.17893333733081818,loss=2.236280679702759>
15.3709 seconds
Tested. Sparse categorical accuracy: 12.00

round 114, metrics=<sparse_categorical_accuracy=0.17346666753292084,loss=2.2482144832611084>
15.2273 seconds
Tested. Sparse categorical accuracy: 9.00

round 115, metrics=<sparse_categorical_accuracy=0.16716666519641876,loss=2.2500088214874268>
15.4121 seconds
Tested. Sparse categorical accuracy: 11.00

round 116, metrics=<sparse_categorical_accuracy=0.1688999980688095,loss=2.255186080932617>
15.2060 seconds
Tested. Sparse categorical accuracy: 7.00

round 117, metrics=<sparse_categorical_accuracy=0.17800000309944153,loss=2.240567207336426>
15.3675 seconds
Tested. Sparse categorical accuracy: 5.00

round 118, metrics=<sparse_categorical_accuracy=0.17409999668598175,loss=2.2445082664489746>
15.1303 seconds
Tested. Sparse categorical accuracy: 11.00

round 119, metrics=<sparse_categorical_accuracy=0.1712000072002411,loss=2.2487711906433105>
15.4205 seconds
Tested. Sparse categorical accuracy: 10.00

round 120, metrics=<sparse_categorical_accuracy=0.17943333089351654,loss=2.24528169631958>
15.3254 seconds
Tested. Sparse categorical accuracy: 10.00

round 121, metrics=<sparse_categorical_accuracy=0.1808333396911621,loss=2.2359020709991455>
15.4256 seconds
Tested. Sparse categorical accuracy: 9.00

round 122, metrics=<sparse_categorical_accuracy=0.1818999946117401,loss=2.2376394271850586>
15.5282 seconds
Tested. Sparse categorical accuracy: 12.00

round 123, metrics=<sparse_categorical_accuracy=0.17260000109672546,loss=2.23872971534729>
15.3155 seconds
Tested. Sparse categorical accuracy: 11.00

round 124, metrics=<sparse_categorical_accuracy=0.18459999561309814,loss=2.2335407733917236>
15.4815 seconds
Tested. Sparse categorical accuracy: 8.00

round 125, metrics=<sparse_categorical_accuracy=0.187133327126503,loss=2.2355475425720215>
15.1530 seconds
Tested. Sparse categorical accuracy: 8.00

round 126, metrics=<sparse_categorical_accuracy=0.17996667325496674,loss=2.2414445877075195>
15.2976 seconds
Tested. Sparse categorical accuracy: 8.00

round 127, metrics=<sparse_categorical_accuracy=0.18213333189487457,loss=2.234891176223755>
15.4721 seconds
Tested. Sparse categorical accuracy: 4.00

round 128, metrics=<sparse_categorical_accuracy=0.18646666407585144,loss=2.238703489303589>
15.2782 seconds
Tested. Sparse categorical accuracy: 11.00

round 129, metrics=<sparse_categorical_accuracy=0.1753000020980835,loss=2.2411539554595947>
15.5416 seconds
Tested. Sparse categorical accuracy: 9.00

round 130, metrics=<sparse_categorical_accuracy=0.1856333315372467,loss=2.239609956741333>
15.4104 seconds
Tested. Sparse categorical accuracy: 8.00

round 131, metrics=<sparse_categorical_accuracy=0.18289999663829803,loss=2.2397453784942627>
15.2384 seconds
Tested. Sparse categorical accuracy: 13.00

round 132, metrics=<sparse_categorical_accuracy=0.17766666412353516,loss=2.243556022644043>
15.3909 seconds
Tested. Sparse categorical accuracy: 10.00

round 133, metrics=<sparse_categorical_accuracy=0.1804666668176651,loss=2.2373759746551514>
15.3250 seconds
Tested. Sparse categorical accuracy: 7.00

round 134, metrics=<sparse_categorical_accuracy=0.17356666922569275,loss=2.247147798538208>
15.3265 seconds
Tested. Sparse categorical accuracy: 10.00

round 135, metrics=<sparse_categorical_accuracy=0.1678999960422516,loss=2.2511484622955322>
15.1593 seconds
Tested. Sparse categorical accuracy: 9.00

round 136, metrics=<sparse_categorical_accuracy=0.1712999939918518,loss=2.2522523403167725>
15.5220 seconds
Tested. Sparse categorical accuracy: 11.00

round 137, metrics=<sparse_categorical_accuracy=0.17133332788944244,loss=2.2409698963165283>
15.2581 seconds
Tested. Sparse categorical accuracy: 7.00

round 138, metrics=<sparse_categorical_accuracy=0.17100000381469727,loss=2.246870756149292>
15.1671 seconds
Tested. Sparse categorical accuracy: 10.00

round 139, metrics=<sparse_categorical_accuracy=0.17826665937900543,loss=2.2487974166870117>
15.5114 seconds
Tested. Sparse categorical accuracy: 10.00

round 140, metrics=<sparse_categorical_accuracy=0.1798333376646042,loss=2.244750499725342>
15.5215 seconds
Tested. Sparse categorical accuracy: 12.00

round 141, metrics=<sparse_categorical_accuracy=0.17030000686645508,loss=2.2383909225463867>
15.4139 seconds
Tested. Sparse categorical accuracy: 12.00

round 142, metrics=<sparse_categorical_accuracy=0.17900000512599945,loss=2.2392890453338623>
15.5648 seconds
Tested. Sparse categorical accuracy: 8.00

round 143, metrics=<sparse_categorical_accuracy=0.1771666705608368,loss=2.2375340461730957>
15.2582 seconds
Tested. Sparse categorical accuracy: 8.00

round 144, metrics=<sparse_categorical_accuracy=0.18916666507720947,loss=2.233595371246338>
15.4622 seconds
Tested. Sparse categorical accuracy: 11.00

round 145, metrics=<sparse_categorical_accuracy=0.17696666717529297,loss=2.2375526428222656>
15.3404 seconds
Tested. Sparse categorical accuracy: 12.00

round 146, metrics=<sparse_categorical_accuracy=0.17803333699703217,loss=2.240143299102783>
15.1501 seconds
Tested. Sparse categorical accuracy: 9.00

round 147, metrics=<sparse_categorical_accuracy=0.1771666705608368,loss=2.236530065536499>
15.5029 seconds
Tested. Sparse categorical accuracy: 5.00

round 148, metrics=<sparse_categorical_accuracy=0.1808333396911621,loss=2.2376456260681152>
15.2915 seconds
Tested. Sparse categorical accuracy: 10.00

round 149, metrics=<sparse_categorical_accuracy=0.18013332784175873,loss=2.242473602294922>
15.6343 seconds
Tested. Sparse categorical accuracy: 10.00

round 150, metrics=<sparse_categorical_accuracy=0.17589999735355377,loss=2.2422072887420654>
15.4112 seconds
Tested. Sparse categorical accuracy: 12.00

round 151, metrics=<sparse_categorical_accuracy=0.1856333315372467,loss=2.2399182319641113>
15.3286 seconds
Tested. Sparse categorical accuracy: 6.00

round 152, metrics=<sparse_categorical_accuracy=0.17773333191871643,loss=2.243182897567749>
15.4454 seconds
Tested. Sparse categorical accuracy: 13.00

round 153, metrics=<sparse_categorical_accuracy=0.1772666722536087,loss=2.237172842025757>
15.2380 seconds
Tested. Sparse categorical accuracy: 9.00

round 154, metrics=<sparse_categorical_accuracy=0.17446666955947876,loss=2.2475314140319824>
15.6736 seconds
Tested. Sparse categorical accuracy: 10.00

round 155, metrics=<sparse_categorical_accuracy=0.1829666644334793,loss=2.2488858699798584>
15.1608 seconds
Tested. Sparse categorical accuracy: 14.00

round 156, metrics=<sparse_categorical_accuracy=0.1738666594028473,loss=2.25250244140625>
15.6314 seconds
Tested. Sparse categorical accuracy: 15.00

round 157, metrics=<sparse_categorical_accuracy=0.1755666732788086,loss=2.241018056869507>
15.3955 seconds
Tested. Sparse categorical accuracy: 9.00

round 158, metrics=<sparse_categorical_accuracy=0.17893333733081818,loss=2.245903730392456>
15.3746 seconds
Tested. Sparse categorical accuracy: 9.00

round 159, metrics=<sparse_categorical_accuracy=0.17299999296665192,loss=2.2490391731262207>
15.4789 seconds
Tested. Sparse categorical accuracy: 14.00

round 160, metrics=<sparse_categorical_accuracy=0.17923332750797272,loss=2.24200701713562>
15.4957 seconds
Tested. Sparse categorical accuracy: 10.00

round 161, metrics=<sparse_categorical_accuracy=0.18576666712760925,loss=2.2341134548187256>
15.3290 seconds
Tested. Sparse categorical accuracy: 9.00

round 162, metrics=<sparse_categorical_accuracy=0.1826999932527542,loss=2.237565040588379>
15.3966 seconds
Tested. Sparse categorical accuracy: 8.00

round 163, metrics=<sparse_categorical_accuracy=0.18690000474452972,loss=2.2364888191223145>
15.0958 seconds
Tested. Sparse categorical accuracy: 10.00

round 164, metrics=<sparse_categorical_accuracy=0.18569999933242798,loss=2.233281135559082>
15.2300 seconds
Tested. Sparse categorical accuracy: 6.00

round 165, metrics=<sparse_categorical_accuracy=0.18219999969005585,loss=2.238004207611084>
15.3797 seconds
Tested. Sparse categorical accuracy: 13.00

round 166, metrics=<sparse_categorical_accuracy=0.179299995303154,loss=2.24105167388916>
15.3764 seconds
Tested. Sparse categorical accuracy: 7.00

round 167, metrics=<sparse_categorical_accuracy=0.18396666646003723,loss=2.2374889850616455>
15.3671 seconds
Tested. Sparse categorical accuracy: 6.00

round 168, metrics=<sparse_categorical_accuracy=0.1799333393573761,loss=2.239250898361206>
15.3221 seconds
Tested. Sparse categorical accuracy: 12.00

round 169, metrics=<sparse_categorical_accuracy=0.17803333699703217,loss=2.243027448654175>
15.5537 seconds
Tested. Sparse categorical accuracy: 13.00

round 170, metrics=<sparse_categorical_accuracy=0.18886665999889374,loss=2.2378294467926025>
15.3104 seconds
Tested. Sparse categorical accuracy: 13.00

round 171, metrics=<sparse_categorical_accuracy=0.18506667017936707,loss=2.2411625385284424>
15.3420 seconds
Tested. Sparse categorical accuracy: 11.00

round 172, metrics=<sparse_categorical_accuracy=0.17763333022594452,loss=2.24288272857666>
15.4292 seconds
Tested. Sparse categorical accuracy: 12.00

round 173, metrics=<sparse_categorical_accuracy=0.1797666698694229,loss=2.235814332962036>
15.4564 seconds
Tested. Sparse categorical accuracy: 12.00

round 174, metrics=<sparse_categorical_accuracy=0.1717333346605301,loss=2.247866630554199>
15.3648 seconds
Tested. Sparse categorical accuracy: 12.00

round 175, metrics=<sparse_categorical_accuracy=0.17126666009426117,loss=2.2512240409851074>
15.6239 seconds
Tested. Sparse categorical accuracy: 13.00

round 176, metrics=<sparse_categorical_accuracy=0.17473334074020386,loss=2.252533435821533>
15.2938 seconds
Tested. Sparse categorical accuracy: 7.00

round 177, metrics=<sparse_categorical_accuracy=0.17926666140556335,loss=2.240440845489502>
15.7094 seconds
Tested. Sparse categorical accuracy: 9.00

round 178, metrics=<sparse_categorical_accuracy=0.17546667158603668,loss=2.245758533477783>
15.5664 seconds
Tested. Sparse categorical accuracy: 11.00

round 179, metrics=<sparse_categorical_accuracy=0.17810000479221344,loss=2.246419906616211>
15.4485 seconds
Tested. Sparse categorical accuracy: 5.00

round 180, metrics=<sparse_categorical_accuracy=0.17623333632946014,loss=2.244385242462158>
15.4023 seconds
Tested. Sparse categorical accuracy: 11.00

round 181, metrics=<sparse_categorical_accuracy=0.17910000681877136,loss=2.2357547283172607>
15.2096 seconds
Tested. Sparse categorical accuracy: 9.00

round 182, metrics=<sparse_categorical_accuracy=0.17910000681877136,loss=2.2395265102386475>
15.4489 seconds
Tested. Sparse categorical accuracy: 8.00

round 183, metrics=<sparse_categorical_accuracy=0.18566666543483734,loss=2.236992597579956>
15.5313 seconds
Tested. Sparse categorical accuracy: 5.00

round 184, metrics=<sparse_categorical_accuracy=0.18133333325386047,loss=2.234201192855835>
15.4969 seconds
Tested. Sparse categorical accuracy: 10.00

round 185, metrics=<sparse_categorical_accuracy=0.17803333699703217,loss=2.2358856201171875>
15.4801 seconds
Tested. Sparse categorical accuracy: 8.00

round 186, metrics=<sparse_categorical_accuracy=0.1766333281993866,loss=2.2424559593200684>
15.3828 seconds
Tested. Sparse categorical accuracy: 10.00

round 187, metrics=<sparse_categorical_accuracy=0.1785999983549118,loss=2.2371623516082764>
15.4508 seconds
Tested. Sparse categorical accuracy: 16.00

round 188, metrics=<sparse_categorical_accuracy=0.18123333156108856,loss=2.237053394317627>
15.2665 seconds
Tested. Sparse categorical accuracy: 10.00

round 189, metrics=<sparse_categorical_accuracy=0.17056666314601898,loss=2.242820978164673>
15.5018 seconds
Tested. Sparse categorical accuracy: 10.00

round 190, metrics=<sparse_categorical_accuracy=0.1800999939441681,loss=2.241507053375244>
15.3073 seconds
Tested. Sparse categorical accuracy: 6.00

round 191, metrics=<sparse_categorical_accuracy=0.18676666915416718,loss=2.239604949951172>
15.2120 seconds
Tested. Sparse categorical accuracy: 9.00

round 192, metrics=<sparse_categorical_accuracy=0.18496666848659515,loss=2.2409136295318604>
15.5204 seconds
Tested. Sparse categorical accuracy: 8.00

round 193, metrics=<sparse_categorical_accuracy=0.18019999563694,loss=2.237253189086914>
14.9205 seconds
Tested. Sparse categorical accuracy: 12.00

round 194, metrics=<sparse_categorical_accuracy=0.17080000042915344,loss=2.246821165084839>
14.9856 seconds
Tested. Sparse categorical accuracy: 17.00

round 195, metrics=<sparse_categorical_accuracy=0.17393332719802856,loss=2.2487411499023438>
15.4408 seconds
Tested. Sparse categorical accuracy: 8.00

round 196, metrics=<sparse_categorical_accuracy=0.16699999570846558,loss=2.254315137863159>
15.3543 seconds
Tested. Sparse categorical accuracy: 7.00

round 197, metrics=<sparse_categorical_accuracy=0.17970000207424164,loss=2.2407383918762207>
15.4368 seconds
Tested. Sparse categorical accuracy: 9.00

round 198, metrics=<sparse_categorical_accuracy=0.1756666600704193,loss=2.245537281036377>
15.4488 seconds
Tested. Sparse categorical accuracy: 9.00

round 199, metrics=<sparse_categorical_accuracy=0.17170000076293945,loss=2.2494380474090576>
15.2780 seconds
Tested. Sparse categorical accuracy: 9.00

round 200, metrics=<sparse_categorical_accuracy=0.1798333376646042,loss=2.2452902793884277>
15.4100 seconds
Tested. Sparse categorical accuracy: 11.00

Target accuracy reached after  200  rounds
Average time per round: 15.00

2020-05-02 13:57:36.695868
