
TENSORFLOW USERS:
You must use the python3.6-anaconda/5.2.0 module to run TensorFlow.
See https://arc-ts.umich.edu/greatlakes/software/tensorflow for more
information.



The following have been reloaded with a version change:
  1) cuda/10.0.130 => cuda/10.1.105


Currently Loaded Modules:
  1) python3.7-anaconda/2019.07   2) cudnn/10.0-v7.6   3) cuda/10.1.105

 

mkdir: cannot create directory ‘results/5842441’: File exists
mkdir: cannot create directory ‘results/5842441/log’: File exists
Test  295
2020-05-03 11:07:16.047137


Schema 1: Each client partially IID
--------------------------------------------------
percent data distributed IID:  20
number of classes for non-IID data:  2
data points per client (mean, std dev): ( 600 ,  0 )
--------------------------------------------------

round  1, metrics=<sparse_categorical_accuracy=0.8115666508674622,loss=0.6081198453903198>
15.3735 seconds
Tested. Sparse categorical accuracy: 42.00

round  2, metrics=<sparse_categorical_accuracy=0.9594333171844482,loss=0.14268024265766144>
15.1348 seconds
Tested. Sparse categorical accuracy: 92.00

round  3, metrics=<sparse_categorical_accuracy=0.9640666842460632,loss=0.1389043629169464>
15.1601 seconds
Tested. Sparse categorical accuracy: 98.00

round  4, metrics=<sparse_categorical_accuracy=0.9918000102043152,loss=0.029980769380927086>
15.0527 seconds
Tested. Sparse categorical accuracy: 96.00

round  5, metrics=<sparse_categorical_accuracy=0.9902999997138977,loss=0.036917153745889664>
15.2199 seconds
Tested. Sparse categorical accuracy: 97.00

round  6, metrics=<sparse_categorical_accuracy=0.9890333414077759,loss=0.04569437354803085>
15.1724 seconds
Tested. Sparse categorical accuracy: 92.00

round  7, metrics=<sparse_categorical_accuracy=0.994533360004425,loss=0.01967790722846985>
15.3105 seconds
Tested. Sparse categorical accuracy: 94.00

round  8, metrics=<sparse_categorical_accuracy=0.9955999851226807,loss=0.016119519248604774>
15.3711 seconds
Tested. Sparse categorical accuracy: 98.00

round  9, metrics=<sparse_categorical_accuracy=0.991100013256073,loss=0.03708704188466072>
15.1105 seconds
Tested. Sparse categorical accuracy: 99.00

Target accuracy reached after  9  rounds
Average time per round: 15.00

2020-05-03 11:09:43.487760
