
TENSORFLOW USERS:
You must use the python3.6-anaconda/5.2.0 module to run TensorFlow.
See https://arc-ts.umich.edu/greatlakes/software/tensorflow for more
information.



The following have been reloaded with a version change:
  1) cuda/10.0.130 => cuda/10.1.105


Currently Loaded Modules:
  1) python3.7-anaconda/2019.07   2) cudnn/10.0-v7.6   3) cuda/10.1.105

 

mkdir: cannot create directory ‘results/5842441’: File exists
mkdir: cannot create directory ‘results/5842441/log’: File exists
Test  121
2020-05-01 23:09:43.776652


Schema 1: Each client partially IID
--------------------------------------------------
percent data distributed IID:  40
number of classes for non-IID data:  2
data points per client (mean, std dev): ( 600 ,  0 )
--------------------------------------------------

round  1, metrics=<sparse_categorical_accuracy=0.5144000053405762,loss=1.3786269426345825>
16.9957 seconds
Tested. Sparse categorical accuracy: 3.00

round  2, metrics=<sparse_categorical_accuracy=0.6910333037376404,loss=0.9034295082092285>
16.6946 seconds
Tested. Sparse categorical accuracy: 14.00

round  3, metrics=<sparse_categorical_accuracy=0.7075666785240173,loss=0.8142179846763611>
15.6813 seconds
Tested. Sparse categorical accuracy: 89.00

round  4, metrics=<sparse_categorical_accuracy=0.9772666692733765,loss=0.07837533950805664>
16.5984 seconds
Tested. Sparse categorical accuracy: 97.00

round  5, metrics=<sparse_categorical_accuracy=0.9857666492462158,loss=0.04848765209317207>
16.7437 seconds
Tested. Sparse categorical accuracy: 97.00

round  6, metrics=<sparse_categorical_accuracy=0.8543333411216736,loss=0.3935745060443878>
16.6087 seconds
Tested. Sparse categorical accuracy: 88.00

round  7, metrics=<sparse_categorical_accuracy=0.9924666881561279,loss=0.02850267104804516>
16.7971 seconds
Tested. Sparse categorical accuracy: 95.00

round  8, metrics=<sparse_categorical_accuracy=0.9936000108718872,loss=0.024821611121296883>
16.5372 seconds
Tested. Sparse categorical accuracy: 93.00

round  9, metrics=<sparse_categorical_accuracy=0.9941333532333374,loss=0.022914530709385872>
16.3458 seconds
Tested. Sparse categorical accuracy: 97.00

round 10, metrics=<sparse_categorical_accuracy=0.8606333136558533,loss=0.38357090950012207>
15.9678 seconds
Tested. Sparse categorical accuracy: 93.00

round 11, metrics=<sparse_categorical_accuracy=0.9943666458129883,loss=0.021739549934864044>
16.8351 seconds
Tested. Sparse categorical accuracy: 98.00

round 12, metrics=<sparse_categorical_accuracy=0.9920666813850403,loss=0.028401972725987434>
16.5819 seconds
Tested. Sparse categorical accuracy: 97.00

round 13, metrics=<sparse_categorical_accuracy=0.9955999851226807,loss=0.01772737130522728>
16.6470 seconds
Tested. Sparse categorical accuracy: 98.00

round 14, metrics=<sparse_categorical_accuracy=0.9746333360671997,loss=0.09022428840398788>
16.2648 seconds
Tested. Sparse categorical accuracy: 92.00

round 15, metrics=<sparse_categorical_accuracy=0.9935333132743835,loss=0.0210118405520916>
16.6581 seconds
Tested. Sparse categorical accuracy: 96.00

round 16, metrics=<sparse_categorical_accuracy=0.996566653251648,loss=0.012942054308950901>
16.4621 seconds
Tested. Sparse categorical accuracy: 97.00

round 17, metrics=<sparse_categorical_accuracy=0.9957000017166138,loss=0.017226001247763634>
16.7028 seconds
Tested. Sparse categorical accuracy: 98.00

round 18, metrics=<sparse_categorical_accuracy=0.9954333305358887,loss=0.01548051368445158>
15.7479 seconds
Tested. Sparse categorical accuracy: 95.00

round 19, metrics=<sparse_categorical_accuracy=0.9965999722480774,loss=0.013347187079489231>
16.5742 seconds
Tested. Sparse categorical accuracy: 99.00

Target accuracy reached after  19  rounds
Average time per round: 16.00

2020-05-01 23:15:08.207358
