
TENSORFLOW USERS:
You must use the python3.6-anaconda/5.2.0 module to run TensorFlow.
See https://arc-ts.umich.edu/greatlakes/software/tensorflow for more
information.



The following have been reloaded with a version change:
  1) cuda/10.0.130 => cuda/10.1.105


Currently Loaded Modules:
  1) python3.7-anaconda/2019.07   2) cudnn/10.0-v7.6   3) cuda/10.1.105

 

mkdir: cannot create directory ‘results/5842441’: File exists
mkdir: cannot create directory ‘results/5842441/log’: File exists
Test  44
2020-05-01 08:05:58.855190


Schema 1: Each client partially IID
--------------------------------------------------
percent data distributed IID:  20
number of classes for non-IID data:  2
data points per client (mean, std dev): ( 600 ,  0 )
--------------------------------------------------

round  1, metrics=<sparse_categorical_accuracy=0.853950023651123,loss=0.4810028076171875>
26.7375 seconds
Tested. Sparse categorical accuracy: 46.00

round  2, metrics=<sparse_categorical_accuracy=0.9537166953086853,loss=0.16525140404701233>
26.9603 seconds
Tested. Sparse categorical accuracy: 83.00

round  3, metrics=<sparse_categorical_accuracy=0.9881500005722046,loss=0.04146271571516991>
26.7554 seconds
Tested. Sparse categorical accuracy: 95.00

round  4, metrics=<sparse_categorical_accuracy=0.9836666584014893,loss=0.06467214226722717>
27.0166 seconds
Tested. Sparse categorical accuracy: 91.00

round  5, metrics=<sparse_categorical_accuracy=0.9939666390419006,loss=0.021194277331233025>
26.6650 seconds
Tested. Sparse categorical accuracy: 93.00

round  6, metrics=<sparse_categorical_accuracy=0.9936000108718872,loss=0.02349223382771015>
26.7383 seconds
Tested. Sparse categorical accuracy: 91.00

round  7, metrics=<sparse_categorical_accuracy=0.9931166768074036,loss=0.026830682530999184>
26.6648 seconds
Tested. Sparse categorical accuracy: 92.00

round  8, metrics=<sparse_categorical_accuracy=0.9961166381835938,loss=0.0148507384583354>
26.7018 seconds
Tested. Sparse categorical accuracy: 94.00

round  9, metrics=<sparse_categorical_accuracy=0.9939666390419006,loss=0.021454740315675735>
26.3113 seconds
Tested. Sparse categorical accuracy: 97.00

round 10, metrics=<sparse_categorical_accuracy=0.9965333342552185,loss=0.013127445243299007>
26.5357 seconds
Tested. Sparse categorical accuracy: 97.00

round 11, metrics=<sparse_categorical_accuracy=0.9952333569526672,loss=0.01757490262389183>
26.3489 seconds
Tested. Sparse categorical accuracy: 94.00

round 12, metrics=<sparse_categorical_accuracy=0.9968500137329102,loss=0.011529361829161644>
26.5610 seconds
Tested. Sparse categorical accuracy: 98.00

round 13, metrics=<sparse_categorical_accuracy=0.9970166683197021,loss=0.010346924886107445>
26.4261 seconds
Tested. Sparse categorical accuracy: 96.00

round 14, metrics=<sparse_categorical_accuracy=0.9976833462715149,loss=0.008561682887375355>
26.0226 seconds
Tested. Sparse categorical accuracy: 99.00

Target accuracy reached after  14  rounds
Average time per round: 26.00

2020-05-01 08:12:21.418067
