
TENSORFLOW USERS:
You must use the python3.6-anaconda/5.2.0 module to run TensorFlow.
See https://arc-ts.umich.edu/greatlakes/software/tensorflow for more
information.



The following have been reloaded with a version change:
  1) cuda/10.0.130 => cuda/10.1.105


Currently Loaded Modules:
  1) python3.7-anaconda/2019.07   2) cudnn/10.0-v7.6   3) cuda/10.1.105

 

mkdir: cannot create directory ‘results/5842441’: File exists
mkdir: cannot create directory ‘results/5842441/log’: File exists
Test  55
2020-05-01 09:20:16.144803


Schema 1: Each client partially IID
--------------------------------------------------
percent data distributed IID:  60
number of classes for non-IID data:  2
data points per client (mean, std dev): ( 600 ,  0 )
--------------------------------------------------

round  1, metrics=<sparse_categorical_accuracy=0.4931333363056183,loss=1.4739669561386108>
16.2361 seconds
Tested. Sparse categorical accuracy: 11.00

round  2, metrics=<sparse_categorical_accuracy=0.7613333463668823,loss=0.7125498652458191>
16.1127 seconds
Tested. Sparse categorical accuracy: 83.00

round  3, metrics=<sparse_categorical_accuracy=0.9807000160217285,loss=0.06970424205064774>
16.1249 seconds
Tested. Sparse categorical accuracy: 93.00

round  4, metrics=<sparse_categorical_accuracy=0.987666666507721,loss=0.04673917219042778>
16.0741 seconds
Tested. Sparse categorical accuracy: 96.00

round  5, metrics=<sparse_categorical_accuracy=0.9904000163078308,loss=0.03462458401918411>
15.9432 seconds
Tested. Sparse categorical accuracy: 92.00

round  6, metrics=<sparse_categorical_accuracy=0.9927999973297119,loss=0.026144104078412056>
15.9723 seconds
Tested. Sparse categorical accuracy: 97.00

round  7, metrics=<sparse_categorical_accuracy=0.9934333562850952,loss=0.02345685474574566>
15.9030 seconds
Tested. Sparse categorical accuracy: 98.00

round  8, metrics=<sparse_categorical_accuracy=0.9955999851226807,loss=0.015916695818305016>
16.2795 seconds
Tested. Sparse categorical accuracy: 94.00

round  9, metrics=<sparse_categorical_accuracy=0.9928333163261414,loss=0.028490209951996803>
16.6611 seconds
Tested. Sparse categorical accuracy: 96.00

round 10, metrics=<sparse_categorical_accuracy=0.9958333373069763,loss=0.01508285477757454>
16.4866 seconds
Tested. Sparse categorical accuracy: 95.00

round 11, metrics=<sparse_categorical_accuracy=0.9957333207130432,loss=0.015258457511663437>
16.4821 seconds
Tested. Sparse categorical accuracy: 99.00

Target accuracy reached after  11  rounds
Average time per round: 16.00

2020-05-01 09:23:23.897825
