
TENSORFLOW USERS:
You must use the python3.6-anaconda/5.2.0 module to run TensorFlow.
See https://arc-ts.umich.edu/greatlakes/software/tensorflow for more
information.



The following have been reloaded with a version change:
  1) cuda/10.0.130 => cuda/10.1.105


Currently Loaded Modules:
  1) python3.7-anaconda/2019.07   2) cudnn/10.0-v7.6   3) cuda/10.1.105

 

mkdir: cannot create directory ‘results/5842441’: File exists
mkdir: cannot create directory ‘results/5842441/log’: File exists
Test  93
2020-05-01 16:36:21.402059


Schema 1: Each client partially IID
--------------------------------------------------
percent data distributed IID:  60
number of classes for non-IID data:  2
data points per client (mean, std dev): ( 600 ,  0 )
--------------------------------------------------

round  1, metrics=<sparse_categorical_accuracy=0.48927778005599976,loss=1.4901328086853027>
55.3511 seconds
Tested. Sparse categorical accuracy: 11.00

round  2, metrics=<sparse_categorical_accuracy=0.762844443321228,loss=0.7260771989822388>
54.8095 seconds
Tested. Sparse categorical accuracy: 58.00

round  3, metrics=<sparse_categorical_accuracy=0.9503999948501587,loss=0.17114299535751343>
54.7317 seconds
Tested. Sparse categorical accuracy: 94.00

round  4, metrics=<sparse_categorical_accuracy=0.9891999959945679,loss=0.03716744855046272>
53.8038 seconds
Tested. Sparse categorical accuracy: 93.00

round  5, metrics=<sparse_categorical_accuracy=0.9882222414016724,loss=0.04227308928966522>
53.1794 seconds
Tested. Sparse categorical accuracy: 95.00

round  6, metrics=<sparse_categorical_accuracy=0.9919000267982483,loss=0.029939748346805573>
57.3734 seconds
Tested. Sparse categorical accuracy: 100.00

Target accuracy reached after  6  rounds
Average time per round: 54.00

2020-05-01 16:42:00.508714
