
TENSORFLOW USERS:
You must use the python3.6-anaconda/5.2.0 module to run TensorFlow.
See https://arc-ts.umich.edu/greatlakes/software/tensorflow for more
information.



The following have been reloaded with a version change:
  1) cuda/10.0.130 => cuda/10.1.105


Currently Loaded Modules:
  1) python3.7-anaconda/2019.07   2) cudnn/10.0-v7.6   3) cuda/10.1.105

 

mkdir: cannot create directory ‘results/5842441’: File exists
mkdir: cannot create directory ‘results/5842441/log’: File exists
Test  327
2020-05-03 21:59:51.573386


Schema 1: Each client partially IID
--------------------------------------------------
percent data distributed IID:  0
number of classes for non-IID data:  2
data points per client (mean, std dev): ( 600 ,  0 )
--------------------------------------------------

round  1, metrics=<sparse_categorical_accuracy=0.9971110820770264,loss=0.02328614890575409>
24.7843 seconds
Tested. Sparse categorical accuracy: 20.00

round  2, metrics=<sparse_categorical_accuracy=0.9972222447395325,loss=0.011091691441833973>
24.9827 seconds
Tested. Sparse categorical accuracy: 16.00

round  3, metrics=<sparse_categorical_accuracy=0.9966889023780823,loss=0.02538081258535385>
24.9460 seconds
Tested. Sparse categorical accuracy: 13.00

round  4, metrics=<sparse_categorical_accuracy=0.9971110820770264,loss=0.01018496323376894>
23.8864 seconds
Tested. Sparse categorical accuracy: 9.00

round  5, metrics=<sparse_categorical_accuracy=0.9968888759613037,loss=0.011918840929865837>
23.7223 seconds
Tested. Sparse categorical accuracy: 13.00

round  6, metrics=<sparse_categorical_accuracy=0.9968888759613037,loss=0.011707409285008907>
24.3655 seconds
Tested. Sparse categorical accuracy: 7.00

round  7, metrics=<sparse_categorical_accuracy=0.9971110820770264,loss=0.010283980518579483>
23.5084 seconds
Tested. Sparse categorical accuracy: 19.00

round  8, metrics=<sparse_categorical_accuracy=0.9968888759613037,loss=0.009536148980259895>
24.3199 seconds
Tested. Sparse categorical accuracy: 14.00

round  9, metrics=<sparse_categorical_accuracy=0.9968888759613037,loss=0.012241552583873272>
24.8822 seconds
Tested. Sparse categorical accuracy: 5.00

round 10, metrics=<sparse_categorical_accuracy=0.996666669845581,loss=0.01155789289623499>
24.3258 seconds
Tested. Sparse categorical accuracy: 10.00

round 11, metrics=<sparse_categorical_accuracy=0.9971110820770264,loss=0.010469354689121246>
23.8415 seconds
Tested. Sparse categorical accuracy: 9.00

round 12, metrics=<sparse_categorical_accuracy=0.9973333477973938,loss=0.0086360489949584>
23.8210 seconds
Tested. Sparse categorical accuracy: 34.00

round 13, metrics=<sparse_categorical_accuracy=0.9974889159202576,loss=0.009927375242114067>
23.4452 seconds
Tested. Sparse categorical accuracy: 11.00

round 14, metrics=<sparse_categorical_accuracy=0.996666669845581,loss=0.00898162741214037>
24.6108 seconds
Tested. Sparse categorical accuracy: 22.00

round 15, metrics=<sparse_categorical_accuracy=0.9972444176673889,loss=0.009919148869812489>
24.3886 seconds
Tested. Sparse categorical accuracy: 9.00

round 16, metrics=<sparse_categorical_accuracy=0.996666669845581,loss=0.010432925075292587>
23.9108 seconds
Tested. Sparse categorical accuracy: 19.00

round 17, metrics=<sparse_categorical_accuracy=0.9969778060913086,loss=0.008602453395724297>
24.0738 seconds
Tested. Sparse categorical accuracy: 12.00

round 18, metrics=<sparse_categorical_accuracy=0.9973333477973938,loss=0.0073969257064163685>
24.4779 seconds
Tested. Sparse categorical accuracy: 25.00

round 19, metrics=<sparse_categorical_accuracy=0.997688889503479,loss=0.0069866175763309>
24.3643 seconds
Tested. Sparse categorical accuracy: 7.00

round 20, metrics=<sparse_categorical_accuracy=0.9971110820770264,loss=0.007986306212842464>
24.0416 seconds
Tested. Sparse categorical accuracy: 45.00

round 21, metrics=<sparse_categorical_accuracy=0.9986888766288757,loss=0.006474324036389589>
23.2550 seconds
Tested. Sparse categorical accuracy: 17.00

round 22, metrics=<sparse_categorical_accuracy=0.9973111152648926,loss=0.009639482945203781>
23.6118 seconds
Tested. Sparse categorical accuracy: 20.00

round 23, metrics=<sparse_categorical_accuracy=0.9970889091491699,loss=0.011281533166766167>
22.7912 seconds
Tested. Sparse categorical accuracy: 16.00

round 24, metrics=<sparse_categorical_accuracy=0.9971110820770264,loss=0.007605116814374924>
23.8790 seconds
Tested. Sparse categorical accuracy: 19.00

round 25, metrics=<sparse_categorical_accuracy=0.9970889091491699,loss=0.008005345240235329>
23.0249 seconds
Tested. Sparse categorical accuracy: 15.00

round 26, metrics=<sparse_categorical_accuracy=0.9973111152648926,loss=0.006866242736577988>
23.9183 seconds
Tested. Sparse categorical accuracy: 24.00

round 27, metrics=<sparse_categorical_accuracy=0.9981111288070679,loss=0.0067432476207613945>
24.1862 seconds
Tested. Sparse categorical accuracy: 30.00

round 28, metrics=<sparse_categorical_accuracy=0.9976000189781189,loss=0.007308258209377527>
23.2635 seconds
Tested. Sparse categorical accuracy: 19.00

round 29, metrics=<sparse_categorical_accuracy=0.9971333146095276,loss=0.008246286772191525>
23.2975 seconds
Tested. Sparse categorical accuracy: 33.00

round 30, metrics=<sparse_categorical_accuracy=0.9971110820770264,loss=0.009480638429522514>
23.7894 seconds
Tested. Sparse categorical accuracy: 30.00

round 31, metrics=<sparse_categorical_accuracy=0.9973777532577515,loss=0.007760826963931322>
24.2122 seconds
Tested. Sparse categorical accuracy: 29.00

round 32, metrics=<sparse_categorical_accuracy=0.998199999332428,loss=0.005787715781480074>
23.4852 seconds
Tested. Sparse categorical accuracy: 40.00

round 33, metrics=<sparse_categorical_accuracy=0.9977777600288391,loss=0.006192040164023638>
23.0697 seconds
Tested. Sparse categorical accuracy: 40.00

round 34, metrics=<sparse_categorical_accuracy=0.9977111220359802,loss=0.005809755530208349>
23.6804 seconds
Tested. Sparse categorical accuracy: 47.00

round 35, metrics=<sparse_categorical_accuracy=0.9977333545684814,loss=0.006818372290581465>
23.6166 seconds
Tested. Sparse categorical accuracy: 42.00

round 36, metrics=<sparse_categorical_accuracy=0.9981777667999268,loss=0.005540802143514156>
23.4396 seconds
Tested. Sparse categorical accuracy: 51.00

round 37, metrics=<sparse_categorical_accuracy=0.997866690158844,loss=0.005678668152540922>
25.2532 seconds
Tested. Sparse categorical accuracy: 39.00

round 38, metrics=<sparse_categorical_accuracy=0.9986444711685181,loss=0.004198967479169369>
24.0314 seconds
Tested. Sparse categorical accuracy: 45.00

round 39, metrics=<sparse_categorical_accuracy=0.9988666772842407,loss=0.0038881164509803057>
24.0095 seconds
Tested. Sparse categorical accuracy: 55.00

round 40, metrics=<sparse_categorical_accuracy=0.9984666705131531,loss=0.00424791406840086>
24.2506 seconds
Tested. Sparse categorical accuracy: 46.00

round 41, metrics=<sparse_categorical_accuracy=0.9987778067588806,loss=0.004288533702492714>
23.3715 seconds
Tested. Sparse categorical accuracy: 41.00

round 42, metrics=<sparse_categorical_accuracy=0.9980888962745667,loss=0.005571223795413971>
23.4360 seconds
Tested. Sparse categorical accuracy: 55.00

round 43, metrics=<sparse_categorical_accuracy=0.9982666373252869,loss=0.005492972210049629>
22.9018 seconds
Tested. Sparse categorical accuracy: 63.00

round 44, metrics=<sparse_categorical_accuracy=0.9984666705131531,loss=0.004856308456510305>
23.9164 seconds
Tested. Sparse categorical accuracy: 57.00

round 45, metrics=<sparse_categorical_accuracy=0.9988222122192383,loss=0.004188989754766226>
23.9388 seconds
Tested. Sparse categorical accuracy: 53.00

round 46, metrics=<sparse_categorical_accuracy=0.9988889098167419,loss=0.0034020959865301847>
24.7024 seconds
Tested. Sparse categorical accuracy: 55.00

round 47, metrics=<sparse_categorical_accuracy=0.9987999796867371,loss=0.003189285984262824>
23.5786 seconds
Tested. Sparse categorical accuracy: 61.00

round 48, metrics=<sparse_categorical_accuracy=0.9986222386360168,loss=0.005461100488901138>
23.5997 seconds
Tested. Sparse categorical accuracy: 55.00

round 49, metrics=<sparse_categorical_accuracy=0.9986222386360168,loss=0.003971429541707039>
23.2477 seconds
Tested. Sparse categorical accuracy: 62.00

round 50, metrics=<sparse_categorical_accuracy=0.9984666705131531,loss=0.00415849732235074>
23.7806 seconds
Tested. Sparse categorical accuracy: 55.00

round 51, metrics=<sparse_categorical_accuracy=0.9985555410385132,loss=0.004044403322041035>
23.0330 seconds
Tested. Sparse categorical accuracy: 65.00

round 52, metrics=<sparse_categorical_accuracy=0.9989333152770996,loss=0.0033394116908311844>
24.5523 seconds
Tested. Sparse categorical accuracy: 69.00

round 53, metrics=<sparse_categorical_accuracy=0.998711109161377,loss=0.003593934467062354>
23.3291 seconds
Tested. Sparse categorical accuracy: 71.00

round 54, metrics=<sparse_categorical_accuracy=0.9990444183349609,loss=0.002854890888556838>
24.6586 seconds
Tested. Sparse categorical accuracy: 61.00

round 55, metrics=<sparse_categorical_accuracy=0.9986444711685181,loss=0.003334769746288657>
23.7095 seconds
Tested. Sparse categorical accuracy: 76.00

round 56, metrics=<sparse_categorical_accuracy=0.9990888833999634,loss=0.0024347638245671988>
24.8194 seconds
Tested. Sparse categorical accuracy: 61.00

round 57, metrics=<sparse_categorical_accuracy=0.9990222454071045,loss=0.00294237001799047>
24.1140 seconds
Tested. Sparse categorical accuracy: 71.00

round 58, metrics=<sparse_categorical_accuracy=0.999155580997467,loss=0.0027278177440166473>
24.3524 seconds
Tested. Sparse categorical accuracy: 72.00

round 59, metrics=<sparse_categorical_accuracy=0.9990000128746033,loss=0.002690996741876006>
23.6903 seconds
Tested. Sparse categorical accuracy: 69.00

round 60, metrics=<sparse_categorical_accuracy=0.998711109161377,loss=0.0038031297735869884>
23.6955 seconds
Tested. Sparse categorical accuracy: 66.00

round 61, metrics=<sparse_categorical_accuracy=0.9991333484649658,loss=0.002718363655731082>
23.7196 seconds
Tested. Sparse categorical accuracy: 74.00

round 62, metrics=<sparse_categorical_accuracy=0.999155580997467,loss=0.00266734859906137>
24.0807 seconds
Tested. Sparse categorical accuracy: 88.00

round 63, metrics=<sparse_categorical_accuracy=0.9995999932289124,loss=0.0019296345999464393>
22.8848 seconds
Tested. Sparse categorical accuracy: 72.00

round 64, metrics=<sparse_categorical_accuracy=0.9992889165878296,loss=0.0020881795790046453>
23.6825 seconds
Tested. Sparse categorical accuracy: 63.00

round 65, metrics=<sparse_categorical_accuracy=0.9990000128746033,loss=0.0030361164826899767>
23.3274 seconds
Tested. Sparse categorical accuracy: 73.00

round 66, metrics=<sparse_categorical_accuracy=0.9989333152770996,loss=0.003239104989916086>
23.6740 seconds
Tested. Sparse categorical accuracy: 81.00

round 67, metrics=<sparse_categorical_accuracy=0.9994000196456909,loss=0.0018020992865785956>
23.2459 seconds
Tested. Sparse categorical accuracy: 82.00

round 68, metrics=<sparse_categorical_accuracy=0.9992666840553284,loss=0.001958743203431368>
23.9291 seconds
Tested. Sparse categorical accuracy: 81.00

round 69, metrics=<sparse_categorical_accuracy=0.9991333484649658,loss=0.0023775252047926188>
24.2024 seconds
Tested. Sparse categorical accuracy: 76.00

round 70, metrics=<sparse_categorical_accuracy=0.998977780342102,loss=0.0035194808151572943>
24.0380 seconds
Tested. Sparse categorical accuracy: 48.00

round 71, metrics=<sparse_categorical_accuracy=0.9987999796867371,loss=0.0033455067314207554>
23.1107 seconds
Tested. Sparse categorical accuracy: 58.00

round 72, metrics=<sparse_categorical_accuracy=0.9990444183349609,loss=0.002685148734599352>
23.5473 seconds
Tested. Sparse categorical accuracy: 89.00

round 73, metrics=<sparse_categorical_accuracy=0.9992222189903259,loss=0.002422227757051587>
23.3261 seconds
Tested. Sparse categorical accuracy: 77.00

round 74, metrics=<sparse_categorical_accuracy=0.9995999932289124,loss=0.0015438849804922938>
23.5121 seconds
Tested. Sparse categorical accuracy: 84.00

round 75, metrics=<sparse_categorical_accuracy=0.9993555545806885,loss=0.0018641571514308453>
23.9268 seconds
Tested. Sparse categorical accuracy: 77.00

round 76, metrics=<sparse_categorical_accuracy=0.9992444515228271,loss=0.002023691311478615>
24.0188 seconds
Tested. Sparse categorical accuracy: 65.00

round 77, metrics=<sparse_categorical_accuracy=0.9992222189903259,loss=0.00259789708070457>
23.2673 seconds
Tested. Sparse categorical accuracy: 67.00

round 78, metrics=<sparse_categorical_accuracy=0.999311089515686,loss=0.002631125273182988>
23.3553 seconds
Tested. Sparse categorical accuracy: 74.00

round 79, metrics=<sparse_categorical_accuracy=0.999666690826416,loss=0.0012395164230838418>
23.0117 seconds
Tested. Sparse categorical accuracy: 78.00

round 80, metrics=<sparse_categorical_accuracy=0.9993555545806885,loss=0.001828626962378621>
23.6460 seconds
Tested. Sparse categorical accuracy: 87.00

round 81, metrics=<sparse_categorical_accuracy=0.999666690826416,loss=0.001204010914079845>
24.1577 seconds
Tested. Sparse categorical accuracy: 78.00

round 82, metrics=<sparse_categorical_accuracy=0.9993777871131897,loss=0.001870824838988483>
23.3683 seconds
Tested. Sparse categorical accuracy: 82.00

round 83, metrics=<sparse_categorical_accuracy=0.9991999864578247,loss=0.002319015795364976>
23.4711 seconds
Tested. Sparse categorical accuracy: 68.00

round 84, metrics=<sparse_categorical_accuracy=0.999155580997467,loss=0.0024442265275865793>
23.9509 seconds
Tested. Sparse categorical accuracy: 68.00

round 85, metrics=<sparse_categorical_accuracy=0.9990666508674622,loss=0.003059712704271078>
24.7615 seconds
Tested. Sparse categorical accuracy: 86.00

round 86, metrics=<sparse_categorical_accuracy=0.999311089515686,loss=0.002040516585111618>
23.6775 seconds
Tested. Sparse categorical accuracy: 81.00

round 87, metrics=<sparse_categorical_accuracy=0.9995777606964111,loss=0.0013966768747195601>
23.4261 seconds
Tested. Sparse categorical accuracy: 83.00

round 88, metrics=<sparse_categorical_accuracy=0.9996222257614136,loss=0.0013027457753196359>
23.2959 seconds
Tested. Sparse categorical accuracy: 79.00

round 89, metrics=<sparse_categorical_accuracy=0.9993555545806885,loss=0.0018609589897096157>
24.6317 seconds
Tested. Sparse categorical accuracy: 79.00

round 90, metrics=<sparse_categorical_accuracy=0.9994444251060486,loss=0.0019538227934390306>
23.2673 seconds
Tested. Sparse categorical accuracy: 80.00

round 91, metrics=<sparse_categorical_accuracy=0.9993777871131897,loss=0.0020401659421622753>
23.8205 seconds
Tested. Sparse categorical accuracy: 84.00

round 92, metrics=<sparse_categorical_accuracy=0.9995333552360535,loss=0.0013691650237888098>
23.7080 seconds
Tested. Sparse categorical accuracy: 88.00

round 93, metrics=<sparse_categorical_accuracy=0.999488890171051,loss=0.0015274127945303917>
24.6253 seconds
Tested. Sparse categorical accuracy: 79.00

round 94, metrics=<sparse_categorical_accuracy=0.9994221925735474,loss=0.0015366821317002177>
23.8438 seconds
Tested. Sparse categorical accuracy: 88.00

round 95, metrics=<sparse_categorical_accuracy=0.9995111227035522,loss=0.0015356229851022363>
23.2542 seconds
Tested. Sparse categorical accuracy: 80.00

round 96, metrics=<sparse_categorical_accuracy=0.999311089515686,loss=0.0017873640172183514>
23.2855 seconds
Tested. Sparse categorical accuracy: 80.00

round 97, metrics=<sparse_categorical_accuracy=0.9996222257614136,loss=0.0012502373429015279>
23.5326 seconds
Tested. Sparse categorical accuracy: 87.00

round 98, metrics=<sparse_categorical_accuracy=0.9994221925735474,loss=0.0021406093146651983>
23.1220 seconds
Tested. Sparse categorical accuracy: 78.00

round 99, metrics=<sparse_categorical_accuracy=0.9993777871131897,loss=0.0019558933563530445>
25.4504 seconds
Tested. Sparse categorical accuracy: 85.00

round 100, metrics=<sparse_categorical_accuracy=0.9993777871131897,loss=0.001710053184069693>
23.0347 seconds
Tested. Sparse categorical accuracy: 89.00

round 101, metrics=<sparse_categorical_accuracy=0.9997555613517761,loss=0.0010463964426890016>
25.6419 seconds
Tested. Sparse categorical accuracy: 91.00

round 102, metrics=<sparse_categorical_accuracy=0.9995777606964111,loss=0.001422167755663395>
23.9835 seconds
Tested. Sparse categorical accuracy: 84.00

round 103, metrics=<sparse_categorical_accuracy=0.9995999932289124,loss=0.0012999131577089429>
25.2809 seconds
Tested. Sparse categorical accuracy: 86.00

round 104, metrics=<sparse_categorical_accuracy=0.9995777606964111,loss=0.0012621342903003097>
23.4885 seconds
Tested. Sparse categorical accuracy: 91.00

round 105, metrics=<sparse_categorical_accuracy=0.9994444251060486,loss=0.0016602162504568696>
23.9315 seconds
Tested. Sparse categorical accuracy: 92.00

round 106, metrics=<sparse_categorical_accuracy=0.9995111227035522,loss=0.0013059248449280858>
23.4181 seconds
Tested. Sparse categorical accuracy: 86.00

round 107, metrics=<sparse_categorical_accuracy=0.9995555281639099,loss=0.001149768359027803>
23.4777 seconds
Tested. Sparse categorical accuracy: 89.00

round 108, metrics=<sparse_categorical_accuracy=0.9995555281639099,loss=0.0014566198224201798>
23.3071 seconds
Tested. Sparse categorical accuracy: 80.00

round 109, metrics=<sparse_categorical_accuracy=0.9993555545806885,loss=0.0018587643280625343>
24.9157 seconds
Tested. Sparse categorical accuracy: 83.00

round 110, metrics=<sparse_categorical_accuracy=0.9994000196456909,loss=0.0023851566947996616>
23.2399 seconds
Tested. Sparse categorical accuracy: 78.00

round 111, metrics=<sparse_categorical_accuracy=0.9991999864578247,loss=0.003244367428123951>
23.4973 seconds
Tested. Sparse categorical accuracy: 72.00

round 112, metrics=<sparse_categorical_accuracy=0.9992666840553284,loss=0.0023106925655156374>
23.6464 seconds
Tested. Sparse categorical accuracy: 93.00

round 113, metrics=<sparse_categorical_accuracy=0.999488890171051,loss=0.0018034996464848518>
24.3790 seconds
Tested. Sparse categorical accuracy: 83.00

round 114, metrics=<sparse_categorical_accuracy=0.9995555281639099,loss=0.0013523268280550838>
23.6301 seconds
Tested. Sparse categorical accuracy: 81.00

round 115, metrics=<sparse_categorical_accuracy=0.9995999932289124,loss=0.0014195175608620048>
23.6675 seconds
Tested. Sparse categorical accuracy: 97.00

round 116, metrics=<sparse_categorical_accuracy=0.9996222257614136,loss=0.0012380372500047088>
23.4387 seconds
Tested. Sparse categorical accuracy: 90.00

round 117, metrics=<sparse_categorical_accuracy=0.9995999932289124,loss=0.0012921206653118134>
23.3881 seconds
Tested. Sparse categorical accuracy: 89.00

round 118, metrics=<sparse_categorical_accuracy=0.999666690826416,loss=0.0012750392779707909>
23.5292 seconds
Tested. Sparse categorical accuracy: 86.00

round 119, metrics=<sparse_categorical_accuracy=0.9996888637542725,loss=0.001190246781334281>
25.1653 seconds
Tested. Sparse categorical accuracy: 86.00

round 120, metrics=<sparse_categorical_accuracy=0.9996444582939148,loss=0.0011707502417266369>
23.4406 seconds
Tested. Sparse categorical accuracy: 91.00

round 121, metrics=<sparse_categorical_accuracy=0.9997333288192749,loss=0.0010356683051213622>
24.5765 seconds
Tested. Sparse categorical accuracy: 81.00

round 122, metrics=<sparse_categorical_accuracy=0.9995999932289124,loss=0.0012090341188013554>
23.2268 seconds
Tested. Sparse categorical accuracy: 95.00

round 123, metrics=<sparse_categorical_accuracy=0.9996444582939148,loss=0.0009752986370585859>
22.9480 seconds
Tested. Sparse categorical accuracy: 88.00

round 124, metrics=<sparse_categorical_accuracy=0.9997555613517761,loss=0.0009076148853637278>
24.3913 seconds
Tested. Sparse categorical accuracy: 94.00

round 125, metrics=<sparse_categorical_accuracy=0.9996444582939148,loss=0.0012358957901597023>
24.0780 seconds
Tested. Sparse categorical accuracy: 97.00

round 126, metrics=<sparse_categorical_accuracy=0.9996222257614136,loss=0.0009820603299885988>
23.2093 seconds
Tested. Sparse categorical accuracy: 95.00

round 127, metrics=<sparse_categorical_accuracy=0.9997555613517761,loss=0.0007973746978677809>
24.2974 seconds
Tested. Sparse categorical accuracy: 94.00

round 128, metrics=<sparse_categorical_accuracy=0.9995555281639099,loss=0.00103839545045048>
23.3708 seconds
Tested. Sparse categorical accuracy: 87.00

round 129, metrics=<sparse_categorical_accuracy=0.9992222189903259,loss=0.002149660140275955>
23.9495 seconds
Tested. Sparse categorical accuracy: 84.00

round 130, metrics=<sparse_categorical_accuracy=0.9994666576385498,loss=0.0021016255486756563>
23.9042 seconds
Tested. Sparse categorical accuracy: 87.00

round 131, metrics=<sparse_categorical_accuracy=0.9993777871131897,loss=0.0020534037612378597>
23.8354 seconds
Tested. Sparse categorical accuracy: 87.00

round 132, metrics=<sparse_categorical_accuracy=0.9997333288192749,loss=0.0009617895120754838>
24.2563 seconds
Tested. Sparse categorical accuracy: 90.00

round 133, metrics=<sparse_categorical_accuracy=0.9997110962867737,loss=0.0008689704700373113>
23.5202 seconds
Tested. Sparse categorical accuracy: 92.00

round 134, metrics=<sparse_categorical_accuracy=0.999666690826416,loss=0.0009530567331239581>
24.4629 seconds
Tested. Sparse categorical accuracy: 94.00

round 135, metrics=<sparse_categorical_accuracy=0.9997555613517761,loss=0.00100673025008291>
24.0106 seconds
Tested. Sparse categorical accuracy: 93.00

round 136, metrics=<sparse_categorical_accuracy=0.9996888637542725,loss=0.0012173590948805213>
24.4211 seconds
Tested. Sparse categorical accuracy: 91.00

round 137, metrics=<sparse_categorical_accuracy=0.9997333288192749,loss=0.0009921081364154816>
23.4657 seconds
Tested. Sparse categorical accuracy: 97.00

round 138, metrics=<sparse_categorical_accuracy=0.9995555281639099,loss=0.001386724878102541>
23.3810 seconds
Tested. Sparse categorical accuracy: 89.00

round 139, metrics=<sparse_categorical_accuracy=0.9997777938842773,loss=0.0008318510372191668>
24.0250 seconds
Tested. Sparse categorical accuracy: 93.00

round 140, metrics=<sparse_categorical_accuracy=0.9996222257614136,loss=0.0010319063439965248>
23.2750 seconds
Tested. Sparse categorical accuracy: 97.00

round 141, metrics=<sparse_categorical_accuracy=0.9998000264167786,loss=0.0007042111828923225>
24.0005 seconds
Tested. Sparse categorical accuracy: 95.00

round 142, metrics=<sparse_categorical_accuracy=0.999666690826416,loss=0.0008680881001055241>
25.1168 seconds
Tested. Sparse categorical accuracy: 94.00

round 143, metrics=<sparse_categorical_accuracy=0.9996888637542725,loss=0.0009684473625384271>
25.2632 seconds
Tested. Sparse categorical accuracy: 95.00

round 144, metrics=<sparse_categorical_accuracy=0.999666690826416,loss=0.000996061135083437>
24.3173 seconds
Tested. Sparse categorical accuracy: 94.00

round 145, metrics=<sparse_categorical_accuracy=0.9996222257614136,loss=0.0014479602687060833>
23.5085 seconds
Tested. Sparse categorical accuracy: 91.00

round 146, metrics=<sparse_categorical_accuracy=0.9995777606964111,loss=0.0014357516774907708>
23.9109 seconds
Tested. Sparse categorical accuracy: 93.00

round 147, metrics=<sparse_categorical_accuracy=0.9997777938842773,loss=0.0007892053108662367>
23.8347 seconds
Tested. Sparse categorical accuracy: 87.00

round 148, metrics=<sparse_categorical_accuracy=0.9997333288192749,loss=0.0009057300048880279>
23.3945 seconds
Tested. Sparse categorical accuracy: 96.00

round 149, metrics=<sparse_categorical_accuracy=0.9995333552360535,loss=0.0014092214405536652>
24.6767 seconds
Tested. Sparse categorical accuracy: 93.00

round 150, metrics=<sparse_categorical_accuracy=0.9995777606964111,loss=0.0015841813292354345>
22.9962 seconds
Tested. Sparse categorical accuracy: 89.00

round 151, metrics=<sparse_categorical_accuracy=0.9994444251060486,loss=0.001503492589108646>
24.4151 seconds
Tested. Sparse categorical accuracy: 94.00

round 152, metrics=<sparse_categorical_accuracy=0.999822199344635,loss=0.0006310647586360574>
24.4548 seconds
Tested. Sparse categorical accuracy: 96.00

round 153, metrics=<sparse_categorical_accuracy=0.9997777938842773,loss=0.000912659103050828>
23.6078 seconds
Tested. Sparse categorical accuracy: 91.00

round 154, metrics=<sparse_categorical_accuracy=0.999822199344635,loss=0.0006658292841166258>
24.4325 seconds
Tested. Sparse categorical accuracy: 93.00

round 155, metrics=<sparse_categorical_accuracy=0.9996888637542725,loss=0.0011075397487729788>
23.8743 seconds
Tested. Sparse categorical accuracy: 94.00

round 156, metrics=<sparse_categorical_accuracy=0.9996888637542725,loss=0.0008723067585378885>
23.8054 seconds
Tested. Sparse categorical accuracy: 91.00

round 157, metrics=<sparse_categorical_accuracy=0.9997333288192749,loss=0.0006577339954674244>
24.3984 seconds
Tested. Sparse categorical accuracy: 91.00

round 158, metrics=<sparse_categorical_accuracy=0.9996222257614136,loss=0.0010999961523339152>
25.0833 seconds
Tested. Sparse categorical accuracy: 92.00

round 159, metrics=<sparse_categorical_accuracy=0.9996444582939148,loss=0.0009627036051824689>
24.0531 seconds
Tested. Sparse categorical accuracy: 97.00

round 160, metrics=<sparse_categorical_accuracy=0.9995777606964111,loss=0.0010283570736646652>
23.5271 seconds
Tested. Sparse categorical accuracy: 89.00

round 161, metrics=<sparse_categorical_accuracy=0.9996222257614136,loss=0.0012279778020456433>
24.3222 seconds
Tested. Sparse categorical accuracy: 82.00

round 162, metrics=<sparse_categorical_accuracy=0.9994444251060486,loss=0.0021721848752349615>
23.1180 seconds
Tested. Sparse categorical accuracy: 94.00

round 163, metrics=<sparse_categorical_accuracy=0.9996222257614136,loss=0.001133779645897448>
23.6168 seconds
Tested. Sparse categorical accuracy: 91.00

round 164, metrics=<sparse_categorical_accuracy=0.9997333288192749,loss=0.0008021782850846648>
23.2439 seconds
Tested. Sparse categorical accuracy: 92.00

round 165, metrics=<sparse_categorical_accuracy=0.999666690826416,loss=0.0010408085072413087>
23.5164 seconds
Tested. Sparse categorical accuracy: 94.00

round 166, metrics=<sparse_categorical_accuracy=0.9997110962867737,loss=0.0009302682592533529>
24.5908 seconds
Tested. Sparse categorical accuracy: 89.00

round 167, metrics=<sparse_categorical_accuracy=0.9997555613517761,loss=0.000841618690174073>
23.9258 seconds
Tested. Sparse categorical accuracy: 94.00

round 168, metrics=<sparse_categorical_accuracy=0.9997110962867737,loss=0.0008893490303307772>
25.1060 seconds
Tested. Sparse categorical accuracy: 83.00

round 169, metrics=<sparse_categorical_accuracy=0.9997777938842773,loss=0.0009876026306301355>
23.6178 seconds
Tested. Sparse categorical accuracy: 93.00

round 170, metrics=<sparse_categorical_accuracy=0.9995777606964111,loss=0.0012166518718004227>
23.6741 seconds
Tested. Sparse categorical accuracy: 85.00

round 171, metrics=<sparse_categorical_accuracy=0.9995999932289124,loss=0.0013751897495239973>
23.6605 seconds
Tested. Sparse categorical accuracy: 89.00

round 172, metrics=<sparse_categorical_accuracy=0.999666690826416,loss=0.0009553652489557862>
23.7481 seconds
Tested. Sparse categorical accuracy: 93.00

round 173, metrics=<sparse_categorical_accuracy=0.9995999932289124,loss=0.0012023336021229625>
23.6874 seconds
Tested. Sparse categorical accuracy: 87.00

round 174, metrics=<sparse_categorical_accuracy=0.9997555613517761,loss=0.0007609330932609737>
23.8799 seconds
Tested. Sparse categorical accuracy: 96.00

round 175, metrics=<sparse_categorical_accuracy=0.999822199344635,loss=0.0008090187911875546>
24.1434 seconds
Tested. Sparse categorical accuracy: 98.00

round 176, metrics=<sparse_categorical_accuracy=0.9997777938842773,loss=0.0008221761090680957>
23.2745 seconds
Tested. Sparse categorical accuracy: 89.00

round 177, metrics=<sparse_categorical_accuracy=0.9997555613517761,loss=0.0007661142735742033>
23.4258 seconds
Tested. Sparse categorical accuracy: 94.00

round 178, metrics=<sparse_categorical_accuracy=0.9997333288192749,loss=0.0009976397268474102>
23.4437 seconds
Tested. Sparse categorical accuracy: 92.00

round 179, metrics=<sparse_categorical_accuracy=0.9996888637542725,loss=0.0010779087897390127>
23.5996 seconds
Tested. Sparse categorical accuracy: 93.00

round 180, metrics=<sparse_categorical_accuracy=0.9995999932289124,loss=0.000918327015824616>
23.8708 seconds
Tested. Sparse categorical accuracy: 92.00

round 181, metrics=<sparse_categorical_accuracy=0.9998666644096375,loss=0.0004887620452791452>
24.2789 seconds
Tested. Sparse categorical accuracy: 95.00

round 182, metrics=<sparse_categorical_accuracy=0.9997555613517761,loss=0.0007389824604615569>
24.3452 seconds
Tested. Sparse categorical accuracy: 89.00

round 183, metrics=<sparse_categorical_accuracy=0.9997777938842773,loss=0.0008306563249789178>
23.3218 seconds
Tested. Sparse categorical accuracy: 92.00

round 184, metrics=<sparse_categorical_accuracy=0.9998666644096375,loss=0.0006055545527487993>
24.1511 seconds
Tested. Sparse categorical accuracy: 94.00

round 185, metrics=<sparse_categorical_accuracy=0.9997110962867737,loss=0.0009213502053171396>
23.8517 seconds
Tested. Sparse categorical accuracy: 94.00

round 186, metrics=<sparse_categorical_accuracy=0.9997777938842773,loss=0.0007907204562798142>
24.2822 seconds
Tested. Sparse categorical accuracy: 96.00

round 187, metrics=<sparse_categorical_accuracy=0.9998000264167786,loss=0.0006367741152644157>
24.3935 seconds
Tested. Sparse categorical accuracy: 95.00

round 188, metrics=<sparse_categorical_accuracy=0.9998000264167786,loss=0.0006023349706083536>
23.2735 seconds
Tested. Sparse categorical accuracy: 90.00

round 189, metrics=<sparse_categorical_accuracy=0.9997555613517761,loss=0.0007916824542917311>
23.5917 seconds
Tested. Sparse categorical accuracy: 94.00

round 190, metrics=<sparse_categorical_accuracy=0.9996444582939148,loss=0.0010111123556271195>
23.4928 seconds
Tested. Sparse categorical accuracy: 83.00

round 191, metrics=<sparse_categorical_accuracy=0.9995555281639099,loss=0.001521968632005155>
23.4648 seconds
Tested. Sparse categorical accuracy: 85.00

round 192, metrics=<sparse_categorical_accuracy=0.9994666576385498,loss=0.001541327452287078>
24.1116 seconds
Tested. Sparse categorical accuracy: 82.00

round 193, metrics=<sparse_categorical_accuracy=0.9992444515228271,loss=0.002447228180244565>
23.6130 seconds
Tested. Sparse categorical accuracy: 88.00

round 194, metrics=<sparse_categorical_accuracy=0.9995777606964111,loss=0.00113607884850353>
23.9122 seconds
Tested. Sparse categorical accuracy: 95.00

round 195, metrics=<sparse_categorical_accuracy=0.9994666576385498,loss=0.001392095466144383>
24.0207 seconds
Tested. Sparse categorical accuracy: 96.00

round 196, metrics=<sparse_categorical_accuracy=0.9995777606964111,loss=0.0014615477994084358>
23.3565 seconds
Tested. Sparse categorical accuracy: 95.00

round 197, metrics=<sparse_categorical_accuracy=0.9996888637542725,loss=0.0008424154366366565>
24.5493 seconds
Tested. Sparse categorical accuracy: 87.00

round 198, metrics=<sparse_categorical_accuracy=0.999666690826416,loss=0.0010696965036913753>
25.2094 seconds
Tested. Sparse categorical accuracy: 93.00

round 199, metrics=<sparse_categorical_accuracy=0.999822199344635,loss=0.0007810657843947411>
23.6715 seconds
Tested. Sparse categorical accuracy: 85.00

round 200, metrics=<sparse_categorical_accuracy=0.9998888969421387,loss=0.0005664406926371157>
23.1964 seconds
Tested. Sparse categorical accuracy: 94.00

Target accuracy reached after  200  rounds
Average time per round: 23.00

2020-05-03 23:20:04.848731
