
TENSORFLOW USERS:
You must use the python3.6-anaconda/5.2.0 module to run TensorFlow.
See https://arc-ts.umich.edu/greatlakes/software/tensorflow for more
information.



The following have been reloaded with a version change:
  1) cuda/10.0.130 => cuda/10.1.105


Currently Loaded Modules:
  1) python3.7-anaconda/2019.07   2) cudnn/10.0-v7.6   3) cuda/10.1.105

 

mkdir: cannot create directory ‘results/5842441’: File exists
mkdir: cannot create directory ‘results/5842441/log’: File exists
Test  118
2020-05-01 22:51:41.388434


Schema 1: Each client partially IID
--------------------------------------------------
percent data distributed IID:  20
number of classes for non-IID data:  2
data points per client (mean, std dev): ( 600 ,  0 )
--------------------------------------------------

round  1, metrics=<sparse_categorical_accuracy=0.8255583047866821,loss=0.5548086166381836>
61.5183 seconds
Tested. Sparse categorical accuracy: 51.00

round  2, metrics=<sparse_categorical_accuracy=0.954883337020874,loss=0.1618495136499405>
58.5161 seconds
Tested. Sparse categorical accuracy: 95.00

round  3, metrics=<sparse_categorical_accuracy=0.9821000099182129,loss=0.0673312097787857>
60.0970 seconds
Tested. Sparse categorical accuracy: 93.00

round  4, metrics=<sparse_categorical_accuracy=0.9918666481971741,loss=0.029714038595557213>
63.3028 seconds
Tested. Sparse categorical accuracy: 96.00

round  5, metrics=<sparse_categorical_accuracy=0.9923250079154968,loss=0.029378337785601616>
59.8665 seconds
Tested. Sparse categorical accuracy: 97.00

round  6, metrics=<sparse_categorical_accuracy=0.994866669178009,loss=0.01967654377222061>
60.4594 seconds
Tested. Sparse categorical accuracy: 94.00

round  7, metrics=<sparse_categorical_accuracy=0.9944416880607605,loss=0.0218743197619915>
62.1065 seconds
Tested. Sparse categorical accuracy: 96.00

round  8, metrics=<sparse_categorical_accuracy=0.996275007724762,loss=0.013277076184749603>
59.7093 seconds
Tested. Sparse categorical accuracy: 95.00

round  9, metrics=<sparse_categorical_accuracy=0.996275007724762,loss=0.014059909619390965>
61.2848 seconds
Tested. Sparse categorical accuracy: 95.00

round 10, metrics=<sparse_categorical_accuracy=0.9947999715805054,loss=0.021106649190187454>
62.6327 seconds
Tested. Sparse categorical accuracy: 95.00

round 11, metrics=<sparse_categorical_accuracy=0.9972416758537292,loss=0.009711143560707569>
58.0278 seconds
Tested. Sparse categorical accuracy: 98.00

round 12, metrics=<sparse_categorical_accuracy=0.9954416751861572,loss=0.017718711867928505>
57.8990 seconds
Tested. Sparse categorical accuracy: 96.00

round 13, metrics=<sparse_categorical_accuracy=0.9979833364486694,loss=0.00719946064054966>
60.0575 seconds
Tested. Sparse categorical accuracy: 98.00

round 14, metrics=<sparse_categorical_accuracy=0.9974499940872192,loss=0.010192378424108028>
60.5690 seconds
Tested. Sparse categorical accuracy: 96.00

round 15, metrics=<sparse_categorical_accuracy=0.9975416660308838,loss=0.008949903771281242>
61.1614 seconds
Tested. Sparse categorical accuracy: 97.00

round 16, metrics=<sparse_categorical_accuracy=0.9974416494369507,loss=0.009912505745887756>
58.9011 seconds
Tested. Sparse categorical accuracy: 98.00

round 17, metrics=<sparse_categorical_accuracy=0.9978333115577698,loss=0.007308171130716801>
62.4796 seconds
Tested. Sparse categorical accuracy: 99.00

Target accuracy reached after  17  rounds
Average time per round: 60.00

2020-05-01 23:09:01.014144
