
TENSORFLOW USERS:
You must use the python3.6-anaconda/5.2.0 module to run TensorFlow.
See https://arc-ts.umich.edu/greatlakes/software/tensorflow for more
information.



The following have been reloaded with a version change:
  1) cuda/10.0.130 => cuda/10.1.105


Currently Loaded Modules:
  1) python3.7-anaconda/2019.07   2) cudnn/10.0-v7.6   3) cuda/10.1.105

 

mkdir: cannot create directory ‘results/5842441’: File exists
mkdir: cannot create directory ‘results/5842441/log’: File exists
Test  198
2020-05-02 12:02:46.973095


Schema 1: Each client partially IID
--------------------------------------------------
percent data distributed IID:  40
number of classes for non-IID data:  2
data points per client (mean, std dev): ( 600 ,  0 )
--------------------------------------------------

round  1, metrics=<sparse_categorical_accuracy=0.5928722023963928,loss=1.1899950504302979>
110.6996 seconds
Tested. Sparse categorical accuracy: 7.00

round  2, metrics=<sparse_categorical_accuracy=0.33223333954811096,loss=1.8041435480117798>
93.4380 seconds
Tested. Sparse categorical accuracy: 10.00

round  3, metrics=<sparse_categorical_accuracy=0.3348222076892853,loss=1.7971112728118896>
93.0715 seconds
Tested. Sparse categorical accuracy: 9.00

round  4, metrics=<sparse_categorical_accuracy=0.3366388976573944,loss=1.7999948263168335>
111.9958 seconds
Tested. Sparse categorical accuracy: 6.00

round  5, metrics=<sparse_categorical_accuracy=0.33945000171661377,loss=1.8037569522857666>
93.0655 seconds
Tested. Sparse categorical accuracy: 13.00

round  6, metrics=<sparse_categorical_accuracy=0.33426666259765625,loss=1.7967220544815063>
107.7951 seconds
Tested. Sparse categorical accuracy: 9.00

round  7, metrics=<sparse_categorical_accuracy=0.3322611153125763,loss=1.8000614643096924>
92.8770 seconds
Tested. Sparse categorical accuracy: 10.00

round  8, metrics=<sparse_categorical_accuracy=0.3367833197116852,loss=1.8033084869384766>
104.8311 seconds
Tested. Sparse categorical accuracy: 8.00

round  9, metrics=<sparse_categorical_accuracy=0.3368277847766876,loss=1.7971283197402954>
96.6712 seconds
Tested. Sparse categorical accuracy: 9.00

round 10, metrics=<sparse_categorical_accuracy=0.3353777825832367,loss=1.799516201019287>
107.9561 seconds
Tested. Sparse categorical accuracy: 12.00

round 11, metrics=<sparse_categorical_accuracy=0.3344888985157013,loss=1.8033506870269775>
93.4117 seconds
Tested. Sparse categorical accuracy: 13.00

round 12, metrics=<sparse_categorical_accuracy=0.33374443650245667,loss=1.800102949142456>
106.6987 seconds
Tested. Sparse categorical accuracy: 8.00

round 13, metrics=<sparse_categorical_accuracy=0.3349222242832184,loss=1.7965790033340454>
94.8113 seconds
Tested. Sparse categorical accuracy: 11.00

round 14, metrics=<sparse_categorical_accuracy=0.3337944447994232,loss=1.7999272346496582>
109.4881 seconds
Tested. Sparse categorical accuracy: 9.00

round 15, metrics=<sparse_categorical_accuracy=0.3371500074863434,loss=1.8030346632003784>
90.9294 seconds
Tested. Sparse categorical accuracy: 15.00

round 16, metrics=<sparse_categorical_accuracy=0.3405611217021942,loss=1.7957626581192017>
111.0235 seconds
Tested. Sparse categorical accuracy: 10.00

round 17, metrics=<sparse_categorical_accuracy=0.33425000309944153,loss=1.7991911172866821>
92.2063 seconds
Tested. Sparse categorical accuracy: 4.00

round 18, metrics=<sparse_categorical_accuracy=0.33694443106651306,loss=1.8036820888519287>
111.7896 seconds
Tested. Sparse categorical accuracy: 12.00

round 19, metrics=<sparse_categorical_accuracy=0.33880555629730225,loss=1.7958831787109375>
93.1161 seconds
Tested. Sparse categorical accuracy: 6.00

round 20, metrics=<sparse_categorical_accuracy=0.33845555782318115,loss=1.798646330833435>
113.3360 seconds
Tested. Sparse categorical accuracy: 6.00

round 21, metrics=<sparse_categorical_accuracy=0.328000009059906,loss=1.8021645545959473>
92.3970 seconds
Tested. Sparse categorical accuracy: 9.00

round 22, metrics=<sparse_categorical_accuracy=0.34415555000305176,loss=1.7978057861328125>
107.5705 seconds
Tested. Sparse categorical accuracy: 5.00

round 23, metrics=<sparse_categorical_accuracy=0.33719998598098755,loss=1.7973068952560425>
93.0828 seconds
Tested. Sparse categorical accuracy: 11.00

round 24, metrics=<sparse_categorical_accuracy=0.33009445667266846,loss=1.8002904653549194>
103.7411 seconds
Tested. Sparse categorical accuracy: 10.00

round 25, metrics=<sparse_categorical_accuracy=0.3388722240924835,loss=1.802086591720581>
92.9127 seconds
Tested. Sparse categorical accuracy: 10.00

round 26, metrics=<sparse_categorical_accuracy=0.337883323431015,loss=1.7972290515899658>
110.1383 seconds
Tested. Sparse categorical accuracy: 13.00

round 27, metrics=<sparse_categorical_accuracy=0.33134445548057556,loss=1.8002722263336182>
95.9456 seconds
Tested. Sparse categorical accuracy: 11.00

round 28, metrics=<sparse_categorical_accuracy=0.338572233915329,loss=1.8025716543197632>
109.0169 seconds
Tested. Sparse categorical accuracy: 9.00

round 29, metrics=<sparse_categorical_accuracy=0.3396722078323364,loss=1.796090841293335>
94.7541 seconds
Tested. Sparse categorical accuracy: 7.00

round 30, metrics=<sparse_categorical_accuracy=0.33354443311691284,loss=1.8015519380569458>
109.6372 seconds
Tested. Sparse categorical accuracy: 11.00

round 31, metrics=<sparse_categorical_accuracy=0.3351944386959076,loss=1.8016095161437988>
93.6660 seconds
Tested. Sparse categorical accuracy: 11.00

round 32, metrics=<sparse_categorical_accuracy=0.3344944417476654,loss=1.7997937202453613>
112.9322 seconds
Tested. Sparse categorical accuracy: 8.00

round 33, metrics=<sparse_categorical_accuracy=0.33250001072883606,loss=1.7971656322479248>
93.1844 seconds
Tested. Sparse categorical accuracy: 6.00

round 34, metrics=<sparse_categorical_accuracy=0.33701667189598083,loss=1.8000999689102173>
110.3461 seconds
Tested. Sparse categorical accuracy: 8.00

round 35, metrics=<sparse_categorical_accuracy=0.3378944396972656,loss=1.8038015365600586>
94.7940 seconds
Tested. Sparse categorical accuracy: 8.00

round 36, metrics=<sparse_categorical_accuracy=0.3370611071586609,loss=1.797378659248352>
109.5223 seconds
Tested. Sparse categorical accuracy: 8.00

round 37, metrics=<sparse_categorical_accuracy=0.33552223443984985,loss=1.799009919166565>
93.9305 seconds
Tested. Sparse categorical accuracy: 8.00

round 38, metrics=<sparse_categorical_accuracy=0.33576667308807373,loss=1.8032019138336182>
113.5076 seconds
Tested. Sparse categorical accuracy: 10.00

round 39, metrics=<sparse_categorical_accuracy=0.33026665449142456,loss=1.7985572814941406>
94.3685 seconds
Tested. Sparse categorical accuracy: 5.00

round 40, metrics=<sparse_categorical_accuracy=0.3359111249446869,loss=1.7991256713867188>
113.4325 seconds
Tested. Sparse categorical accuracy: 9.00

round 41, metrics=<sparse_categorical_accuracy=0.33872777223587036,loss=1.8032046556472778>
94.4731 seconds
Tested. Sparse categorical accuracy: 12.00

round 42, metrics=<sparse_categorical_accuracy=0.33586665987968445,loss=1.7986305952072144>
113.8814 seconds
Tested. Sparse categorical accuracy: 11.00

round 43, metrics=<sparse_categorical_accuracy=0.3367277681827545,loss=1.7972615957260132>
94.6664 seconds
Tested. Sparse categorical accuracy: 8.00

round 44, metrics=<sparse_categorical_accuracy=0.3298444449901581,loss=1.800280213356018>
113.1754 seconds
Tested. Sparse categorical accuracy: 6.00

round 45, metrics=<sparse_categorical_accuracy=0.3337555527687073,loss=1.8038266897201538>
96.3938 seconds
Tested. Sparse categorical accuracy: 12.00

round 46, metrics=<sparse_categorical_accuracy=0.33597221970558167,loss=1.7968320846557617>
112.8218 seconds
Tested. Sparse categorical accuracy: 5.00

round 47, metrics=<sparse_categorical_accuracy=0.33356112241744995,loss=1.798156976699829>
93.0203 seconds
Tested. Sparse categorical accuracy: 11.00

round 48, metrics=<sparse_categorical_accuracy=0.33409443497657776,loss=1.8034926652908325>
108.3087 seconds
Tested. Sparse categorical accuracy: 8.00

round 49, metrics=<sparse_categorical_accuracy=0.3328222334384918,loss=1.7973835468292236>
105.3152 seconds
Tested. Sparse categorical accuracy: 9.00

round 50, metrics=<sparse_categorical_accuracy=0.3363611102104187,loss=1.7999143600463867>
106.7033 seconds
Tested. Sparse categorical accuracy: 4.00

round 51, metrics=<sparse_categorical_accuracy=0.34220001101493835,loss=1.8013663291931152>
97.5125 seconds
Tested. Sparse categorical accuracy: 8.00

round 52, metrics=<sparse_categorical_accuracy=0.3345777690410614,loss=1.8010965585708618>
112.1718 seconds
Tested. Sparse categorical accuracy: 12.00

round 53, metrics=<sparse_categorical_accuracy=0.3391000032424927,loss=1.7967274188995361>
94.2346 seconds
Tested. Sparse categorical accuracy: 9.00

round 54, metrics=<sparse_categorical_accuracy=0.331888884305954,loss=1.8007583618164062>
108.2788 seconds
Tested. Sparse categorical accuracy: 12.00

round 55, metrics=<sparse_categorical_accuracy=0.33597221970558167,loss=1.8042181730270386>
96.4330 seconds
Tested. Sparse categorical accuracy: 5.00

round 56, metrics=<sparse_categorical_accuracy=0.3294277787208557,loss=1.7993005514144897>
109.5105 seconds
Tested. Sparse categorical accuracy: 11.00

round 57, metrics=<sparse_categorical_accuracy=0.3400999903678894,loss=1.7977584600448608>
94.5734 seconds
Tested. Sparse categorical accuracy: 11.00

round 58, metrics=<sparse_categorical_accuracy=0.33078333735466003,loss=1.8055393695831299>
117.9949 seconds
Tested. Sparse categorical accuracy: 10.00

round 59, metrics=<sparse_categorical_accuracy=0.33811110258102417,loss=1.796186923980713>
95.0949 seconds
Tested. Sparse categorical accuracy: 10.00

round 60, metrics=<sparse_categorical_accuracy=0.3352055549621582,loss=1.7988383769989014>
112.7766 seconds
Tested. Sparse categorical accuracy: 6.00

round 61, metrics=<sparse_categorical_accuracy=0.3301111161708832,loss=1.8029975891113281>
93.0768 seconds
Tested. Sparse categorical accuracy: 11.00

round 62, metrics=<sparse_categorical_accuracy=0.3324333429336548,loss=1.8009603023529053>
112.3396 seconds
Tested. Sparse categorical accuracy: 8.00

round 63, metrics=<sparse_categorical_accuracy=0.33631110191345215,loss=1.7969144582748413>
93.3397 seconds
Tested. Sparse categorical accuracy: 12.00

round 64, metrics=<sparse_categorical_accuracy=0.334199994802475,loss=1.8000060319900513>
107.0785 seconds
Tested. Sparse categorical accuracy: 11.00

round 65, metrics=<sparse_categorical_accuracy=0.3381388783454895,loss=1.8043447732925415>
95.4674 seconds
Tested. Sparse categorical accuracy: 14.00

round 66, metrics=<sparse_categorical_accuracy=0.33622223138809204,loss=1.7975366115570068>
110.6220 seconds
Tested. Sparse categorical accuracy: 6.00

round 67, metrics=<sparse_categorical_accuracy=0.3351888954639435,loss=1.8004038333892822>
93.9442 seconds
Tested. Sparse categorical accuracy: 10.00

round 68, metrics=<sparse_categorical_accuracy=0.33336666226387024,loss=1.8040574789047241>
108.6705 seconds
Tested. Sparse categorical accuracy: 17.00

round 69, metrics=<sparse_categorical_accuracy=0.33443334698677063,loss=1.7980250120162964>
93.4967 seconds
Tested. Sparse categorical accuracy: 10.00

round 70, metrics=<sparse_categorical_accuracy=0.34246665239334106,loss=1.7984179258346558>
111.9504 seconds
Tested. Sparse categorical accuracy: 14.00

round 71, metrics=<sparse_categorical_accuracy=0.3401222229003906,loss=1.8008543252944946>
93.9876 seconds
Tested. Sparse categorical accuracy: 9.00

round 72, metrics=<sparse_categorical_accuracy=0.3327833414077759,loss=1.8000092506408691>
113.9613 seconds
Tested. Sparse categorical accuracy: 12.00

round 73, metrics=<sparse_categorical_accuracy=0.3352277874946594,loss=1.7980972528457642>
94.6519 seconds
Tested. Sparse categorical accuracy: 13.00

round 74, metrics=<sparse_categorical_accuracy=0.336816668510437,loss=1.7992862462997437>
112.6895 seconds
Tested. Sparse categorical accuracy: 11.00

round 75, metrics=<sparse_categorical_accuracy=0.335488885641098,loss=1.8046706914901733>
94.2078 seconds
Tested. Sparse categorical accuracy: 5.00

round 76, metrics=<sparse_categorical_accuracy=0.33176112174987793,loss=1.7979131937026978>
114.9070 seconds
Tested. Sparse categorical accuracy: 14.00

round 77, metrics=<sparse_categorical_accuracy=0.33971109986305237,loss=1.7991622686386108>
95.4756 seconds
Tested. Sparse categorical accuracy: 6.00

round 78, metrics=<sparse_categorical_accuracy=0.33471667766571045,loss=1.804256558418274>
109.8201 seconds
Tested. Sparse categorical accuracy: 7.00

round 79, metrics=<sparse_categorical_accuracy=0.33373332023620605,loss=1.7977759838104248>
92.0458 seconds
Tested. Sparse categorical accuracy: 9.00

round 80, metrics=<sparse_categorical_accuracy=0.33633333444595337,loss=1.8004183769226074>
109.1718 seconds
Tested. Sparse categorical accuracy: 9.00

round 81, metrics=<sparse_categorical_accuracy=0.33276110887527466,loss=1.8027796745300293>
95.2158 seconds
Tested. Sparse categorical accuracy: 11.00

round 82, metrics=<sparse_categorical_accuracy=0.33532777428627014,loss=1.7998180389404297>
110.1731 seconds
Tested. Sparse categorical accuracy: 9.00

round 83, metrics=<sparse_categorical_accuracy=0.33968332409858704,loss=1.7965404987335205>
94.6971 seconds
Tested. Sparse categorical accuracy: 11.00

round 84, metrics=<sparse_categorical_accuracy=0.33836111426353455,loss=1.7989022731781006>
110.2028 seconds
Tested. Sparse categorical accuracy: 9.00

round 85, metrics=<sparse_categorical_accuracy=0.33000555634498596,loss=1.80612313747406>
93.2945 seconds
Tested. Sparse categorical accuracy: 14.00

round 86, metrics=<sparse_categorical_accuracy=0.333344429731369,loss=1.7984789609909058>
108.8707 seconds
Tested. Sparse categorical accuracy: 8.00

round 87, metrics=<sparse_categorical_accuracy=0.33230000734329224,loss=1.8003566265106201>
96.9315 seconds
Tested. Sparse categorical accuracy: 9.00

round 88, metrics=<sparse_categorical_accuracy=0.3398111164569855,loss=1.8020625114440918>
110.5795 seconds
Tested. Sparse categorical accuracy: 11.00

round 89, metrics=<sparse_categorical_accuracy=0.33186665177345276,loss=1.7986513376235962>
94.2461 seconds
Tested. Sparse categorical accuracy: 5.00

round 90, metrics=<sparse_categorical_accuracy=0.3368944525718689,loss=1.7990562915802002>
111.1797 seconds
Tested. Sparse categorical accuracy: 5.00

round 91, metrics=<sparse_categorical_accuracy=0.34130555391311646,loss=1.8023079633712769>
94.6427 seconds
Tested. Sparse categorical accuracy: 8.00

round 92, metrics=<sparse_categorical_accuracy=0.3371888995170593,loss=1.79896080493927>
112.7500 seconds
Tested. Sparse categorical accuracy: 13.00

round 93, metrics=<sparse_categorical_accuracy=0.34103333950042725,loss=1.797724962234497>
94.6196 seconds
Tested. Sparse categorical accuracy: 10.00

round 94, metrics=<sparse_categorical_accuracy=0.33622777462005615,loss=1.7994669675827026>
111.7942 seconds
Tested. Sparse categorical accuracy: 7.00

round 95, metrics=<sparse_categorical_accuracy=0.33516666293144226,loss=1.8036710023880005>
94.6678 seconds
Tested. Sparse categorical accuracy: 15.00

round 96, metrics=<sparse_categorical_accuracy=0.33962777256965637,loss=1.7978229522705078>
110.6883 seconds
Tested. Sparse categorical accuracy: 19.00

round 97, metrics=<sparse_categorical_accuracy=0.3405166566371918,loss=1.7982659339904785>
95.0531 seconds
Tested. Sparse categorical accuracy: 10.00

round 98, metrics=<sparse_categorical_accuracy=0.332622230052948,loss=1.8036552667617798>
109.4523 seconds
Tested. Sparse categorical accuracy: 10.00

round 99, metrics=<sparse_categorical_accuracy=0.3350389003753662,loss=1.7981406450271606>
93.1624 seconds
Tested. Sparse categorical accuracy: 12.00

round 100, metrics=<sparse_categorical_accuracy=0.33524444699287415,loss=1.798638939857483>
113.1642 seconds
Tested. Sparse categorical accuracy: 13.00

round 101, metrics=<sparse_categorical_accuracy=0.32377222180366516,loss=1.802829384803772>
94.2754 seconds
Tested. Sparse categorical accuracy: 7.00

round 102, metrics=<sparse_categorical_accuracy=0.3392166793346405,loss=1.7986854314804077>
113.2331 seconds
Tested. Sparse categorical accuracy: 9.00

round 103, metrics=<sparse_categorical_accuracy=0.3322444558143616,loss=1.7972568273544312>
94.8680 seconds
Tested. Sparse categorical accuracy: 8.00

round 104, metrics=<sparse_categorical_accuracy=0.33453887701034546,loss=1.7992616891860962>
110.3848 seconds
Tested. Sparse categorical accuracy: 11.00

round 105, metrics=<sparse_categorical_accuracy=0.3325444459915161,loss=1.8043392896652222>
96.9933 seconds
Tested. Sparse categorical accuracy: 9.00

round 106, metrics=<sparse_categorical_accuracy=0.33098888397216797,loss=1.7987059354782104>
113.5710 seconds
Tested. Sparse categorical accuracy: 11.00

round 107, metrics=<sparse_categorical_accuracy=0.33417779207229614,loss=1.7996505498886108>
92.9202 seconds
Tested. Sparse categorical accuracy: 8.00

round 108, metrics=<sparse_categorical_accuracy=0.33755555748939514,loss=1.8046817779541016>
111.7808 seconds
Tested. Sparse categorical accuracy: 8.00

round 109, metrics=<sparse_categorical_accuracy=0.3424111008644104,loss=1.7951970100402832>
93.8099 seconds
Tested. Sparse categorical accuracy: 14.00

round 110, metrics=<sparse_categorical_accuracy=0.3384999930858612,loss=1.7986067533493042>
117.6203 seconds
Tested. Sparse categorical accuracy: 7.00

round 111, metrics=<sparse_categorical_accuracy=0.33730000257492065,loss=1.8033971786499023>
94.8899 seconds
Tested. Sparse categorical accuracy: 9.00

round 112, metrics=<sparse_categorical_accuracy=0.33417221903800964,loss=1.8003666400909424>
111.8484 seconds
Tested. Sparse categorical accuracy: 4.00

round 113, metrics=<sparse_categorical_accuracy=0.3319000005722046,loss=1.7963801622390747>
97.2648 seconds
Tested. Sparse categorical accuracy: 11.00

round 114, metrics=<sparse_categorical_accuracy=0.33338889479637146,loss=1.7994798421859741>
113.7172 seconds
Tested. Sparse categorical accuracy: 14.00

round 115, metrics=<sparse_categorical_accuracy=0.3392777740955353,loss=1.8040860891342163>
94.9801 seconds
Tested. Sparse categorical accuracy: 7.00

round 116, metrics=<sparse_categorical_accuracy=0.3323444426059723,loss=1.7983663082122803>
112.5713 seconds
Tested. Sparse categorical accuracy: 3.00

round 117, metrics=<sparse_categorical_accuracy=0.3344055414199829,loss=1.8003333806991577>
96.2346 seconds
Tested. Sparse categorical accuracy: 5.00

round 118, metrics=<sparse_categorical_accuracy=0.3362666666507721,loss=1.803901195526123>
110.9166 seconds
Tested. Sparse categorical accuracy: 10.00

round 119, metrics=<sparse_categorical_accuracy=0.33596667647361755,loss=1.79655122756958>
98.1788 seconds
Tested. Sparse categorical accuracy: 11.00

round 120, metrics=<sparse_categorical_accuracy=0.3360166549682617,loss=1.7977937459945679>
110.5283 seconds
Tested. Sparse categorical accuracy: 6.00

round 121, metrics=<sparse_categorical_accuracy=0.3376277685165405,loss=1.8025742769241333>
97.5430 seconds
Tested. Sparse categorical accuracy: 11.00

round 122, metrics=<sparse_categorical_accuracy=0.3398111164569855,loss=1.7993839979171753>
119.2703 seconds
Tested. Sparse categorical accuracy: 6.00

round 123, metrics=<sparse_categorical_accuracy=0.3409222364425659,loss=1.7961140871047974>
98.2844 seconds
Tested. Sparse categorical accuracy: 11.00

round 124, metrics=<sparse_categorical_accuracy=0.3345833420753479,loss=1.7990072965621948>
119.8184 seconds
Tested. Sparse categorical accuracy: 14.00

round 125, metrics=<sparse_categorical_accuracy=0.33516111969947815,loss=1.8050302267074585>
99.3293 seconds
Tested. Sparse categorical accuracy: 10.00

round 126, metrics=<sparse_categorical_accuracy=0.33428332209587097,loss=1.7976754903793335>
113.8047 seconds
Tested. Sparse categorical accuracy: 10.00

round 127, metrics=<sparse_categorical_accuracy=0.33320555090904236,loss=1.7995595932006836>
97.7645 seconds
Tested. Sparse categorical accuracy: 9.00

round 128, metrics=<sparse_categorical_accuracy=0.33596110343933105,loss=1.8051238059997559>
114.0538 seconds
Tested. Sparse categorical accuracy: 5.00

round 129, metrics=<sparse_categorical_accuracy=0.3389166593551636,loss=1.794980525970459>
98.3153 seconds
Tested. Sparse categorical accuracy: 9.00

round 130, metrics=<sparse_categorical_accuracy=0.3332499861717224,loss=1.7995026111602783>
116.3736 seconds
Tested. Sparse categorical accuracy: 8.00

round 131, metrics=<sparse_categorical_accuracy=0.3367166519165039,loss=1.8018798828125>
99.8603 seconds
Tested. Sparse categorical accuracy: 10.00

round 132, metrics=<sparse_categorical_accuracy=0.3366166651248932,loss=1.8002711534500122>
114.6372 seconds
Tested. Sparse categorical accuracy: 8.00

round 133, metrics=<sparse_categorical_accuracy=0.33250001072883606,loss=1.798031210899353>
98.9106 seconds
Tested. Sparse categorical accuracy: 12.00

round 134, metrics=<sparse_categorical_accuracy=0.33719444274902344,loss=1.798398733139038>
119.3266 seconds
Tested. Sparse categorical accuracy: 13.00

round 135, metrics=<sparse_categorical_accuracy=0.3335111141204834,loss=1.8045192956924438>
100.7728 seconds
Tested. Sparse categorical accuracy: 10.00

round 136, metrics=<sparse_categorical_accuracy=0.3342222273349762,loss=1.7976104021072388>
114.7128 seconds
Tested. Sparse categorical accuracy: 4.00

round 137, metrics=<sparse_categorical_accuracy=0.3355444371700287,loss=1.798142910003662>
96.0053 seconds
Tested. Sparse categorical accuracy: 10.00

round 138, metrics=<sparse_categorical_accuracy=0.3304611146450043,loss=1.8054711818695068>
110.8556 seconds
Tested. Sparse categorical accuracy: 16.00

round 139, metrics=<sparse_categorical_accuracy=0.3366055488586426,loss=1.7972702980041504>
96.8769 seconds
Tested. Sparse categorical accuracy: 5.00

round 140, metrics=<sparse_categorical_accuracy=0.3328944444656372,loss=1.8002867698669434>
113.8874 seconds
Tested. Sparse categorical accuracy: 9.00

round 141, metrics=<sparse_categorical_accuracy=0.33461666107177734,loss=1.8019925355911255>
95.4713 seconds
Tested. Sparse categorical accuracy: 9.00

round 142, metrics=<sparse_categorical_accuracy=0.33481112122535706,loss=1.8007892370224>
113.3120 seconds
Tested. Sparse categorical accuracy: 7.00

round 143, metrics=<sparse_categorical_accuracy=0.33454445004463196,loss=1.7978739738464355>
95.8062 seconds
Tested. Sparse categorical accuracy: 9.00

round 144, metrics=<sparse_categorical_accuracy=0.3345777690410614,loss=1.8008630275726318>
113.9917 seconds
Tested. Sparse categorical accuracy: 10.00

round 145, metrics=<sparse_categorical_accuracy=0.3343888819217682,loss=1.8050450086593628>
97.2026 seconds
Tested. Sparse categorical accuracy: 13.00

round 146, metrics=<sparse_categorical_accuracy=0.33579444885253906,loss=1.797674536705017>
114.0278 seconds
Tested. Sparse categorical accuracy: 13.00

round 147, metrics=<sparse_categorical_accuracy=0.3351277709007263,loss=1.799773097038269>
95.7693 seconds
Tested. Sparse categorical accuracy: 9.00

round 148, metrics=<sparse_categorical_accuracy=0.33365556597709656,loss=1.8040262460708618>
113.2053 seconds
Tested. Sparse categorical accuracy: 5.00

round 149, metrics=<sparse_categorical_accuracy=0.33383888006210327,loss=1.7989391088485718>
95.8787 seconds
Tested. Sparse categorical accuracy: 8.00

round 150, metrics=<sparse_categorical_accuracy=0.32963332533836365,loss=1.8007625341415405>
113.6853 seconds
Tested. Sparse categorical accuracy: 6.00

round 151, metrics=<sparse_categorical_accuracy=0.3323777914047241,loss=1.8038289546966553>
97.1833 seconds
Tested. Sparse categorical accuracy: 13.00

round 152, metrics=<sparse_categorical_accuracy=0.33347776532173157,loss=1.8008874654769897>
107.5180 seconds
Tested. Sparse categorical accuracy: 3.00

round 153, metrics=<sparse_categorical_accuracy=0.34316667914390564,loss=1.79449462890625>
99.1985 seconds
Tested. Sparse categorical accuracy: 10.00

round 154, metrics=<sparse_categorical_accuracy=0.3366388976573944,loss=1.7989164590835571>
114.9815 seconds
Tested. Sparse categorical accuracy: 9.00

round 155, metrics=<sparse_categorical_accuracy=0.33274999260902405,loss=1.8055598735809326>
96.6575 seconds
Tested. Sparse categorical accuracy: 13.00

round 156, metrics=<sparse_categorical_accuracy=0.3374333381652832,loss=1.7988301515579224>
109.0421 seconds
Tested. Sparse categorical accuracy: 9.00

round 157, metrics=<sparse_categorical_accuracy=0.3379611074924469,loss=1.799050211906433>
95.4816 seconds
Tested. Sparse categorical accuracy: 7.00

round 158, metrics=<sparse_categorical_accuracy=0.33319443464279175,loss=1.8044447898864746>
106.0974 seconds
Tested. Sparse categorical accuracy: 10.00

round 159, metrics=<sparse_categorical_accuracy=0.33613333106040955,loss=1.7986382246017456>
96.8870 seconds
Tested. Sparse categorical accuracy: 6.00

round 160, metrics=<sparse_categorical_accuracy=0.3328777849674225,loss=1.7991013526916504>
113.4333 seconds
Tested. Sparse categorical accuracy: 8.00

round 161, metrics=<sparse_categorical_accuracy=0.3320777714252472,loss=1.8035191297531128>
97.1709 seconds
Tested. Sparse categorical accuracy: 9.00

round 162, metrics=<sparse_categorical_accuracy=0.3375999927520752,loss=1.799272894859314>
113.2000 seconds
Tested. Sparse categorical accuracy: 7.00

round 163, metrics=<sparse_categorical_accuracy=0.3315555453300476,loss=1.7979967594146729>
95.8903 seconds
Tested. Sparse categorical accuracy: 6.00

round 164, metrics=<sparse_categorical_accuracy=0.3323444426059723,loss=1.8011170625686646>
113.8155 seconds
Tested. Sparse categorical accuracy: 9.00

round 165, metrics=<sparse_categorical_accuracy=0.3369666635990143,loss=1.804062843322754>
97.8725 seconds
Tested. Sparse categorical accuracy: 9.00

round 166, metrics=<sparse_categorical_accuracy=0.33285555243492126,loss=1.7985411882400513>
112.6440 seconds
Tested. Sparse categorical accuracy: 7.00

round 167, metrics=<sparse_categorical_accuracy=0.33711665868759155,loss=1.7999982833862305>
94.2191 seconds
Tested. Sparse categorical accuracy: 11.00

round 168, metrics=<sparse_categorical_accuracy=0.33131667971611023,loss=1.8040145635604858>
116.1434 seconds
Tested. Sparse categorical accuracy: 10.00

round 169, metrics=<sparse_categorical_accuracy=0.3362555503845215,loss=1.7988102436065674>
96.3211 seconds
Tested. Sparse categorical accuracy: 8.00

round 170, metrics=<sparse_categorical_accuracy=0.33871665596961975,loss=1.798862099647522>
110.2108 seconds
Tested. Sparse categorical accuracy: 11.00

round 171, metrics=<sparse_categorical_accuracy=0.33648332953453064,loss=1.8015385866165161>
97.2827 seconds
Tested. Sparse categorical accuracy: 13.00

round 172, metrics=<sparse_categorical_accuracy=0.33853888511657715,loss=1.7977499961853027>
115.4351 seconds
Tested. Sparse categorical accuracy: 8.00

round 173, metrics=<sparse_categorical_accuracy=0.33311668038368225,loss=1.7975256443023682>
100.4722 seconds
Tested. Sparse categorical accuracy: 9.00

round 174, metrics=<sparse_categorical_accuracy=0.33276110887527466,loss=1.8004240989685059>
116.4244 seconds
Tested. Sparse categorical accuracy: 12.00

round 175, metrics=<sparse_categorical_accuracy=0.3339444398880005,loss=1.8054864406585693>
99.5056 seconds
Tested. Sparse categorical accuracy: 5.00

round 176, metrics=<sparse_categorical_accuracy=0.33462777733802795,loss=1.7985823154449463>
113.7131 seconds
Tested. Sparse categorical accuracy: 11.00

round 177, metrics=<sparse_categorical_accuracy=0.3322666585445404,loss=1.8006329536437988>
100.0933 seconds
Tested. Sparse categorical accuracy: 13.00

round 178, metrics=<sparse_categorical_accuracy=0.33897221088409424,loss=1.8036085367202759>
112.4764 seconds
Tested. Sparse categorical accuracy: 6.00

round 179, metrics=<sparse_categorical_accuracy=0.33436110615730286,loss=1.798643946647644>
99.5674 seconds
Tested. Sparse categorical accuracy: 5.00

round 180, metrics=<sparse_categorical_accuracy=0.33328887820243835,loss=1.7992329597473145>
112.5209 seconds
Tested. Sparse categorical accuracy: 11.00

round 181, metrics=<sparse_categorical_accuracy=0.33098888397216797,loss=1.8025418519973755>
98.4097 seconds
Tested. Sparse categorical accuracy: 9.00

round 182, metrics=<sparse_categorical_accuracy=0.3339722156524658,loss=1.801033854484558>
118.0969 seconds
Tested. Sparse categorical accuracy: 8.00

round 183, metrics=<sparse_categorical_accuracy=0.3360055685043335,loss=1.7954882383346558>
96.5497 seconds
Tested. Sparse categorical accuracy: 10.00

round 184, metrics=<sparse_categorical_accuracy=0.33167222142219543,loss=1.8006491661071777>
116.6706 seconds
Tested. Sparse categorical accuracy: 10.00

round 185, metrics=<sparse_categorical_accuracy=0.337716668844223,loss=1.8032383918762207>
98.1272 seconds
Tested. Sparse categorical accuracy: 10.00

round 186, metrics=<sparse_categorical_accuracy=0.3398388922214508,loss=1.7963027954101562>
115.8656 seconds
Tested. Sparse categorical accuracy: 10.00

round 187, metrics=<sparse_categorical_accuracy=0.334199994802475,loss=1.800087332725525>
102.8687 seconds
Tested. Sparse categorical accuracy: 9.00

round 188, metrics=<sparse_categorical_accuracy=0.336650013923645,loss=1.8046330213546753>
118.2933 seconds
Tested. Sparse categorical accuracy: 11.00

round 189, metrics=<sparse_categorical_accuracy=0.33755001425743103,loss=1.79750394821167>
100.1507 seconds
Tested. Sparse categorical accuracy: 9.00

round 190, metrics=<sparse_categorical_accuracy=0.3393888771533966,loss=1.8006305694580078>
120.5941 seconds
Tested. Sparse categorical accuracy: 10.00

round 191, metrics=<sparse_categorical_accuracy=0.33665555715560913,loss=1.8016960620880127>
100.4433 seconds
Tested. Sparse categorical accuracy: 11.00

round 192, metrics=<sparse_categorical_accuracy=0.3377722203731537,loss=1.7996952533721924>
115.6069 seconds
Tested. Sparse categorical accuracy: 6.00

round 193, metrics=<sparse_categorical_accuracy=0.3335833251476288,loss=1.7986663579940796>
99.6030 seconds
Tested. Sparse categorical accuracy: 11.00

round 194, metrics=<sparse_categorical_accuracy=0.3356555700302124,loss=1.8002033233642578>
114.7692 seconds
Tested. Sparse categorical accuracy: 10.00

round 195, metrics=<sparse_categorical_accuracy=0.33559444546699524,loss=1.8034074306488037>
98.9314 seconds
Tested. Sparse categorical accuracy: 9.00

round 196, metrics=<sparse_categorical_accuracy=0.33330556750297546,loss=1.797865629196167>
121.8028 seconds
Tested. Sparse categorical accuracy: 14.00

round 197, metrics=<sparse_categorical_accuracy=0.3328055441379547,loss=1.8001703023910522>
101.1773 seconds
Tested. Sparse categorical accuracy: 6.00

round 198, metrics=<sparse_categorical_accuracy=0.33291110396385193,loss=1.8033769130706787>
117.7296 seconds
Tested. Sparse categorical accuracy: 13.00

round 199, metrics=<sparse_categorical_accuracy=0.3354722261428833,loss=1.7969878911972046>
99.6646 seconds
Tested. Sparse categorical accuracy: 13.00

round 200, metrics=<sparse_categorical_accuracy=0.33517223596572876,loss=1.7979234457015991>
113.9243 seconds
Tested. Sparse categorical accuracy: 9.00

Target accuracy reached after  200  rounds
Average time per round: 104.00

2020-05-02 17:50:39.482431
