
TENSORFLOW USERS:
You must use the python3.6-anaconda/5.2.0 module to run TensorFlow.
See https://arc-ts.umich.edu/greatlakes/software/tensorflow for more
information.



The following have been reloaded with a version change:
  1) cuda/10.0.130 => cuda/10.1.105


Currently Loaded Modules:
  1) python3.7-anaconda/2019.07   2) cudnn/10.0-v7.6   3) cuda/10.1.105

 

mkdir: cannot create directory ‘results/5842441’: File exists
mkdir: cannot create directory ‘results/5842441/log’: File exists
Test  284
2020-05-03 08:46:08.393390


Schema 1: Each client partially IID
--------------------------------------------------
percent data distributed IID:  100
number of classes for non-IID data:  2
data points per client (mean, std dev): ( 600 ,  0 )
--------------------------------------------------

round  1, metrics=<sparse_categorical_accuracy=0.8557000160217285,loss=0.43485286831855774>
28.8205 seconds
Tested. Sparse categorical accuracy: 94.00

round  2, metrics=<sparse_categorical_accuracy=0.979366660118103,loss=0.07455681264400482>
27.6632 seconds
Tested. Sparse categorical accuracy: 95.00

round  3, metrics=<sparse_categorical_accuracy=0.989300012588501,loss=0.03698205202817917>
27.1598 seconds
Tested. Sparse categorical accuracy: 93.00

round  4, metrics=<sparse_categorical_accuracy=0.991016685962677,loss=0.03235229477286339>
28.0671 seconds
Tested. Sparse categorical accuracy: 98.00

round  5, metrics=<sparse_categorical_accuracy=0.9937000274658203,loss=0.02298577129840851>
27.3462 seconds
Tested. Sparse categorical accuracy: 97.00

round  6, metrics=<sparse_categorical_accuracy=0.9944333434104919,loss=0.01987365260720253>
27.2780 seconds
Tested. Sparse categorical accuracy: 99.00

Target accuracy reached after  6  rounds
Average time per round: 27.00

2020-05-03 08:49:02.928536
