
TENSORFLOW USERS:
You must use the python3.6-anaconda/5.2.0 module to run TensorFlow.
See https://arc-ts.umich.edu/greatlakes/software/tensorflow for more
information.



The following have been reloaded with a version change:
  1) cuda/10.0.130 => cuda/10.1.105


Currently Loaded Modules:
  1) python3.7-anaconda/2019.07   2) cudnn/10.0-v7.6   3) cuda/10.1.105

 

mkdir: cannot create directory ‘results/5842441’: File exists
mkdir: cannot create directory ‘results/5842441/log’: File exists
Test  307
2020-05-03 14:10:17.950698


Schema 1: Each client partially IID
--------------------------------------------------
percent data distributed IID:  60
number of classes for non-IID data:  2
data points per client (mean, std dev): ( 600 ,  0 )
--------------------------------------------------

round  1, metrics=<sparse_categorical_accuracy=0.6772333383560181,loss=0.9912734627723694>
16.9959 seconds
Tested. Sparse categorical accuracy: 23.00

round  2, metrics=<sparse_categorical_accuracy=0.9348999857902527,loss=0.2205110788345337>
16.7984 seconds
Tested. Sparse categorical accuracy: 90.00

round  3, metrics=<sparse_categorical_accuracy=0.9860333204269409,loss=0.049115344882011414>
16.2846 seconds
Tested. Sparse categorical accuracy: 95.00

round  4, metrics=<sparse_categorical_accuracy=0.9868999719619751,loss=0.04440716281533241>
16.5300 seconds
Tested. Sparse categorical accuracy: 98.00

round  5, metrics=<sparse_categorical_accuracy=0.9940000176429749,loss=0.024024685844779015>
16.1394 seconds
Tested. Sparse categorical accuracy: 98.00

round  6, metrics=<sparse_categorical_accuracy=0.9937666654586792,loss=0.022082902491092682>
16.4295 seconds
Tested. Sparse categorical accuracy: 99.00

Target accuracy reached after  6  rounds
Average time per round: 16.00

2020-05-03 14:12:06.333891
