
TENSORFLOW USERS:
You must use the python3.6-anaconda/5.2.0 module to run TensorFlow.
See https://arc-ts.umich.edu/greatlakes/software/tensorflow for more
information.



The following have been reloaded with a version change:
  1) cuda/10.0.130 => cuda/10.1.105


Currently Loaded Modules:
  1) python3.7-anaconda/2019.07   2) cudnn/10.0-v7.6   3) cuda/10.1.105

 

mkdir: cannot create directory ‘results/5842441’: File exists
mkdir: cannot create directory ‘results/5842441/log’: File exists
Test  338
2020-05-04 02:01:52.670890


Schema 1: Each client partially IID
--------------------------------------------------
percent data distributed IID:  40
number of classes for non-IID data:  2
data points per client (mean, std dev): ( 600 ,  0 )
--------------------------------------------------

round  1, metrics=<sparse_categorical_accuracy=0.4840666651725769,loss=1.4552407264709473>
26.9495 seconds
Tested. Sparse categorical accuracy: 10.00

round  2, metrics=<sparse_categorical_accuracy=0.39533331990242004,loss=1.6520713567733765>
26.7607 seconds
Tested. Sparse categorical accuracy: 9.00

round  3, metrics=<sparse_categorical_accuracy=0.7786666750907898,loss=0.6672329306602478>
27.0709 seconds
Tested. Sparse categorical accuracy: 78.00

round  4, metrics=<sparse_categorical_accuracy=0.8844833374023438,loss=0.34289777278900146>
26.2595 seconds
Tested. Sparse categorical accuracy: 92.00

round  5, metrics=<sparse_categorical_accuracy=0.9831333160400391,loss=0.06189630925655365>
26.4349 seconds
Tested. Sparse categorical accuracy: 95.00

round  6, metrics=<sparse_categorical_accuracy=0.9866333603858948,loss=0.04805941507220268>
26.3185 seconds
Tested. Sparse categorical accuracy: 100.00

Target accuracy reached after  6  rounds
Average time per round: 26.00

2020-05-04 02:04:41.708985
