
TENSORFLOW USERS:
You must use the python3.6-anaconda/5.2.0 module to run TensorFlow.
See https://arc-ts.umich.edu/greatlakes/software/tensorflow for more
information.



The following have been reloaded with a version change:
  1) cuda/10.0.130 => cuda/10.1.105


Currently Loaded Modules:
  1) python3.7-anaconda/2019.07   2) cudnn/10.0-v7.6   3) cuda/10.1.105

 

mkdir: cannot create directory ‘results/5842441’: File exists
mkdir: cannot create directory ‘results/5842441/log’: File exists
Test  237
2020-05-02 20:38:58.595405


Schema 1: Each client partially IID
--------------------------------------------------
percent data distributed IID:  60
number of classes for non-IID data:  2
data points per client (mean, std dev): ( 600 ,  0 )
--------------------------------------------------

round  1, metrics=<sparse_categorical_accuracy=0.4232333302497864,loss=1.662540316581726>
51.3655 seconds
Tested. Sparse categorical accuracy: 9.00

round  2, metrics=<sparse_categorical_accuracy=0.4896777868270874,loss=1.4693559408187866>
49.1031 seconds
Tested. Sparse categorical accuracy: 33.00

round  3, metrics=<sparse_categorical_accuracy=0.8711777925491333,loss=0.4062787890434265>
50.0681 seconds
Tested. Sparse categorical accuracy: 86.00

round  4, metrics=<sparse_categorical_accuracy=0.9390000104904175,loss=0.18885628879070282>
48.3801 seconds
Tested. Sparse categorical accuracy: 91.00

round  5, metrics=<sparse_categorical_accuracy=0.9877333045005798,loss=0.04350046440958977>
49.3818 seconds
Tested. Sparse categorical accuracy: 97.00

round  6, metrics=<sparse_categorical_accuracy=0.9448555707931519,loss=0.1682690680027008>
49.3575 seconds
Tested. Sparse categorical accuracy: 96.00

round  7, metrics=<sparse_categorical_accuracy=0.9757000207901001,loss=0.07967368513345718>
49.8048 seconds
Tested. Sparse categorical accuracy: 97.00

round  8, metrics=<sparse_categorical_accuracy=0.9934555292129517,loss=0.024199839681386948>
47.1913 seconds
Tested. Sparse categorical accuracy: 94.00

round  9, metrics=<sparse_categorical_accuracy=0.9933000206947327,loss=0.025233181193470955>
46.5328 seconds
Tested. Sparse categorical accuracy: 98.00

round 10, metrics=<sparse_categorical_accuracy=0.9876888990402222,loss=0.04382636025547981>
47.8946 seconds
Tested. Sparse categorical accuracy: 100.00

Target accuracy reached after  10  rounds
Average time per round: 48.00

2020-05-02 20:47:17.808582
