
TENSORFLOW USERS:
You must use the python3.6-anaconda/5.2.0 module to run TensorFlow.
See https://arc-ts.umich.edu/greatlakes/software/tensorflow for more
information.



The following have been reloaded with a version change:
  1) cuda/10.0.130 => cuda/10.1.105


Currently Loaded Modules:
  1) python3.7-anaconda/2019.07   2) cudnn/10.0-v7.6   3) cuda/10.1.105

 

mkdir: cannot create directory ‘results/5842441’: File exists
mkdir: cannot create directory ‘results/5842441/log’: File exists
Test  351
2020-05-04 07:14:17.599077


Schema 1: Each client partially IID
--------------------------------------------------
percent data distributed IID:  80
number of classes for non-IID data:  2
data points per client (mean, std dev): ( 600 ,  0 )
--------------------------------------------------

round  1, metrics=<sparse_categorical_accuracy=0.5416333079338074,loss=1.3218629360198975>
42.8263 seconds
Tested. Sparse categorical accuracy: 8.00

round  2, metrics=<sparse_categorical_accuracy=0.8319000005722046,loss=0.5249480605125427>
43.7560 seconds
Tested. Sparse categorical accuracy: 89.00

round  3, metrics=<sparse_categorical_accuracy=0.9781444668769836,loss=0.07695268839597702>
41.9554 seconds
Tested. Sparse categorical accuracy: 94.00

round  4, metrics=<sparse_categorical_accuracy=0.9906555414199829,loss=0.03391179069876671>
41.4175 seconds
Tested. Sparse categorical accuracy: 100.00

Target accuracy reached after  4  rounds
Average time per round: 42.00

2020-05-04 07:17:15.471828
