
TENSORFLOW USERS:
You must use the python3.6-anaconda/5.2.0 module to run TensorFlow.
See https://arc-ts.umich.edu/greatlakes/software/tensorflow for more
information.



The following have been reloaded with a version change:
  1) cuda/10.0.130 => cuda/10.1.105


Currently Loaded Modules:
  1) python3.7-anaconda/2019.07   2) cudnn/10.0-v7.6   3) cuda/10.1.105

 

mkdir: cannot create directory ‘results/5842441’: File exists
mkdir: cannot create directory ‘results/5842441/log’: File exists
Test  21
2020-05-01 04:30:38.137119


Schema 1: Each client partially IID
--------------------------------------------------
percent data distributed IID:  60
number of classes for non-IID data:  2
data points per client (mean, std dev): ( 600 ,  0 )
--------------------------------------------------

round  1, metrics=<sparse_categorical_accuracy=0.5678555369377136,loss=1.2663213014602661>
44.4026 seconds
Tested. Sparse categorical accuracy: 19.00

round  2, metrics=<sparse_categorical_accuracy=0.7620333433151245,loss=0.7263893485069275>
42.2621 seconds
Tested. Sparse categorical accuracy: 58.00

round  3, metrics=<sparse_categorical_accuracy=0.9701889157295227,loss=0.10323205590248108>
43.6234 seconds
Tested. Sparse categorical accuracy: 95.00

round  4, metrics=<sparse_categorical_accuracy=0.9849222302436829,loss=0.053599052131175995>
42.6283 seconds
Tested. Sparse categorical accuracy: 94.00

round  5, metrics=<sparse_categorical_accuracy=0.9890778064727783,loss=0.03905704617500305>
44.4936 seconds
Tested. Sparse categorical accuracy: 97.00

round  6, metrics=<sparse_categorical_accuracy=0.9896777868270874,loss=0.038943469524383545>
44.0260 seconds
Tested. Sparse categorical accuracy: 97.00

round  7, metrics=<sparse_categorical_accuracy=0.993755578994751,loss=0.02236434817314148>
42.1327 seconds
Tested. Sparse categorical accuracy: 96.00

round  8, metrics=<sparse_categorical_accuracy=0.9936000108718872,loss=0.024926181882619858>
40.9460 seconds
Tested. Sparse categorical accuracy: 100.00

Target accuracy reached after  8  rounds
Average time per round: 43.00

2020-05-01 04:36:31.094676
