
TENSORFLOW USERS:
You must use the python3.6-anaconda/5.2.0 module to run TensorFlow.
See https://arc-ts.umich.edu/greatlakes/software/tensorflow for more
information.



The following have been reloaded with a version change:
  1) cuda/10.0.130 => cuda/10.1.105


Currently Loaded Modules:
  1) python3.7-anaconda/2019.07   2) cudnn/10.0-v7.6   3) cuda/10.1.105

 

mkdir: cannot create directory ‘results/5842441’: File exists
mkdir: cannot create directory ‘results/5842441/log’: File exists
Test  13
2020-05-01 04:14:00.611435


Schema 1: Each client partially IID
--------------------------------------------------
percent data distributed IID:  40
number of classes for non-IID data:  2
data points per client (mean, std dev): ( 600 ,  0 )
--------------------------------------------------

round  1, metrics=<sparse_categorical_accuracy=0.6355000138282776,loss=1.0735331773757935>
16.1352 seconds
Tested. Sparse categorical accuracy: 12.00

round  2, metrics=<sparse_categorical_accuracy=0.9018999934196472,loss=0.3323836028575897>
16.0510 seconds
Tested. Sparse categorical accuracy: 88.00

round  3, metrics=<sparse_categorical_accuracy=0.978600025177002,loss=0.07374972850084305>
16.7284 seconds
Tested. Sparse categorical accuracy: 95.00

round  4, metrics=<sparse_categorical_accuracy=0.9911333322525024,loss=0.032521799206733704>
16.1059 seconds
Tested. Sparse categorical accuracy: 92.00

round  5, metrics=<sparse_categorical_accuracy=0.9824333190917969,loss=0.06540621817111969>
16.7421 seconds
Tested. Sparse categorical accuracy: 93.00

round  6, metrics=<sparse_categorical_accuracy=0.994700014591217,loss=0.01758594438433647>
16.7492 seconds
Tested. Sparse categorical accuracy: 99.00

Target accuracy reached after  6  rounds
Average time per round: 16.00

2020-05-01 04:15:48.149625
