
TENSORFLOW USERS:
You must use the python3.6-anaconda/5.2.0 module to run TensorFlow.
See https://arc-ts.umich.edu/greatlakes/software/tensorflow for more
information.



The following have been reloaded with a version change:
  1) cuda/10.0.130 => cuda/10.1.105


Currently Loaded Modules:
  1) python3.7-anaconda/2019.07   2) cudnn/10.0-v7.6   3) cuda/10.1.105

 

mkdir: cannot create directory ‘results/5842441’: File exists
mkdir: cannot create directory ‘results/5842441/log’: File exists
Test  57
2020-05-01 09:29:12.433396


Schema 1: Each client partially IID
--------------------------------------------------
percent data distributed IID:  60
number of classes for non-IID data:  2
data points per client (mean, std dev): ( 600 ,  0 )
--------------------------------------------------

round  1, metrics=<sparse_categorical_accuracy=0.5831666588783264,loss=1.2419190406799316>
47.6812 seconds
Tested. Sparse categorical accuracy: 15.00

round  2, metrics=<sparse_categorical_accuracy=0.8274444341659546,loss=0.5289558172225952>
46.2026 seconds
Tested. Sparse categorical accuracy: 91.00

round  3, metrics=<sparse_categorical_accuracy=0.9735777974128723,loss=0.09171916544437408>
44.6132 seconds
Tested. Sparse categorical accuracy: 95.00

round  4, metrics=<sparse_categorical_accuracy=0.959922194480896,loss=0.12668004631996155>
47.4982 seconds
Tested. Sparse categorical accuracy: 97.00

round  5, metrics=<sparse_categorical_accuracy=0.9909999966621399,loss=0.03283281624317169>
46.9121 seconds
Tested. Sparse categorical accuracy: 95.00

round  6, metrics=<sparse_categorical_accuracy=0.9897222518920898,loss=0.03667842596769333>
47.4131 seconds
Tested. Sparse categorical accuracy: 94.00

round  7, metrics=<sparse_categorical_accuracy=0.992888867855072,loss=0.025079898536205292>
45.3790 seconds
Tested. Sparse categorical accuracy: 97.00

round  8, metrics=<sparse_categorical_accuracy=0.9947777986526489,loss=0.020047642290592194>
47.2112 seconds
Tested. Sparse categorical accuracy: 99.00

Target accuracy reached after  8  rounds
Average time per round: 46.00

2020-05-01 09:35:33.927037
