
TENSORFLOW USERS:
You must use the python3.6-anaconda/5.2.0 module to run TensorFlow.
See https://arc-ts.umich.edu/greatlakes/software/tensorflow for more
information.



The following have been reloaded with a version change:
  1) cuda/10.0.130 => cuda/10.1.105


Currently Loaded Modules:
  1) python3.7-anaconda/2019.07   2) cudnn/10.0-v7.6   3) cuda/10.1.105

 

mkdir: cannot create directory ‘results/5842441’: File exists
mkdir: cannot create directory ‘results/5842441/log’: File exists
Test  171
2020-05-02 09:13:15.260244


Schema 1: Each client partially IID
--------------------------------------------------
percent data distributed IID:  80
number of classes for non-IID data:  2
data points per client (mean, std dev): ( 600 ,  0 )
--------------------------------------------------

round  1, metrics=<sparse_categorical_accuracy=0.43933331966400146,loss=1.5929629802703857>
47.8330 seconds
Tested. Sparse categorical accuracy: 11.00

round  2, metrics=<sparse_categorical_accuracy=0.1745888888835907,loss=2.246278762817383>
48.0601 seconds
Tested. Sparse categorical accuracy: 10.00

round  3, metrics=<sparse_categorical_accuracy=0.1797666698694229,loss=2.2440011501312256>
45.7741 seconds
Tested. Sparse categorical accuracy: 10.00

round  4, metrics=<sparse_categorical_accuracy=0.1796555519104004,loss=2.2437117099761963>
46.0335 seconds
Tested. Sparse categorical accuracy: 10.00

round  5, metrics=<sparse_categorical_accuracy=0.1794111132621765,loss=2.242525100708008>
45.9326 seconds
Tested. Sparse categorical accuracy: 11.00

round  6, metrics=<sparse_categorical_accuracy=0.17776666581630707,loss=2.2481002807617188>
46.6584 seconds
Tested. Sparse categorical accuracy: 11.00

round  7, metrics=<sparse_categorical_accuracy=0.1789444386959076,loss=2.2448697090148926>
47.0528 seconds
Tested. Sparse categorical accuracy: 10.00

round  8, metrics=<sparse_categorical_accuracy=0.17668889462947845,loss=2.2434282302856445>
46.5745 seconds
Tested. Sparse categorical accuracy: 14.00

round  9, metrics=<sparse_categorical_accuracy=0.17382222414016724,loss=2.246450424194336>
45.9570 seconds
Tested. Sparse categorical accuracy: 7.00

round 10, metrics=<sparse_categorical_accuracy=0.17838889360427856,loss=2.2414002418518066>
46.5399 seconds
Tested. Sparse categorical accuracy: 11.00

round 11, metrics=<sparse_categorical_accuracy=0.17314444482326508,loss=2.248591423034668>
46.4756 seconds
Tested. Sparse categorical accuracy: 10.00

round 12, metrics=<sparse_categorical_accuracy=0.17765556275844574,loss=2.24298095703125>
47.0082 seconds
Tested. Sparse categorical accuracy: 10.00

round 13, metrics=<sparse_categorical_accuracy=0.17606666684150696,loss=2.2500922679901123>
47.0355 seconds
Tested. Sparse categorical accuracy: 11.00

round 14, metrics=<sparse_categorical_accuracy=0.18077777326107025,loss=2.2400455474853516>
47.2651 seconds
Tested. Sparse categorical accuracy: 9.00

round 15, metrics=<sparse_categorical_accuracy=0.17710000276565552,loss=2.243675470352173>
45.7397 seconds
Tested. Sparse categorical accuracy: 9.00

round 16, metrics=<sparse_categorical_accuracy=0.17994444072246552,loss=2.244692325592041>
47.3429 seconds
Tested. Sparse categorical accuracy: 9.00

round 17, metrics=<sparse_categorical_accuracy=0.17987777292728424,loss=2.242745876312256>
46.8036 seconds
Tested. Sparse categorical accuracy: 10.00

round 18, metrics=<sparse_categorical_accuracy=0.17347778379917145,loss=2.243664264678955>
47.3883 seconds
Tested. Sparse categorical accuracy: 10.00

round 19, metrics=<sparse_categorical_accuracy=0.17376667261123657,loss=2.2493207454681396>
47.1507 seconds
Tested. Sparse categorical accuracy: 12.00

round 20, metrics=<sparse_categorical_accuracy=0.17656666040420532,loss=2.2475948333740234>
48.5131 seconds
Tested. Sparse categorical accuracy: 9.00

round 21, metrics=<sparse_categorical_accuracy=0.1785888820886612,loss=2.2420051097869873>
47.8036 seconds
Tested. Sparse categorical accuracy: 8.00

round 22, metrics=<sparse_categorical_accuracy=0.18070000410079956,loss=2.245504140853882>
49.4964 seconds
Tested. Sparse categorical accuracy: 13.00

round 23, metrics=<sparse_categorical_accuracy=0.1812777817249298,loss=2.243712902069092>
45.2634 seconds
Tested. Sparse categorical accuracy: 12.00

round 24, metrics=<sparse_categorical_accuracy=0.1744111180305481,loss=2.244328737258911>
48.7492 seconds
Tested. Sparse categorical accuracy: 9.00

round 25, metrics=<sparse_categorical_accuracy=0.17588889598846436,loss=2.244483232498169>
46.7513 seconds
Tested. Sparse categorical accuracy: 15.00

round 26, metrics=<sparse_categorical_accuracy=0.175044447183609,loss=2.2474145889282227>
45.9353 seconds
Tested. Sparse categorical accuracy: 12.00

round 27, metrics=<sparse_categorical_accuracy=0.1807333379983902,loss=2.2450923919677734>
47.2329 seconds
Tested. Sparse categorical accuracy: 11.00

round 28, metrics=<sparse_categorical_accuracy=0.17988888919353485,loss=2.2427990436553955>
47.2257 seconds
Tested. Sparse categorical accuracy: 12.00

round 29, metrics=<sparse_categorical_accuracy=0.17817777395248413,loss=2.245039939880371>
46.6991 seconds
Tested. Sparse categorical accuracy: 10.00

round 30, metrics=<sparse_categorical_accuracy=0.1786777824163437,loss=2.240741014480591>
46.8241 seconds
Tested. Sparse categorical accuracy: 7.00

round 31, metrics=<sparse_categorical_accuracy=0.1760111153125763,loss=2.247796058654785>
47.6300 seconds
Tested. Sparse categorical accuracy: 11.00

round 32, metrics=<sparse_categorical_accuracy=0.17826665937900543,loss=2.243594169616699>
47.3623 seconds
Tested. Sparse categorical accuracy: 12.00

round 33, metrics=<sparse_categorical_accuracy=0.1755666732788086,loss=2.2509303092956543>
44.4194 seconds
Tested. Sparse categorical accuracy: 4.00

round 34, metrics=<sparse_categorical_accuracy=0.17980000376701355,loss=2.2406558990478516>
48.4285 seconds
Tested. Sparse categorical accuracy: 10.00

round 35, metrics=<sparse_categorical_accuracy=0.17525555193424225,loss=2.244560956954956>
46.7797 seconds
Tested. Sparse categorical accuracy: 6.00

round 36, metrics=<sparse_categorical_accuracy=0.1786888837814331,loss=2.243030548095703>
49.3445 seconds
Tested. Sparse categorical accuracy: 8.00

round 37, metrics=<sparse_categorical_accuracy=0.17595554888248444,loss=2.2433834075927734>
47.2684 seconds
Tested. Sparse categorical accuracy: 11.00

round 38, metrics=<sparse_categorical_accuracy=0.17588889598846436,loss=2.2423670291900635>
46.4342 seconds
Tested. Sparse categorical accuracy: 16.00

round 39, metrics=<sparse_categorical_accuracy=0.1702222228050232,loss=2.249126434326172>
46.2953 seconds
Tested. Sparse categorical accuracy: 12.00

round 40, metrics=<sparse_categorical_accuracy=0.17785555124282837,loss=2.247899055480957>
45.5622 seconds
Tested. Sparse categorical accuracy: 11.00

round 41, metrics=<sparse_categorical_accuracy=0.18182222545146942,loss=2.240861177444458>
46.8450 seconds
Tested. Sparse categorical accuracy: 13.00

round 42, metrics=<sparse_categorical_accuracy=0.17803333699703217,loss=2.2442262172698975>
51.8441 seconds
Tested. Sparse categorical accuracy: 16.00

round 43, metrics=<sparse_categorical_accuracy=0.17764444649219513,loss=2.2439284324645996>
45.5700 seconds
Tested. Sparse categorical accuracy: 14.00

round 44, metrics=<sparse_categorical_accuracy=0.174677774310112,loss=2.2443618774414062>
46.4915 seconds
Tested. Sparse categorical accuracy: 15.00

round 45, metrics=<sparse_categorical_accuracy=0.17970000207424164,loss=2.242969274520874>
46.0047 seconds
Tested. Sparse categorical accuracy: 11.00

round 46, metrics=<sparse_categorical_accuracy=0.17491111159324646,loss=2.2493557929992676>
46.0993 seconds
Tested. Sparse categorical accuracy: 12.00

round 47, metrics=<sparse_categorical_accuracy=0.1749333292245865,loss=2.2455556392669678>
45.8653 seconds
Tested. Sparse categorical accuracy: 5.00

round 48, metrics=<sparse_categorical_accuracy=0.1768111139535904,loss=2.2430806159973145>
47.2643 seconds
Tested. Sparse categorical accuracy: 8.00

round 49, metrics=<sparse_categorical_accuracy=0.1770777851343155,loss=2.245732545852661>
46.8953 seconds
Tested. Sparse categorical accuracy: 6.00

round 50, metrics=<sparse_categorical_accuracy=0.17652222514152527,loss=2.2410271167755127>
45.7471 seconds
Tested. Sparse categorical accuracy: 9.00

round 51, metrics=<sparse_categorical_accuracy=0.17718888819217682,loss=2.2480318546295166>
46.2412 seconds
Tested. Sparse categorical accuracy: 14.00

round 52, metrics=<sparse_categorical_accuracy=0.17391110956668854,loss=2.245004892349243>
47.0334 seconds
Tested. Sparse categorical accuracy: 10.00

round 53, metrics=<sparse_categorical_accuracy=0.17838889360427856,loss=2.250338315963745>
48.0375 seconds
Tested. Sparse categorical accuracy: 8.00

round 54, metrics=<sparse_categorical_accuracy=0.18086667358875275,loss=2.2400689125061035>
48.0141 seconds
Tested. Sparse categorical accuracy: 6.00

round 55, metrics=<sparse_categorical_accuracy=0.17599999904632568,loss=2.24418044090271>
47.1116 seconds
Tested. Sparse categorical accuracy: 13.00

round 56, metrics=<sparse_categorical_accuracy=0.17916665971279144,loss=2.2439205646514893>
47.1479 seconds
Tested. Sparse categorical accuracy: 10.00

round 57, metrics=<sparse_categorical_accuracy=0.17641110718250275,loss=2.2421493530273438>
48.4962 seconds
Tested. Sparse categorical accuracy: 12.00

round 58, metrics=<sparse_categorical_accuracy=0.17919999361038208,loss=2.2425034046173096>
47.8160 seconds
Tested. Sparse categorical accuracy: 8.00

round 59, metrics=<sparse_categorical_accuracy=0.1748555600643158,loss=2.2496864795684814>
46.4594 seconds
Tested. Sparse categorical accuracy: 15.00

round 60, metrics=<sparse_categorical_accuracy=0.17748889327049255,loss=2.2471561431884766>
50.1929 seconds
Tested. Sparse categorical accuracy: 8.00

round 61, metrics=<sparse_categorical_accuracy=0.18042221665382385,loss=2.240995407104492>
53.5463 seconds
Tested. Sparse categorical accuracy: 10.00

round 62, metrics=<sparse_categorical_accuracy=0.1773444414138794,loss=2.2446136474609375>
54.3200 seconds
Tested. Sparse categorical accuracy: 10.00

round 63, metrics=<sparse_categorical_accuracy=0.1775333285331726,loss=2.2442543506622314>
52.0734 seconds
Tested. Sparse categorical accuracy: 11.00

round 64, metrics=<sparse_categorical_accuracy=0.17431111633777618,loss=2.2442336082458496>
53.7393 seconds
Tested. Sparse categorical accuracy: 4.00

round 65, metrics=<sparse_categorical_accuracy=0.17918889224529266,loss=2.243250608444214>
53.3435 seconds
Tested. Sparse categorical accuracy: 12.00

round 66, metrics=<sparse_categorical_accuracy=0.175577774643898,loss=2.248608350753784>
54.1302 seconds
Tested. Sparse categorical accuracy: 4.00

round 67, metrics=<sparse_categorical_accuracy=0.17995555698871613,loss=2.244197130203247>
57.2071 seconds
Tested. Sparse categorical accuracy: 11.00

round 68, metrics=<sparse_categorical_accuracy=0.18088889122009277,loss=2.2426655292510986>
53.0979 seconds
Tested. Sparse categorical accuracy: 11.00

round 69, metrics=<sparse_categorical_accuracy=0.17711110413074493,loss=2.2451953887939453>
53.0356 seconds
Tested. Sparse categorical accuracy: 10.00

round 70, metrics=<sparse_categorical_accuracy=0.17914444208145142,loss=2.2412917613983154>
53.4510 seconds
Tested. Sparse categorical accuracy: 12.00

round 71, metrics=<sparse_categorical_accuracy=0.17633333802223206,loss=2.247199296951294>
52.1290 seconds
Tested. Sparse categorical accuracy: 12.00

round 72, metrics=<sparse_categorical_accuracy=0.1799333393573761,loss=2.243138313293457>
56.5422 seconds
Tested. Sparse categorical accuracy: 10.00

round 73, metrics=<sparse_categorical_accuracy=0.17461110651493073,loss=2.248883008956909>
51.9898 seconds
Tested. Sparse categorical accuracy: 8.00

round 74, metrics=<sparse_categorical_accuracy=0.18167777359485626,loss=2.240358829498291>
51.5272 seconds
Tested. Sparse categorical accuracy: 9.00

round 75, metrics=<sparse_categorical_accuracy=0.17816667258739471,loss=2.2444589138031006>
48.9529 seconds
Tested. Sparse categorical accuracy: 13.00

round 76, metrics=<sparse_categorical_accuracy=0.1771777719259262,loss=2.2442007064819336>
51.2740 seconds
Tested. Sparse categorical accuracy: 8.00

round 77, metrics=<sparse_categorical_accuracy=0.17659999430179596,loss=2.2423436641693115>
47.4636 seconds
Tested. Sparse categorical accuracy: 8.00

round 78, metrics=<sparse_categorical_accuracy=0.17776666581630707,loss=2.2432761192321777>
52.0325 seconds
Tested. Sparse categorical accuracy: 14.00

round 79, metrics=<sparse_categorical_accuracy=0.17446666955947876,loss=2.248671293258667>
52.0799 seconds
Tested. Sparse categorical accuracy: 11.00

round 80, metrics=<sparse_categorical_accuracy=0.17641110718250275,loss=2.2475643157958984>
52.8685 seconds
Tested. Sparse categorical accuracy: 8.00

round 81, metrics=<sparse_categorical_accuracy=0.18222221732139587,loss=2.240553379058838>
55.4167 seconds
Tested. Sparse categorical accuracy: 8.00

round 82, metrics=<sparse_categorical_accuracy=0.18043333292007446,loss=2.2442147731781006>
55.8763 seconds
Tested. Sparse categorical accuracy: 11.00

round 83, metrics=<sparse_categorical_accuracy=0.17688888311386108,loss=2.2437937259674072>
54.3537 seconds
Tested. Sparse categorical accuracy: 12.00

round 84, metrics=<sparse_categorical_accuracy=0.1802777796983719,loss=2.2432754039764404>
54.8819 seconds
Tested. Sparse categorical accuracy: 10.00

round 85, metrics=<sparse_categorical_accuracy=0.17742222547531128,loss=2.2426788806915283>
53.8859 seconds
Tested. Sparse categorical accuracy: 12.00

round 86, metrics=<sparse_categorical_accuracy=0.17695555090904236,loss=2.248262882232666>
55.1611 seconds
Tested. Sparse categorical accuracy: 6.00

round 87, metrics=<sparse_categorical_accuracy=0.18282222747802734,loss=2.2442636489868164>
53.7132 seconds
Tested. Sparse categorical accuracy: 10.00

round 88, metrics=<sparse_categorical_accuracy=0.18019999563694,loss=2.243176221847534>
54.1104 seconds
Tested. Sparse categorical accuracy: 10.00

round 89, metrics=<sparse_categorical_accuracy=0.1754888892173767,loss=2.246204137802124>
54.6434 seconds
Tested. Sparse categorical accuracy: 9.00

round 90, metrics=<sparse_categorical_accuracy=0.18022222816944122,loss=2.2403528690338135>
53.7521 seconds
Tested. Sparse categorical accuracy: 8.00

round 91, metrics=<sparse_categorical_accuracy=0.17347778379917145,loss=2.2491724491119385>
57.3027 seconds
Tested. Sparse categorical accuracy: 18.00

round 92, metrics=<sparse_categorical_accuracy=0.18138888478279114,loss=2.242800235748291>
53.6414 seconds
Tested. Sparse categorical accuracy: 10.00

round 93, metrics=<sparse_categorical_accuracy=0.1743333339691162,loss=2.2500829696655273>
53.3960 seconds
Tested. Sparse categorical accuracy: 14.00

round 94, metrics=<sparse_categorical_accuracy=0.18167777359485626,loss=2.2400577068328857>
55.9941 seconds
Tested. Sparse categorical accuracy: 9.00

round 95, metrics=<sparse_categorical_accuracy=0.17963333427906036,loss=2.244647979736328>
56.1009 seconds
Tested. Sparse categorical accuracy: 8.00

round 96, metrics=<sparse_categorical_accuracy=0.17831110954284668,loss=2.243628740310669>
51.7132 seconds
Tested. Sparse categorical accuracy: 10.00

round 97, metrics=<sparse_categorical_accuracy=0.18014444410800934,loss=2.242774248123169>
52.9111 seconds
Tested. Sparse categorical accuracy: 9.00

round 98, metrics=<sparse_categorical_accuracy=0.1777999997138977,loss=2.2434563636779785>
55.5835 seconds
Tested. Sparse categorical accuracy: 11.00

round 99, metrics=<sparse_categorical_accuracy=0.17365555465221405,loss=2.2484183311462402>
53.3329 seconds
Tested. Sparse categorical accuracy: 14.00

round 100, metrics=<sparse_categorical_accuracy=0.17142222821712494,loss=2.248511791229248>
56.7738 seconds
Tested. Sparse categorical accuracy: 13.00

round 101, metrics=<sparse_categorical_accuracy=0.17563332617282867,loss=2.24149227142334>
53.1431 seconds
Tested. Sparse categorical accuracy: 15.00

round 102, metrics=<sparse_categorical_accuracy=0.17906667292118073,loss=2.24489164352417>
54.6198 seconds
Tested. Sparse categorical accuracy: 9.00

round 103, metrics=<sparse_categorical_accuracy=0.175577774643898,loss=2.2443504333496094>
53.5904 seconds
Tested. Sparse categorical accuracy: 14.00

round 104, metrics=<sparse_categorical_accuracy=0.17721110582351685,loss=2.2433764934539795>
53.6945 seconds
Tested. Sparse categorical accuracy: 10.00

round 105, metrics=<sparse_categorical_accuracy=0.17695555090904236,loss=2.2431390285491943>
54.2970 seconds
Tested. Sparse categorical accuracy: 10.00

round 106, metrics=<sparse_categorical_accuracy=0.17790000140666962,loss=2.2468862533569336>
53.6546 seconds
Tested. Sparse categorical accuracy: 13.00

round 107, metrics=<sparse_categorical_accuracy=0.1753777712583542,loss=2.245912790298462>
53.5387 seconds
Tested. Sparse categorical accuracy: 13.00

round 108, metrics=<sparse_categorical_accuracy=0.17901110649108887,loss=2.242820978164673>
55.8158 seconds
Tested. Sparse categorical accuracy: 19.00

round 109, metrics=<sparse_categorical_accuracy=0.17415554821491241,loss=2.246166944503784>
54.3549 seconds
Tested. Sparse categorical accuracy: 11.00

round 110, metrics=<sparse_categorical_accuracy=0.17845556139945984,loss=2.2412807941436768>
56.1989 seconds
Tested. Sparse categorical accuracy: 11.00

round 111, metrics=<sparse_categorical_accuracy=0.17800000309944153,loss=2.248091220855713>
54.2015 seconds
Tested. Sparse categorical accuracy: 14.00

round 112, metrics=<sparse_categorical_accuracy=0.175044447183609,loss=2.2443618774414062>
53.9882 seconds
Tested. Sparse categorical accuracy: 12.00

round 113, metrics=<sparse_categorical_accuracy=0.1762000024318695,loss=2.2504429817199707>
52.8487 seconds
Tested. Sparse categorical accuracy: 16.00

round 114, metrics=<sparse_categorical_accuracy=0.18293333053588867,loss=2.240353584289551>
56.4287 seconds
Tested. Sparse categorical accuracy: 12.00

round 115, metrics=<sparse_categorical_accuracy=0.17836666107177734,loss=2.243622303009033>
55.2864 seconds
Tested. Sparse categorical accuracy: 11.00

round 116, metrics=<sparse_categorical_accuracy=0.1761888861656189,loss=2.2447917461395264>
55.7394 seconds
Tested. Sparse categorical accuracy: 14.00

round 117, metrics=<sparse_categorical_accuracy=0.17766666412353516,loss=2.2421538829803467>
53.0392 seconds
Tested. Sparse categorical accuracy: 7.00

round 118, metrics=<sparse_categorical_accuracy=0.17661111056804657,loss=2.242494583129883>
53.0503 seconds
Tested. Sparse categorical accuracy: 16.00

round 119, metrics=<sparse_categorical_accuracy=0.17445555329322815,loss=2.2494306564331055>
55.8035 seconds
Tested. Sparse categorical accuracy: 10.00

round 120, metrics=<sparse_categorical_accuracy=0.17756666243076324,loss=2.2476730346679688>
53.3130 seconds
Tested. Sparse categorical accuracy: 9.00

round 121, metrics=<sparse_categorical_accuracy=0.17914444208145142,loss=2.2419540882110596>
57.3003 seconds
Tested. Sparse categorical accuracy: 10.00

round 122, metrics=<sparse_categorical_accuracy=0.17783333361148834,loss=2.2447879314422607>
54.9564 seconds
Tested. Sparse categorical accuracy: 8.00

round 123, metrics=<sparse_categorical_accuracy=0.17934444546699524,loss=2.244006872177124>
57.3181 seconds
Tested. Sparse categorical accuracy: 9.00

round 124, metrics=<sparse_categorical_accuracy=0.17884443700313568,loss=2.2427971363067627>
53.3829 seconds
Tested. Sparse categorical accuracy: 7.00

round 125, metrics=<sparse_categorical_accuracy=0.17697778344154358,loss=2.243748188018799>
51.8949 seconds
Tested. Sparse categorical accuracy: 3.00

round 126, metrics=<sparse_categorical_accuracy=0.17284443974494934,loss=2.2490735054016113>
54.8203 seconds
Tested. Sparse categorical accuracy: 10.00

round 127, metrics=<sparse_categorical_accuracy=0.1777999997138977,loss=2.245647668838501>
54.2673 seconds
Tested. Sparse categorical accuracy: 10.00

round 128, metrics=<sparse_categorical_accuracy=0.1748666614294052,loss=2.2439303398132324>
54.6068 seconds
Tested. Sparse categorical accuracy: 9.00

round 129, metrics=<sparse_categorical_accuracy=0.1745777726173401,loss=2.2465903759002686>
53.1663 seconds
Tested. Sparse categorical accuracy: 10.00

round 130, metrics=<sparse_categorical_accuracy=0.1788666695356369,loss=2.2413330078125>
54.7793 seconds
Tested. Sparse categorical accuracy: 11.00

round 131, metrics=<sparse_categorical_accuracy=0.1765555590391159,loss=2.2483394145965576>
53.2975 seconds
Tested. Sparse categorical accuracy: 13.00

round 132, metrics=<sparse_categorical_accuracy=0.17671111226081848,loss=2.242684841156006>
52.8428 seconds
Tested. Sparse categorical accuracy: 5.00

round 133, metrics=<sparse_categorical_accuracy=0.17204444110393524,loss=2.250239372253418>
57.0843 seconds
Tested. Sparse categorical accuracy: 9.00

round 134, metrics=<sparse_categorical_accuracy=0.18088889122009277,loss=2.240251064300537>
52.5034 seconds
Tested. Sparse categorical accuracy: 8.00

round 135, metrics=<sparse_categorical_accuracy=0.181444451212883,loss=2.243865966796875>
52.3689 seconds
Tested. Sparse categorical accuracy: 16.00

round 136, metrics=<sparse_categorical_accuracy=0.17625555396080017,loss=2.245084524154663>
53.4968 seconds
Tested. Sparse categorical accuracy: 9.00

round 137, metrics=<sparse_categorical_accuracy=0.17937777936458588,loss=2.241180658340454>
53.1710 seconds
Tested. Sparse categorical accuracy: 11.00

round 138, metrics=<sparse_categorical_accuracy=0.17718888819217682,loss=2.242640733718872>
52.2026 seconds
Tested. Sparse categorical accuracy: 8.00

round 139, metrics=<sparse_categorical_accuracy=0.17511111497879028,loss=2.248905658721924>
55.0821 seconds
Tested. Sparse categorical accuracy: 10.00

round 140, metrics=<sparse_categorical_accuracy=0.1765444427728653,loss=2.2479095458984375>
52.9187 seconds
Tested. Sparse categorical accuracy: 11.00

round 141, metrics=<sparse_categorical_accuracy=0.18211111426353455,loss=2.2404894828796387>
53.4783 seconds
Tested. Sparse categorical accuracy: 5.00

round 142, metrics=<sparse_categorical_accuracy=0.1797444373369217,loss=2.2449419498443604>
52.6744 seconds
Tested. Sparse categorical accuracy: 12.00

round 143, metrics=<sparse_categorical_accuracy=0.17428888380527496,loss=2.2448301315307617>
54.2040 seconds
Tested. Sparse categorical accuracy: 12.00

round 144, metrics=<sparse_categorical_accuracy=0.17501111328601837,loss=2.2447376251220703>
55.5238 seconds
Tested. Sparse categorical accuracy: 11.00

round 145, metrics=<sparse_categorical_accuracy=0.17887777090072632,loss=2.2433605194091797>
55.1468 seconds
Tested. Sparse categorical accuracy: 6.00

round 146, metrics=<sparse_categorical_accuracy=0.1749555617570877,loss=2.2480216026306152>
54.7166 seconds
Tested. Sparse categorical accuracy: 8.00

round 147, metrics=<sparse_categorical_accuracy=0.18208888173103333,loss=2.2453229427337646>
56.3801 seconds
Tested. Sparse categorical accuracy: 11.00

round 148, metrics=<sparse_categorical_accuracy=0.17934444546699524,loss=2.243403673171997>
53.0346 seconds
Tested. Sparse categorical accuracy: 12.00

round 149, metrics=<sparse_categorical_accuracy=0.17755556106567383,loss=2.2457659244537354>
52.0241 seconds
Tested. Sparse categorical accuracy: 9.00

round 150, metrics=<sparse_categorical_accuracy=0.17884443700313568,loss=2.240572214126587>
48.6926 seconds
Tested. Sparse categorical accuracy: 16.00

round 151, metrics=<sparse_categorical_accuracy=0.16926667094230652,loss=2.249131917953491>
48.7928 seconds
Tested. Sparse categorical accuracy: 3.00

round 152, metrics=<sparse_categorical_accuracy=0.17561110854148865,loss=2.2441272735595703>
50.1136 seconds
Tested. Sparse categorical accuracy: 11.00

round 153, metrics=<sparse_categorical_accuracy=0.17463333904743195,loss=2.2496020793914795>
49.3672 seconds
Tested. Sparse categorical accuracy: 9.00

round 154, metrics=<sparse_categorical_accuracy=0.18663333356380463,loss=2.2398312091827393>
49.1713 seconds
Tested. Sparse categorical accuracy: 10.00

round 155, metrics=<sparse_categorical_accuracy=0.17804443836212158,loss=2.2443699836730957>
47.4315 seconds
Tested. Sparse categorical accuracy: 13.00

round 156, metrics=<sparse_categorical_accuracy=0.1785888820886612,loss=2.244379758834839>
49.1154 seconds
Tested. Sparse categorical accuracy: 17.00

round 157, metrics=<sparse_categorical_accuracy=0.17907777428627014,loss=2.242617607116699>
50.6600 seconds
Tested. Sparse categorical accuracy: 12.00

round 158, metrics=<sparse_categorical_accuracy=0.17577777802944183,loss=2.243255615234375>
50.3028 seconds
Tested. Sparse categorical accuracy: 10.00

round 159, metrics=<sparse_categorical_accuracy=0.17081111669540405,loss=2.2487690448760986>
47.1429 seconds
Tested. Sparse categorical accuracy: 13.00

round 160, metrics=<sparse_categorical_accuracy=0.17813333868980408,loss=2.2468886375427246>
48.5216 seconds
Tested. Sparse categorical accuracy: 14.00

round 161, metrics=<sparse_categorical_accuracy=0.17835555970668793,loss=2.2412679195404053>
48.3845 seconds
Tested. Sparse categorical accuracy: 10.00

round 162, metrics=<sparse_categorical_accuracy=0.17674444615840912,loss=2.2456846237182617>
48.8220 seconds
Tested. Sparse categorical accuracy: 7.00

round 163, metrics=<sparse_categorical_accuracy=0.18408888578414917,loss=2.243162155151367>
47.9674 seconds
Tested. Sparse categorical accuracy: 8.00

round 164, metrics=<sparse_categorical_accuracy=0.17287777364253998,loss=2.244328498840332>
49.1716 seconds
Tested. Sparse categorical accuracy: 12.00

round 165, metrics=<sparse_categorical_accuracy=0.17613333463668823,loss=2.243537425994873>
49.0157 seconds
Tested. Sparse categorical accuracy: 14.00

round 166, metrics=<sparse_categorical_accuracy=0.17732222378253937,loss=2.2467780113220215>
47.4579 seconds
Tested. Sparse categorical accuracy: 13.00

round 167, metrics=<sparse_categorical_accuracy=0.17765556275844574,loss=2.2442259788513184>
49.3136 seconds
Tested. Sparse categorical accuracy: 10.00

round 168, metrics=<sparse_categorical_accuracy=0.1795777827501297,loss=2.2433159351348877>
47.0048 seconds
Tested. Sparse categorical accuracy: 9.00

round 169, metrics=<sparse_categorical_accuracy=0.17987777292728424,loss=2.2449915409088135>
49.0225 seconds
Tested. Sparse categorical accuracy: 15.00

round 170, metrics=<sparse_categorical_accuracy=0.17812222242355347,loss=2.2413034439086914>
48.4927 seconds
Tested. Sparse categorical accuracy: 7.00

round 171, metrics=<sparse_categorical_accuracy=0.1773444414138794,loss=2.247110366821289>
47.9090 seconds
Tested. Sparse categorical accuracy: 6.00

round 172, metrics=<sparse_categorical_accuracy=0.1789555549621582,loss=2.2432193756103516>
48.2733 seconds
Tested. Sparse categorical accuracy: 13.00

round 173, metrics=<sparse_categorical_accuracy=0.1755666732788086,loss=2.25014328956604>
47.8137 seconds
Tested. Sparse categorical accuracy: 9.00

round 174, metrics=<sparse_categorical_accuracy=0.18086667358875275,loss=2.2395384311676025>
47.1799 seconds
Tested. Sparse categorical accuracy: 10.00

round 175, metrics=<sparse_categorical_accuracy=0.17990000545978546,loss=2.2437868118286133>
47.4912 seconds
Tested. Sparse categorical accuracy: 9.00

round 176, metrics=<sparse_categorical_accuracy=0.17720000445842743,loss=2.2448153495788574>
49.8516 seconds
Tested. Sparse categorical accuracy: 9.00

round 177, metrics=<sparse_categorical_accuracy=0.1796777844429016,loss=2.2426326274871826>
48.9655 seconds
Tested. Sparse categorical accuracy: 14.00

round 178, metrics=<sparse_categorical_accuracy=0.1777999997138977,loss=2.242892265319824>
48.0483 seconds
Tested. Sparse categorical accuracy: 8.00

round 179, metrics=<sparse_categorical_accuracy=0.17034444212913513,loss=2.249934434890747>
48.6694 seconds
Tested. Sparse categorical accuracy: 11.00

round 180, metrics=<sparse_categorical_accuracy=0.17892222106456757,loss=2.2474939823150635>
48.6970 seconds
Tested. Sparse categorical accuracy: 12.00

round 181, metrics=<sparse_categorical_accuracy=0.17461110651493073,loss=2.2418200969696045>
47.4245 seconds
Tested. Sparse categorical accuracy: 13.00

round 182, metrics=<sparse_categorical_accuracy=0.1776111125946045,loss=2.2458736896514893>
47.6498 seconds
Tested. Sparse categorical accuracy: 12.00

round 183, metrics=<sparse_categorical_accuracy=0.17962221801280975,loss=2.244400978088379>
49.6437 seconds
Tested. Sparse categorical accuracy: 19.00

round 184, metrics=<sparse_categorical_accuracy=0.1738000065088272,loss=2.244492769241333>
47.6000 seconds
Tested. Sparse categorical accuracy: 7.00

round 185, metrics=<sparse_categorical_accuracy=0.17801110446453094,loss=2.2424237728118896>
51.3303 seconds
Tested. Sparse categorical accuracy: 9.00

round 186, metrics=<sparse_categorical_accuracy=0.17688888311386108,loss=2.247887134552002>
49.5385 seconds
Tested. Sparse categorical accuracy: 11.00

round 187, metrics=<sparse_categorical_accuracy=0.17998889088630676,loss=2.244577169418335>
48.3812 seconds
Tested. Sparse categorical accuracy: 6.00

round 188, metrics=<sparse_categorical_accuracy=0.1811888962984085,loss=2.242234706878662>
48.3664 seconds
Tested. Sparse categorical accuracy: 9.00

round 189, metrics=<sparse_categorical_accuracy=0.1770888864994049,loss=2.245725154876709>
49.0917 seconds
Tested. Sparse categorical accuracy: 11.00

round 190, metrics=<sparse_categorical_accuracy=0.18024444580078125,loss=2.2399909496307373>
47.8894 seconds
Tested. Sparse categorical accuracy: 13.00

round 191, metrics=<sparse_categorical_accuracy=0.1726444512605667,loss=2.248727321624756>
48.5216 seconds
Tested. Sparse categorical accuracy: 6.00

round 192, metrics=<sparse_categorical_accuracy=0.17990000545978546,loss=2.242767810821533>
47.7949 seconds
Tested. Sparse categorical accuracy: 10.00

round 193, metrics=<sparse_categorical_accuracy=0.17358888685703278,loss=2.250101089477539>
45.9524 seconds
Tested. Sparse categorical accuracy: 3.00

round 194, metrics=<sparse_categorical_accuracy=0.17767778038978577,loss=2.2405288219451904>
52.1010 seconds
Tested. Sparse categorical accuracy: 8.00

round 195, metrics=<sparse_categorical_accuracy=0.1762777715921402,loss=2.2443599700927734>
48.9209 seconds
Tested. Sparse categorical accuracy: 7.00

round 196, metrics=<sparse_categorical_accuracy=0.17844444513320923,loss=2.2436037063598633>
48.3450 seconds
Tested. Sparse categorical accuracy: 15.00

round 197, metrics=<sparse_categorical_accuracy=0.17721110582351685,loss=2.2426340579986572>
47.4465 seconds
Tested. Sparse categorical accuracy: 9.00

round 198, metrics=<sparse_categorical_accuracy=0.17403332889080048,loss=2.244032144546509>
47.0181 seconds
Tested. Sparse categorical accuracy: 9.00

round 199, metrics=<sparse_categorical_accuracy=0.175577774643898,loss=2.2489216327667236>
49.3123 seconds
Tested. Sparse categorical accuracy: 14.00

round 200, metrics=<sparse_categorical_accuracy=0.18014444410800934,loss=2.2471694946289062>
50.0044 seconds
Tested. Sparse categorical accuracy: 11.00

Target accuracy reached after  200  rounds
Average time per round: 50.00

2020-05-02 12:02:11.617871
