
TENSORFLOW USERS:
You must use the python3.6-anaconda/5.2.0 module to run TensorFlow.
See https://arc-ts.umich.edu/greatlakes/software/tensorflow for more
information.



The following have been reloaded with a version change:
  1) cuda/10.0.130 => cuda/10.1.105


Currently Loaded Modules:
  1) python3.7-anaconda/2019.07   2) cudnn/10.0-v7.6   3) cuda/10.1.105

 

mkdir: cannot create directory ‘results/5842441’: File exists
mkdir: cannot create directory ‘results/5842441/log’: File exists
Test  169
2020-05-02 08:59:41.153222


Schema 1: Each client partially IID
--------------------------------------------------
percent data distributed IID:  80
number of classes for non-IID data:  2
data points per client (mean, std dev): ( 600 ,  0 )
--------------------------------------------------

round  1, metrics=<sparse_categorical_accuracy=0.46336665749549866,loss=1.5403578281402588>
17.6385 seconds
Tested. Sparse categorical accuracy: 13.00

round  2, metrics=<sparse_categorical_accuracy=0.8519333600997925,loss=0.46529898047447205>
17.4865 seconds
Tested. Sparse categorical accuracy: 87.00

round  3, metrics=<sparse_categorical_accuracy=0.9812333583831787,loss=0.06743332743644714>
17.2859 seconds
Tested. Sparse categorical accuracy: 97.00

round  4, metrics=<sparse_categorical_accuracy=0.9876999855041504,loss=0.0447695255279541>
17.1202 seconds
Tested. Sparse categorical accuracy: 94.00

round  5, metrics=<sparse_categorical_accuracy=0.9911999702453613,loss=0.03351299464702606>
17.3456 seconds
Tested. Sparse categorical accuracy: 95.00

round  6, metrics=<sparse_categorical_accuracy=0.9921666383743286,loss=0.029163196682929993>
17.2990 seconds
Tested. Sparse categorical accuracy: 99.00

Target accuracy reached after  6  rounds
Average time per round: 17.00

2020-05-02 09:01:33.788924
