
TENSORFLOW USERS:
You must use the python3.6-anaconda/5.2.0 module to run TensorFlow.
See https://arc-ts.umich.edu/greatlakes/software/tensorflow for more
information.



The following have been reloaded with a version change:
  1) cuda/10.0.130 => cuda/10.1.105


Currently Loaded Modules:
  1) python3.7-anaconda/2019.07   2) cudnn/10.0-v7.6   3) cuda/10.1.105

 

mkdir: cannot create directory ‘results/5842441’: File exists
mkdir: cannot create directory ‘results/5842441/log’: File exists
Test  139
2020-05-02 03:46:39.445225


Schema 1: Each client partially IID
--------------------------------------------------
percent data distributed IID:  100
number of classes for non-IID data:  2
data points per client (mean, std dev): ( 600 ,  0 )
--------------------------------------------------

round  1, metrics=<sparse_categorical_accuracy=0.8707666397094727,loss=0.3922027349472046>
15.5280 seconds
Tested. Sparse categorical accuracy: 92.00

round  2, metrics=<sparse_categorical_accuracy=0.98089998960495,loss=0.06482159346342087>
15.2381 seconds
Tested. Sparse categorical accuracy: 95.00

round  3, metrics=<sparse_categorical_accuracy=0.9913333058357239,loss=0.03090464323759079>
15.6215 seconds
Tested. Sparse categorical accuracy: 97.00

round  4, metrics=<sparse_categorical_accuracy=0.9924666881561279,loss=0.02907029539346695>
15.2900 seconds
Tested. Sparse categorical accuracy: 96.00

round  5, metrics=<sparse_categorical_accuracy=0.9920333623886108,loss=0.028379391878843307>
15.4420 seconds
Tested. Sparse categorical accuracy: 98.00

round  6, metrics=<sparse_categorical_accuracy=0.9943000078201294,loss=0.01896173506975174>
15.6597 seconds
Tested. Sparse categorical accuracy: 97.00

round  7, metrics=<sparse_categorical_accuracy=0.9943666458129883,loss=0.019899146631360054>
15.4459 seconds
Tested. Sparse categorical accuracy: 98.00

round  8, metrics=<sparse_categorical_accuracy=0.9949333071708679,loss=0.017326824367046356>
15.6564 seconds
Tested. Sparse categorical accuracy: 96.00

round  9, metrics=<sparse_categorical_accuracy=0.9955666661262512,loss=0.017969680950045586>
15.6507 seconds
Tested. Sparse categorical accuracy: 98.00

round 10, metrics=<sparse_categorical_accuracy=0.9965000152587891,loss=0.013638338074088097>
15.8415 seconds
Tested. Sparse categorical accuracy: 95.00

round 11, metrics=<sparse_categorical_accuracy=0.994533360004425,loss=0.020576370880007744>
15.1535 seconds
Tested. Sparse categorical accuracy: 98.00

round 12, metrics=<sparse_categorical_accuracy=0.9964333176612854,loss=0.014532110653817654>
15.7158 seconds
Tested. Sparse categorical accuracy: 95.00

round 13, metrics=<sparse_categorical_accuracy=0.996233344078064,loss=0.013545024208724499>
15.6683 seconds
Tested. Sparse categorical accuracy: 98.00

round 14, metrics=<sparse_categorical_accuracy=0.9977333545684814,loss=0.009439928457140923>
15.3652 seconds
Tested. Sparse categorical accuracy: 100.00

Target accuracy reached after  14  rounds
Average time per round: 15.00

2020-05-02 03:50:25.485339
