
TENSORFLOW USERS:
You must use the python3.6-anaconda/5.2.0 module to run TensorFlow.
See https://arc-ts.umich.edu/greatlakes/software/tensorflow for more
information.



The following have been reloaded with a version change:
  1) cuda/10.0.130 => cuda/10.1.105


Currently Loaded Modules:
  1) python3.7-anaconda/2019.07   2) cudnn/10.0-v7.6   3) cuda/10.1.105

 

mkdir: cannot create directory ‘results/5842441’: File exists
mkdir: cannot create directory ‘results/5842441/log’: File exists
Test  133
2020-05-02 01:16:55.273678


Schema 1: Each client partially IID
--------------------------------------------------
percent data distributed IID:  80
number of classes for non-IID data:  2
data points per client (mean, std dev): ( 600 ,  0 )
--------------------------------------------------

round  1, metrics=<sparse_categorical_accuracy=0.5525000095367432,loss=1.2910007238388062>
15.7554 seconds
Tested. Sparse categorical accuracy: 13.00

round  2, metrics=<sparse_categorical_accuracy=0.7645333409309387,loss=0.720325231552124>
15.4371 seconds
Tested. Sparse categorical accuracy: 47.00

round  3, metrics=<sparse_categorical_accuracy=0.9398333430290222,loss=0.1998167634010315>
15.4825 seconds
Tested. Sparse categorical accuracy: 95.00

round  4, metrics=<sparse_categorical_accuracy=0.989799976348877,loss=0.03599146381020546>
15.5275 seconds
Tested. Sparse categorical accuracy: 95.00

round  5, metrics=<sparse_categorical_accuracy=0.9893333315849304,loss=0.03596402704715729>
15.4814 seconds
Tested. Sparse categorical accuracy: 95.00

round  6, metrics=<sparse_categorical_accuracy=0.9902999997138977,loss=0.03533998504281044>
15.1664 seconds
Tested. Sparse categorical accuracy: 94.00

round  7, metrics=<sparse_categorical_accuracy=0.993233323097229,loss=0.024879824370145798>
15.4287 seconds
Tested. Sparse categorical accuracy: 100.00

Target accuracy reached after  7  rounds
Average time per round: 15.00

2020-05-02 01:18:52.289649
