
TENSORFLOW USERS:
You must use the python3.6-anaconda/5.2.0 module to run TensorFlow.
See https://arc-ts.umich.edu/greatlakes/software/tensorflow for more
information.



The following have been reloaded with a version change:
  1) cuda/10.0.130 => cuda/10.1.105


Currently Loaded Modules:
  1) python3.7-anaconda/2019.07   2) cudnn/10.0-v7.6   3) cuda/10.1.105

 

mkdir: cannot create directory ‘results/5842441’: File exists
mkdir: cannot create directory ‘results/5842441/log’: File exists
Test  199
2020-05-02 12:14:22.084780


Schema 1: Each client partially IID
--------------------------------------------------
percent data distributed IID:  60
number of classes for non-IID data:  2
data points per client (mean, std dev): ( 600 ,  0 )
--------------------------------------------------

round  1, metrics=<sparse_categorical_accuracy=0.30656665563583374,loss=1.985346794128418>
15.3054 seconds
Tested. Sparse categorical accuracy: 14.00

round  2, metrics=<sparse_categorical_accuracy=0.25173333287239075,loss=2.082895517349243>
15.0147 seconds
Tested. Sparse categorical accuracy: 9.00

round  3, metrics=<sparse_categorical_accuracy=0.2657666802406311,loss=2.078033447265625>
15.1543 seconds
Tested. Sparse categorical accuracy: 12.00

round  4, metrics=<sparse_categorical_accuracy=0.26393333077430725,loss=2.0673165321350098>
15.3559 seconds
Tested. Sparse categorical accuracy: 12.00

round  5, metrics=<sparse_categorical_accuracy=0.26286667585372925,loss=2.0823166370391846>
15.2578 seconds
Tested. Sparse categorical accuracy: 7.00

round  6, metrics=<sparse_categorical_accuracy=0.24896666407585144,loss=2.074397563934326>
15.3021 seconds
Tested. Sparse categorical accuracy: 6.00

round  7, metrics=<sparse_categorical_accuracy=0.24879999458789825,loss=2.0808238983154297>
15.1383 seconds
Tested. Sparse categorical accuracy: 10.00

round  8, metrics=<sparse_categorical_accuracy=0.24656666815280914,loss=2.076850175857544>
15.0006 seconds
Tested. Sparse categorical accuracy: 13.00

round  9, metrics=<sparse_categorical_accuracy=0.26420000195503235,loss=2.0625317096710205>
15.2471 seconds
Tested. Sparse categorical accuracy: 4.00

round 10, metrics=<sparse_categorical_accuracy=0.2570333480834961,loss=2.0739505290985107>
15.2395 seconds
Tested. Sparse categorical accuracy: 9.00

round 11, metrics=<sparse_categorical_accuracy=0.26163333654403687,loss=2.072924852371216>
15.0552 seconds
Tested. Sparse categorical accuracy: 8.00

round 12, metrics=<sparse_categorical_accuracy=0.23953333497047424,loss=2.0922513008117676>
15.1244 seconds
Tested. Sparse categorical accuracy: 10.00

round 13, metrics=<sparse_categorical_accuracy=0.2660333216190338,loss=2.0670833587646484>
15.2752 seconds
Tested. Sparse categorical accuracy: 11.00

round 14, metrics=<sparse_categorical_accuracy=0.27186667919158936,loss=2.0634727478027344>
15.1532 seconds
Tested. Sparse categorical accuracy: 12.00

round 15, metrics=<sparse_categorical_accuracy=0.25296667218208313,loss=2.071665048599243>
15.1243 seconds
Tested. Sparse categorical accuracy: 10.00

round 16, metrics=<sparse_categorical_accuracy=0.26733332872390747,loss=2.058698892593384>
14.9757 seconds
Tested. Sparse categorical accuracy: 9.00

round 17, metrics=<sparse_categorical_accuracy=0.2579333186149597,loss=2.0710718631744385>
15.2097 seconds
Tested. Sparse categorical accuracy: 6.00

round 18, metrics=<sparse_categorical_accuracy=0.2584666609764099,loss=2.0701136589050293>
15.2214 seconds
Tested. Sparse categorical accuracy: 11.00

round 19, metrics=<sparse_categorical_accuracy=0.2592666745185852,loss=2.074986696243286>
15.1896 seconds
Tested. Sparse categorical accuracy: 14.00

round 20, metrics=<sparse_categorical_accuracy=0.2567000091075897,loss=2.0553085803985596>
15.1285 seconds
Tested. Sparse categorical accuracy: 14.00

round 21, metrics=<sparse_categorical_accuracy=0.24503333866596222,loss=2.073148250579834>
15.1618 seconds
Tested. Sparse categorical accuracy: 11.00

round 22, metrics=<sparse_categorical_accuracy=0.2610333263874054,loss=2.0821049213409424>
15.1786 seconds
Tested. Sparse categorical accuracy: 10.00

round 23, metrics=<sparse_categorical_accuracy=0.25459998846054077,loss=2.0786397457122803>
14.8591 seconds
Tested. Sparse categorical accuracy: 10.00

round 24, metrics=<sparse_categorical_accuracy=0.24933333694934845,loss=2.068906784057617>
15.2075 seconds
Tested. Sparse categorical accuracy: 8.00

round 25, metrics=<sparse_categorical_accuracy=0.24529999494552612,loss=2.087820291519165>
15.3220 seconds
Tested. Sparse categorical accuracy: 9.00

round 26, metrics=<sparse_categorical_accuracy=0.2529333233833313,loss=2.071547508239746>
15.1739 seconds
Tested. Sparse categorical accuracy: 7.00

round 27, metrics=<sparse_categorical_accuracy=0.2445666640996933,loss=2.082634210586548>
15.0787 seconds
Tested. Sparse categorical accuracy: 12.00

round 28, metrics=<sparse_categorical_accuracy=0.26053333282470703,loss=2.075572967529297>
15.1210 seconds
Tested. Sparse categorical accuracy: 14.00

round 29, metrics=<sparse_categorical_accuracy=0.26429998874664307,loss=2.0632503032684326>
15.2560 seconds
Tested. Sparse categorical accuracy: 12.00

round 30, metrics=<sparse_categorical_accuracy=0.266733318567276,loss=2.0699048042297363>
15.1081 seconds
Tested. Sparse categorical accuracy: 9.00

round 31, metrics=<sparse_categorical_accuracy=0.26010000705718994,loss=2.0721335411071777>
15.2271 seconds
Tested. Sparse categorical accuracy: 12.00

round 32, metrics=<sparse_categorical_accuracy=0.25566667318344116,loss=2.088690996170044>
15.0125 seconds
Tested. Sparse categorical accuracy: 14.00

round 33, metrics=<sparse_categorical_accuracy=0.2625666558742523,loss=2.0689749717712402>
15.0901 seconds
Tested. Sparse categorical accuracy: 7.00

round 34, metrics=<sparse_categorical_accuracy=0.26196667551994324,loss=2.06939697265625>
15.1189 seconds
Tested. Sparse categorical accuracy: 6.00

round 35, metrics=<sparse_categorical_accuracy=0.2535666525363922,loss=2.0672645568847656>
15.1942 seconds
Tested. Sparse categorical accuracy: 4.00

round 36, metrics=<sparse_categorical_accuracy=0.259633332490921,loss=2.0581307411193848>
15.2851 seconds
Tested. Sparse categorical accuracy: 17.00

round 37, metrics=<sparse_categorical_accuracy=0.25253334641456604,loss=2.07259464263916>
15.0825 seconds
Tested. Sparse categorical accuracy: 10.00

round 38, metrics=<sparse_categorical_accuracy=0.24406667053699493,loss=2.072277545928955>
15.1856 seconds
Tested. Sparse categorical accuracy: 12.00

round 39, metrics=<sparse_categorical_accuracy=0.25396665930747986,loss=2.075546979904175>
15.0073 seconds
Tested. Sparse categorical accuracy: 9.00

round 40, metrics=<sparse_categorical_accuracy=0.25450000166893005,loss=2.0546867847442627>
15.1272 seconds
Tested. Sparse categorical accuracy: 13.00

round 41, metrics=<sparse_categorical_accuracy=0.2498999983072281,loss=2.0714221000671387>
15.3184 seconds
Tested. Sparse categorical accuracy: 15.00

round 42, metrics=<sparse_categorical_accuracy=0.26660001277923584,loss=2.0813727378845215>
15.4155 seconds
Tested. Sparse categorical accuracy: 13.00

round 43, metrics=<sparse_categorical_accuracy=0.25780001282691956,loss=2.077822685241699>
15.0012 seconds
Tested. Sparse categorical accuracy: 13.00

round 44, metrics=<sparse_categorical_accuracy=0.24583333730697632,loss=2.0694894790649414>
15.1894 seconds
Tested. Sparse categorical accuracy: 16.00

round 45, metrics=<sparse_categorical_accuracy=0.24416667222976685,loss=2.085379123687744>
15.2522 seconds
Tested. Sparse categorical accuracy: 9.00

round 46, metrics=<sparse_categorical_accuracy=0.2543666660785675,loss=2.069547176361084>
15.3554 seconds
Tested. Sparse categorical accuracy: 11.00

round 47, metrics=<sparse_categorical_accuracy=0.25049999356269836,loss=2.0822412967681885>
15.0185 seconds
Tested. Sparse categorical accuracy: 14.00

round 48, metrics=<sparse_categorical_accuracy=0.25833332538604736,loss=2.0732617378234863>
15.0566 seconds
Tested. Sparse categorical accuracy: 11.00

round 49, metrics=<sparse_categorical_accuracy=0.26703333854675293,loss=2.0634632110595703>
15.2841 seconds
Tested. Sparse categorical accuracy: 13.00

round 50, metrics=<sparse_categorical_accuracy=0.2585333287715912,loss=2.0711047649383545>
15.0591 seconds
Tested. Sparse categorical accuracy: 9.00

round 51, metrics=<sparse_categorical_accuracy=0.2515999972820282,loss=2.0735816955566406>
15.0940 seconds
Tested. Sparse categorical accuracy: 10.00

round 52, metrics=<sparse_categorical_accuracy=0.23766666650772095,loss=2.094768762588501>
15.2582 seconds
Tested. Sparse categorical accuracy: 10.00

round 53, metrics=<sparse_categorical_accuracy=0.27223333716392517,loss=2.066814422607422>
15.1764 seconds
Tested. Sparse categorical accuracy: 11.00

round 54, metrics=<sparse_categorical_accuracy=0.26330000162124634,loss=2.0672683715820312>
15.3431 seconds
Tested. Sparse categorical accuracy: 14.00

round 55, metrics=<sparse_categorical_accuracy=0.2616666555404663,loss=2.0656113624572754>
15.2201 seconds
Tested. Sparse categorical accuracy: 7.00

round 56, metrics=<sparse_categorical_accuracy=0.25850000977516174,loss=2.0626380443573>
15.0896 seconds
Tested. Sparse categorical accuracy: 8.00

round 57, metrics=<sparse_categorical_accuracy=0.2546333372592926,loss=2.0694100856781006>
15.3819 seconds
Tested. Sparse categorical accuracy: 11.00

round 58, metrics=<sparse_categorical_accuracy=0.2553333342075348,loss=2.0704345703125>
15.0810 seconds
Tested. Sparse categorical accuracy: 7.00

round 59, metrics=<sparse_categorical_accuracy=0.25306665897369385,loss=2.0740976333618164>
15.2742 seconds
Tested. Sparse categorical accuracy: 11.00

round 60, metrics=<sparse_categorical_accuracy=0.25723332166671753,loss=2.0535364151000977>
15.1487 seconds
Tested. Sparse categorical accuracy: 9.00

round 61, metrics=<sparse_categorical_accuracy=0.24676667153835297,loss=2.071599245071411>
15.2050 seconds
Tested. Sparse categorical accuracy: 11.00

round 62, metrics=<sparse_categorical_accuracy=0.2473333328962326,loss=2.0819623470306396>
15.2499 seconds
Tested. Sparse categorical accuracy: 13.00

round 63, metrics=<sparse_categorical_accuracy=0.249633327126503,loss=2.080374002456665>
15.0297 seconds
Tested. Sparse categorical accuracy: 8.00

round 64, metrics=<sparse_categorical_accuracy=0.2639000117778778,loss=2.065645217895508>
15.1012 seconds
Tested. Sparse categorical accuracy: 16.00

round 65, metrics=<sparse_categorical_accuracy=0.2565999925136566,loss=2.08491587638855>
14.7714 seconds
Tested. Sparse categorical accuracy: 12.00

round 66, metrics=<sparse_categorical_accuracy=0.2608333230018616,loss=2.0694124698638916>
15.0846 seconds
Tested. Sparse categorical accuracy: 7.00

round 67, metrics=<sparse_categorical_accuracy=0.2543666660785675,loss=2.078279972076416>
15.2719 seconds
Tested. Sparse categorical accuracy: 13.00

round 68, metrics=<sparse_categorical_accuracy=0.2525666654109955,loss=2.074286460876465>
15.1358 seconds
Tested. Sparse categorical accuracy: 12.00

round 69, metrics=<sparse_categorical_accuracy=0.25753334164619446,loss=2.064883232116699>
15.2677 seconds
Tested. Sparse categorical accuracy: 12.00

round 70, metrics=<sparse_categorical_accuracy=0.25949999690055847,loss=2.0716712474823>
15.3200 seconds
Tested. Sparse categorical accuracy: 14.00

round 71, metrics=<sparse_categorical_accuracy=0.25823333859443665,loss=2.071337938308716>
15.0982 seconds
Tested. Sparse categorical accuracy: 8.00

round 72, metrics=<sparse_categorical_accuracy=0.2504666745662689,loss=2.0913891792297363>
15.2224 seconds
Tested. Sparse categorical accuracy: 10.00

round 73, metrics=<sparse_categorical_accuracy=0.2561333477497101,loss=2.0695436000823975>
15.0092 seconds
Tested. Sparse categorical accuracy: 13.00

round 74, metrics=<sparse_categorical_accuracy=0.2530333399772644,loss=2.0692150592803955>
15.1679 seconds
Tested. Sparse categorical accuracy: 7.00

round 75, metrics=<sparse_categorical_accuracy=0.25593334436416626,loss=2.0691089630126953>
15.1591 seconds
Tested. Sparse categorical accuracy: 19.00

round 76, metrics=<sparse_categorical_accuracy=0.26116666197776794,loss=2.0607032775878906>
15.2310 seconds
Tested. Sparse categorical accuracy: 4.00

round 77, metrics=<sparse_categorical_accuracy=0.2524999976158142,loss=2.0740668773651123>
15.2584 seconds
Tested. Sparse categorical accuracy: 10.00

round 78, metrics=<sparse_categorical_accuracy=0.27096667885780334,loss=2.0681917667388916>
15.0153 seconds
Tested. Sparse categorical accuracy: 8.00

round 79, metrics=<sparse_categorical_accuracy=0.24320000410079956,loss=2.0779004096984863>
15.2717 seconds
Tested. Sparse categorical accuracy: 10.00

round 80, metrics=<sparse_categorical_accuracy=0.25353333353996277,loss=2.0537259578704834>
15.2458 seconds
Tested. Sparse categorical accuracy: 13.00

round 81, metrics=<sparse_categorical_accuracy=0.25913333892822266,loss=2.0713951587677>
15.1812 seconds
Tested. Sparse categorical accuracy: 12.00

round 82, metrics=<sparse_categorical_accuracy=0.24400000274181366,loss=2.0864439010620117>
15.2102 seconds
Tested. Sparse categorical accuracy: 19.00

round 83, metrics=<sparse_categorical_accuracy=0.24899999797344208,loss=2.0767860412597656>
14.9861 seconds
Tested. Sparse categorical accuracy: 4.00

round 84, metrics=<sparse_categorical_accuracy=0.2641333341598511,loss=2.0698468685150146>
15.3147 seconds
Tested. Sparse categorical accuracy: 9.00

round 85, metrics=<sparse_categorical_accuracy=0.24650000035762787,loss=2.0849075317382812>
15.4688 seconds
Tested. Sparse categorical accuracy: 11.00

round 86, metrics=<sparse_categorical_accuracy=0.25486665964126587,loss=2.0727379322052>
15.0086 seconds
Tested. Sparse categorical accuracy: 14.00

round 87, metrics=<sparse_categorical_accuracy=0.2476000040769577,loss=2.0796396732330322>
15.1847 seconds
Tested. Sparse categorical accuracy: 7.00

round 88, metrics=<sparse_categorical_accuracy=0.25163334608078003,loss=2.0732293128967285>
15.1907 seconds
Tested. Sparse categorical accuracy: 14.00

round 89, metrics=<sparse_categorical_accuracy=0.256933331489563,loss=2.064636707305908>
15.3304 seconds
Tested. Sparse categorical accuracy: 10.00

round 90, metrics=<sparse_categorical_accuracy=0.25956666469573975,loss=2.071807861328125>
15.0305 seconds
Tested. Sparse categorical accuracy: 6.00

round 91, metrics=<sparse_categorical_accuracy=0.25146666169166565,loss=2.0730650424957275>
15.1675 seconds
Tested. Sparse categorical accuracy: 12.00

round 92, metrics=<sparse_categorical_accuracy=0.25866666436195374,loss=2.090097427368164>
15.2756 seconds
Tested. Sparse categorical accuracy: 7.00

round 93, metrics=<sparse_categorical_accuracy=0.25583332777023315,loss=2.069901704788208>
15.1640 seconds
Tested. Sparse categorical accuracy: 12.00

round 94, metrics=<sparse_categorical_accuracy=0.27086666226387024,loss=2.0653791427612305>
15.0432 seconds
Tested. Sparse categorical accuracy: 9.00

round 95, metrics=<sparse_categorical_accuracy=0.24896666407585144,loss=2.068657875061035>
15.2238 seconds
Tested. Sparse categorical accuracy: 9.00

round 96, metrics=<sparse_categorical_accuracy=0.26946666836738586,loss=2.061293601989746>
15.1722 seconds
Tested. Sparse categorical accuracy: 8.00

round 97, metrics=<sparse_categorical_accuracy=0.2565999925136566,loss=2.071591854095459>
15.4310 seconds
Tested. Sparse categorical accuracy: 12.00

round 98, metrics=<sparse_categorical_accuracy=0.2650333344936371,loss=2.0683112144470215>
15.2489 seconds
Tested. Sparse categorical accuracy: 9.00

round 99, metrics=<sparse_categorical_accuracy=0.25333333015441895,loss=2.0760555267333984>
15.4636 seconds
Tested. Sparse categorical accuracy: 10.00

round 100, metrics=<sparse_categorical_accuracy=0.2563333213329315,loss=2.0560593605041504>
15.2920 seconds
Tested. Sparse categorical accuracy: 11.00

round 101, metrics=<sparse_categorical_accuracy=0.24476666748523712,loss=2.074253797531128>
15.2181 seconds
Tested. Sparse categorical accuracy: 10.00

round 102, metrics=<sparse_categorical_accuracy=0.263700008392334,loss=2.079463481903076>
15.2651 seconds
Tested. Sparse categorical accuracy: 8.00

round 103, metrics=<sparse_categorical_accuracy=0.2548333406448364,loss=2.0805392265319824>
15.2674 seconds
Tested. Sparse categorical accuracy: 11.00

round 104, metrics=<sparse_categorical_accuracy=0.266733318567276,loss=2.0688650608062744>
15.2520 seconds
Tested. Sparse categorical accuracy: 9.00

round 105, metrics=<sparse_categorical_accuracy=0.25236666202545166,loss=2.0847952365875244>
15.0970 seconds
Tested. Sparse categorical accuracy: 13.00

round 106, metrics=<sparse_categorical_accuracy=0.25546666979789734,loss=2.0730254650115967>
15.2822 seconds
Tested. Sparse categorical accuracy: 10.00

round 107, metrics=<sparse_categorical_accuracy=0.25600001215934753,loss=2.0813653469085693>
15.0790 seconds
Tested. Sparse categorical accuracy: 13.00

round 108, metrics=<sparse_categorical_accuracy=0.2606000006198883,loss=2.075105667114258>
15.2116 seconds
Tested. Sparse categorical accuracy: 10.00

round 109, metrics=<sparse_categorical_accuracy=0.26483333110809326,loss=2.0641767978668213>
15.6046 seconds
Tested. Sparse categorical accuracy: 12.00

round 110, metrics=<sparse_categorical_accuracy=0.26463332772254944,loss=2.0739834308624268>
15.4329 seconds
Tested. Sparse categorical accuracy: 10.00

round 111, metrics=<sparse_categorical_accuracy=0.2502666711807251,loss=2.0702857971191406>
15.5155 seconds
Tested. Sparse categorical accuracy: 12.00

round 112, metrics=<sparse_categorical_accuracy=0.25270000100135803,loss=2.08876895904541>
15.3807 seconds
Tested. Sparse categorical accuracy: 10.00

round 113, metrics=<sparse_categorical_accuracy=0.2572999894618988,loss=2.069690704345703>
15.4002 seconds
Tested. Sparse categorical accuracy: 10.00

round 114, metrics=<sparse_categorical_accuracy=0.25086668133735657,loss=2.070197582244873>
15.4216 seconds
Tested. Sparse categorical accuracy: 8.00

round 115, metrics=<sparse_categorical_accuracy=0.2569666802883148,loss=2.068934440612793>
15.4581 seconds
Tested. Sparse categorical accuracy: 8.00

round 116, metrics=<sparse_categorical_accuracy=0.25973331928253174,loss=2.058199644088745>
15.3801 seconds
Tested. Sparse categorical accuracy: 14.00

round 117, metrics=<sparse_categorical_accuracy=0.2605666518211365,loss=2.072105884552002>
15.3092 seconds
Tested. Sparse categorical accuracy: 8.00

round 118, metrics=<sparse_categorical_accuracy=0.26030001044273376,loss=2.0707902908325195>
15.3871 seconds
Tested. Sparse categorical accuracy: 6.00

round 119, metrics=<sparse_categorical_accuracy=0.2547999918460846,loss=2.075532913208008>
15.5621 seconds
Tested. Sparse categorical accuracy: 6.00

round 120, metrics=<sparse_categorical_accuracy=0.2538333237171173,loss=2.0535168647766113>
15.3500 seconds
Tested. Sparse categorical accuracy: 15.00

round 121, metrics=<sparse_categorical_accuracy=0.2547999918460846,loss=2.0718114376068115>
15.4074 seconds
Tested. Sparse categorical accuracy: 10.00

round 122, metrics=<sparse_categorical_accuracy=0.2567000091075897,loss=2.083911418914795>
15.1625 seconds
Tested. Sparse categorical accuracy: 11.00

round 123, metrics=<sparse_categorical_accuracy=0.2599000036716461,loss=2.077039957046509>
15.4186 seconds
Tested. Sparse categorical accuracy: 14.00

round 124, metrics=<sparse_categorical_accuracy=0.2615000009536743,loss=2.0686800479888916>
15.2597 seconds
Tested. Sparse categorical accuracy: 10.00

round 125, metrics=<sparse_categorical_accuracy=0.2515999972820282,loss=2.0870285034179688>
15.3029 seconds
Tested. Sparse categorical accuracy: 8.00

round 126, metrics=<sparse_categorical_accuracy=0.2546333372592926,loss=2.0738329887390137>
15.3248 seconds
Tested. Sparse categorical accuracy: 7.00

round 127, metrics=<sparse_categorical_accuracy=0.2480333298444748,loss=2.0820658206939697>
15.2908 seconds
Tested. Sparse categorical accuracy: 8.00

round 128, metrics=<sparse_categorical_accuracy=0.2615000009536743,loss=2.0735082626342773>
15.4825 seconds
Tested. Sparse categorical accuracy: 9.00

round 129, metrics=<sparse_categorical_accuracy=0.2554333209991455,loss=2.0639851093292236>
15.5723 seconds
Tested. Sparse categorical accuracy: 10.00

round 130, metrics=<sparse_categorical_accuracy=0.25173333287239075,loss=2.0739166736602783>
15.5428 seconds
Tested. Sparse categorical accuracy: 9.00

round 131, metrics=<sparse_categorical_accuracy=0.24966666102409363,loss=2.074664831161499>
14.9447 seconds
Tested. Sparse categorical accuracy: 15.00

round 132, metrics=<sparse_categorical_accuracy=0.25429999828338623,loss=2.0875680446624756>
15.4157 seconds
Tested. Sparse categorical accuracy: 10.00

round 133, metrics=<sparse_categorical_accuracy=0.26030001044273376,loss=2.0679447650909424>
15.3581 seconds
Tested. Sparse categorical accuracy: 8.00

round 134, metrics=<sparse_categorical_accuracy=0.2687666714191437,loss=2.064138174057007>
15.6167 seconds
Tested. Sparse categorical accuracy: 10.00

round 135, metrics=<sparse_categorical_accuracy=0.26473334431648254,loss=2.066263437271118>
15.4708 seconds
Tested. Sparse categorical accuracy: 8.00

round 136, metrics=<sparse_categorical_accuracy=0.26626667380332947,loss=2.0585379600524902>
15.2951 seconds
Tested. Sparse categorical accuracy: 13.00

round 137, metrics=<sparse_categorical_accuracy=0.24500000476837158,loss=2.0712666511535645>
15.2760 seconds
Tested. Sparse categorical accuracy: 9.00

round 138, metrics=<sparse_categorical_accuracy=0.25573334097862244,loss=2.070283889770508>
15.3245 seconds
Tested. Sparse categorical accuracy: 10.00

round 139, metrics=<sparse_categorical_accuracy=0.260699987411499,loss=2.072538137435913>
15.5819 seconds
Tested. Sparse categorical accuracy: 5.00

round 140, metrics=<sparse_categorical_accuracy=0.2610333263874054,loss=2.0534121990203857>
15.2060 seconds
Tested. Sparse categorical accuracy: 13.00

round 141, metrics=<sparse_categorical_accuracy=0.2537333369255066,loss=2.0723650455474854>
15.2752 seconds
Tested. Sparse categorical accuracy: 8.00

round 142, metrics=<sparse_categorical_accuracy=0.2574999928474426,loss=2.083773136138916>
15.3567 seconds
Tested. Sparse categorical accuracy: 11.00

round 143, metrics=<sparse_categorical_accuracy=0.2563333213329315,loss=2.07995343208313>
15.5594 seconds
Tested. Sparse categorical accuracy: 12.00

round 144, metrics=<sparse_categorical_accuracy=0.26003333926200867,loss=2.0680832862854004>
15.3019 seconds
Tested. Sparse categorical accuracy: 10.00

round 145, metrics=<sparse_categorical_accuracy=0.24959999322891235,loss=2.0872139930725098>
15.5500 seconds
Tested. Sparse categorical accuracy: 10.00

round 146, metrics=<sparse_categorical_accuracy=0.2489333301782608,loss=2.072587251663208>
15.4513 seconds
Tested. Sparse categorical accuracy: 9.00

round 147, metrics=<sparse_categorical_accuracy=0.2489333301782608,loss=2.0803613662719727>
15.5340 seconds
Tested. Sparse categorical accuracy: 11.00

round 148, metrics=<sparse_categorical_accuracy=0.25726667046546936,loss=2.074004888534546>
15.6913 seconds
Tested. Sparse categorical accuracy: 13.00

round 149, metrics=<sparse_categorical_accuracy=0.2574000060558319,loss=2.0630462169647217>
15.4024 seconds
Tested. Sparse categorical accuracy: 15.00

round 150, metrics=<sparse_categorical_accuracy=0.26436665654182434,loss=2.071518659591675>
15.1168 seconds
Tested. Sparse categorical accuracy: 13.00

round 151, metrics=<sparse_categorical_accuracy=0.2587999999523163,loss=2.0728678703308105>
15.5914 seconds
Tested. Sparse categorical accuracy: 12.00

round 152, metrics=<sparse_categorical_accuracy=0.25306665897369385,loss=2.088284492492676>
15.3262 seconds
Tested. Sparse categorical accuracy: 11.00

round 153, metrics=<sparse_categorical_accuracy=0.257833331823349,loss=2.069214344024658>
15.4130 seconds
Tested. Sparse categorical accuracy: 7.00

round 154, metrics=<sparse_categorical_accuracy=0.26170000433921814,loss=2.0644118785858154>
15.5550 seconds
Tested. Sparse categorical accuracy: 11.00

round 155, metrics=<sparse_categorical_accuracy=0.26109999418258667,loss=2.066643476486206>
15.3671 seconds
Tested. Sparse categorical accuracy: 6.00

round 156, metrics=<sparse_categorical_accuracy=0.2536666691303253,loss=2.062657356262207>
15.5635 seconds
Tested. Sparse categorical accuracy: 12.00

round 157, metrics=<sparse_categorical_accuracy=0.25683334469795227,loss=2.070542335510254>
15.2392 seconds
Tested. Sparse categorical accuracy: 11.00

round 158, metrics=<sparse_categorical_accuracy=0.2436666637659073,loss=2.0726864337921143>
15.4116 seconds
Tested. Sparse categorical accuracy: 7.00

round 159, metrics=<sparse_categorical_accuracy=0.250733345746994,loss=2.0761828422546387>
15.1015 seconds
Tested. Sparse categorical accuracy: 10.00

round 160, metrics=<sparse_categorical_accuracy=0.2618333399295807,loss=2.05252742767334>
15.2128 seconds
Tested. Sparse categorical accuracy: 8.00

round 161, metrics=<sparse_categorical_accuracy=0.25173333287239075,loss=2.071333885192871>
15.6077 seconds
Tested. Sparse categorical accuracy: 10.00

round 162, metrics=<sparse_categorical_accuracy=0.2502000033855438,loss=2.08333420753479>
15.4407 seconds
Tested. Sparse categorical accuracy: 11.00

round 163, metrics=<sparse_categorical_accuracy=0.23899999260902405,loss=2.080306053161621>
15.7278 seconds
Tested. Sparse categorical accuracy: 10.00

round 164, metrics=<sparse_categorical_accuracy=0.2565666735172272,loss=2.070614814758301>
15.4509 seconds
Tested. Sparse categorical accuracy: 14.00

round 165, metrics=<sparse_categorical_accuracy=0.25013333559036255,loss=2.0860352516174316>
15.3918 seconds
Tested. Sparse categorical accuracy: 10.00

round 166, metrics=<sparse_categorical_accuracy=0.25583332777023315,loss=2.072571277618408>
15.2834 seconds
Tested. Sparse categorical accuracy: 14.00

round 167, metrics=<sparse_categorical_accuracy=0.2511666715145111,loss=2.079437494277954>
15.1141 seconds
Tested. Sparse categorical accuracy: 13.00

round 168, metrics=<sparse_categorical_accuracy=0.250166654586792,loss=2.0736751556396484>
15.4159 seconds
Tested. Sparse categorical accuracy: 11.00

round 169, metrics=<sparse_categorical_accuracy=0.26969999074935913,loss=2.061450242996216>
15.3658 seconds
Tested. Sparse categorical accuracy: 9.00

round 170, metrics=<sparse_categorical_accuracy=0.24869999289512634,loss=2.07399845123291>
15.2179 seconds
Tested. Sparse categorical accuracy: 7.00

round 171, metrics=<sparse_categorical_accuracy=0.2655999958515167,loss=2.0734121799468994>
15.2717 seconds
Tested. Sparse categorical accuracy: 12.00

round 172, metrics=<sparse_categorical_accuracy=0.2504333257675171,loss=2.0900094509124756>
15.3707 seconds
Tested. Sparse categorical accuracy: 3.00

round 173, metrics=<sparse_categorical_accuracy=0.2592333257198334,loss=2.067833185195923>
15.3327 seconds
Tested. Sparse categorical accuracy: 10.00

round 174, metrics=<sparse_categorical_accuracy=0.26109999418258667,loss=2.0678560733795166>
15.1512 seconds
Tested. Sparse categorical accuracy: 14.00

round 175, metrics=<sparse_categorical_accuracy=0.26046666502952576,loss=2.066991090774536>
15.5211 seconds
Tested. Sparse categorical accuracy: 10.00

round 176, metrics=<sparse_categorical_accuracy=0.2599666714668274,loss=2.0602989196777344>
15.2494 seconds
Tested. Sparse categorical accuracy: 12.00

round 177, metrics=<sparse_categorical_accuracy=0.25049999356269836,loss=2.0719659328460693>
15.6512 seconds
Tested. Sparse categorical accuracy: 3.00

round 178, metrics=<sparse_categorical_accuracy=0.24690000712871552,loss=2.0737485885620117>
15.4751 seconds
Tested. Sparse categorical accuracy: 9.00

round 179, metrics=<sparse_categorical_accuracy=0.2505333423614502,loss=2.075277090072632>
15.2327 seconds
Tested. Sparse categorical accuracy: 12.00

round 180, metrics=<sparse_categorical_accuracy=0.2590999901294708,loss=2.0540244579315186>
15.4397 seconds
Tested. Sparse categorical accuracy: 14.00

round 181, metrics=<sparse_categorical_accuracy=0.2617333233356476,loss=2.069627046585083>
15.4393 seconds
Tested. Sparse categorical accuracy: 9.00

round 182, metrics=<sparse_categorical_accuracy=0.2599666714668274,loss=2.0803749561309814>
15.5239 seconds
Tested. Sparse categorical accuracy: 5.00

round 183, metrics=<sparse_categorical_accuracy=0.2538999915122986,loss=2.0806896686553955>
15.4179 seconds
Tested. Sparse categorical accuracy: 8.00

round 184, metrics=<sparse_categorical_accuracy=0.2544333338737488,loss=2.0699570178985596>
15.3950 seconds
Tested. Sparse categorical accuracy: 12.00

round 185, metrics=<sparse_categorical_accuracy=0.24823333323001862,loss=2.0859880447387695>
15.4587 seconds
Tested. Sparse categorical accuracy: 12.00

round 186, metrics=<sparse_categorical_accuracy=0.25286665558815,loss=2.071352243423462>
15.5324 seconds
Tested. Sparse categorical accuracy: 4.00

round 187, metrics=<sparse_categorical_accuracy=0.2619999945163727,loss=2.0802395343780518>
15.2571 seconds
Tested. Sparse categorical accuracy: 14.00

round 188, metrics=<sparse_categorical_accuracy=0.25253334641456604,loss=2.075803756713867>
15.4766 seconds
Tested. Sparse categorical accuracy: 12.00

round 189, metrics=<sparse_categorical_accuracy=0.2625333368778229,loss=2.0619192123413086>
15.3125 seconds
Tested. Sparse categorical accuracy: 8.00

round 190, metrics=<sparse_categorical_accuracy=0.2556000053882599,loss=2.0714147090911865>
15.0575 seconds
Tested. Sparse categorical accuracy: 9.00

round 191, metrics=<sparse_categorical_accuracy=0.24673333764076233,loss=2.072695016860962>
15.1281 seconds
Tested. Sparse categorical accuracy: 11.00

round 192, metrics=<sparse_categorical_accuracy=0.2526666522026062,loss=2.0903594493865967>
15.1496 seconds
Tested. Sparse categorical accuracy: 6.00

round 193, metrics=<sparse_categorical_accuracy=0.2671000063419342,loss=2.068934917449951>
15.4422 seconds
Tested. Sparse categorical accuracy: 6.00

round 194, metrics=<sparse_categorical_accuracy=0.2484000027179718,loss=2.070740222930908>
15.3718 seconds
Tested. Sparse categorical accuracy: 12.00

round 195, metrics=<sparse_categorical_accuracy=0.2483000010251999,loss=2.070127487182617>
15.5911 seconds
Tested. Sparse categorical accuracy: 9.00

round 196, metrics=<sparse_categorical_accuracy=0.25333333015441895,loss=2.065006971359253>
15.6084 seconds
Tested. Sparse categorical accuracy: 12.00

round 197, metrics=<sparse_categorical_accuracy=0.25386667251586914,loss=2.0737876892089844>
15.4845 seconds
Tested. Sparse categorical accuracy: 9.00

round 198, metrics=<sparse_categorical_accuracy=0.26153331995010376,loss=2.069038152694702>
15.3226 seconds
Tested. Sparse categorical accuracy: 11.00

round 199, metrics=<sparse_categorical_accuracy=0.26063331961631775,loss=2.072516441345215>
15.3451 seconds
Tested. Sparse categorical accuracy: 7.00

round 200, metrics=<sparse_categorical_accuracy=0.25806665420532227,loss=2.0561928749084473>
15.2629 seconds
Tested. Sparse categorical accuracy: 12.00

Target accuracy reached after  200  rounds
Average time per round: 15.00

2020-05-02 13:05:43.572745
