
TENSORFLOW USERS:
You must use the python3.6-anaconda/5.2.0 module to run TensorFlow.
See https://arc-ts.umich.edu/greatlakes/software/tensorflow for more
information.



The following have been reloaded with a version change:
  1) cuda/10.0.130 => cuda/10.1.105


Currently Loaded Modules:
  1) python3.7-anaconda/2019.07   2) cudnn/10.0-v7.6   3) cuda/10.1.105

 

mkdir: cannot create directory ‘results/5842441’: File exists
mkdir: cannot create directory ‘results/5842441/log’: File exists
Test  14
2020-05-01 04:14:00.611475


Schema 1: Each client partially IID
--------------------------------------------------
percent data distributed IID:  40
number of classes for non-IID data:  2
data points per client (mean, std dev): ( 600 ,  0 )
--------------------------------------------------

round  1, metrics=<sparse_categorical_accuracy=0.5109166502952576,loss=1.3752554655075073>
32.0603 seconds
Tested. Sparse categorical accuracy: 8.00

round  2, metrics=<sparse_categorical_accuracy=0.7542999982833862,loss=0.7489365935325623>
30.9868 seconds
Tested. Sparse categorical accuracy: 44.00

round  3, metrics=<sparse_categorical_accuracy=0.9329166412353516,loss=0.22901751101016998>
30.3699 seconds
Tested. Sparse categorical accuracy: 92.00

round  4, metrics=<sparse_categorical_accuracy=0.98785001039505,loss=0.04245957359671593>
28.5687 seconds
Tested. Sparse categorical accuracy: 95.00

round  5, metrics=<sparse_categorical_accuracy=0.9537833333015442,loss=0.14341872930526733>
28.3788 seconds
Tested. Sparse categorical accuracy: 92.00

round  6, metrics=<sparse_categorical_accuracy=0.9890499711036682,loss=0.03792679309844971>
27.7480 seconds
Tested. Sparse categorical accuracy: 97.00

round  7, metrics=<sparse_categorical_accuracy=0.9919666647911072,loss=0.030309541150927544>
28.0476 seconds
Tested. Sparse categorical accuracy: 99.00

Target accuracy reached after  7  rounds
Average time per round: 29.00

2020-05-01 04:17:35.730865
