
TENSORFLOW USERS:
You must use the python3.6-anaconda/5.2.0 module to run TensorFlow.
See https://arc-ts.umich.edu/greatlakes/software/tensorflow for more
information.



The following have been reloaded with a version change:
  1) cuda/10.0.130 => cuda/10.1.105


Currently Loaded Modules:
  1) python3.7-anaconda/2019.07   2) cudnn/10.0-v7.6   3) cuda/10.1.105

 

mkdir: cannot create directory ‘results/5842441’: File exists
mkdir: cannot create directory ‘results/5842441/log’: File exists
Test  266
2020-05-03 03:56:00.255100


Schema 1: Each client partially IID
--------------------------------------------------
percent data distributed IID:  40
number of classes for non-IID data:  2
data points per client (mean, std dev): ( 600 ,  0 )
--------------------------------------------------

round  1, metrics=<sparse_categorical_accuracy=0.4812166690826416,loss=1.4721068143844604>
30.4118 seconds
Tested. Sparse categorical accuracy: 11.00

round  2, metrics=<sparse_categorical_accuracy=0.7641333341598511,loss=0.7126811742782593>
29.5765 seconds
Tested. Sparse categorical accuracy: 84.00

round  3, metrics=<sparse_categorical_accuracy=0.876883327960968,loss=0.37403035163879395>
29.8452 seconds
Tested. Sparse categorical accuracy: 79.00

round  4, metrics=<sparse_categorical_accuracy=0.9752166867256165,loss=0.0855066180229187>
30.1989 seconds
Tested. Sparse categorical accuracy: 96.00

round  5, metrics=<sparse_categorical_accuracy=0.9792333245277405,loss=0.07511001825332642>
30.2216 seconds
Tested. Sparse categorical accuracy: 96.00

round  6, metrics=<sparse_categorical_accuracy=0.9914500117301941,loss=0.02877912111580372>
30.4500 seconds
Tested. Sparse categorical accuracy: 99.00

Target accuracy reached after  6  rounds
Average time per round: 30.00

2020-05-03 03:59:10.611276
