
TENSORFLOW USERS:
You must use the python3.6-anaconda/5.2.0 module to run TensorFlow.
See https://arc-ts.umich.edu/greatlakes/software/tensorflow for more
information.



The following have been reloaded with a version change:
  1) cuda/10.0.130 => cuda/10.1.105


Currently Loaded Modules:
  1) python3.7-anaconda/2019.07   2) cudnn/10.0-v7.6   3) cuda/10.1.105

 

mkdir: cannot create directory ‘results/5842441’: File exists
mkdir: cannot create directory ‘results/5842441/log’: File exists
Test  109
2020-05-01 20:30:42.744495


Schema 1: Each client partially IID
--------------------------------------------------
percent data distributed IID:  0
number of classes for non-IID data:  2
data points per client (mean, std dev): ( 600 ,  0 )
--------------------------------------------------

round  1, metrics=<sparse_categorical_accuracy=0.996666669845581,loss=0.02444579266011715>
10.1552 seconds
Tested. Sparse categorical accuracy: 13.00

round  2, metrics=<sparse_categorical_accuracy=0.9973333477973938,loss=0.017364375293254852>
10.0851 seconds
Tested. Sparse categorical accuracy: 6.00

round  3, metrics=<sparse_categorical_accuracy=0.996666669845581,loss=0.05517943575978279>
9.7921 seconds
Tested. Sparse categorical accuracy: 11.00

round  4, metrics=<sparse_categorical_accuracy=0.996399998664856,loss=0.016361340880393982>
9.8177 seconds
Tested. Sparse categorical accuracy: 16.00

round  5, metrics=<sparse_categorical_accuracy=0.9973333477973938,loss=0.011234481818974018>
9.9426 seconds
Tested. Sparse categorical accuracy: 13.00

round  6, metrics=<sparse_categorical_accuracy=0.9973333477973938,loss=0.01151986699551344>
9.3435 seconds
Tested. Sparse categorical accuracy: 10.00

round  7, metrics=<sparse_categorical_accuracy=0.996066689491272,loss=0.01915617473423481>
9.5085 seconds
Tested. Sparse categorical accuracy: 9.00

round  8, metrics=<sparse_categorical_accuracy=0.996666669845581,loss=0.01662083901464939>
9.8041 seconds
Tested. Sparse categorical accuracy: 10.00

round  9, metrics=<sparse_categorical_accuracy=0.9973333477973938,loss=0.01778641901910305>
9.8202 seconds
Tested. Sparse categorical accuracy: 16.00

round 10, metrics=<sparse_categorical_accuracy=0.996666669845581,loss=0.016734281554818153>
9.6979 seconds
Tested. Sparse categorical accuracy: 22.00

round 11, metrics=<sparse_categorical_accuracy=0.996666669845581,loss=0.01804283633828163>
9.7342 seconds
Tested. Sparse categorical accuracy: 7.00

round 12, metrics=<sparse_categorical_accuracy=0.996666669845581,loss=0.017176466062664986>
9.5920 seconds
Tested. Sparse categorical accuracy: 11.00

round 13, metrics=<sparse_categorical_accuracy=0.996666669845581,loss=0.010500005446374416>
9.7538 seconds
Tested. Sparse categorical accuracy: 13.00

round 14, metrics=<sparse_categorical_accuracy=0.9973333477973938,loss=0.014108577743172646>
9.5764 seconds
Tested. Sparse categorical accuracy: 12.00

round 15, metrics=<sparse_categorical_accuracy=0.9980000257492065,loss=0.005028091371059418>
9.5529 seconds
Tested. Sparse categorical accuracy: 11.00

round 16, metrics=<sparse_categorical_accuracy=0.9980000257492065,loss=0.009312644600868225>
9.8811 seconds
Tested. Sparse categorical accuracy: 9.00

round 17, metrics=<sparse_categorical_accuracy=0.996666669845581,loss=0.018610233440995216>
9.8232 seconds
Tested. Sparse categorical accuracy: 11.00

round 18, metrics=<sparse_categorical_accuracy=0.9973333477973938,loss=0.011765958741307259>
9.3734 seconds
Tested. Sparse categorical accuracy: 8.00

round 19, metrics=<sparse_categorical_accuracy=0.996666669845581,loss=0.009810419753193855>
9.2682 seconds
Tested. Sparse categorical accuracy: 12.00

round 20, metrics=<sparse_categorical_accuracy=0.996666669845581,loss=0.00937129557132721>
9.6790 seconds
Tested. Sparse categorical accuracy: 9.00

round 21, metrics=<sparse_categorical_accuracy=0.996666669845581,loss=0.012158473953604698>
9.8233 seconds
Tested. Sparse categorical accuracy: 9.00

round 22, metrics=<sparse_categorical_accuracy=0.9973333477973938,loss=0.01399936992675066>
9.7702 seconds
Tested. Sparse categorical accuracy: 9.00

round 23, metrics=<sparse_categorical_accuracy=0.9973333477973938,loss=0.013004332780838013>
9.8896 seconds
Tested. Sparse categorical accuracy: 24.00

round 24, metrics=<sparse_categorical_accuracy=0.996666669845581,loss=0.016793379560112953>
9.6578 seconds
Tested. Sparse categorical accuracy: 11.00

round 25, metrics=<sparse_categorical_accuracy=0.9973333477973938,loss=0.010997559875249863>
9.5118 seconds
Tested. Sparse categorical accuracy: 12.00

round 26, metrics=<sparse_categorical_accuracy=0.9973333477973938,loss=0.008620202541351318>
9.6521 seconds
Tested. Sparse categorical accuracy: 9.00

round 27, metrics=<sparse_categorical_accuracy=0.996666669845581,loss=0.016460686922073364>
9.7515 seconds
Tested. Sparse categorical accuracy: 13.00

round 28, metrics=<sparse_categorical_accuracy=0.996666669845581,loss=0.023081529885530472>
9.7211 seconds
Tested. Sparse categorical accuracy: 14.00

round 29, metrics=<sparse_categorical_accuracy=0.996666669845581,loss=0.013965384103357792>
9.8743 seconds
Tested. Sparse categorical accuracy: 8.00

round 30, metrics=<sparse_categorical_accuracy=0.996666669845581,loss=0.015393395908176899>
9.8990 seconds
Tested. Sparse categorical accuracy: 16.00

round 31, metrics=<sparse_categorical_accuracy=0.996666669845581,loss=0.016880040988326073>
9.3061 seconds
Tested. Sparse categorical accuracy: 10.00

round 32, metrics=<sparse_categorical_accuracy=0.996666669845581,loss=0.01737581565976143>
9.7503 seconds
Tested. Sparse categorical accuracy: 9.00

round 33, metrics=<sparse_categorical_accuracy=0.996666669845581,loss=0.009824421256780624>
9.8946 seconds
Tested. Sparse categorical accuracy: 10.00

round 34, metrics=<sparse_categorical_accuracy=0.9973333477973938,loss=0.013887382112443447>
10.0118 seconds
Tested. Sparse categorical accuracy: 9.00

round 35, metrics=<sparse_categorical_accuracy=0.9980000257492065,loss=0.00509643042460084>
9.6430 seconds
Tested. Sparse categorical accuracy: 16.00

round 36, metrics=<sparse_categorical_accuracy=0.9980000257492065,loss=0.009416254237294197>
9.8989 seconds
Tested. Sparse categorical accuracy: 11.00

round 37, metrics=<sparse_categorical_accuracy=0.996666669845581,loss=0.01806507632136345>
9.6203 seconds
Tested. Sparse categorical accuracy: 11.00

round 38, metrics=<sparse_categorical_accuracy=0.9973333477973938,loss=0.011829295195639133>
9.6260 seconds
Tested. Sparse categorical accuracy: 7.00

round 39, metrics=<sparse_categorical_accuracy=0.996666669845581,loss=0.009807657450437546>
10.2538 seconds
Tested. Sparse categorical accuracy: 10.00

round 40, metrics=<sparse_categorical_accuracy=0.996666669845581,loss=0.009348015300929546>
9.6678 seconds
Tested. Sparse categorical accuracy: 22.00

round 41, metrics=<sparse_categorical_accuracy=0.9973333477973938,loss=0.011993284337222576>
9.8755 seconds
Tested. Sparse categorical accuracy: 10.00

round 42, metrics=<sparse_categorical_accuracy=0.9973333477973938,loss=0.013487924821674824>
9.8385 seconds
Tested. Sparse categorical accuracy: 13.00

round 43, metrics=<sparse_categorical_accuracy=0.9973333477973938,loss=0.012505613267421722>
9.5565 seconds
Tested. Sparse categorical accuracy: 17.00

round 44, metrics=<sparse_categorical_accuracy=0.996666669845581,loss=0.016753435134887695>
9.4868 seconds
Tested. Sparse categorical accuracy: 24.00

round 45, metrics=<sparse_categorical_accuracy=0.9976000189781189,loss=0.010924376547336578>
9.7142 seconds
Tested. Sparse categorical accuracy: 9.00

round 46, metrics=<sparse_categorical_accuracy=0.9973333477973938,loss=0.008488629944622517>
10.2590 seconds
Tested. Sparse categorical accuracy: 10.00

round 47, metrics=<sparse_categorical_accuracy=0.996666669845581,loss=0.016326813027262688>
9.6682 seconds
Tested. Sparse categorical accuracy: 17.00

round 48, metrics=<sparse_categorical_accuracy=0.996666669845581,loss=0.02310914173722267>
9.7742 seconds
Tested. Sparse categorical accuracy: 15.00

round 49, metrics=<sparse_categorical_accuracy=0.996666669845581,loss=0.013350098393857479>
9.6311 seconds
Tested. Sparse categorical accuracy: 18.00

round 50, metrics=<sparse_categorical_accuracy=0.996666669845581,loss=0.01484781876206398>
9.7788 seconds
Tested. Sparse categorical accuracy: 10.00

round 51, metrics=<sparse_categorical_accuracy=0.996666669845581,loss=0.016149163246154785>
9.6647 seconds
Tested. Sparse categorical accuracy: 9.00

round 52, metrics=<sparse_categorical_accuracy=0.996666669845581,loss=0.016708094626665115>
9.5697 seconds
Tested. Sparse categorical accuracy: 6.00

round 53, metrics=<sparse_categorical_accuracy=0.996666669845581,loss=0.009130866266787052>
9.8225 seconds
Tested. Sparse categorical accuracy: 11.00

round 54, metrics=<sparse_categorical_accuracy=0.9973333477973938,loss=0.013210284523665905>
9.6178 seconds
Tested. Sparse categorical accuracy: 6.00

round 55, metrics=<sparse_categorical_accuracy=0.9980000257492065,loss=0.004759172443300486>
9.8323 seconds
Tested. Sparse categorical accuracy: 16.00

round 56, metrics=<sparse_categorical_accuracy=0.9980000257492065,loss=0.009207086637616158>
9.4889 seconds
Tested. Sparse categorical accuracy: 17.00

round 57, metrics=<sparse_categorical_accuracy=0.996666669845581,loss=0.017005251720547676>
9.2920 seconds
Tested. Sparse categorical accuracy: 8.00

round 58, metrics=<sparse_categorical_accuracy=0.9973333477973938,loss=0.011320080608129501>
9.8770 seconds
Tested. Sparse categorical accuracy: 13.00

round 59, metrics=<sparse_categorical_accuracy=0.996666669845581,loss=0.009512720629572868>
9.8312 seconds
Tested. Sparse categorical accuracy: 18.00

round 60, metrics=<sparse_categorical_accuracy=0.9968666434288025,loss=0.008932025171816349>
9.5809 seconds
Tested. Sparse categorical accuracy: 17.00

round 61, metrics=<sparse_categorical_accuracy=0.9973333477973938,loss=0.011249843053519726>
9.7734 seconds
Tested. Sparse categorical accuracy: 15.00

round 62, metrics=<sparse_categorical_accuracy=0.9973333477973938,loss=0.012775667943060398>
9.7129 seconds
Tested. Sparse categorical accuracy: 5.00

round 63, metrics=<sparse_categorical_accuracy=0.9973333477973938,loss=0.011625970713794231>
9.6572 seconds
Tested. Sparse categorical accuracy: 15.00

round 64, metrics=<sparse_categorical_accuracy=0.996666669845581,loss=0.015040659345686436>
9.8858 seconds
Tested. Sparse categorical accuracy: 33.00

round 65, metrics=<sparse_categorical_accuracy=0.997866690158844,loss=0.010186413303017616>
9.7247 seconds
Tested. Sparse categorical accuracy: 13.00

round 66, metrics=<sparse_categorical_accuracy=0.9973333477973938,loss=0.007463494781404734>
9.8211 seconds
Tested. Sparse categorical accuracy: 12.00

round 67, metrics=<sparse_categorical_accuracy=0.996666669845581,loss=0.014685221016407013>
9.7755 seconds
Tested. Sparse categorical accuracy: 11.00

round 68, metrics=<sparse_categorical_accuracy=0.9965999722480774,loss=0.02175167202949524>
10.0375 seconds
Tested. Sparse categorical accuracy: 23.00

round 69, metrics=<sparse_categorical_accuracy=0.9968666434288025,loss=0.011265676468610764>
8.8256 seconds
Tested. Sparse categorical accuracy: 10.00

round 70, metrics=<sparse_categorical_accuracy=0.996666669845581,loss=0.01174424309283495>
9.6348 seconds
Tested. Sparse categorical accuracy: 19.00

round 71, metrics=<sparse_categorical_accuracy=0.996666669845581,loss=0.012129661627113819>
9.6891 seconds
Tested. Sparse categorical accuracy: 9.00

round 72, metrics=<sparse_categorical_accuracy=0.996666669845581,loss=0.012492203153669834>
10.0134 seconds
Tested. Sparse categorical accuracy: 28.00

round 73, metrics=<sparse_categorical_accuracy=0.9983999729156494,loss=0.005633594933897257>
9.4160 seconds
Tested. Sparse categorical accuracy: 24.00

round 74, metrics=<sparse_categorical_accuracy=0.9979333281517029,loss=0.007704206742346287>
9.7122 seconds
Tested. Sparse categorical accuracy: 20.00

round 75, metrics=<sparse_categorical_accuracy=0.9990666508674622,loss=0.002721070544794202>
9.9160 seconds
Tested. Sparse categorical accuracy: 11.00

round 76, metrics=<sparse_categorical_accuracy=0.9980000257492065,loss=0.009320433251559734>
9.6586 seconds
Tested. Sparse categorical accuracy: 21.00

round 77, metrics=<sparse_categorical_accuracy=0.996666669845581,loss=0.013503779657185078>
9.7802 seconds
Tested. Sparse categorical accuracy: 15.00

round 78, metrics=<sparse_categorical_accuracy=0.9977333545684814,loss=0.00808030180633068>
9.4875 seconds
Tested. Sparse categorical accuracy: 33.00

round 79, metrics=<sparse_categorical_accuracy=0.9977999925613403,loss=0.005432737059891224>
10.1114 seconds
Tested. Sparse categorical accuracy: 37.00

round 80, metrics=<sparse_categorical_accuracy=0.9986000061035156,loss=0.005432419013231993>
10.1048 seconds
Tested. Sparse categorical accuracy: 45.00

round 81, metrics=<sparse_categorical_accuracy=0.9989333152770996,loss=0.003806023159995675>
9.5534 seconds
Tested. Sparse categorical accuracy: 29.00

round 82, metrics=<sparse_categorical_accuracy=0.9980000257492065,loss=0.005878842901438475>
9.6045 seconds
Tested. Sparse categorical accuracy: 32.00

round 83, metrics=<sparse_categorical_accuracy=0.9973333477973938,loss=0.008403935469686985>
9.7236 seconds
Tested. Sparse categorical accuracy: 18.00

round 84, metrics=<sparse_categorical_accuracy=0.9968000054359436,loss=0.009248344227671623>
9.8097 seconds
Tested. Sparse categorical accuracy: 51.00

round 85, metrics=<sparse_categorical_accuracy=0.9979333281517029,loss=0.007760089822113514>
9.7312 seconds
Tested. Sparse categorical accuracy: 35.00

round 86, metrics=<sparse_categorical_accuracy=0.9984666705131531,loss=0.004047654569149017>
9.4895 seconds
Tested. Sparse categorical accuracy: 22.00

round 87, metrics=<sparse_categorical_accuracy=0.997866690158844,loss=0.00562524376437068>
9.6798 seconds
Tested. Sparse categorical accuracy: 38.00

round 88, metrics=<sparse_categorical_accuracy=0.9975333213806152,loss=0.007797784637659788>
9.7601 seconds
Tested. Sparse categorical accuracy: 36.00

round 89, metrics=<sparse_categorical_accuracy=0.9975333213806152,loss=0.005455314181745052>
9.9148 seconds
Tested. Sparse categorical accuracy: 45.00

round 90, metrics=<sparse_categorical_accuracy=0.998533308506012,loss=0.0054796854965388775>
9.7726 seconds
Tested. Sparse categorical accuracy: 58.00

round 91, metrics=<sparse_categorical_accuracy=0.9976000189781189,loss=0.005605258047580719>
9.9178 seconds
Tested. Sparse categorical accuracy: 45.00

round 92, metrics=<sparse_categorical_accuracy=0.9977999925613403,loss=0.01198509056121111>
9.6669 seconds
Tested. Sparse categorical accuracy: 37.00

round 93, metrics=<sparse_categorical_accuracy=0.9987999796867371,loss=0.006127235479652882>
9.9354 seconds
Tested. Sparse categorical accuracy: 46.00

round 94, metrics=<sparse_categorical_accuracy=0.9981333613395691,loss=0.0056882817298173904>
9.0532 seconds
Tested. Sparse categorical accuracy: 51.00

round 95, metrics=<sparse_categorical_accuracy=0.9994666576385498,loss=0.002516079694032669>
9.3873 seconds
Tested. Sparse categorical accuracy: 27.00

round 96, metrics=<sparse_categorical_accuracy=0.9980666637420654,loss=0.007510046474635601>
10.0587 seconds
Tested. Sparse categorical accuracy: 42.00

round 97, metrics=<sparse_categorical_accuracy=0.9969333410263062,loss=0.008655526675283909>
9.9529 seconds
Tested. Sparse categorical accuracy: 48.00

round 98, metrics=<sparse_categorical_accuracy=0.9984666705131531,loss=0.0069436244666576385>
10.0741 seconds
Tested. Sparse categorical accuracy: 57.00

round 99, metrics=<sparse_categorical_accuracy=0.9990000128746033,loss=0.0032935007475316525>
9.6385 seconds
Tested. Sparse categorical accuracy: 58.00

round 100, metrics=<sparse_categorical_accuracy=0.9987999796867371,loss=0.0034219371154904366>
9.8347 seconds
Tested. Sparse categorical accuracy: 71.00

round 101, metrics=<sparse_categorical_accuracy=0.9991999864578247,loss=0.002729716943576932>
10.1237 seconds
Tested. Sparse categorical accuracy: 56.00

round 102, metrics=<sparse_categorical_accuracy=0.998533308506012,loss=0.004732126835733652>
9.7805 seconds
Tested. Sparse categorical accuracy: 50.00

round 103, metrics=<sparse_categorical_accuracy=0.9976000189781189,loss=0.007292298600077629>
9.7200 seconds
Tested. Sparse categorical accuracy: 44.00

round 104, metrics=<sparse_categorical_accuracy=0.9982666373252869,loss=0.005751936696469784>
10.0841 seconds
Tested. Sparse categorical accuracy: 62.00

round 105, metrics=<sparse_categorical_accuracy=0.9982666373252869,loss=0.006448204163461924>
9.7881 seconds
Tested. Sparse categorical accuracy: 58.00

round 106, metrics=<sparse_categorical_accuracy=0.9982666373252869,loss=0.0039689065888524055>
9.4043 seconds
Tested. Sparse categorical accuracy: 60.00

round 107, metrics=<sparse_categorical_accuracy=0.9990666508674622,loss=0.002709068125113845>
9.8422 seconds
Tested. Sparse categorical accuracy: 56.00

round 108, metrics=<sparse_categorical_accuracy=0.9987999796867371,loss=0.004026363603770733>
10.0681 seconds
Tested. Sparse categorical accuracy: 59.00

round 109, metrics=<sparse_categorical_accuracy=0.9980000257492065,loss=0.005994060076773167>
9.8707 seconds
Tested. Sparse categorical accuracy: 67.00

round 110, metrics=<sparse_categorical_accuracy=0.9988666772842407,loss=0.0035899821668863297>
9.8647 seconds
Tested. Sparse categorical accuracy: 71.00

round 111, metrics=<sparse_categorical_accuracy=0.9989333152770996,loss=0.0031931407283991575>
9.8779 seconds
Tested. Sparse categorical accuracy: 43.00

round 112, metrics=<sparse_categorical_accuracy=0.9986000061035156,loss=0.0041994876228272915>
9.9735 seconds
Tested. Sparse categorical accuracy: 60.00

round 113, metrics=<sparse_categorical_accuracy=0.9990666508674622,loss=0.0035725836642086506>
9.9518 seconds
Tested. Sparse categorical accuracy: 61.00

round 114, metrics=<sparse_categorical_accuracy=0.998199999332428,loss=0.005849048029631376>
9.7974 seconds
Tested. Sparse categorical accuracy: 65.00

round 115, metrics=<sparse_categorical_accuracy=0.9995333552360535,loss=0.001894115237519145>
10.0337 seconds
Tested. Sparse categorical accuracy: 41.00

round 116, metrics=<sparse_categorical_accuracy=0.9984666705131531,loss=0.0053791264072060585>
9.5955 seconds
Tested. Sparse categorical accuracy: 47.00

round 117, metrics=<sparse_categorical_accuracy=0.9973999857902527,loss=0.00611521303653717>
9.4481 seconds
Tested. Sparse categorical accuracy: 52.00

round 118, metrics=<sparse_categorical_accuracy=0.9983999729156494,loss=0.005382683128118515>
9.6918 seconds
Tested. Sparse categorical accuracy: 76.00

round 119, metrics=<sparse_categorical_accuracy=0.9990666508674622,loss=0.002391634276136756>
9.4625 seconds
Tested. Sparse categorical accuracy: 65.00

round 120, metrics=<sparse_categorical_accuracy=0.9989333152770996,loss=0.0036927976179867983>
9.4955 seconds
Tested. Sparse categorical accuracy: 70.00

round 121, metrics=<sparse_categorical_accuracy=0.9987999796867371,loss=0.003141222056001425>
9.8662 seconds
Tested. Sparse categorical accuracy: 76.00

round 122, metrics=<sparse_categorical_accuracy=0.9991333484649658,loss=0.002346797613427043>
9.8059 seconds
Tested. Sparse categorical accuracy: 66.00

round 123, metrics=<sparse_categorical_accuracy=0.9994000196456909,loss=0.0020674618426710367>
9.7920 seconds
Tested. Sparse categorical accuracy: 61.00

round 124, metrics=<sparse_categorical_accuracy=0.9986000061035156,loss=0.004479262977838516>
9.5070 seconds
Tested. Sparse categorical accuracy: 76.00

round 125, metrics=<sparse_categorical_accuracy=0.9991999864578247,loss=0.002534985076636076>
9.5587 seconds
Tested. Sparse categorical accuracy: 63.00

round 126, metrics=<sparse_categorical_accuracy=0.9990000128746033,loss=0.002372504910454154>
9.9767 seconds
Tested. Sparse categorical accuracy: 61.00

round 127, metrics=<sparse_categorical_accuracy=0.9991333484649658,loss=0.002751070074737072>
9.9120 seconds
Tested. Sparse categorical accuracy: 75.00

round 128, metrics=<sparse_categorical_accuracy=0.9989333152770996,loss=0.0036647082306444645>
9.1900 seconds
Tested. Sparse categorical accuracy: 73.00

round 129, metrics=<sparse_categorical_accuracy=0.9987333416938782,loss=0.0034208481665700674>
9.9926 seconds
Tested. Sparse categorical accuracy: 73.00

round 130, metrics=<sparse_categorical_accuracy=0.9994000196456909,loss=0.0018632936989888549>
10.0364 seconds
Tested. Sparse categorical accuracy: 75.00

round 131, metrics=<sparse_categorical_accuracy=0.9992666840553284,loss=0.0032473690807819366>
9.5466 seconds
Tested. Sparse categorical accuracy: 62.00

round 132, metrics=<sparse_categorical_accuracy=0.9994000196456909,loss=0.002005232498049736>
9.8386 seconds
Tested. Sparse categorical accuracy: 71.00

round 133, metrics=<sparse_categorical_accuracy=0.999666690826416,loss=0.001574982306919992>
9.5014 seconds
Tested. Sparse categorical accuracy: 72.00

round 134, metrics=<sparse_categorical_accuracy=0.9988666772842407,loss=0.0046998499892652035>
9.9030 seconds
Tested. Sparse categorical accuracy: 69.00

round 135, metrics=<sparse_categorical_accuracy=0.9995999932289124,loss=0.0011039284290745854>
10.1012 seconds
Tested. Sparse categorical accuracy: 57.00

round 136, metrics=<sparse_categorical_accuracy=0.9982666373252869,loss=0.006907350849360228>
9.7793 seconds
Tested. Sparse categorical accuracy: 60.00

round 137, metrics=<sparse_categorical_accuracy=0.9994666576385498,loss=0.0023479622323065996>
10.1327 seconds
Tested. Sparse categorical accuracy: 70.00

round 138, metrics=<sparse_categorical_accuracy=0.9987333416938782,loss=0.004571275785565376>
9.9377 seconds
Tested. Sparse categorical accuracy: 80.00

round 139, metrics=<sparse_categorical_accuracy=0.9998666644096375,loss=0.0011184203904122114>
9.6060 seconds
Tested. Sparse categorical accuracy: 75.00

round 140, metrics=<sparse_categorical_accuracy=0.9991333484649658,loss=0.00283808633685112>
9.9020 seconds
Tested. Sparse categorical accuracy: 81.00

round 141, metrics=<sparse_categorical_accuracy=0.9995333552360535,loss=0.0019123293459415436>
9.9246 seconds
Tested. Sparse categorical accuracy: 81.00

round 142, metrics=<sparse_categorical_accuracy=0.9994666576385498,loss=0.0015564358327537775>
9.9259 seconds
Tested. Sparse categorical accuracy: 79.00

round 143, metrics=<sparse_categorical_accuracy=0.9993333220481873,loss=0.0016730771167203784>
10.0879 seconds
Tested. Sparse categorical accuracy: 69.00

round 144, metrics=<sparse_categorical_accuracy=0.9987999796867371,loss=0.004600600339472294>
8.8459 seconds
Tested. Sparse categorical accuracy: 83.00

round 145, metrics=<sparse_categorical_accuracy=0.9993333220481873,loss=0.001960799330845475>
9.8627 seconds
Tested. Sparse categorical accuracy: 76.00

round 146, metrics=<sparse_categorical_accuracy=0.999666690826416,loss=0.001061909948475659>
10.2217 seconds
Tested. Sparse categorical accuracy: 69.00

round 147, metrics=<sparse_categorical_accuracy=0.9990666508674622,loss=0.003773652482777834>
10.1072 seconds
Tested. Sparse categorical accuracy: 73.00

round 148, metrics=<sparse_categorical_accuracy=0.9992666840553284,loss=0.0023592154029756784>
9.8601 seconds
Tested. Sparse categorical accuracy: 77.00

round 149, metrics=<sparse_categorical_accuracy=0.9992666840553284,loss=0.0020793224684894085>
9.7986 seconds
Tested. Sparse categorical accuracy: 80.00

round 150, metrics=<sparse_categorical_accuracy=0.9999333620071411,loss=0.0010199042735621333>
9.7842 seconds
Tested. Sparse categorical accuracy: 89.00

round 151, metrics=<sparse_categorical_accuracy=0.9994000196456909,loss=0.001824171282351017>
9.9631 seconds
Tested. Sparse categorical accuracy: 69.00

round 152, metrics=<sparse_categorical_accuracy=0.9992666840553284,loss=0.0034013218246400356>
9.9223 seconds
Tested. Sparse categorical accuracy: 66.00

round 153, metrics=<sparse_categorical_accuracy=0.9994000196456909,loss=0.0015080837765708566>
10.1394 seconds
Tested. Sparse categorical accuracy: 62.00

round 154, metrics=<sparse_categorical_accuracy=0.9986000061035156,loss=0.004072716925293207>
9.7916 seconds
Tested. Sparse categorical accuracy: 73.00

round 155, metrics=<sparse_categorical_accuracy=0.9995999932289124,loss=0.0012730240123346448>
10.2316 seconds
Tested. Sparse categorical accuracy: 64.00

round 156, metrics=<sparse_categorical_accuracy=0.9991999864578247,loss=0.0020322329364717007>
8.8661 seconds
Tested. Sparse categorical accuracy: 74.00

round 157, metrics=<sparse_categorical_accuracy=0.9989333152770996,loss=0.0031990674324333668>
9.7496 seconds
Tested. Sparse categorical accuracy: 66.00

round 158, metrics=<sparse_categorical_accuracy=0.9991999864578247,loss=0.002757144160568714>
10.1089 seconds
Tested. Sparse categorical accuracy: 72.00

round 159, metrics=<sparse_categorical_accuracy=0.9995999932289124,loss=0.001079011824913323>
10.3981 seconds
Tested. Sparse categorical accuracy: 64.00

round 160, metrics=<sparse_categorical_accuracy=0.9995333552360535,loss=0.0015858475817367435>
10.1313 seconds
Tested. Sparse categorical accuracy: 82.00

round 161, metrics=<sparse_categorical_accuracy=0.9993333220481873,loss=0.0025410267990082502>
9.8992 seconds
Tested. Sparse categorical accuracy: 83.00

round 162, metrics=<sparse_categorical_accuracy=0.9994666576385498,loss=0.0014028371078893542>
10.4878 seconds
Tested. Sparse categorical accuracy: 78.00

round 163, metrics=<sparse_categorical_accuracy=0.999666690826416,loss=0.0009117663721553981>
10.3178 seconds
Tested. Sparse categorical accuracy: 78.00

round 164, metrics=<sparse_categorical_accuracy=0.9991999864578247,loss=0.00294751999899745>
10.0018 seconds
Tested. Sparse categorical accuracy: 85.00

round 165, metrics=<sparse_categorical_accuracy=0.9994666576385498,loss=0.0017310178373008966>
10.0155 seconds
Tested. Sparse categorical accuracy: 87.00

round 166, metrics=<sparse_categorical_accuracy=0.9997333288192749,loss=0.0008212088723666966>
10.1548 seconds
Tested. Sparse categorical accuracy: 89.00

round 167, metrics=<sparse_categorical_accuracy=0.9994000196456909,loss=0.0021033580414950848>
10.0922 seconds
Tested. Sparse categorical accuracy: 77.00

round 168, metrics=<sparse_categorical_accuracy=0.9994000196456909,loss=0.001507642213255167>
9.3854 seconds
Tested. Sparse categorical accuracy: 86.00

round 169, metrics=<sparse_categorical_accuracy=0.9994000196456909,loss=0.0013723887968808413>
10.0376 seconds
Tested. Sparse categorical accuracy: 81.00

round 170, metrics=<sparse_categorical_accuracy=0.9995333552360535,loss=0.001996181905269623>
9.6356 seconds
Tested. Sparse categorical accuracy: 87.00

round 171, metrics=<sparse_categorical_accuracy=0.9997333288192749,loss=0.0008493895293213427>
10.0006 seconds
Tested. Sparse categorical accuracy: 77.00

round 172, metrics=<sparse_categorical_accuracy=0.9998000264167786,loss=0.0007949107093736529>
10.1717 seconds
Tested. Sparse categorical accuracy: 82.00

round 173, metrics=<sparse_categorical_accuracy=0.9995999932289124,loss=0.0018055785913020372>
10.0916 seconds
Tested. Sparse categorical accuracy: 80.00

round 174, metrics=<sparse_categorical_accuracy=0.9992666840553284,loss=0.0030452534556388855>
10.0172 seconds
Tested. Sparse categorical accuracy: 85.00

round 175, metrics=<sparse_categorical_accuracy=0.9997333288192749,loss=0.0007568016299046576>
9.8892 seconds
Tested. Sparse categorical accuracy: 76.00

round 176, metrics=<sparse_categorical_accuracy=0.9992666840553284,loss=0.002182308817282319>
10.0354 seconds
Tested. Sparse categorical accuracy: 64.00

round 177, metrics=<sparse_categorical_accuracy=0.9988666772842407,loss=0.0033071651123464108>
9.6916 seconds
Tested. Sparse categorical accuracy: 57.00

round 178, metrics=<sparse_categorical_accuracy=0.9991333484649658,loss=0.003277011215686798>
9.9494 seconds
Tested. Sparse categorical accuracy: 76.00

round 179, metrics=<sparse_categorical_accuracy=0.9995333552360535,loss=0.001671323785558343>
9.9766 seconds
Tested. Sparse categorical accuracy: 73.00

round 180, metrics=<sparse_categorical_accuracy=0.9992666840553284,loss=0.002334713004529476>
9.4029 seconds
Tested. Sparse categorical accuracy: 92.00

round 181, metrics=<sparse_categorical_accuracy=0.9994000196456909,loss=0.002150004729628563>
10.2577 seconds
Tested. Sparse categorical accuracy: 85.00

round 182, metrics=<sparse_categorical_accuracy=0.999666690826416,loss=0.0013031931594014168>
9.9582 seconds
Tested. Sparse categorical accuracy: 83.00

round 183, metrics=<sparse_categorical_accuracy=0.9995999932289124,loss=0.0012200276833027601>
10.1182 seconds
Tested. Sparse categorical accuracy: 83.00

round 184, metrics=<sparse_categorical_accuracy=0.9991999864578247,loss=0.002357104094699025>
9.8091 seconds
Tested. Sparse categorical accuracy: 90.00

round 185, metrics=<sparse_categorical_accuracy=0.9995333552360535,loss=0.0023503967095166445>
10.1400 seconds
Tested. Sparse categorical accuracy: 84.00

round 186, metrics=<sparse_categorical_accuracy=0.9995999932289124,loss=0.0013509237905964255>
10.4382 seconds
Tested. Sparse categorical accuracy: 84.00

round 187, metrics=<sparse_categorical_accuracy=0.9998000264167786,loss=0.0012094133999198675>
9.9253 seconds
Tested. Sparse categorical accuracy: 87.00

round 188, metrics=<sparse_categorical_accuracy=0.9994666576385498,loss=0.0013866344233974814>
10.1257 seconds
Tested. Sparse categorical accuracy: 80.00

round 189, metrics=<sparse_categorical_accuracy=0.9991999864578247,loss=0.001778156845830381>
10.1484 seconds
Tested. Sparse categorical accuracy: 86.00

round 190, metrics=<sparse_categorical_accuracy=0.999666690826416,loss=0.0016287877224385738>
9.9918 seconds
Tested. Sparse categorical accuracy: 87.00

round 191, metrics=<sparse_categorical_accuracy=0.9993333220481873,loss=0.002221805974841118>
9.7574 seconds
Tested. Sparse categorical accuracy: 81.00

round 192, metrics=<sparse_categorical_accuracy=0.9995999932289124,loss=0.0008167613996192813>
9.2783 seconds
Tested. Sparse categorical accuracy: 85.00

round 193, metrics=<sparse_categorical_accuracy=0.9995333552360535,loss=0.0019154141191393137>
9.8404 seconds
Tested. Sparse categorical accuracy: 74.00

round 194, metrics=<sparse_categorical_accuracy=0.9989333152770996,loss=0.0036073781084269285>
9.9994 seconds
Tested. Sparse categorical accuracy: 76.00

round 195, metrics=<sparse_categorical_accuracy=0.9995333552360535,loss=0.0015711496816948056>
9.7224 seconds
Tested. Sparse categorical accuracy: 57.00

round 196, metrics=<sparse_categorical_accuracy=0.9987333416938782,loss=0.005266167223453522>
9.8767 seconds
Tested. Sparse categorical accuracy: 67.00

round 197, metrics=<sparse_categorical_accuracy=0.9994000196456909,loss=0.002066448563709855>
10.3195 seconds
Tested. Sparse categorical accuracy: 73.00

round 198, metrics=<sparse_categorical_accuracy=0.9990000128746033,loss=0.0025361424777656794>
10.0721 seconds
Tested. Sparse categorical accuracy: 89.00

round 199, metrics=<sparse_categorical_accuracy=0.9997333288192749,loss=0.00127100117970258>
9.9501 seconds
Tested. Sparse categorical accuracy: 87.00

round 200, metrics=<sparse_categorical_accuracy=0.9994666576385498,loss=0.0013616246869787574>
9.8610 seconds
Tested. Sparse categorical accuracy: 81.00

Target accuracy reached after  200  rounds
Average time per round: 9.00

2020-05-01 21:03:56.549626
