
TENSORFLOW USERS:
You must use the python3.6-anaconda/5.2.0 module to run TensorFlow.
See https://arc-ts.umich.edu/greatlakes/software/tensorflow for more
information.



The following have been reloaded with a version change:
  1) cuda/10.0.130 => cuda/10.1.105


Currently Loaded Modules:
  1) python3.7-anaconda/2019.07   2) cudnn/10.0-v7.6   3) cuda/10.1.105

 

mkdir: cannot create directory ‘results/5842441’: File exists
mkdir: cannot create directory ‘results/5842441/log’: File exists
Test  258
2020-05-03 02:15:23.277231


Schema 1: Each client partially IID
--------------------------------------------------
percent data distributed IID:  0
number of classes for non-IID data:  2
data points per client (mean, std dev): ( 600 ,  0 )
--------------------------------------------------

round  1, metrics=<sparse_categorical_accuracy=0.9971110820770264,loss=0.021401992067694664>
66.8862 seconds
Tested. Sparse categorical accuracy: 10.00

round  2, metrics=<sparse_categorical_accuracy=0.9971110820770264,loss=0.008126216009259224>
57.0647 seconds
Tested. Sparse categorical accuracy: 7.00

round  3, metrics=<sparse_categorical_accuracy=0.996999979019165,loss=0.013713978230953217>
60.6725 seconds
Tested. Sparse categorical accuracy: 8.00

round  4, metrics=<sparse_categorical_accuracy=0.9968888759613037,loss=0.02040439285337925>
54.8824 seconds
Tested. Sparse categorical accuracy: 10.00

round  5, metrics=<sparse_categorical_accuracy=0.9971110820770264,loss=0.012528671883046627>
63.6036 seconds
Tested. Sparse categorical accuracy: 8.00

round  6, metrics=<sparse_categorical_accuracy=0.9972222447395325,loss=0.008646964095532894>
53.6510 seconds
Tested. Sparse categorical accuracy: 6.00

round  7, metrics=<sparse_categorical_accuracy=0.9972222447395325,loss=0.008877558633685112>
61.7919 seconds
Tested. Sparse categorical accuracy: 10.00

round  8, metrics=<sparse_categorical_accuracy=0.9971110820770264,loss=0.010192353278398514>
55.1772 seconds
Tested. Sparse categorical accuracy: 11.00

round  9, metrics=<sparse_categorical_accuracy=0.9968888759613037,loss=0.008164430037140846>
60.4384 seconds
Tested. Sparse categorical accuracy: 14.00

round 10, metrics=<sparse_categorical_accuracy=0.9973333477973938,loss=0.008187361061573029>
54.5862 seconds
Tested. Sparse categorical accuracy: 12.00

round 11, metrics=<sparse_categorical_accuracy=0.9972666501998901,loss=0.00868860725313425>
56.8709 seconds
Tested. Sparse categorical accuracy: 6.00

round 12, metrics=<sparse_categorical_accuracy=0.9970444440841675,loss=0.007976747117936611>
55.3050 seconds
Tested. Sparse categorical accuracy: 23.00

round 13, metrics=<sparse_categorical_accuracy=0.996999979019165,loss=0.008380905725061893>
61.8174 seconds
Tested. Sparse categorical accuracy: 7.00

round 14, metrics=<sparse_categorical_accuracy=0.9968888759613037,loss=0.013221366330981255>
53.5398 seconds
Tested. Sparse categorical accuracy: 8.00

round 15, metrics=<sparse_categorical_accuracy=0.9971110820770264,loss=0.011360815726220608>
62.6689 seconds
Tested. Sparse categorical accuracy: 21.00

round 16, metrics=<sparse_categorical_accuracy=0.9974222183227539,loss=0.008668403141200542>
53.0579 seconds
Tested. Sparse categorical accuracy: 14.00

round 17, metrics=<sparse_categorical_accuracy=0.9972222447395325,loss=0.0072089023888111115>
60.5644 seconds
Tested. Sparse categorical accuracy: 9.00

round 18, metrics=<sparse_categorical_accuracy=0.9971110820770264,loss=0.007377654314041138>
54.2556 seconds
Tested. Sparse categorical accuracy: 21.00

round 19, metrics=<sparse_categorical_accuracy=0.9971333146095276,loss=0.007842524908483028>
61.4652 seconds
Tested. Sparse categorical accuracy: 32.00

round 20, metrics=<sparse_categorical_accuracy=0.9973888993263245,loss=0.00836238358169794>
61.6476 seconds
Tested. Sparse categorical accuracy: 19.00

round 21, metrics=<sparse_categorical_accuracy=0.9973999857902527,loss=0.007634927053004503>
61.3893 seconds
Tested. Sparse categorical accuracy: 29.00

round 22, metrics=<sparse_categorical_accuracy=0.9977222084999084,loss=0.0070259831845760345>
54.0469 seconds
Tested. Sparse categorical accuracy: 24.00

round 23, metrics=<sparse_categorical_accuracy=0.9969888925552368,loss=0.007670499850064516>
63.1140 seconds
Tested. Sparse categorical accuracy: 12.00

round 24, metrics=<sparse_categorical_accuracy=0.9968888759613037,loss=0.010694409720599651>
55.2138 seconds
Tested. Sparse categorical accuracy: 27.00

round 25, metrics=<sparse_categorical_accuracy=0.9972444176673889,loss=0.010454995557665825>
60.4212 seconds
Tested. Sparse categorical accuracy: 35.00

round 26, metrics=<sparse_categorical_accuracy=0.9977222084999084,loss=0.007546026725322008>
61.0991 seconds
Tested. Sparse categorical accuracy: 43.00

round 27, metrics=<sparse_categorical_accuracy=0.9981555342674255,loss=0.005983344744890928>
61.6994 seconds
Tested. Sparse categorical accuracy: 30.00

round 28, metrics=<sparse_categorical_accuracy=0.9980888962745667,loss=0.005672892089933157>
55.2576 seconds
Tested. Sparse categorical accuracy: 36.00

round 29, metrics=<sparse_categorical_accuracy=0.9977444410324097,loss=0.006360702216625214>
63.0397 seconds
Tested. Sparse categorical accuracy: 30.00

round 30, metrics=<sparse_categorical_accuracy=0.9976444244384766,loss=0.007540468126535416>
53.6862 seconds
Tested. Sparse categorical accuracy: 44.00

round 31, metrics=<sparse_categorical_accuracy=0.9979666471481323,loss=0.005490915384143591>
60.7784 seconds
Tested. Sparse categorical accuracy: 44.00

round 32, metrics=<sparse_categorical_accuracy=0.9982555508613586,loss=0.00491821626201272>
52.9988 seconds
Tested. Sparse categorical accuracy: 56.00

round 33, metrics=<sparse_categorical_accuracy=0.9981666803359985,loss=0.005398943554610014>
59.2095 seconds
Tested. Sparse categorical accuracy: 27.00

round 34, metrics=<sparse_categorical_accuracy=0.997511088848114,loss=0.006783933378756046>
52.2864 seconds
Tested. Sparse categorical accuracy: 40.00

round 35, metrics=<sparse_categorical_accuracy=0.9979110956192017,loss=0.008806918747723103>
61.3042 seconds
Tested. Sparse categorical accuracy: 38.00

round 36, metrics=<sparse_categorical_accuracy=0.9977444410324097,loss=0.006049953866750002>
53.8760 seconds
Tested. Sparse categorical accuracy: 67.00

round 37, metrics=<sparse_categorical_accuracy=0.9988999962806702,loss=0.004156492184847593>
62.0980 seconds
Tested. Sparse categorical accuracy: 60.00

round 38, metrics=<sparse_categorical_accuracy=0.9990000128746033,loss=0.003641585586592555>
55.7597 seconds
Tested. Sparse categorical accuracy: 59.00

round 39, metrics=<sparse_categorical_accuracy=0.9984222054481506,loss=0.004290396347641945>
62.0369 seconds
Tested. Sparse categorical accuracy: 44.00

round 40, metrics=<sparse_categorical_accuracy=0.9979777932167053,loss=0.005972001701593399>
52.4370 seconds
Tested. Sparse categorical accuracy: 46.00

round 41, metrics=<sparse_categorical_accuracy=0.9983888864517212,loss=0.005676563363522291>
63.0372 seconds
Tested. Sparse categorical accuracy: 68.00

round 42, metrics=<sparse_categorical_accuracy=0.9988333582878113,loss=0.0037447770591825247>
53.8627 seconds
Tested. Sparse categorical accuracy: 70.00

round 43, metrics=<sparse_categorical_accuracy=0.9987999796867371,loss=0.003753290046006441>
62.3558 seconds
Tested. Sparse categorical accuracy: 59.00

round 44, metrics=<sparse_categorical_accuracy=0.9987444281578064,loss=0.003698632586747408>
53.6972 seconds
Tested. Sparse categorical accuracy: 73.00

round 45, metrics=<sparse_categorical_accuracy=0.9989666938781738,loss=0.003064046846702695>
61.1318 seconds
Tested. Sparse categorical accuracy: 57.00

round 46, metrics=<sparse_categorical_accuracy=0.9985222220420837,loss=0.004216919653117657>
54.7260 seconds
Tested. Sparse categorical accuracy: 57.00

round 47, metrics=<sparse_categorical_accuracy=0.9986777901649475,loss=0.0038567548617720604>
62.7110 seconds
Tested. Sparse categorical accuracy: 48.00

round 48, metrics=<sparse_categorical_accuracy=0.9989666938781738,loss=0.0032304557971656322>
63.0905 seconds
Tested. Sparse categorical accuracy: 66.00

round 49, metrics=<sparse_categorical_accuracy=0.9988222122192383,loss=0.0035005805548280478>
61.6882 seconds
Tested. Sparse categorical accuracy: 69.00

round 50, metrics=<sparse_categorical_accuracy=0.9988555312156677,loss=0.0034133880399167538>
55.1502 seconds
Tested. Sparse categorical accuracy: 56.00

round 51, metrics=<sparse_categorical_accuracy=0.9986555576324463,loss=0.0033805537968873978>
61.9332 seconds
Tested. Sparse categorical accuracy: 41.00

round 52, metrics=<sparse_categorical_accuracy=0.9978777766227722,loss=0.008789599873125553>
55.0749 seconds
Tested. Sparse categorical accuracy: 64.00

round 53, metrics=<sparse_categorical_accuracy=0.9979444742202759,loss=0.01112024299800396>
59.8818 seconds
Tested. Sparse categorical accuracy: 67.00

round 54, metrics=<sparse_categorical_accuracy=0.9991222023963928,loss=0.00402362085878849>
55.2426 seconds
Tested. Sparse categorical accuracy: 64.00

round 55, metrics=<sparse_categorical_accuracy=0.9990333318710327,loss=0.0032221826259046793>
60.3958 seconds
Tested. Sparse categorical accuracy: 66.00

round 56, metrics=<sparse_categorical_accuracy=0.9987444281578064,loss=0.003345718141645193>
55.1222 seconds
Tested. Sparse categorical accuracy: 64.00

round 57, metrics=<sparse_categorical_accuracy=0.9986110925674438,loss=0.0033794392365962267>
63.5386 seconds
Tested. Sparse categorical accuracy: 53.00

round 58, metrics=<sparse_categorical_accuracy=0.9990444183349609,loss=0.0028787213377654552>
55.5532 seconds
Tested. Sparse categorical accuracy: 80.00

round 59, metrics=<sparse_categorical_accuracy=0.9990555644035339,loss=0.0028884257189929485>
58.4853 seconds
Tested. Sparse categorical accuracy: 68.00

round 60, metrics=<sparse_categorical_accuracy=0.9987888932228088,loss=0.00402558920904994>
62.4808 seconds
Tested. Sparse categorical accuracy: 68.00

round 61, metrics=<sparse_categorical_accuracy=0.9992666840553284,loss=0.0024855139199644327>
63.4974 seconds
Tested. Sparse categorical accuracy: 79.00

round 62, metrics=<sparse_categorical_accuracy=0.9992222189903259,loss=0.0022641485556960106>
54.3651 seconds
Tested. Sparse categorical accuracy: 81.00

round 63, metrics=<sparse_categorical_accuracy=0.9994221925735474,loss=0.0022121828515082598>
59.6184 seconds
Tested. Sparse categorical accuracy: 71.00

round 64, metrics=<sparse_categorical_accuracy=0.9989888668060303,loss=0.002805744530633092>
61.3469 seconds
Tested. Sparse categorical accuracy: 66.00

round 65, metrics=<sparse_categorical_accuracy=0.9988333582878113,loss=0.0032221495639532804>
62.5874 seconds
Tested. Sparse categorical accuracy: 63.00

round 66, metrics=<sparse_categorical_accuracy=0.998877763748169,loss=0.0029351578559726477>
54.3634 seconds
Tested. Sparse categorical accuracy: 80.00

round 67, metrics=<sparse_categorical_accuracy=0.9991222023963928,loss=0.0025164687540382147>
60.1173 seconds
Tested. Sparse categorical accuracy: 89.00

round 68, metrics=<sparse_categorical_accuracy=0.9993666410446167,loss=0.0020582524593919516>
51.9986 seconds
Tested. Sparse categorical accuracy: 81.00

round 69, metrics=<sparse_categorical_accuracy=0.999311089515686,loss=0.0021040041465312243>
61.1168 seconds
Tested. Sparse categorical accuracy: 73.00

round 70, metrics=<sparse_categorical_accuracy=0.9990000128746033,loss=0.0027236230671405792>
53.5486 seconds
Tested. Sparse categorical accuracy: 61.00

round 71, metrics=<sparse_categorical_accuracy=0.9990555644035339,loss=0.0026979718822985888>
63.1171 seconds
Tested. Sparse categorical accuracy: 63.00

round 72, metrics=<sparse_categorical_accuracy=0.9986777901649475,loss=0.0038254475221037865>
53.6290 seconds
Tested. Sparse categorical accuracy: 74.00

round 73, metrics=<sparse_categorical_accuracy=0.9985777735710144,loss=0.00562764098867774>
60.9317 seconds
Tested. Sparse categorical accuracy: 84.00

round 74, metrics=<sparse_categorical_accuracy=0.9993333220481873,loss=0.0022676335647702217>
54.0317 seconds
Tested. Sparse categorical accuracy: 79.00

round 75, metrics=<sparse_categorical_accuracy=0.9994778037071228,loss=0.001899896189570427>
62.7605 seconds
Tested. Sparse categorical accuracy: 85.00

round 76, metrics=<sparse_categorical_accuracy=0.9994000196456909,loss=0.0018689478747546673>
56.7038 seconds
Tested. Sparse categorical accuracy: 83.00

round 77, metrics=<sparse_categorical_accuracy=0.9994333386421204,loss=0.0017923344857990742>
61.8678 seconds
Tested. Sparse categorical accuracy: 78.00

round 78, metrics=<sparse_categorical_accuracy=0.9994221925735474,loss=0.0016386291244998574>
54.5809 seconds
Tested. Sparse categorical accuracy: 84.00

round 79, metrics=<sparse_categorical_accuracy=0.9993000030517578,loss=0.0019485984230414033>
61.3585 seconds
Tested. Sparse categorical accuracy: 81.00

round 80, metrics=<sparse_categorical_accuracy=0.9992555379867554,loss=0.0021798976231366396>
53.7755 seconds
Tested. Sparse categorical accuracy: 77.00

round 81, metrics=<sparse_categorical_accuracy=0.9994444251060486,loss=0.0017852939199656248>
62.1894 seconds
Tested. Sparse categorical accuracy: 84.00

round 82, metrics=<sparse_categorical_accuracy=0.9994000196456909,loss=0.0016729088965803385>
56.1255 seconds
Tested. Sparse categorical accuracy: 80.00

round 83, metrics=<sparse_categorical_accuracy=0.9994778037071228,loss=0.0019230665639042854>
59.6905 seconds
Tested. Sparse categorical accuracy: 79.00

round 84, metrics=<sparse_categorical_accuracy=0.9991000294685364,loss=0.002654249779880047>
55.3965 seconds
Tested. Sparse categorical accuracy: 80.00

round 85, metrics=<sparse_categorical_accuracy=0.999488890171051,loss=0.0016625464195385575>
60.5479 seconds
Tested. Sparse categorical accuracy: 81.00

round 86, metrics=<sparse_categorical_accuracy=0.9994111061096191,loss=0.0016100899083539844>
55.8804 seconds
Tested. Sparse categorical accuracy: 77.00

round 87, metrics=<sparse_categorical_accuracy=0.9995333552360535,loss=0.0013820991152897477>
63.7895 seconds
Tested. Sparse categorical accuracy: 88.00

round 88, metrics=<sparse_categorical_accuracy=0.9995999932289124,loss=0.0012614786392077804>
53.8542 seconds
Tested. Sparse categorical accuracy: 87.00

round 89, metrics=<sparse_categorical_accuracy=0.9996444582939148,loss=0.001366678043268621>
59.9596 seconds
Tested. Sparse categorical accuracy: 85.00

round 90, metrics=<sparse_categorical_accuracy=0.9994778037071228,loss=0.0015508801443502307>
54.3476 seconds
Tested. Sparse categorical accuracy: 74.00

round 91, metrics=<sparse_categorical_accuracy=0.9994221925735474,loss=0.00196103029884398>
62.5983 seconds
Tested. Sparse categorical accuracy: 81.00

round 92, metrics=<sparse_categorical_accuracy=0.9992666840553284,loss=0.002244677161797881>
55.8638 seconds
Tested. Sparse categorical accuracy: 88.00

round 93, metrics=<sparse_categorical_accuracy=0.9992777705192566,loss=0.002223955001682043>
59.0092 seconds
Tested. Sparse categorical accuracy: 78.00

round 94, metrics=<sparse_categorical_accuracy=0.9994221925735474,loss=0.001933831605128944>
53.7366 seconds
Tested. Sparse categorical accuracy: 69.00

round 95, metrics=<sparse_categorical_accuracy=0.9991777539253235,loss=0.0022721157874912024>
63.7560 seconds
Tested. Sparse categorical accuracy: 72.00

round 96, metrics=<sparse_categorical_accuracy=0.999155580997467,loss=0.0022881811019033194>
55.1549 seconds
Tested. Sparse categorical accuracy: 87.00

round 97, metrics=<sparse_categorical_accuracy=0.9993444681167603,loss=0.0016751886578276753>
60.0859 seconds
Tested. Sparse categorical accuracy: 77.00

round 98, metrics=<sparse_categorical_accuracy=0.9995333552360535,loss=0.0013246022863313556>
54.3654 seconds
Tested. Sparse categorical accuracy: 92.00

round 99, metrics=<sparse_categorical_accuracy=0.9996333122253418,loss=0.0013115729670971632>
62.1746 seconds
Tested. Sparse categorical accuracy: 87.00

round 100, metrics=<sparse_categorical_accuracy=0.9994666576385498,loss=0.0015266467817127705>
53.7681 seconds
Tested. Sparse categorical accuracy: 86.00

round 101, metrics=<sparse_categorical_accuracy=0.9996444582939148,loss=0.001068025128915906>
58.9901 seconds
Tested. Sparse categorical accuracy: 90.00

round 102, metrics=<sparse_categorical_accuracy=0.9996333122253418,loss=0.001154259662143886>
54.8975 seconds
Tested. Sparse categorical accuracy: 93.00

round 103, metrics=<sparse_categorical_accuracy=0.999655544757843,loss=0.0012007520999759436>
61.3142 seconds
Tested. Sparse categorical accuracy: 94.00

round 104, metrics=<sparse_categorical_accuracy=0.999488890171051,loss=0.0015454621752724051>
53.4368 seconds
Tested. Sparse categorical accuracy: 81.00

round 105, metrics=<sparse_categorical_accuracy=0.9994444251060486,loss=0.00182104401756078>
61.6109 seconds
Tested. Sparse categorical accuracy: 89.00

round 106, metrics=<sparse_categorical_accuracy=0.9995555281639099,loss=0.0014523721765726805>
58.6992 seconds
Tested. Sparse categorical accuracy: 84.00

round 107, metrics=<sparse_categorical_accuracy=0.9996222257614136,loss=0.001296652015298605>
61.4991 seconds
Tested. Sparse categorical accuracy: 90.00

round 108, metrics=<sparse_categorical_accuracy=0.9997222423553467,loss=0.0008469174499623477>
54.8372 seconds
Tested. Sparse categorical accuracy: 87.00

round 109, metrics=<sparse_categorical_accuracy=0.9997333288192749,loss=0.0010060863569378853>
61.4230 seconds
Tested. Sparse categorical accuracy: 91.00

round 110, metrics=<sparse_categorical_accuracy=0.9995889067649841,loss=0.0013261806452646852>
54.6351 seconds
Tested. Sparse categorical accuracy: 83.00

round 111, metrics=<sparse_categorical_accuracy=0.999666690826416,loss=0.0010394854471087456>
63.1048 seconds
Tested. Sparse categorical accuracy: 88.00

round 112, metrics=<sparse_categorical_accuracy=0.999655544757843,loss=0.0010452596470713615>
54.7908 seconds
Tested. Sparse categorical accuracy: 91.00

round 113, metrics=<sparse_categorical_accuracy=0.9997222423553467,loss=0.0009882544400170445>
61.1402 seconds
Tested. Sparse categorical accuracy: 90.00

round 114, metrics=<sparse_categorical_accuracy=0.9995111227035522,loss=0.0013458484318107367>
54.7448 seconds
Tested. Sparse categorical accuracy: 80.00

round 115, metrics=<sparse_categorical_accuracy=0.9996111392974854,loss=0.0011908424785360694>
61.8694 seconds
Tested. Sparse categorical accuracy: 90.00

round 116, metrics=<sparse_categorical_accuracy=0.9996333122253418,loss=0.001214617514051497>
53.7849 seconds
Tested. Sparse categorical accuracy: 96.00

round 117, metrics=<sparse_categorical_accuracy=0.9995333552360535,loss=0.001348107703961432>
62.0962 seconds
Tested. Sparse categorical accuracy: 76.00

round 118, metrics=<sparse_categorical_accuracy=0.9995555281639099,loss=0.001242538564838469>
53.8903 seconds
Tested. Sparse categorical accuracy: 86.00

round 119, metrics=<sparse_categorical_accuracy=0.9996777772903442,loss=0.0011521360138431191>
64.0832 seconds
Tested. Sparse categorical accuracy: 93.00

round 120, metrics=<sparse_categorical_accuracy=0.9995444416999817,loss=0.0013356184354051948>
54.3744 seconds
Tested. Sparse categorical accuracy: 93.00

round 121, metrics=<sparse_categorical_accuracy=0.9996888637542725,loss=0.001137712737545371>
58.5736 seconds
Tested. Sparse categorical accuracy: 80.00

round 122, metrics=<sparse_categorical_accuracy=0.9995666742324829,loss=0.0011427919380366802>
64.2268 seconds
Tested. Sparse categorical accuracy: 90.00

round 123, metrics=<sparse_categorical_accuracy=0.9996444582939148,loss=0.0010543576208874583>
61.7574 seconds
Tested. Sparse categorical accuracy: 79.00

round 124, metrics=<sparse_categorical_accuracy=0.9995111227035522,loss=0.0014387817354872823>
56.7587 seconds
Tested. Sparse categorical accuracy: 93.00

round 125, metrics=<sparse_categorical_accuracy=0.9996444582939148,loss=0.001026093726977706>
62.8282 seconds
Tested. Sparse categorical accuracy: 88.00

round 126, metrics=<sparse_categorical_accuracy=0.9995555281639099,loss=0.0014091498451307416>
56.1126 seconds
Tested. Sparse categorical accuracy: 89.00

round 127, metrics=<sparse_categorical_accuracy=0.9994778037071228,loss=0.001612102729268372>
58.7099 seconds
Tested. Sparse categorical accuracy: 84.00

round 128, metrics=<sparse_categorical_accuracy=0.9996111392974854,loss=0.001434361096471548>
53.5775 seconds
Tested. Sparse categorical accuracy: 81.00

round 129, metrics=<sparse_categorical_accuracy=0.9995333552360535,loss=0.0014998064143583179>
59.4770 seconds
Tested. Sparse categorical accuracy: 84.00

round 130, metrics=<sparse_categorical_accuracy=0.9995444416999817,loss=0.0013806355418637395>
55.7921 seconds
Tested. Sparse categorical accuracy: 90.00

round 131, metrics=<sparse_categorical_accuracy=0.9997333288192749,loss=0.000937982345931232>
63.7075 seconds
Tested. Sparse categorical accuracy: 89.00

round 132, metrics=<sparse_categorical_accuracy=0.9997000098228455,loss=0.0010703738080337644>
61.7895 seconds
Tested. Sparse categorical accuracy: 96.00

round 133, metrics=<sparse_categorical_accuracy=0.9998000264167786,loss=0.0007732491358183324>
61.1788 seconds
Tested. Sparse categorical accuracy: 93.00

round 134, metrics=<sparse_categorical_accuracy=0.9997222423553467,loss=0.0009039069409482181>
54.5065 seconds
Tested. Sparse categorical accuracy: 89.00

round 135, metrics=<sparse_categorical_accuracy=0.9997222423553467,loss=0.0007966455887071788>
57.9002 seconds
Tested. Sparse categorical accuracy: 95.00

round 136, metrics=<sparse_categorical_accuracy=0.9996222257614136,loss=0.001140014617703855>
53.8491 seconds
Tested. Sparse categorical accuracy: 90.00

round 137, metrics=<sparse_categorical_accuracy=0.9996333122253418,loss=0.0010199735406786203>
63.2922 seconds
Tested. Sparse categorical accuracy: 88.00

round 138, metrics=<sparse_categorical_accuracy=0.9997110962867737,loss=0.0008350780117325485>
54.1875 seconds
Tested. Sparse categorical accuracy: 88.00

round 139, metrics=<sparse_categorical_accuracy=0.9997222423553467,loss=0.0009078282746486366>
62.9302 seconds
Tested. Sparse categorical accuracy: 93.00

round 140, metrics=<sparse_categorical_accuracy=0.9997333288192749,loss=0.0008588662021793425>
52.9702 seconds
Tested. Sparse categorical accuracy: 95.00

round 141, metrics=<sparse_categorical_accuracy=0.9997777938842773,loss=0.0009222119697369635>
61.8611 seconds
Tested. Sparse categorical accuracy: 89.00

round 142, metrics=<sparse_categorical_accuracy=0.9997110962867737,loss=0.0008878553635440767>
53.2577 seconds
Tested. Sparse categorical accuracy: 88.00

round 143, metrics=<sparse_categorical_accuracy=0.9996444582939148,loss=0.0011865965789183974>
60.8823 seconds
Tested. Sparse categorical accuracy: 82.00

round 144, metrics=<sparse_categorical_accuracy=0.9994555711746216,loss=0.0018801999976858497>
54.2244 seconds
Tested. Sparse categorical accuracy: 78.00

round 145, metrics=<sparse_categorical_accuracy=0.9989888668060303,loss=0.004531458951532841>
59.1605 seconds
Tested. Sparse categorical accuracy: 82.00

round 146, metrics=<sparse_categorical_accuracy=0.9989555478096008,loss=0.004651464521884918>
53.9993 seconds
Tested. Sparse categorical accuracy: 80.00

round 147, metrics=<sparse_categorical_accuracy=0.9993888735771179,loss=0.002229314763098955>
62.5219 seconds
Tested. Sparse categorical accuracy: 94.00

round 148, metrics=<sparse_categorical_accuracy=0.9995889067649841,loss=0.0013870360562577844>
55.0871 seconds
Tested. Sparse categorical accuracy: 94.00

round 149, metrics=<sparse_categorical_accuracy=0.9997777938842773,loss=0.0010179919190704823>
64.1589 seconds
Tested. Sparse categorical accuracy: 94.00

round 150, metrics=<sparse_categorical_accuracy=0.9996777772903442,loss=0.001085758674889803>
53.7990 seconds
Tested. Sparse categorical accuracy: 90.00

round 151, metrics=<sparse_categorical_accuracy=0.9997888803482056,loss=0.0010051756398752332>
60.8099 seconds
Tested. Sparse categorical accuracy: 88.00

round 152, metrics=<sparse_categorical_accuracy=0.9997666478157043,loss=0.0009470360819250345>
62.3722 seconds
Tested. Sparse categorical accuracy: 91.00

round 153, metrics=<sparse_categorical_accuracy=0.9997000098228455,loss=0.0011147684417665005>
60.8694 seconds
Tested. Sparse categorical accuracy: 95.00

round 154, metrics=<sparse_categorical_accuracy=0.9996444582939148,loss=0.001144989626482129>
60.4896 seconds
Tested. Sparse categorical accuracy: 96.00

round 155, metrics=<sparse_categorical_accuracy=0.9997666478157043,loss=0.0007790367817506194>
62.1148 seconds
Tested. Sparse categorical accuracy: 96.00

round 156, metrics=<sparse_categorical_accuracy=0.9998111128807068,loss=0.0007344397017732263>
52.2005 seconds
Tested. Sparse categorical accuracy: 92.00

round 157, metrics=<sparse_categorical_accuracy=0.9996888637542725,loss=0.0009350184118375182>
63.0763 seconds
Tested. Sparse categorical accuracy: 91.00

round 158, metrics=<sparse_categorical_accuracy=0.9997777938842773,loss=0.0008463985868729651>
56.7129 seconds
Tested. Sparse categorical accuracy: 92.00

round 159, metrics=<sparse_categorical_accuracy=0.999822199344635,loss=0.000828600546810776>
63.0606 seconds
Tested. Sparse categorical accuracy: 91.00

round 160, metrics=<sparse_categorical_accuracy=0.9997333288192749,loss=0.0009418546105735004>
63.3418 seconds
Tested. Sparse categorical accuracy: 86.00

round 161, metrics=<sparse_categorical_accuracy=0.9997222423553467,loss=0.0008320508059114218>
63.0567 seconds
Tested. Sparse categorical accuracy: 94.00

round 162, metrics=<sparse_categorical_accuracy=0.9998111128807068,loss=0.0007081900839693844>
60.7985 seconds
Tested. Sparse categorical accuracy: 93.00

round 163, metrics=<sparse_categorical_accuracy=0.9997555613517761,loss=0.0008111667120829225>
61.7411 seconds
Tested. Sparse categorical accuracy: 89.00

round 164, metrics=<sparse_categorical_accuracy=0.9996777772903442,loss=0.0009647322003729641>
56.3648 seconds
Tested. Sparse categorical accuracy: 92.00

round 165, metrics=<sparse_categorical_accuracy=0.9997555613517761,loss=0.0007903318619355559>
65.3788 seconds
Tested. Sparse categorical accuracy: 92.00

round 166, metrics=<sparse_categorical_accuracy=0.9997777938842773,loss=0.0008662541513331234>
54.8286 seconds
Tested. Sparse categorical accuracy: 94.00

round 167, metrics=<sparse_categorical_accuracy=0.9997333288192749,loss=0.000739071168936789>
61.4589 seconds
Tested. Sparse categorical accuracy: 86.00

round 168, metrics=<sparse_categorical_accuracy=0.9997444152832031,loss=0.0007588297594338655>
63.8668 seconds
Tested. Sparse categorical accuracy: 90.00

round 169, metrics=<sparse_categorical_accuracy=0.9997666478157043,loss=0.0008322920184582472>
62.1995 seconds
Tested. Sparse categorical accuracy: 92.00

round 170, metrics=<sparse_categorical_accuracy=0.9996333122253418,loss=0.0010720478603616357>
53.3331 seconds
Tested. Sparse categorical accuracy: 85.00

round 171, metrics=<sparse_categorical_accuracy=0.9996333122253418,loss=0.001033852226100862>
61.4907 seconds
Tested. Sparse categorical accuracy: 83.00

round 172, metrics=<sparse_categorical_accuracy=0.9994000196456909,loss=0.0020336657762527466>
53.6727 seconds
Tested. Sparse categorical accuracy: 78.00

round 173, metrics=<sparse_categorical_accuracy=0.9992222189903259,loss=0.003586269449442625>
63.0658 seconds
Tested. Sparse categorical accuracy: 70.00

round 174, metrics=<sparse_categorical_accuracy=0.999322235584259,loss=0.003153369529172778>
54.7917 seconds
Tested. Sparse categorical accuracy: 92.00

round 175, metrics=<sparse_categorical_accuracy=0.9997666478157043,loss=0.0009741978719830513>
61.1681 seconds
Tested. Sparse categorical accuracy: 94.00

round 176, metrics=<sparse_categorical_accuracy=0.9996888637542725,loss=0.0010704094311222434>
56.6725 seconds
Tested. Sparse categorical accuracy: 95.00

round 177, metrics=<sparse_categorical_accuracy=0.9997555613517761,loss=0.0009026312036439776>
56.4061 seconds
Tested. Sparse categorical accuracy: 96.00

round 178, metrics=<sparse_categorical_accuracy=0.9998444318771362,loss=0.0006705468986183405>
54.0276 seconds
Tested. Sparse categorical accuracy: 94.00

round 179, metrics=<sparse_categorical_accuracy=0.9997777938842773,loss=0.00081841234350577>
60.8190 seconds
Tested. Sparse categorical accuracy: 88.00

round 180, metrics=<sparse_categorical_accuracy=0.9997333288192749,loss=0.0008893635240383446>
62.2724 seconds
Tested. Sparse categorical accuracy: 93.00

round 181, metrics=<sparse_categorical_accuracy=0.9997333288192749,loss=0.0008094621589407325>
61.7399 seconds
Tested. Sparse categorical accuracy: 88.00

round 182, metrics=<sparse_categorical_accuracy=0.9997777938842773,loss=0.0007241612765938044>
53.7899 seconds
Tested. Sparse categorical accuracy: 94.00

round 183, metrics=<sparse_categorical_accuracy=0.9998111128807068,loss=0.0006806650198996067>
60.8215 seconds
Tested. Sparse categorical accuracy: 91.00

round 184, metrics=<sparse_categorical_accuracy=0.9997110962867737,loss=0.0010070239659398794>
54.8166 seconds
Tested. Sparse categorical accuracy: 90.00

round 185, metrics=<sparse_categorical_accuracy=0.9997666478157043,loss=0.0007513117743656039>
60.1156 seconds
Tested. Sparse categorical accuracy: 95.00

round 186, metrics=<sparse_categorical_accuracy=0.999822199344635,loss=0.000703448720742017>
53.2991 seconds
Tested. Sparse categorical accuracy: 94.00

round 187, metrics=<sparse_categorical_accuracy=0.999822199344635,loss=0.0006048929644748569>
62.7033 seconds
Tested. Sparse categorical accuracy: 95.00

round 188, metrics=<sparse_categorical_accuracy=0.9997666478157043,loss=0.0006258740904740989>
54.4074 seconds
Tested. Sparse categorical accuracy: 96.00

round 189, metrics=<sparse_categorical_accuracy=0.9998444318771362,loss=0.0005632042302750051>
60.7991 seconds
Tested. Sparse categorical accuracy: 97.00

round 190, metrics=<sparse_categorical_accuracy=0.9997333288192749,loss=0.0007675845408812165>
54.2910 seconds
Tested. Sparse categorical accuracy: 98.00

round 191, metrics=<sparse_categorical_accuracy=0.9997555613517761,loss=0.0006968720117583871>
63.5308 seconds
Tested. Sparse categorical accuracy: 89.00

round 192, metrics=<sparse_categorical_accuracy=0.9997888803482056,loss=0.0007747000781819224>
54.5207 seconds
Tested. Sparse categorical accuracy: 98.00

round 193, metrics=<sparse_categorical_accuracy=0.9997110962867737,loss=0.0007898084004409611>
60.0924 seconds
Tested. Sparse categorical accuracy: 94.00

round 194, metrics=<sparse_categorical_accuracy=0.9997333288192749,loss=0.000803260481916368>
64.6539 seconds
Tested. Sparse categorical accuracy: 94.00

round 195, metrics=<sparse_categorical_accuracy=0.9998555779457092,loss=0.0005203281180001795>
60.7727 seconds
Tested. Sparse categorical accuracy: 93.00

round 196, metrics=<sparse_categorical_accuracy=0.9998444318771362,loss=0.0005312981666065753>
62.7191 seconds
Tested. Sparse categorical accuracy: 95.00

round 197, metrics=<sparse_categorical_accuracy=0.9997444152832031,loss=0.0007563598919659853>
59.3322 seconds
Tested. Sparse categorical accuracy: 97.00

round 198, metrics=<sparse_categorical_accuracy=0.9998777508735657,loss=0.0005022762925364077>
57.0490 seconds
Tested. Sparse categorical accuracy: 92.00

round 199, metrics=<sparse_categorical_accuracy=0.9997666478157043,loss=0.0006968823145143688>
60.6696 seconds
Tested. Sparse categorical accuracy: 94.00

round 200, metrics=<sparse_categorical_accuracy=0.9997000098228455,loss=0.0011057417141273618>
55.5195 seconds
Tested. Sparse categorical accuracy: 89.00

Target accuracy reached after  200  rounds
Average time per round: 58.00

2020-05-03 05:31:22.630403
