
TENSORFLOW USERS:
You must use the python3.6-anaconda/5.2.0 module to run TensorFlow.
See https://arc-ts.umich.edu/greatlakes/software/tensorflow for more
information.



The following have been reloaded with a version change:
  1) cuda/10.0.130 => cuda/10.1.105


Currently Loaded Modules:
  1) python3.7-anaconda/2019.07   2) cudnn/10.0-v7.6   3) cuda/10.1.105

 

mkdir: cannot create directory ‘results/5842441’: File exists
mkdir: cannot create directory ‘results/5842441/log’: File exists
Test  31
2020-05-01 05:34:06.990398


Schema 1: Each client partially IID
--------------------------------------------------
percent data distributed IID:  100
number of classes for non-IID data:  2
data points per client (mean, std dev): ( 600 ,  0 )
--------------------------------------------------

round  1, metrics=<sparse_categorical_accuracy=0.8621000051498413,loss=0.4091324210166931>
16.6072 seconds
Tested. Sparse categorical accuracy: 89.00

round  2, metrics=<sparse_categorical_accuracy=0.9843000173568726,loss=0.05229669064283371>
17.1397 seconds
Tested. Sparse categorical accuracy: 98.00

round  3, metrics=<sparse_categorical_accuracy=0.9860666394233704,loss=0.05009875446557999>
16.6662 seconds
Tested. Sparse categorical accuracy: 97.00

round  4, metrics=<sparse_categorical_accuracy=0.9892333149909973,loss=0.03900723531842232>
17.2809 seconds
Tested. Sparse categorical accuracy: 98.00

round  5, metrics=<sparse_categorical_accuracy=0.9940999746322632,loss=0.020650874823331833>
16.8424 seconds
Tested. Sparse categorical accuracy: 97.00

round  6, metrics=<sparse_categorical_accuracy=0.9935333132743835,loss=0.022923633456230164>
17.3072 seconds
Tested. Sparse categorical accuracy: 93.00

round  7, metrics=<sparse_categorical_accuracy=0.9959333539009094,loss=0.01591852866113186>
16.2750 seconds
Tested. Sparse categorical accuracy: 100.00

Target accuracy reached after  7  rounds
Average time per round: 16.00

2020-05-01 05:36:13.739650
