
TENSORFLOW USERS:
You must use the python3.6-anaconda/5.2.0 module to run TensorFlow.
See https://arc-ts.umich.edu/greatlakes/software/tensorflow for more
information.



The following have been reloaded with a version change:
  1) cuda/10.0.130 => cuda/10.1.105


Currently Loaded Modules:
  1) python3.7-anaconda/2019.07   2) cudnn/10.0-v7.6   3) cuda/10.1.105

 

mkdir: cannot create directory ‘results/5842441’: File exists
mkdir: cannot create directory ‘results/5842441/log’: File exists
Test  186
2020-05-02 10:57:20.811682


Schema 1: Each client partially IID
--------------------------------------------------
percent data distributed IID:  0
number of classes for non-IID data:  2
data points per client (mean, std dev): ( 600 ,  0 )
--------------------------------------------------

round  1, metrics=<sparse_categorical_accuracy=0.9968888759613037,loss=0.027313869446516037>
65.9993 seconds
Tested. Sparse categorical accuracy: 9.00

round  2, metrics=<sparse_categorical_accuracy=0.996999979019165,loss=0.009004846215248108>
52.9621 seconds
Tested. Sparse categorical accuracy: 6.00

round  3, metrics=<sparse_categorical_accuracy=0.9968888759613037,loss=0.014329623430967331>
52.8780 seconds
Tested. Sparse categorical accuracy: 13.00

round  4, metrics=<sparse_categorical_accuracy=0.9967777729034424,loss=0.013810897246003151>
50.9045 seconds
Tested. Sparse categorical accuracy: 4.00

round  5, metrics=<sparse_categorical_accuracy=0.9968888759613037,loss=0.009231768548488617>
52.2932 seconds
Tested. Sparse categorical accuracy: 12.00

round  6, metrics=<sparse_categorical_accuracy=0.9973333477973938,loss=0.010588448494672775>
51.8902 seconds
Tested. Sparse categorical accuracy: 14.00

round  7, metrics=<sparse_categorical_accuracy=0.996833324432373,loss=0.00894769188016653>
50.6396 seconds
Tested. Sparse categorical accuracy: 13.00

round  8, metrics=<sparse_categorical_accuracy=0.9967777729034424,loss=0.009770900942385197>
50.9908 seconds
Tested. Sparse categorical accuracy: 12.00

round  9, metrics=<sparse_categorical_accuracy=0.9968888759613037,loss=0.011972812004387379>
51.2714 seconds
Tested. Sparse categorical accuracy: 6.00

round 10, metrics=<sparse_categorical_accuracy=0.996999979019165,loss=0.013231667689979076>
55.3380 seconds
Tested. Sparse categorical accuracy: 10.00

round 11, metrics=<sparse_categorical_accuracy=0.9968888759613037,loss=0.01049478817731142>
51.8793 seconds
Tested. Sparse categorical accuracy: 4.00

round 12, metrics=<sparse_categorical_accuracy=0.996999979019165,loss=0.008433917537331581>
50.6613 seconds
Tested. Sparse categorical accuracy: 27.00

round 13, metrics=<sparse_categorical_accuracy=0.9973777532577515,loss=0.007929781451821327>
56.0540 seconds
Tested. Sparse categorical accuracy: 11.00

round 14, metrics=<sparse_categorical_accuracy=0.9967777729034424,loss=0.009194147773087025>
50.9665 seconds
Tested. Sparse categorical accuracy: 21.00

round 15, metrics=<sparse_categorical_accuracy=0.9974444508552551,loss=0.008980723097920418>
56.1457 seconds
Tested. Sparse categorical accuracy: 25.00

round 16, metrics=<sparse_categorical_accuracy=0.9977111220359802,loss=0.008001427166163921>
53.7665 seconds
Tested. Sparse categorical accuracy: 14.00

round 17, metrics=<sparse_categorical_accuracy=0.9969666600227356,loss=0.008248422294855118>
53.0989 seconds
Tested. Sparse categorical accuracy: 18.00

round 18, metrics=<sparse_categorical_accuracy=0.9970999956130981,loss=0.008479020558297634>
52.3548 seconds
Tested. Sparse categorical accuracy: 9.00

round 19, metrics=<sparse_categorical_accuracy=0.9968888759613037,loss=0.009296602569520473>
50.7931 seconds
Tested. Sparse categorical accuracy: 12.00

round 20, metrics=<sparse_categorical_accuracy=0.9971444606781006,loss=0.010527712292969227>
50.9512 seconds
Tested. Sparse categorical accuracy: 9.00

round 21, metrics=<sparse_categorical_accuracy=0.9968888759613037,loss=0.00970585085451603>
53.2413 seconds
Tested. Sparse categorical accuracy: 17.00

round 22, metrics=<sparse_categorical_accuracy=0.9971444606781006,loss=0.007393696345388889>
50.5974 seconds
Tested. Sparse categorical accuracy: 30.00

round 23, metrics=<sparse_categorical_accuracy=0.9976000189781189,loss=0.006982498336583376>
52.4788 seconds
Tested. Sparse categorical accuracy: 24.00

round 24, metrics=<sparse_categorical_accuracy=0.9971666932106018,loss=0.007632361724972725>
52.1442 seconds
Tested. Sparse categorical accuracy: 42.00

round 25, metrics=<sparse_categorical_accuracy=0.9979110956192017,loss=0.007200935389846563>
53.1693 seconds
Tested. Sparse categorical accuracy: 40.00

round 26, metrics=<sparse_categorical_accuracy=0.9980444312095642,loss=0.006867855321615934>
51.5238 seconds
Tested. Sparse categorical accuracy: 37.00

round 27, metrics=<sparse_categorical_accuracy=0.9979777932167053,loss=0.006746986880898476>
51.7245 seconds
Tested. Sparse categorical accuracy: 43.00

round 28, metrics=<sparse_categorical_accuracy=0.9977333545684814,loss=0.006382212974131107>
51.2977 seconds
Tested. Sparse categorical accuracy: 12.00

round 29, metrics=<sparse_categorical_accuracy=0.996999979019165,loss=0.007351395674049854>
54.1077 seconds
Tested. Sparse categorical accuracy: 44.00

round 30, metrics=<sparse_categorical_accuracy=0.9977666735649109,loss=0.008321125991642475>
54.5998 seconds
Tested. Sparse categorical accuracy: 37.00

round 31, metrics=<sparse_categorical_accuracy=0.9975888729095459,loss=0.007498636841773987>
53.3544 seconds
Tested. Sparse categorical accuracy: 48.00

round 32, metrics=<sparse_categorical_accuracy=0.9985222220420837,loss=0.005197664722800255>
52.3194 seconds
Tested. Sparse categorical accuracy: 39.00

round 33, metrics=<sparse_categorical_accuracy=0.9980999827384949,loss=0.00481160543859005>
50.8093 seconds
Tested. Sparse categorical accuracy: 60.00

round 34, metrics=<sparse_categorical_accuracy=0.9987666606903076,loss=0.0051055774092674255>
53.3132 seconds
Tested. Sparse categorical accuracy: 49.00

round 35, metrics=<sparse_categorical_accuracy=0.9984555840492249,loss=0.004531023558229208>
52.3300 seconds
Tested. Sparse categorical accuracy: 50.00

round 36, metrics=<sparse_categorical_accuracy=0.9981333613395691,loss=0.00659659830853343>
51.8240 seconds
Tested. Sparse categorical accuracy: 39.00

round 37, metrics=<sparse_categorical_accuracy=0.9977999925613403,loss=0.0057086339220404625>
53.4922 seconds
Tested. Sparse categorical accuracy: 47.00

round 38, metrics=<sparse_categorical_accuracy=0.9981333613395691,loss=0.004898115526884794>
52.1663 seconds
Tested. Sparse categorical accuracy: 41.00

round 39, metrics=<sparse_categorical_accuracy=0.9984111189842224,loss=0.004210241138935089>
50.5416 seconds
Tested. Sparse categorical accuracy: 44.00

round 40, metrics=<sparse_categorical_accuracy=0.9980111122131348,loss=0.0051672556437551975>
51.7486 seconds
Tested. Sparse categorical accuracy: 59.00

round 41, metrics=<sparse_categorical_accuracy=0.9984666705131531,loss=0.0047756824642419815>
53.8440 seconds
Tested. Sparse categorical accuracy: 56.00

round 42, metrics=<sparse_categorical_accuracy=0.9988555312156677,loss=0.00372560927644372>
51.0002 seconds
Tested. Sparse categorical accuracy: 66.00

round 43, metrics=<sparse_categorical_accuracy=0.9989555478096008,loss=0.003070872975513339>
51.3712 seconds
Tested. Sparse categorical accuracy: 64.00

round 44, metrics=<sparse_categorical_accuracy=0.998877763748169,loss=0.003895512316375971>
51.7110 seconds
Tested. Sparse categorical accuracy: 38.00

round 45, metrics=<sparse_categorical_accuracy=0.9983222484588623,loss=0.004429671447724104>
52.3893 seconds
Tested. Sparse categorical accuracy: 51.00

round 46, metrics=<sparse_categorical_accuracy=0.9983111023902893,loss=0.005739160813391209>
55.5251 seconds
Tested. Sparse categorical accuracy: 41.00

round 47, metrics=<sparse_categorical_accuracy=0.9978111386299133,loss=0.005954857915639877>
50.0023 seconds
Tested. Sparse categorical accuracy: 64.00

round 48, metrics=<sparse_categorical_accuracy=0.9985555410385132,loss=0.004783701617270708>
51.0094 seconds
Tested. Sparse categorical accuracy: 63.00

round 49, metrics=<sparse_categorical_accuracy=0.9988111257553101,loss=0.0034614158794283867>
52.8210 seconds
Tested. Sparse categorical accuracy: 59.00

round 50, metrics=<sparse_categorical_accuracy=0.9989444613456726,loss=0.003277186304330826>
54.4637 seconds
Tested. Sparse categorical accuracy: 65.00

round 51, metrics=<sparse_categorical_accuracy=0.9990222454071045,loss=0.0027897004038095474>
51.1251 seconds
Tested. Sparse categorical accuracy: 72.00

round 52, metrics=<sparse_categorical_accuracy=0.9991333484649658,loss=0.002665446838364005>
55.2218 seconds
Tested. Sparse categorical accuracy: 73.00

round 53, metrics=<sparse_categorical_accuracy=0.9992111325263977,loss=0.0023691251408308744>
52.1528 seconds
Tested. Sparse categorical accuracy: 73.00

round 54, metrics=<sparse_categorical_accuracy=0.9989666938781738,loss=0.0030135074630379677>
50.8852 seconds
Tested. Sparse categorical accuracy: 78.00

round 55, metrics=<sparse_categorical_accuracy=0.999322235584259,loss=0.0021241239737719297>
50.7278 seconds
Tested. Sparse categorical accuracy: 64.00

round 56, metrics=<sparse_categorical_accuracy=0.9990222454071045,loss=0.002712957328185439>
52.0308 seconds
Tested. Sparse categorical accuracy: 77.00

round 57, metrics=<sparse_categorical_accuracy=0.9989666938781738,loss=0.0027996806893497705>
51.6373 seconds
Tested. Sparse categorical accuracy: 63.00

round 58, metrics=<sparse_categorical_accuracy=0.9992777705192566,loss=0.0024619365576654673>
51.4577 seconds
Tested. Sparse categorical accuracy: 53.00

round 59, metrics=<sparse_categorical_accuracy=0.9987000226974487,loss=0.0033582153264433146>
52.1971 seconds
Tested. Sparse categorical accuracy: 69.00

round 60, metrics=<sparse_categorical_accuracy=0.9989110827445984,loss=0.0030077043920755386>
51.6399 seconds
Tested. Sparse categorical accuracy: 52.00

round 61, metrics=<sparse_categorical_accuracy=0.9985111355781555,loss=0.004345287568867207>
49.8636 seconds
Tested. Sparse categorical accuracy: 55.00

round 62, metrics=<sparse_categorical_accuracy=0.9987666606903076,loss=0.00562641816213727>
51.5521 seconds
Tested. Sparse categorical accuracy: 62.00

round 63, metrics=<sparse_categorical_accuracy=0.9987444281578064,loss=0.0035634732339531183>
51.7623 seconds
Tested. Sparse categorical accuracy: 82.00

round 64, metrics=<sparse_categorical_accuracy=0.9992111325263977,loss=0.0028514608275145292>
55.0134 seconds
Tested. Sparse categorical accuracy: 78.00

round 65, metrics=<sparse_categorical_accuracy=0.9993666410446167,loss=0.002278153086081147>
54.9263 seconds
Tested. Sparse categorical accuracy: 74.00

round 66, metrics=<sparse_categorical_accuracy=0.9991222023963928,loss=0.002596765523776412>
54.5610 seconds
Tested. Sparse categorical accuracy: 70.00

round 67, metrics=<sparse_categorical_accuracy=0.9991333484649658,loss=0.0024038327392190695>
54.3124 seconds
Tested. Sparse categorical accuracy: 80.00

round 68, metrics=<sparse_categorical_accuracy=0.9994444251060486,loss=0.00185004819650203>
54.5401 seconds
Tested. Sparse categorical accuracy: 77.00

round 69, metrics=<sparse_categorical_accuracy=0.9992444515228271,loss=0.0023583322763442993>
54.1767 seconds
Tested. Sparse categorical accuracy: 82.00

round 70, metrics=<sparse_categorical_accuracy=0.9991666674613953,loss=0.002364623360335827>
53.7355 seconds
Tested. Sparse categorical accuracy: 69.00

round 71, metrics=<sparse_categorical_accuracy=0.9989333152770996,loss=0.0028027023654431105>
53.3241 seconds
Tested. Sparse categorical accuracy: 75.00

round 72, metrics=<sparse_categorical_accuracy=0.9992222189903259,loss=0.0024817651137709618>
53.6614 seconds
Tested. Sparse categorical accuracy: 76.00

round 73, metrics=<sparse_categorical_accuracy=0.9995111227035522,loss=0.0018392889760434628>
53.7459 seconds
Tested. Sparse categorical accuracy: 71.00

round 74, metrics=<sparse_categorical_accuracy=0.9992555379867554,loss=0.002353671472519636>
53.9516 seconds
Tested. Sparse categorical accuracy: 84.00

round 75, metrics=<sparse_categorical_accuracy=0.9993333220481873,loss=0.002213086234405637>
55.2564 seconds
Tested. Sparse categorical accuracy: 81.00

round 76, metrics=<sparse_categorical_accuracy=0.999144434928894,loss=0.0024976760614663363>
53.4848 seconds
Tested. Sparse categorical accuracy: 86.00

round 77, metrics=<sparse_categorical_accuracy=0.9993777871131897,loss=0.0019998066127300262>
53.1893 seconds
Tested. Sparse categorical accuracy: 85.00

round 78, metrics=<sparse_categorical_accuracy=0.9994778037071228,loss=0.0016244234284386039>
54.7856 seconds
Tested. Sparse categorical accuracy: 84.00

round 79, metrics=<sparse_categorical_accuracy=0.9994555711746216,loss=0.0017000761581584811>
54.6793 seconds
Tested. Sparse categorical accuracy: 78.00

round 80, metrics=<sparse_categorical_accuracy=0.9994221925735474,loss=0.001874449197202921>
54.3017 seconds
Tested. Sparse categorical accuracy: 74.00

round 81, metrics=<sparse_categorical_accuracy=0.9991888999938965,loss=0.0020701803732663393>
54.7405 seconds
Tested. Sparse categorical accuracy: 79.00

round 82, metrics=<sparse_categorical_accuracy=0.9992333054542542,loss=0.002279068576171994>
54.0715 seconds
Tested. Sparse categorical accuracy: 76.00

round 83, metrics=<sparse_categorical_accuracy=0.9993888735771179,loss=0.0015938178403303027>
55.0504 seconds
Tested. Sparse categorical accuracy: 69.00

round 84, metrics=<sparse_categorical_accuracy=0.998977780342102,loss=0.003012704895809293>
56.2177 seconds
Tested. Sparse categorical accuracy: 84.00

round 85, metrics=<sparse_categorical_accuracy=0.9994999766349792,loss=0.0018640875350683928>
58.2330 seconds
Tested. Sparse categorical accuracy: 82.00

round 86, metrics=<sparse_categorical_accuracy=0.9994999766349792,loss=0.0015828360337764025>
59.2822 seconds
Tested. Sparse categorical accuracy: 88.00

round 87, metrics=<sparse_categorical_accuracy=0.9995777606964111,loss=0.0014293701387941837>
59.3354 seconds
Tested. Sparse categorical accuracy: 83.00

round 88, metrics=<sparse_categorical_accuracy=0.9995555281639099,loss=0.0014662916073575616>
57.9305 seconds
Tested. Sparse categorical accuracy: 80.00

round 89, metrics=<sparse_categorical_accuracy=0.9994778037071228,loss=0.0015732204774394631>
58.1457 seconds
Tested. Sparse categorical accuracy: 87.00

round 90, metrics=<sparse_categorical_accuracy=0.9994666576385498,loss=0.0015426654135808349>
57.4348 seconds
Tested. Sparse categorical accuracy: 77.00

round 91, metrics=<sparse_categorical_accuracy=0.9994555711746216,loss=0.0016882490599527955>
56.0620 seconds
Tested. Sparse categorical accuracy: 79.00

round 92, metrics=<sparse_categorical_accuracy=0.9993333220481873,loss=0.00179092597682029>
56.2553 seconds
Tested. Sparse categorical accuracy: 77.00

round 93, metrics=<sparse_categorical_accuracy=0.9993333220481873,loss=0.0017506725853309035>
58.0040 seconds
Tested. Sparse categorical accuracy: 78.00

round 94, metrics=<sparse_categorical_accuracy=0.9992111325263977,loss=0.002386573702096939>
59.3585 seconds
Tested. Sparse categorical accuracy: 90.00

round 95, metrics=<sparse_categorical_accuracy=0.9995777606964111,loss=0.0013640845427289605>
58.9787 seconds
Tested. Sparse categorical accuracy: 89.00

round 96, metrics=<sparse_categorical_accuracy=0.9995777606964111,loss=0.0013605421409010887>
58.2970 seconds
Tested. Sparse categorical accuracy: 87.00

round 97, metrics=<sparse_categorical_accuracy=0.9996222257614136,loss=0.0013280350249260664>
57.8047 seconds
Tested. Sparse categorical accuracy: 78.00

round 98, metrics=<sparse_categorical_accuracy=0.9996333122253418,loss=0.0012008267221972346>
58.0417 seconds
Tested. Sparse categorical accuracy: 83.00

round 99, metrics=<sparse_categorical_accuracy=0.9994221925735474,loss=0.0015367809683084488>
58.3555 seconds
Tested. Sparse categorical accuracy: 85.00

round 100, metrics=<sparse_categorical_accuracy=0.9996111392974854,loss=0.0013508559204638004>
58.2772 seconds
Tested. Sparse categorical accuracy: 83.00

round 101, metrics=<sparse_categorical_accuracy=0.9995555281639099,loss=0.001161533989943564>
57.1974 seconds
Tested. Sparse categorical accuracy: 84.00

round 102, metrics=<sparse_categorical_accuracy=0.9995555281639099,loss=0.0012197509640827775>
56.0406 seconds
Tested. Sparse categorical accuracy: 83.00

round 103, metrics=<sparse_categorical_accuracy=0.9995889067649841,loss=0.0011535125086084008>
57.1854 seconds
Tested. Sparse categorical accuracy: 83.00

round 104, metrics=<sparse_categorical_accuracy=0.9992555379867554,loss=0.0020890128798782825>
56.0642 seconds
Tested. Sparse categorical accuracy: 73.00

round 105, metrics=<sparse_categorical_accuracy=0.9990777969360352,loss=0.0034446604549884796>
56.2635 seconds
Tested. Sparse categorical accuracy: 74.00

round 106, metrics=<sparse_categorical_accuracy=0.9992444515228271,loss=0.0020721780601888895>
56.2531 seconds
Tested. Sparse categorical accuracy: 82.00

round 107, metrics=<sparse_categorical_accuracy=0.9994778037071228,loss=0.0019324168097227812>
54.8896 seconds
Tested. Sparse categorical accuracy: 89.00

round 108, metrics=<sparse_categorical_accuracy=0.9995555281639099,loss=0.0014198330463841558>
56.5736 seconds
Tested. Sparse categorical accuracy: 83.00

round 109, metrics=<sparse_categorical_accuracy=0.999655544757843,loss=0.0012422144645825028>
56.1260 seconds
Tested. Sparse categorical accuracy: 88.00

round 110, metrics=<sparse_categorical_accuracy=0.9995555281639099,loss=0.0012520465534180403>
58.2923 seconds
Tested. Sparse categorical accuracy: 85.00

round 111, metrics=<sparse_categorical_accuracy=0.9997110962867737,loss=0.001067653065547347>
58.8942 seconds
Tested. Sparse categorical accuracy: 89.00

round 112, metrics=<sparse_categorical_accuracy=0.999666690826416,loss=0.001029823673889041>
60.2828 seconds
Tested. Sparse categorical accuracy: 83.00

round 113, metrics=<sparse_categorical_accuracy=0.9996111392974854,loss=0.001268950174562633>
60.9900 seconds
Tested. Sparse categorical accuracy: 83.00

round 114, metrics=<sparse_categorical_accuracy=0.9995333552360535,loss=0.001419721869751811>
59.4872 seconds
Tested. Sparse categorical accuracy: 90.00

round 115, metrics=<sparse_categorical_accuracy=0.9994555711746216,loss=0.0015953808324411511>
59.6130 seconds
Tested. Sparse categorical accuracy: 78.00

round 116, metrics=<sparse_categorical_accuracy=0.9992777705192566,loss=0.0019805424381047487>
59.3872 seconds
Tested. Sparse categorical accuracy: 77.00

round 117, metrics=<sparse_categorical_accuracy=0.9991333484649658,loss=0.002556117018684745>
60.2041 seconds
Tested. Sparse categorical accuracy: 81.00

round 118, metrics=<sparse_categorical_accuracy=0.9995333552360535,loss=0.001511102425865829>
58.3943 seconds
Tested. Sparse categorical accuracy: 78.00

round 119, metrics=<sparse_categorical_accuracy=0.9995444416999817,loss=0.0015147196827456355>
59.4889 seconds
Tested. Sparse categorical accuracy: 86.00

round 120, metrics=<sparse_categorical_accuracy=0.9994999766349792,loss=0.0015131988329812884>
59.3250 seconds
Tested. Sparse categorical accuracy: 91.00

round 121, metrics=<sparse_categorical_accuracy=0.9996222257614136,loss=0.001238432014361024>
58.2189 seconds
Tested. Sparse categorical accuracy: 91.00

round 122, metrics=<sparse_categorical_accuracy=0.9997555613517761,loss=0.0009958657901734114>
54.7617 seconds
Tested. Sparse categorical accuracy: 91.00

round 123, metrics=<sparse_categorical_accuracy=0.9997110962867737,loss=0.0009409349877387285>
52.7333 seconds
Tested. Sparse categorical accuracy: 85.00

round 124, metrics=<sparse_categorical_accuracy=0.999655544757843,loss=0.0012035336112603545>
52.8638 seconds
Tested. Sparse categorical accuracy: 87.00

round 125, metrics=<sparse_categorical_accuracy=0.9996888637542725,loss=0.00120354734826833>
58.3150 seconds
Tested. Sparse categorical accuracy: 93.00

round 126, metrics=<sparse_categorical_accuracy=0.9995999932289124,loss=0.0012357835657894611>
58.0515 seconds
Tested. Sparse categorical accuracy: 90.00

round 127, metrics=<sparse_categorical_accuracy=0.9997555613517761,loss=0.0008290959522128105>
56.4617 seconds
Tested. Sparse categorical accuracy: 90.00

round 128, metrics=<sparse_categorical_accuracy=0.9997444152832031,loss=0.0009915323462337255>
56.1114 seconds
Tested. Sparse categorical accuracy: 89.00

round 129, metrics=<sparse_categorical_accuracy=0.9996111392974854,loss=0.0011046375147998333>
56.4791 seconds
Tested. Sparse categorical accuracy: 89.00

round 130, metrics=<sparse_categorical_accuracy=0.9995555281639099,loss=0.001249787281267345>
55.6378 seconds
Tested. Sparse categorical accuracy: 84.00

round 131, metrics=<sparse_categorical_accuracy=0.9996111392974854,loss=0.0011351641733199358>
56.8011 seconds
Tested. Sparse categorical accuracy: 85.00

round 132, metrics=<sparse_categorical_accuracy=0.9995777606964111,loss=0.001224497682414949>
54.5436 seconds
Tested. Sparse categorical accuracy: 90.00

round 133, metrics=<sparse_categorical_accuracy=0.9995999932289124,loss=0.0011110275518149137>
57.1056 seconds
Tested. Sparse categorical accuracy: 87.00

round 134, metrics=<sparse_categorical_accuracy=0.999488890171051,loss=0.0012143849162384868>
57.7815 seconds
Tested. Sparse categorical accuracy: 88.00

round 135, metrics=<sparse_categorical_accuracy=0.9995777606964111,loss=0.001399485976435244>
55.2864 seconds
Tested. Sparse categorical accuracy: 80.00

round 136, metrics=<sparse_categorical_accuracy=0.9996888637542725,loss=0.001106221810914576>
54.1101 seconds
Tested. Sparse categorical accuracy: 90.00

round 137, metrics=<sparse_categorical_accuracy=0.9997777938842773,loss=0.0008972210926003754>
55.0656 seconds
Tested. Sparse categorical accuracy: 97.00

round 138, metrics=<sparse_categorical_accuracy=0.9997666478157043,loss=0.0007931598229333758>
54.7694 seconds
Tested. Sparse categorical accuracy: 89.00

round 139, metrics=<sparse_categorical_accuracy=0.9997666478157043,loss=0.0008316861349157989>
56.2450 seconds
Tested. Sparse categorical accuracy: 90.00

round 140, metrics=<sparse_categorical_accuracy=0.9996222257614136,loss=0.0011327058309689164>
55.1426 seconds
Tested. Sparse categorical accuracy: 89.00

round 141, metrics=<sparse_categorical_accuracy=0.9997222423553467,loss=0.00098918576259166>
56.1360 seconds
Tested. Sparse categorical accuracy: 91.00

round 142, metrics=<sparse_categorical_accuracy=0.9997444152832031,loss=0.0007817831938154995>
56.6312 seconds
Tested. Sparse categorical accuracy: 94.00

round 143, metrics=<sparse_categorical_accuracy=0.9997888803482056,loss=0.0008271658443845809>
57.1684 seconds
Tested. Sparse categorical accuracy: 80.00

round 144, metrics=<sparse_categorical_accuracy=0.999666690826416,loss=0.001114636193960905>
57.0459 seconds
Tested. Sparse categorical accuracy: 88.00

round 145, metrics=<sparse_categorical_accuracy=0.9997222423553467,loss=0.000977311166934669>
55.3713 seconds
Tested. Sparse categorical accuracy: 78.00

round 146, metrics=<sparse_categorical_accuracy=0.9996111392974854,loss=0.001335047883912921>
56.5381 seconds
Tested. Sparse categorical accuracy: 88.00

round 147, metrics=<sparse_categorical_accuracy=0.9996444582939148,loss=0.0011217722203582525>
56.3016 seconds
Tested. Sparse categorical accuracy: 90.00

round 148, metrics=<sparse_categorical_accuracy=0.9997222423553467,loss=0.001016464433632791>
55.8507 seconds
Tested. Sparse categorical accuracy: 87.00

round 149, metrics=<sparse_categorical_accuracy=0.9996888637542725,loss=0.0011983424192294478>
56.2881 seconds
Tested. Sparse categorical accuracy: 89.00

round 150, metrics=<sparse_categorical_accuracy=0.9996777772903442,loss=0.0012071823002770543>
55.6691 seconds
Tested. Sparse categorical accuracy: 92.00

round 151, metrics=<sparse_categorical_accuracy=0.9997555613517761,loss=0.0009123730123974383>
55.5318 seconds
Tested. Sparse categorical accuracy: 87.00

round 152, metrics=<sparse_categorical_accuracy=0.9997888803482056,loss=0.0007686193566769361>
56.3869 seconds
Tested. Sparse categorical accuracy: 93.00

round 153, metrics=<sparse_categorical_accuracy=0.9998000264167786,loss=0.0007289607310667634>
56.1505 seconds
Tested. Sparse categorical accuracy: 86.00

round 154, metrics=<sparse_categorical_accuracy=0.9997110962867737,loss=0.0007853292627260089>
56.3522 seconds
Tested. Sparse categorical accuracy: 91.00

round 155, metrics=<sparse_categorical_accuracy=0.9996777772903442,loss=0.0011119452537968755>
55.9112 seconds
Tested. Sparse categorical accuracy: 92.00

round 156, metrics=<sparse_categorical_accuracy=0.9996222257614136,loss=0.0010370033560320735>
55.9841 seconds
Tested. Sparse categorical accuracy: 83.00

round 157, metrics=<sparse_categorical_accuracy=0.9995999932289124,loss=0.0009676707559265196>
55.2512 seconds
Tested. Sparse categorical accuracy: 90.00

round 158, metrics=<sparse_categorical_accuracy=0.9997333288192749,loss=0.0009091066312976182>
55.9365 seconds
Tested. Sparse categorical accuracy: 96.00

round 159, metrics=<sparse_categorical_accuracy=0.9997555613517761,loss=0.0007466935785487294>
55.1685 seconds
Tested. Sparse categorical accuracy: 90.00

round 160, metrics=<sparse_categorical_accuracy=0.9997444152832031,loss=0.0009298662771470845>
54.7566 seconds
Tested. Sparse categorical accuracy: 90.00

round 161, metrics=<sparse_categorical_accuracy=0.9997110962867737,loss=0.0009694884647615254>
55.0409 seconds
Tested. Sparse categorical accuracy: 93.00

round 162, metrics=<sparse_categorical_accuracy=0.9997777938842773,loss=0.0008326449315063655>
56.4977 seconds
Tested. Sparse categorical accuracy: 96.00

round 163, metrics=<sparse_categorical_accuracy=0.9997333288192749,loss=0.0007649448234587908>
58.0123 seconds
Tested. Sparse categorical accuracy: 87.00

round 164, metrics=<sparse_categorical_accuracy=0.9996777772903442,loss=0.0010771945817396045>
55.9370 seconds
Tested. Sparse categorical accuracy: 87.00

round 165, metrics=<sparse_categorical_accuracy=0.9995555281639099,loss=0.0014719191240146756>
57.6211 seconds
Tested. Sparse categorical accuracy: 87.00

round 166, metrics=<sparse_categorical_accuracy=0.9997110962867737,loss=0.0009110344690270722>
55.1253 seconds
Tested. Sparse categorical accuracy: 95.00

round 167, metrics=<sparse_categorical_accuracy=0.9997000098228455,loss=0.0008500533294863999>
55.4786 seconds
Tested. Sparse categorical accuracy: 92.00

round 168, metrics=<sparse_categorical_accuracy=0.9998000264167786,loss=0.000608995498623699>
56.4378 seconds
Tested. Sparse categorical accuracy: 90.00

round 169, metrics=<sparse_categorical_accuracy=0.9997110962867737,loss=0.0008030220633372664>
55.0294 seconds
Tested. Sparse categorical accuracy: 84.00

round 170, metrics=<sparse_categorical_accuracy=0.9997777938842773,loss=0.0007790719973854721>
54.3207 seconds
Tested. Sparse categorical accuracy: 92.00

round 171, metrics=<sparse_categorical_accuracy=0.9997666478157043,loss=0.0006539694149978459>
55.6680 seconds
Tested. Sparse categorical accuracy: 97.00

round 172, metrics=<sparse_categorical_accuracy=0.9998111128807068,loss=0.000690416491124779>
55.3608 seconds
Tested. Sparse categorical accuracy: 97.00

round 173, metrics=<sparse_categorical_accuracy=0.9997555613517761,loss=0.0007529729045927525>
55.9304 seconds
Tested. Sparse categorical accuracy: 89.00

round 174, metrics=<sparse_categorical_accuracy=0.9995999932289124,loss=0.0011153706582263112>
54.6637 seconds
Tested. Sparse categorical accuracy: 91.00

round 175, metrics=<sparse_categorical_accuracy=0.9994999766349792,loss=0.00192731199786067>
54.9672 seconds
Tested. Sparse categorical accuracy: 89.00

round 176, metrics=<sparse_categorical_accuracy=0.9997110962867737,loss=0.0008704585488885641>
57.1385 seconds
Tested. Sparse categorical accuracy: 95.00

round 177, metrics=<sparse_categorical_accuracy=0.9997777938842773,loss=0.000769169011618942>
55.5344 seconds
Tested. Sparse categorical accuracy: 93.00

round 178, metrics=<sparse_categorical_accuracy=0.9997888803482056,loss=0.0007032369612716138>
57.8022 seconds
Tested. Sparse categorical accuracy: 89.00

round 179, metrics=<sparse_categorical_accuracy=0.9997666478157043,loss=0.0007280014106072485>
57.2719 seconds
Tested. Sparse categorical accuracy: 94.00

round 180, metrics=<sparse_categorical_accuracy=0.9997333288192749,loss=0.0007268759654834867>
54.1668 seconds
Tested. Sparse categorical accuracy: 92.00

round 181, metrics=<sparse_categorical_accuracy=0.999666690826416,loss=0.001064816489815712>
54.6184 seconds
Tested. Sparse categorical accuracy: 93.00

round 182, metrics=<sparse_categorical_accuracy=0.9997333288192749,loss=0.0007228782633319497>
56.4771 seconds
Tested. Sparse categorical accuracy: 88.00

round 183, metrics=<sparse_categorical_accuracy=0.9997666478157043,loss=0.0007108078571036458>
57.7348 seconds
Tested. Sparse categorical accuracy: 89.00

round 184, metrics=<sparse_categorical_accuracy=0.9996111392974854,loss=0.001129069598391652>
57.4963 seconds
Tested. Sparse categorical accuracy: 92.00

round 185, metrics=<sparse_categorical_accuracy=0.9996111392974854,loss=0.0015217572217807174>
57.6870 seconds
Tested. Sparse categorical accuracy: 92.00

round 186, metrics=<sparse_categorical_accuracy=0.9998000264167786,loss=0.0007658777176402509>
59.0702 seconds
Tested. Sparse categorical accuracy: 97.00

round 187, metrics=<sparse_categorical_accuracy=0.9998000264167786,loss=0.0005668391822837293>
57.7830 seconds
Tested. Sparse categorical accuracy: 96.00

round 188, metrics=<sparse_categorical_accuracy=0.9998666644096375,loss=0.0005123218288645148>
59.1470 seconds
Tested. Sparse categorical accuracy: 92.00

round 189, metrics=<sparse_categorical_accuracy=0.9997555613517761,loss=0.0006963336491025984>
59.1053 seconds
Tested. Sparse categorical accuracy: 97.00

round 190, metrics=<sparse_categorical_accuracy=0.9996888637542725,loss=0.0009977068984881043>
57.9869 seconds
Tested. Sparse categorical accuracy: 89.00

round 191, metrics=<sparse_categorical_accuracy=0.999655544757843,loss=0.0011986215831711888>
57.6107 seconds
Tested. Sparse categorical accuracy: 87.00

round 192, metrics=<sparse_categorical_accuracy=0.999655544757843,loss=0.0010492781875655055>
59.9075 seconds
Tested. Sparse categorical accuracy: 96.00

round 193, metrics=<sparse_categorical_accuracy=0.9997666478157043,loss=0.0007573416805826128>
60.9215 seconds
Tested. Sparse categorical accuracy: 90.00

round 194, metrics=<sparse_categorical_accuracy=0.9996333122253418,loss=0.001031290041282773>
60.7013 seconds
Tested. Sparse categorical accuracy: 93.00

round 195, metrics=<sparse_categorical_accuracy=0.9996333122253418,loss=0.0011210114462301135>
58.6308 seconds
Tested. Sparse categorical accuracy: 94.00

round 196, metrics=<sparse_categorical_accuracy=0.9997222423553467,loss=0.0008825980476103723>
59.9528 seconds
Tested. Sparse categorical accuracy: 92.00

round 197, metrics=<sparse_categorical_accuracy=0.9997666478157043,loss=0.0007200417458079755>
58.3389 seconds
Tested. Sparse categorical accuracy: 94.00

round 198, metrics=<sparse_categorical_accuracy=0.9997555613517761,loss=0.0007795767160132527>
61.0848 seconds
Tested. Sparse categorical accuracy: 91.00

round 199, metrics=<sparse_categorical_accuracy=0.9998666644096375,loss=0.0005171260563656688>
61.4410 seconds
Tested. Sparse categorical accuracy: 91.00

round 200, metrics=<sparse_categorical_accuracy=0.9997888803482056,loss=0.000636207521893084>
62.0861 seconds
Tested. Sparse categorical accuracy: 91.00

Target accuracy reached after  200  rounds
Average time per round: 55.00

2020-05-02 14:02:21.967287
