
TENSORFLOW USERS:
You must use the python3.6-anaconda/5.2.0 module to run TensorFlow.
See https://arc-ts.umich.edu/greatlakes/software/tensorflow for more
information.



The following have been reloaded with a version change:
  1) cuda/10.0.130 => cuda/10.1.105


Currently Loaded Modules:
  1) python3.7-anaconda/2019.07   2) cudnn/10.0-v7.6   3) cuda/10.1.105

 

mkdir: cannot create directory ‘results/5842441’: File exists
mkdir: cannot create directory ‘results/5842441/log’: File exists
Test  5
2020-05-01 04:02:51.944340


Schema 1: Each client partially IID
--------------------------------------------------
percent data distributed IID:  0
number of classes for non-IID data:  2
data points per client (mean, std dev): ( 600 ,  0 )
--------------------------------------------------

round  1, metrics=<sparse_categorical_accuracy=0.996666669845581,loss=0.024495072662830353>
53.4206 seconds
Tested. Sparse categorical accuracy: 12.00

round  2, metrics=<sparse_categorical_accuracy=0.9972000122070312,loss=0.00773064699023962>
45.3704 seconds
Tested. Sparse categorical accuracy: 10.00

round  3, metrics=<sparse_categorical_accuracy=0.996666669845581,loss=0.015034814365208149>
45.4007 seconds
Tested. Sparse categorical accuracy: 11.00

round  4, metrics=<sparse_categorical_accuracy=0.9972000122070312,loss=0.01135278306901455>
46.3352 seconds
Tested. Sparse categorical accuracy: 9.00

round  5, metrics=<sparse_categorical_accuracy=0.9970666766166687,loss=0.009865256026387215>
45.3110 seconds
Tested. Sparse categorical accuracy: 12.00

round  6, metrics=<sparse_categorical_accuracy=0.9972000122070312,loss=0.008863483555614948>
52.7326 seconds
Tested. Sparse categorical accuracy: 10.00

round  7, metrics=<sparse_categorical_accuracy=0.996666669845581,loss=0.011314494535326958>
52.3755 seconds
Tested. Sparse categorical accuracy: 12.00

round  8, metrics=<sparse_categorical_accuracy=0.9972000122070312,loss=0.009950300678610802>
50.0862 seconds
Tested. Sparse categorical accuracy: 16.00

round  9, metrics=<sparse_categorical_accuracy=0.9976000189781189,loss=0.009026731364428997>
44.5329 seconds
Tested. Sparse categorical accuracy: 14.00

round 10, metrics=<sparse_categorical_accuracy=0.9974133372306824,loss=0.007340606302022934>
50.0196 seconds
Tested. Sparse categorical accuracy: 6.00

round 11, metrics=<sparse_categorical_accuracy=0.996666669845581,loss=0.009106886573135853>
48.0817 seconds
Tested. Sparse categorical accuracy: 19.00

round 12, metrics=<sparse_categorical_accuracy=0.9972000122070312,loss=0.009878851473331451>
53.4073 seconds
Tested. Sparse categorical accuracy: 22.00

round 13, metrics=<sparse_categorical_accuracy=0.9974799752235413,loss=0.009088268503546715>
44.4301 seconds
Tested. Sparse categorical accuracy: 10.00

round 14, metrics=<sparse_categorical_accuracy=0.9972000122070312,loss=0.0075262547470629215>
51.9129 seconds
Tested. Sparse categorical accuracy: 6.00

round 15, metrics=<sparse_categorical_accuracy=0.996666669845581,loss=0.009119057096540928>
45.0350 seconds
Tested. Sparse categorical accuracy: 14.00

round 16, metrics=<sparse_categorical_accuracy=0.9972133040428162,loss=0.008852189406752586>
51.7930 seconds
Tested. Sparse categorical accuracy: 17.00

round 17, metrics=<sparse_categorical_accuracy=0.9977733492851257,loss=0.008192099630832672>
53.9862 seconds
Tested. Sparse categorical accuracy: 26.00

round 18, metrics=<sparse_categorical_accuracy=0.9976800084114075,loss=0.006827074568718672>
51.0666 seconds
Tested. Sparse categorical accuracy: 10.00

round 19, metrics=<sparse_categorical_accuracy=0.996666669845581,loss=0.007984560914337635>
49.2741 seconds
Tested. Sparse categorical accuracy: 17.00

round 20, metrics=<sparse_categorical_accuracy=0.9973866939544678,loss=0.008543027564883232>
45.0983 seconds
Tested. Sparse categorical accuracy: 19.00

round 21, metrics=<sparse_categorical_accuracy=0.9977999925613403,loss=0.007730358280241489>
49.9895 seconds
Tested. Sparse categorical accuracy: 27.00

round 22, metrics=<sparse_categorical_accuracy=0.9978933334350586,loss=0.006280092988163233>
45.7340 seconds
Tested. Sparse categorical accuracy: 8.00

round 23, metrics=<sparse_categorical_accuracy=0.9966800212860107,loss=0.0071022543124854565>
51.6512 seconds
Tested. Sparse categorical accuracy: 24.00

round 24, metrics=<sparse_categorical_accuracy=0.9976933598518372,loss=0.007612387649714947>
45.9614 seconds
Tested. Sparse categorical accuracy: 25.00

round 25, metrics=<sparse_categorical_accuracy=0.997759997844696,loss=0.006947367452085018>
52.5017 seconds
Tested. Sparse categorical accuracy: 33.00

round 26, metrics=<sparse_categorical_accuracy=0.9981200098991394,loss=0.005364247132092714>
45.0278 seconds
Tested. Sparse categorical accuracy: 22.00

round 27, metrics=<sparse_categorical_accuracy=0.997439980506897,loss=0.006114698946475983>
52.2700 seconds
Tested. Sparse categorical accuracy: 29.00

round 28, metrics=<sparse_categorical_accuracy=0.9979066848754883,loss=0.0074852341786026955>
44.9817 seconds
Tested. Sparse categorical accuracy: 22.00

round 29, metrics=<sparse_categorical_accuracy=0.997866690158844,loss=0.006120530888438225>
53.1214 seconds
Tested. Sparse categorical accuracy: 49.00

round 30, metrics=<sparse_categorical_accuracy=0.998520016670227,loss=0.004957066848874092>
45.8382 seconds
Tested. Sparse categorical accuracy: 26.00

round 31, metrics=<sparse_categorical_accuracy=0.998253345489502,loss=0.0054370202124118805>
45.8459 seconds
Tested. Sparse categorical accuracy: 43.00

round 32, metrics=<sparse_categorical_accuracy=0.9982799887657166,loss=0.00622938945889473>
44.8779 seconds
Tested. Sparse categorical accuracy: 45.00

round 33, metrics=<sparse_categorical_accuracy=0.9985066652297974,loss=0.004801555071026087>
52.7955 seconds
Tested. Sparse categorical accuracy: 53.00

round 34, metrics=<sparse_categorical_accuracy=0.998960018157959,loss=0.003634451422840357>
50.5662 seconds
Tested. Sparse categorical accuracy: 60.00

round 35, metrics=<sparse_categorical_accuracy=0.9990266561508179,loss=0.003494562581181526>
53.2696 seconds
Tested. Sparse categorical accuracy: 59.00

round 36, metrics=<sparse_categorical_accuracy=0.9986400008201599,loss=0.004110004287213087>
45.2609 seconds
Tested. Sparse categorical accuracy: 60.00

round 37, metrics=<sparse_categorical_accuracy=0.9987066388130188,loss=0.0036837344523519278>
49.8965 seconds
Tested. Sparse categorical accuracy: 45.00

round 38, metrics=<sparse_categorical_accuracy=0.9987999796867371,loss=0.003532461356371641>
48.2442 seconds
Tested. Sparse categorical accuracy: 56.00

round 39, metrics=<sparse_categorical_accuracy=0.9990000128746033,loss=0.0032350255642086267>
51.2849 seconds
Tested. Sparse categorical accuracy: 54.00

round 40, metrics=<sparse_categorical_accuracy=0.9985600113868713,loss=0.0038419573102146387>
47.1989 seconds
Tested. Sparse categorical accuracy: 63.00

round 41, metrics=<sparse_categorical_accuracy=0.9987199902534485,loss=0.003482564352452755>
51.1547 seconds
Tested. Sparse categorical accuracy: 59.00

round 42, metrics=<sparse_categorical_accuracy=0.9988933205604553,loss=0.0031782605219632387>
46.2181 seconds
Tested. Sparse categorical accuracy: 41.00

round 43, metrics=<sparse_categorical_accuracy=0.9983999729156494,loss=0.0041084871627390385>
51.4946 seconds
Tested. Sparse categorical accuracy: 39.00

round 44, metrics=<sparse_categorical_accuracy=0.99809330701828,loss=0.00721888430416584>
44.7935 seconds
Tested. Sparse categorical accuracy: 31.00

round 45, metrics=<sparse_categorical_accuracy=0.9974133372306824,loss=0.009355160407721996>
51.7253 seconds
Tested. Sparse categorical accuracy: 50.00

round 46, metrics=<sparse_categorical_accuracy=0.9988133311271667,loss=0.004378585610538721>
45.5154 seconds
Tested. Sparse categorical accuracy: 60.00

round 47, metrics=<sparse_categorical_accuracy=0.9988266825675964,loss=0.0035354068968445063>
51.7727 seconds
Tested. Sparse categorical accuracy: 59.00

round 48, metrics=<sparse_categorical_accuracy=0.9988266825675964,loss=0.003433064790442586>
44.5806 seconds
Tested. Sparse categorical accuracy: 62.00

round 49, metrics=<sparse_categorical_accuracy=0.9989200234413147,loss=0.0031158553902059793>
53.7139 seconds
Tested. Sparse categorical accuracy: 62.00

round 50, metrics=<sparse_categorical_accuracy=0.9987599849700928,loss=0.002941202837973833>
45.3889 seconds
Tested. Sparse categorical accuracy: 60.00

round 51, metrics=<sparse_categorical_accuracy=0.9986266493797302,loss=0.0032425217796117067>
55.5759 seconds
Tested. Sparse categorical accuracy: 52.00

round 52, metrics=<sparse_categorical_accuracy=0.9987999796867371,loss=0.0035918676294386387>
44.6303 seconds
Tested. Sparse categorical accuracy: 70.00

round 53, metrics=<sparse_categorical_accuracy=0.9989866614341736,loss=0.003249576548114419>
52.4226 seconds
Tested. Sparse categorical accuracy: 61.00

round 54, metrics=<sparse_categorical_accuracy=0.9987866878509521,loss=0.0029598716646432877>
48.3790 seconds
Tested. Sparse categorical accuracy: 57.00

round 55, metrics=<sparse_categorical_accuracy=0.9986400008201599,loss=0.003847637912258506>
52.4242 seconds
Tested. Sparse categorical accuracy: 52.00

round 56, metrics=<sparse_categorical_accuracy=0.9988266825675964,loss=0.0030691036954522133>
45.0917 seconds
Tested. Sparse categorical accuracy: 69.00

round 57, metrics=<sparse_categorical_accuracy=0.9990800023078918,loss=0.0025548532139509916>
51.9711 seconds
Tested. Sparse categorical accuracy: 69.00

round 58, metrics=<sparse_categorical_accuracy=0.9993199706077576,loss=0.0024213274009525776>
44.7760 seconds
Tested. Sparse categorical accuracy: 77.00

round 59, metrics=<sparse_categorical_accuracy=0.9993466734886169,loss=0.0019038938917219639>
52.6710 seconds
Tested. Sparse categorical accuracy: 68.00

round 60, metrics=<sparse_categorical_accuracy=0.9991866946220398,loss=0.0026612686924636364>
45.7568 seconds
Tested. Sparse categorical accuracy: 62.00

round 61, metrics=<sparse_categorical_accuracy=0.9989466667175293,loss=0.003348474157974124>
53.1531 seconds
Tested. Sparse categorical accuracy: 62.00

round 62, metrics=<sparse_categorical_accuracy=0.9989466667175293,loss=0.004075238015502691>
45.2529 seconds
Tested. Sparse categorical accuracy: 62.00

round 63, metrics=<sparse_categorical_accuracy=0.9986400008201599,loss=0.003844296792522073>
52.0429 seconds
Tested. Sparse categorical accuracy: 71.00

round 64, metrics=<sparse_categorical_accuracy=0.9987999796867371,loss=0.003535802476108074>
45.7021 seconds
Tested. Sparse categorical accuracy: 65.00

round 65, metrics=<sparse_categorical_accuracy=0.9988399744033813,loss=0.002828703261911869>
53.5770 seconds
Tested. Sparse categorical accuracy: 74.00

round 66, metrics=<sparse_categorical_accuracy=0.9994800090789795,loss=0.001877615344710648>
45.8400 seconds
Tested. Sparse categorical accuracy: 77.00

round 67, metrics=<sparse_categorical_accuracy=0.9995599985122681,loss=0.0015661327634006739>
51.3419 seconds
Tested. Sparse categorical accuracy: 78.00

round 68, metrics=<sparse_categorical_accuracy=0.999293327331543,loss=0.0020173252560198307>
45.9718 seconds
Tested. Sparse categorical accuracy: 81.00

round 69, metrics=<sparse_categorical_accuracy=0.9995599985122681,loss=0.0014927269658073783>
51.9989 seconds
Tested. Sparse categorical accuracy: 71.00

round 70, metrics=<sparse_categorical_accuracy=0.9994533061981201,loss=0.001872504479251802>
55.7508 seconds
Tested. Sparse categorical accuracy: 76.00

round 71, metrics=<sparse_categorical_accuracy=0.9992533326148987,loss=0.002234615385532379>
53.7274 seconds
Tested. Sparse categorical accuracy: 75.00

round 72, metrics=<sparse_categorical_accuracy=0.9991466403007507,loss=0.0036332115996629>
46.9797 seconds
Tested. Sparse categorical accuracy: 59.00

round 73, metrics=<sparse_categorical_accuracy=0.9989466667175293,loss=0.003231541020795703>
51.2796 seconds
Tested. Sparse categorical accuracy: 64.00

round 74, metrics=<sparse_categorical_accuracy=0.9988399744033813,loss=0.0028751716017723083>
45.4636 seconds
Tested. Sparse categorical accuracy: 69.00

round 75, metrics=<sparse_categorical_accuracy=0.9991333484649658,loss=0.002676822245121002>
51.7252 seconds
Tested. Sparse categorical accuracy: 82.00

round 76, metrics=<sparse_categorical_accuracy=0.9992266893386841,loss=0.0023094071075320244>
45.1115 seconds
Tested. Sparse categorical accuracy: 87.00

round 77, metrics=<sparse_categorical_accuracy=0.9994533061981201,loss=0.0018148995004594326>
53.0570 seconds
Tested. Sparse categorical accuracy: 78.00

round 78, metrics=<sparse_categorical_accuracy=0.9994533061981201,loss=0.0016130054136738181>
45.9387 seconds
Tested. Sparse categorical accuracy: 81.00

round 79, metrics=<sparse_categorical_accuracy=0.9995200037956238,loss=0.0014162352308630943>
49.0913 seconds
Tested. Sparse categorical accuracy: 79.00

round 80, metrics=<sparse_categorical_accuracy=0.999293327331543,loss=0.002025602851063013>
44.6144 seconds
Tested. Sparse categorical accuracy: 71.00

round 81, metrics=<sparse_categorical_accuracy=0.9994133114814758,loss=0.0018724898109212518>
51.9672 seconds
Tested. Sparse categorical accuracy: 71.00

round 82, metrics=<sparse_categorical_accuracy=0.9991999864578247,loss=0.0024399992544203997>
46.2401 seconds
Tested. Sparse categorical accuracy: 70.00

round 83, metrics=<sparse_categorical_accuracy=0.9993466734886169,loss=0.0022566935513168573>
53.9822 seconds
Tested. Sparse categorical accuracy: 83.00

round 84, metrics=<sparse_categorical_accuracy=0.9992799758911133,loss=0.002228344324976206>
44.1089 seconds
Tested. Sparse categorical accuracy: 81.00

round 85, metrics=<sparse_categorical_accuracy=0.9996399879455566,loss=0.001572151086293161>
50.4627 seconds
Tested. Sparse categorical accuracy: 86.00

round 86, metrics=<sparse_categorical_accuracy=0.9995200037956238,loss=0.001379295950755477>
48.5251 seconds
Tested. Sparse categorical accuracy: 82.00

round 87, metrics=<sparse_categorical_accuracy=0.999666690826416,loss=0.0010746866464614868>
53.7452 seconds
Tested. Sparse categorical accuracy: 82.00

round 88, metrics=<sparse_categorical_accuracy=0.9994400143623352,loss=0.0016834730049595237>
47.1529 seconds
Tested. Sparse categorical accuracy: 94.00

round 89, metrics=<sparse_categorical_accuracy=0.9997066855430603,loss=0.0011480204993858933>
51.9892 seconds
Tested. Sparse categorical accuracy: 76.00

round 90, metrics=<sparse_categorical_accuracy=0.9994666576385498,loss=0.0015458202688023448>
45.2868 seconds
Tested. Sparse categorical accuracy: 85.00

round 91, metrics=<sparse_categorical_accuracy=0.9993600249290466,loss=0.0018839510157704353>
52.6144 seconds
Tested. Sparse categorical accuracy: 68.00

round 92, metrics=<sparse_categorical_accuracy=0.9991866946220398,loss=0.002207493409514427>
44.9661 seconds
Tested. Sparse categorical accuracy: 74.00

round 93, metrics=<sparse_categorical_accuracy=0.9991333484649658,loss=0.0027854489162564278>
54.9165 seconds
Tested. Sparse categorical accuracy: 75.00

round 94, metrics=<sparse_categorical_accuracy=0.9991466403007507,loss=0.0022894733119755983>
46.0513 seconds
Tested. Sparse categorical accuracy: 75.00

round 95, metrics=<sparse_categorical_accuracy=0.9992266893386841,loss=0.002084986073896289>
50.7327 seconds
Tested. Sparse categorical accuracy: 73.00

round 96, metrics=<sparse_categorical_accuracy=0.9994000196456909,loss=0.0020941076800227165>
45.9442 seconds
Tested. Sparse categorical accuracy: 83.00

round 97, metrics=<sparse_categorical_accuracy=0.9995599985122681,loss=0.0016082581132650375>
54.3472 seconds
Tested. Sparse categorical accuracy: 82.00

round 98, metrics=<sparse_categorical_accuracy=0.9995333552360535,loss=0.001672744401730597>
47.2221 seconds
Tested. Sparse categorical accuracy: 87.00

round 99, metrics=<sparse_categorical_accuracy=0.9997199773788452,loss=0.000942862534429878>
52.3742 seconds
Tested. Sparse categorical accuracy: 92.00

round 100, metrics=<sparse_categorical_accuracy=0.9995999932289124,loss=0.0012226799735799432>
46.4395 seconds
Tested. Sparse categorical accuracy: 96.00

round 101, metrics=<sparse_categorical_accuracy=0.9997199773788452,loss=0.0009050999069586396>
53.7670 seconds
Tested. Sparse categorical accuracy: 83.00

round 102, metrics=<sparse_categorical_accuracy=0.9996533393859863,loss=0.0012542603071779013>
45.1620 seconds
Tested. Sparse categorical accuracy: 93.00

round 103, metrics=<sparse_categorical_accuracy=0.9997599720954895,loss=0.0010888231918215752>
53.4442 seconds
Tested. Sparse categorical accuracy: 85.00

round 104, metrics=<sparse_categorical_accuracy=0.9996399879455566,loss=0.0012339783133938909>
46.3093 seconds
Tested. Sparse categorical accuracy: 81.00

round 105, metrics=<sparse_categorical_accuracy=0.999666690826416,loss=0.0011329228291288018>
54.0204 seconds
Tested. Sparse categorical accuracy: 90.00

round 106, metrics=<sparse_categorical_accuracy=0.9996799826622009,loss=0.001013625762425363>
44.3722 seconds
Tested. Sparse categorical accuracy: 95.00

round 107, metrics=<sparse_categorical_accuracy=0.9996799826622009,loss=0.0009352736524306238>
50.0563 seconds
Tested. Sparse categorical accuracy: 84.00

round 108, metrics=<sparse_categorical_accuracy=0.9995999932289124,loss=0.0013094566529616714>
46.8977 seconds
Tested. Sparse categorical accuracy: 83.00

round 109, metrics=<sparse_categorical_accuracy=0.9995599985122681,loss=0.0012764640850946307>
52.7113 seconds
Tested. Sparse categorical accuracy: 80.00

round 110, metrics=<sparse_categorical_accuracy=0.9996533393859863,loss=0.0015819590771570802>
46.6019 seconds
Tested. Sparse categorical accuracy: 88.00

round 111, metrics=<sparse_categorical_accuracy=0.9997066855430603,loss=0.0010304568568244576>
53.4180 seconds
Tested. Sparse categorical accuracy: 93.00

round 112, metrics=<sparse_categorical_accuracy=0.9997066855430603,loss=0.0010377392172813416>
49.9072 seconds
Tested. Sparse categorical accuracy: 93.00

round 113, metrics=<sparse_categorical_accuracy=0.999666690826416,loss=0.0012218280462548137>
51.1450 seconds
Tested. Sparse categorical accuracy: 91.00

round 114, metrics=<sparse_categorical_accuracy=0.9995599985122681,loss=0.0012397231766954064>
45.5810 seconds
Tested. Sparse categorical accuracy: 91.00

round 115, metrics=<sparse_categorical_accuracy=0.9997733235359192,loss=0.0007597017684020102>
54.4727 seconds
Tested. Sparse categorical accuracy: 84.00

round 116, metrics=<sparse_categorical_accuracy=0.9995999932289124,loss=0.0011037749936804175>
45.0739 seconds
Tested. Sparse categorical accuracy: 93.00

round 117, metrics=<sparse_categorical_accuracy=0.9996533393859863,loss=0.0010556615889072418>
52.7840 seconds
Tested. Sparse categorical accuracy: 90.00

round 118, metrics=<sparse_categorical_accuracy=0.9995866417884827,loss=0.0011861305683851242>
45.1868 seconds
Tested. Sparse categorical accuracy: 79.00

round 119, metrics=<sparse_categorical_accuracy=0.9993199706077576,loss=0.001847781939432025>
53.6161 seconds
Tested. Sparse categorical accuracy: 74.00

round 120, metrics=<sparse_categorical_accuracy=0.9993333220481873,loss=0.004018541891127825>
46.9826 seconds
Tested. Sparse categorical accuracy: 75.00

round 121, metrics=<sparse_categorical_accuracy=0.998906672000885,loss=0.0030920577701181173>
53.7057 seconds
Tested. Sparse categorical accuracy: 75.00

round 122, metrics=<sparse_categorical_accuracy=0.9989200234413147,loss=0.002440091921016574>
46.1172 seconds
Tested. Sparse categorical accuracy: 82.00

round 123, metrics=<sparse_categorical_accuracy=0.9994266629219055,loss=0.0019273451762273908>
52.0245 seconds
Tested. Sparse categorical accuracy: 92.00

round 124, metrics=<sparse_categorical_accuracy=0.9995733499526978,loss=0.0014327230164781213>
46.2792 seconds
Tested. Sparse categorical accuracy: 95.00

round 125, metrics=<sparse_categorical_accuracy=0.9996933341026306,loss=0.001048704725690186>
52.3072 seconds
Tested. Sparse categorical accuracy: 94.00

round 126, metrics=<sparse_categorical_accuracy=0.9997599720954895,loss=0.001072248793207109>
46.9691 seconds
Tested. Sparse categorical accuracy: 91.00

round 127, metrics=<sparse_categorical_accuracy=0.9997466802597046,loss=0.000859455147292465>
52.4682 seconds
Tested. Sparse categorical accuracy: 89.00

round 128, metrics=<sparse_categorical_accuracy=0.9996799826622009,loss=0.0011810061987489462>
44.6105 seconds
Tested. Sparse categorical accuracy: 89.00

round 129, metrics=<sparse_categorical_accuracy=0.9996933341026306,loss=0.0011088846949860454>
53.9280 seconds
Tested. Sparse categorical accuracy: 91.00

round 130, metrics=<sparse_categorical_accuracy=0.9996933341026306,loss=0.0011895529460161924>
46.6466 seconds
Tested. Sparse categorical accuracy: 91.00

round 131, metrics=<sparse_categorical_accuracy=0.9998266696929932,loss=0.0007404278148896992>
54.4388 seconds
Tested. Sparse categorical accuracy: 93.00

round 132, metrics=<sparse_categorical_accuracy=0.9996266961097717,loss=0.0011230232194066048>
46.1089 seconds
Tested. Sparse categorical accuracy: 94.00

round 133, metrics=<sparse_categorical_accuracy=0.9996799826622009,loss=0.0010754878167062998>
55.3957 seconds
Tested. Sparse categorical accuracy: 90.00

round 134, metrics=<sparse_categorical_accuracy=0.9996533393859863,loss=0.0010804528137668967>
53.0890 seconds
Tested. Sparse categorical accuracy: 92.00

round 135, metrics=<sparse_categorical_accuracy=0.9997066855430603,loss=0.0009050386724993587>
54.8033 seconds
Tested. Sparse categorical accuracy: 92.00

round 136, metrics=<sparse_categorical_accuracy=0.9997066855430603,loss=0.0008503515855409205>
45.1281 seconds
Tested. Sparse categorical accuracy: 90.00

round 137, metrics=<sparse_categorical_accuracy=0.9997866749763489,loss=0.0007571724127046764>
54.2941 seconds
Tested. Sparse categorical accuracy: 87.00

round 138, metrics=<sparse_categorical_accuracy=0.9997866749763489,loss=0.0008185894694179296>
46.7156 seconds
Tested. Sparse categorical accuracy: 93.00

round 139, metrics=<sparse_categorical_accuracy=0.9997733235359192,loss=0.0007405135547742248>
54.0908 seconds
Tested. Sparse categorical accuracy: 89.00

round 140, metrics=<sparse_categorical_accuracy=0.9996799826622009,loss=0.0010424653301015496>
45.5609 seconds
Tested. Sparse categorical accuracy: 94.00

round 141, metrics=<sparse_categorical_accuracy=0.9997199773788452,loss=0.0008557759574614465>
52.8619 seconds
Tested. Sparse categorical accuracy: 91.00

round 142, metrics=<sparse_categorical_accuracy=0.9995466470718384,loss=0.0012385419104248285>
46.8386 seconds
Tested. Sparse categorical accuracy: 80.00

round 143, metrics=<sparse_categorical_accuracy=0.9993866682052612,loss=0.002397670177742839>
53.0874 seconds
Tested. Sparse categorical accuracy: 80.00

round 144, metrics=<sparse_categorical_accuracy=0.9995599985122681,loss=0.002164884004741907>
47.5269 seconds
Tested. Sparse categorical accuracy: 89.00

round 145, metrics=<sparse_categorical_accuracy=0.9996933341026306,loss=0.0012718638172373176>
48.2662 seconds
Tested. Sparse categorical accuracy: 88.00

round 146, metrics=<sparse_categorical_accuracy=0.9997733235359192,loss=0.0008491449407301843>
47.9381 seconds
Tested. Sparse categorical accuracy: 95.00

round 147, metrics=<sparse_categorical_accuracy=0.9997333288192749,loss=0.001064918003976345>
53.2641 seconds
Tested. Sparse categorical accuracy: 89.00

round 148, metrics=<sparse_categorical_accuracy=0.9997199773788452,loss=0.0010116181802004576>
45.9658 seconds
Tested. Sparse categorical accuracy: 92.00

round 149, metrics=<sparse_categorical_accuracy=0.9997333288192749,loss=0.0010028976248577237>
55.5357 seconds
Tested. Sparse categorical accuracy: 90.00

round 150, metrics=<sparse_categorical_accuracy=0.9997866749763489,loss=0.000751726736780256>
49.9057 seconds
Tested. Sparse categorical accuracy: 89.00

round 151, metrics=<sparse_categorical_accuracy=0.9998000264167786,loss=0.0006928343209438026>
50.0931 seconds
Tested. Sparse categorical accuracy: 89.00

round 152, metrics=<sparse_categorical_accuracy=0.999666690826416,loss=0.0009947194484993815>
45.9409 seconds
Tested. Sparse categorical accuracy: 93.00

round 153, metrics=<sparse_categorical_accuracy=0.9998266696929932,loss=0.0006879105349071324>
52.1237 seconds
Tested. Sparse categorical accuracy: 87.00

round 154, metrics=<sparse_categorical_accuracy=0.9996533393859863,loss=0.0010045610833913088>
46.0412 seconds
Tested. Sparse categorical accuracy: 91.00

round 155, metrics=<sparse_categorical_accuracy=0.9997866749763489,loss=0.0006347471498884261>
52.7586 seconds
Tested. Sparse categorical accuracy: 89.00

round 156, metrics=<sparse_categorical_accuracy=0.9996533393859863,loss=0.0009911084780469537>
46.3884 seconds
Tested. Sparse categorical accuracy: 85.00

round 157, metrics=<sparse_categorical_accuracy=0.9997599720954895,loss=0.0008534704684279859>
55.8302 seconds
Tested. Sparse categorical accuracy: 92.00

round 158, metrics=<sparse_categorical_accuracy=0.9997066855430603,loss=0.0007495862082578242>
46.6533 seconds
Tested. Sparse categorical accuracy: 92.00

round 159, metrics=<sparse_categorical_accuracy=0.9998666644096375,loss=0.0005807589623145759>
52.2677 seconds
Tested. Sparse categorical accuracy: 93.00

round 160, metrics=<sparse_categorical_accuracy=0.9997066855430603,loss=0.0007702955044806004>
46.0938 seconds
Tested. Sparse categorical accuracy: 95.00

round 161, metrics=<sparse_categorical_accuracy=0.999893307685852,loss=0.0005138941924087703>
52.8958 seconds
Tested. Sparse categorical accuracy: 90.00

round 162, metrics=<sparse_categorical_accuracy=0.999613344669342,loss=0.0011876503704115748>
45.2321 seconds
Tested. Sparse categorical accuracy: 90.00

round 163, metrics=<sparse_categorical_accuracy=0.9998400211334229,loss=0.0005501373670995235>
50.8025 seconds
Tested. Sparse categorical accuracy: 91.00

round 164, metrics=<sparse_categorical_accuracy=0.9997866749763489,loss=0.0007684226729907095>
48.4256 seconds
Tested. Sparse categorical accuracy: 94.00

round 165, metrics=<sparse_categorical_accuracy=0.9998533129692078,loss=0.0005380595102906227>
54.8871 seconds
Tested. Sparse categorical accuracy: 90.00

round 166, metrics=<sparse_categorical_accuracy=0.9996533393859863,loss=0.0009280426893383265>
50.7163 seconds
Tested. Sparse categorical accuracy: 91.00

round 167, metrics=<sparse_categorical_accuracy=0.9997199773788452,loss=0.000673517701216042>
53.1276 seconds
Tested. Sparse categorical accuracy: 84.00

round 168, metrics=<sparse_categorical_accuracy=0.9995866417884827,loss=0.0014851161977276206>
47.7695 seconds
Tested. Sparse categorical accuracy: 83.00

round 169, metrics=<sparse_categorical_accuracy=0.9995066523551941,loss=0.0013610461028292775>
52.4785 seconds
Tested. Sparse categorical accuracy: 75.00

round 170, metrics=<sparse_categorical_accuracy=0.9995866417884827,loss=0.002068722853437066>
47.5515 seconds
Tested. Sparse categorical accuracy: 77.00

round 171, metrics=<sparse_categorical_accuracy=0.9995200037956238,loss=0.0017989695770666003>
55.1232 seconds
Tested. Sparse categorical accuracy: 85.00

round 172, metrics=<sparse_categorical_accuracy=0.9997066855430603,loss=0.0009657414630055428>
47.0105 seconds
Tested. Sparse categorical accuracy: 97.00

round 173, metrics=<sparse_categorical_accuracy=0.9998666644096375,loss=0.0005550422356463969>
54.2124 seconds
Tested. Sparse categorical accuracy: 92.00

round 174, metrics=<sparse_categorical_accuracy=0.999666690826416,loss=0.0009202499641105533>
47.1252 seconds
Tested. Sparse categorical accuracy: 94.00

round 175, metrics=<sparse_categorical_accuracy=0.9997466802597046,loss=0.0006872565718367696>
54.4331 seconds
Tested. Sparse categorical accuracy: 91.00

round 176, metrics=<sparse_categorical_accuracy=0.9997599720954895,loss=0.0008426046697422862>
44.9519 seconds
Tested. Sparse categorical accuracy: 97.00

round 177, metrics=<sparse_categorical_accuracy=0.9998400211334229,loss=0.0005946050514467061>
55.2255 seconds
Tested. Sparse categorical accuracy: 94.00

round 178, metrics=<sparse_categorical_accuracy=0.9997733235359192,loss=0.0007333862595260143>
46.2822 seconds
Tested. Sparse categorical accuracy: 96.00

round 179, metrics=<sparse_categorical_accuracy=0.9998666644096375,loss=0.0005948746111243963>
55.7332 seconds
Tested. Sparse categorical accuracy: 93.00

round 180, metrics=<sparse_categorical_accuracy=0.9997733235359192,loss=0.0006408039480447769>
46.5822 seconds
Tested. Sparse categorical accuracy: 96.00

round 181, metrics=<sparse_categorical_accuracy=0.9997733235359192,loss=0.0007217510719783604>
54.5359 seconds
Tested. Sparse categorical accuracy: 92.00

round 182, metrics=<sparse_categorical_accuracy=0.9998266696929932,loss=0.00068183388793841>
47.4590 seconds
Tested. Sparse categorical accuracy: 92.00

round 183, metrics=<sparse_categorical_accuracy=0.9998266696929932,loss=0.0006432751542888582>
51.9508 seconds
Tested. Sparse categorical accuracy: 95.00

round 184, metrics=<sparse_categorical_accuracy=0.9997466802597046,loss=0.0008233847329393029>
45.2347 seconds
Tested. Sparse categorical accuracy: 90.00

round 185, metrics=<sparse_categorical_accuracy=0.9996266961097717,loss=0.0010112676536664367>
51.9715 seconds
Tested. Sparse categorical accuracy: 94.00

round 186, metrics=<sparse_categorical_accuracy=0.999613344669342,loss=0.0011517142411321402>
49.3466 seconds
Tested. Sparse categorical accuracy: 86.00

round 187, metrics=<sparse_categorical_accuracy=0.9997599720954895,loss=0.0008823209791444242>
51.7181 seconds
Tested. Sparse categorical accuracy: 85.00

round 188, metrics=<sparse_categorical_accuracy=0.9997199773788452,loss=0.001142089138738811>
47.0927 seconds
Tested. Sparse categorical accuracy: 94.00

round 189, metrics=<sparse_categorical_accuracy=0.9998533129692078,loss=0.0007418416207656264>
52.9354 seconds
Tested. Sparse categorical accuracy: 96.00

round 190, metrics=<sparse_categorical_accuracy=0.9998133182525635,loss=0.0006291057216003537>
44.5909 seconds
Tested. Sparse categorical accuracy: 92.00

round 191, metrics=<sparse_categorical_accuracy=0.9999066591262817,loss=0.00044524043914861977>
55.4017 seconds
Tested. Sparse categorical accuracy: 93.00

round 192, metrics=<sparse_categorical_accuracy=0.9997333288192749,loss=0.0009636633330956101>
48.6169 seconds
Tested. Sparse categorical accuracy: 95.00

round 193, metrics=<sparse_categorical_accuracy=0.9998133182525635,loss=0.0005183190805837512>
51.0512 seconds
Tested. Sparse categorical accuracy: 94.00

round 194, metrics=<sparse_categorical_accuracy=0.9997199773788452,loss=0.0008625021437183022>
45.9630 seconds
Tested. Sparse categorical accuracy: 94.00

round 195, metrics=<sparse_categorical_accuracy=0.9998666644096375,loss=0.00038307576323859394>
55.3648 seconds
Tested. Sparse categorical accuracy: 99.00

Target accuracy reached after  195  rounds
Average time per round: 49.00

2020-05-01 06:44:27.250486
