
TENSORFLOW USERS:
You must use the python3.6-anaconda/5.2.0 module to run TensorFlow.
See https://arc-ts.umich.edu/greatlakes/software/tensorflow for more
information.



The following have been reloaded with a version change:
  1) cuda/10.0.130 => cuda/10.1.105


Currently Loaded Modules:
  1) python3.7-anaconda/2019.07   2) cudnn/10.0-v7.6   3) cuda/10.1.105

 

mkdir: cannot create directory ‘results/5842441’: File exists
mkdir: cannot create directory ‘results/5842441/log’: File exists
Test  62
2020-05-01 10:19:08.213667


Schema 1: Each client partially IID
--------------------------------------------------
percent data distributed IID:  80
number of classes for non-IID data:  2
data points per client (mean, std dev): ( 600 ,  0 )
--------------------------------------------------

round  1, metrics=<sparse_categorical_accuracy=0.3842333257198334,loss=1.7219969034194946>
32.5780 seconds
Tested. Sparse categorical accuracy: 14.00

round  2, metrics=<sparse_categorical_accuracy=0.7857166528701782,loss=0.6337606310844421>
31.2533 seconds
Tested. Sparse categorical accuracy: 92.00

round  3, metrics=<sparse_categorical_accuracy=0.9801499843597412,loss=0.069331593811512>
30.8723 seconds
Tested. Sparse categorical accuracy: 96.00

round  4, metrics=<sparse_categorical_accuracy=0.9853333234786987,loss=0.05286707729101181>
31.6907 seconds
Tested. Sparse categorical accuracy: 96.00

round  5, metrics=<sparse_categorical_accuracy=0.991599977016449,loss=0.029705023393034935>
31.9723 seconds
Tested. Sparse categorical accuracy: 98.00

round  6, metrics=<sparse_categorical_accuracy=0.9897666573524475,loss=0.03596815839409828>
31.0027 seconds
Tested. Sparse categorical accuracy: 93.00

round  7, metrics=<sparse_categorical_accuracy=0.9943833351135254,loss=0.020328225567936897>
31.4114 seconds
Tested. Sparse categorical accuracy: 97.00

round  8, metrics=<sparse_categorical_accuracy=0.9935500025749207,loss=0.024518895894289017>
30.5991 seconds
Tested. Sparse categorical accuracy: 99.00

Target accuracy reached after  8  rounds
Average time per round: 31.00

2020-05-01 10:23:28.357920
