
TENSORFLOW USERS:
You must use the python3.6-anaconda/5.2.0 module to run TensorFlow.
See https://arc-ts.umich.edu/greatlakes/software/tensorflow for more
information.



The following have been reloaded with a version change:
  1) cuda/10.0.130 => cuda/10.1.105


Currently Loaded Modules:
  1) python3.7-anaconda/2019.07   2) cudnn/10.0-v7.6   3) cuda/10.1.105

 

mkdir: cannot create directory ‘results/5842441’: File exists
mkdir: cannot create directory ‘results/5842441/log’: File exists
Test  82
2020-05-01 15:07:03.440305


Schema 1: Each client partially IID
--------------------------------------------------
percent data distributed IID:  20
number of classes for non-IID data:  2
data points per client (mean, std dev): ( 600 ,  0 )
--------------------------------------------------

round  1, metrics=<sparse_categorical_accuracy=0.8350666761398315,loss=0.5379627346992493>
50.8882 seconds
Tested. Sparse categorical accuracy: 43.00

round  2, metrics=<sparse_categorical_accuracy=0.9588916897773743,loss=0.1476539671421051>
52.1979 seconds
Tested. Sparse categorical accuracy: 87.00

round  3, metrics=<sparse_categorical_accuracy=0.9868916869163513,loss=0.04940560832619667>
58.4699 seconds
Tested. Sparse categorical accuracy: 96.00

round  4, metrics=<sparse_categorical_accuracy=0.988391637802124,loss=0.04442168027162552>
58.2303 seconds
Tested. Sparse categorical accuracy: 95.00

round  5, metrics=<sparse_categorical_accuracy=0.9906833171844482,loss=0.03470643237233162>
57.8659 seconds
Tested. Sparse categorical accuracy: 93.00

round  6, metrics=<sparse_categorical_accuracy=0.9943249821662903,loss=0.02061355672776699>
57.0364 seconds
Tested. Sparse categorical accuracy: 99.00

Target accuracy reached after  6  rounds
Average time per round: 55.00

2020-05-01 15:12:47.335927
