
TENSORFLOW USERS:
You must use the python3.6-anaconda/5.2.0 module to run TensorFlow.
See https://arc-ts.umich.edu/greatlakes/software/tensorflow for more
information.



The following have been reloaded with a version change:
  1) cuda/10.0.130 => cuda/10.1.105


Currently Loaded Modules:
  1) python3.7-anaconda/2019.07   2) cudnn/10.0-v7.6   3) cuda/10.1.105

 

mkdir: cannot create directory ‘results/5842441’: File exists
mkdir: cannot create directory ‘results/5842441/log’: File exists
Test  281
2020-05-03 06:51:53.314992


Schema 1: Each client partially IID
--------------------------------------------------
percent data distributed IID:  80
number of classes for non-IID data:  2
data points per client (mean, std dev): ( 600 ,  0 )
--------------------------------------------------

round  1, metrics=<sparse_categorical_accuracy=0.44066667556762695,loss=1.5868093967437744>
92.5722 seconds
Tested. Sparse categorical accuracy: 10.00

round  2, metrics=<sparse_categorical_accuracy=0.3857933282852173,loss=1.701086401939392>
79.2815 seconds
Tested. Sparse categorical accuracy: 49.00

round  3, metrics=<sparse_categorical_accuracy=0.9493600130081177,loss=0.17703908681869507>
86.8199 seconds
Tested. Sparse categorical accuracy: 99.00

Target accuracy reached after  3  rounds
Average time per round: 86.00

2020-05-03 06:56:19.773039
