
TENSORFLOW USERS:
You must use the python3.6-anaconda/5.2.0 module to run TensorFlow.
See https://arc-ts.umich.edu/greatlakes/software/tensorflow for more
information.



The following have been reloaded with a version change:
  1) cuda/10.0.130 => cuda/10.1.105


Currently Loaded Modules:
  1) python3.7-anaconda/2019.07   2) cudnn/10.0-v7.6   3) cuda/10.1.105

 

mkdir: cannot create directory ‘results/5842441’: File exists
mkdir: cannot create directory ‘results/5842441/log’: File exists
Test  1
2020-05-01 04:02:51.894722


Schema 1: Each client partially IID
--------------------------------------------------
percent data distributed IID:  0
number of classes for non-IID data:  2
data points per client (mean, std dev): ( 600 ,  0 )
--------------------------------------------------

round  1, metrics=<sparse_categorical_accuracy=0.9973333477973938,loss=0.022994479164481163>
9.4512 seconds
Tested. Sparse categorical accuracy: 12.00

round  2, metrics=<sparse_categorical_accuracy=0.996666669845581,loss=0.010419758036732674>
9.5100 seconds
Tested. Sparse categorical accuracy: 13.00

round  3, metrics=<sparse_categorical_accuracy=0.9973333477973938,loss=0.026275545358657837>
9.8462 seconds
Tested. Sparse categorical accuracy: 3.00

round  4, metrics=<sparse_categorical_accuracy=0.9962666630744934,loss=0.016726627945899963>
9.4079 seconds
Tested. Sparse categorical accuracy: 16.00

round  5, metrics=<sparse_categorical_accuracy=0.9976000189781189,loss=0.00880053173750639>
9.7808 seconds
Tested. Sparse categorical accuracy: 6.00

round  6, metrics=<sparse_categorical_accuracy=0.9959999918937683,loss=0.0356745608150959>
9.5918 seconds
Tested. Sparse categorical accuracy: 8.00

round  7, metrics=<sparse_categorical_accuracy=0.996666669845581,loss=0.027863752096891403>
9.5453 seconds
Tested. Sparse categorical accuracy: 13.00

round  8, metrics=<sparse_categorical_accuracy=0.9980000257492065,loss=0.007183147128671408>
9.7597 seconds
Tested. Sparse categorical accuracy: 10.00

round  9, metrics=<sparse_categorical_accuracy=0.9973333477973938,loss=0.010882382281124592>
9.9036 seconds
Tested. Sparse categorical accuracy: 7.00

round 10, metrics=<sparse_categorical_accuracy=0.996666669845581,loss=0.023636549711227417>
9.4448 seconds
Tested. Sparse categorical accuracy: 9.00

round 11, metrics=<sparse_categorical_accuracy=0.996666669845581,loss=0.0074012791737914085>
9.8225 seconds
Tested. Sparse categorical accuracy: 14.00

round 12, metrics=<sparse_categorical_accuracy=0.996666669845581,loss=0.02562885172665119>
9.4975 seconds
Tested. Sparse categorical accuracy: 12.00

round 13, metrics=<sparse_categorical_accuracy=0.9973333477973938,loss=0.014090679585933685>
9.6388 seconds
Tested. Sparse categorical accuracy: 10.00

round 14, metrics=<sparse_categorical_accuracy=0.996666669845581,loss=0.024099841713905334>
9.5831 seconds
Tested. Sparse categorical accuracy: 16.00

round 15, metrics=<sparse_categorical_accuracy=0.996666669845581,loss=0.010788911953568459>
9.7205 seconds
Tested. Sparse categorical accuracy: 10.00

round 16, metrics=<sparse_categorical_accuracy=0.9973333477973938,loss=0.012130734510719776>
9.9160 seconds
Tested. Sparse categorical accuracy: 11.00

round 17, metrics=<sparse_categorical_accuracy=0.9973333477973938,loss=0.010164733976125717>
9.5189 seconds
Tested. Sparse categorical accuracy: 11.00

round 18, metrics=<sparse_categorical_accuracy=0.996666669845581,loss=0.009501384571194649>
9.8315 seconds
Tested. Sparse categorical accuracy: 10.00

round 19, metrics=<sparse_categorical_accuracy=0.9973333477973938,loss=0.014744960702955723>
9.7317 seconds
Tested. Sparse categorical accuracy: 12.00

round 20, metrics=<sparse_categorical_accuracy=0.996666669845581,loss=0.00793520174920559>
9.6673 seconds
Tested. Sparse categorical accuracy: 18.00

round 21, metrics=<sparse_categorical_accuracy=0.996666669845581,loss=0.013231661170721054>
9.7078 seconds
Tested. Sparse categorical accuracy: 8.00

round 22, metrics=<sparse_categorical_accuracy=0.996666669845581,loss=0.019170278683304787>
9.4146 seconds
Tested. Sparse categorical accuracy: 11.00

round 23, metrics=<sparse_categorical_accuracy=0.9973333477973938,loss=0.009225240908563137>
10.0055 seconds
Tested. Sparse categorical accuracy: 10.00

round 24, metrics=<sparse_categorical_accuracy=0.9973333477973938,loss=0.008686141110956669>
9.3503 seconds
Tested. Sparse categorical accuracy: 8.00

round 25, metrics=<sparse_categorical_accuracy=0.9973333477973938,loss=0.0071022831834852695>
10.3055 seconds
Tested. Sparse categorical accuracy: 8.00

round 26, metrics=<sparse_categorical_accuracy=0.996666669845581,loss=0.013094298541545868>
9.3190 seconds
Tested. Sparse categorical accuracy: 8.00

round 27, metrics=<sparse_categorical_accuracy=0.996666669845581,loss=0.020039498805999756>
10.0441 seconds
Tested. Sparse categorical accuracy: 19.00

round 28, metrics=<sparse_categorical_accuracy=0.9981333613395691,loss=0.008985104039311409>
9.8343 seconds
Tested. Sparse categorical accuracy: 9.00

round 29, metrics=<sparse_categorical_accuracy=0.9973333477973938,loss=0.012773558497428894>
9.8611 seconds
Tested. Sparse categorical accuracy: 12.00

round 30, metrics=<sparse_categorical_accuracy=0.996666669845581,loss=0.020873596891760826>
9.5110 seconds
Tested. Sparse categorical accuracy: 10.00

round 31, metrics=<sparse_categorical_accuracy=0.996666669845581,loss=0.007771171163767576>
9.4552 seconds
Tested. Sparse categorical accuracy: 18.00

round 32, metrics=<sparse_categorical_accuracy=0.996666669845581,loss=0.022950081154704094>
9.8969 seconds
Tested. Sparse categorical accuracy: 10.00

round 33, metrics=<sparse_categorical_accuracy=0.9973333477973938,loss=0.014077823609113693>
9.8497 seconds
Tested. Sparse categorical accuracy: 13.00

round 34, metrics=<sparse_categorical_accuracy=0.996666669845581,loss=0.023304488509893417>
9.6226 seconds
Tested. Sparse categorical accuracy: 14.00

round 35, metrics=<sparse_categorical_accuracy=0.996666669845581,loss=0.010714941658079624>
9.6458 seconds
Tested. Sparse categorical accuracy: 6.00

round 36, metrics=<sparse_categorical_accuracy=0.996666669845581,loss=0.012348738498985767>
9.9374 seconds
Tested. Sparse categorical accuracy: 8.00

round 37, metrics=<sparse_categorical_accuracy=0.9975333213806152,loss=0.009206174872815609>
9.6449 seconds
Tested. Sparse categorical accuracy: 11.00

round 38, metrics=<sparse_categorical_accuracy=0.9973333477973938,loss=0.008437263779342175>
9.7146 seconds
Tested. Sparse categorical accuracy: 4.00

round 39, metrics=<sparse_categorical_accuracy=0.9973333477973938,loss=0.015322571620345116>
9.4351 seconds
Tested. Sparse categorical accuracy: 13.00

round 40, metrics=<sparse_categorical_accuracy=0.996666669845581,loss=0.007850639522075653>
9.7270 seconds
Tested. Sparse categorical accuracy: 13.00

round 41, metrics=<sparse_categorical_accuracy=0.996666669845581,loss=0.01281206775456667>
9.7095 seconds
Tested. Sparse categorical accuracy: 13.00

round 42, metrics=<sparse_categorical_accuracy=0.9973333477973938,loss=0.0188294630497694>
9.2674 seconds
Tested. Sparse categorical accuracy: 6.00

round 43, metrics=<sparse_categorical_accuracy=0.9973333477973938,loss=0.009342326782643795>
9.6530 seconds
Tested. Sparse categorical accuracy: 6.00

round 44, metrics=<sparse_categorical_accuracy=0.9973333477973938,loss=0.008540652692317963>
9.5718 seconds
Tested. Sparse categorical accuracy: 16.00

round 45, metrics=<sparse_categorical_accuracy=0.9973333477973938,loss=0.006939910817891359>
9.7096 seconds
Tested. Sparse categorical accuracy: 11.00

round 46, metrics=<sparse_categorical_accuracy=0.996666669845581,loss=0.012836663983762264>
9.6815 seconds
Tested. Sparse categorical accuracy: 9.00

round 47, metrics=<sparse_categorical_accuracy=0.996666669845581,loss=0.0191597118973732>
9.8762 seconds
Tested. Sparse categorical accuracy: 16.00

round 48, metrics=<sparse_categorical_accuracy=0.9986000061035156,loss=0.008763648569583893>
9.6556 seconds
Tested. Sparse categorical accuracy: 8.00

round 49, metrics=<sparse_categorical_accuracy=0.9973333477973938,loss=0.012364940717816353>
9.5201 seconds
Tested. Sparse categorical accuracy: 14.00

round 50, metrics=<sparse_categorical_accuracy=0.996666669845581,loss=0.02042541280388832>
9.8341 seconds
Tested. Sparse categorical accuracy: 13.00

round 51, metrics=<sparse_categorical_accuracy=0.996666669845581,loss=0.007340958341956139>
9.4855 seconds
Tested. Sparse categorical accuracy: 10.00

round 52, metrics=<sparse_categorical_accuracy=0.996666669845581,loss=0.022425923496484756>
9.8436 seconds
Tested. Sparse categorical accuracy: 7.00

round 53, metrics=<sparse_categorical_accuracy=0.9973333477973938,loss=0.014067106880247593>
9.5576 seconds
Tested. Sparse categorical accuracy: 9.00

round 54, metrics=<sparse_categorical_accuracy=0.996666669845581,loss=0.022814860567450523>
9.6774 seconds
Tested. Sparse categorical accuracy: 11.00

round 55, metrics=<sparse_categorical_accuracy=0.996666669845581,loss=0.010268271900713444>
9.7038 seconds
Tested. Sparse categorical accuracy: 14.00

round 56, metrics=<sparse_categorical_accuracy=0.9973333477973938,loss=0.011671757325530052>
10.1488 seconds
Tested. Sparse categorical accuracy: 15.00

round 57, metrics=<sparse_categorical_accuracy=0.9977999925613403,loss=0.008689739741384983>
9.5472 seconds
Tested. Sparse categorical accuracy: 25.00

round 58, metrics=<sparse_categorical_accuracy=0.9973333477973938,loss=0.007877398282289505>
9.7519 seconds
Tested. Sparse categorical accuracy: 9.00

round 59, metrics=<sparse_categorical_accuracy=0.9973333477973938,loss=0.014880232512950897>
10.0318 seconds
Tested. Sparse categorical accuracy: 11.00

round 60, metrics=<sparse_categorical_accuracy=0.9968666434288025,loss=0.006864806171506643>
9.3759 seconds
Tested. Sparse categorical accuracy: 16.00

round 61, metrics=<sparse_categorical_accuracy=0.996666669845581,loss=0.012344748713076115>
9.9615 seconds
Tested. Sparse categorical accuracy: 19.00

round 62, metrics=<sparse_categorical_accuracy=0.9973333477973938,loss=0.017367256805300713>
9.5331 seconds
Tested. Sparse categorical accuracy: 22.00

round 63, metrics=<sparse_categorical_accuracy=0.9979333281517029,loss=0.008447441272437572>
10.0208 seconds
Tested. Sparse categorical accuracy: 21.00

round 64, metrics=<sparse_categorical_accuracy=0.9971333146095276,loss=0.008072299882769585>
9.3393 seconds
Tested. Sparse categorical accuracy: 9.00

round 65, metrics=<sparse_categorical_accuracy=0.9977333545684814,loss=0.006390651222318411>
10.1375 seconds
Tested. Sparse categorical accuracy: 7.00

round 66, metrics=<sparse_categorical_accuracy=0.996666669845581,loss=0.011791197583079338>
9.4863 seconds
Tested. Sparse categorical accuracy: 9.00

round 67, metrics=<sparse_categorical_accuracy=0.996666669845581,loss=0.01720968633890152>
9.7744 seconds
Tested. Sparse categorical accuracy: 17.00

round 68, metrics=<sparse_categorical_accuracy=0.998199999332428,loss=0.007265476044267416>
9.8784 seconds
Tested. Sparse categorical accuracy: 13.00

round 69, metrics=<sparse_categorical_accuracy=0.9973333477973938,loss=0.010821334086358547>
9.3632 seconds
Tested. Sparse categorical accuracy: 11.00

round 70, metrics=<sparse_categorical_accuracy=0.996666669845581,loss=0.01681891828775406>
10.0284 seconds
Tested. Sparse categorical accuracy: 34.00

round 71, metrics=<sparse_categorical_accuracy=0.9992666840553284,loss=0.004644959699362516>
9.3634 seconds
Tested. Sparse categorical accuracy: 15.00

round 72, metrics=<sparse_categorical_accuracy=0.996666669845581,loss=0.017069509252905846>
10.0364 seconds
Tested. Sparse categorical accuracy: 13.00

round 73, metrics=<sparse_categorical_accuracy=0.9973333477973938,loss=0.011269318871200085>
9.6777 seconds
Tested. Sparse categorical accuracy: 7.00

round 74, metrics=<sparse_categorical_accuracy=0.996666669845581,loss=0.01972845382988453>
9.8442 seconds
Tested. Sparse categorical accuracy: 28.00

round 75, metrics=<sparse_categorical_accuracy=0.9977333545684814,loss=0.007547188084572554>
9.8866 seconds
Tested. Sparse categorical accuracy: 23.00

round 76, metrics=<sparse_categorical_accuracy=0.9974666833877563,loss=0.008362128399312496>
9.5109 seconds
Tested. Sparse categorical accuracy: 41.00

round 77, metrics=<sparse_categorical_accuracy=0.9980666637420654,loss=0.006043876521289349>
10.0246 seconds
Tested. Sparse categorical accuracy: 26.00

round 78, metrics=<sparse_categorical_accuracy=0.9980666637420654,loss=0.005417554639279842>
9.8694 seconds
Tested. Sparse categorical accuracy: 45.00

round 79, metrics=<sparse_categorical_accuracy=0.9973333477973938,loss=0.010257978923618793>
9.6279 seconds
Tested. Sparse categorical accuracy: 36.00

round 80, metrics=<sparse_categorical_accuracy=0.9995999932289124,loss=0.002921023638918996>
9.7100 seconds
Tested. Sparse categorical accuracy: 36.00

round 81, metrics=<sparse_categorical_accuracy=0.9980000257492065,loss=0.007787821814417839>
9.8294 seconds
Tested. Sparse categorical accuracy: 18.00

round 82, metrics=<sparse_categorical_accuracy=0.9981333613395691,loss=0.006129871588200331>
9.5649 seconds
Tested. Sparse categorical accuracy: 32.00

round 83, metrics=<sparse_categorical_accuracy=0.9983999729156494,loss=0.00608839001506567>
10.3330 seconds
Tested. Sparse categorical accuracy: 53.00

round 84, metrics=<sparse_categorical_accuracy=0.9980666637420654,loss=0.005500721745193005>
9.6159 seconds
Tested. Sparse categorical accuracy: 40.00

round 85, metrics=<sparse_categorical_accuracy=0.9987333416938782,loss=0.004241501912474632>
9.7593 seconds
Tested. Sparse categorical accuracy: 19.00

round 86, metrics=<sparse_categorical_accuracy=0.996999979019165,loss=0.009843931533396244>
9.4871 seconds
Tested. Sparse categorical accuracy: 22.00

round 87, metrics=<sparse_categorical_accuracy=0.9968666434288025,loss=0.015045274049043655>
9.8243 seconds
Tested. Sparse categorical accuracy: 29.00

round 88, metrics=<sparse_categorical_accuracy=0.9983333349227905,loss=0.00866122730076313>
9.9188 seconds
Tested. Sparse categorical accuracy: 41.00

round 89, metrics=<sparse_categorical_accuracy=0.9984666705131531,loss=0.004486615303903818>
9.4545 seconds
Tested. Sparse categorical accuracy: 30.00

round 90, metrics=<sparse_categorical_accuracy=0.9972666501998901,loss=0.01118375826627016>
9.8857 seconds
Tested. Sparse categorical accuracy: 32.00

round 91, metrics=<sparse_categorical_accuracy=0.9991999864578247,loss=0.003958094399422407>
9.7689 seconds
Tested. Sparse categorical accuracy: 34.00

round 92, metrics=<sparse_categorical_accuracy=0.9977999925613403,loss=0.008429666981101036>
9.9093 seconds
Tested. Sparse categorical accuracy: 32.00

round 93, metrics=<sparse_categorical_accuracy=0.9974666833877563,loss=0.008505493402481079>
9.4254 seconds
Tested. Sparse categorical accuracy: 13.00

round 94, metrics=<sparse_categorical_accuracy=0.996999979019165,loss=0.009443242102861404>
9.8512 seconds
Tested. Sparse categorical accuracy: 43.00

round 95, metrics=<sparse_categorical_accuracy=0.9975333213806152,loss=0.007436766754835844>
9.4258 seconds
Tested. Sparse categorical accuracy: 50.00

round 96, metrics=<sparse_categorical_accuracy=0.9983333349227905,loss=0.004836900159716606>
9.8557 seconds
Tested. Sparse categorical accuracy: 46.00

round 97, metrics=<sparse_categorical_accuracy=0.998533308506012,loss=0.0039288634434342384>
9.6195 seconds
Tested. Sparse categorical accuracy: 61.00

round 98, metrics=<sparse_categorical_accuracy=0.9991999864578247,loss=0.002424040576443076>
9.3520 seconds
Tested. Sparse categorical accuracy: 46.00

round 99, metrics=<sparse_categorical_accuracy=0.9973333477973938,loss=0.008769722655415535>
9.7147 seconds
Tested. Sparse categorical accuracy: 58.00

round 100, metrics=<sparse_categorical_accuracy=0.9994000196456909,loss=0.0024031661450862885>
9.4001 seconds
Tested. Sparse categorical accuracy: 39.00

round 101, metrics=<sparse_categorical_accuracy=0.9984666705131531,loss=0.004623845219612122>
10.0955 seconds
Tested. Sparse categorical accuracy: 49.00

round 102, metrics=<sparse_categorical_accuracy=0.9986000061035156,loss=0.004811297636479139>
9.8950 seconds
Tested. Sparse categorical accuracy: 52.00

round 103, metrics=<sparse_categorical_accuracy=0.9983333349227905,loss=0.005009196698665619>
9.9943 seconds
Tested. Sparse categorical accuracy: 52.00

round 104, metrics=<sparse_categorical_accuracy=0.9986666440963745,loss=0.0037990440614521503>
9.7402 seconds
Tested. Sparse categorical accuracy: 54.00

round 105, metrics=<sparse_categorical_accuracy=0.9990666508674622,loss=0.003356780158355832>
10.2763 seconds
Tested. Sparse categorical accuracy: 49.00

round 106, metrics=<sparse_categorical_accuracy=0.998533308506012,loss=0.0036538387648761272>
9.7711 seconds
Tested. Sparse categorical accuracy: 54.00

round 107, metrics=<sparse_categorical_accuracy=0.998199999332428,loss=0.007035675458610058>
9.8958 seconds
Tested. Sparse categorical accuracy: 54.00

round 108, metrics=<sparse_categorical_accuracy=0.9991999864578247,loss=0.00282897031866014>
10.0114 seconds
Tested. Sparse categorical accuracy: 50.00

round 109, metrics=<sparse_categorical_accuracy=0.9990666508674622,loss=0.0035425859969109297>
10.0976 seconds
Tested. Sparse categorical accuracy: 50.00

round 110, metrics=<sparse_categorical_accuracy=0.9980000257492065,loss=0.00576626043766737>
10.1030 seconds
Tested. Sparse categorical accuracy: 52.00

round 111, metrics=<sparse_categorical_accuracy=0.9991999864578247,loss=0.00485756853595376>
9.6506 seconds
Tested. Sparse categorical accuracy: 51.00

round 112, metrics=<sparse_categorical_accuracy=0.9980666637420654,loss=0.006165070924907923>
10.0312 seconds
Tested. Sparse categorical accuracy: 54.00

round 113, metrics=<sparse_categorical_accuracy=0.998199999332428,loss=0.004269946366548538>
9.4395 seconds
Tested. Sparse categorical accuracy: 47.00

round 114, metrics=<sparse_categorical_accuracy=0.998199999332428,loss=0.00543747516348958>
9.9296 seconds
Tested. Sparse categorical accuracy: 70.00

round 115, metrics=<sparse_categorical_accuracy=0.9992666840553284,loss=0.00322468439117074>
9.2853 seconds
Tested. Sparse categorical accuracy: 64.00

round 116, metrics=<sparse_categorical_accuracy=0.998533308506012,loss=0.003622775198891759>
10.0413 seconds
Tested. Sparse categorical accuracy: 79.00

round 117, metrics=<sparse_categorical_accuracy=0.9988666772842407,loss=0.003160454798489809>
9.8589 seconds
Tested. Sparse categorical accuracy: 62.00

round 118, metrics=<sparse_categorical_accuracy=0.9995999932289124,loss=0.001618873095139861>
9.4123 seconds
Tested. Sparse categorical accuracy: 58.00

round 119, metrics=<sparse_categorical_accuracy=0.9973333477973938,loss=0.0071146669797599316>
9.9428 seconds
Tested. Sparse categorical accuracy: 54.00

round 120, metrics=<sparse_categorical_accuracy=0.9995333552360535,loss=0.0015245683025568724>
9.3567 seconds
Tested. Sparse categorical accuracy: 56.00

round 121, metrics=<sparse_categorical_accuracy=0.9986000061035156,loss=0.0036116084083914757>
9.8045 seconds
Tested. Sparse categorical accuracy: 62.00

round 122, metrics=<sparse_categorical_accuracy=0.9989333152770996,loss=0.005405017174780369>
9.6355 seconds
Tested. Sparse categorical accuracy: 57.00

round 123, metrics=<sparse_categorical_accuracy=0.9984666705131531,loss=0.0039849672466516495>
9.8272 seconds
Tested. Sparse categorical accuracy: 68.00

round 124, metrics=<sparse_categorical_accuracy=0.9987999796867371,loss=0.0029991669580340385>
9.4369 seconds
Tested. Sparse categorical accuracy: 59.00

round 125, metrics=<sparse_categorical_accuracy=0.9994000196456909,loss=0.0020969542674720287>
10.0422 seconds
Tested. Sparse categorical accuracy: 61.00

round 126, metrics=<sparse_categorical_accuracy=0.9987999796867371,loss=0.0031774279195815325>
9.3501 seconds
Tested. Sparse categorical accuracy: 58.00

round 127, metrics=<sparse_categorical_accuracy=0.998199999332428,loss=0.00669834902510047>
9.5669 seconds
Tested. Sparse categorical accuracy: 70.00

round 128, metrics=<sparse_categorical_accuracy=0.9990666508674622,loss=0.0030881385318934917>
9.4148 seconds
Tested. Sparse categorical accuracy: 62.00

round 129, metrics=<sparse_categorical_accuracy=0.9990666508674622,loss=0.002826157957315445>
9.7644 seconds
Tested. Sparse categorical accuracy: 66.00

round 130, metrics=<sparse_categorical_accuracy=0.9988666772842407,loss=0.003517703153192997>
10.0236 seconds
Tested. Sparse categorical accuracy: 59.00

round 131, metrics=<sparse_categorical_accuracy=0.9997333288192749,loss=0.00141780951526016>
9.3988 seconds
Tested. Sparse categorical accuracy: 59.00

round 132, metrics=<sparse_categorical_accuracy=0.9986666440963745,loss=0.0036552927922457457>
9.7236 seconds
Tested. Sparse categorical accuracy: 61.00

round 133, metrics=<sparse_categorical_accuracy=0.998533308506012,loss=0.004756063688546419>
9.6789 seconds
Tested. Sparse categorical accuracy: 56.00

round 134, metrics=<sparse_categorical_accuracy=0.998199999332428,loss=0.0059900349006056786>
10.0725 seconds
Tested. Sparse categorical accuracy: 84.00

round 135, metrics=<sparse_categorical_accuracy=0.9994000196456909,loss=0.002558220876380801>
9.5309 seconds
Tested. Sparse categorical accuracy: 76.00

round 136, metrics=<sparse_categorical_accuracy=0.9993333220481873,loss=0.0019145183032378554>
9.6602 seconds
Tested. Sparse categorical accuracy: 77.00

round 137, metrics=<sparse_categorical_accuracy=0.9994666576385498,loss=0.0021334674675017595>
9.7627 seconds
Tested. Sparse categorical accuracy: 70.00

round 138, metrics=<sparse_categorical_accuracy=0.9997333288192749,loss=0.001167110400274396>
9.5738 seconds
Tested. Sparse categorical accuracy: 65.00

round 139, metrics=<sparse_categorical_accuracy=0.9984666705131531,loss=0.004556997213512659>
9.6934 seconds
Tested. Sparse categorical accuracy: 69.00

round 140, metrics=<sparse_categorical_accuracy=0.9994666576385498,loss=0.001647107652388513>
9.6406 seconds
Tested. Sparse categorical accuracy: 65.00

round 141, metrics=<sparse_categorical_accuracy=0.9990666508674622,loss=0.0026304959319531918>
9.8813 seconds
Tested. Sparse categorical accuracy: 70.00

round 142, metrics=<sparse_categorical_accuracy=0.9989333152770996,loss=0.003447674447670579>
9.3500 seconds
Tested. Sparse categorical accuracy: 73.00

round 143, metrics=<sparse_categorical_accuracy=0.9990666508674622,loss=0.002861944492906332>
10.1975 seconds
Tested. Sparse categorical accuracy: 81.00

round 144, metrics=<sparse_categorical_accuracy=0.9991999864578247,loss=0.0026629578787833452>
9.6510 seconds
Tested. Sparse categorical accuracy: 75.00

round 145, metrics=<sparse_categorical_accuracy=0.9995999932289124,loss=0.001352358260191977>
9.9115 seconds
Tested. Sparse categorical accuracy: 71.00

round 146, metrics=<sparse_categorical_accuracy=0.9993333220481873,loss=0.0017997395480051637>
9.5527 seconds
Tested. Sparse categorical accuracy: 71.00

round 147, metrics=<sparse_categorical_accuracy=0.9990000128746033,loss=0.002790965372696519>
9.7176 seconds
Tested. Sparse categorical accuracy: 58.00

round 148, metrics=<sparse_categorical_accuracy=0.9991333484649658,loss=0.0028286578599363565>
9.8956 seconds
Tested. Sparse categorical accuracy: 72.00

round 149, metrics=<sparse_categorical_accuracy=0.9998000264167786,loss=0.0012632779544219375>
9.6374 seconds
Tested. Sparse categorical accuracy: 70.00

round 150, metrics=<sparse_categorical_accuracy=0.9990666508674622,loss=0.0027321032248437405>
10.1447 seconds
Tested. Sparse categorical accuracy: 76.00

round 151, metrics=<sparse_categorical_accuracy=0.9998666644096375,loss=0.0006219578208401799>
9.6548 seconds
Tested. Sparse categorical accuracy: 71.00

round 152, metrics=<sparse_categorical_accuracy=0.9993333220481873,loss=0.0022421383764594793>
9.5022 seconds
Tested. Sparse categorical accuracy: 73.00

round 153, metrics=<sparse_categorical_accuracy=0.9987999796867371,loss=0.003468757728114724>
9.4272 seconds
Tested. Sparse categorical accuracy: 71.00

round 154, metrics=<sparse_categorical_accuracy=0.9986000061035156,loss=0.005772568751126528>
10.0746 seconds
Tested. Sparse categorical accuracy: 90.00

round 155, metrics=<sparse_categorical_accuracy=0.9995333552360535,loss=0.002208716468885541>
9.4968 seconds
Tested. Sparse categorical accuracy: 84.00

round 156, metrics=<sparse_categorical_accuracy=0.9994000196456909,loss=0.0017357594333589077>
9.8761 seconds
Tested. Sparse categorical accuracy: 84.00

round 157, metrics=<sparse_categorical_accuracy=0.9994666576385498,loss=0.0014851392479613423>
9.8485 seconds
Tested. Sparse categorical accuracy: 81.00

round 158, metrics=<sparse_categorical_accuracy=0.9995333552360535,loss=0.0017366050742566586>
9.2463 seconds
Tested. Sparse categorical accuracy: 78.00

round 159, metrics=<sparse_categorical_accuracy=0.9991999864578247,loss=0.0026860679499804974>
10.0254 seconds
Tested. Sparse categorical accuracy: 92.00

round 160, metrics=<sparse_categorical_accuracy=0.999666690826416,loss=0.0008992005605250597>
9.5326 seconds
Tested. Sparse categorical accuracy: 87.00

round 161, metrics=<sparse_categorical_accuracy=0.9995333552360535,loss=0.001944463700056076>
9.9898 seconds
Tested. Sparse categorical accuracy: 91.00

round 162, metrics=<sparse_categorical_accuracy=0.9995999932289124,loss=0.001531904679723084>
9.5584 seconds
Tested. Sparse categorical accuracy: 86.00

round 163, metrics=<sparse_categorical_accuracy=0.9994000196456909,loss=0.001454929355531931>
9.6341 seconds
Tested. Sparse categorical accuracy: 78.00

round 164, metrics=<sparse_categorical_accuracy=0.9994000196456909,loss=0.001567915314808488>
9.8711 seconds
Tested. Sparse categorical accuracy: 81.00

round 165, metrics=<sparse_categorical_accuracy=0.999666690826416,loss=0.0011824563844129443>
9.7015 seconds
Tested. Sparse categorical accuracy: 78.00

round 166, metrics=<sparse_categorical_accuracy=0.9994666576385498,loss=0.0016854832647368312>
9.8760 seconds
Tested. Sparse categorical accuracy: 75.00

round 167, metrics=<sparse_categorical_accuracy=0.9990000128746033,loss=0.0025559270288795233>
9.6370 seconds
Tested. Sparse categorical accuracy: 71.00

round 168, metrics=<sparse_categorical_accuracy=0.9994000196456909,loss=0.00181850406806916>
10.0215 seconds
Tested. Sparse categorical accuracy: 82.00

round 169, metrics=<sparse_categorical_accuracy=0.999666690826416,loss=0.0014170396607369184>
9.4319 seconds
Tested. Sparse categorical accuracy: 76.00

round 170, metrics=<sparse_categorical_accuracy=0.9990666508674622,loss=0.0022239135578274727>
9.6632 seconds
Tested. Sparse categorical accuracy: 86.00

round 171, metrics=<sparse_categorical_accuracy=0.9997333288192749,loss=0.0013619997771456838>
9.9684 seconds
Tested. Sparse categorical accuracy: 82.00

round 172, metrics=<sparse_categorical_accuracy=0.9995333552360535,loss=0.0017647830536589026>
9.5178 seconds
Tested. Sparse categorical accuracy: 81.00

round 173, metrics=<sparse_categorical_accuracy=0.9991999864578247,loss=0.0017152008367702365>
10.0480 seconds
Tested. Sparse categorical accuracy: 78.00

round 174, metrics=<sparse_categorical_accuracy=0.9991999864578247,loss=0.0026204166933894157>
9.5223 seconds
Tested. Sparse categorical accuracy: 90.00

round 175, metrics=<sparse_categorical_accuracy=0.9995999932289124,loss=0.0013604509877040982>
10.0581 seconds
Tested. Sparse categorical accuracy: 88.00

round 176, metrics=<sparse_categorical_accuracy=0.9998000264167786,loss=0.0008100488921627402>
9.5397 seconds
Tested. Sparse categorical accuracy: 91.00

round 177, metrics=<sparse_categorical_accuracy=0.999666690826416,loss=0.0010128769790753722>
9.9999 seconds
Tested. Sparse categorical accuracy: 82.00

round 178, metrics=<sparse_categorical_accuracy=0.9998666644096375,loss=0.0006713485927321017>
9.4749 seconds
Tested. Sparse categorical accuracy: 80.00

round 179, metrics=<sparse_categorical_accuracy=0.9994666576385498,loss=0.001893498352728784>
9.8588 seconds
Tested. Sparse categorical accuracy: 90.00

round 180, metrics=<sparse_categorical_accuracy=0.9995999932289124,loss=0.0012463076272979379>
9.7967 seconds
Tested. Sparse categorical accuracy: 89.00

round 181, metrics=<sparse_categorical_accuracy=0.9994000196456909,loss=0.0022334468085318804>
9.4979 seconds
Tested. Sparse categorical accuracy: 85.00

round 182, metrics=<sparse_categorical_accuracy=0.9991333484649658,loss=0.0028607763815671206>
9.8828 seconds
Tested. Sparse categorical accuracy: 70.00

round 183, metrics=<sparse_categorical_accuracy=0.9991999864578247,loss=0.004248901270329952>
9.4607 seconds
Tested. Sparse categorical accuracy: 87.00

round 184, metrics=<sparse_categorical_accuracy=0.9997333288192749,loss=0.0015153934946283698>
10.1582 seconds
Tested. Sparse categorical accuracy: 84.00

round 185, metrics=<sparse_categorical_accuracy=0.9997333288192749,loss=0.0011559072881937027>
9.6866 seconds
Tested. Sparse categorical accuracy: 65.00

round 186, metrics=<sparse_categorical_accuracy=0.9995999932289124,loss=0.0015288855647668242>
9.9432 seconds
Tested. Sparse categorical accuracy: 78.00

round 187, metrics=<sparse_categorical_accuracy=0.9990000128746033,loss=0.0029107723385095596>
9.6791 seconds
Tested. Sparse categorical accuracy: 66.00

round 188, metrics=<sparse_categorical_accuracy=0.9993333220481873,loss=0.0014341186033561826>
9.7013 seconds
Tested. Sparse categorical accuracy: 79.00

round 189, metrics=<sparse_categorical_accuracy=0.9995999932289124,loss=0.0015062260208651423>
9.8838 seconds
Tested. Sparse categorical accuracy: 81.00

round 190, metrics=<sparse_categorical_accuracy=0.9993333220481873,loss=0.001595875946804881>
9.6533 seconds
Tested. Sparse categorical accuracy: 82.00

round 191, metrics=<sparse_categorical_accuracy=0.9997333288192749,loss=0.0007197249797172844>
9.9630 seconds
Tested. Sparse categorical accuracy: 79.00

round 192, metrics=<sparse_categorical_accuracy=0.9995999932289124,loss=0.0016590465093031526>
9.3860 seconds
Tested. Sparse categorical accuracy: 79.00

round 193, metrics=<sparse_categorical_accuracy=0.9990666508674622,loss=0.0021271987352520227>
9.9573 seconds
Tested. Sparse categorical accuracy: 74.00

round 194, metrics=<sparse_categorical_accuracy=0.9989333152770996,loss=0.003768579801544547>
9.4640 seconds
Tested. Sparse categorical accuracy: 89.00

round 195, metrics=<sparse_categorical_accuracy=0.9994666576385498,loss=0.0013989428989589214>
9.7774 seconds
Tested. Sparse categorical accuracy: 95.00

round 196, metrics=<sparse_categorical_accuracy=0.9994666576385498,loss=0.0016441140323877335>
9.6733 seconds
Tested. Sparse categorical accuracy: 93.00

round 197, metrics=<sparse_categorical_accuracy=0.9995999932289124,loss=0.001484179520048201>
9.5141 seconds
Tested. Sparse categorical accuracy: 93.00

round 198, metrics=<sparse_categorical_accuracy=0.9995999932289124,loss=0.0015143284108489752>
9.7506 seconds
Tested. Sparse categorical accuracy: 80.00

round 199, metrics=<sparse_categorical_accuracy=0.9994000196456909,loss=0.0019207792356610298>
9.5979 seconds
Tested. Sparse categorical accuracy: 88.00

round 200, metrics=<sparse_categorical_accuracy=0.9997333288192749,loss=0.0008932451601140201>
9.6282 seconds
Tested. Sparse categorical accuracy: 79.00

Target accuracy reached after  200  rounds
Average time per round: 9.00

2020-05-01 04:35:45.004308
