
TENSORFLOW USERS:
You must use the python3.6-anaconda/5.2.0 module to run TensorFlow.
See https://arc-ts.umich.edu/greatlakes/software/tensorflow for more
information.



The following have been reloaded with a version change:
  1) cuda/10.0.130 => cuda/10.1.105


Currently Loaded Modules:
  1) python3.7-anaconda/2019.07   2) cudnn/10.0-v7.6   3) cuda/10.1.105

 

mkdir: cannot create directory ‘results/5842441’: File exists
mkdir: cannot create directory ‘results/5842441/log’: File exists
Test  336
2020-05-04 01:47:13.400796


Schema 1: Each client partially IID
--------------------------------------------------
percent data distributed IID:  20
number of classes for non-IID data:  2
data points per client (mean, std dev): ( 600 ,  0 )
--------------------------------------------------

round  1, metrics=<sparse_categorical_accuracy=0.8373110890388489,loss=0.5205746293067932>
107.6151 seconds
Tested. Sparse categorical accuracy: 59.00

round  2, metrics=<sparse_categorical_accuracy=0.9541000127792358,loss=0.16733060777187347>
94.7177 seconds
Tested. Sparse categorical accuracy: 92.00

round  3, metrics=<sparse_categorical_accuracy=0.9846222400665283,loss=0.05645512789487839>
106.4314 seconds
Tested. Sparse categorical accuracy: 98.00

round  4, metrics=<sparse_categorical_accuracy=0.9910944700241089,loss=0.03264767676591873>
109.3347 seconds
Tested. Sparse categorical accuracy: 94.00

round  5, metrics=<sparse_categorical_accuracy=0.9913555383682251,loss=0.032992325723171234>
112.6597 seconds
Tested. Sparse categorical accuracy: 98.00

round  6, metrics=<sparse_categorical_accuracy=0.9947777986526489,loss=0.019301269203424454>
111.0482 seconds
Tested. Sparse categorical accuracy: 93.00

round  7, metrics=<sparse_categorical_accuracy=0.9948611259460449,loss=0.01887708529829979>
106.7758 seconds
Tested. Sparse categorical accuracy: 98.00

round  8, metrics=<sparse_categorical_accuracy=0.9953110814094543,loss=0.017189428210258484>
108.6001 seconds
Tested. Sparse categorical accuracy: 99.00

Target accuracy reached after  8  rounds
Average time per round: 107.00

2020-05-04 02:01:41.300182
