
TENSORFLOW USERS:
You must use the python3.6-anaconda/5.2.0 module to run TensorFlow.
See https://arc-ts.umich.edu/greatlakes/software/tensorflow for more
information.



The following have been reloaded with a version change:
  1) cuda/10.0.130 => cuda/10.1.105


Currently Loaded Modules:
  1) python3.7-anaconda/2019.07   2) cudnn/10.0-v7.6   3) cuda/10.1.105

 

mkdir: cannot create directory ‘results/5666478’: File exists
mkdir: cannot create directory ‘results/5666478/log’: File exists
Test  16
2020-04-27 09:31:39.775593


Schema 1: Each client partially IID
--------------------------------------------------
percent data distributed IID:  60
number of classes for non-IID data:  2
data points per client (mean, std dev): ( 600 ,  0 )
--------------------------------------------------

round  1, metrics=<sparse_categorical_accuracy=0.5099250078201294,loss=1.4144916534423828>
67.8268 seconds
Tested. Sparse categorical accuracy: 7.00

round  2, metrics=<sparse_categorical_accuracy=0.7701500058174133,loss=0.7087912559509277>
59.7489 seconds
Tested. Sparse categorical accuracy: 39.00

round  3, metrics=<sparse_categorical_accuracy=0.8616583347320557,loss=0.4261583685874939>
66.6574 seconds
Tested. Sparse categorical accuracy: 89.00

round  4, metrics=<sparse_categorical_accuracy=0.9785749912261963,loss=0.07377789169549942>
62.6487 seconds
Tested. Sparse categorical accuracy: 94.00

round  5, metrics=<sparse_categorical_accuracy=0.9886749982833862,loss=0.03993777558207512>
61.0906 seconds
Tested. Sparse categorical accuracy: 94.00

round  6, metrics=<sparse_categorical_accuracy=0.9905833601951599,loss=0.03406215459108353>
62.2173 seconds
Tested. Sparse categorical accuracy: 97.00

round  7, metrics=<sparse_categorical_accuracy=0.9935916662216187,loss=0.023842738941311836>
64.9657 seconds
Tested. Sparse categorical accuracy: 98.00

round  8, metrics=<sparse_categorical_accuracy=0.9934583306312561,loss=0.024774080142378807>
67.1493 seconds
Tested. Sparse categorical accuracy: 99.00

Target accuracy reached after  8  rounds
Average time per round: 64.00

2020-04-27 09:40:20.948242
