
TENSORFLOW USERS:
You must use the python3.6-anaconda/5.2.0 module to run TensorFlow.
See https://arc-ts.umich.edu/greatlakes/software/tensorflow for more
information.



The following have been reloaded with a version change:
  1) cuda/10.0.130 => cuda/10.1.105


Currently Loaded Modules:
  1) python3.7-anaconda/2019.07   2) cudnn/10.0-v7.6   3) cuda/10.1.105

 

mkdir: cannot create directory ‘results/5666478’: File exists
mkdir: cannot create directory ‘results/5666478/log’: File exists
Test  10
2020-04-27 08:52:38.757226


Schema 1: Each client partially IID
--------------------------------------------------
percent data distributed IID:  40
number of classes for non-IID data:  2
data points per client (mean, std dev): ( 600 ,  0 )
--------------------------------------------------

round  1, metrics=<sparse_categorical_accuracy=0.515749990940094,loss=1.3881477117538452>
27.5745 seconds
Tested. Sparse categorical accuracy: 13.00

round  2, metrics=<sparse_categorical_accuracy=0.7339500188827515,loss=0.7866066694259644>
27.5033 seconds
Tested. Sparse categorical accuracy: 77.00

round  3, metrics=<sparse_categorical_accuracy=0.9726666808128357,loss=0.09566827863454819>
27.0293 seconds
Tested. Sparse categorical accuracy: 97.00

round  4, metrics=<sparse_categorical_accuracy=0.9285666942596436,loss=0.20522098243236542>
26.6667 seconds
Tested. Sparse categorical accuracy: 96.00

round  5, metrics=<sparse_categorical_accuracy=0.9936500191688538,loss=0.022344185039401054>
27.1589 seconds
Tested. Sparse categorical accuracy: 96.00

round  6, metrics=<sparse_categorical_accuracy=0.985883355140686,loss=0.055948883295059204>
26.6339 seconds
Tested. Sparse categorical accuracy: 98.00

round  7, metrics=<sparse_categorical_accuracy=0.9919999837875366,loss=0.028603199869394302>
26.4618 seconds
Tested. Sparse categorical accuracy: 97.00

round  8, metrics=<sparse_categorical_accuracy=0.9306166768074036,loss=0.19506151974201202>
27.2634 seconds
Tested. Sparse categorical accuracy: 97.00

round  9, metrics=<sparse_categorical_accuracy=0.9934999942779541,loss=0.023151881992816925>
27.2020 seconds
Tested. Sparse categorical accuracy: 98.00

round 10, metrics=<sparse_categorical_accuracy=0.9466833472251892,loss=0.15498973429203033>
26.4894 seconds
Tested. Sparse categorical accuracy: 98.00

round 11, metrics=<sparse_categorical_accuracy=0.9963499903678894,loss=0.013826300390064716>
26.5197 seconds
Tested. Sparse categorical accuracy: 98.00

round 12, metrics=<sparse_categorical_accuracy=0.996150016784668,loss=0.014970598742365837>
27.1645 seconds
Tested. Sparse categorical accuracy: 95.00

round 13, metrics=<sparse_categorical_accuracy=0.9959333539009094,loss=0.0153069281950593>
27.3803 seconds
Tested. Sparse categorical accuracy: 99.00

Target accuracy reached after  13  rounds
Average time per round: 27.00

2020-04-27 08:58:39.284728
