
TENSORFLOW USERS:
You must use the python3.6-anaconda/5.2.0 module to run TensorFlow.
See https://arc-ts.umich.edu/greatlakes/software/tensorflow for more
information.



The following have been reloaded with a version change:
  1) cuda/10.0.130 => cuda/10.1.105


Currently Loaded Modules:
  1) python3.7-anaconda/2019.07   2) cudnn/10.0-v7.6   3) cuda/10.1.105

 

mkdir: cannot create directory ‘results/5666478’: File exists
mkdir: cannot create directory ‘results/5666478/log’: File exists
Test  12
2020-04-27 09:06:38.026017


Schema 1: Each client partially IID
--------------------------------------------------
percent data distributed IID:  40
number of classes for non-IID data:  2
data points per client (mean, std dev): ( 600 ,  0 )
--------------------------------------------------

round  1, metrics=<sparse_categorical_accuracy=0.5254916548728943,loss=1.3464469909667969>
56.6434 seconds
Tested. Sparse categorical accuracy: 8.00

round  2, metrics=<sparse_categorical_accuracy=0.5888500213623047,loss=1.1760586500167847>
55.1790 seconds
Tested. Sparse categorical accuracy: 68.00

round  3, metrics=<sparse_categorical_accuracy=0.9326916933059692,loss=0.21396678686141968>
56.1388 seconds
Tested. Sparse categorical accuracy: 91.00

round  4, metrics=<sparse_categorical_accuracy=0.9645166397094727,loss=0.11519309133291245>
54.9708 seconds
Tested. Sparse categorical accuracy: 95.00

round  5, metrics=<sparse_categorical_accuracy=0.9874916672706604,loss=0.04442918300628662>
54.2890 seconds
Tested. Sparse categorical accuracy: 93.00

round  6, metrics=<sparse_categorical_accuracy=0.9521750211715698,loss=0.15643596649169922>
56.0415 seconds
Tested. Sparse categorical accuracy: 97.00

round  7, metrics=<sparse_categorical_accuracy=0.9903083443641663,loss=0.034390900284051895>
56.6946 seconds
Tested. Sparse categorical accuracy: 96.00

round  8, metrics=<sparse_categorical_accuracy=0.9923250079154968,loss=0.02673804946243763>
57.2514 seconds
Tested. Sparse categorical accuracy: 94.00

round  9, metrics=<sparse_categorical_accuracy=0.9604750275611877,loss=0.12332140654325485>
56.9547 seconds
Tested. Sparse categorical accuracy: 96.00

round 10, metrics=<sparse_categorical_accuracy=0.994225025177002,loss=0.020951414480805397>
55.3365 seconds
Tested. Sparse categorical accuracy: 99.00

Target accuracy reached after  10  rounds
Average time per round: 55.00

2020-04-27 09:16:07.527386
