
TENSORFLOW USERS:
You must use the python3.6-anaconda/5.2.0 module to run TensorFlow.
See https://arc-ts.umich.edu/greatlakes/software/tensorflow for more
information.



The following have been reloaded with a version change:
  1) cuda/10.0.130 => cuda/10.1.105


Currently Loaded Modules:
  1) python3.7-anaconda/2019.07   2) cudnn/10.0-v7.6   3) cuda/10.1.105

 

mkdir: cannot create directory ‘results/5666478’: File exists
mkdir: cannot create directory ‘results/5666478/log’: File exists
Test  18
2020-04-27 09:44:32.861462


Schema 1: Each client partially IID
--------------------------------------------------
percent data distributed IID:  80
number of classes for non-IID data:  2
data points per client (mean, std dev): ( 600 ,  0 )
--------------------------------------------------

round  1, metrics=<sparse_categorical_accuracy=0.3944166600704193,loss=1.6986174583435059>
29.0093 seconds
Tested. Sparse categorical accuracy: 3.00

round  2, metrics=<sparse_categorical_accuracy=0.17055000364780426,loss=2.2484583854675293>
28.0919 seconds
Tested. Sparse categorical accuracy: 12.00

round  3, metrics=<sparse_categorical_accuracy=0.1722666621208191,loss=2.244053840637207>
29.1222 seconds
Tested. Sparse categorical accuracy: 16.00

round  4, metrics=<sparse_categorical_accuracy=0.17758333683013916,loss=2.2375354766845703>
28.5182 seconds
Tested. Sparse categorical accuracy: 5.00

round  5, metrics=<sparse_categorical_accuracy=0.16718333959579468,loss=2.252793312072754>
28.0546 seconds
Tested. Sparse categorical accuracy: 8.00

round  6, metrics=<sparse_categorical_accuracy=0.17816667258739471,loss=2.237548589706421>
27.9781 seconds
Tested. Sparse categorical accuracy: 5.00

round  7, metrics=<sparse_categorical_accuracy=0.17178332805633545,loss=2.242591142654419>
28.2692 seconds
Tested. Sparse categorical accuracy: 9.00

round  8, metrics=<sparse_categorical_accuracy=0.1747666597366333,loss=2.239607810974121>
27.9069 seconds
Tested. Sparse categorical accuracy: 11.00

round  9, metrics=<sparse_categorical_accuracy=0.17153333127498627,loss=2.246738910675049>
28.0923 seconds
Tested. Sparse categorical accuracy: 10.00

round 10, metrics=<sparse_categorical_accuracy=0.18248333036899567,loss=2.2366535663604736>
28.0392 seconds
Tested. Sparse categorical accuracy: 11.00

round 11, metrics=<sparse_categorical_accuracy=0.1685333400964737,loss=2.246558666229248>
29.0228 seconds
Tested. Sparse categorical accuracy: 15.00

round 12, metrics=<sparse_categorical_accuracy=0.1725499927997589,loss=2.247201919555664>
28.1772 seconds
Tested. Sparse categorical accuracy: 14.00

round 13, metrics=<sparse_categorical_accuracy=0.17358332872390747,loss=2.242826223373413>
28.1326 seconds
Tested. Sparse categorical accuracy: 4.00

round 14, metrics=<sparse_categorical_accuracy=0.1767333298921585,loss=2.237610340118408>
27.6405 seconds
Tested. Sparse categorical accuracy: 13.00

round 15, metrics=<sparse_categorical_accuracy=0.16740000247955322,loss=2.252255916595459>
27.6953 seconds
Tested. Sparse categorical accuracy: 6.00

round 16, metrics=<sparse_categorical_accuracy=0.1769166737794876,loss=2.236072301864624>
27.7963 seconds
Tested. Sparse categorical accuracy: 4.00

round 17, metrics=<sparse_categorical_accuracy=0.1751333326101303,loss=2.241978883743286>
27.9923 seconds
Tested. Sparse categorical accuracy: 13.00

round 18, metrics=<sparse_categorical_accuracy=0.1736000031232834,loss=2.2393436431884766>
28.2054 seconds
Tested. Sparse categorical accuracy: 6.00

round 19, metrics=<sparse_categorical_accuracy=0.17038333415985107,loss=2.2471463680267334>
27.9506 seconds
Tested. Sparse categorical accuracy: 7.00

round 20, metrics=<sparse_categorical_accuracy=0.18119999766349792,loss=2.237253189086914>
27.8769 seconds
Tested. Sparse categorical accuracy: 11.00

round 21, metrics=<sparse_categorical_accuracy=0.16744999587535858,loss=2.245612382888794>
28.5968 seconds
Tested. Sparse categorical accuracy: 7.00

round 22, metrics=<sparse_categorical_accuracy=0.1746000051498413,loss=2.2476017475128174>
27.4209 seconds
Tested. Sparse categorical accuracy: 9.00

round 23, metrics=<sparse_categorical_accuracy=0.17270000278949738,loss=2.243267774581909>
28.1536 seconds
Tested. Sparse categorical accuracy: 8.00

round 24, metrics=<sparse_categorical_accuracy=0.17738333344459534,loss=2.2393319606781006>
28.5970 seconds
Tested. Sparse categorical accuracy: 8.00

round 25, metrics=<sparse_categorical_accuracy=0.16574999690055847,loss=2.253251075744629>
27.9925 seconds
Tested. Sparse categorical accuracy: 6.00

round 26, metrics=<sparse_categorical_accuracy=0.17319999635219574,loss=2.2373504638671875>
28.4178 seconds
Tested. Sparse categorical accuracy: 13.00

round 27, metrics=<sparse_categorical_accuracy=0.17803333699703217,loss=2.241765260696411>
28.2599 seconds
Tested. Sparse categorical accuracy: 12.00

round 28, metrics=<sparse_categorical_accuracy=0.17786666750907898,loss=2.239619016647339>
27.8584 seconds
Tested. Sparse categorical accuracy: 16.00

round 29, metrics=<sparse_categorical_accuracy=0.16793332993984222,loss=2.248685359954834>
27.9194 seconds
Tested. Sparse categorical accuracy: 10.00

round 30, metrics=<sparse_categorical_accuracy=0.1743333339691162,loss=2.237143039703369>
29.5542 seconds
Tested. Sparse categorical accuracy: 9.00

round 31, metrics=<sparse_categorical_accuracy=0.1728000044822693,loss=2.2458882331848145>
28.3447 seconds
Tested. Sparse categorical accuracy: 8.00

round 32, metrics=<sparse_categorical_accuracy=0.1756500005722046,loss=2.247762680053711>
28.3809 seconds
Tested. Sparse categorical accuracy: 15.00

round 33, metrics=<sparse_categorical_accuracy=0.17763333022594452,loss=2.242337465286255>
27.3862 seconds
Tested. Sparse categorical accuracy: 9.00

round 34, metrics=<sparse_categorical_accuracy=0.17953333258628845,loss=2.237427234649658>
29.1274 seconds
Tested. Sparse categorical accuracy: 12.00

round 35, metrics=<sparse_categorical_accuracy=0.16401666402816772,loss=2.2535340785980225>
29.0054 seconds
Tested. Sparse categorical accuracy: 8.00

round 36, metrics=<sparse_categorical_accuracy=0.17776666581630707,loss=2.236302375793457>
27.7943 seconds
Tested. Sparse categorical accuracy: 8.00

round 37, metrics=<sparse_categorical_accuracy=0.1802833378314972,loss=2.2409873008728027>
28.2794 seconds
Tested. Sparse categorical accuracy: 12.00

round 38, metrics=<sparse_categorical_accuracy=0.17180000245571136,loss=2.240903854370117>
28.5246 seconds
Tested. Sparse categorical accuracy: 8.00

round 39, metrics=<sparse_categorical_accuracy=0.17558333277702332,loss=2.246490955352783>
28.1355 seconds
Tested. Sparse categorical accuracy: 7.00

round 40, metrics=<sparse_categorical_accuracy=0.18013332784175873,loss=2.2367072105407715>
28.1089 seconds
Tested. Sparse categorical accuracy: 13.00

round 41, metrics=<sparse_categorical_accuracy=0.1724500060081482,loss=2.2458932399749756>
27.9050 seconds
Tested. Sparse categorical accuracy: 7.00

round 42, metrics=<sparse_categorical_accuracy=0.1753000020980835,loss=2.2465498447418213>
27.5935 seconds
Tested. Sparse categorical accuracy: 11.00

round 43, metrics=<sparse_categorical_accuracy=0.17534999549388885,loss=2.2427611351013184>
29.0585 seconds
Tested. Sparse categorical accuracy: 6.00

round 44, metrics=<sparse_categorical_accuracy=0.1825166642665863,loss=2.2376651763916016>
27.7673 seconds
Tested. Sparse categorical accuracy: 11.00

round 45, metrics=<sparse_categorical_accuracy=0.16431666910648346,loss=2.2528488636016846>
27.8287 seconds
Tested. Sparse categorical accuracy: 10.00

round 46, metrics=<sparse_categorical_accuracy=0.1760166734457016,loss=2.2363474369049072>
28.3873 seconds
Tested. Sparse categorical accuracy: 9.00

round 47, metrics=<sparse_categorical_accuracy=0.17416666448116302,loss=2.241375207901001>
28.2811 seconds
Tested. Sparse categorical accuracy: 7.00

round 48, metrics=<sparse_categorical_accuracy=0.17668333649635315,loss=2.2398104667663574>
28.0610 seconds
Tested. Sparse categorical accuracy: 12.00

round 49, metrics=<sparse_categorical_accuracy=0.17284999787807465,loss=2.2467892169952393>
28.4721 seconds
Tested. Sparse categorical accuracy: 13.00

round 50, metrics=<sparse_categorical_accuracy=0.1794833391904831,loss=2.2362253665924072>
28.1535 seconds
Tested. Sparse categorical accuracy: 13.00

round 51, metrics=<sparse_categorical_accuracy=0.17139999568462372,loss=2.245823383331299>
28.1888 seconds
Tested. Sparse categorical accuracy: 8.00

round 52, metrics=<sparse_categorical_accuracy=0.17373333871364594,loss=2.2480907440185547>
28.3409 seconds
Tested. Sparse categorical accuracy: 16.00

round 53, metrics=<sparse_categorical_accuracy=0.17061667144298553,loss=2.242840051651001>
28.1541 seconds
Tested. Sparse categorical accuracy: 11.00

round 54, metrics=<sparse_categorical_accuracy=0.17996667325496674,loss=2.237657308578491>
28.8247 seconds
Tested. Sparse categorical accuracy: 12.00

round 55, metrics=<sparse_categorical_accuracy=0.1670999974012375,loss=2.2522661685943604>
28.2508 seconds
Tested. Sparse categorical accuracy: 8.00

round 56, metrics=<sparse_categorical_accuracy=0.18234999477863312,loss=2.2367587089538574>
28.5885 seconds
Tested. Sparse categorical accuracy: 7.00

round 57, metrics=<sparse_categorical_accuracy=0.17578333616256714,loss=2.2424073219299316>
27.7315 seconds
Tested. Sparse categorical accuracy: 14.00

round 58, metrics=<sparse_categorical_accuracy=0.17599999904632568,loss=2.2398836612701416>
28.2417 seconds
Tested. Sparse categorical accuracy: 14.00

round 59, metrics=<sparse_categorical_accuracy=0.17464999854564667,loss=2.246799945831299>
29.3625 seconds
Tested. Sparse categorical accuracy: 12.00

round 60, metrics=<sparse_categorical_accuracy=0.18003332614898682,loss=2.23671555519104>
28.2806 seconds
Tested. Sparse categorical accuracy: 13.00

round 61, metrics=<sparse_categorical_accuracy=0.1709499955177307,loss=2.2455902099609375>
28.4908 seconds
Tested. Sparse categorical accuracy: 12.00

round 62, metrics=<sparse_categorical_accuracy=0.17531666159629822,loss=2.246973752975464>
29.0393 seconds
Tested. Sparse categorical accuracy: 13.00

round 63, metrics=<sparse_categorical_accuracy=0.17453333735466003,loss=2.2433321475982666>
28.4815 seconds
Tested. Sparse categorical accuracy: 9.00

round 64, metrics=<sparse_categorical_accuracy=0.1784166693687439,loss=2.237786293029785>
27.8703 seconds
Tested. Sparse categorical accuracy: 11.00

round 65, metrics=<sparse_categorical_accuracy=0.16545000672340393,loss=2.252932071685791>
28.4294 seconds
Tested. Sparse categorical accuracy: 4.00

round 66, metrics=<sparse_categorical_accuracy=0.18131667375564575,loss=2.236393690109253>
27.9243 seconds
Tested. Sparse categorical accuracy: 6.00

round 67, metrics=<sparse_categorical_accuracy=0.17323333024978638,loss=2.242436647415161>
28.1985 seconds
Tested. Sparse categorical accuracy: 10.00

round 68, metrics=<sparse_categorical_accuracy=0.17616666853427887,loss=2.2401089668273926>
28.0214 seconds
Tested. Sparse categorical accuracy: 10.00

round 69, metrics=<sparse_categorical_accuracy=0.16875000298023224,loss=2.2469005584716797>
28.4740 seconds
Tested. Sparse categorical accuracy: 9.00

round 70, metrics=<sparse_categorical_accuracy=0.17613333463668823,loss=2.237999200820923>
28.9084 seconds
Tested. Sparse categorical accuracy: 16.00

round 71, metrics=<sparse_categorical_accuracy=0.17391666769981384,loss=2.246645927429199>
28.4669 seconds
Tested. Sparse categorical accuracy: 12.00

round 72, metrics=<sparse_categorical_accuracy=0.17184999585151672,loss=2.2467501163482666>
28.0475 seconds
Tested. Sparse categorical accuracy: 10.00

round 73, metrics=<sparse_categorical_accuracy=0.1720999926328659,loss=2.2437360286712646>
27.8529 seconds
Tested. Sparse categorical accuracy: 9.00

round 74, metrics=<sparse_categorical_accuracy=0.17910000681877136,loss=2.2382986545562744>
28.1426 seconds
Tested. Sparse categorical accuracy: 14.00

round 75, metrics=<sparse_categorical_accuracy=0.16795000433921814,loss=2.253349542617798>
27.8671 seconds
Tested. Sparse categorical accuracy: 7.00

round 76, metrics=<sparse_categorical_accuracy=0.17419999837875366,loss=2.237699270248413>
28.3426 seconds
Tested. Sparse categorical accuracy: 7.00

round 77, metrics=<sparse_categorical_accuracy=0.17358332872390747,loss=2.241405487060547>
27.9775 seconds
Tested. Sparse categorical accuracy: 11.00

round 78, metrics=<sparse_categorical_accuracy=0.17216666042804718,loss=2.2403955459594727>
28.2468 seconds
Tested. Sparse categorical accuracy: 12.00

round 79, metrics=<sparse_categorical_accuracy=0.1702166646718979,loss=2.2471871376037598>
28.0843 seconds
Tested. Sparse categorical accuracy: 15.00

round 80, metrics=<sparse_categorical_accuracy=0.17595000565052032,loss=2.237170457839966>
28.4031 seconds
Tested. Sparse categorical accuracy: 14.00

round 81, metrics=<sparse_categorical_accuracy=0.17563332617282867,loss=2.245089292526245>
27.9988 seconds
Tested. Sparse categorical accuracy: 12.00

round 82, metrics=<sparse_categorical_accuracy=0.17686666548252106,loss=2.2466392517089844>
29.3617 seconds
Tested. Sparse categorical accuracy: 9.00

round 83, metrics=<sparse_categorical_accuracy=0.17136666178703308,loss=2.243131160736084>
28.4732 seconds
Tested. Sparse categorical accuracy: 10.00

round 84, metrics=<sparse_categorical_accuracy=0.1788666695356369,loss=2.2372772693634033>
29.4870 seconds
Tested. Sparse categorical accuracy: 14.00

round 85, metrics=<sparse_categorical_accuracy=0.16635000705718994,loss=2.25308895111084>
28.5138 seconds
Tested. Sparse categorical accuracy: 9.00

round 86, metrics=<sparse_categorical_accuracy=0.178766667842865,loss=2.236762046813965>
28.7733 seconds
Tested. Sparse categorical accuracy: 5.00

round 87, metrics=<sparse_categorical_accuracy=0.1773499995470047,loss=2.241788864135742>
28.1522 seconds
Tested. Sparse categorical accuracy: 10.00

round 88, metrics=<sparse_categorical_accuracy=0.17178332805633545,loss=2.2407562732696533>
29.5658 seconds
Tested. Sparse categorical accuracy: 8.00

round 89, metrics=<sparse_categorical_accuracy=0.16908332705497742,loss=2.2479259967803955>
27.6946 seconds
Tested. Sparse categorical accuracy: 17.00

round 90, metrics=<sparse_categorical_accuracy=0.18103332817554474,loss=2.236692428588867>
28.2016 seconds
Tested. Sparse categorical accuracy: 13.00

round 91, metrics=<sparse_categorical_accuracy=0.1669333279132843,loss=2.246675968170166>
29.3775 seconds
Tested. Sparse categorical accuracy: 15.00

round 92, metrics=<sparse_categorical_accuracy=0.17746666073799133,loss=2.2473554611206055>
28.7666 seconds
Tested. Sparse categorical accuracy: 17.00

round 93, metrics=<sparse_categorical_accuracy=0.17713333666324615,loss=2.2430408000946045>
28.1852 seconds
Tested. Sparse categorical accuracy: 14.00

round 94, metrics=<sparse_categorical_accuracy=0.18469999730587006,loss=2.236215114593506>
28.4887 seconds
Tested. Sparse categorical accuracy: 6.00

round 95, metrics=<sparse_categorical_accuracy=0.1619500070810318,loss=2.252391815185547>
27.9790 seconds
Tested. Sparse categorical accuracy: 10.00

round 96, metrics=<sparse_categorical_accuracy=0.1799333393573761,loss=2.2360475063323975>
28.7410 seconds
Tested. Sparse categorical accuracy: 6.00

round 97, metrics=<sparse_categorical_accuracy=0.17588333785533905,loss=2.2422308921813965>
28.4143 seconds
Tested. Sparse categorical accuracy: 14.00

round 98, metrics=<sparse_categorical_accuracy=0.17606666684150696,loss=2.2404000759124756>
28.9649 seconds
Tested. Sparse categorical accuracy: 15.00

round 99, metrics=<sparse_categorical_accuracy=0.17299999296665192,loss=2.2470450401306152>
27.7944 seconds
Tested. Sparse categorical accuracy: 9.00

round 100, metrics=<sparse_categorical_accuracy=0.178683340549469,loss=2.2367167472839355>
28.4938 seconds
Tested. Sparse categorical accuracy: 10.00

Target accuracy reached after  100  rounds
Average time per round: 28.00

2020-04-27 10:32:00.109749
