2020-04-12 23:17:26.192983
Test  1
1.6685714285714286
2.585
1.5533333333333332
2.359166666666667
2.0923809523809522
2.7058333333333335
2.6152380952380954
3.1633333333333336
1.7838095238095237
2.6858333333333335
1.3009523809523809
1.3883333333333334
1.5504761904761906
2.3566666666666665
1.3542857142857143
2.185
1.5314285714285714
2.465
1.259047619047619
1.9766666666666666
2.3466666666666667
3.1783333333333332
1.1885714285714286
1.29
2.334285714285714
2.5425
2.3276190476190477
3.0366666666666666
2.62
3.4175
1.6028571428571428
2.1525
2.1752380952380954
1.9033333333333333
1.3761904761904762
2.3291666666666666
3.2923809523809524
3.6308333333333334
3.759047619047619
3.2891666666666666
2.4
3.225
2.162857142857143
2.1425
1.8885714285714286
2.7775
1.6628571428571428
1.83
1.5533333333333332
1.7341666666666666
2.1285714285714286
2.8625
2.4638095238095237
2.1558333333333333
1.5038095238095237
1.4408333333333334
1.42
2.2425
1.5895238095238096
2.515833333333333
2.3047619047619046
3.1416666666666666
2.473333333333333
2.4141666666666666
1.6914285714285715
1.48
1.360952380952381
2.3158333333333334
2.065714285714286
2.8075
2.2257142857142855
2.1975
1.8104761904761906
1.7091666666666667
1.579047619047619
2.256666666666667
1.4133333333333333
2.236666666666667
2.7847619047619045
3.0616666666666665
1.6914285714285715
1.48
1.3942857142857144
1.72
2.3666666666666667
2.8208333333333333
2.4466666666666668
3.015833333333333
1.9123809523809523
2.7983333333333333
2.1276190476190475
2.486666666666667
1.4466666666666668
2.015833333333333
2.5828571428571427
2.76
2.5876190476190475
3.2641666666666667
1.4895238095238095
2.0533333333333332
1.841904761904762
1.7366666666666666
3.4038095238095236
3.9783333333333335
1.4542857142857142
1.2725
1.3771428571428572
1.58
1.6466666666666667
2.3158333333333334
2.0047619047619047
2.629166666666667
2.1219047619047617
2.7316666666666665
2.078095238095238
2.9433333333333334
3.4361904761904762
3.131666666666667
2.26
2.6025
1.260952380952381
2.2283333333333335
1.4504761904761905
2.1441666666666666
1.9323809523809523
2.0658333333333334
1.7161904761904763
2.0016666666666665
2.585714285714286
2.2625
4.199047619047619
4.549166666666666
2.244761904761905
1.9641666666666666
2.5428571428571427
3.225
1.6142857142857143
1.5375
2.0276190476190474
2.0241666666666664
1.2485714285714287
2.2175
1.3561904761904762
1.5616666666666668
1.6514285714285715
1.445
1.861904761904762
2.004166666666667
2.255238095238095
2.973333333333333
1.6895238095238094
2.3533333333333335
3.395238095238095
3.845833333333333
2.837142857142857
2.4825
3.2057142857142855
3.055
2.487619047619048
2.4266666666666667
9.987696976552504e+238
8.739234854483441e+238
2.441904761904762
2.7616666666666667
1.3466666666666667
1.8033333333333332
1.841904761904762
1.9866666666666666
1.3723809523809525
1.2008333333333334
1.3342857142857143
1.4175
2.144761904761905
2.0016666666666665
2.3685714285714288
2.9475
2.184761904761905
2.9116666666666666
1.2657142857142858
1.7325
2.0933333333333333
2.3316666666666666
2.0704761904761906
2.8116666666666665
2.1552380952380954
3.0108333333333333
2.4057142857142857
2.605
2.2904761904761903
3.004166666666667
1.7257142857142858
1.76
1.6266666666666667
1.5483333333333333
1.5942857142857143
2.52
2.400952380952381
2.9758333333333336
1.860952380952381
1.7533333333333334

Schema 1: Each client partially IID
--------------------------------------------------
percent data distributed IID:  50
number of classes for non-IID data:  2
data points per client (mean, std dev): ( 600 ,  0 )

number of clients:  100
cohort size:  20
number of local epochs:  10
local batch size:  20
learning rate:  0.1
target accuracy:  80 %
--------------------------------------------------

