2020-04-12 23:17:26.287257
Test  6
1.4068309990662933
2.3559771241830063
1.5583529411764705
2.363558823529412
2.0923809523809522
2.7058333333333335
2.6152380952380954
3.1633333333333336
1.7838095238095237
2.6858333333333335
1.3009523809523809
1.3883333333333334
1.5504761904761906
2.3566666666666665
1.3542857142857143
2.185
1.5314285714285714
2.465
1.259047619047619
1.9766666666666666
2.3466666666666667
3.1783333333333332
1.1885714285714286
1.29
2.334285714285714
2.5425
2.3276190476190477
3.0366666666666666
1.4647619047619047
2.4066666666666667
1.6028571428571428
2.1525
2.1752380952380954
1.9033333333333333
1.3761904761904762
2.3291666666666666
2.0761904761904764
2.566666666666667
2.9304761904761905
2.5641666666666665
2.399047619047619
3.2241666666666666
3.4133333333333336
3.236666666666667
1.8885714285714286
2.7775
9.987696976552504e+238
8.739234854483441e+238
1.3647619047619048
1.5691666666666666
1.7133333333333334
2.4991666666666665
3.5761904761904764
3.129166666666667
2.0241755368814194
1.896153594771242
1.42
2.2425
1.5895238095238096
2.515833333333333
2.3047619047619046
3.1416666666666666
2.473333333333333
2.4141666666666666
1.6914285714285715
1.48
1.6285714285714286
2.55
2.065714285714286
2.8075
2.2257142857142855
2.1975
1.9542857142857142
1.835
2.3980952380952383
2.973333333333333
1.4133333333333333
2.236666666666667
1.500952380952381
1.9383333333333332
3.184761904761905
2.7866666666666666
1.3942857142857144
1.72
2.3666666666666667
2.8208333333333333
4.6571428571428575
4.95
4.274285714285714
4.865
2.1276190476190475
2.486666666666667
1.4466666666666668
2.015833333333333
2.5828571428571427
2.76
1.5
2.3125
1.4895238095238095
2.0533333333333332
2.5876190476190475
2.3891666666666667
2.5761904761904764
3.254166666666667
9.987696976552504e+238
8.739234854483441e+238
1.3771428571428572
1.58
1.1990476190476191
1.9241666666666666
2.0047619047619047
2.629166666666667
2.1219047619047617
2.7316666666666665
2.072380952380952
2.9383333333333335
2.4485714285714284
2.2675
2.26
2.6025
1.260952380952381
2.2283333333333335
1.4504761904761905
2.1441666666666666
1.9323809523809523
2.0658333333333334
1.7161904761904763
2.0016666666666665
2.585714285714286
2.2625
1.6790476190476191
2.3441666666666667
2.244761904761905
1.9641666666666666
3.257142857142857
3.85
3.2723809523809524
2.9883333333333333
2.481904761904762
2.421666666666667
1.2485714285714287
2.2175
1.3561904761904762
1.5616666666666668
1.6514285714285715
1.445
1.861904761904762
2.004166666666667
2.255238095238095
2.973333333333333
1.6895238095238094
2.3533333333333335
9.987696976552504e+238
8.739234854483441e+238
1.6171428571428572
1.415
2.762857142857143
2.6675
1.8161904761904761
1.8391666666666666
1.980952380952381
2.6083333333333334
2.441904761904762
2.7616666666666667
1.3466666666666667
1.8033333333333332
1.841904761904762
1.9866666666666666
1.3723809523809525
1.2008333333333334
1.3342857142857143
1.4175
1.2457142857142858
1.215
2.3685714285714288
2.9475
2.3476190476190477
3.0541666666666667
3.2895238095238097
3.5033333333333334
2.0933333333333333
2.3316666666666666
1.639047619047619
2.4341666666666666
2.1552380952380954
3.0108333333333333
2.4057142857142857
2.605
2.2904761904761903
3.004166666666667
9.987696976552504e+238
8.739234854483441e+238
2.3076190476190477
2.1441666666666666
1.5942857142857143
2.52
2.400952380952381
2.9758333333333336
1.860952380952381
1.7533333333333334

Schema 1: Each client partially IID
--------------------------------------------------
percent data distributed IID:  50
number of classes for non-IID data:  2
data points per client (mean, std dev): ( 600 ,  0 )

number of clients:  100
cohort size:  20
number of local epochs:  10
local batch size:  20
learning rate:  0.15
target accuracy:  80 %
--------------------------------------------------

round  1, metrics=<sparse_categorical_accuracy=0.5703874826431274,loss=nan>
342.8286 seconds
Tested. Sparse categorical accuracy: 7.00
2020-04-12 23:23:17.163354

round  2, metrics=<sparse_categorical_accuracy=0.7397791743278503,loss=nan>
339.5662 seconds
Tested. Sparse categorical accuracy: 3.50
2020-04-12 23:28:56.865246

