
TENSORFLOW USERS:
You must use the python3.6-anaconda/5.2.0 module to run TensorFlow.
See https://arc-ts.umich.edu/greatlakes/software/tensorflow for more
information.



The following have been reloaded with a version change:
  1) cuda/10.0.130 => cuda/10.1.105


Currently Loaded Modules:
  1) python3.7-anaconda/2019.07   2) cudnn/10.0-v7.6   3) cuda/10.1.105

 

mkdir: cannot create directory ‘results/7423813’: File exists
mkdir: cannot create directory ‘results/7423813/log’: File exists
Test  293
2020-06-08 14:51:19.371971


Schema 1: Each client partially IID
--------------------------------------------------
percent data distributed IID:  80
number of classes for non-IID data:  2
data points per client (mean, std dev): ( 600 ,  0 )
--------------------------------------------------
round  1, metrics=<sparse_categorical_accuracy=0.1468888819217682,loss=2.2763729095458984>
12.1336 seconds
Tested. Sparse categorical accuracy: 30.00

round  2, metrics=<sparse_categorical_accuracy=0.22866666316986084,loss=2.2715678215026855>
11.8128 seconds
Tested. Sparse categorical accuracy: 15.00

round  3, metrics=<sparse_categorical_accuracy=0.31333333253860474,loss=2.127603054046631>
12.0335 seconds
Tested. Sparse categorical accuracy: 75.00

round  4, metrics=<sparse_categorical_accuracy=0.4691111147403717,loss=1.9350712299346924>
12.4773 seconds
Tested. Sparse categorical accuracy: 65.00

4  rounds run
Average time per round: 12.00

2020-06-08 14:52:16.224067
