
TENSORFLOW USERS:
You must use the python3.6-anaconda/5.2.0 module to run TensorFlow.
See https://arc-ts.umich.edu/greatlakes/software/tensorflow for more
information.



The following have been reloaded with a version change:
  1) cuda/10.0.130 => cuda/10.1.105


Currently Loaded Modules:
  1) python3.7-anaconda/2019.07   2) cudnn/10.0-v7.6   3) cuda/10.1.105

 

mkdir: cannot create directory ‘results/7423813’: File exists
mkdir: cannot create directory ‘results/7423813/log’: File exists
Test  197
2020-06-08 14:44:49.570374


Schema 1: Each client partially IID
--------------------------------------------------
percent data distributed IID:  80
number of classes for non-IID data:  2
data points per client (mean, std dev): ( 600 ,  0 )
--------------------------------------------------
round  1, metrics=<sparse_categorical_accuracy=0.1379999965429306,loss=2.2856292724609375>
7.0225 seconds
Tested. Sparse categorical accuracy: 36.67

round  2, metrics=<sparse_categorical_accuracy=0.16516666114330292,loss=2.2473018169403076>
6.9734 seconds
Tested. Sparse categorical accuracy: 43.33

round  3, metrics=<sparse_categorical_accuracy=0.22833333909511566,loss=2.236478567123413>
7.0452 seconds
Tested. Sparse categorical accuracy: 26.67

round  4, metrics=<sparse_categorical_accuracy=0.35483333468437195,loss=2.125504493713379>
6.8731 seconds
Tested. Sparse categorical accuracy: 56.67

round  5, metrics=<sparse_categorical_accuracy=0.45883333683013916,loss=1.917567491531372>
6.6274 seconds
Tested. Sparse categorical accuracy: 63.33

round  6, metrics=<sparse_categorical_accuracy=0.5963333249092102,loss=1.4622886180877686>
6.9530 seconds
Tested. Sparse categorical accuracy: 53.33

6  rounds run
Average time per round: 6.00

2020-06-08 14:45:38.926207
