
TENSORFLOW USERS:
You must use the python3.6-anaconda/5.2.0 module to run TensorFlow.
See https://arc-ts.umich.edu/greatlakes/software/tensorflow for more
information.



The following have been reloaded with a version change:
  1) cuda/10.0.130 => cuda/10.1.105


Currently Loaded Modules:
  1) python3.7-anaconda/2019.07   2) cudnn/10.0-v7.6   3) cuda/10.1.105

 

mkdir: cannot create directory ‘results/7423813’: File exists
mkdir: cannot create directory ‘results/7423813/log’: File exists
Test  109
2020-06-08 14:31:33.374957


Schema 1: Each client partially IID
--------------------------------------------------
percent data distributed IID:  80
number of classes for non-IID data:  2
data points per client (mean, std dev): ( 600 ,  0 )
--------------------------------------------------
round  1, metrics=<sparse_categorical_accuracy=0.19866666197776794,loss=2.2347137928009033>
17.6749 seconds
Tested. Sparse categorical accuracy: 46.67

round  2, metrics=<sparse_categorical_accuracy=0.3362500071525574,loss=2.135951042175293>
17.3701 seconds
Tested. Sparse categorical accuracy: 73.33

round  3, metrics=<sparse_categorical_accuracy=0.5703333616256714,loss=1.491435170173645>
16.7513 seconds
Tested. Sparse categorical accuracy: 93.33

3  rounds run
Average time per round: 17.00

2020-06-08 14:32:33.204207
