
TENSORFLOW USERS:
You must use the python3.6-anaconda/5.2.0 module to run TensorFlow.
See https://arc-ts.umich.edu/greatlakes/software/tensorflow for more
information.



The following have been reloaded with a version change:
  1) cuda/10.0.130 => cuda/10.1.105


Currently Loaded Modules:
  1) python3.7-anaconda/2019.07   2) cudnn/10.0-v7.6   3) cuda/10.1.105

 

mkdir: cannot create directory ‘results/7423813’: File exists
mkdir: cannot create directory ‘results/7423813/log’: File exists
Test  297
2020-06-08 14:51:37.631450


Schema 1: Each client partially IID
--------------------------------------------------
percent data distributed IID:  80
number of classes for non-IID data:  2
data points per client (mean, std dev): ( 600 ,  0 )
--------------------------------------------------
round  1, metrics=<sparse_categorical_accuracy=0.14666666090488434,loss=2.286290407180786>
6.9008 seconds
Tested. Sparse categorical accuracy: 23.33

round  2, metrics=<sparse_categorical_accuracy=0.20283333957195282,loss=2.259901762008667>
6.4758 seconds
Tested. Sparse categorical accuracy: 60.00

round  3, metrics=<sparse_categorical_accuracy=0.30016666650772095,loss=2.2078278064727783>
6.7412 seconds
Tested. Sparse categorical accuracy: 33.33

round  4, metrics=<sparse_categorical_accuracy=0.2955000102519989,loss=2.118602752685547>
6.6351 seconds
Tested. Sparse categorical accuracy: 43.33

round  5, metrics=<sparse_categorical_accuracy=0.45216667652130127,loss=2.009711742401123>
6.4070 seconds
Tested. Sparse categorical accuracy: 40.00

round  6, metrics=<sparse_categorical_accuracy=0.4894999861717224,loss=1.6057467460632324>
6.5020 seconds
Tested. Sparse categorical accuracy: 63.33

6  rounds run
Average time per round: 6.00

2020-06-08 14:52:25.107164
