
TENSORFLOW USERS:
You must use the python3.6-anaconda/5.2.0 module to run TensorFlow.
See https://arc-ts.umich.edu/greatlakes/software/tensorflow for more
information.



The following have been reloaded with a version change:
  1) cuda/10.0.130 => cuda/10.1.105


Currently Loaded Modules:
  1) python3.7-anaconda/2019.07   2) cudnn/10.0-v7.6   3) cuda/10.1.105

 

mkdir: cannot create directory ‘results/7423813’: File exists
mkdir: cannot create directory ‘results/7423813/log’: File exists
Test  287
2020-06-08 14:51:07.126107


Schema 1: Each client partially IID
--------------------------------------------------
percent data distributed IID:  80
number of classes for non-IID data:  2
data points per client (mean, std dev): ( 600 ,  0 )
--------------------------------------------------
round  1, metrics=<sparse_categorical_accuracy=0.12516666948795319,loss=2.2800018787384033>
9.0493 seconds
Tested. Sparse categorical accuracy: 26.67

round  2, metrics=<sparse_categorical_accuracy=0.15316666662693024,loss=2.236595869064331>
8.8173 seconds
Tested. Sparse categorical accuracy: 26.67

round  3, metrics=<sparse_categorical_accuracy=0.3345000147819519,loss=2.255774736404419>
8.8919 seconds
Tested. Sparse categorical accuracy: 33.33

round  4, metrics=<sparse_categorical_accuracy=0.38616666197776794,loss=2.0480570793151855>
9.3326 seconds
Tested. Sparse categorical accuracy: 73.33

round  5, metrics=<sparse_categorical_accuracy=0.4711666703224182,loss=1.9445692300796509>
8.0090 seconds
Tested. Sparse categorical accuracy: 43.33

round  6, metrics=<sparse_categorical_accuracy=0.47483333945274353,loss=1.6436318159103394>
7.9397 seconds
Tested. Sparse categorical accuracy: 63.33

6  rounds run
Average time per round: 8.00

2020-06-08 14:52:07.990401
