
TENSORFLOW USERS:
You must use the python3.6-anaconda/5.2.0 module to run TensorFlow.
See https://arc-ts.umich.edu/greatlakes/software/tensorflow for more
information.



The following have been reloaded with a version change:
  1) cuda/10.0.130 => cuda/10.1.105


Currently Loaded Modules:
  1) python3.7-anaconda/2019.07   2) cudnn/10.0-v7.6   3) cuda/10.1.105

 

mkdir: cannot create directory ‘results/7423813’: File exists
mkdir: cannot create directory ‘results/7423813/log’: File exists
Test  193
2020-06-08 14:44:35.410877


Schema 1: Each client partially IID
--------------------------------------------------
percent data distributed IID:  80
number of classes for non-IID data:  2
data points per client (mean, std dev): ( 600 ,  0 )
--------------------------------------------------
round  1, metrics=<sparse_categorical_accuracy=0.19833333790302277,loss=2.273951530456543>
11.0046 seconds
Tested. Sparse categorical accuracy: 35.00

round  2, metrics=<sparse_categorical_accuracy=0.2823333442211151,loss=2.1833834648132324>
10.5625 seconds
Tested. Sparse categorical accuracy: 40.00

round  3, metrics=<sparse_categorical_accuracy=0.41955554485321045,loss=2.0747573375701904>
10.5182 seconds
Tested. Sparse categorical accuracy: 60.00

round  4, metrics=<sparse_categorical_accuracy=0.5591111183166504,loss=1.5665724277496338>
9.6370 seconds
Tested. Sparse categorical accuracy: 55.00

4  rounds run
Average time per round: 10.00

2020-06-08 14:45:24.927874
