
TENSORFLOW USERS:
You must use the python3.6-anaconda/5.2.0 module to run TensorFlow.
See https://arc-ts.umich.edu/greatlakes/software/tensorflow for more
information.



The following have been reloaded with a version change:
  1) cuda/10.0.130 => cuda/10.1.105


Currently Loaded Modules:
  1) python3.7-anaconda/2019.07   2) cudnn/10.0-v7.6   3) cuda/10.1.105

 

mkdir: cannot create directory ‘results/7423813’: File exists
mkdir: cannot create directory ‘results/7423813/log’: File exists
Test  128
2020-06-08 14:35:31.045600


Schema 1: Each client partially IID
--------------------------------------------------
percent data distributed IID:  80
number of classes for non-IID data:  2
data points per client (mean, std dev): ( 600 ,  0 )
--------------------------------------------------
round  1, metrics=<sparse_categorical_accuracy=0.13899999856948853,loss=2.2746472358703613>
11.1128 seconds
Tested. Sparse categorical accuracy: 30.00

round  2, metrics=<sparse_categorical_accuracy=0.23622222244739532,loss=2.2030937671661377>
9.7763 seconds
Tested. Sparse categorical accuracy: 55.00

round  3, metrics=<sparse_categorical_accuracy=0.4143333435058594,loss=1.9385911226272583>
10.5359 seconds
Tested. Sparse categorical accuracy: 60.00

round  4, metrics=<sparse_categorical_accuracy=0.6389999985694885,loss=1.2352373600006104>
10.7040 seconds
Tested. Sparse categorical accuracy: 80.00

4  rounds run
Average time per round: 10.00

2020-06-08 14:36:20.883708
