
TENSORFLOW USERS:
You must use the python3.6-anaconda/5.2.0 module to run TensorFlow.
See https://arc-ts.umich.edu/greatlakes/software/tensorflow for more
information.



The following have been reloaded with a version change:
  1) cuda/10.0.130 => cuda/10.1.105


Currently Loaded Modules:
  1) python3.7-anaconda/2019.07   2) cudnn/10.0-v7.6   3) cuda/10.1.105

 

mkdir: cannot create directory ‘results/7423813’: File exists
mkdir: cannot create directory ‘results/7423813/log’: File exists
Test  41
2020-06-08 14:23:34.146820


Schema 1: Each client partially IID
--------------------------------------------------
percent data distributed IID:  80
number of classes for non-IID data:  2
data points per client (mean, std dev): ( 600 ,  0 )
--------------------------------------------------
round  1, metrics=<sparse_categorical_accuracy=0.07999999821186066,loss=2.30454158782959>
4.0410 seconds
Tested. Sparse categorical accuracy: 13.33

round  2, metrics=<sparse_categorical_accuracy=0.10233332961797714,loss=2.2964046001434326>
4.1390 seconds
Tested. Sparse categorical accuracy: 8.33

round  3, metrics=<sparse_categorical_accuracy=0.10333333164453506,loss=2.283007860183716>
4.2686 seconds
Tested. Sparse categorical accuracy: 10.00

round  4, metrics=<sparse_categorical_accuracy=0.12266666442155838,loss=2.273531913757324>
4.1640 seconds
Tested. Sparse categorical accuracy: 40.00

round  5, metrics=<sparse_categorical_accuracy=0.28166666626930237,loss=2.22298002243042>
4.0108 seconds
Tested. Sparse categorical accuracy: 48.33

round  6, metrics=<sparse_categorical_accuracy=0.3479999899864197,loss=2.2361648082733154>
3.8975 seconds
Tested. Sparse categorical accuracy: 21.67

round  7, metrics=<sparse_categorical_accuracy=0.37700000405311584,loss=2.0614755153656006>
3.7450 seconds
Tested. Sparse categorical accuracy: 41.67

round  8, metrics=<sparse_categorical_accuracy=0.4426666796207428,loss=2.5275352001190186>
3.8878 seconds
Tested. Sparse categorical accuracy: 18.33

round  9, metrics=<sparse_categorical_accuracy=0.09033333510160446,loss=2.298471689224243>
4.1188 seconds
Tested. Sparse categorical accuracy: 13.33

round 10, metrics=<sparse_categorical_accuracy=0.2173333317041397,loss=2.2821757793426514>
3.8704 seconds
Tested. Sparse categorical accuracy: 28.33

round 11, metrics=<sparse_categorical_accuracy=0.34466665983200073,loss=2.256791591644287>
3.8261 seconds
Tested. Sparse categorical accuracy: 33.33

round 12, metrics=<sparse_categorical_accuracy=0.2930000126361847,loss=2.1525752544403076>
4.1435 seconds
Tested. Sparse categorical accuracy: 50.00

12  rounds run
Average time per round: 4.00

2020-06-08 14:24:31.373815
