
TENSORFLOW USERS:
You must use the python3.6-anaconda/5.2.0 module to run TensorFlow.
See https://arc-ts.umich.edu/greatlakes/software/tensorflow for more
information.



The following have been reloaded with a version change:
  1) cuda/10.0.130 => cuda/10.1.105


Currently Loaded Modules:
  1) python3.7-anaconda/2019.07   2) cudnn/10.0-v7.6   3) cuda/10.1.105

 

mkdir: cannot create directory ‘results/7423813’: File exists
mkdir: cannot create directory ‘results/7423813/log’: File exists
Test  331
2020-06-08 14:53:53.142075


Schema 1: Each client partially IID
--------------------------------------------------
percent data distributed IID:  80
number of classes for non-IID data:  2
data points per client (mean, std dev): ( 600 ,  0 )
--------------------------------------------------
round  1, metrics=<sparse_categorical_accuracy=0.10066666454076767,loss=2.300734281539917>
3.6657 seconds
Tested. Sparse categorical accuracy: 6.67

round  2, metrics=<sparse_categorical_accuracy=0.1236666664481163,loss=2.2905101776123047>
3.6958 seconds
Tested. Sparse categorical accuracy: 21.67

round  3, metrics=<sparse_categorical_accuracy=0.09666666388511658,loss=2.274763345718384>
3.6249 seconds
Tested. Sparse categorical accuracy: 35.00

round  4, metrics=<sparse_categorical_accuracy=0.1940000057220459,loss=2.2348620891571045>
3.6435 seconds
Tested. Sparse categorical accuracy: 51.67

round  5, metrics=<sparse_categorical_accuracy=0.289000004529953,loss=2.1806201934814453>
3.6789 seconds
Tested. Sparse categorical accuracy: 45.00

round  6, metrics=<sparse_categorical_accuracy=0.4403333365917206,loss=2.3381755352020264>
3.6790 seconds
Tested. Sparse categorical accuracy: 30.00

round  7, metrics=<sparse_categorical_accuracy=0.2783333361148834,loss=2.240649461746216>
3.6221 seconds
Tested. Sparse categorical accuracy: 45.00

round  8, metrics=<sparse_categorical_accuracy=0.33899998664855957,loss=2.092292070388794>
3.7054 seconds
Tested. Sparse categorical accuracy: 43.33

round  9, metrics=<sparse_categorical_accuracy=0.3763333261013031,loss=2.134456157684326>
3.6536 seconds
Tested. Sparse categorical accuracy: 40.00

round 10, metrics=<sparse_categorical_accuracy=0.5023333430290222,loss=1.859953761100769>
3.6307 seconds
Tested. Sparse categorical accuracy: 68.33

round 11, metrics=<sparse_categorical_accuracy=0.5336666703224182,loss=1.5262200832366943>
3.5688 seconds
Tested. Sparse categorical accuracy: 75.00

round 12, metrics=<sparse_categorical_accuracy=0.6776666641235352,loss=1.091660976409912>
3.6428 seconds
Tested. Sparse categorical accuracy: 78.33

12  rounds run
Average time per round: 3.00

2020-06-08 14:54:45.644114
