
TENSORFLOW USERS:
You must use the python3.6-anaconda/5.2.0 module to run TensorFlow.
See https://arc-ts.umich.edu/greatlakes/software/tensorflow for more
information.



The following have been reloaded with a version change:
  1) cuda/10.0.130 => cuda/10.1.105


Currently Loaded Modules:
  1) python3.7-anaconda/2019.07   2) cudnn/10.0-v7.6   3) cuda/10.1.105

 

mkdir: cannot create directory ‘results/7423813’: File exists
mkdir: cannot create directory ‘results/7423813/log’: File exists
Test  389
2020-06-08 14:57:55.882704


Schema 1: Each client partially IID
--------------------------------------------------
percent data distributed IID:  80
number of classes for non-IID data:  2
data points per client (mean, std dev): ( 600 ,  0 )
--------------------------------------------------
round  1, metrics=<sparse_categorical_accuracy=0.171916663646698,loss=2.2622101306915283>
14.9114 seconds
Tested. Sparse categorical accuracy: 20.00

round  2, metrics=<sparse_categorical_accuracy=0.3059166669845581,loss=2.1015172004699707>
13.2623 seconds
Tested. Sparse categorical accuracy: 66.67

round  3, metrics=<sparse_categorical_accuracy=0.5485000014305115,loss=1.5828372240066528>
13.0545 seconds
Tested. Sparse categorical accuracy: 73.33

3  rounds run
Average time per round: 13.00

2020-06-08 14:58:44.468309
