
TENSORFLOW USERS:
You must use the python3.6-anaconda/5.2.0 module to run TensorFlow.
See https://arc-ts.umich.edu/greatlakes/software/tensorflow for more
information.



The following have been reloaded with a version change:
  1) cuda/10.0.130 => cuda/10.1.105


Currently Loaded Modules:
  1) python3.7-anaconda/2019.07   2) cudnn/10.0-v7.6   3) cuda/10.1.105

 

mkdir: cannot create directory ‘results/7423813’: File exists
mkdir: cannot create directory ‘results/7423813/log’: File exists
Test  70
2020-06-08 14:25:51.263115


Schema 1: Each client partially IID
--------------------------------------------------
percent data distributed IID:  80
number of classes for non-IID data:  2
data points per client (mean, std dev): ( 600 ,  0 )
--------------------------------------------------
round  1, metrics=<sparse_categorical_accuracy=0.1904444396495819,loss=2.2427620887756348>
24.1803 seconds
Tested. Sparse categorical accuracy: 20.00

round  2, metrics=<sparse_categorical_accuracy=0.4368889033794403,loss=1.8542046546936035>
22.0740 seconds
Tested. Sparse categorical accuracy: 60.00

2  rounds run
Average time per round: 23.00

2020-06-08 14:26:45.024396
