
TENSORFLOW USERS:
You must use the python3.6-anaconda/5.2.0 module to run TensorFlow.
See https://arc-ts.umich.edu/greatlakes/software/tensorflow for more
information.



The following have been reloaded with a version change:
  1) cuda/10.0.130 => cuda/10.1.105


Currently Loaded Modules:
  1) python3.7-anaconda/2019.07   2) cudnn/10.0-v7.6   3) cuda/10.1.105

 

mkdir: cannot create directory ‘results/7423813’: File exists
mkdir: cannot create directory ‘results/7423813/log’: File exists
Test  116
2020-06-08 14:32:30.179358


Schema 1: Each client partially IID
--------------------------------------------------
percent data distributed IID:  80
number of classes for non-IID data:  2
data points per client (mean, std dev): ( 600 ,  0 )
--------------------------------------------------
round  1, metrics=<sparse_categorical_accuracy=0.11599999666213989,loss=2.303358793258667>
3.5410 seconds
Tested. Sparse categorical accuracy: 10.00

round  2, metrics=<sparse_categorical_accuracy=0.08699999749660492,loss=2.295614004135132>
3.6267 seconds
Tested. Sparse categorical accuracy: 10.00

round  3, metrics=<sparse_categorical_accuracy=0.1263333261013031,loss=2.282525062561035>
3.9509 seconds
Tested. Sparse categorical accuracy: 26.67

round  4, metrics=<sparse_categorical_accuracy=0.15199999511241913,loss=2.2640511989593506>
3.9034 seconds
Tested. Sparse categorical accuracy: 53.33

round  5, metrics=<sparse_categorical_accuracy=0.20033332705497742,loss=2.2189061641693115>
3.6239 seconds
Tested. Sparse categorical accuracy: 55.00

round  6, metrics=<sparse_categorical_accuracy=0.36633333563804626,loss=2.0540711879730225>
3.9705 seconds
Tested. Sparse categorical accuracy: 41.67

round  7, metrics=<sparse_categorical_accuracy=0.3073333203792572,loss=2.5110409259796143>
3.7451 seconds
Tested. Sparse categorical accuracy: 23.33

round  8, metrics=<sparse_categorical_accuracy=0.2709999978542328,loss=2.219402551651001>
3.7856 seconds
Tested. Sparse categorical accuracy: 40.00

round  9, metrics=<sparse_categorical_accuracy=0.3569999933242798,loss=1.9895575046539307>
3.7371 seconds
Tested. Sparse categorical accuracy: 43.33

round 10, metrics=<sparse_categorical_accuracy=0.4273333251476288,loss=1.805047869682312>
3.6689 seconds
Tested. Sparse categorical accuracy: 68.33

round 11, metrics=<sparse_categorical_accuracy=0.5260000228881836,loss=1.6226754188537598>
3.7248 seconds
Tested. Sparse categorical accuracy: 60.00

round 12, metrics=<sparse_categorical_accuracy=0.6173333525657654,loss=1.2839783430099487>
3.7397 seconds
Tested. Sparse categorical accuracy: 63.33

12  rounds run
Average time per round: 3.00

2020-06-08 14:33:24.118629
