
TENSORFLOW USERS:
You must use the python3.6-anaconda/5.2.0 module to run TensorFlow.
See https://arc-ts.umich.edu/greatlakes/software/tensorflow for more
information.



The following have been reloaded with a version change:
  1) cuda/10.0.130 => cuda/10.1.105


Currently Loaded Modules:
  1) python3.7-anaconda/2019.07   2) cudnn/10.0-v7.6   3) cuda/10.1.105

 

mkdir: cannot create directory ‘results/7423813’: File exists
mkdir: cannot create directory ‘results/7423813/log’: File exists
Test  241
2020-06-08 14:47:48.368968


Schema 1: Each client partially IID
--------------------------------------------------
percent data distributed IID:  80
number of classes for non-IID data:  2
data points per client (mean, std dev): ( 600 ,  0 )
--------------------------------------------------
round  1, metrics=<sparse_categorical_accuracy=0.09399999678134918,loss=2.303393602371216>
3.9226 seconds
Tested. Sparse categorical accuracy: 6.67

round  2, metrics=<sparse_categorical_accuracy=0.11266666650772095,loss=2.295156478881836>
3.7579 seconds
Tested. Sparse categorical accuracy: 13.33

round  3, metrics=<sparse_categorical_accuracy=0.11400000005960464,loss=2.2783446311950684>
3.7765 seconds
Tested. Sparse categorical accuracy: 23.33

round  4, metrics=<sparse_categorical_accuracy=0.14399999380111694,loss=2.263286828994751>
3.9532 seconds
Tested. Sparse categorical accuracy: 28.33

round  5, metrics=<sparse_categorical_accuracy=0.20333333313465118,loss=2.1858232021331787>
3.8977 seconds
Tested. Sparse categorical accuracy: 33.33

round  6, metrics=<sparse_categorical_accuracy=0.2939999997615814,loss=2.059861898422241>
3.7624 seconds
Tested. Sparse categorical accuracy: 76.67

round  7, metrics=<sparse_categorical_accuracy=0.32766667008399963,loss=2.937173843383789>
3.8206 seconds
Tested. Sparse categorical accuracy: 10.00

round  8, metrics=<sparse_categorical_accuracy=0.09666666388511658,loss=2.3037030696868896>
3.7963 seconds
Tested. Sparse categorical accuracy: 8.33

round  9, metrics=<sparse_categorical_accuracy=0.10866666585206985,loss=2.3030362129211426>
3.6526 seconds
Tested. Sparse categorical accuracy: 11.67

round 10, metrics=<sparse_categorical_accuracy=0.10899999737739563,loss=2.299407482147217>
3.8711 seconds
Tested. Sparse categorical accuracy: 18.33

round 11, metrics=<sparse_categorical_accuracy=0.15033333003520966,loss=2.2909061908721924>
3.6972 seconds
Tested. Sparse categorical accuracy: 15.00

round 12, metrics=<sparse_categorical_accuracy=0.15833333134651184,loss=2.284956455230713>
3.6697 seconds
Tested. Sparse categorical accuracy: 11.67

12  rounds run
Average time per round: 3.00

2020-06-08 14:48:42.936424
