
TENSORFLOW USERS:
You must use the python3.6-anaconda/5.2.0 module to run TensorFlow.
See https://arc-ts.umich.edu/greatlakes/software/tensorflow for more
information.



The following have been reloaded with a version change:
  1) cuda/10.0.130 => cuda/10.1.105


Currently Loaded Modules:
  1) python3.7-anaconda/2019.07   2) cudnn/10.0-v7.6   3) cuda/10.1.105

 

mkdir: cannot create directory ‘results/7423813’: File exists
mkdir: cannot create directory ‘results/7423813/log’: File exists
Test  57
2020-06-08 14:24:58.383025


Schema 1: Each client partially IID
--------------------------------------------------
percent data distributed IID:  80
number of classes for non-IID data:  2
data points per client (mean, std dev): ( 600 ,  0 )
--------------------------------------------------
round  1, metrics=<sparse_categorical_accuracy=0.1263333261013031,loss=2.29062819480896>
7.3762 seconds
Tested. Sparse categorical accuracy: 33.33

round  2, metrics=<sparse_categorical_accuracy=0.15933333337306976,loss=2.269867420196533>
6.9456 seconds
Tested. Sparse categorical accuracy: 16.67

round  3, metrics=<sparse_categorical_accuracy=0.21116666495800018,loss=2.217301845550537>
7.2088 seconds
Tested. Sparse categorical accuracy: 43.33

round  4, metrics=<sparse_categorical_accuracy=0.34150001406669617,loss=2.3048131465911865>
7.0002 seconds
Tested. Sparse categorical accuracy: 3.33

round  5, metrics=<sparse_categorical_accuracy=0.19466666877269745,loss=2.2552833557128906>
7.0598 seconds
Tested. Sparse categorical accuracy: 36.67

round  6, metrics=<sparse_categorical_accuracy=0.38083332777023315,loss=2.1020476818084717>
6.9449 seconds
Tested. Sparse categorical accuracy: 63.33

6  rounds run
Average time per round: 7.00

2020-06-08 14:25:49.340556
