
TENSORFLOW USERS:
You must use the python3.6-anaconda/5.2.0 module to run TensorFlow.
See https://arc-ts.umich.edu/greatlakes/software/tensorflow for more
information.



The following have been reloaded with a version change:
  1) cuda/10.0.130 => cuda/10.1.105


Currently Loaded Modules:
  1) python3.7-anaconda/2019.07   2) cudnn/10.0-v7.6   3) cuda/10.1.105

 

mkdir: cannot create directory ‘results/7423813’: File exists
mkdir: cannot create directory ‘results/7423813/log’: File exists
Test  396
2020-06-08 14:58:23.759823


Schema 1: Each client partially IID
--------------------------------------------------
percent data distributed IID:  80
number of classes for non-IID data:  2
data points per client (mean, std dev): ( 600 ,  0 )
--------------------------------------------------
round  1, metrics=<sparse_categorical_accuracy=0.12700000405311584,loss=2.3030223846435547>
4.1830 seconds
Tested. Sparse categorical accuracy: 8.33

round  2, metrics=<sparse_categorical_accuracy=0.09399999678134918,loss=2.300734758377075>
4.3213 seconds
Tested. Sparse categorical accuracy: 6.67

round  3, metrics=<sparse_categorical_accuracy=0.1223333328962326,loss=2.2843875885009766>
4.2265 seconds
Tested. Sparse categorical accuracy: 10.00

round  4, metrics=<sparse_categorical_accuracy=0.13633333146572113,loss=2.2590553760528564>
4.6938 seconds
Tested. Sparse categorical accuracy: 35.00

round  5, metrics=<sparse_categorical_accuracy=0.15000000596046448,loss=2.199986219406128>
4.0933 seconds
Tested. Sparse categorical accuracy: 43.33

round  6, metrics=<sparse_categorical_accuracy=0.27900001406669617,loss=2.1603565216064453>
4.1224 seconds
Tested. Sparse categorical accuracy: 51.67

round  7, metrics=<sparse_categorical_accuracy=0.39500001072883606,loss=2.0973308086395264>
4.2605 seconds
Tested. Sparse categorical accuracy: 36.67

round  8, metrics=<sparse_categorical_accuracy=0.46799999475479126,loss=1.7093746662139893>
4.2452 seconds
Tested. Sparse categorical accuracy: 76.67

round  9, metrics=<sparse_categorical_accuracy=0.3086666762828827,loss=2.780947208404541>
3.8337 seconds
Tested. Sparse categorical accuracy: 8.33

round 10, metrics=<sparse_categorical_accuracy=0.18133333325386047,loss=2.2672176361083984>
4.0824 seconds
Tested. Sparse categorical accuracy: 60.00

round 11, metrics=<sparse_categorical_accuracy=0.390666663646698,loss=2.178709030151367>
4.2987 seconds
Tested. Sparse categorical accuracy: 61.67

round 12, metrics=<sparse_categorical_accuracy=0.437333345413208,loss=1.8925849199295044>
3.9286 seconds
Tested. Sparse categorical accuracy: 53.33

12  rounds run
Average time per round: 4.00

2020-06-08 14:59:23.518275
