
TENSORFLOW USERS:
You must use the python3.6-anaconda/5.2.0 module to run TensorFlow.
See https://arc-ts.umich.edu/greatlakes/software/tensorflow for more
information.



The following have been reloaded with a version change:
  1) cuda/10.0.130 => cuda/10.1.105


Currently Loaded Modules:
  1) python3.7-anaconda/2019.07   2) cudnn/10.0-v7.6   3) cuda/10.1.105

 

mkdir: cannot create directory ‘results/7423813’: File exists
mkdir: cannot create directory ‘results/7423813/log’: File exists
Test  372
2020-06-08 14:56:45.786532


Schema 1: Each client partially IID
--------------------------------------------------
percent data distributed IID:  80
number of classes for non-IID data:  2
data points per client (mean, std dev): ( 600 ,  0 )
--------------------------------------------------
round  1, metrics=<sparse_categorical_accuracy=0.11900000274181366,loss=2.2872183322906494>
6.7045 seconds
Tested. Sparse categorical accuracy: 10.00

round  2, metrics=<sparse_categorical_accuracy=0.1483333259820938,loss=2.2381324768066406>
6.5090 seconds
Tested. Sparse categorical accuracy: 40.00

round  3, metrics=<sparse_categorical_accuracy=0.2553333342075348,loss=2.285841226577759>
6.7483 seconds
Tested. Sparse categorical accuracy: 13.33

round  4, metrics=<sparse_categorical_accuracy=0.2488333284854889,loss=2.1541905403137207>
6.4838 seconds
Tested. Sparse categorical accuracy: 60.00

round  5, metrics=<sparse_categorical_accuracy=0.36116665601730347,loss=2.208134174346924>
6.7138 seconds
Tested. Sparse categorical accuracy: 23.33

round  6, metrics=<sparse_categorical_accuracy=0.44583332538604736,loss=1.9530255794525146>
6.6355 seconds
Tested. Sparse categorical accuracy: 46.67

6  rounds run
Average time per round: 6.00

2020-06-08 14:57:33.736253
