
TENSORFLOW USERS:
You must use the python3.6-anaconda/5.2.0 module to run TensorFlow.
See https://arc-ts.umich.edu/greatlakes/software/tensorflow for more
information.



The following have been reloaded with a version change:
  1) cuda/10.0.130 => cuda/10.1.105


Currently Loaded Modules:
  1) python3.7-anaconda/2019.07   2) cudnn/10.0-v7.6   3) cuda/10.1.105

 

mkdir: cannot create directory ‘results/7423813’: File exists
mkdir: cannot create directory ‘results/7423813/log’: File exists
Test  451
2020-06-08 15:02:07.623158


Schema 1: Each client partially IID
--------------------------------------------------
percent data distributed IID:  80
number of classes for non-IID data:  2
data points per client (mean, std dev): ( 600 ,  0 )
--------------------------------------------------
round  1, metrics=<sparse_categorical_accuracy=0.10233332961797714,loss=2.3055918216705322>
3.6202 seconds
Tested. Sparse categorical accuracy: 20.00

round  2, metrics=<sparse_categorical_accuracy=0.1133333370089531,loss=2.297499418258667>
3.6065 seconds
Tested. Sparse categorical accuracy: 30.00

round  3, metrics=<sparse_categorical_accuracy=0.19033333659172058,loss=2.2848331928253174>
3.5807 seconds
Tested. Sparse categorical accuracy: 31.67

round  4, metrics=<sparse_categorical_accuracy=0.16633333265781403,loss=2.271942615509033>
3.6530 seconds
Tested. Sparse categorical accuracy: 33.33

round  5, metrics=<sparse_categorical_accuracy=0.21266666054725647,loss=2.2307074069976807>
3.6540 seconds
Tested. Sparse categorical accuracy: 33.33

round  6, metrics=<sparse_categorical_accuracy=0.2773333191871643,loss=2.136176824569702>
3.5645 seconds
Tested. Sparse categorical accuracy: 61.67

round  7, metrics=<sparse_categorical_accuracy=0.25066667795181274,loss=2.5735116004943848>
3.6225 seconds
Tested. Sparse categorical accuracy: 11.67

round  8, metrics=<sparse_categorical_accuracy=0.13833333551883698,loss=2.2925009727478027>
3.5851 seconds
Tested. Sparse categorical accuracy: 15.00

round  9, metrics=<sparse_categorical_accuracy=0.17766666412353516,loss=2.273238182067871>
3.5552 seconds
Tested. Sparse categorical accuracy: 38.33

round 10, metrics=<sparse_categorical_accuracy=0.24966666102409363,loss=2.224119186401367>
3.5984 seconds
Tested. Sparse categorical accuracy: 23.33

round 11, metrics=<sparse_categorical_accuracy=0.3233333230018616,loss=2.023348569869995>
3.5893 seconds
Tested. Sparse categorical accuracy: 50.00

round 12, metrics=<sparse_categorical_accuracy=0.3853333294391632,loss=2.382153272628784>
3.5314 seconds
Tested. Sparse categorical accuracy: 46.67

12  rounds run
Average time per round: 3.00

2020-06-08 15:02:59.222249
