
TENSORFLOW USERS:
You must use the python3.6-anaconda/5.2.0 module to run TensorFlow.
See https://arc-ts.umich.edu/greatlakes/software/tensorflow for more
information.



The following have been reloaded with a version change:
  1) cuda/10.0.130 => cuda/10.1.105


Currently Loaded Modules:
  1) python3.7-anaconda/2019.07   2) cudnn/10.0-v7.6   3) cuda/10.1.105

 

mkdir: cannot create directory ‘results/7423813’: File exists
mkdir: cannot create directory ‘results/7423813/log’: File exists
Test  34
2020-06-08 14:23:18.452941


Schema 1: Each client partially IID
--------------------------------------------------
percent data distributed IID:  80
number of classes for non-IID data:  2
data points per client (mean, std dev): ( 600 ,  0 )
--------------------------------------------------
round  1, metrics=<sparse_categorical_accuracy=0.17383334040641785,loss=2.25570011138916>
14.6549 seconds
Tested. Sparse categorical accuracy: 46.67

round  2, metrics=<sparse_categorical_accuracy=0.32100000977516174,loss=2.122314214706421>
13.9420 seconds
Tested. Sparse categorical accuracy: 73.33

round  3, metrics=<sparse_categorical_accuracy=0.5421666502952576,loss=1.530612587928772>
13.2960 seconds
Tested. Sparse categorical accuracy: 86.67

3  rounds run
Average time per round: 13.00

2020-06-08 14:24:07.832298
