
TENSORFLOW USERS:
You must use the python3.6-anaconda/5.2.0 module to run TensorFlow.
See https://arc-ts.umich.edu/greatlakes/software/tensorflow for more
information.



The following have been reloaded with a version change:
  1) cuda/10.0.130 => cuda/10.1.105


Currently Loaded Modules:
  1) python3.7-anaconda/2019.07   2) cudnn/10.0-v7.6   3) cuda/10.1.105

 

mkdir: cannot create directory ‘results/7423813’: File exists
mkdir: cannot create directory ‘results/7423813/log’: File exists
Test  476
2020-06-08 15:03:54.998657


Schema 1: Each client partially IID
--------------------------------------------------
percent data distributed IID:  80
number of classes for non-IID data:  2
data points per client (mean, std dev): ( 600 ,  0 )
--------------------------------------------------
round  1, metrics=<sparse_categorical_accuracy=0.09133332967758179,loss=2.300832748413086>
3.6254 seconds
Tested. Sparse categorical accuracy: 15.00

round  2, metrics=<sparse_categorical_accuracy=0.1316666603088379,loss=2.285228729248047>
3.5419 seconds
Tested. Sparse categorical accuracy: 11.67

round  3, metrics=<sparse_categorical_accuracy=0.12566666305065155,loss=2.2848761081695557>
3.4748 seconds
Tested. Sparse categorical accuracy: 28.33

round  4, metrics=<sparse_categorical_accuracy=0.2083333283662796,loss=2.2502036094665527>
3.6401 seconds
Tested. Sparse categorical accuracy: 35.00

round  5, metrics=<sparse_categorical_accuracy=0.24500000476837158,loss=2.2272982597351074>
3.6116 seconds
Tested. Sparse categorical accuracy: 40.00

round  6, metrics=<sparse_categorical_accuracy=0.35633334517478943,loss=2.1443512439727783>
3.5234 seconds
Tested. Sparse categorical accuracy: 43.33

round  7, metrics=<sparse_categorical_accuracy=0.39800000190734863,loss=2.7183146476745605>
3.5761 seconds
Tested. Sparse categorical accuracy: 13.33

round  8, metrics=<sparse_categorical_accuracy=0.12099999934434891,loss=2.2969865798950195>
3.5221 seconds
Tested. Sparse categorical accuracy: 10.00

round  9, metrics=<sparse_categorical_accuracy=0.1263333261013031,loss=2.2865068912506104>
3.4943 seconds
Tested. Sparse categorical accuracy: 16.67

round 10, metrics=<sparse_categorical_accuracy=0.24433332681655884,loss=2.269174814224243>
3.5646 seconds
Tested. Sparse categorical accuracy: 28.33

round 11, metrics=<sparse_categorical_accuracy=0.2823333442211151,loss=2.1934378147125244>
3.5559 seconds
Tested. Sparse categorical accuracy: 25.00

round 12, metrics=<sparse_categorical_accuracy=0.27900001406669617,loss=2.0957887172698975>
3.4626 seconds
Tested. Sparse categorical accuracy: 23.33

12  rounds run
Average time per round: 3.00

2020-06-08 15:04:45.948613
