
TENSORFLOW USERS:
You must use the python3.6-anaconda/5.2.0 module to run TensorFlow.
See https://arc-ts.umich.edu/greatlakes/software/tensorflow for more
information.



The following have been reloaded with a version change:
  1) cuda/10.0.130 => cuda/10.1.105


Currently Loaded Modules:
  1) python3.7-anaconda/2019.07   2) cudnn/10.0-v7.6   3) cuda/10.1.105

 

mkdir: cannot create directory ‘results/7423813’: File exists
mkdir: cannot create directory ‘results/7423813/log’: File exists
Test  344
2020-06-08 14:54:48.519538


Schema 1: Each client partially IID
--------------------------------------------------
percent data distributed IID:  80
number of classes for non-IID data:  2
data points per client (mean, std dev): ( 600 ,  0 )
--------------------------------------------------
round  1, metrics=<sparse_categorical_accuracy=0.16716666519641876,loss=2.259979724884033>
14.6455 seconds
Tested. Sparse categorical accuracy: 60.00

round  2, metrics=<sparse_categorical_accuracy=0.31716665625572205,loss=2.150646924972534>
13.6559 seconds
Tested. Sparse categorical accuracy: 53.33

round  3, metrics=<sparse_categorical_accuracy=0.5357499718666077,loss=1.613892912864685>
13.2209 seconds
Tested. Sparse categorical accuracy: 80.00

3  rounds run
Average time per round: 13.00

2020-06-08 14:55:37.496899
