
TENSORFLOW USERS:
You must use the python3.6-anaconda/5.2.0 module to run TensorFlow.
See https://arc-ts.umich.edu/greatlakes/software/tensorflow for more
information.



The following have been reloaded with a version change:
  1) cuda/10.0.130 => cuda/10.1.105


Currently Loaded Modules:
  1) python3.7-anaconda/2019.07   2) cudnn/10.0-v7.6   3) cuda/10.1.105

 

mkdir: cannot create directory ‘results/7423813’: File exists
mkdir: cannot create directory ‘results/7423813/log’: File exists
Test  242
2020-06-08 14:47:49.554205


Schema 1: Each client partially IID
--------------------------------------------------
percent data distributed IID:  80
number of classes for non-IID data:  2
data points per client (mean, std dev): ( 600 ,  0 )
--------------------------------------------------
round  1, metrics=<sparse_categorical_accuracy=0.12849999964237213,loss=2.2870137691497803>
6.8051 seconds
Tested. Sparse categorical accuracy: 16.67

round  2, metrics=<sparse_categorical_accuracy=0.16249999403953552,loss=2.253495216369629>
6.3997 seconds
Tested. Sparse categorical accuracy: 30.00

round  3, metrics=<sparse_categorical_accuracy=0.2448333352804184,loss=2.1934444904327393>
6.5938 seconds
Tested. Sparse categorical accuracy: 13.33

round  4, metrics=<sparse_categorical_accuracy=0.33533334732055664,loss=2.2054896354675293>
6.4748 seconds
Tested. Sparse categorical accuracy: 30.00

round  5, metrics=<sparse_categorical_accuracy=0.41600000858306885,loss=1.9139844179153442>
6.4386 seconds
Tested. Sparse categorical accuracy: 56.67

round  6, metrics=<sparse_categorical_accuracy=0.596666693687439,loss=1.444981575012207>
6.5547 seconds
Tested. Sparse categorical accuracy: 80.00

6  rounds run
Average time per round: 6.00

2020-06-08 14:48:36.565087
