
TENSORFLOW USERS:
You must use the python3.6-anaconda/5.2.0 module to run TensorFlow.
See https://arc-ts.umich.edu/greatlakes/software/tensorflow for more
information.



The following have been reloaded with a version change:
  1) cuda/10.0.130 => cuda/10.1.105


Currently Loaded Modules:
  1) python3.7-anaconda/2019.07   2) cudnn/10.0-v7.6   3) cuda/10.1.105

 

mkdir: cannot create directory ‘results/7423813’: File exists
mkdir: cannot create directory ‘results/7423813/log’: File exists
Test  271
2020-06-08 14:49:59.112235


Schema 1: Each client partially IID
--------------------------------------------------
percent data distributed IID:  80
number of classes for non-IID data:  2
data points per client (mean, std dev): ( 600 ,  0 )
--------------------------------------------------
round  1, metrics=<sparse_categorical_accuracy=0.11599999666213989,loss=2.30246901512146>
3.7280 seconds
Tested. Sparse categorical accuracy: 8.33

round  2, metrics=<sparse_categorical_accuracy=0.1393333375453949,loss=2.290001392364502>
3.7006 seconds
Tested. Sparse categorical accuracy: 11.67

round  3, metrics=<sparse_categorical_accuracy=0.10566666722297668,loss=2.280924081802368>
3.6996 seconds
Tested. Sparse categorical accuracy: 18.33

round  4, metrics=<sparse_categorical_accuracy=0.15600000321865082,loss=2.243053913116455>
3.7871 seconds
Tested. Sparse categorical accuracy: 25.00

round  5, metrics=<sparse_categorical_accuracy=0.25033333897590637,loss=2.163853883743286>
3.7022 seconds
Tested. Sparse categorical accuracy: 51.67

round  6, metrics=<sparse_categorical_accuracy=0.45899999141693115,loss=2.743532657623291>
3.5708 seconds
Tested. Sparse categorical accuracy: 10.00

round  7, metrics=<sparse_categorical_accuracy=0.08733333647251129,loss=2.3033902645111084>
3.6778 seconds
Tested. Sparse categorical accuracy: 13.33

round  8, metrics=<sparse_categorical_accuracy=0.12733332812786102,loss=2.2948057651519775>
3.6820 seconds
Tested. Sparse categorical accuracy: 30.00

round  9, metrics=<sparse_categorical_accuracy=0.2226666659116745,loss=2.2841854095458984>
3.7287 seconds
Tested. Sparse categorical accuracy: 30.00

round 10, metrics=<sparse_categorical_accuracy=0.257999986410141,loss=2.260709285736084>
3.5929 seconds
Tested. Sparse categorical accuracy: 10.00

round 11, metrics=<sparse_categorical_accuracy=0.2226666659116745,loss=2.202613592147827>
3.6463 seconds
Tested. Sparse categorical accuracy: 40.00

round 12, metrics=<sparse_categorical_accuracy=0.3529999852180481,loss=2.1246800422668457>
3.6271 seconds
Tested. Sparse categorical accuracy: 66.67

12  rounds run
Average time per round: 3.00

2020-06-08 14:50:51.948148
