
TENSORFLOW USERS:
You must use the python3.6-anaconda/5.2.0 module to run TensorFlow.
See https://arc-ts.umich.edu/greatlakes/software/tensorflow for more
information.



The following have been reloaded with a version change:
  1) cuda/10.0.130 => cuda/10.1.105


Currently Loaded Modules:
  1) python3.7-anaconda/2019.07   2) cudnn/10.0-v7.6   3) cuda/10.1.105

 

mkdir: cannot create directory ‘results/7423813’: File exists
mkdir: cannot create directory ‘results/7423813/log’: File exists
Test  392
2020-06-08 14:58:07.931605


Schema 1: Each client partially IID
--------------------------------------------------
percent data distributed IID:  80
number of classes for non-IID data:  2
data points per client (mean, std dev): ( 600 ,  0 )
--------------------------------------------------
round  1, metrics=<sparse_categorical_accuracy=0.13583333790302277,loss=2.286750316619873>
6.9166 seconds
Tested. Sparse categorical accuracy: 36.67

round  2, metrics=<sparse_categorical_accuracy=0.17883333563804626,loss=2.246124744415283>
6.6403 seconds
Tested. Sparse categorical accuracy: 40.00

round  3, metrics=<sparse_categorical_accuracy=0.3059999942779541,loss=2.2620229721069336>
6.9478 seconds
Tested. Sparse categorical accuracy: 26.67

round  4, metrics=<sparse_categorical_accuracy=0.41083332896232605,loss=1.9220144748687744>
6.9579 seconds
Tested. Sparse categorical accuracy: 70.00

round  5, metrics=<sparse_categorical_accuracy=0.27933332324028015,loss=2.4189510345458984>
6.7594 seconds
Tested. Sparse categorical accuracy: 20.00

round  6, metrics=<sparse_categorical_accuracy=0.30250000953674316,loss=2.0649924278259277>
6.8512 seconds
Tested. Sparse categorical accuracy: 56.67

6  rounds run
Average time per round: 6.00

2020-06-08 14:58:57.144712
