
TENSORFLOW USERS:
You must use the python3.6-anaconda/5.2.0 module to run TensorFlow.
See https://arc-ts.umich.edu/greatlakes/software/tensorflow for more
information.



The following have been reloaded with a version change:
  1) cuda/10.0.130 => cuda/10.1.105


Currently Loaded Modules:
  1) python3.7-anaconda/2019.07   2) cudnn/10.0-v7.6   3) cuda/10.1.105

 

Test  13
2020-06-08 14:21:12.827173


Schema 1: Each client partially IID
--------------------------------------------------
percent data distributed IID:  80
number of classes for non-IID data:  2
data points per client (mean, std dev): ( 600 ,  0 )
--------------------------------------------------
round  1, metrics=<sparse_categorical_accuracy=0.1774444431066513,loss=2.271439790725708>
10.8687 seconds
Tested. Sparse categorical accuracy: 50.00

round  2, metrics=<sparse_categorical_accuracy=0.2933333218097687,loss=2.208500862121582>
10.2925 seconds
Tested. Sparse categorical accuracy: 40.00

round  3, metrics=<sparse_categorical_accuracy=0.44055554270744324,loss=1.9491219520568848>
10.0101 seconds
Tested. Sparse categorical accuracy: 75.00

round  4, metrics=<sparse_categorical_accuracy=0.6121110916137695,loss=1.3537437915802002>
9.9753 seconds
Tested. Sparse categorical accuracy: 95.00

4  rounds run
Average time per round: 10.00

2020-06-08 14:22:02.408296
