
TENSORFLOW USERS:
You must use the python3.6-anaconda/5.2.0 module to run TensorFlow.
See https://arc-ts.umich.edu/greatlakes/software/tensorflow for more
information.



The following have been reloaded with a version change:
  1) cuda/10.0.130 => cuda/10.1.105


Currently Loaded Modules:
  1) python3.7-anaconda/2019.07   2) cudnn/10.0-v7.6   3) cuda/10.1.105

 

mkdir: cannot create directory ‘results/7423813’: File exists
mkdir: cannot create directory ‘results/7423813/log’: File exists
Test  462
2020-06-08 15:03:02.126967


Schema 1: Each client partially IID
--------------------------------------------------
percent data distributed IID:  80
number of classes for non-IID data:  2
data points per client (mean, std dev): ( 600 ,  0 )
--------------------------------------------------
round  1, metrics=<sparse_categorical_accuracy=0.14300000667572021,loss=2.2849974632263184>
6.7929 seconds
Tested. Sparse categorical accuracy: 13.33

round  2, metrics=<sparse_categorical_accuracy=0.21133333444595337,loss=2.2466156482696533>
6.4757 seconds
Tested. Sparse categorical accuracy: 36.67

round  3, metrics=<sparse_categorical_accuracy=0.3838333189487457,loss=2.179705858230591>
6.5843 seconds
Tested. Sparse categorical accuracy: 46.67

round  4, metrics=<sparse_categorical_accuracy=0.47699999809265137,loss=2.0032596588134766>
6.3729 seconds
Tested. Sparse categorical accuracy: 70.00

round  5, metrics=<sparse_categorical_accuracy=0.6121666431427002,loss=1.4718087911605835>
6.4599 seconds
Tested. Sparse categorical accuracy: 63.33

round  6, metrics=<sparse_categorical_accuracy=0.7086666822433472,loss=1.0925949811935425>
6.6568 seconds
Tested. Sparse categorical accuracy: 93.33

6  rounds run
Average time per round: 6.00

2020-06-08 15:03:49.332413
