
TENSORFLOW USERS:
You must use the python3.6-anaconda/5.2.0 module to run TensorFlow.
See https://arc-ts.umich.edu/greatlakes/software/tensorflow for more
information.



The following have been reloaded with a version change:
  1) cuda/10.0.130 => cuda/10.1.105


Currently Loaded Modules:
  1) python3.7-anaconda/2019.07   2) cudnn/10.0-v7.6   3) cuda/10.1.105

 

mkdir: cannot create directory ‘results/7423813’: File exists
mkdir: cannot create directory ‘results/7423813/log’: File exists
Test  47
2020-06-08 14:24:15.624614


Schema 1: Each client partially IID
--------------------------------------------------
percent data distributed IID:  80
number of classes for non-IID data:  2
data points per client (mean, std dev): ( 600 ,  0 )
--------------------------------------------------
round  1, metrics=<sparse_categorical_accuracy=0.12683333456516266,loss=2.284837484359741>
7.3115 seconds
Tested. Sparse categorical accuracy: 16.67

round  2, metrics=<sparse_categorical_accuracy=0.17666666209697723,loss=2.247861385345459>
6.6240 seconds
Tested. Sparse categorical accuracy: 36.67

round  3, metrics=<sparse_categorical_accuracy=0.2879999876022339,loss=2.2962381839752197>
7.3394 seconds
Tested. Sparse categorical accuracy: 10.00

round  4, metrics=<sparse_categorical_accuracy=0.27783334255218506,loss=2.2133708000183105>
7.2784 seconds
Tested. Sparse categorical accuracy: 46.67

round  5, metrics=<sparse_categorical_accuracy=0.43033334612846375,loss=2.003918409347534>
7.0522 seconds
Tested. Sparse categorical accuracy: 53.33

round  6, metrics=<sparse_categorical_accuracy=0.5391666889190674,loss=1.6564598083496094>
7.4314 seconds
Tested. Sparse categorical accuracy: 63.33

6  rounds run
Average time per round: 7.00

2020-06-08 14:25:07.695347
