
TENSORFLOW USERS:
You must use the python3.6-anaconda/5.2.0 module to run TensorFlow.
See https://arc-ts.umich.edu/greatlakes/software/tensorflow for more
information.



The following have been reloaded with a version change:
  1) cuda/10.0.130 => cuda/10.1.105


Currently Loaded Modules:
  1) python3.7-anaconda/2019.07   2) cudnn/10.0-v7.6   3) cuda/10.1.105

 

mkdir: cannot create directory ‘results/7423813’: File exists
mkdir: cannot create directory ‘results/7423813/log’: File exists
Test  51
2020-06-08 14:24:24.285722


Schema 1: Each client partially IID
--------------------------------------------------
percent data distributed IID:  80
number of classes for non-IID data:  2
data points per client (mean, std dev): ( 600 ,  0 )
--------------------------------------------------
round  1, metrics=<sparse_categorical_accuracy=0.08299999684095383,loss=2.3043715953826904>
3.7015 seconds
Tested. Sparse categorical accuracy: 15.00

round  2, metrics=<sparse_categorical_accuracy=0.08433333039283752,loss=2.289841890335083>
3.7329 seconds
Tested. Sparse categorical accuracy: 20.00

round  3, metrics=<sparse_categorical_accuracy=0.13366666436195374,loss=2.2706069946289062>
3.6646 seconds
Tested. Sparse categorical accuracy: 8.33

round  4, metrics=<sparse_categorical_accuracy=0.11633333563804626,loss=2.2569146156311035>
3.7127 seconds
Tested. Sparse categorical accuracy: 6.67

round  5, metrics=<sparse_categorical_accuracy=0.14900000393390656,loss=2.197819232940674>
3.6992 seconds
Tested. Sparse categorical accuracy: 58.33

round  6, metrics=<sparse_categorical_accuracy=0.3763333261013031,loss=2.213850975036621>
3.6612 seconds
Tested. Sparse categorical accuracy: 43.33

round  7, metrics=<sparse_categorical_accuracy=0.48366665840148926,loss=2.090366840362549>
3.6963 seconds
Tested. Sparse categorical accuracy: 56.67

round  8, metrics=<sparse_categorical_accuracy=0.47833332419395447,loss=2.029132127761841>
3.6908 seconds
Tested. Sparse categorical accuracy: 51.67

round  9, metrics=<sparse_categorical_accuracy=0.5286666750907898,loss=1.7428443431854248>
3.6516 seconds
Tested. Sparse categorical accuracy: 51.67

round 10, metrics=<sparse_categorical_accuracy=0.6186666488647461,loss=1.3870670795440674>
3.6997 seconds
Tested. Sparse categorical accuracy: 61.67

round 11, metrics=<sparse_categorical_accuracy=0.6790000200271606,loss=1.1489182710647583>
3.6319 seconds
Tested. Sparse categorical accuracy: 80.00

round 12, metrics=<sparse_categorical_accuracy=0.7390000224113464,loss=0.9272434115409851>
3.6020 seconds
Tested. Sparse categorical accuracy: 65.00

12  rounds run
Average time per round: 3.00

2020-06-08 14:25:17.105412
