
TENSORFLOW USERS:
You must use the python3.6-anaconda/5.2.0 module to run TensorFlow.
See https://arc-ts.umich.edu/greatlakes/software/tensorflow for more
information.



The following have been reloaded with a version change:
  1) cuda/10.0.130 => cuda/10.1.105


Currently Loaded Modules:
  1) python3.7-anaconda/2019.07   2) cudnn/10.0-v7.6   3) cuda/10.1.105

 

mkdir: cannot create directory ‘results/7423813’: File exists
mkdir: cannot create directory ‘results/7423813/log’: File exists
Test  298
2020-06-08 14:51:36.974138


Schema 1: Each client partially IID
--------------------------------------------------
percent data distributed IID:  80
number of classes for non-IID data:  2
data points per client (mean, std dev): ( 600 ,  0 )
--------------------------------------------------
round  1, metrics=<sparse_categorical_accuracy=0.16300000250339508,loss=2.276639938354492>
10.5159 seconds
Tested. Sparse categorical accuracy: 15.00

round  2, metrics=<sparse_categorical_accuracy=0.257999986410141,loss=2.2426068782806396>
9.6201 seconds
Tested. Sparse categorical accuracy: 10.00

round  3, metrics=<sparse_categorical_accuracy=0.36844444274902344,loss=2.085120439529419>
9.9030 seconds
Tested. Sparse categorical accuracy: 40.00

round  4, metrics=<sparse_categorical_accuracy=0.4555555582046509,loss=1.8355824947357178>
9.6802 seconds
Tested. Sparse categorical accuracy: 55.00

4  rounds run
Average time per round: 9.00

2020-06-08 14:52:24.193145
