
TENSORFLOW USERS:
You must use the python3.6-anaconda/5.2.0 module to run TensorFlow.
See https://arc-ts.umich.edu/greatlakes/software/tensorflow for more
information.



The following have been reloaded with a version change:
  1) cuda/10.0.130 => cuda/10.1.105


Currently Loaded Modules:
  1) python3.7-anaconda/2019.07   2) cudnn/10.0-v7.6   3) cuda/10.1.105

 

mkdir: cannot create directory ‘results/7423813’: File exists
mkdir: cannot create directory ‘results/7423813/log’: File exists
Test  259
2020-06-08 14:49:08.595619


Schema 1: Each client partially IID
--------------------------------------------------
percent data distributed IID:  80
number of classes for non-IID data:  2
data points per client (mean, std dev): ( 600 ,  0 )
--------------------------------------------------
round  1, metrics=<sparse_categorical_accuracy=0.15291666984558105,loss=2.257810115814209>
14.7824 seconds
Tested. Sparse categorical accuracy: 80.00

round  2, metrics=<sparse_categorical_accuracy=0.3232499957084656,loss=2.170535087585449>
13.8060 seconds
Tested. Sparse categorical accuracy: 60.00

round  3, metrics=<sparse_categorical_accuracy=0.4859166741371155,loss=1.7900961637496948>
13.2909 seconds
Tested. Sparse categorical accuracy: 60.00

3  rounds run
Average time per round: 13.00

2020-06-08 14:49:58.131597
