
TENSORFLOW USERS:
You must use the python3.6-anaconda/5.2.0 module to run TensorFlow.
See https://arc-ts.umich.edu/greatlakes/software/tensorflow for more
information.



The following have been reloaded with a version change:
  1) cuda/10.0.130 => cuda/10.1.105


Currently Loaded Modules:
  1) python3.7-anaconda/2019.07   2) cudnn/10.0-v7.6   3) cuda/10.1.105

 

mkdir: cannot create directory ‘results/7423813’: File exists
mkdir: cannot create directory ‘results/7423813/log’: File exists
Test  368
2020-06-08 14:56:31.702489


Schema 1: Each client partially IID
--------------------------------------------------
percent data distributed IID:  80
number of classes for non-IID data:  2
data points per client (mean, std dev): ( 600 ,  0 )
--------------------------------------------------
round  1, metrics=<sparse_categorical_accuracy=0.21022222936153412,loss=2.29941987991333>
11.0012 seconds
Tested. Sparse categorical accuracy: 30.00

round  2, metrics=<sparse_categorical_accuracy=0.19188888370990753,loss=2.255723476409912>
10.3738 seconds
Tested. Sparse categorical accuracy: 50.00

round  3, metrics=<sparse_categorical_accuracy=0.32677778601646423,loss=2.212151288986206>
10.1583 seconds
Tested. Sparse categorical accuracy: 65.00

round  4, metrics=<sparse_categorical_accuracy=0.47111111879348755,loss=1.9211419820785522>
9.8762 seconds
Tested. Sparse categorical accuracy: 75.00

4  rounds run
Average time per round: 10.00

2020-06-08 14:57:20.832483
