
TENSORFLOW USERS:
You must use the python3.6-anaconda/5.2.0 module to run TensorFlow.
See https://arc-ts.umich.edu/greatlakes/software/tensorflow for more
information.



The following have been reloaded with a version change:
  1) cuda/10.0.130 => cuda/10.1.105


Currently Loaded Modules:
  1) python3.7-anaconda/2019.07   2) cudnn/10.0-v7.6   3) cuda/10.1.105

 

mkdir: cannot create directory ‘results/7423813’: File exists
mkdir: cannot create directory ‘results/7423813/log’: File exists
Test  161
2020-06-08 14:41:55.896280


Schema 1: Each client partially IID
--------------------------------------------------
percent data distributed IID:  80
number of classes for non-IID data:  2
data points per client (mean, std dev): ( 600 ,  0 )
--------------------------------------------------
round  1, metrics=<sparse_categorical_accuracy=0.1106666699051857,loss=2.303657054901123>
4.1128 seconds
Tested. Sparse categorical accuracy: 5.00

round  2, metrics=<sparse_categorical_accuracy=0.08799999952316284,loss=2.2898929119110107>
4.1491 seconds
Tested. Sparse categorical accuracy: 21.67

round  3, metrics=<sparse_categorical_accuracy=0.16066665947437286,loss=2.271951913833618>
4.1661 seconds
Tested. Sparse categorical accuracy: 10.00

round  4, metrics=<sparse_categorical_accuracy=0.1263333261013031,loss=2.2247116565704346>
4.2233 seconds
Tested. Sparse categorical accuracy: 30.00

round  5, metrics=<sparse_categorical_accuracy=0.38466668128967285,loss=2.2208077907562256>
4.0915 seconds
Tested. Sparse categorical accuracy: 38.33

round  6, metrics=<sparse_categorical_accuracy=0.44966667890548706,loss=2.081813335418701>
3.9232 seconds
Tested. Sparse categorical accuracy: 48.33

round  7, metrics=<sparse_categorical_accuracy=0.4086666703224182,loss=2.3983981609344482>
4.8754 seconds
Tested. Sparse categorical accuracy: 33.33

round  8, metrics=<sparse_categorical_accuracy=0.36533331871032715,loss=2.2408769130706787>
4.4040 seconds
Tested. Sparse categorical accuracy: 35.00

round  9, metrics=<sparse_categorical_accuracy=0.39899998903274536,loss=2.0604610443115234>
4.1333 seconds
Tested. Sparse categorical accuracy: 58.33

round 10, metrics=<sparse_categorical_accuracy=0.5553333163261414,loss=1.9397485256195068>
4.3670 seconds
Tested. Sparse categorical accuracy: 41.67

round 11, metrics=<sparse_categorical_accuracy=0.5809999704360962,loss=1.4519972801208496>
4.6093 seconds
Tested. Sparse categorical accuracy: 70.00

round 12, metrics=<sparse_categorical_accuracy=0.7163333296775818,loss=1.0609501600265503>
4.1350 seconds
Tested. Sparse categorical accuracy: 70.00

12  rounds run
Average time per round: 4.00

2020-06-08 14:42:56.537805
