
TENSORFLOW USERS:
You must use the python3.6-anaconda/5.2.0 module to run TensorFlow.
See https://arc-ts.umich.edu/greatlakes/software/tensorflow for more
information.



The following have been reloaded with a version change:
  1) cuda/10.0.130 => cuda/10.1.105


Currently Loaded Modules:
  1) python3.7-anaconda/2019.07   2) cudnn/10.0-v7.6   3) cuda/10.1.105

 

mkdir: cannot create directory ‘results/7423813’: File exists
mkdir: cannot create directory ‘results/7423813/log’: File exists
Test  64
2020-06-08 14:25:19.704649


Schema 1: Each client partially IID
--------------------------------------------------
percent data distributed IID:  80
number of classes for non-IID data:  2
data points per client (mean, std dev): ( 600 ,  0 )
--------------------------------------------------
round  1, metrics=<sparse_categorical_accuracy=0.20591667294502258,loss=2.2607383728027344>
15.0660 seconds
Tested. Sparse categorical accuracy: 46.67

round  2, metrics=<sparse_categorical_accuracy=0.335833340883255,loss=2.111968755722046>
14.9543 seconds
Tested. Sparse categorical accuracy: 33.33

round  3, metrics=<sparse_categorical_accuracy=0.5080000162124634,loss=1.6678119897842407>
14.5752 seconds
Tested. Sparse categorical accuracy: 80.00

3  rounds run
Average time per round: 14.00

2020-06-08 14:26:11.866988
