
TENSORFLOW USERS:
You must use the python3.6-anaconda/5.2.0 module to run TensorFlow.
See https://arc-ts.umich.edu/greatlakes/software/tensorflow for more
information.



The following have been reloaded with a version change:
  1) cuda/10.0.130 => cuda/10.1.105


Currently Loaded Modules:
  1) python3.7-anaconda/2019.07   2) cudnn/10.0-v7.6   3) cuda/10.1.105

 

mkdir: cannot create directory ‘results/7423813’: File exists
mkdir: cannot create directory ‘results/7423813/log’: File exists
Test  182
2020-06-08 14:43:43.208078


Schema 1: Each client partially IID
--------------------------------------------------
percent data distributed IID:  80
number of classes for non-IID data:  2
data points per client (mean, std dev): ( 600 ,  0 )
--------------------------------------------------
round  1, metrics=<sparse_categorical_accuracy=0.12666666507720947,loss=2.2828829288482666>
6.8431 seconds
Tested. Sparse categorical accuracy: 16.67

round  2, metrics=<sparse_categorical_accuracy=0.1678333282470703,loss=2.250119209289551>
6.7897 seconds
Tested. Sparse categorical accuracy: 36.67

round  3, metrics=<sparse_categorical_accuracy=0.3034999966621399,loss=2.195718765258789>
6.5149 seconds
Tested. Sparse categorical accuracy: 40.00

round  4, metrics=<sparse_categorical_accuracy=0.34049999713897705,loss=2.181384801864624>
6.9216 seconds
Tested. Sparse categorical accuracy: 40.00

round  5, metrics=<sparse_categorical_accuracy=0.47466665506362915,loss=1.862674593925476>
6.6671 seconds
Tested. Sparse categorical accuracy: 56.67

round  6, metrics=<sparse_categorical_accuracy=0.562166690826416,loss=1.6904010772705078>
7.0899 seconds
Tested. Sparse categorical accuracy: 50.00

6  rounds run
Average time per round: 6.00

2020-06-08 14:44:31.820879
