
TENSORFLOW USERS:
You must use the python3.6-anaconda/5.2.0 module to run TensorFlow.
See https://arc-ts.umich.edu/greatlakes/software/tensorflow for more
information.



The following have been reloaded with a version change:
  1) cuda/10.0.130 => cuda/10.1.105


Currently Loaded Modules:
  1) python3.7-anaconda/2019.07   2) cudnn/10.0-v7.6   3) cuda/10.1.105

 

mkdir: cannot create directory ‘results/7423813’: File exists
mkdir: cannot create directory ‘results/7423813/log’: File exists
Test  386
2020-06-08 14:57:38.654450


Schema 1: Each client partially IID
--------------------------------------------------
percent data distributed IID:  80
number of classes for non-IID data:  2
data points per client (mean, std dev): ( 600 ,  0 )
--------------------------------------------------
round  1, metrics=<sparse_categorical_accuracy=0.09066666662693024,loss=2.3032166957855225>
4.0850 seconds
Tested. Sparse categorical accuracy: 10.00

round  2, metrics=<sparse_categorical_accuracy=0.13733333349227905,loss=2.291778564453125>
4.3661 seconds
Tested. Sparse categorical accuracy: 10.00

round  3, metrics=<sparse_categorical_accuracy=0.0976666659116745,loss=2.275975227355957>
3.9849 seconds
Tested. Sparse categorical accuracy: 16.67

round  4, metrics=<sparse_categorical_accuracy=0.1653333306312561,loss=2.2561333179473877>
4.1249 seconds
Tested. Sparse categorical accuracy: 16.67

round  5, metrics=<sparse_categorical_accuracy=0.14433333277702332,loss=2.220320701599121>
4.1899 seconds
Tested. Sparse categorical accuracy: 25.00

round  6, metrics=<sparse_categorical_accuracy=0.3343333303928375,loss=2.222397804260254>
4.0181 seconds
Tested. Sparse categorical accuracy: 40.00

round  7, metrics=<sparse_categorical_accuracy=0.38066667318344116,loss=2.1075241565704346>
4.1273 seconds
Tested. Sparse categorical accuracy: 50.00

round  8, metrics=<sparse_categorical_accuracy=0.48133334517478943,loss=2.032454490661621>
4.2104 seconds
Tested. Sparse categorical accuracy: 61.67

round  9, metrics=<sparse_categorical_accuracy=0.48633334040641785,loss=1.8441113233566284>
4.1043 seconds
Tested. Sparse categorical accuracy: 43.33

round 10, metrics=<sparse_categorical_accuracy=0.5640000104904175,loss=1.500537633895874>
4.1192 seconds
Tested. Sparse categorical accuracy: 56.67

round 11, metrics=<sparse_categorical_accuracy=0.67166668176651,loss=1.0739318132400513>
3.8924 seconds
Tested. Sparse categorical accuracy: 85.00

round 12, metrics=<sparse_categorical_accuracy=0.6850000023841858,loss=1.177346110343933>
3.9665 seconds
Tested. Sparse categorical accuracy: 56.67

12  rounds run
Average time per round: 4.00

2020-06-08 14:58:37.230410
