
TENSORFLOW USERS:
You must use the python3.6-anaconda/5.2.0 module to run TensorFlow.
See https://arc-ts.umich.edu/greatlakes/software/tensorflow for more
information.



The following have been reloaded with a version change:
  1) cuda/10.0.130 => cuda/10.1.105


Currently Loaded Modules:
  1) python3.7-anaconda/2019.07   2) cudnn/10.0-v7.6   3) cuda/10.1.105

 

mkdir: cannot create directory ‘results/7423813’: File exists
mkdir: cannot create directory ‘results/7423813/log’: File exists
Test  36
2020-06-08 14:23:22.518391


Schema 1: Each client partially IID
--------------------------------------------------
percent data distributed IID:  80
number of classes for non-IID data:  2
data points per client (mean, std dev): ( 600 ,  0 )
--------------------------------------------------
round  1, metrics=<sparse_categorical_accuracy=0.07866666465997696,loss=2.3045830726623535>
4.4317 seconds
Tested. Sparse categorical accuracy: 15.00

round  2, metrics=<sparse_categorical_accuracy=0.11633333563804626,loss=2.286949634552002>
4.1975 seconds
Tested. Sparse categorical accuracy: 10.00

round  3, metrics=<sparse_categorical_accuracy=0.10466666519641876,loss=2.279442310333252>
3.9354 seconds
Tested. Sparse categorical accuracy: 6.67

round  4, metrics=<sparse_categorical_accuracy=0.1706666648387909,loss=2.244704484939575>
4.0560 seconds
Tested. Sparse categorical accuracy: 20.00

round  5, metrics=<sparse_categorical_accuracy=0.19433332979679108,loss=2.1659092903137207>
4.2046 seconds
Tested. Sparse categorical accuracy: 50.00

round  6, metrics=<sparse_categorical_accuracy=0.38366666436195374,loss=2.3143856525421143>
4.1452 seconds
Tested. Sparse categorical accuracy: 23.33

round  7, metrics=<sparse_categorical_accuracy=0.25699999928474426,loss=2.1948485374450684>
4.1593 seconds
Tested. Sparse categorical accuracy: 73.33

round  8, metrics=<sparse_categorical_accuracy=0.41066667437553406,loss=1.9630736112594604>
4.2271 seconds
Tested. Sparse categorical accuracy: 45.00

round  9, metrics=<sparse_categorical_accuracy=0.4869999885559082,loss=1.9782103300094604>
3.8200 seconds
Tested. Sparse categorical accuracy: 55.00

round 10, metrics=<sparse_categorical_accuracy=0.5923333168029785,loss=1.4769740104675293>
4.1150 seconds
Tested. Sparse categorical accuracy: 76.67

round 11, metrics=<sparse_categorical_accuracy=0.5483333468437195,loss=1.5531816482543945>
4.1537 seconds
Tested. Sparse categorical accuracy: 56.67

round 12, metrics=<sparse_categorical_accuracy=0.6359999775886536,loss=1.2625279426574707>
4.1896 seconds
Tested. Sparse categorical accuracy: 70.00

12  rounds run
Average time per round: 4.00

2020-06-08 14:24:21.887665
