
TENSORFLOW USERS:
You must use the python3.6-anaconda/5.2.0 module to run TensorFlow.
See https://arc-ts.umich.edu/greatlakes/software/tensorflow for more
information.



The following have been reloaded with a version change:
  1) cuda/10.0.130 => cuda/10.1.105


Currently Loaded Modules:
  1) python3.7-anaconda/2019.07   2) cudnn/10.0-v7.6   3) cuda/10.1.105

 

mkdir: cannot create directory ‘results/7423813’: File exists
mkdir: cannot create directory ‘results/7423813/log’: File exists
Test  107
2020-06-08 14:30:57.111340


Schema 1: Each client partially IID
--------------------------------------------------
percent data distributed IID:  80
number of classes for non-IID data:  2
data points per client (mean, std dev): ( 600 ,  0 )
--------------------------------------------------
round  1, metrics=<sparse_categorical_accuracy=0.12999999523162842,loss=2.2812066078186035>
8.5100 seconds
Tested. Sparse categorical accuracy: 36.67

round  2, metrics=<sparse_categorical_accuracy=0.2241666615009308,loss=2.2330431938171387>
8.8672 seconds
Tested. Sparse categorical accuracy: 43.33

round  3, metrics=<sparse_categorical_accuracy=0.29866665601730347,loss=2.22745943069458>
8.3392 seconds
Tested. Sparse categorical accuracy: 40.00

round  4, metrics=<sparse_categorical_accuracy=0.398499995470047,loss=2.0627787113189697>
8.6010 seconds
Tested. Sparse categorical accuracy: 60.00

round  5, metrics=<sparse_categorical_accuracy=0.531333327293396,loss=1.6733839511871338>
8.2660 seconds
Tested. Sparse categorical accuracy: 63.33

round  6, metrics=<sparse_categorical_accuracy=0.6203333139419556,loss=1.3312374353408813>
8.5229 seconds
Tested. Sparse categorical accuracy: 66.67

6  rounds run
Average time per round: 8.00

2020-06-08 14:31:57.154654
