
TENSORFLOW USERS:
You must use the python3.6-anaconda/5.2.0 module to run TensorFlow.
See https://arc-ts.umich.edu/greatlakes/software/tensorflow for more
information.



The following have been reloaded with a version change:
  1) cuda/10.0.130 => cuda/10.1.105


Currently Loaded Modules:
  1) python3.7-anaconda/2019.07   2) cudnn/10.0-v7.6   3) cuda/10.1.105

 

mkdir: cannot create directory ‘results/7423813’: File exists
mkdir: cannot create directory ‘results/7423813/log’: File exists
Test  346
2020-06-08 14:54:52.442960


Schema 1: Each client partially IID
--------------------------------------------------
percent data distributed IID:  80
number of classes for non-IID data:  2
data points per client (mean, std dev): ( 600 ,  0 )
--------------------------------------------------
round  1, metrics=<sparse_categorical_accuracy=0.10566666722297668,loss=2.3017988204956055>
3.8220 seconds
Tested. Sparse categorical accuracy: 30.00

round  2, metrics=<sparse_categorical_accuracy=0.12200000137090683,loss=2.2931809425354004>
3.8133 seconds
Tested. Sparse categorical accuracy: 33.33

round  3, metrics=<sparse_categorical_accuracy=0.19333332777023315,loss=2.279057025909424>
3.7413 seconds
Tested. Sparse categorical accuracy: 18.33

round  4, metrics=<sparse_categorical_accuracy=0.11933333426713943,loss=2.2613768577575684>
3.8260 seconds
Tested. Sparse categorical accuracy: 10.00

round  5, metrics=<sparse_categorical_accuracy=0.17499999701976776,loss=2.1873598098754883>
3.8316 seconds
Tested. Sparse categorical accuracy: 56.67

round  6, metrics=<sparse_categorical_accuracy=0.3336666524410248,loss=2.215498685836792>
3.6955 seconds
Tested. Sparse categorical accuracy: 16.67

round  7, metrics=<sparse_categorical_accuracy=0.2996666729450226,loss=2.1052157878875732>
3.7358 seconds
Tested. Sparse categorical accuracy: 43.33

round  8, metrics=<sparse_categorical_accuracy=0.4046666622161865,loss=2.0499320030212402>
3.7988 seconds
Tested. Sparse categorical accuracy: 66.67

round  9, metrics=<sparse_categorical_accuracy=0.5486666560173035,loss=1.7382651567459106>
3.6571 seconds
Tested. Sparse categorical accuracy: 60.00

round 10, metrics=<sparse_categorical_accuracy=0.5559999942779541,loss=1.5748945474624634>
3.7706 seconds
Tested. Sparse categorical accuracy: 63.33

round 11, metrics=<sparse_categorical_accuracy=0.6430000066757202,loss=1.2357070446014404>
3.7618 seconds
Tested. Sparse categorical accuracy: 76.67

round 12, metrics=<sparse_categorical_accuracy=0.7200000286102295,loss=1.0208382606506348>
3.6508 seconds
Tested. Sparse categorical accuracy: 78.33

12  rounds run
Average time per round: 3.00

2020-06-08 14:55:46.556101
