
TENSORFLOW USERS:
You must use the python3.6-anaconda/5.2.0 module to run TensorFlow.
See https://arc-ts.umich.edu/greatlakes/software/tensorflow for more
information.



The following have been reloaded with a version change:
  1) cuda/10.0.130 => cuda/10.1.105


Currently Loaded Modules:
  1) python3.7-anaconda/2019.07   2) cudnn/10.0-v7.6   3) cuda/10.1.105

 

mkdir: cannot create directory ‘results/7423813’: File exists
mkdir: cannot create directory ‘results/7423813/log’: File exists
Test  23
2020-06-08 14:22:28.108830


Schema 1: Each client partially IID
--------------------------------------------------
percent data distributed IID:  80
number of classes for non-IID data:  2
data points per client (mean, std dev): ( 600 ,  0 )
--------------------------------------------------
round  1, metrics=<sparse_categorical_accuracy=0.14433333277702332,loss=2.2648696899414062>
12.7389 seconds
Tested. Sparse categorical accuracy: 25.00

round  2, metrics=<sparse_categorical_accuracy=0.289000004529953,loss=2.181285858154297>
11.7523 seconds
Tested. Sparse categorical accuracy: 55.00

round  3, metrics=<sparse_categorical_accuracy=0.4147777855396271,loss=1.9771761894226074>
11.7554 seconds
Tested. Sparse categorical accuracy: 55.00

round  4, metrics=<sparse_categorical_accuracy=0.5634444355964661,loss=1.4496568441390991>
11.7040 seconds
Tested. Sparse categorical accuracy: 60.00

4  rounds run
Average time per round: 11.00

2020-06-08 14:23:25.991291
