
TENSORFLOW USERS:
You must use the python3.6-anaconda/5.2.0 module to run TensorFlow.
See https://arc-ts.umich.edu/greatlakes/software/tensorflow for more
information.



The following have been reloaded with a version change:
  1) cuda/10.0.130 => cuda/10.1.105


Currently Loaded Modules:
  1) python3.7-anaconda/2019.07   2) cudnn/10.0-v7.6   3) cuda/10.1.105

 

mkdir: cannot create directory ‘results/7423813’: File exists
mkdir: cannot create directory ‘results/7423813/log’: File exists
Test  292
2020-06-08 14:51:15.375537


Schema 1: Each client partially IID
--------------------------------------------------
percent data distributed IID:  80
number of classes for non-IID data:  2
data points per client (mean, std dev): ( 600 ,  0 )
--------------------------------------------------
round  1, metrics=<sparse_categorical_accuracy=0.10400000214576721,loss=2.2879931926727295>
6.6807 seconds
Tested. Sparse categorical accuracy: 13.33

round  2, metrics=<sparse_categorical_accuracy=0.13833333551883698,loss=2.2577130794525146>
6.5109 seconds
Tested. Sparse categorical accuracy: 53.33

round  3, metrics=<sparse_categorical_accuracy=0.28183332085609436,loss=2.2469046115875244>
6.7397 seconds
Tested. Sparse categorical accuracy: 26.67

round  4, metrics=<sparse_categorical_accuracy=0.29466667771339417,loss=2.1502413749694824>
6.3385 seconds
Tested. Sparse categorical accuracy: 63.33

round  5, metrics=<sparse_categorical_accuracy=0.4908333420753479,loss=1.9835174083709717>
6.4215 seconds
Tested. Sparse categorical accuracy: 66.67

round  6, metrics=<sparse_categorical_accuracy=0.5068333148956299,loss=1.6932941675186157>
6.4047 seconds
Tested. Sparse categorical accuracy: 76.67

6  rounds run
Average time per round: 6.00

2020-06-08 14:52:02.064490
