
TENSORFLOW USERS:
You must use the python3.6-anaconda/5.2.0 module to run TensorFlow.
See https://arc-ts.umich.edu/greatlakes/software/tensorflow for more
information.



The following have been reloaded with a version change:
  1) cuda/10.0.130 => cuda/10.1.105


Currently Loaded Modules:
  1) python3.7-anaconda/2019.07   2) cudnn/10.0-v7.6   3) cuda/10.1.105

 

mkdir: cannot create directory ‘results/7423813’: File exists
mkdir: cannot create directory ‘results/7423813/log’: File exists
Test  351
2020-06-08 14:55:25.668089


Schema 1: Each client partially IID
--------------------------------------------------
percent data distributed IID:  80
number of classes for non-IID data:  2
data points per client (mean, std dev): ( 600 ,  0 )
--------------------------------------------------
round  1, metrics=<sparse_categorical_accuracy=0.11433333158493042,loss=2.3002707958221436>
4.3506 seconds
Tested. Sparse categorical accuracy: 16.67

round  2, metrics=<sparse_categorical_accuracy=0.09466666728258133,loss=2.2998275756835938>
3.8546 seconds
Tested. Sparse categorical accuracy: 15.00

round  3, metrics=<sparse_categorical_accuracy=0.13333334028720856,loss=2.283043146133423>
4.1783 seconds
Tested. Sparse categorical accuracy: 33.33

round  4, metrics=<sparse_categorical_accuracy=0.18166667222976685,loss=2.241062879562378>
4.0600 seconds
Tested. Sparse categorical accuracy: 41.67

round  5, metrics=<sparse_categorical_accuracy=0.2446666657924652,loss=2.2221314907073975>
3.8769 seconds
Tested. Sparse categorical accuracy: 26.67

round  6, metrics=<sparse_categorical_accuracy=0.2630000114440918,loss=2.181891918182373>
4.2213 seconds
Tested. Sparse categorical accuracy: 51.67

round  7, metrics=<sparse_categorical_accuracy=0.40566667914390564,loss=2.1108529567718506>
3.9804 seconds
Tested. Sparse categorical accuracy: 35.00

round  8, metrics=<sparse_categorical_accuracy=0.4846666753292084,loss=1.8604964017868042>
4.1061 seconds
Tested. Sparse categorical accuracy: 61.67

round  9, metrics=<sparse_categorical_accuracy=0.5046666860580444,loss=1.9893580675125122>
3.9686 seconds
Tested. Sparse categorical accuracy: 66.67

round 10, metrics=<sparse_categorical_accuracy=0.5386666655540466,loss=1.6451835632324219>
4.1174 seconds
Tested. Sparse categorical accuracy: 66.67

round 11, metrics=<sparse_categorical_accuracy=0.5603333115577698,loss=1.577536940574646>
3.9963 seconds
Tested. Sparse categorical accuracy: 48.33

round 12, metrics=<sparse_categorical_accuracy=0.6636666655540466,loss=1.1885687112808228>
3.9006 seconds
Tested. Sparse categorical accuracy: 68.33

12  rounds run
Average time per round: 4.00

2020-06-08 14:56:23.585723
