
TENSORFLOW USERS:
You must use the python3.6-anaconda/5.2.0 module to run TensorFlow.
See https://arc-ts.umich.edu/greatlakes/software/tensorflow for more
information.



The following have been reloaded with a version change:
  1) cuda/10.0.130 => cuda/10.1.105


Currently Loaded Modules:
  1) python3.7-anaconda/2019.07   2) cudnn/10.0-v7.6   3) cuda/10.1.105

 

mkdir: cannot create directory ‘results/7423813’: File exists
mkdir: cannot create directory ‘results/7423813/log’: File exists
Test  142
2020-06-08 14:37:19.714897


Schema 1: Each client partially IID
--------------------------------------------------
percent data distributed IID:  80
number of classes for non-IID data:  2
data points per client (mean, std dev): ( 600 ,  0 )
--------------------------------------------------
round  1, metrics=<sparse_categorical_accuracy=0.15416666865348816,loss=2.2832605838775635>
6.8969 seconds
Tested. Sparse categorical accuracy: 20.00

round  2, metrics=<sparse_categorical_accuracy=0.19433332979679108,loss=2.248884916305542>
6.9193 seconds
Tested. Sparse categorical accuracy: 43.33

round  3, metrics=<sparse_categorical_accuracy=0.3141666650772095,loss=2.2150585651397705>
6.9701 seconds
Tested. Sparse categorical accuracy: 33.33

round  4, metrics=<sparse_categorical_accuracy=0.4230000078678131,loss=2.1190130710601807>
6.6364 seconds
Tested. Sparse categorical accuracy: 50.00

round  5, metrics=<sparse_categorical_accuracy=0.5323333144187927,loss=1.7949861288070679>
6.2849 seconds
Tested. Sparse categorical accuracy: 50.00

round  6, metrics=<sparse_categorical_accuracy=0.6520000100135803,loss=1.1610382795333862>
6.8968 seconds
Tested. Sparse categorical accuracy: 70.00

6  rounds run
Average time per round: 6.00

2020-06-08 14:38:08.401010
