
TENSORFLOW USERS:
You must use the python3.6-anaconda/5.2.0 module to run TensorFlow.
See https://arc-ts.umich.edu/greatlakes/software/tensorflow for more
information.



The following have been reloaded with a version change:
  1) cuda/10.0.130 => cuda/10.1.105


Currently Loaded Modules:
  1) python3.7-anaconda/2019.07   2) cudnn/10.0-v7.6   3) cuda/10.1.105

 

mkdir: cannot create directory ‘results/7423813’: File exists
mkdir: cannot create directory ‘results/7423813/log’: File exists
Test  71
2020-06-08 14:25:54.621838


Schema 1: Each client partially IID
--------------------------------------------------
percent data distributed IID:  80
number of classes for non-IID data:  2
data points per client (mean, std dev): ( 600 ,  0 )
--------------------------------------------------
round  1, metrics=<sparse_categorical_accuracy=0.1146666631102562,loss=2.302213430404663>
3.8099 seconds
Tested. Sparse categorical accuracy: 21.67

round  2, metrics=<sparse_categorical_accuracy=0.15733332931995392,loss=2.2941248416900635>
3.8480 seconds
Tested. Sparse categorical accuracy: 6.67

round  3, metrics=<sparse_categorical_accuracy=0.1313333362340927,loss=2.2897675037384033>
3.7712 seconds
Tested. Sparse categorical accuracy: 30.00

round  4, metrics=<sparse_categorical_accuracy=0.1613333374261856,loss=2.266796827316284>
3.8792 seconds
Tested. Sparse categorical accuracy: 6.67

round  5, metrics=<sparse_categorical_accuracy=0.08533333241939545,loss=2.2325315475463867>
3.8585 seconds
Tested. Sparse categorical accuracy: 13.33

round  6, metrics=<sparse_categorical_accuracy=0.1459999978542328,loss=2.1930794715881348>
3.7697 seconds
Tested. Sparse categorical accuracy: 70.00

round  7, metrics=<sparse_categorical_accuracy=0.5066666603088379,loss=2.17163348197937>
3.8094 seconds
Tested. Sparse categorical accuracy: 60.00

round  8, metrics=<sparse_categorical_accuracy=0.4906666576862335,loss=2.0365233421325684>
3.7883 seconds
Tested. Sparse categorical accuracy: 78.33

round  9, metrics=<sparse_categorical_accuracy=0.5086666941642761,loss=2.0062308311462402>
3.7126 seconds
Tested. Sparse categorical accuracy: 60.00

round 10, metrics=<sparse_categorical_accuracy=0.5703333616256714,loss=1.587949275970459>
3.7835 seconds
Tested. Sparse categorical accuracy: 71.67

round 11, metrics=<sparse_categorical_accuracy=0.6346666812896729,loss=1.358864426612854>
3.7865 seconds
Tested. Sparse categorical accuracy: 65.00

round 12, metrics=<sparse_categorical_accuracy=0.7283333539962769,loss=0.9527691006660461>
3.7146 seconds
Tested. Sparse categorical accuracy: 95.00

12  rounds run
Average time per round: 3.00

2020-06-08 14:26:49.445753
