
TENSORFLOW USERS:
You must use the python3.6-anaconda/5.2.0 module to run TensorFlow.
See https://arc-ts.umich.edu/greatlakes/software/tensorflow for more
information.



The following have been reloaded with a version change:
  1) cuda/10.0.130 => cuda/10.1.105


Currently Loaded Modules:
  1) python3.7-anaconda/2019.07   2) cudnn/10.0-v7.6   3) cuda/10.1.105

 

mkdir: cannot create directory ‘results/7867495’: File exists
mkdir: cannot create directory ‘results/7867495/log’: File exists
Test  451
2020-06-17 13:28:43.250618


Schema 1: Each client partially IID
--------------------------------------------------
percent data distributed IID:  80
number of classes for non-IID data:  2
data points per client (mean, std dev): ( 600 ,  0 )
--------------------------------------------------
round  1, metrics=<sparse_categorical_accuracy=0.10266666859388351,loss=2.3033244609832764>
4.0327 seconds
Tested. Sparse categorical accuracy: 6.67

round  2, metrics=<sparse_categorical_accuracy=0.125,loss=2.287811756134033>
4.3661 seconds
Tested. Sparse categorical accuracy: 15.00

round  3, metrics=<sparse_categorical_accuracy=0.14666666090488434,loss=2.265936851501465>
4.2343 seconds
Tested. Sparse categorical accuracy: 33.33

round  4, metrics=<sparse_categorical_accuracy=0.21066667139530182,loss=2.2168807983398438>
4.3334 seconds
Tested. Sparse categorical accuracy: 38.33

round  5, metrics=<sparse_categorical_accuracy=0.3190000057220459,loss=2.137650966644287>
4.4324 seconds
Tested. Sparse categorical accuracy: 45.00

round  6, metrics=<sparse_categorical_accuracy=0.3569999933242798,loss=2.194894313812256>
4.9358 seconds
Tested. Sparse categorical accuracy: 41.67

round  7, metrics=<sparse_categorical_accuracy=0.37933334708213806,loss=1.9136812686920166>
4.1256 seconds
Tested. Sparse categorical accuracy: 81.67

round  8, metrics=<sparse_categorical_accuracy=0.39100000262260437,loss=2.4953975677490234>
4.4576 seconds
Tested. Sparse categorical accuracy: 15.00

round  9, metrics=<sparse_categorical_accuracy=0.19300000369548798,loss=2.2199127674102783>
4.3290 seconds
Tested. Sparse categorical accuracy: 40.00

round 10, metrics=<sparse_categorical_accuracy=0.4346666634082794,loss=1.9183038473129272>
4.3179 seconds
Tested. Sparse categorical accuracy: 55.00

round 11, metrics=<sparse_categorical_accuracy=0.4740000069141388,loss=1.9599202871322632>
4.0492 seconds
Tested. Sparse categorical accuracy: 68.33

round 12, metrics=<sparse_categorical_accuracy=0.6086666584014893,loss=1.360579013824463>
4.2103 seconds
Tested. Sparse categorical accuracy: 71.67

12  rounds run
Average time per round: 4.00

2020-06-17 13:29:44.636733
