
TENSORFLOW USERS:
You must use the python3.6-anaconda/5.2.0 module to run TensorFlow.
See https://arc-ts.umich.edu/greatlakes/software/tensorflow for more
information.



The following have been reloaded with a version change:
  1) cuda/10.0.130 => cuda/10.1.105


Currently Loaded Modules:
  1) python3.7-anaconda/2019.07   2) cudnn/10.0-v7.6   3) cuda/10.1.105

 

mkdir: cannot create directory ‘results/7867495’: File exists
mkdir: cannot create directory ‘results/7867495/log’: File exists
Test  286
2020-06-17 13:12:43.232036


Schema 1: Each client partially IID
--------------------------------------------------
percent data distributed IID:  80
number of classes for non-IID data:  2
data points per client (mean, std dev): ( 600 ,  0 )
--------------------------------------------------
round  1, metrics=<sparse_categorical_accuracy=0.125,loss=2.3016300201416016>
3.6952 seconds
Tested. Sparse categorical accuracy: 10.00

round  2, metrics=<sparse_categorical_accuracy=0.12566666305065155,loss=2.2884485721588135>
3.6931 seconds
Tested. Sparse categorical accuracy: 10.00

round  3, metrics=<sparse_categorical_accuracy=0.14633333683013916,loss=2.291844129562378>
3.5747 seconds
Tested. Sparse categorical accuracy: 18.33

round  4, metrics=<sparse_categorical_accuracy=0.1483333259820938,loss=2.2605783939361572>
3.5817 seconds
Tested. Sparse categorical accuracy: 11.67

round  5, metrics=<sparse_categorical_accuracy=0.17166666686534882,loss=2.2122244834899902>
3.7565 seconds
Tested. Sparse categorical accuracy: 33.33

round  6, metrics=<sparse_categorical_accuracy=0.2736666798591614,loss=2.102978467941284>
3.4939 seconds
Tested. Sparse categorical accuracy: 70.00

round  7, metrics=<sparse_categorical_accuracy=0.3479999899864197,loss=2.2959208488464355>
3.6488 seconds
Tested. Sparse categorical accuracy: 21.67

round  8, metrics=<sparse_categorical_accuracy=0.3199999928474426,loss=2.072835683822632>
3.5926 seconds
Tested. Sparse categorical accuracy: 60.00

round  9, metrics=<sparse_categorical_accuracy=0.49166667461395264,loss=1.93458890914917>
3.5991 seconds
Tested. Sparse categorical accuracy: 60.00

round 10, metrics=<sparse_categorical_accuracy=0.5653333067893982,loss=1.6259196996688843>
3.6749 seconds
Tested. Sparse categorical accuracy: 51.67

round 11, metrics=<sparse_categorical_accuracy=0.6320000290870667,loss=1.2555056810379028>
3.6237 seconds
Tested. Sparse categorical accuracy: 75.00

round 12, metrics=<sparse_categorical_accuracy=0.6926666498184204,loss=1.116519570350647>
3.5034 seconds
Tested. Sparse categorical accuracy: 81.67

12  rounds run
Average time per round: 3.00

2020-06-17 13:13:35.152815
