
TENSORFLOW USERS:
You must use the python3.6-anaconda/5.2.0 module to run TensorFlow.
See https://arc-ts.umich.edu/greatlakes/software/tensorflow for more
information.



The following have been reloaded with a version change:
  1) cuda/10.0.130 => cuda/10.1.105


Currently Loaded Modules:
  1) python3.7-anaconda/2019.07   2) cudnn/10.0-v7.6   3) cuda/10.1.105

 

mkdir: cannot create directory ‘results/7867495’: File exists
mkdir: cannot create directory ‘results/7867495/log’: File exists
Test  211
2020-06-17 13:06:37.889066


Schema 1: Each client partially IID
--------------------------------------------------
percent data distributed IID:  80
number of classes for non-IID data:  2
data points per client (mean, std dev): ( 600 ,  0 )
--------------------------------------------------
round  1, metrics=<sparse_categorical_accuracy=0.08266666531562805,loss=2.304562568664551>
3.6984 seconds
Tested. Sparse categorical accuracy: 5.00

round  2, metrics=<sparse_categorical_accuracy=0.12266666442155838,loss=2.291076898574829>
4.0046 seconds
Tested. Sparse categorical accuracy: 15.00

round  3, metrics=<sparse_categorical_accuracy=0.11866666376590729,loss=2.2853760719299316>
3.8537 seconds
Tested. Sparse categorical accuracy: 16.67

round  4, metrics=<sparse_categorical_accuracy=0.18799999356269836,loss=2.2467939853668213>
3.7743 seconds
Tested. Sparse categorical accuracy: 30.00

round  5, metrics=<sparse_categorical_accuracy=0.16699999570846558,loss=2.170302152633667>
3.6635 seconds
Tested. Sparse categorical accuracy: 65.00

round  6, metrics=<sparse_categorical_accuracy=0.3779999911785126,loss=2.268097400665283>
3.5840 seconds
Tested. Sparse categorical accuracy: 41.67

round  7, metrics=<sparse_categorical_accuracy=0.4193333387374878,loss=2.120043992996216>
3.8506 seconds
Tested. Sparse categorical accuracy: 66.67

round  8, metrics=<sparse_categorical_accuracy=0.4463333189487457,loss=2.4254379272460938>
3.9903 seconds
Tested. Sparse categorical accuracy: 15.00

round  9, metrics=<sparse_categorical_accuracy=0.2029999941587448,loss=2.2468340396881104>
3.7497 seconds
Tested. Sparse categorical accuracy: 31.67

round 10, metrics=<sparse_categorical_accuracy=0.3529999852180481,loss=2.046377420425415>
3.8012 seconds
Tested. Sparse categorical accuracy: 41.67

round 11, metrics=<sparse_categorical_accuracy=0.45633333921432495,loss=1.812933087348938>
3.7714 seconds
Tested. Sparse categorical accuracy: 45.00

round 12, metrics=<sparse_categorical_accuracy=0.5483333468437195,loss=1.4781084060668945>
3.7101 seconds
Tested. Sparse categorical accuracy: 73.33

12  rounds run
Average time per round: 3.00

2020-06-17 13:07:31.926732
