
TENSORFLOW USERS:
You must use the python3.6-anaconda/5.2.0 module to run TensorFlow.
See https://arc-ts.umich.edu/greatlakes/software/tensorflow for more
information.



The following have been reloaded with a version change:
  1) cuda/10.0.130 => cuda/10.1.105


Currently Loaded Modules:
  1) python3.7-anaconda/2019.07   2) cudnn/10.0-v7.6   3) cuda/10.1.105

 

mkdir: cannot create directory ‘results/7867495’: File exists
mkdir: cannot create directory ‘results/7867495/log’: File exists
Test  278
2020-06-17 13:12:42.437598


Schema 1: Each client partially IID
--------------------------------------------------
percent data distributed IID:  80
number of classes for non-IID data:  2
data points per client (mean, std dev): ( 600 ,  0 )
--------------------------------------------------
round  1, metrics=<sparse_categorical_accuracy=0.164000004529953,loss=2.2670702934265137>
11.3420 seconds
Tested. Sparse categorical accuracy: 25.00

round  2, metrics=<sparse_categorical_accuracy=0.26588889956474304,loss=2.2215516567230225>
11.0966 seconds
Tested. Sparse categorical accuracy: 35.00

round  3, metrics=<sparse_categorical_accuracy=0.39011111855506897,loss=2.0219075679779053>
10.9273 seconds
Tested. Sparse categorical accuracy: 45.00

round  4, metrics=<sparse_categorical_accuracy=0.5644444227218628,loss=1.4625788927078247>
10.6990 seconds
Tested. Sparse categorical accuracy: 75.00

4  rounds run
Average time per round: 11.00

2020-06-17 13:13:34.406072
