
TENSORFLOW USERS:
You must use the python3.6-anaconda/5.2.0 module to run TensorFlow.
See https://arc-ts.umich.edu/greatlakes/software/tensorflow for more
information.



The following have been reloaded with a version change:
  1) cuda/10.0.130 => cuda/10.1.105


Currently Loaded Modules:
  1) python3.7-anaconda/2019.07   2) cudnn/10.0-v7.6   3) cuda/10.1.105

 

mkdir: cannot create directory ‘results/7867495’: File exists
mkdir: cannot create directory ‘results/7867495/log’: File exists
Test  272
2020-06-17 13:11:35.791622


Schema 1: Each client partially IID
--------------------------------------------------
percent data distributed IID:  80
number of classes for non-IID data:  2
data points per client (mean, std dev): ( 600 ,  0 )
--------------------------------------------------
round  1, metrics=<sparse_categorical_accuracy=0.14366666972637177,loss=2.2867915630340576>
6.9367 seconds
Tested. Sparse categorical accuracy: 20.00

round  2, metrics=<sparse_categorical_accuracy=0.15716665983200073,loss=2.2541472911834717>
6.7231 seconds
Tested. Sparse categorical accuracy: 13.33

round  3, metrics=<sparse_categorical_accuracy=0.2605000138282776,loss=2.181809663772583>
6.7071 seconds
Tested. Sparse categorical accuracy: 30.00

round  4, metrics=<sparse_categorical_accuracy=0.34066668152809143,loss=2.2161428928375244>
6.5434 seconds
Tested. Sparse categorical accuracy: 40.00

round  5, metrics=<sparse_categorical_accuracy=0.4386666715145111,loss=1.9187854528427124>
6.5999 seconds
Tested. Sparse categorical accuracy: 73.33

round  6, metrics=<sparse_categorical_accuracy=0.47216665744781494,loss=1.9587393999099731>
6.5736 seconds
Tested. Sparse categorical accuracy: 83.33

6  rounds run
Average time per round: 6.00

2020-06-17 13:12:23.750685
