
TENSORFLOW USERS:
You must use the python3.6-anaconda/5.2.0 module to run TensorFlow.
See https://arc-ts.umich.edu/greatlakes/software/tensorflow for more
information.



The following have been reloaded with a version change:
  1) cuda/10.0.130 => cuda/10.1.105


Currently Loaded Modules:
  1) python3.7-anaconda/2019.07   2) cudnn/10.0-v7.6   3) cuda/10.1.105

 

mkdir: cannot create directory ‘results/7867495’: File exists
mkdir: cannot create directory ‘results/7867495/log’: File exists
Test  396
2020-06-17 13:23:23.673089


Schema 1: Each client partially IID
--------------------------------------------------
percent data distributed IID:  80
number of classes for non-IID data:  2
data points per client (mean, std dev): ( 600 ,  0 )
--------------------------------------------------
round  1, metrics=<sparse_categorical_accuracy=0.0846666693687439,loss=2.303948163986206>
3.9226 seconds
Tested. Sparse categorical accuracy: 16.67

round  2, metrics=<sparse_categorical_accuracy=0.0860000029206276,loss=2.295590400695801>
3.8363 seconds
Tested. Sparse categorical accuracy: 16.67

round  3, metrics=<sparse_categorical_accuracy=0.15933333337306976,loss=2.278857946395874>
3.8842 seconds
Tested. Sparse categorical accuracy: 16.67

round  4, metrics=<sparse_categorical_accuracy=0.09666666388511658,loss=2.2648990154266357>
3.9447 seconds
Tested. Sparse categorical accuracy: 51.67

round  5, metrics=<sparse_categorical_accuracy=0.23899999260902405,loss=2.1913578510284424>
3.8760 seconds
Tested. Sparse categorical accuracy: 50.00

round  6, metrics=<sparse_categorical_accuracy=0.36666667461395264,loss=2.2277023792266846>
3.8195 seconds
Tested. Sparse categorical accuracy: 50.00

round  7, metrics=<sparse_categorical_accuracy=0.38333332538604736,loss=2.1414220333099365>
3.9513 seconds
Tested. Sparse categorical accuracy: 50.00

round  8, metrics=<sparse_categorical_accuracy=0.45766666531562805,loss=2.1647167205810547>
3.9192 seconds
Tested. Sparse categorical accuracy: 28.33

round  9, metrics=<sparse_categorical_accuracy=0.4113333225250244,loss=2.058947801589966>
3.8445 seconds
Tested. Sparse categorical accuracy: 46.67

round 10, metrics=<sparse_categorical_accuracy=0.5246666669845581,loss=1.5915782451629639>
3.7630 seconds
Tested. Sparse categorical accuracy: 61.67

round 11, metrics=<sparse_categorical_accuracy=0.6156666874885559,loss=1.3754568099975586>
3.6542 seconds
Tested. Sparse categorical accuracy: 51.67

round 12, metrics=<sparse_categorical_accuracy=0.6573333144187927,loss=1.0879077911376953>
3.9419 seconds
Tested. Sparse categorical accuracy: 81.67

12  rounds run
Average time per round: 3.00

2020-06-17 13:24:18.841160
