
TENSORFLOW USERS:
You must use the python3.6-anaconda/5.2.0 module to run TensorFlow.
See https://arc-ts.umich.edu/greatlakes/software/tensorflow for more
information.



The following have been reloaded with a version change:
  1) cuda/10.0.130 => cuda/10.1.105


Currently Loaded Modules:
  1) python3.7-anaconda/2019.07   2) cudnn/10.0-v7.6   3) cuda/10.1.105

 

mkdir: cannot create directory ‘results/7867495’: File exists
mkdir: cannot create directory ‘results/7867495/log’: File exists
Test  246
2020-06-17 13:09:21.986585


Schema 1: Each client partially IID
--------------------------------------------------
percent data distributed IID:  80
number of classes for non-IID data:  2
data points per client (mean, std dev): ( 600 ,  0 )
--------------------------------------------------
round  1, metrics=<sparse_categorical_accuracy=0.1106666699051857,loss=2.300715684890747>
3.6212 seconds
Tested. Sparse categorical accuracy: 8.33

round  2, metrics=<sparse_categorical_accuracy=0.10100000351667404,loss=2.2901461124420166>
3.6940 seconds
Tested. Sparse categorical accuracy: 26.67

round  3, metrics=<sparse_categorical_accuracy=0.22599999606609344,loss=2.272824287414551>
3.6606 seconds
Tested. Sparse categorical accuracy: 28.33

round  4, metrics=<sparse_categorical_accuracy=0.21199999749660492,loss=2.2421305179595947>
3.6243 seconds
Tested. Sparse categorical accuracy: 46.67

round  5, metrics=<sparse_categorical_accuracy=0.35766667127609253,loss=2.2041268348693848>
3.7072 seconds
Tested. Sparse categorical accuracy: 26.67

round  6, metrics=<sparse_categorical_accuracy=0.29899999499320984,loss=2.101679801940918>
3.6323 seconds
Tested. Sparse categorical accuracy: 28.33

round  7, metrics=<sparse_categorical_accuracy=0.35733333230018616,loss=2.4552605152130127>
3.6688 seconds
Tested. Sparse categorical accuracy: 25.00

round  8, metrics=<sparse_categorical_accuracy=0.23133333027362823,loss=2.2509710788726807>
3.6938 seconds
Tested. Sparse categorical accuracy: 21.67

round  9, metrics=<sparse_categorical_accuracy=0.23999999463558197,loss=2.13291335105896>
3.6069 seconds
Tested. Sparse categorical accuracy: 23.33

round 10, metrics=<sparse_categorical_accuracy=0.35466668009757996,loss=1.8825304508209229>
3.6614 seconds
Tested. Sparse categorical accuracy: 31.67

round 11, metrics=<sparse_categorical_accuracy=0.46533334255218506,loss=1.5927276611328125>
3.5994 seconds
Tested. Sparse categorical accuracy: 36.67

round 12, metrics=<sparse_categorical_accuracy=0.5903333425521851,loss=1.4930213689804077>
3.5538 seconds
Tested. Sparse categorical accuracy: 51.67

12  rounds run
Average time per round: 3.00

2020-06-17 13:10:14.069050
