
TENSORFLOW USERS:
You must use the python3.6-anaconda/5.2.0 module to run TensorFlow.
See https://arc-ts.umich.edu/greatlakes/software/tensorflow for more
information.



The following have been reloaded with a version change:
  1) cuda/10.0.130 => cuda/10.1.105


Currently Loaded Modules:
  1) python3.7-anaconda/2019.07   2) cudnn/10.0-v7.6   3) cuda/10.1.105

 

mkdir: cannot create directory ‘results/7867495’: File exists
mkdir: cannot create directory ‘results/7867495/log’: File exists
Test  316
2020-06-17 13:15:38.463493


Schema 1: Each client partially IID
--------------------------------------------------
percent data distributed IID:  80
number of classes for non-IID data:  2
data points per client (mean, std dev): ( 600 ,  0 )
--------------------------------------------------
round  1, metrics=<sparse_categorical_accuracy=0.10533333569765091,loss=2.3011717796325684>
3.6710 seconds
Tested. Sparse categorical accuracy: 20.00

round  2, metrics=<sparse_categorical_accuracy=0.08233333379030228,loss=2.29374361038208>
3.6267 seconds
Tested. Sparse categorical accuracy: 6.67

round  3, metrics=<sparse_categorical_accuracy=0.10533333569765091,loss=2.273407459259033>
3.6574 seconds
Tested. Sparse categorical accuracy: 30.00

round  4, metrics=<sparse_categorical_accuracy=0.23666666448116302,loss=2.2378249168395996>
3.6920 seconds
Tested. Sparse categorical accuracy: 36.67

round  5, metrics=<sparse_categorical_accuracy=0.25833332538604736,loss=2.1813621520996094>
3.6447 seconds
Tested. Sparse categorical accuracy: 30.00

round  6, metrics=<sparse_categorical_accuracy=0.38066667318344116,loss=2.241379499435425>
3.5631 seconds
Tested. Sparse categorical accuracy: 11.67

round  7, metrics=<sparse_categorical_accuracy=0.22833333909511566,loss=2.1587135791778564>
3.6898 seconds
Tested. Sparse categorical accuracy: 33.33

round  8, metrics=<sparse_categorical_accuracy=0.42100000381469727,loss=1.9840019941329956>
3.6414 seconds
Tested. Sparse categorical accuracy: 68.33

round  9, metrics=<sparse_categorical_accuracy=0.5443333387374878,loss=1.6992417573928833>
3.5554 seconds
Tested. Sparse categorical accuracy: 58.33

round 10, metrics=<sparse_categorical_accuracy=0.5950000286102295,loss=1.4575927257537842>
3.6396 seconds
Tested. Sparse categorical accuracy: 73.33

round 11, metrics=<sparse_categorical_accuracy=0.6909999847412109,loss=1.1160808801651>
3.6455 seconds
Tested. Sparse categorical accuracy: 85.00

round 12, metrics=<sparse_categorical_accuracy=0.7873333096504211,loss=0.7762941122055054>
3.4740 seconds
Tested. Sparse categorical accuracy: 75.00

12  rounds run
Average time per round: 3.00

2020-06-17 13:16:30.565994
