
TENSORFLOW USERS:
You must use the python3.6-anaconda/5.2.0 module to run TensorFlow.
See https://arc-ts.umich.edu/greatlakes/software/tensorflow for more
information.



The following have been reloaded with a version change:
  1) cuda/10.0.130 => cuda/10.1.105


Currently Loaded Modules:
  1) python3.7-anaconda/2019.07   2) cudnn/10.0-v7.6   3) cuda/10.1.105

 

mkdir: cannot create directory ‘results/7867495’: File exists
mkdir: cannot create directory ‘results/7867495/log’: File exists
Test  283
2020-06-17 13:12:43.232099


Schema 1: Each client partially IID
--------------------------------------------------
percent data distributed IID:  80
number of classes for non-IID data:  2
data points per client (mean, std dev): ( 600 ,  0 )
--------------------------------------------------
round  1, metrics=<sparse_categorical_accuracy=0.16699999570846558,loss=2.279653310775757>
11.4267 seconds
Tested. Sparse categorical accuracy: 35.00

round  2, metrics=<sparse_categorical_accuracy=0.25788888335227966,loss=2.2452802658081055>
10.4090 seconds
Tested. Sparse categorical accuracy: 40.00

round  3, metrics=<sparse_categorical_accuracy=0.32899999618530273,loss=2.1668474674224854>
9.9504 seconds
Tested. Sparse categorical accuracy: 75.00

round  4, metrics=<sparse_categorical_accuracy=0.5073333382606506,loss=1.7268401384353638>
10.0585 seconds
Tested. Sparse categorical accuracy: 55.00

4  rounds run
Average time per round: 10.00

2020-06-17 13:13:32.757791
