
TENSORFLOW USERS:
You must use the python3.6-anaconda/5.2.0 module to run TensorFlow.
See https://arc-ts.umich.edu/greatlakes/software/tensorflow for more
information.



The following have been reloaded with a version change:
  1) cuda/10.0.130 => cuda/10.1.105


Currently Loaded Modules:
  1) python3.7-anaconda/2019.07   2) cudnn/10.0-v7.6   3) cuda/10.1.105

 

mkdir: cannot create directory ‘results/7867495’: File exists
mkdir: cannot create directory ‘results/7867495/log’: File exists
Test  192
2020-06-17 13:04:33.981113


Schema 1: Each client partially IID
--------------------------------------------------
percent data distributed IID:  80
number of classes for non-IID data:  2
data points per client (mean, std dev): ( 600 ,  0 )
--------------------------------------------------
round  1, metrics=<sparse_categorical_accuracy=0.14233332872390747,loss=2.288632392883301>
6.7261 seconds
Tested. Sparse categorical accuracy: 30.00

round  2, metrics=<sparse_categorical_accuracy=0.19766665995121002,loss=2.252758026123047>
6.4799 seconds
Tested. Sparse categorical accuracy: 16.67

round  3, metrics=<sparse_categorical_accuracy=0.24400000274181366,loss=2.314985752105713>
6.8108 seconds
Tested. Sparse categorical accuracy: 16.67

round  4, metrics=<sparse_categorical_accuracy=0.226500004529953,loss=2.2043049335479736>
6.3092 seconds
Tested. Sparse categorical accuracy: 56.67

round  5, metrics=<sparse_categorical_accuracy=0.4321666657924652,loss=2.0837528705596924>
6.4347 seconds
Tested. Sparse categorical accuracy: 50.00

round  6, metrics=<sparse_categorical_accuracy=0.5370000004768372,loss=1.7504664659500122>
6.4066 seconds
Tested. Sparse categorical accuracy: 63.33

6  rounds run
Average time per round: 6.00

2020-06-17 13:05:20.770880
