
TENSORFLOW USERS:
You must use the python3.6-anaconda/5.2.0 module to run TensorFlow.
See https://arc-ts.umich.edu/greatlakes/software/tensorflow for more
information.



The following have been reloaded with a version change:
  1) cuda/10.0.130 => cuda/10.1.105


Currently Loaded Modules:
  1) python3.7-anaconda/2019.07   2) cudnn/10.0-v7.6   3) cuda/10.1.105

 

mkdir: cannot create directory ‘results/7867495’: File exists
mkdir: cannot create directory ‘results/7867495/log’: File exists
Test  402
2020-06-17 13:23:46.971562


Schema 1: Each client partially IID
--------------------------------------------------
percent data distributed IID:  80
number of classes for non-IID data:  2
data points per client (mean, std dev): ( 600 ,  0 )
--------------------------------------------------
round  1, metrics=<sparse_categorical_accuracy=0.11400000005960464,loss=2.289154052734375>
7.0984 seconds
Tested. Sparse categorical accuracy: 26.67

round  2, metrics=<sparse_categorical_accuracy=0.1615000069141388,loss=2.259228229522705>
6.7469 seconds
Tested. Sparse categorical accuracy: 36.67

round  3, metrics=<sparse_categorical_accuracy=0.28033334016799927,loss=2.160064458847046>
6.8892 seconds
Tested. Sparse categorical accuracy: 63.33

round  4, metrics=<sparse_categorical_accuracy=0.3059999942779541,loss=2.4443531036376953>
6.7420 seconds
Tested. Sparse categorical accuracy: 23.33

round  5, metrics=<sparse_categorical_accuracy=0.2488333284854889,loss=2.2003304958343506>
7.2830 seconds
Tested. Sparse categorical accuracy: 36.67

round  6, metrics=<sparse_categorical_accuracy=0.3388333320617676,loss=1.9319915771484375>
6.9326 seconds
Tested. Sparse categorical accuracy: 56.67

6  rounds run
Average time per round: 6.00

2020-06-17 13:24:36.447533
