
TENSORFLOW USERS:
You must use the python3.6-anaconda/5.2.0 module to run TensorFlow.
See https://arc-ts.umich.edu/greatlakes/software/tensorflow for more
information.



The following have been reloaded with a version change:
  1) cuda/10.0.130 => cuda/10.1.105


Currently Loaded Modules:
  1) python3.7-anaconda/2019.07   2) cudnn/10.0-v7.6   3) cuda/10.1.105

 

mkdir: cannot create directory ‘results/7867495’: File exists
mkdir: cannot create directory ‘results/7867495/log’: File exists
Test  195
2020-06-17 13:04:39.782736


Schema 1: Each client partially IID
--------------------------------------------------
percent data distributed IID:  80
number of classes for non-IID data:  2
data points per client (mean, std dev): ( 600 ,  0 )
--------------------------------------------------
round  1, metrics=<sparse_categorical_accuracy=0.2290000021457672,loss=2.2108027935028076>
23.1633 seconds
Tested. Sparse categorical accuracy: 60.00

round  2, metrics=<sparse_categorical_accuracy=0.441777765750885,loss=1.8670055866241455>
20.5654 seconds
Tested. Sparse categorical accuracy: 50.00

2  rounds run
Average time per round: 21.00

2020-06-17 13:05:30.755096
