
TENSORFLOW USERS:
You must use the python3.6-anaconda/5.2.0 module to run TensorFlow.
See https://arc-ts.umich.edu/greatlakes/software/tensorflow for more
information.



The following have been reloaded with a version change:
  1) cuda/10.0.130 => cuda/10.1.105


Currently Loaded Modules:
  1) python3.7-anaconda/2019.07   2) cudnn/10.0-v7.6   3) cuda/10.1.105

 

mkdir: cannot create directory ‘results/7867495’: File exists
mkdir: cannot create directory ‘results/7867495/log’: File exists
Test  222
2020-06-17 13:07:33.878073


Schema 1: Each client partially IID
--------------------------------------------------
percent data distributed IID:  80
number of classes for non-IID data:  2
data points per client (mean, std dev): ( 600 ,  0 )
--------------------------------------------------
round  1, metrics=<sparse_categorical_accuracy=0.09683333337306976,loss=2.281825065612793>
7.2975 seconds
Tested. Sparse categorical accuracy: 20.00

round  2, metrics=<sparse_categorical_accuracy=0.13349999487400055,loss=2.248795509338379>
7.4369 seconds
Tested. Sparse categorical accuracy: 50.00

round  3, metrics=<sparse_categorical_accuracy=0.3319999873638153,loss=2.1497550010681152>
7.3719 seconds
Tested. Sparse categorical accuracy: 50.00

round  4, metrics=<sparse_categorical_accuracy=0.42283332347869873,loss=2.149707794189453>
7.0825 seconds
Tested. Sparse categorical accuracy: 46.67

round  5, metrics=<sparse_categorical_accuracy=0.48133334517478943,loss=1.7424814701080322>
6.9832 seconds
Tested. Sparse categorical accuracy: 66.67

round  6, metrics=<sparse_categorical_accuracy=0.6825000047683716,loss=1.1232147216796875>
7.6753 seconds
Tested. Sparse categorical accuracy: 66.67

6  rounds run
Average time per round: 7.00

2020-06-17 13:08:26.489043
