
TENSORFLOW USERS:
You must use the python3.6-anaconda/5.2.0 module to run TensorFlow.
See https://arc-ts.umich.edu/greatlakes/software/tensorflow for more
information.



The following have been reloaded with a version change:
  1) cuda/10.0.130 => cuda/10.1.105


Currently Loaded Modules:
  1) python3.7-anaconda/2019.07   2) cudnn/10.0-v7.6   3) cuda/10.1.105

 

mkdir: cannot create directory ‘results/7867495’: File exists
mkdir: cannot create directory ‘results/7867495/log’: File exists
Test  446
2020-06-17 13:27:44.989630


Schema 1: Each client partially IID
--------------------------------------------------
percent data distributed IID:  80
number of classes for non-IID data:  2
data points per client (mean, std dev): ( 600 ,  0 )
--------------------------------------------------
round  1, metrics=<sparse_categorical_accuracy=0.11400000005960464,loss=2.3049793243408203>
3.8781 seconds
Tested. Sparse categorical accuracy: 10.00

round  2, metrics=<sparse_categorical_accuracy=0.12433333694934845,loss=2.2906110286712646>
4.0036 seconds
Tested. Sparse categorical accuracy: 23.33

round  3, metrics=<sparse_categorical_accuracy=0.10866666585206985,loss=2.2733330726623535>
4.3988 seconds
Tested. Sparse categorical accuracy: 23.33

round  4, metrics=<sparse_categorical_accuracy=0.19033333659172058,loss=2.239011287689209>
4.4716 seconds
Tested. Sparse categorical accuracy: 25.00

round  5, metrics=<sparse_categorical_accuracy=0.20333333313465118,loss=2.1608595848083496>
3.9221 seconds
Tested. Sparse categorical accuracy: 46.67

round  6, metrics=<sparse_categorical_accuracy=0.31033334136009216,loss=2.154282808303833>
4.2729 seconds
Tested. Sparse categorical accuracy: 38.33

round  7, metrics=<sparse_categorical_accuracy=0.4046666622161865,loss=1.849899411201477>
4.6606 seconds
Tested. Sparse categorical accuracy: 66.67

round  8, metrics=<sparse_categorical_accuracy=0.2943333387374878,loss=2.4780328273773193>
4.5053 seconds
Tested. Sparse categorical accuracy: 33.33

round  9, metrics=<sparse_categorical_accuracy=0.41066667437553406,loss=1.9453458786010742>
4.4376 seconds
Tested. Sparse categorical accuracy: 55.00

round 10, metrics=<sparse_categorical_accuracy=0.41866666078567505,loss=1.7824797630310059>
4.3443 seconds
Tested. Sparse categorical accuracy: 51.67

round 11, metrics=<sparse_categorical_accuracy=0.5203333497047424,loss=1.5429378747940063>
4.1323 seconds
Tested. Sparse categorical accuracy: 81.67

round 12, metrics=<sparse_categorical_accuracy=0.6359999775886536,loss=1.238756537437439>
4.1589 seconds
Tested. Sparse categorical accuracy: 78.33

12  rounds run
Average time per round: 4.00

2020-06-17 13:28:44.864828
