
TENSORFLOW USERS:
You must use the python3.6-anaconda/5.2.0 module to run TensorFlow.
See https://arc-ts.umich.edu/greatlakes/software/tensorflow for more
information.



The following have been reloaded with a version change:
  1) cuda/10.0.130 => cuda/10.1.105


Currently Loaded Modules:
  1) python3.7-anaconda/2019.07   2) cudnn/10.0-v7.6   3) cuda/10.1.105

 

mkdir: cannot create directory ‘results/7867495’: File exists
mkdir: cannot create directory ‘results/7867495/log’: File exists
Test  464
2020-06-17 13:29:45.311154


Schema 1: Each client partially IID
--------------------------------------------------
percent data distributed IID:  80
number of classes for non-IID data:  2
data points per client (mean, std dev): ( 600 ,  0 )
--------------------------------------------------
round  1, metrics=<sparse_categorical_accuracy=0.21983332931995392,loss=2.2391772270202637>
16.3845 seconds
Tested. Sparse categorical accuracy: 53.33

round  2, metrics=<sparse_categorical_accuracy=0.3582499921321869,loss=2.133557081222534>
13.8553 seconds
Tested. Sparse categorical accuracy: 60.00

round  3, metrics=<sparse_categorical_accuracy=0.5428333282470703,loss=1.5901458263397217>
13.5798 seconds
Tested. Sparse categorical accuracy: 66.67

3  rounds run
Average time per round: 14.00

2020-06-17 13:30:36.958739
