
TENSORFLOW USERS:
You must use the python3.6-anaconda/5.2.0 module to run TensorFlow.
See https://arc-ts.umich.edu/greatlakes/software/tensorflow for more
information.



The following have been reloaded with a version change:
  1) cuda/10.0.130 => cuda/10.1.105


Currently Loaded Modules:
  1) python3.7-anaconda/2019.07   2) cudnn/10.0-v7.6   3) cuda/10.1.105

 

mkdir: cannot create directory ‘results/7867495’: File exists
mkdir: cannot create directory ‘results/7867495/log’: File exists
Test  361
2020-06-17 13:20:03.914860


Schema 1: Each client partially IID
--------------------------------------------------
percent data distributed IID:  80
number of classes for non-IID data:  2
data points per client (mean, std dev): ( 600 ,  0 )
--------------------------------------------------
round  1, metrics=<sparse_categorical_accuracy=0.10066666454076767,loss=2.306281805038452>
3.8722 seconds
Tested. Sparse categorical accuracy: 8.33

round  2, metrics=<sparse_categorical_accuracy=0.09666666388511658,loss=2.2983264923095703>
3.9302 seconds
Tested. Sparse categorical accuracy: 16.67

round  3, metrics=<sparse_categorical_accuracy=0.11400000005960464,loss=2.2893550395965576>
3.6890 seconds
Tested. Sparse categorical accuracy: 30.00

round  4, metrics=<sparse_categorical_accuracy=0.18433333933353424,loss=2.252030849456787>
3.8108 seconds
Tested. Sparse categorical accuracy: 23.33

round  5, metrics=<sparse_categorical_accuracy=0.18266665935516357,loss=2.1949546337127686>
3.6764 seconds
Tested. Sparse categorical accuracy: 56.67

round  6, metrics=<sparse_categorical_accuracy=0.31833332777023315,loss=2.101066827774048>
3.5197 seconds
Tested. Sparse categorical accuracy: 56.67

round  7, metrics=<sparse_categorical_accuracy=0.40933331847190857,loss=2.1255855560302734>
3.5383 seconds
Tested. Sparse categorical accuracy: 50.00

round  8, metrics=<sparse_categorical_accuracy=0.47433334589004517,loss=1.916314959526062>
3.5392 seconds
Tested. Sparse categorical accuracy: 66.67

round  9, metrics=<sparse_categorical_accuracy=0.531333327293396,loss=1.6205947399139404>
3.4876 seconds
Tested. Sparse categorical accuracy: 85.00

round 10, metrics=<sparse_categorical_accuracy=0.5419999957084656,loss=1.7557158470153809>
3.5459 seconds
Tested. Sparse categorical accuracy: 71.67

round 11, metrics=<sparse_categorical_accuracy=0.6666666865348816,loss=1.0677971839904785>
3.5141 seconds
Tested. Sparse categorical accuracy: 93.33

round 12, metrics=<sparse_categorical_accuracy=0.6173333525657654,loss=1.4086476564407349>
3.4428 seconds
Tested. Sparse categorical accuracy: 80.00

12  rounds run
Average time per round: 3.00

2020-06-17 13:20:56.062600
