
TENSORFLOW USERS:
You must use the python3.6-anaconda/5.2.0 module to run TensorFlow.
See https://arc-ts.umich.edu/greatlakes/software/tensorflow for more
information.



The following have been reloaded with a version change:
  1) cuda/10.0.130 => cuda/10.1.105


Currently Loaded Modules:
  1) python3.7-anaconda/2019.07   2) cudnn/10.0-v7.6   3) cuda/10.1.105

 

mkdir: cannot create directory ‘results/7867495’: File exists
mkdir: cannot create directory ‘results/7867495/log’: File exists
Test  317
2020-06-17 13:16:03.684544


Schema 1: Each client partially IID
--------------------------------------------------
percent data distributed IID:  80
number of classes for non-IID data:  2
data points per client (mean, std dev): ( 600 ,  0 )
--------------------------------------------------
round  1, metrics=<sparse_categorical_accuracy=0.13766667246818542,loss=2.28263783454895>
7.1611 seconds
Tested. Sparse categorical accuracy: 23.33

round  2, metrics=<sparse_categorical_accuracy=0.17299999296665192,loss=2.2390620708465576>
7.5427 seconds
Tested. Sparse categorical accuracy: 36.67

round  3, metrics=<sparse_categorical_accuracy=0.2750000059604645,loss=2.2682247161865234>
7.0047 seconds
Tested. Sparse categorical accuracy: 20.00

round  4, metrics=<sparse_categorical_accuracy=0.37533333897590637,loss=2.0348188877105713>
6.9799 seconds
Tested. Sparse categorical accuracy: 53.33

round  5, metrics=<sparse_categorical_accuracy=0.4034999907016754,loss=2.035782814025879>
7.0010 seconds
Tested. Sparse categorical accuracy: 40.00

round  6, metrics=<sparse_categorical_accuracy=0.5871666669845581,loss=1.5214548110961914>
7.4455 seconds
Tested. Sparse categorical accuracy: 73.33

6  rounds run
Average time per round: 7.00

2020-06-17 13:16:54.645745
