
TENSORFLOW USERS:
You must use the python3.6-anaconda/5.2.0 module to run TensorFlow.
See https://arc-ts.umich.edu/greatlakes/software/tensorflow for more
information.



The following have been reloaded with a version change:
  1) cuda/10.0.130 => cuda/10.1.105


Currently Loaded Modules:
  1) python3.7-anaconda/2019.07   2) cudnn/10.0-v7.6   3) cuda/10.1.105

 

mkdir: cannot create directory ‘results/7867495’: File exists
mkdir: cannot create directory ‘results/7867495/log’: File exists
Test  31
2020-06-17 12:49:54.593978


Schema 1: Each client partially IID
--------------------------------------------------
percent data distributed IID:  80
number of classes for non-IID data:  2
data points per client (mean, std dev): ( 600 ,  0 )
--------------------------------------------------
round  1, metrics=<sparse_categorical_accuracy=0.07366666942834854,loss=2.3061280250549316>
3.6736 seconds
Tested. Sparse categorical accuracy: 10.00

round  2, metrics=<sparse_categorical_accuracy=0.10866666585206985,loss=2.295750617980957>
3.6862 seconds
Tested. Sparse categorical accuracy: 15.00

round  3, metrics=<sparse_categorical_accuracy=0.1340000033378601,loss=2.290459632873535>
3.8522 seconds
Tested. Sparse categorical accuracy: 13.33

round  4, metrics=<sparse_categorical_accuracy=0.10366666316986084,loss=2.2742347717285156>
3.9258 seconds
Tested. Sparse categorical accuracy: 21.67

round  5, metrics=<sparse_categorical_accuracy=0.12533333897590637,loss=2.2443394660949707>
3.9962 seconds
Tested. Sparse categorical accuracy: 36.67

round  6, metrics=<sparse_categorical_accuracy=0.20900000631809235,loss=2.1641266345977783>
3.6674 seconds
Tested. Sparse categorical accuracy: 31.67

round  7, metrics=<sparse_categorical_accuracy=0.29600000381469727,loss=2.3196449279785156>
3.6971 seconds
Tested. Sparse categorical accuracy: 10.00

round  8, metrics=<sparse_categorical_accuracy=0.1706666648387909,loss=2.2439370155334473>
3.7157 seconds
Tested. Sparse categorical accuracy: 20.00

round  9, metrics=<sparse_categorical_accuracy=0.2879999876022339,loss=2.0982933044433594>
3.8272 seconds
Tested. Sparse categorical accuracy: 58.33

round 10, metrics=<sparse_categorical_accuracy=0.406333327293396,loss=1.9178082942962646>
3.6726 seconds
Tested. Sparse categorical accuracy: 68.33

round 11, metrics=<sparse_categorical_accuracy=0.5453333258628845,loss=1.497841477394104>
3.7679 seconds
Tested. Sparse categorical accuracy: 66.67

round 12, metrics=<sparse_categorical_accuracy=0.531333327293396,loss=1.7338026762008667>
3.4967 seconds
Tested. Sparse categorical accuracy: 66.67

12  rounds run
Average time per round: 3.00

2020-06-17 12:50:48.453403
