
TENSORFLOW USERS:
You must use the python3.6-anaconda/5.2.0 module to run TensorFlow.
See https://arc-ts.umich.edu/greatlakes/software/tensorflow for more
information.



The following have been reloaded with a version change:
  1) cuda/10.0.130 => cuda/10.1.105


Currently Loaded Modules:
  1) python3.7-anaconda/2019.07   2) cudnn/10.0-v7.6   3) cuda/10.1.105

 

mkdir: cannot create directory ‘results/7867495’: File exists
mkdir: cannot create directory ‘results/7867495/log’: File exists
Test  251
2020-06-17 13:09:35.382174


Schema 1: Each client partially IID
--------------------------------------------------
percent data distributed IID:  80
number of classes for non-IID data:  2
data points per client (mean, std dev): ( 600 ,  0 )
--------------------------------------------------
round  1, metrics=<sparse_categorical_accuracy=0.12033333629369736,loss=2.303589105606079>
4.9893 seconds
Tested. Sparse categorical accuracy: 8.33

round  2, metrics=<sparse_categorical_accuracy=0.07366666942834854,loss=2.2952353954315186>
5.0729 seconds
Tested. Sparse categorical accuracy: 13.33

round  3, metrics=<sparse_categorical_accuracy=0.09133332967758179,loss=2.289731025695801>
4.8491 seconds
Tested. Sparse categorical accuracy: 25.00

round  4, metrics=<sparse_categorical_accuracy=0.10366666316986084,loss=2.2712433338165283>
5.0860 seconds
Tested. Sparse categorical accuracy: 13.33

round  5, metrics=<sparse_categorical_accuracy=0.15133333206176758,loss=2.2233877182006836>
4.3214 seconds
Tested. Sparse categorical accuracy: 38.33

round  6, metrics=<sparse_categorical_accuracy=0.312333345413208,loss=2.2609646320343018>
4.5670 seconds
Tested. Sparse categorical accuracy: 25.00

round  7, metrics=<sparse_categorical_accuracy=0.24033333361148834,loss=2.191883087158203>
4.9115 seconds
Tested. Sparse categorical accuracy: 50.00

round  8, metrics=<sparse_categorical_accuracy=0.3779999911785126,loss=2.294097423553467>
4.7955 seconds
Tested. Sparse categorical accuracy: 41.67

round  9, metrics=<sparse_categorical_accuracy=0.3973333239555359,loss=2.169295072555542>
4.6773 seconds
Tested. Sparse categorical accuracy: 58.33

round 10, metrics=<sparse_categorical_accuracy=0.43666666746139526,loss=2.0126848220825195>
4.9688 seconds
Tested. Sparse categorical accuracy: 45.00

round 11, metrics=<sparse_categorical_accuracy=0.4363333284854889,loss=1.6838388442993164>
4.9733 seconds
Tested. Sparse categorical accuracy: 75.00

round 12, metrics=<sparse_categorical_accuracy=0.6426666378974915,loss=1.4769363403320312>
4.9054 seconds
Tested. Sparse categorical accuracy: 71.67

12  rounds run
Average time per round: 4.00

2020-06-17 13:10:43.420991
