
TENSORFLOW USERS:
You must use the python3.6-anaconda/5.2.0 module to run TensorFlow.
See https://arc-ts.umich.edu/greatlakes/software/tensorflow for more
information.



The following have been reloaded with a version change:
  1) cuda/10.0.130 => cuda/10.1.105


Currently Loaded Modules:
  1) python3.7-anaconda/2019.07   2) cudnn/10.0-v7.6   3) cuda/10.1.105

 

mkdir: cannot create directory ‘results/7867495’: File exists
mkdir: cannot create directory ‘results/7867495/log’: File exists
Test  132
2020-06-17 12:59:18.245743


Schema 1: Each client partially IID
--------------------------------------------------
percent data distributed IID:  80
number of classes for non-IID data:  2
data points per client (mean, std dev): ( 600 ,  0 )
--------------------------------------------------
round  1, metrics=<sparse_categorical_accuracy=0.1301666647195816,loss=2.2881758213043213>
7.2215 seconds
Tested. Sparse categorical accuracy: 3.33

round  2, metrics=<sparse_categorical_accuracy=0.14366666972637177,loss=2.257949113845825>
6.7438 seconds
Tested. Sparse categorical accuracy: 40.00

round  3, metrics=<sparse_categorical_accuracy=0.2551666796207428,loss=2.261353015899658>
6.8405 seconds
Tested. Sparse categorical accuracy: 36.67

round  4, metrics=<sparse_categorical_accuracy=0.3605000078678131,loss=2.1181557178497314>
6.8351 seconds
Tested. Sparse categorical accuracy: 53.33

round  5, metrics=<sparse_categorical_accuracy=0.43299999833106995,loss=2.0376882553100586>
6.7618 seconds
Tested. Sparse categorical accuracy: 56.67

round  6, metrics=<sparse_categorical_accuracy=0.621999979019165,loss=1.4114762544631958>
6.9244 seconds
Tested. Sparse categorical accuracy: 73.33

6  rounds run
Average time per round: 6.00

2020-06-17 13:00:07.624194
