
TENSORFLOW USERS:
You must use the python3.6-anaconda/5.2.0 module to run TensorFlow.
See https://arc-ts.umich.edu/greatlakes/software/tensorflow for more
information.



The following have been reloaded with a version change:
  1) cuda/10.0.130 => cuda/10.1.105


Currently Loaded Modules:
  1) python3.7-anaconda/2019.07   2) cudnn/10.0-v7.6   3) cuda/10.1.105

 

mkdir: cannot create directory ‘results/7867495’: File exists
mkdir: cannot create directory ‘results/7867495/log’: File exists
Test  226
2020-06-17 13:07:33.969283


Schema 1: Each client partially IID
--------------------------------------------------
percent data distributed IID:  80
number of classes for non-IID data:  2
data points per client (mean, std dev): ( 600 ,  0 )
--------------------------------------------------
round  1, metrics=<sparse_categorical_accuracy=0.1066666692495346,loss=2.304048776626587>
3.6281 seconds
Tested. Sparse categorical accuracy: 16.67

round  2, metrics=<sparse_categorical_accuracy=0.10899999737739563,loss=2.2979724407196045>
3.7221 seconds
Tested. Sparse categorical accuracy: 28.33

round  3, metrics=<sparse_categorical_accuracy=0.12999999523162842,loss=2.2810232639312744>
3.6455 seconds
Tested. Sparse categorical accuracy: 10.00

round  4, metrics=<sparse_categorical_accuracy=0.16766667366027832,loss=2.2595531940460205>
3.6963 seconds
Tested. Sparse categorical accuracy: 36.67

round  5, metrics=<sparse_categorical_accuracy=0.21933333575725555,loss=2.18717098236084>
3.7296 seconds
Tested. Sparse categorical accuracy: 38.33

round  6, metrics=<sparse_categorical_accuracy=0.265666663646698,loss=2.100010871887207>
3.6093 seconds
Tested. Sparse categorical accuracy: 46.67

round  7, metrics=<sparse_categorical_accuracy=0.3513333201408386,loss=2.0663609504699707>
3.7624 seconds
Tested. Sparse categorical accuracy: 55.00

round  8, metrics=<sparse_categorical_accuracy=0.47699999809265137,loss=1.6826038360595703>
3.7119 seconds
Tested. Sparse categorical accuracy: 61.67

round  9, metrics=<sparse_categorical_accuracy=0.43166667222976685,loss=2.0924417972564697>
3.5534 seconds
Tested. Sparse categorical accuracy: 50.00

round 10, metrics=<sparse_categorical_accuracy=0.5716666579246521,loss=1.391323208808899>
3.6652 seconds
Tested. Sparse categorical accuracy: 61.67

round 11, metrics=<sparse_categorical_accuracy=0.5446666479110718,loss=1.9612970352172852>
3.7146 seconds
Tested. Sparse categorical accuracy: 53.33

round 12, metrics=<sparse_categorical_accuracy=0.5609999895095825,loss=1.4175208806991577>
3.5989 seconds
Tested. Sparse categorical accuracy: 80.00

12  rounds run
Average time per round: 3.00

2020-06-17 13:08:26.539254
