
TENSORFLOW USERS:
You must use the python3.6-anaconda/5.2.0 module to run TensorFlow.
See https://arc-ts.umich.edu/greatlakes/software/tensorflow for more
information.



The following have been reloaded with a version change:
  1) cuda/10.0.130 => cuda/10.1.105


Currently Loaded Modules:
  1) python3.7-anaconda/2019.07   2) cudnn/10.0-v7.6   3) cuda/10.1.105

 

mkdir: cannot create directory ‘results/7867495’: File exists
mkdir: cannot create directory ‘results/7867495/log’: File exists
Test  151
2020-06-17 13:01:18.143270


Schema 1: Each client partially IID
--------------------------------------------------
percent data distributed IID:  80
number of classes for non-IID data:  2
data points per client (mean, std dev): ( 600 ,  0 )
--------------------------------------------------
round  1, metrics=<sparse_categorical_accuracy=0.0963333323597908,loss=2.3004050254821777>
3.7060 seconds
Tested. Sparse categorical accuracy: 33.33

round  2, metrics=<sparse_categorical_accuracy=0.1616666615009308,loss=2.2870748043060303>
4.0769 seconds
Tested. Sparse categorical accuracy: 11.67

round  3, metrics=<sparse_categorical_accuracy=0.09566666930913925,loss=2.26302433013916>
3.7936 seconds
Tested. Sparse categorical accuracy: 13.33

round  4, metrics=<sparse_categorical_accuracy=0.15033333003520966,loss=2.206777334213257>
3.8728 seconds
Tested. Sparse categorical accuracy: 31.67

round  5, metrics=<sparse_categorical_accuracy=0.359333336353302,loss=2.148087501525879>
3.8960 seconds
Tested. Sparse categorical accuracy: 61.67

round  6, metrics=<sparse_categorical_accuracy=0.44600000977516174,loss=2.2412936687469482>
3.8175 seconds
Tested. Sparse categorical accuracy: 46.67

round  7, metrics=<sparse_categorical_accuracy=0.40166667103767395,loss=2.059278964996338>
3.6492 seconds
Tested. Sparse categorical accuracy: 41.67

round  8, metrics=<sparse_categorical_accuracy=0.4320000112056732,loss=1.9287033081054688>
3.9556 seconds
Tested. Sparse categorical accuracy: 55.00

round  9, metrics=<sparse_categorical_accuracy=0.5350000262260437,loss=1.6504062414169312>
3.8093 seconds
Tested. Sparse categorical accuracy: 71.67

round 10, metrics=<sparse_categorical_accuracy=0.6203333139419556,loss=1.458586573600769>
3.6385 seconds
Tested. Sparse categorical accuracy: 81.67

round 11, metrics=<sparse_categorical_accuracy=0.6836666464805603,loss=1.0839481353759766>
3.9617 seconds
Tested. Sparse categorical accuracy: 81.67

round 12, metrics=<sparse_categorical_accuracy=0.7689999938011169,loss=0.8358851075172424>
3.9774 seconds
Tested. Sparse categorical accuracy: 91.67

12  rounds run
Average time per round: 3.00

2020-06-17 13:02:12.940751
