
TENSORFLOW USERS:
You must use the python3.6-anaconda/5.2.0 module to run TensorFlow.
See https://arc-ts.umich.edu/greatlakes/software/tensorflow for more
information.



The following have been reloaded with a version change:
  1) cuda/10.0.130 => cuda/10.1.105


Currently Loaded Modules:
  1) python3.7-anaconda/2019.07   2) cudnn/10.0-v7.6   3) cuda/10.1.105

 

mkdir: cannot create directory ‘results/7867495’: File exists
mkdir: cannot create directory ‘results/7867495/log’: File exists
Test  186
2020-06-17 13:04:33.711221


Schema 1: Each client partially IID
--------------------------------------------------
percent data distributed IID:  80
number of classes for non-IID data:  2
data points per client (mean, std dev): ( 600 ,  0 )
--------------------------------------------------
round  1, metrics=<sparse_categorical_accuracy=0.08733333647251129,loss=2.3031301498413086>
3.8151 seconds
Tested. Sparse categorical accuracy: 6.67

round  2, metrics=<sparse_categorical_accuracy=0.10733333230018616,loss=2.2937116622924805>
3.7780 seconds
Tested. Sparse categorical accuracy: 5.00

round  3, metrics=<sparse_categorical_accuracy=0.11500000208616257,loss=2.2891461849212646>
3.7220 seconds
Tested. Sparse categorical accuracy: 1.67

round  4, metrics=<sparse_categorical_accuracy=0.11900000274181366,loss=2.271015167236328>
3.9123 seconds
Tested. Sparse categorical accuracy: 30.00

round  5, metrics=<sparse_categorical_accuracy=0.23000000417232513,loss=2.2148306369781494>
3.8827 seconds
Tested. Sparse categorical accuracy: 43.33

round  6, metrics=<sparse_categorical_accuracy=0.2983333468437195,loss=2.1567916870117188>
3.7214 seconds
Tested. Sparse categorical accuracy: 53.33

round  7, metrics=<sparse_categorical_accuracy=0.3903333246707916,loss=2.2318902015686035>
3.8771 seconds
Tested. Sparse categorical accuracy: 38.33

round  8, metrics=<sparse_categorical_accuracy=0.32766667008399963,loss=2.0226006507873535>
3.8414 seconds
Tested. Sparse categorical accuracy: 51.67

round  9, metrics=<sparse_categorical_accuracy=0.4333333373069763,loss=2.2411489486694336>
3.7157 seconds
Tested. Sparse categorical accuracy: 30.00

round 10, metrics=<sparse_categorical_accuracy=0.328000009059906,loss=1.9791018962860107>
3.9102 seconds
Tested. Sparse categorical accuracy: 53.33

round 11, metrics=<sparse_categorical_accuracy=0.5293333530426025,loss=1.8666132688522339>
3.8551 seconds
Tested. Sparse categorical accuracy: 61.67

round 12, metrics=<sparse_categorical_accuracy=0.5556666851043701,loss=1.4898017644882202>
3.8264 seconds
Tested. Sparse categorical accuracy: 83.33

12  rounds run
Average time per round: 3.00

2020-06-17 13:05:28.462332
