
TENSORFLOW USERS:
You must use the python3.6-anaconda/5.2.0 module to run TensorFlow.
See https://arc-ts.umich.edu/greatlakes/software/tensorflow for more
information.



The following have been reloaded with a version change:
  1) cuda/10.0.130 => cuda/10.1.105


Currently Loaded Modules:
  1) python3.7-anaconda/2019.07   2) cudnn/10.0-v7.6   3) cuda/10.1.105

 

mkdir: cannot create directory ‘results/7867495’: File exists
mkdir: cannot create directory ‘results/7867495/log’: File exists
Test  484
2020-06-17 13:31:43.895537


Schema 1: Each client partially IID
--------------------------------------------------
percent data distributed IID:  80
number of classes for non-IID data:  2
data points per client (mean, std dev): ( 600 ,  0 )
--------------------------------------------------
round  1, metrics=<sparse_categorical_accuracy=0.19316667318344116,loss=2.2455062866210938>
14.7709 seconds
Tested. Sparse categorical accuracy: 33.33

round  2, metrics=<sparse_categorical_accuracy=0.23225000500679016,loss=2.2716081142425537>
13.4814 seconds
Tested. Sparse categorical accuracy: 26.67

round  3, metrics=<sparse_categorical_accuracy=0.4110833406448364,loss=1.906862497329712>
13.8363 seconds
Tested. Sparse categorical accuracy: 66.67

3  rounds run
Average time per round: 14.00

2020-06-17 13:32:33.538144
