
TENSORFLOW USERS:
You must use the python3.6-anaconda/5.2.0 module to run TensorFlow.
See https://arc-ts.umich.edu/greatlakes/software/tensorflow for more
information.



The following have been reloaded with a version change:
  1) cuda/10.0.130 => cuda/10.1.105


Currently Loaded Modules:
  1) python3.7-anaconda/2019.07   2) cudnn/10.0-v7.6   3) cuda/10.1.105

 

mkdir: cannot create directory ‘results/7867495’: File exists
mkdir: cannot create directory ‘results/7867495/log’: File exists
Test  447
2020-06-17 13:27:45.668332


Schema 1: Each client partially IID
--------------------------------------------------
percent data distributed IID:  80
number of classes for non-IID data:  2
data points per client (mean, std dev): ( 600 ,  0 )
--------------------------------------------------
round  1, metrics=<sparse_categorical_accuracy=0.12833333015441895,loss=2.2876482009887695>
6.8729 seconds
Tested. Sparse categorical accuracy: 30.00

round  2, metrics=<sparse_categorical_accuracy=0.19300000369548798,loss=2.2505462169647217>
6.7657 seconds
Tested. Sparse categorical accuracy: 46.67

round  3, metrics=<sparse_categorical_accuracy=0.38350000977516174,loss=2.159061908721924>
6.8512 seconds
Tested. Sparse categorical accuracy: 63.33

round  4, metrics=<sparse_categorical_accuracy=0.4176666736602783,loss=2.1542515754699707>
6.4268 seconds
Tested. Sparse categorical accuracy: 53.33

round  5, metrics=<sparse_categorical_accuracy=0.5375000238418579,loss=1.858634114265442>
6.9046 seconds
Tested. Sparse categorical accuracy: 70.00

round  6, metrics=<sparse_categorical_accuracy=0.6666666865348816,loss=1.1679455041885376>
6.7168 seconds
Tested. Sparse categorical accuracy: 56.67

6  rounds run
Average time per round: 6.00

2020-06-17 13:28:33.828255
