
TENSORFLOW USERS:
You must use the python3.6-anaconda/5.2.0 module to run TensorFlow.
See https://arc-ts.umich.edu/greatlakes/software/tensorflow for more
information.



The following have been reloaded with a version change:
  1) cuda/10.0.130 => cuda/10.1.105


Currently Loaded Modules:
  1) python3.7-anaconda/2019.07   2) cudnn/10.0-v7.6   3) cuda/10.1.105

 

mkdir: cannot create directory ‘results/7867495’: File exists
mkdir: cannot create directory ‘results/7867495/log’: File exists
Test  412
2020-06-17 13:24:42.052111


Schema 1: Each client partially IID
--------------------------------------------------
percent data distributed IID:  80
number of classes for non-IID data:  2
data points per client (mean, std dev): ( 600 ,  0 )
--------------------------------------------------
round  1, metrics=<sparse_categorical_accuracy=0.14033333957195282,loss=2.2833428382873535>
6.9313 seconds
Tested. Sparse categorical accuracy: 10.00

round  2, metrics=<sparse_categorical_accuracy=0.19050000607967377,loss=2.2345657348632812>
6.5375 seconds
Tested. Sparse categorical accuracy: 53.33

round  3, metrics=<sparse_categorical_accuracy=0.32499998807907104,loss=2.2531793117523193>
6.7199 seconds
Tested. Sparse categorical accuracy: 30.00

round  4, metrics=<sparse_categorical_accuracy=0.4021666646003723,loss=2.092522382736206>
6.4726 seconds
Tested. Sparse categorical accuracy: 56.67

round  5, metrics=<sparse_categorical_accuracy=0.528333306312561,loss=1.6912751197814941>
6.5359 seconds
Tested. Sparse categorical accuracy: 70.00

round  6, metrics=<sparse_categorical_accuracy=0.6233333349227905,loss=1.315604329109192>
6.6609 seconds
Tested. Sparse categorical accuracy: 56.67

6  rounds run
Average time per round: 6.00

2020-06-17 13:25:29.691355
