
TENSORFLOW USERS:
You must use the python3.6-anaconda/5.2.0 module to run TensorFlow.
See https://arc-ts.umich.edu/greatlakes/software/tensorflow for more
information.



The following have been reloaded with a version change:
  1) cuda/10.0.130 => cuda/10.1.105


Currently Loaded Modules:
  1) python3.7-anaconda/2019.07   2) cudnn/10.0-v7.6   3) cuda/10.1.105

 

mkdir: cannot create directory ‘results/7867495’: File exists
mkdir: cannot create directory ‘results/7867495/log’: File exists
Test  177
2020-06-17 13:03:33.270757


Schema 1: Each client partially IID
--------------------------------------------------
percent data distributed IID:  80
number of classes for non-IID data:  2
data points per client (mean, std dev): ( 600 ,  0 )
--------------------------------------------------
round  1, metrics=<sparse_categorical_accuracy=0.11216666549444199,loss=2.2882022857666016>
7.2035 seconds
Tested. Sparse categorical accuracy: 16.67

round  2, metrics=<sparse_categorical_accuracy=0.16349999606609344,loss=2.2445852756500244>
7.0329 seconds
Tested. Sparse categorical accuracy: 30.00

round  3, metrics=<sparse_categorical_accuracy=0.2906666696071625,loss=2.2126524448394775>
7.1043 seconds
Tested. Sparse categorical accuracy: 33.33

round  4, metrics=<sparse_categorical_accuracy=0.453000009059906,loss=2.1524462699890137>
6.8047 seconds
Tested. Sparse categorical accuracy: 43.33

round  5, metrics=<sparse_categorical_accuracy=0.47316667437553406,loss=1.9532408714294434>
7.0429 seconds
Tested. Sparse categorical accuracy: 90.00

round  6, metrics=<sparse_categorical_accuracy=0.6044999957084656,loss=1.387029767036438>
7.4822 seconds
Tested. Sparse categorical accuracy: 76.67

6  rounds run
Average time per round: 7.00

2020-06-17 13:04:23.728258
