
TENSORFLOW USERS:
You must use the python3.6-anaconda/5.2.0 module to run TensorFlow.
See https://arc-ts.umich.edu/greatlakes/software/tensorflow for more
information.



The following have been reloaded with a version change:
  1) cuda/10.0.130 => cuda/10.1.105


Currently Loaded Modules:
  1) python3.7-anaconda/2019.07   2) cudnn/10.0-v7.6   3) cuda/10.1.105

 

mkdir: cannot create directory ‘results/7867495’: File exists
mkdir: cannot create directory ‘results/7867495/log’: File exists
Test  213
2020-06-17 13:06:38.037225


Schema 1: Each client partially IID
--------------------------------------------------
percent data distributed IID:  80
number of classes for non-IID data:  2
data points per client (mean, std dev): ( 600 ,  0 )
--------------------------------------------------
round  1, metrics=<sparse_categorical_accuracy=0.18022222816944122,loss=2.293651580810547>
10.5856 seconds
Tested. Sparse categorical accuracy: 30.00

round  2, metrics=<sparse_categorical_accuracy=0.19055555760860443,loss=2.2496273517608643>
10.0953 seconds
Tested. Sparse categorical accuracy: 50.00

round  3, metrics=<sparse_categorical_accuracy=0.35199999809265137,loss=2.1091372966766357>
9.6425 seconds
Tested. Sparse categorical accuracy: 40.00

round  4, metrics=<sparse_categorical_accuracy=0.5383333563804626,loss=1.7467187643051147>
9.9649 seconds
Tested. Sparse categorical accuracy: 80.00

4  rounds run
Average time per round: 10.00

2020-06-17 13:07:25.768715
