
TENSORFLOW USERS:
You must use the python3.6-anaconda/5.2.0 module to run TensorFlow.
See https://arc-ts.umich.edu/greatlakes/software/tensorflow for more
information.



The following have been reloaded with a version change:
  1) cuda/10.0.130 => cuda/10.1.105


Currently Loaded Modules:
  1) python3.7-anaconda/2019.07   2) cudnn/10.0-v7.6   3) cuda/10.1.105

 

mkdir: cannot create directory ‘results/7867495’: File exists
mkdir: cannot create directory ‘results/7867495/log’: File exists
Test  71
2020-06-17 12:53:56.537996


Schema 1: Each client partially IID
--------------------------------------------------
percent data distributed IID:  80
number of classes for non-IID data:  2
data points per client (mean, std dev): ( 600 ,  0 )
--------------------------------------------------
round  1, metrics=<sparse_categorical_accuracy=0.0860000029206276,loss=2.3036835193634033>
3.9028 seconds
Tested. Sparse categorical accuracy: 20.00

round  2, metrics=<sparse_categorical_accuracy=0.10633333027362823,loss=2.2937514781951904>
3.9056 seconds
Tested. Sparse categorical accuracy: 21.67

round  3, metrics=<sparse_categorical_accuracy=0.11999999731779099,loss=2.291823148727417>
3.8031 seconds
Tested. Sparse categorical accuracy: 18.33

round  4, metrics=<sparse_categorical_accuracy=0.11666666716337204,loss=2.270996332168579>
3.9148 seconds
Tested. Sparse categorical accuracy: 28.33

round  5, metrics=<sparse_categorical_accuracy=0.18833333253860474,loss=2.234494209289551>
3.7704 seconds
Tested. Sparse categorical accuracy: 28.33

round  6, metrics=<sparse_categorical_accuracy=0.22233332693576813,loss=2.1583592891693115>
3.9468 seconds
Tested. Sparse categorical accuracy: 51.67

round  7, metrics=<sparse_categorical_accuracy=0.2903333306312561,loss=2.347480058670044>
3.9605 seconds
Tested. Sparse categorical accuracy: 23.33

round  8, metrics=<sparse_categorical_accuracy=0.3089999854564667,loss=2.202455520629883>
3.9175 seconds
Tested. Sparse categorical accuracy: 31.67

round  9, metrics=<sparse_categorical_accuracy=0.36000001430511475,loss=1.9732884168624878>
3.9237 seconds
Tested. Sparse categorical accuracy: 56.67

round 10, metrics=<sparse_categorical_accuracy=0.3763333261013031,loss=2.4090800285339355>
4.0160 seconds
Tested. Sparse categorical accuracy: 36.67

round 11, metrics=<sparse_categorical_accuracy=0.40033334493637085,loss=1.9977524280548096>
3.8841 seconds
Tested. Sparse categorical accuracy: 50.00

round 12, metrics=<sparse_categorical_accuracy=0.4883333444595337,loss=1.723437786102295>
3.8225 seconds
Tested. Sparse categorical accuracy: 80.00

12  rounds run
Average time per round: 3.00

2020-06-17 12:54:52.493679
