
TENSORFLOW USERS:
You must use the python3.6-anaconda/5.2.0 module to run TensorFlow.
See https://arc-ts.umich.edu/greatlakes/software/tensorflow for more
information.



The following have been reloaded with a version change:
  1) cuda/10.0.130 => cuda/10.1.105


Currently Loaded Modules:
  1) python3.7-anaconda/2019.07   2) cudnn/10.0-v7.6   3) cuda/10.1.105

 

mkdir: cannot create directory ‘results/7867495’: File exists
mkdir: cannot create directory ‘results/7867495/log’: File exists
Test  14
2020-06-17 12:47:53.811258


Schema 1: Each client partially IID
--------------------------------------------------
percent data distributed IID:  80
number of classes for non-IID data:  2
data points per client (mean, std dev): ( 600 ,  0 )
--------------------------------------------------
round  1, metrics=<sparse_categorical_accuracy=0.19499999284744263,loss=2.2267303466796875>
16.2316 seconds
Tested. Sparse categorical accuracy: 60.00

round  2, metrics=<sparse_categorical_accuracy=0.3580000102519989,loss=2.039217233657837>
16.0555 seconds
Tested. Sparse categorical accuracy: 73.33

round  3, metrics=<sparse_categorical_accuracy=0.6047499775886536,loss=1.2993156909942627>
14.2453 seconds
Tested. Sparse categorical accuracy: 93.33

3  rounds run
Average time per round: 15.00

2020-06-17 12:48:49.486733
