
TENSORFLOW USERS:
You must use the python3.6-anaconda/5.2.0 module to run TensorFlow.
See https://arc-ts.umich.edu/greatlakes/software/tensorflow for more
information.



The following have been reloaded with a version change:
  1) cuda/10.0.130 => cuda/10.1.105


Currently Loaded Modules:
  1) python3.7-anaconda/2019.07   2) cudnn/10.0-v7.6   3) cuda/10.1.105

 

mkdir: cannot create directory ‘results/7867495’: File exists
mkdir: cannot create directory ‘results/7867495/log’: File exists
Test  161
2020-06-17 13:01:59.467416


Schema 1: Each client partially IID
--------------------------------------------------
percent data distributed IID:  80
number of classes for non-IID data:  2
data points per client (mean, std dev): ( 600 ,  0 )
--------------------------------------------------
round  1, metrics=<sparse_categorical_accuracy=0.08266666531562805,loss=2.304013967514038>
3.7311 seconds
Tested. Sparse categorical accuracy: 15.00

round  2, metrics=<sparse_categorical_accuracy=0.10000000149011612,loss=2.2980706691741943>
3.8194 seconds
Tested. Sparse categorical accuracy: 18.33

round  3, metrics=<sparse_categorical_accuracy=0.15700000524520874,loss=2.2777769565582275>
3.6891 seconds
Tested. Sparse categorical accuracy: 25.00

round  4, metrics=<sparse_categorical_accuracy=0.13600000739097595,loss=2.250814199447632>
3.6805 seconds
Tested. Sparse categorical accuracy: 21.67

round  5, metrics=<sparse_categorical_accuracy=0.22966666519641876,loss=2.167754650115967>
4.1728 seconds
Tested. Sparse categorical accuracy: 68.33

round  6, metrics=<sparse_categorical_accuracy=0.3409999907016754,loss=2.2402608394622803>
4.0590 seconds
Tested. Sparse categorical accuracy: 53.33

round  7, metrics=<sparse_categorical_accuracy=0.46833333373069763,loss=2.052191972732544>
4.1693 seconds
Tested. Sparse categorical accuracy: 51.67

round  8, metrics=<sparse_categorical_accuracy=0.5023333430290222,loss=1.8756581544876099>
3.9544 seconds
Tested. Sparse categorical accuracy: 76.67

round  9, metrics=<sparse_categorical_accuracy=0.5233333110809326,loss=1.9812346696853638>
3.7237 seconds
Tested. Sparse categorical accuracy: 46.67

round 10, metrics=<sparse_categorical_accuracy=0.5543333292007446,loss=1.532067060470581>
3.7966 seconds
Tested. Sparse categorical accuracy: 73.33

round 11, metrics=<sparse_categorical_accuracy=0.6486666798591614,loss=1.2750324010849>
3.8780 seconds
Tested. Sparse categorical accuracy: 60.00

round 12, metrics=<sparse_categorical_accuracy=0.6466666460037231,loss=1.1015446186065674>
3.8247 seconds
Tested. Sparse categorical accuracy: 83.33

12  rounds run
Average time per round: 3.00

2020-06-17 13:02:54.841222
