
TENSORFLOW USERS:
You must use the python3.6-anaconda/5.2.0 module to run TensorFlow.
See https://arc-ts.umich.edu/greatlakes/software/tensorflow for more
information.



The following have been reloaded with a version change:
  1) cuda/10.0.130 => cuda/10.1.105


Currently Loaded Modules:
  1) python3.7-anaconda/2019.07   2) cudnn/10.0-v7.6   3) cuda/10.1.105

 

mkdir: cannot create directory ‘results/7867495’: File exists
mkdir: cannot create directory ‘results/7867495/log’: File exists
Test  156
2020-06-17 13:01:30.613304


Schema 1: Each client partially IID
--------------------------------------------------
percent data distributed IID:  80
number of classes for non-IID data:  2
data points per client (mean, std dev): ( 600 ,  0 )
--------------------------------------------------
round  1, metrics=<sparse_categorical_accuracy=0.13433332741260529,loss=2.3008997440338135>
3.6627 seconds
Tested. Sparse categorical accuracy: 10.00

round  2, metrics=<sparse_categorical_accuracy=0.09600000083446503,loss=2.2930428981781006>
3.9166 seconds
Tested. Sparse categorical accuracy: 13.33

round  3, metrics=<sparse_categorical_accuracy=0.12133333086967468,loss=2.268123149871826>
3.7127 seconds
Tested. Sparse categorical accuracy: 21.67

round  4, metrics=<sparse_categorical_accuracy=0.16866666078567505,loss=2.2240755558013916>
3.9447 seconds
Tested. Sparse categorical accuracy: 11.67

round  5, metrics=<sparse_categorical_accuracy=0.34566667675971985,loss=2.2059831619262695>
3.9478 seconds
Tested. Sparse categorical accuracy: 45.00

round  6, metrics=<sparse_categorical_accuracy=0.49033331871032715,loss=2.056328535079956>
3.7031 seconds
Tested. Sparse categorical accuracy: 33.33

round  7, metrics=<sparse_categorical_accuracy=0.4573333263397217,loss=2.3038978576660156>
3.8653 seconds
Tested. Sparse categorical accuracy: 26.67

round  8, metrics=<sparse_categorical_accuracy=0.26100000739097595,loss=2.279411554336548>
3.7986 seconds
Tested. Sparse categorical accuracy: 38.33

round  9, metrics=<sparse_categorical_accuracy=0.3543333411216736,loss=2.214444160461426>
3.8753 seconds
Tested. Sparse categorical accuracy: 36.67

round 10, metrics=<sparse_categorical_accuracy=0.3580000102519989,loss=1.97990882396698>
3.7284 seconds
Tested. Sparse categorical accuracy: 30.00

round 11, metrics=<sparse_categorical_accuracy=0.5040000081062317,loss=2.13771653175354>
3.9921 seconds
Tested. Sparse categorical accuracy: 43.33

round 12, metrics=<sparse_categorical_accuracy=0.4893333315849304,loss=1.822634220123291>
3.8697 seconds
Tested. Sparse categorical accuracy: 50.00

12  rounds run
Average time per round: 3.00

2020-06-17 13:02:25.980362
