
TENSORFLOW USERS:
You must use the python3.6-anaconda/5.2.0 module to run TensorFlow.
See https://arc-ts.umich.edu/greatlakes/software/tensorflow for more
information.



The following have been reloaded with a version change:
  1) cuda/10.0.130 => cuda/10.1.105


Currently Loaded Modules:
  1) python3.7-anaconda/2019.07   2) cudnn/10.0-v7.6   3) cuda/10.1.105

 

mkdir: cannot create directory ‘results/7867495’: File exists
mkdir: cannot create directory ‘results/7867495/log’: File exists
Test  416
2020-06-17 13:25:23.183509


Schema 1: Each client partially IID
--------------------------------------------------
percent data distributed IID:  80
number of classes for non-IID data:  2
data points per client (mean, std dev): ( 600 ,  0 )
--------------------------------------------------
round  1, metrics=<sparse_categorical_accuracy=0.10766666382551193,loss=2.3028907775878906>
3.6563 seconds
Tested. Sparse categorical accuracy: 10.00

round  2, metrics=<sparse_categorical_accuracy=0.12300000339746475,loss=2.289111852645874>
3.7862 seconds
Tested. Sparse categorical accuracy: 23.33

round  3, metrics=<sparse_categorical_accuracy=0.10000000149011612,loss=2.2846970558166504>
3.7354 seconds
Tested. Sparse categorical accuracy: 21.67

round  4, metrics=<sparse_categorical_accuracy=0.1420000046491623,loss=2.254601001739502>
3.7795 seconds
Tested. Sparse categorical accuracy: 15.00

round  5, metrics=<sparse_categorical_accuracy=0.18533332645893097,loss=2.1795928478240967>
3.7099 seconds
Tested. Sparse categorical accuracy: 33.33

round  6, metrics=<sparse_categorical_accuracy=0.3006666600704193,loss=2.2062339782714844>
3.6788 seconds
Tested. Sparse categorical accuracy: 48.33

round  7, metrics=<sparse_categorical_accuracy=0.36899998784065247,loss=1.9596754312515259>
3.7041 seconds
Tested. Sparse categorical accuracy: 58.33

round  8, metrics=<sparse_categorical_accuracy=0.3096666634082794,loss=2.3805806636810303>
3.7503 seconds
Tested. Sparse categorical accuracy: 36.67

round  9, metrics=<sparse_categorical_accuracy=0.44200000166893005,loss=1.9711215496063232>
3.6500 seconds
Tested. Sparse categorical accuracy: 65.00

round 10, metrics=<sparse_categorical_accuracy=0.5643333196640015,loss=1.6762193441390991>
3.7673 seconds
Tested. Sparse categorical accuracy: 61.67

round 11, metrics=<sparse_categorical_accuracy=0.690666675567627,loss=1.3124048709869385>
3.4789 seconds
Tested. Sparse categorical accuracy: 76.67

round 12, metrics=<sparse_categorical_accuracy=0.6740000247955322,loss=1.1144007444381714>
3.7133 seconds
Tested. Sparse categorical accuracy: 78.33

12  rounds run
Average time per round: 3.00

2020-06-17 13:26:16.133181
