
TENSORFLOW USERS:
You must use the python3.6-anaconda/5.2.0 module to run TensorFlow.
See https://arc-ts.umich.edu/greatlakes/software/tensorflow for more
information.



The following have been reloaded with a version change:
  1) cuda/10.0.130 => cuda/10.1.105


Currently Loaded Modules:
  1) python3.7-anaconda/2019.07   2) cudnn/10.0-v7.6   3) cuda/10.1.105

 

mkdir: cannot create directory ‘results/7867495’: File exists
mkdir: cannot create directory ‘results/7867495/log’: File exists
Test  21
2020-06-17 12:49:14.624210


Schema 1: Each client partially IID
--------------------------------------------------
percent data distributed IID:  80
number of classes for non-IID data:  2
data points per client (mean, std dev): ( 600 ,  0 )
--------------------------------------------------
round  1, metrics=<sparse_categorical_accuracy=0.0949999988079071,loss=2.3061203956604004>
3.7603 seconds
Tested. Sparse categorical accuracy: 11.67

round  2, metrics=<sparse_categorical_accuracy=0.07666666805744171,loss=2.2994022369384766>
3.8010 seconds
Tested. Sparse categorical accuracy: 16.67

round  3, metrics=<sparse_categorical_accuracy=0.1353333294391632,loss=2.289292097091675>
3.8682 seconds
Tested. Sparse categorical accuracy: 23.33

round  4, metrics=<sparse_categorical_accuracy=0.18199999630451202,loss=2.260983943939209>
3.9559 seconds
Tested. Sparse categorical accuracy: 11.67

round  5, metrics=<sparse_categorical_accuracy=0.17866666615009308,loss=2.227358102798462>
3.8924 seconds
Tested. Sparse categorical accuracy: 31.67

round  6, metrics=<sparse_categorical_accuracy=0.359333336353302,loss=2.1458659172058105>
3.6713 seconds
Tested. Sparse categorical accuracy: 36.67

round  7, metrics=<sparse_categorical_accuracy=0.3553333282470703,loss=2.2804648876190186>
3.6821 seconds
Tested. Sparse categorical accuracy: 30.00

round  8, metrics=<sparse_categorical_accuracy=0.24633333086967468,loss=2.0879030227661133>
3.6883 seconds
Tested. Sparse categorical accuracy: 46.67

round  9, metrics=<sparse_categorical_accuracy=0.32100000977516174,loss=2.0133798122406006>
3.7753 seconds
Tested. Sparse categorical accuracy: 65.00

round 10, metrics=<sparse_categorical_accuracy=0.5166666507720947,loss=1.7694883346557617>
3.9052 seconds
Tested. Sparse categorical accuracy: 55.00

round 11, metrics=<sparse_categorical_accuracy=0.5320000052452087,loss=1.7568035125732422>
3.8403 seconds
Tested. Sparse categorical accuracy: 75.00

round 12, metrics=<sparse_categorical_accuracy=0.7250000238418579,loss=1.1682690382003784>
3.7376 seconds
Tested. Sparse categorical accuracy: 68.33

12  rounds run
Average time per round: 3.00

2020-06-17 12:50:08.681168
