
TENSORFLOW USERS:
You must use the python3.6-anaconda/5.2.0 module to run TensorFlow.
See https://arc-ts.umich.edu/greatlakes/software/tensorflow for more
information.



The following have been reloaded with a version change:
  1) cuda/10.0.130 => cuda/10.1.105


Currently Loaded Modules:
  1) python3.7-anaconda/2019.07   2) cudnn/10.0-v7.6   3) cuda/10.1.105

 

mkdir: cannot create directory ‘results/7867495’: File exists
mkdir: cannot create directory ‘results/7867495/log’: File exists
Test  265
2020-06-17 13:11:22.594000


Schema 1: Each client partially IID
--------------------------------------------------
percent data distributed IID:  80
number of classes for non-IID data:  2
data points per client (mean, std dev): ( 600 ,  0 )
--------------------------------------------------
round  1, metrics=<sparse_categorical_accuracy=0.20444443821907043,loss=2.215092897415161>
29.6109 seconds
Tested. Sparse categorical accuracy: 70.00

round  2, metrics=<sparse_categorical_accuracy=0.43316665291786194,loss=1.8447222709655762>
27.1632 seconds
Tested. Sparse categorical accuracy: 60.00

2  rounds run
Average time per round: 28.00

2020-06-17 13:12:27.157065
