
TENSORFLOW USERS:
You must use the python3.6-anaconda/5.2.0 module to run TensorFlow.
See https://arc-ts.umich.edu/greatlakes/software/tensorflow for more
information.



The following have been reloaded with a version change:
  1) cuda/10.0.130 => cuda/10.1.105


Currently Loaded Modules:
  1) python3.7-anaconda/2019.07   2) cudnn/10.0-v7.6   3) cuda/10.1.105

 

mkdir: cannot create directory ‘results/7867495’: File exists
mkdir: cannot create directory ‘results/7867495/log’: File exists
Test  310
2020-06-17 13:15:23.944661


Schema 1: Each client partially IID
--------------------------------------------------
percent data distributed IID:  80
number of classes for non-IID data:  2
data points per client (mean, std dev): ( 600 ,  0 )
--------------------------------------------------
round  1, metrics=<sparse_categorical_accuracy=0.20644444227218628,loss=2.251093864440918>
28.0485 seconds
Tested. Sparse categorical accuracy: 30.00

round  2, metrics=<sparse_categorical_accuracy=0.4284999966621399,loss=1.9210973978042603>
26.6230 seconds
Tested. Sparse categorical accuracy: 60.00

2  rounds run
Average time per round: 27.00

2020-06-17 13:16:26.593384
