
TENSORFLOW USERS:
You must use the python3.6-anaconda/5.2.0 module to run TensorFlow.
See https://arc-ts.umich.edu/greatlakes/software/tensorflow for more
information.



The following have been reloaded with a version change:
  1) cuda/10.0.130 => cuda/10.1.105


Currently Loaded Modules:
  1) python3.7-anaconda/2019.07   2) cudnn/10.0-v7.6   3) cuda/10.1.105

 

mkdir: cannot create directory ‘results/7867495’: File exists
mkdir: cannot create directory ‘results/7867495/log’: File exists
Test  242
2020-06-17 13:08:38.298079


Schema 1: Each client partially IID
--------------------------------------------------
percent data distributed IID:  80
number of classes for non-IID data:  2
data points per client (mean, std dev): ( 600 ,  0 )
--------------------------------------------------
round  1, metrics=<sparse_categorical_accuracy=0.13766667246818542,loss=2.2867074012756348>
6.8175 seconds
Tested. Sparse categorical accuracy: 13.33

round  2, metrics=<sparse_categorical_accuracy=0.1538333296775818,loss=2.2541675567626953>
6.4029 seconds
Tested. Sparse categorical accuracy: 20.00

round  3, metrics=<sparse_categorical_accuracy=0.32100000977516174,loss=2.227559804916382>
6.5322 seconds
Tested. Sparse categorical accuracy: 46.67

round  4, metrics=<sparse_categorical_accuracy=0.4808333218097687,loss=2.049065589904785>
6.4067 seconds
Tested. Sparse categorical accuracy: 53.33

round  5, metrics=<sparse_categorical_accuracy=0.5410000085830688,loss=1.6911590099334717>
6.5735 seconds
Tested. Sparse categorical accuracy: 70.00

round  6, metrics=<sparse_categorical_accuracy=0.6191666722297668,loss=1.2518099546432495>
6.5350 seconds
Tested. Sparse categorical accuracy: 73.33

6  rounds run
Average time per round: 6.00

2020-06-17 13:09:25.255164
