
TENSORFLOW USERS:
You must use the python3.6-anaconda/5.2.0 module to run TensorFlow.
See https://arc-ts.umich.edu/greatlakes/software/tensorflow for more
information.



The following have been reloaded with a version change:
  1) cuda/10.0.130 => cuda/10.1.105


Currently Loaded Modules:
  1) python3.7-anaconda/2019.07   2) cudnn/10.0-v7.6   3) cuda/10.1.105

 

mkdir: cannot create directory ‘results/7867495’: File exists
mkdir: cannot create directory ‘results/7867495/log’: File exists
Test  408
2020-06-17 13:24:43.406418


Schema 1: Each client partially IID
--------------------------------------------------
percent data distributed IID:  80
number of classes for non-IID data:  2
data points per client (mean, std dev): ( 600 ,  0 )
--------------------------------------------------
round  1, metrics=<sparse_categorical_accuracy=0.17488889396190643,loss=2.266037940979004>
11.8495 seconds
Tested. Sparse categorical accuracy: 20.00

round  2, metrics=<sparse_categorical_accuracy=0.28299999237060547,loss=2.147918462753296>
11.3161 seconds
Tested. Sparse categorical accuracy: 75.00

round  3, metrics=<sparse_categorical_accuracy=0.4058888852596283,loss=2.0342607498168945>
12.7473 seconds
Tested. Sparse categorical accuracy: 65.00

round  4, metrics=<sparse_categorical_accuracy=0.5918889045715332,loss=1.492021083831787>
12.0375 seconds
Tested. Sparse categorical accuracy: 50.00

4  rounds run
Average time per round: 11.00

2020-06-17 13:25:39.409766
