
TENSORFLOW USERS:
You must use the python3.6-anaconda/5.2.0 module to run TensorFlow.
See https://arc-ts.umich.edu/greatlakes/software/tensorflow for more
information.



The following have been reloaded with a version change:
  1) cuda/10.0.130 => cuda/10.1.105


Currently Loaded Modules:
  1) python3.7-anaconda/2019.07   2) cudnn/10.0-v7.6   3) cuda/10.1.105

 

mkdir: cannot create directory ‘results/7867495’: File exists
mkdir: cannot create directory ‘results/7867495/log’: File exists
Test  301
2020-06-17 13:14:43.788610


Schema 1: Each client partially IID
--------------------------------------------------
percent data distributed IID:  80
number of classes for non-IID data:  2
data points per client (mean, std dev): ( 600 ,  0 )
--------------------------------------------------
round  1, metrics=<sparse_categorical_accuracy=0.12666666507720947,loss=2.3018527030944824>
3.8571 seconds
Tested. Sparse categorical accuracy: 6.67

round  2, metrics=<sparse_categorical_accuracy=0.10400000214576721,loss=2.293412208557129>
3.7888 seconds
Tested. Sparse categorical accuracy: 26.67

round  3, metrics=<sparse_categorical_accuracy=0.2770000100135803,loss=2.2647485733032227>
3.6155 seconds
Tested. Sparse categorical accuracy: 18.33

round  4, metrics=<sparse_categorical_accuracy=0.15266667306423187,loss=2.233682870864868>
3.9161 seconds
Tested. Sparse categorical accuracy: 33.33

round  5, metrics=<sparse_categorical_accuracy=0.26899999380111694,loss=2.2487738132476807>
3.9461 seconds
Tested. Sparse categorical accuracy: 23.33

round  6, metrics=<sparse_categorical_accuracy=0.29633334279060364,loss=2.160656452178955>
3.6424 seconds
Tested. Sparse categorical accuracy: 50.00

round  7, metrics=<sparse_categorical_accuracy=0.4466666579246521,loss=2.3407652378082275>
3.7948 seconds
Tested. Sparse categorical accuracy: 43.33

round  8, metrics=<sparse_categorical_accuracy=0.3883333206176758,loss=2.1817686557769775>
3.8624 seconds
Tested. Sparse categorical accuracy: 51.67

round  9, metrics=<sparse_categorical_accuracy=0.38233333826065063,loss=2.1456708908081055>
3.8531 seconds
Tested. Sparse categorical accuracy: 58.33

round 10, metrics=<sparse_categorical_accuracy=0.5529999732971191,loss=1.856251835823059>
4.0332 seconds
Tested. Sparse categorical accuracy: 61.67

round 11, metrics=<sparse_categorical_accuracy=0.49799999594688416,loss=1.8820199966430664>
3.8660 seconds
Tested. Sparse categorical accuracy: 60.00

round 12, metrics=<sparse_categorical_accuracy=0.5260000228881836,loss=1.4769381284713745>
3.8823 seconds
Tested. Sparse categorical accuracy: 50.00

12  rounds run
Average time per round: 3.00

2020-06-17 13:15:38.656176
