
TENSORFLOW USERS:
You must use the python3.6-anaconda/5.2.0 module to run TensorFlow.
See https://arc-ts.umich.edu/greatlakes/software/tensorflow for more
information.



The following have been reloaded with a version change:
  1) cuda/10.0.130 => cuda/10.1.105


Currently Loaded Modules:
  1) python3.7-anaconda/2019.07   2) cudnn/10.0-v7.6   3) cuda/10.1.105

 

mkdir: cannot create directory ‘results/7867495’: File exists
mkdir: cannot create directory ‘results/7867495/log’: File exists
Test  166
2020-06-17 13:02:31.941828


Schema 1: Each client partially IID
--------------------------------------------------
percent data distributed IID:  80
number of classes for non-IID data:  2
data points per client (mean, std dev): ( 600 ,  0 )
--------------------------------------------------
round  1, metrics=<sparse_categorical_accuracy=0.08733333647251129,loss=2.3020710945129395>
4.7504 seconds
Tested. Sparse categorical accuracy: 26.67

round  2, metrics=<sparse_categorical_accuracy=0.1313333362340927,loss=2.2907116413116455>
5.0243 seconds
Tested. Sparse categorical accuracy: 28.33

round  3, metrics=<sparse_categorical_accuracy=0.1613333374261856,loss=2.2732162475585938>
5.0334 seconds
Tested. Sparse categorical accuracy: 35.00

round  4, metrics=<sparse_categorical_accuracy=0.25333333015441895,loss=2.2069520950317383>
5.0192 seconds
Tested. Sparse categorical accuracy: 11.67

round  5, metrics=<sparse_categorical_accuracy=0.2029999941587448,loss=2.187096118927002>
4.4465 seconds
Tested. Sparse categorical accuracy: 33.33

round  6, metrics=<sparse_categorical_accuracy=0.4516666531562805,loss=2.1047072410583496>
4.7185 seconds
Tested. Sparse categorical accuracy: 8.33

round  7, metrics=<sparse_categorical_accuracy=0.34566667675971985,loss=1.8649206161499023>
4.7712 seconds
Tested. Sparse categorical accuracy: 70.00

round  8, metrics=<sparse_categorical_accuracy=0.44333332777023315,loss=2.3674421310424805>
4.6703 seconds
Tested. Sparse categorical accuracy: 56.67

round  9, metrics=<sparse_categorical_accuracy=0.41999998688697815,loss=1.8732314109802246>
4.7339 seconds
Tested. Sparse categorical accuracy: 70.00

round 10, metrics=<sparse_categorical_accuracy=0.5289999842643738,loss=1.5990878343582153>
5.1681 seconds
Tested. Sparse categorical accuracy: 55.00

round 11, metrics=<sparse_categorical_accuracy=0.721666693687439,loss=0.9130784273147583>
4.9701 seconds
Tested. Sparse categorical accuracy: 86.67

round 12, metrics=<sparse_categorical_accuracy=0.6633333563804626,loss=1.2988697290420532>
4.9766 seconds
Tested. Sparse categorical accuracy: 45.00

12  rounds run
Average time per round: 4.00

2020-06-17 13:03:40.014569
