
TENSORFLOW USERS:
You must use the python3.6-anaconda/5.2.0 module to run TensorFlow.
See https://arc-ts.umich.edu/greatlakes/software/tensorflow for more
information.



The following have been reloaded with a version change:
  1) cuda/10.0.130 => cuda/10.1.105


Currently Loaded Modules:
  1) python3.7-anaconda/2019.07   2) cudnn/10.0-v7.6   3) cuda/10.1.105

 

mkdir: cannot create directory ‘results/7867495’: File exists
mkdir: cannot create directory ‘results/7867495/log’: File exists
Test  163
2020-06-17 13:02:32.588351


Schema 1: Each client partially IID
--------------------------------------------------
percent data distributed IID:  80
number of classes for non-IID data:  2
data points per client (mean, std dev): ( 600 ,  0 )
--------------------------------------------------
round  1, metrics=<sparse_categorical_accuracy=0.1509999930858612,loss=2.2686448097229004>
11.9106 seconds
Tested. Sparse categorical accuracy: 30.00

round  2, metrics=<sparse_categorical_accuracy=0.30344444513320923,loss=2.081249952316284>
10.7146 seconds
Tested. Sparse categorical accuracy: 65.00

round  3, metrics=<sparse_categorical_accuracy=0.277444452047348,loss=2.290250539779663>
10.9437 seconds
Tested. Sparse categorical accuracy: 10.00

round  4, metrics=<sparse_categorical_accuracy=0.35511112213134766,loss=2.0090575218200684>
10.6536 seconds
Tested. Sparse categorical accuracy: 55.00

4  rounds run
Average time per round: 11.00

2020-06-17 13:03:24.264381
