
TENSORFLOW USERS:
You must use the python3.6-anaconda/5.2.0 module to run TensorFlow.
See https://arc-ts.umich.edu/greatlakes/software/tensorflow for more
information.



The following have been reloaded with a version change:
  1) cuda/10.0.130 => cuda/10.1.105


Currently Loaded Modules:
  1) python3.7-anaconda/2019.07   2) cudnn/10.0-v7.6   3) cuda/10.1.105

 

mkdir: cannot create directory ‘results/7867495’: File exists
mkdir: cannot create directory ‘results/7867495/log’: File exists
Test  139
2020-06-17 13:00:31.887989


Schema 1: Each client partially IID
--------------------------------------------------
percent data distributed IID:  80
number of classes for non-IID data:  2
data points per client (mean, std dev): ( 600 ,  0 )
--------------------------------------------------
round  1, metrics=<sparse_categorical_accuracy=0.17299999296665192,loss=2.2506604194641113>
15.3944 seconds
Tested. Sparse categorical accuracy: 73.33

round  2, metrics=<sparse_categorical_accuracy=0.3400833308696747,loss=2.130404472351074>
15.2578 seconds
Tested. Sparse categorical accuracy: 60.00

round  3, metrics=<sparse_categorical_accuracy=0.4814999997615814,loss=1.7757233381271362>
14.5992 seconds
Tested. Sparse categorical accuracy: 60.00

3  rounds run
Average time per round: 15.00

2020-06-17 13:01:25.394837
