
TENSORFLOW USERS:
You must use the python3.6-anaconda/5.2.0 module to run TensorFlow.
See https://arc-ts.umich.edu/greatlakes/software/tensorflow for more
information.



The following have been reloaded with a version change:
  1) cuda/10.0.130 => cuda/10.1.105


Currently Loaded Modules:
  1) python3.7-anaconda/2019.07   2) cudnn/10.0-v7.6   3) cuda/10.1.105

 

mkdir: cannot create directory ‘results/7867495’: File exists
mkdir: cannot create directory ‘results/7867495/log’: File exists
Test  32
2020-06-17 12:49:54.533691


Schema 1: Each client partially IID
--------------------------------------------------
percent data distributed IID:  80
number of classes for non-IID data:  2
data points per client (mean, std dev): ( 600 ,  0 )
--------------------------------------------------
round  1, metrics=<sparse_categorical_accuracy=0.12983334064483643,loss=2.288421154022217>
7.2459 seconds
Tested. Sparse categorical accuracy: 3.33

round  2, metrics=<sparse_categorical_accuracy=0.19616666436195374,loss=2.2553231716156006>
7.4129 seconds
Tested. Sparse categorical accuracy: 36.67

round  3, metrics=<sparse_categorical_accuracy=0.3108333349227905,loss=2.195157527923584>
7.7591 seconds
Tested. Sparse categorical accuracy: 60.00

round  4, metrics=<sparse_categorical_accuracy=0.3930000066757202,loss=2.2415292263031006>
6.6611 seconds
Tested. Sparse categorical accuracy: 16.67

round  5, metrics=<sparse_categorical_accuracy=0.42133334279060364,loss=1.9283664226531982>
7.2783 seconds
Tested. Sparse categorical accuracy: 63.33

round  6, metrics=<sparse_categorical_accuracy=0.5823333263397217,loss=1.4042670726776123>
7.2969 seconds
Tested. Sparse categorical accuracy: 86.67

6  rounds run
Average time per round: 7.00

2020-06-17 12:50:47.024993
