
TENSORFLOW USERS:
You must use the python3.6-anaconda/5.2.0 module to run TensorFlow.
See https://arc-ts.umich.edu/greatlakes/software/tensorflow for more
information.



The following have been reloaded with a version change:
  1) cuda/10.0.130 => cuda/10.1.105


Currently Loaded Modules:
  1) python3.7-anaconda/2019.07   2) cudnn/10.0-v7.6   3) cuda/10.1.105

 

mkdir: cannot create directory ‘results/7867495’: File exists
mkdir: cannot create directory ‘results/7867495/log’: File exists
Test  116
2020-06-17 12:57:57.614557


Schema 1: Each client partially IID
--------------------------------------------------
percent data distributed IID:  80
number of classes for non-IID data:  2
data points per client (mean, std dev): ( 600 ,  0 )
--------------------------------------------------
round  1, metrics=<sparse_categorical_accuracy=0.09533333033323288,loss=2.304342746734619>
3.8809 seconds
Tested. Sparse categorical accuracy: 20.00

round  2, metrics=<sparse_categorical_accuracy=0.10966666787862778,loss=2.2949821949005127>
3.8563 seconds
Tested. Sparse categorical accuracy: 10.00

round  3, metrics=<sparse_categorical_accuracy=0.12800000607967377,loss=2.2719027996063232>
3.8323 seconds
Tested. Sparse categorical accuracy: 23.33

round  4, metrics=<sparse_categorical_accuracy=0.20999999344348907,loss=2.243044376373291>
3.9326 seconds
Tested. Sparse categorical accuracy: 43.33

round  5, metrics=<sparse_categorical_accuracy=0.22633333504199982,loss=2.183645486831665>
3.8894 seconds
Tested. Sparse categorical accuracy: 48.33

round  6, metrics=<sparse_categorical_accuracy=0.28033334016799927,loss=2.1076955795288086>
3.8549 seconds
Tested. Sparse categorical accuracy: 48.33

round  7, metrics=<sparse_categorical_accuracy=0.33666667342185974,loss=2.158085346221924>
4.0990 seconds
Tested. Sparse categorical accuracy: 48.33

round  8, metrics=<sparse_categorical_accuracy=0.46533334255218506,loss=1.8606071472167969>
3.9225 seconds
Tested. Sparse categorical accuracy: 55.00

round  9, metrics=<sparse_categorical_accuracy=0.38199999928474426,loss=2.1481122970581055>
3.7796 seconds
Tested. Sparse categorical accuracy: 46.67

round 10, metrics=<sparse_categorical_accuracy=0.5080000162124634,loss=1.7091758251190186>
3.9276 seconds
Tested. Sparse categorical accuracy: 61.67

round 11, metrics=<sparse_categorical_accuracy=0.5586666464805603,loss=1.5934462547302246>
3.9804 seconds
Tested. Sparse categorical accuracy: 60.00

round 12, metrics=<sparse_categorical_accuracy=0.6176666617393494,loss=1.2194828987121582>
4.1445 seconds
Tested. Sparse categorical accuracy: 71.67

12  rounds run
Average time per round: 3.00

2020-06-17 12:58:54.150306
