
TENSORFLOW USERS:
You must use the python3.6-anaconda/5.2.0 module to run TensorFlow.
See https://arc-ts.umich.edu/greatlakes/software/tensorflow for more
information.



The following have been reloaded with a version change:
  1) cuda/10.0.130 => cuda/10.1.105


Currently Loaded Modules:
  1) python3.7-anaconda/2019.07   2) cudnn/10.0-v7.6   3) cuda/10.1.105

 

mkdir: cannot create directory ‘results/7867495’: File exists
mkdir: cannot create directory ‘results/7867495/log’: File exists
Test  477
2020-06-17 13:30:42.669990


Schema 1: Each client partially IID
--------------------------------------------------
percent data distributed IID:  80
number of classes for non-IID data:  2
data points per client (mean, std dev): ( 600 ,  0 )
--------------------------------------------------
round  1, metrics=<sparse_categorical_accuracy=0.13383333384990692,loss=2.290498971939087>
10.1725 seconds
Tested. Sparse categorical accuracy: 10.00

round  2, metrics=<sparse_categorical_accuracy=0.14650000631809235,loss=2.266920328140259>
9.7880 seconds
Tested. Sparse categorical accuracy: 20.00

round  3, metrics=<sparse_categorical_accuracy=0.2303333282470703,loss=2.228768825531006>
9.9564 seconds
Tested. Sparse categorical accuracy: 50.00

round  4, metrics=<sparse_categorical_accuracy=0.38199999928474426,loss=2.2870402336120605>
10.1266 seconds
Tested. Sparse categorical accuracy: 3.33

round  5, metrics=<sparse_categorical_accuracy=0.2574999928474426,loss=2.215285062789917>
9.1954 seconds
Tested. Sparse categorical accuracy: 56.67

round  6, metrics=<sparse_categorical_accuracy=0.47583332657814026,loss=1.9080194234848022>
9.9765 seconds
Tested. Sparse categorical accuracy: 73.33

6  rounds run
Average time per round: 9.00

2020-06-17 13:31:50.109979
