
TENSORFLOW USERS:
You must use the python3.6-anaconda/5.2.0 module to run TensorFlow.
See https://arc-ts.umich.edu/greatlakes/software/tensorflow for more
information.



The following have been reloaded with a version change:
  1) cuda/10.0.130 => cuda/10.1.105


Currently Loaded Modules:
  1) python3.7-anaconda/2019.07   2) cudnn/10.0-v7.6   3) cuda/10.1.105

 

mkdir: cannot create directory ‘results/7867495’: File exists
mkdir: cannot create directory ‘results/7867495/log’: File exists
Test  13
2020-06-17 12:47:49.368839


Schema 1: Each client partially IID
--------------------------------------------------
percent data distributed IID:  80
number of classes for non-IID data:  2
data points per client (mean, std dev): ( 600 ,  0 )
--------------------------------------------------
round  1, metrics=<sparse_categorical_accuracy=0.160444438457489,loss=2.266312837600708>
10.4851 seconds
Tested. Sparse categorical accuracy: 0.00

round  2, metrics=<sparse_categorical_accuracy=0.26088887453079224,loss=2.204563617706299>
9.6023 seconds
Tested. Sparse categorical accuracy: 35.00

round  3, metrics=<sparse_categorical_accuracy=0.41055554151535034,loss=2.0727105140686035>
9.5622 seconds
Tested. Sparse categorical accuracy: 65.00

round  4, metrics=<sparse_categorical_accuracy=0.5655555725097656,loss=1.6407926082611084>
9.3966 seconds
Tested. Sparse categorical accuracy: 50.00

4  rounds run
Average time per round: 9.00

2020-06-17 12:48:35.835592
