
TENSORFLOW USERS:
You must use the python3.6-anaconda/5.2.0 module to run TensorFlow.
See https://arc-ts.umich.edu/greatlakes/software/tensorflow for more
information.



The following have been reloaded with a version change:
  1) cuda/10.0.130 => cuda/10.1.105


Currently Loaded Modules:
  1) python3.7-anaconda/2019.07   2) cudnn/10.0-v7.6   3) cuda/10.1.105

 

mkdir: cannot create directory ‘results/7867495’: File exists
mkdir: cannot create directory ‘results/7867495/log’: File exists
Test  496
2020-06-17 13:32:42.203340


Schema 1: Each client partially IID
--------------------------------------------------
percent data distributed IID:  80
number of classes for non-IID data:  2
data points per client (mean, std dev): ( 600 ,  0 )
--------------------------------------------------
round  1, metrics=<sparse_categorical_accuracy=0.10366666316986084,loss=2.3064448833465576>
4.6834 seconds
Tested. Sparse categorical accuracy: 5.00

round  2, metrics=<sparse_categorical_accuracy=0.15066666901111603,loss=2.2952518463134766>
5.3088 seconds
Tested. Sparse categorical accuracy: 13.33

round  3, metrics=<sparse_categorical_accuracy=0.09133332967758179,loss=2.286547899246216>
5.1355 seconds
Tested. Sparse categorical accuracy: 16.67

round  4, metrics=<sparse_categorical_accuracy=0.17366667091846466,loss=2.266289472579956>
5.9378 seconds
Tested. Sparse categorical accuracy: 53.33

round  5, metrics=<sparse_categorical_accuracy=0.2809999883174896,loss=2.2281713485717773>
5.5459 seconds
Tested. Sparse categorical accuracy: 63.33

round  6, metrics=<sparse_categorical_accuracy=0.2926666736602783,loss=2.1494362354278564>
5.5214 seconds
Tested. Sparse categorical accuracy: 58.33

round  7, metrics=<sparse_categorical_accuracy=0.33799999952316284,loss=2.4828402996063232>
5.6252 seconds
Tested. Sparse categorical accuracy: 11.67

round  8, metrics=<sparse_categorical_accuracy=0.20933333039283752,loss=2.279813528060913>
5.2046 seconds
Tested. Sparse categorical accuracy: 26.67

round  9, metrics=<sparse_categorical_accuracy=0.2993333339691162,loss=2.237896203994751>
4.3903 seconds
Tested. Sparse categorical accuracy: 30.00

round 10, metrics=<sparse_categorical_accuracy=0.32066667079925537,loss=2.0582938194274902>
5.0078 seconds
Tested. Sparse categorical accuracy: 43.33

round 11, metrics=<sparse_categorical_accuracy=0.41966667771339417,loss=2.2773239612579346>
5.0604 seconds
Tested. Sparse categorical accuracy: 43.33

round 12, metrics=<sparse_categorical_accuracy=0.43533334136009216,loss=1.9428108930587769>
4.6464 seconds
Tested. Sparse categorical accuracy: 51.67

12  rounds run
Average time per round: 5.00

2020-06-17 13:33:54.390193
