
TENSORFLOW USERS:
You must use the python3.6-anaconda/5.2.0 module to run TensorFlow.
See https://arc-ts.umich.edu/greatlakes/software/tensorflow for more
information.



The following have been reloaded with a version change:
  1) cuda/10.0.130 => cuda/10.1.105


Currently Loaded Modules:
  1) python3.7-anaconda/2019.07   2) cudnn/10.0-v7.6   3) cuda/10.1.105

 

mkdir: cannot create directory ‘results/7867495’: File exists
mkdir: cannot create directory ‘results/7867495/log’: File exists
Test  321
2020-06-17 13:16:04.097302


Schema 1: Each client partially IID
--------------------------------------------------
percent data distributed IID:  80
number of classes for non-IID data:  2
data points per client (mean, std dev): ( 600 ,  0 )
--------------------------------------------------
round  1, metrics=<sparse_categorical_accuracy=0.10300000011920929,loss=2.305063247680664>
3.5802 seconds
Tested. Sparse categorical accuracy: 3.33

round  2, metrics=<sparse_categorical_accuracy=0.1003333330154419,loss=2.2905707359313965>
3.6434 seconds
Tested. Sparse categorical accuracy: 21.67

round  3, metrics=<sparse_categorical_accuracy=0.14733333885669708,loss=2.287691593170166>
3.5628 seconds
Tested. Sparse categorical accuracy: 46.67

round  4, metrics=<sparse_categorical_accuracy=0.27433332800865173,loss=2.2548012733459473>
3.6078 seconds
Tested. Sparse categorical accuracy: 23.33

round  5, metrics=<sparse_categorical_accuracy=0.23633334040641785,loss=2.214717388153076>
3.6563 seconds
Tested. Sparse categorical accuracy: 41.67

round  6, metrics=<sparse_categorical_accuracy=0.2630000114440918,loss=2.153207778930664>
3.5714 seconds
Tested. Sparse categorical accuracy: 40.00

round  7, metrics=<sparse_categorical_accuracy=0.3113333284854889,loss=2.118597984313965>
3.4950 seconds
Tested. Sparse categorical accuracy: 35.00

round  8, metrics=<sparse_categorical_accuracy=0.34466665983200073,loss=1.939307451248169>
3.6272 seconds
Tested. Sparse categorical accuracy: 66.67

round  9, metrics=<sparse_categorical_accuracy=0.31566667556762695,loss=2.5144803524017334>
3.6930 seconds
Tested. Sparse categorical accuracy: 33.33

round 10, metrics=<sparse_categorical_accuracy=0.3713333308696747,loss=2.112020492553711>
3.5734 seconds
Tested. Sparse categorical accuracy: 30.00

round 11, metrics=<sparse_categorical_accuracy=0.4099999964237213,loss=1.7518079280853271>
3.6225 seconds
Tested. Sparse categorical accuracy: 36.67

round 12, metrics=<sparse_categorical_accuracy=0.5,loss=1.4880651235580444>
3.7475 seconds
Tested. Sparse categorical accuracy: 60.00

12  rounds run
Average time per round: 3.00

2020-06-17 13:16:56.069788
