
TENSORFLOW USERS:
You must use the python3.6-anaconda/5.2.0 module to run TensorFlow.
See https://arc-ts.umich.edu/greatlakes/software/tensorflow for more
information.



The following have been reloaded with a version change:
  1) cuda/10.0.130 => cuda/10.1.105


Currently Loaded Modules:
  1) python3.7-anaconda/2019.07   2) cudnn/10.0-v7.6   3) cuda/10.1.105

 

mkdir: cannot create directory ‘results/7867495’: File exists
mkdir: cannot create directory ‘results/7867495/log’: File exists
Test  100
2020-06-17 12:56:31.070568


Schema 1: Each client partially IID
--------------------------------------------------
percent data distributed IID:  80
number of classes for non-IID data:  2
data points per client (mean, std dev): ( 600 ,  0 )
--------------------------------------------------
round  1, metrics=<sparse_categorical_accuracy=0.21466666460037231,loss=2.252110004425049>
23.2916 seconds
Tested. Sparse categorical accuracy: 10.00

round  2, metrics=<sparse_categorical_accuracy=0.40327778458595276,loss=1.9786444902420044>
20.8254 seconds
Tested. Sparse categorical accuracy: 80.00

2  rounds run
Average time per round: 22.00

2020-06-17 12:57:22.448765
