
TENSORFLOW USERS:
You must use the python3.6-anaconda/5.2.0 module to run TensorFlow.
See https://arc-ts.umich.edu/greatlakes/software/tensorflow for more
information.



The following have been reloaded with a version change:
  1) cuda/10.0.130 => cuda/10.1.105


Currently Loaded Modules:
  1) python3.7-anaconda/2019.07   2) cudnn/10.0-v7.6   3) cuda/10.1.105

 

mkdir: cannot create directory ‘results/7867495’: File exists
mkdir: cannot create directory ‘results/7867495/log’: File exists
Test  406
2020-06-17 13:24:03.517636


Schema 1: Each client partially IID
--------------------------------------------------
percent data distributed IID:  80
number of classes for non-IID data:  2
data points per client (mean, std dev): ( 600 ,  0 )
--------------------------------------------------
round  1, metrics=<sparse_categorical_accuracy=0.09600000083446503,loss=2.3016433715820312>
3.6917 seconds
Tested. Sparse categorical accuracy: 18.33

round  2, metrics=<sparse_categorical_accuracy=0.10466666519641876,loss=2.29439377784729>
3.6763 seconds
Tested. Sparse categorical accuracy: 20.00

round  3, metrics=<sparse_categorical_accuracy=0.09833333641290665,loss=2.264894962310791>
3.6763 seconds
Tested. Sparse categorical accuracy: 31.67

round  4, metrics=<sparse_categorical_accuracy=0.179666668176651,loss=2.2208049297332764>
3.7217 seconds
Tested. Sparse categorical accuracy: 16.67

round  5, metrics=<sparse_categorical_accuracy=0.28700000047683716,loss=2.1691393852233887>
3.6894 seconds
Tested. Sparse categorical accuracy: 45.00

round  6, metrics=<sparse_categorical_accuracy=0.3856666684150696,loss=2.1522672176361084>
3.5711 seconds
Tested. Sparse categorical accuracy: 48.33

round  7, metrics=<sparse_categorical_accuracy=0.40299999713897705,loss=1.9104899168014526>
3.6513 seconds
Tested. Sparse categorical accuracy: 66.67

round  8, metrics=<sparse_categorical_accuracy=0.5009999871253967,loss=2.178868532180786>
3.6050 seconds
Tested. Sparse categorical accuracy: 43.33

round  9, metrics=<sparse_categorical_accuracy=0.5580000281333923,loss=1.6773775815963745>
3.5655 seconds
Tested. Sparse categorical accuracy: 78.33

round 10, metrics=<sparse_categorical_accuracy=0.5333333611488342,loss=1.7082856893539429>
3.6958 seconds
Tested. Sparse categorical accuracy: 61.67

round 11, metrics=<sparse_categorical_accuracy=0.628333330154419,loss=1.1440874338150024>
3.6389 seconds
Tested. Sparse categorical accuracy: 63.33

round 12, metrics=<sparse_categorical_accuracy=0.7506666779518127,loss=0.8336507081985474>
3.5320 seconds
Tested. Sparse categorical accuracy: 91.67

12  rounds run
Average time per round: 3.00

2020-06-17 13:24:55.748183
