
TENSORFLOW USERS:
You must use the python3.6-anaconda/5.2.0 module to run TensorFlow.
See https://arc-ts.umich.edu/greatlakes/software/tensorflow for more
information.



The following have been reloaded with a version change:
  1) cuda/10.0.130 => cuda/10.1.105


Currently Loaded Modules:
  1) python3.7-anaconda/2019.07   2) cudnn/10.0-v7.6   3) cuda/10.1.105

 

mkdir: cannot create directory ‘results/7867495’: File exists
mkdir: cannot create directory ‘results/7867495/log’: File exists
Test  88
2020-06-17 12:55:17.454906


Schema 1: Each client partially IID
--------------------------------------------------
percent data distributed IID:  80
number of classes for non-IID data:  2
data points per client (mean, std dev): ( 600 ,  0 )
--------------------------------------------------
round  1, metrics=<sparse_categorical_accuracy=0.13955555856227875,loss=2.2752599716186523>
10.7356 seconds
Tested. Sparse categorical accuracy: 10.00

round  2, metrics=<sparse_categorical_accuracy=0.25477778911590576,loss=2.196507215499878>
9.6965 seconds
Tested. Sparse categorical accuracy: 65.00

round  3, metrics=<sparse_categorical_accuracy=0.3448888957500458,loss=2.1839354038238525>
10.1487 seconds
Tested. Sparse categorical accuracy: 45.00

round  4, metrics=<sparse_categorical_accuracy=0.45266667008399963,loss=1.8769928216934204>
9.7233 seconds
Tested. Sparse categorical accuracy: 70.00

4  rounds run
Average time per round: 10.00

2020-06-17 12:56:05.171691
