
TENSORFLOW USERS:
You must use the python3.6-anaconda/5.2.0 module to run TensorFlow.
See https://arc-ts.umich.edu/greatlakes/software/tensorflow for more
information.



The following have been reloaded with a version change:
  1) cuda/10.0.130 => cuda/10.1.105


Currently Loaded Modules:
  1) python3.7-anaconda/2019.07   2) cudnn/10.0-v7.6   3) cuda/10.1.105

 

mkdir: cannot create directory ‘results/7867495’: File exists
mkdir: cannot create directory ‘results/7867495/log’: File exists
Test  331
2020-06-17 13:17:29.339322


Schema 1: Each client partially IID
--------------------------------------------------
percent data distributed IID:  80
number of classes for non-IID data:  2
data points per client (mean, std dev): ( 600 ,  0 )
--------------------------------------------------
round  1, metrics=<sparse_categorical_accuracy=0.1133333370089531,loss=2.303607225418091>
4.2159 seconds
Tested. Sparse categorical accuracy: 8.33

round  2, metrics=<sparse_categorical_accuracy=0.10000000149011612,loss=2.293598175048828>
4.6911 seconds
Tested. Sparse categorical accuracy: 15.00

round  3, metrics=<sparse_categorical_accuracy=0.13066667318344116,loss=2.2923202514648438>
3.9059 seconds
Tested. Sparse categorical accuracy: 11.67

round  4, metrics=<sparse_categorical_accuracy=0.10199999809265137,loss=2.2669010162353516>
3.9560 seconds
Tested. Sparse categorical accuracy: 41.67

round  5, metrics=<sparse_categorical_accuracy=0.14166666567325592,loss=2.222090244293213>
3.7600 seconds
Tested. Sparse categorical accuracy: 28.33

round  6, metrics=<sparse_categorical_accuracy=0.2593333423137665,loss=2.176243782043457>
4.1929 seconds
Tested. Sparse categorical accuracy: 55.00

round  7, metrics=<sparse_categorical_accuracy=0.3636666536331177,loss=2.274545907974243>
4.4223 seconds
Tested. Sparse categorical accuracy: 23.33

round  8, metrics=<sparse_categorical_accuracy=0.3306666612625122,loss=2.1424052715301514>
3.7246 seconds
Tested. Sparse categorical accuracy: 30.00

round  9, metrics=<sparse_categorical_accuracy=0.3566666543483734,loss=1.8982771635055542>
4.5325 seconds
Tested. Sparse categorical accuracy: 56.67

round 10, metrics=<sparse_categorical_accuracy=0.4986666738986969,loss=1.9367351531982422>
4.3917 seconds
Tested. Sparse categorical accuracy: 56.67

round 11, metrics=<sparse_categorical_accuracy=0.5676666498184204,loss=1.545876145362854>
3.9702 seconds
Tested. Sparse categorical accuracy: 70.00

round 12, metrics=<sparse_categorical_accuracy=0.6299999952316284,loss=1.3533750772476196>
3.8783 seconds
Tested. Sparse categorical accuracy: 66.67

12  rounds run
Average time per round: 4.00

2020-06-17 13:18:28.040254
