
TENSORFLOW USERS:
You must use the python3.6-anaconda/5.2.0 module to run TensorFlow.
See https://arc-ts.umich.edu/greatlakes/software/tensorflow for more
information.



The following have been reloaded with a version change:
  1) cuda/10.0.130 => cuda/10.1.105


Currently Loaded Modules:
  1) python3.7-anaconda/2019.07   2) cudnn/10.0-v7.6   3) cuda/10.1.105

 

mkdir: cannot create directory ‘results/7867495’: File exists
mkdir: cannot create directory ‘results/7867495/log’: File exists
Test  25
2020-06-17 12:49:14.624319


Schema 1: Each client partially IID
--------------------------------------------------
percent data distributed IID:  80
number of classes for non-IID data:  2
data points per client (mean, std dev): ( 600 ,  0 )
--------------------------------------------------
round  1, metrics=<sparse_categorical_accuracy=0.21266666054725647,loss=2.236377477645874>
26.7468 seconds
Tested. Sparse categorical accuracy: 80.00

round  2, metrics=<sparse_categorical_accuracy=0.40994444489479065,loss=1.922285556793213>
25.5670 seconds
Tested. Sparse categorical accuracy: 70.00

2  rounds run
Average time per round: 26.00

2020-06-17 12:50:14.799580
