
TENSORFLOW USERS:
You must use the python3.6-anaconda/5.2.0 module to run TensorFlow.
See https://arc-ts.umich.edu/greatlakes/software/tensorflow for more
information.



The following have been reloaded with a version change:
  1) cuda/10.0.130 => cuda/10.1.105


Currently Loaded Modules:
  1) python3.7-anaconda/2019.07   2) cudnn/10.0-v7.6   3) cuda/10.1.105

 

mkdir: cannot create directory ‘results/7867495’: File exists
mkdir: cannot create directory ‘results/7867495/log’: File exists
Test  423
2020-06-17 13:25:42.683030


Schema 1: Each client partially IID
--------------------------------------------------
percent data distributed IID:  80
number of classes for non-IID data:  2
data points per client (mean, std dev): ( 600 ,  0 )
--------------------------------------------------
round  1, metrics=<sparse_categorical_accuracy=0.17588889598846436,loss=2.2739031314849854>
10.9465 seconds
Tested. Sparse categorical accuracy: 25.00

round  2, metrics=<sparse_categorical_accuracy=0.2661111056804657,loss=2.1807498931884766>
9.9576 seconds
Tested. Sparse categorical accuracy: 50.00

round  3, metrics=<sparse_categorical_accuracy=0.4054444432258606,loss=2.0434463024139404>
10.1673 seconds
Tested. Sparse categorical accuracy: 45.00

round  4, metrics=<sparse_categorical_accuracy=0.5836666822433472,loss=1.498795986175537>
10.0238 seconds
Tested. Sparse categorical accuracy: 80.00

4  rounds run
Average time per round: 10.00

2020-06-17 13:26:31.317969
