
TENSORFLOW USERS:
You must use the python3.6-anaconda/5.2.0 module to run TensorFlow.
See https://arc-ts.umich.edu/greatlakes/software/tensorflow for more
information.



The following have been reloaded with a version change:
  1) cuda/10.0.130 => cuda/10.1.105


Currently Loaded Modules:
  1) python3.7-anaconda/2019.07   2) cudnn/10.0-v7.6   3) cuda/10.1.105

 

mkdir: cannot create directory ‘results/7867495’: File exists
mkdir: cannot create directory ‘results/7867495/log’: File exists
Test  271
2020-06-17 13:11:35.974632


Schema 1: Each client partially IID
--------------------------------------------------
percent data distributed IID:  80
number of classes for non-IID data:  2
data points per client (mean, std dev): ( 600 ,  0 )
--------------------------------------------------
round  1, metrics=<sparse_categorical_accuracy=0.11999999731779099,loss=2.3003177642822266>
4.3884 seconds
Tested. Sparse categorical accuracy: 16.67

round  2, metrics=<sparse_categorical_accuracy=0.1289999932050705,loss=2.2944085597991943>
4.3547 seconds
Tested. Sparse categorical accuracy: 23.33

round  3, metrics=<sparse_categorical_accuracy=0.13699999451637268,loss=2.2863664627075195>
4.5414 seconds
Tested. Sparse categorical accuracy: 18.33

round  4, metrics=<sparse_categorical_accuracy=0.12999999523162842,loss=2.2616775035858154>
4.7103 seconds
Tested. Sparse categorical accuracy: 21.67

round  5, metrics=<sparse_categorical_accuracy=0.14900000393390656,loss=2.194591522216797>
4.4883 seconds
Tested. Sparse categorical accuracy: 35.00

round  6, metrics=<sparse_categorical_accuracy=0.24266666173934937,loss=2.207007884979248>
4.4620 seconds
Tested. Sparse categorical accuracy: 35.00

round  7, metrics=<sparse_categorical_accuracy=0.4300000071525574,loss=1.8773112297058105>
4.4489 seconds
Tested. Sparse categorical accuracy: 18.33

round  8, metrics=<sparse_categorical_accuracy=0.33766666054725647,loss=2.3730416297912598>
4.7801 seconds
Tested. Sparse categorical accuracy: 51.67

round  9, metrics=<sparse_categorical_accuracy=0.47733333706855774,loss=1.9213111400604248>
4.6075 seconds
Tested. Sparse categorical accuracy: 35.00

round 10, metrics=<sparse_categorical_accuracy=0.5353333353996277,loss=1.7281198501586914>
4.3780 seconds
Tested. Sparse categorical accuracy: 65.00

round 11, metrics=<sparse_categorical_accuracy=0.6263333559036255,loss=1.2122770547866821>
4.6863 seconds
Tested. Sparse categorical accuracy: 71.67

round 12, metrics=<sparse_categorical_accuracy=0.6623333096504211,loss=1.4132012128829956>
4.4890 seconds
Tested. Sparse categorical accuracy: 58.33

12  rounds run
Average time per round: 4.00

2020-06-17 13:12:39.832059
