
TENSORFLOW USERS:
You must use the python3.6-anaconda/5.2.0 module to run TensorFlow.
See https://arc-ts.umich.edu/greatlakes/software/tensorflow for more
information.



The following have been reloaded with a version change:
  1) cuda/10.0.130 => cuda/10.1.105


Currently Loaded Modules:
  1) python3.7-anaconda/2019.07   2) cudnn/10.0-v7.6   3) cuda/10.1.105

 

mkdir: cannot create directory ‘results/7867495’: File exists
mkdir: cannot create directory ‘results/7867495/log’: File exists
Test  241
2020-06-17 13:08:37.331803


Schema 1: Each client partially IID
--------------------------------------------------
percent data distributed IID:  80
number of classes for non-IID data:  2
data points per client (mean, std dev): ( 600 ,  0 )
--------------------------------------------------
round  1, metrics=<sparse_categorical_accuracy=0.14233332872390747,loss=2.302309513092041>
3.6531 seconds
Tested. Sparse categorical accuracy: 16.67

round  2, metrics=<sparse_categorical_accuracy=0.12999999523162842,loss=2.2868008613586426>
3.6343 seconds
Tested. Sparse categorical accuracy: 15.00

round  3, metrics=<sparse_categorical_accuracy=0.156333327293396,loss=2.2695510387420654>
3.5810 seconds
Tested. Sparse categorical accuracy: 23.33

round  4, metrics=<sparse_categorical_accuracy=0.20000000298023224,loss=2.2189781665802>
3.6193 seconds
Tested. Sparse categorical accuracy: 41.67

round  5, metrics=<sparse_categorical_accuracy=0.3449999988079071,loss=2.121415138244629>
3.6115 seconds
Tested. Sparse categorical accuracy: 40.00

round  6, metrics=<sparse_categorical_accuracy=0.3283333480358124,loss=2.225996494293213>
3.6445 seconds
Tested. Sparse categorical accuracy: 31.67

round  7, metrics=<sparse_categorical_accuracy=0.37566667795181274,loss=1.9865833520889282>
3.6916 seconds
Tested. Sparse categorical accuracy: 46.67

round  8, metrics=<sparse_categorical_accuracy=0.3943333327770233,loss=2.4320528507232666>
3.5248 seconds
Tested. Sparse categorical accuracy: 40.00

round  9, metrics=<sparse_categorical_accuracy=0.4073333442211151,loss=2.0531320571899414>
3.6596 seconds
Tested. Sparse categorical accuracy: 48.33

round 10, metrics=<sparse_categorical_accuracy=0.39266666769981384,loss=1.737848162651062>
3.6047 seconds
Tested. Sparse categorical accuracy: 71.67

round 11, metrics=<sparse_categorical_accuracy=0.4009999930858612,loss=2.0824429988861084>
3.5027 seconds
Tested. Sparse categorical accuracy: 50.00

round 12, metrics=<sparse_categorical_accuracy=0.47600001096725464,loss=1.6388647556304932>
3.6166 seconds
Tested. Sparse categorical accuracy: 86.67

12  rounds run
Average time per round: 3.00

2020-06-17 13:09:29.322567
