
TENSORFLOW USERS:
You must use the python3.6-anaconda/5.2.0 module to run TensorFlow.
See https://arc-ts.umich.edu/greatlakes/software/tensorflow for more
information.



The following have been reloaded with a version change:
  1) cuda/10.0.130 => cuda/10.1.105


Currently Loaded Modules:
  1) python3.7-anaconda/2019.07   2) cudnn/10.0-v7.6   3) cuda/10.1.105

 

mkdir: cannot create directory ‘results/7867495’: File exists
mkdir: cannot create directory ‘results/7867495/log’: File exists
Test  431
2020-06-17 13:26:44.626090


Schema 1: Each client partially IID
--------------------------------------------------
percent data distributed IID:  80
number of classes for non-IID data:  2
data points per client (mean, std dev): ( 600 ,  0 )
--------------------------------------------------
round  1, metrics=<sparse_categorical_accuracy=0.0833333358168602,loss=2.3032031059265137>
3.9578 seconds
Tested. Sparse categorical accuracy: 13.33

round  2, metrics=<sparse_categorical_accuracy=0.11433333158493042,loss=2.3010411262512207>
3.7326 seconds
Tested. Sparse categorical accuracy: 25.00

round  3, metrics=<sparse_categorical_accuracy=0.17166666686534882,loss=2.282684326171875>
4.4444 seconds
Tested. Sparse categorical accuracy: 31.67

round  4, metrics=<sparse_categorical_accuracy=0.156333327293396,loss=2.265587091445923>
4.7627 seconds
Tested. Sparse categorical accuracy: 31.67

round  5, metrics=<sparse_categorical_accuracy=0.15333333611488342,loss=2.210953712463379>
4.1182 seconds
Tested. Sparse categorical accuracy: 48.33

round  6, metrics=<sparse_categorical_accuracy=0.36766666173934937,loss=2.1860697269439697>
4.6224 seconds
Tested. Sparse categorical accuracy: 30.00

round  7, metrics=<sparse_categorical_accuracy=0.44433334469795227,loss=2.122134208679199>
4.3213 seconds
Tested. Sparse categorical accuracy: 53.33

round  8, metrics=<sparse_categorical_accuracy=0.5043333172798157,loss=1.9827831983566284>
4.6741 seconds
Tested. Sparse categorical accuracy: 61.67

round  9, metrics=<sparse_categorical_accuracy=0.5176666378974915,loss=1.8371763229370117>
4.1975 seconds
Tested. Sparse categorical accuracy: 61.67

round 10, metrics=<sparse_categorical_accuracy=0.6046666502952576,loss=1.43355131149292>
4.5829 seconds
Tested. Sparse categorical accuracy: 78.33

round 11, metrics=<sparse_categorical_accuracy=0.6606666445732117,loss=1.2365323305130005>
4.1067 seconds
Tested. Sparse categorical accuracy: 83.33

round 12, metrics=<sparse_categorical_accuracy=0.7633333206176758,loss=0.842983067035675>
4.4877 seconds
Tested. Sparse categorical accuracy: 80.00

12  rounds run
Average time per round: 4.00

2020-06-17 13:27:45.931292
