
TENSORFLOW USERS:
You must use the python3.6-anaconda/5.2.0 module to run TensorFlow.
See https://arc-ts.umich.edu/greatlakes/software/tensorflow for more
information.



The following have been reloaded with a version change:
  1) cuda/10.0.130 => cuda/10.1.105


Currently Loaded Modules:
  1) python3.7-anaconda/2019.07   2) cudnn/10.0-v7.6   3) cuda/10.1.105

 

mkdir: cannot create directory ‘results/9315439’: File exists
mkdir: cannot create directory ‘results/9315439/log’: File exists
2020-07-16 13:25:35.581498: E tensorflow/stream_executor/cuda/cuda_driver.cc:313] failed call to cuInit: UNKNOWN ERROR (303)
Test  6
2020-07-16 13:25:35.093564

How often each label is chosen for non-IID data
[22, 25, 23, 19, 17, 14, 19, 24, 16, 21]

Schema 1: Each client partially IID
--------------------------------------------------
percent data distributed IID:  80
number of classes for non-IID data:  2
data points per client (mean, std dev): ( 600 ,  0 )
--------------------------------------------------
round  1, metrics=<sparse_categorical_accuracy=0.11966666579246521,loss=2.301753044128418>
3.2607 seconds
Tested. Sparse categorical accuracy: 1.67

round  2, metrics=<sparse_categorical_accuracy=0.10133333504199982,loss=2.2922611236572266>
2.3735 seconds
Tested. Sparse categorical accuracy: 28.33

round  3, metrics=<sparse_categorical_accuracy=0.11633333563804626,loss=2.267683506011963>
2.6205 seconds
Tested. Sparse categorical accuracy: 16.67

round  4, metrics=<sparse_categorical_accuracy=0.22300000488758087,loss=2.225546360015869>
2.4287 seconds
Tested. Sparse categorical accuracy: 35.00

round  5, metrics=<sparse_categorical_accuracy=0.2616666555404663,loss=2.146040678024292>
2.4762 seconds
Tested. Sparse categorical accuracy: 48.33

round  6, metrics=<sparse_categorical_accuracy=0.3396666646003723,loss=2.2044360637664795>
2.4611 seconds
Tested. Sparse categorical accuracy: 35.00

round  7, metrics=<sparse_categorical_accuracy=0.3396666646003723,loss=2.084653854370117>
2.7040 seconds
Tested. Sparse categorical accuracy: 48.33

round  8, metrics=<sparse_categorical_accuracy=0.5070000290870667,loss=1.9063884019851685>
2.5504 seconds
Tested. Sparse categorical accuracy: 45.00

round  9, metrics=<sparse_categorical_accuracy=0.5363333225250244,loss=1.5589821338653564>
2.2843 seconds
Tested. Sparse categorical accuracy: 45.00

round 10, metrics=<sparse_categorical_accuracy=0.562666654586792,loss=1.531751275062561>
2.7573 seconds
Tested. Sparse categorical accuracy: 61.67

round 11, metrics=<sparse_categorical_accuracy=0.7310000061988831,loss=0.8845610618591309>
2.3271 seconds
Tested. Sparse categorical accuracy: 85.00

round 12, metrics=<sparse_categorical_accuracy=0.7356666922569275,loss=0.9391778707504272>
2.8382 seconds
Tested. Sparse categorical accuracy: 86.67

round 13, metrics=<sparse_categorical_accuracy=0.7749999761581421,loss=0.7891880869865417>
2.4854 seconds
Tested. Sparse categorical accuracy: 85.00

round 14, metrics=<sparse_categorical_accuracy=0.8106666803359985,loss=0.6797153353691101>
2.7216 seconds
Tested. Sparse categorical accuracy: 78.33

round 15, metrics=<sparse_categorical_accuracy=0.8556666374206543,loss=0.5214369893074036>
2.3071 seconds
Tested. Sparse categorical accuracy: 90.00

round 16, metrics=<sparse_categorical_accuracy=0.8676666617393494,loss=0.4936891198158264>
2.4200 seconds
Tested. Sparse categorical accuracy: 78.33

round 17, metrics=<sparse_categorical_accuracy=0.8493333458900452,loss=0.49424925446510315>
2.6781 seconds
Tested. Sparse categorical accuracy: 85.00

round 18, metrics=<sparse_categorical_accuracy=0.8763333559036255,loss=0.45308080315589905>
2.3135 seconds
Tested. Sparse categorical accuracy: 80.00

round 19, metrics=<sparse_categorical_accuracy=0.9183333516120911,loss=0.2885020077228546>
2.6592 seconds
Tested. Sparse categorical accuracy: 93.33

round 20, metrics=<sparse_categorical_accuracy=0.921999990940094,loss=0.2526104748249054>
2.5376 seconds
Tested. Sparse categorical accuracy: 96.67

round 21, metrics=<sparse_categorical_accuracy=0.9146666526794434,loss=0.28817519545555115>
2.4049 seconds
Tested. Sparse categorical accuracy: 93.33

round 22, metrics=<sparse_categorical_accuracy=0.9160000085830688,loss=0.2625599503517151>
2.6150 seconds
Tested. Sparse categorical accuracy: 86.67

round 23, metrics=<sparse_categorical_accuracy=0.9139999747276306,loss=0.30138540267944336>
2.2898 seconds
Tested. Sparse categorical accuracy: 96.67

round 24, metrics=<sparse_categorical_accuracy=0.934333324432373,loss=0.22549672424793243>
2.9859 seconds
Tested. Sparse categorical accuracy: 100.00

24  rounds run
Average time per round: 2.00

preds
Traceback (most recent call last):
  File "R_tff_main.py", line 28, in <module>
    p1.go(test, batch)
  File "/home/apawlik/federated/R_1_each_client_partially_iid.py", line 208, in go
    self.train(num, batch, 1)
  File "/home/apawlik/federated/R_partitioner.py", line 326, in train
    print(preds)
UnboundLocalError: local variable 'preds' referenced before assignment
