
TENSORFLOW USERS:
You must use the python3.6-anaconda/5.2.0 module to run TensorFlow.
See https://arc-ts.umich.edu/greatlakes/software/tensorflow for more
information.



The following have been reloaded with a version change:
  1) cuda/10.0.130 => cuda/10.1.105


Currently Loaded Modules:
  1) python3.7-anaconda/2019.07   2) cudnn/10.0-v7.6   3) cuda/10.1.105

 

mkdir: cannot create directory ‘results/9315439’: File exists
mkdir: cannot create directory ‘results/9315439/log’: File exists
2020-07-16 13:25:35.588488: E tensorflow/stream_executor/cuda/cuda_driver.cc:313] failed call to cuInit: UNKNOWN ERROR (303)
Test  11
2020-07-16 13:25:35.106632

How often each label is chosen for non-IID data
[18, 19, 21, 21, 18, 22, 26, 12, 18, 25]

Schema 1: Each client partially IID
--------------------------------------------------
percent data distributed IID:  80
number of classes for non-IID data:  2
data points per client (mean, std dev): ( 600 ,  0 )
--------------------------------------------------
round  1, metrics=<sparse_categorical_accuracy=0.13199999928474426,loss=2.3038697242736816>
4.3142 seconds
Tested. Sparse categorical accuracy: 20.00

round  2, metrics=<sparse_categorical_accuracy=0.10533333569765091,loss=2.2989304065704346>
2.6285 seconds
Tested. Sparse categorical accuracy: 26.67

round  3, metrics=<sparse_categorical_accuracy=0.11800000071525574,loss=2.290764093399048>
2.7888 seconds
Tested. Sparse categorical accuracy: 20.00

round  4, metrics=<sparse_categorical_accuracy=0.09600000083446503,loss=2.2749648094177246>
2.7047 seconds
Tested. Sparse categorical accuracy: 20.00

round  5, metrics=<sparse_categorical_accuracy=0.15333333611488342,loss=2.2392005920410156>
3.0485 seconds
Tested. Sparse categorical accuracy: 45.00

round  6, metrics=<sparse_categorical_accuracy=0.19033333659172058,loss=2.1582980155944824>
2.8319 seconds
Tested. Sparse categorical accuracy: 58.33

round  7, metrics=<sparse_categorical_accuracy=0.2930000126361847,loss=2.086897134780884>
2.8148 seconds
Tested. Sparse categorical accuracy: 80.00

round  8, metrics=<sparse_categorical_accuracy=0.3803333342075348,loss=2.1268579959869385>
2.7317 seconds
Tested. Sparse categorical accuracy: 63.33

round  9, metrics=<sparse_categorical_accuracy=0.49799999594688416,loss=1.8324013948440552>
2.6249 seconds
Tested. Sparse categorical accuracy: 61.67

round 10, metrics=<sparse_categorical_accuracy=0.5113333463668823,loss=1.7209187746047974>
2.6989 seconds
Tested. Sparse categorical accuracy: 78.33

round 11, metrics=<sparse_categorical_accuracy=0.606333315372467,loss=1.4951881170272827>
3.0340 seconds
Tested. Sparse categorical accuracy: 83.33

round 12, metrics=<sparse_categorical_accuracy=0.6759999990463257,loss=1.1435407400131226>
3.1473 seconds
Tested. Sparse categorical accuracy: 86.67

round 13, metrics=<sparse_categorical_accuracy=0.7603333592414856,loss=0.852723240852356>
2.8262 seconds
Tested. Sparse categorical accuracy: 93.33

round 14, metrics=<sparse_categorical_accuracy=0.7666666507720947,loss=0.8296616077423096>
2.9134 seconds
Tested. Sparse categorical accuracy: 93.33

round 15, metrics=<sparse_categorical_accuracy=0.8136666417121887,loss=0.7056557536125183>
2.4786 seconds
Tested. Sparse categorical accuracy: 88.33

round 16, metrics=<sparse_categorical_accuracy=0.815666675567627,loss=0.6524326801300049>
2.6611 seconds
Tested. Sparse categorical accuracy: 85.00

round 17, metrics=<sparse_categorical_accuracy=0.8893333077430725,loss=0.3823608458042145>
2.9009 seconds
Tested. Sparse categorical accuracy: 100.00

round 18, metrics=<sparse_categorical_accuracy=0.8840000033378601,loss=0.40299952030181885>
2.4662 seconds
Tested. Sparse categorical accuracy: 86.67

round 19, metrics=<sparse_categorical_accuracy=0.9013333320617676,loss=0.32200485467910767>
2.7042 seconds
Tested. Sparse categorical accuracy: 100.00

round 20, metrics=<sparse_categorical_accuracy=0.9039999842643738,loss=0.3259377181529999>
3.0598 seconds
Tested. Sparse categorical accuracy: 86.67

round 21, metrics=<sparse_categorical_accuracy=0.9223333597183228,loss=0.25993460416793823>
2.5321 seconds
Tested. Sparse categorical accuracy: 88.33

round 22, metrics=<sparse_categorical_accuracy=0.9196666479110718,loss=0.2747809588909149>
2.7072 seconds
Tested. Sparse categorical accuracy: 90.00

round 23, metrics=<sparse_categorical_accuracy=0.9273333549499512,loss=0.2451094537973404>
2.9505 seconds
Tested. Sparse categorical accuracy: 100.00

round 24, metrics=<sparse_categorical_accuracy=0.9253333210945129,loss=0.23920874297618866>
2.6577 seconds
Tested. Sparse categorical accuracy: 91.67

24  rounds run
Average time per round: 2.00

preds
Traceback (most recent call last):
  File "R_tff_main.py", line 28, in <module>
    p1.go(test, batch)
  File "/home/apawlik/federated/R_1_each_client_partially_iid.py", line 208, in go
    self.train(num, batch, 1)
  File "/home/apawlik/federated/R_partitioner.py", line 326, in train
    print(preds)
UnboundLocalError: local variable 'preds' referenced before assignment
