2020-04-12 23:17:27.332073
Test  13
1.4029803921568627
2.352607843137255
1.5533333333333332
2.359166666666667
2.0923809523809522
2.7058333333333335
2.6152380952380954
3.1633333333333336
1.7838095238095237
2.6858333333333335
1.3009523809523809
1.3883333333333334
1.5504761904761906
2.3566666666666665
1.3542857142857143
2.185
1.5314285714285714
2.465
1.259047619047619
1.9766666666666666
2.3466666666666667
3.1783333333333332
1.1885714285714286
1.29
2.334285714285714
2.5425
2.3276190476190477
3.0366666666666666
1.3171428571428572
2.2775
1.6028571428571428
2.1525
2.1752380952380954
1.9033333333333333
1.3761904761904762
2.3291666666666666
3.2923809523809524
3.6308333333333334
2.5428571428571427
2.225
3.639047619047619
4.309166666666667
2.6876190476190476
2.6016666666666666
1.8885714285714286
2.7775
1.4742857142857142
1.665
1.3647619047619048
1.5691666666666666
2.320952380952381
3.0308333333333333
2.4638095238095237
2.1558333333333333
1.5038095238095237
1.4408333333333334
1.9733333333333334
2.7266666666666666
1.5895238095238096
2.515833333333333
2.3047619047619046
3.1416666666666666
2.473333333333333
2.4141666666666666
1.6914285714285715
1.48
1.360952380952381
2.3158333333333334
2.261904761904762
2.9791666666666665
2.2257142857142855
2.1975
2.0171428571428573
1.89
1.579047619047619
2.256666666666667
2.1733333333333333
2.901666666666667
1.500952380952381
1.9383333333333332
1.7161904761904763
1.5016666666666667
1.3942857142857144
1.72
2.3666666666666667
2.8208333333333333
3.9885714285714284
4.365
1.9123809523809523
2.7983333333333333
2.1276190476190475
2.486666666666667
2.717142857142857
3.1275
2.5828571428571427
2.76
1.5
2.3125
1.4895238095238095
2.0533333333333332
2.4380952380952383
2.2583333333333333
4.496190476190476
4.934166666666667
3.177142857142857
2.78
1.3771428571428572
1.58
1.6085714285714285
2.2825
2.0047619047619047
2.629166666666667
2.1219047619047617
2.7316666666666665
2.8723809523809525
3.638333333333333
3.001904761904762
2.7516666666666665
3.9057142857142857
4.0425
1.260952380952381
2.2283333333333335
1.4504761904761905
2.1441666666666666
1.9323809523809523
2.0658333333333334
1.7161904761904763
2.0016666666666665
2.585714285714286
2.2625
1.6790476190476191
2.3441666666666667
2.244761904761905
1.9641666666666666
2.5428571428571427
3.225
1.6142857142857143
1.5375
2.0276190476190474
2.0241666666666664
1.7866666666666666
2.6883333333333335
1.3561904761904762
1.5616666666666668
1.6514285714285715
1.445
1.861904761904762
2.004166666666667
2.823809523809524
3.470833333333333
1.6895238095238094
2.3533333333333335
2.5304761904761905
3.089166666666667
2.5904761904761906
2.2666666666666666
2.959047619047619
2.839166666666667
1.8161904761904761
1.8391666666666666
9.987696976552504e+238
8.739234854483441e+238
2.441904761904762
2.7616666666666667
1.3466666666666667
1.8033333333333332
1.841904761904762
1.9866666666666666
3.0028571428571427
2.6275
1.3342857142857143
1.4175
2.4257142857142857
2.2475
2.3685714285714288
2.9475
2.718095238095238
3.3783333333333334
9.987696976552504e+238
8.739234854483441e+238
9.987696976552504e+238
8.739234854483441e+238
3.201904761904762
3.8016666666666667
3.1619047619047618
3.8916666666666666
2.4057142857142857
2.605
2.2904761904761903
3.004166666666667
2.980952380952381
2.8583333333333334
1.619047619047619
1.5416666666666667
1.5942857142857143
2.52
2.400952380952381
2.9758333333333336
1.860952380952381
1.7533333333333334

Schema 1: Each client partially IID
--------------------------------------------------
percent data distributed IID:  50
number of classes for non-IID data:  2
data points per client (mean, std dev): ( 600 ,  0 )

number of clients:  100
cohort size:  20
number of local epochs:  10
local batch size:  20
learning rate:  0.215
target accuracy:  80 %
--------------------------------------------------

round  1, metrics=<sparse_categorical_accuracy=0.5068708062171936,loss=nan>
339.5384 seconds
Tested. Sparse categorical accuracy: 8.00
2020-04-12 23:23:14.813934

round  2, metrics=<sparse_categorical_accuracy=0.49500831961631775,loss=nan>
339.9616 seconds
Tested. Sparse categorical accuracy: 8.50
2020-04-12 23:28:54.901194

