
TENSORFLOW USERS:
You must use the python3.6-anaconda/5.2.0 module to run TensorFlow.
See https://arc-ts.umich.edu/greatlakes/software/tensorflow for more
information.



The following have been reloaded with a version change:
  1) cuda/10.0.130 => cuda/10.1.105


Currently Loaded Modules:
  1) python3.7-anaconda/2019.07   2) cudnn/10.0-v7.6   3) cuda/10.1.105

 

mkdir: cannot create directory ‘results/8700951’: File exists
mkdir: cannot create directory ‘results/8700951/log’: File exists
2020-07-07 21:15:06.276383: E tensorflow/stream_executor/cuda/cuda_driver.cc:313] failed call to cuInit: UNKNOWN ERROR (303)
Test  275
2020-07-07 21:15:05.788335


Schema 1: Each client partially IID
--------------------------------------------------
percent data distributed IID:  80
number of classes for non-IID data:  2
data points per client (mean, std dev): ( 600 ,  0 )
--------------------------------------------------
round  1, metrics=<sparse_categorical_accuracy=0.20327778160572052,loss=2.218238353729248>
21.1149 seconds
Tested. Sparse categorical accuracy: 60.00

round  2, metrics=<sparse_categorical_accuracy=0.43061110377311707,loss=1.8919858932495117>
14.5228 seconds
Tested. Sparse categorical accuracy: 90.00

2  rounds run
Average time per round: 17.00

2020-07-07 21:15:47.623570
