
TENSORFLOW USERS:
You must use the python3.6-anaconda/5.2.0 module to run TensorFlow.
See https://arc-ts.umich.edu/greatlakes/software/tensorflow for more
information.



The following have been reloaded with a version change:
  1) cuda/10.0.130 => cuda/10.1.105


Currently Loaded Modules:
  1) python3.7-anaconda/2019.07   2) cudnn/10.0-v7.6   3) cuda/10.1.105

 

mkdir: cannot create directory ‘results/8700951’: File exists
mkdir: cannot create directory ‘results/8700951/log’: File exists
2020-07-07 21:13:22.045407: E tensorflow/stream_executor/cuda/cuda_driver.cc:313] failed call to cuInit: UNKNOWN ERROR (303)
Test  242
2020-07-07 21:13:21.568239


Schema 1: Each client partially IID
--------------------------------------------------
percent data distributed IID:  80
number of classes for non-IID data:  2
data points per client (mean, std dev): ( 600 ,  0 )
--------------------------------------------------
round  1, metrics=<sparse_categorical_accuracy=0.1589999943971634,loss=2.27762508392334>
5.7281 seconds
Tested. Sparse categorical accuracy: 13.33

round  2, metrics=<sparse_categorical_accuracy=0.2511666715145111,loss=2.2448089122772217>
4.2624 seconds
Tested. Sparse categorical accuracy: 43.33

round  3, metrics=<sparse_categorical_accuracy=0.4086666703224182,loss=2.2063262462615967>
4.4641 seconds
Tested. Sparse categorical accuracy: 33.33

round  4, metrics=<sparse_categorical_accuracy=0.4533333480358124,loss=2.0147783756256104>
4.2561 seconds
Tested. Sparse categorical accuracy: 53.33

round  5, metrics=<sparse_categorical_accuracy=0.5616666674613953,loss=1.6340950727462769>
4.2889 seconds
Tested. Sparse categorical accuracy: 46.67

round  6, metrics=<sparse_categorical_accuracy=0.7139999866485596,loss=0.9877267479896545>
4.2437 seconds
Tested. Sparse categorical accuracy: 76.67

6  rounds run
Average time per round: 4.00

2020-07-07 21:13:55.287648
