
TENSORFLOW USERS:
You must use the python3.6-anaconda/5.2.0 module to run TensorFlow.
See https://arc-ts.umich.edu/greatlakes/software/tensorflow for more
information.



The following have been reloaded with a version change:
  1) cuda/10.0.130 => cuda/10.1.105


Currently Loaded Modules:
  1) python3.7-anaconda/2019.07   2) cudnn/10.0-v7.6   3) cuda/10.1.105

 

mkdir: cannot create directory ‘results/8700951’: File exists
mkdir: cannot create directory ‘results/8700951/log’: File exists
2020-07-07 20:56:17.214614: E tensorflow/stream_executor/cuda/cuda_driver.cc:313] failed call to cuInit: UNKNOWN ERROR (303)
Test  41
2020-07-07 20:56:16.731609


Schema 1: Each client partially IID
--------------------------------------------------
percent data distributed IID:  80
number of classes for non-IID data:  2
data points per client (mean, std dev): ( 600 ,  0 )
--------------------------------------------------
round  1, metrics=<sparse_categorical_accuracy=0.125,loss=2.3030178546905518>
2.8623 seconds
Tested. Sparse categorical accuracy: 10.00

round  2, metrics=<sparse_categorical_accuracy=0.15333333611488342,loss=2.293341875076294>
2.1556 seconds
Tested. Sparse categorical accuracy: 16.67

round  3, metrics=<sparse_categorical_accuracy=0.09133332967758179,loss=2.2898736000061035>
2.2322 seconds
Tested. Sparse categorical accuracy: 26.67

round  4, metrics=<sparse_categorical_accuracy=0.16233333945274353,loss=2.261644124984741>
2.1201 seconds
Tested. Sparse categorical accuracy: 31.67

round  5, metrics=<sparse_categorical_accuracy=0.18966667354106903,loss=2.2393221855163574>
2.2112 seconds
Tested. Sparse categorical accuracy: 45.00

round  6, metrics=<sparse_categorical_accuracy=0.27133333683013916,loss=2.1390514373779297>
2.0589 seconds
Tested. Sparse categorical accuracy: 36.67

round  7, metrics=<sparse_categorical_accuracy=0.34933334589004517,loss=2.219726085662842>
2.1922 seconds
Tested. Sparse categorical accuracy: 46.67

round  8, metrics=<sparse_categorical_accuracy=0.4793333411216736,loss=1.9208041429519653>
2.0290 seconds
Tested. Sparse categorical accuracy: 51.67

round  9, metrics=<sparse_categorical_accuracy=0.4426666796207428,loss=1.9252384901046753>
2.0565 seconds
Tested. Sparse categorical accuracy: 50.00

round 10, metrics=<sparse_categorical_accuracy=0.5366666913032532,loss=1.6224682331085205>
2.1792 seconds
Tested. Sparse categorical accuracy: 75.00

round 11, metrics=<sparse_categorical_accuracy=0.6133333444595337,loss=1.3908084630966187>
2.0697 seconds
Tested. Sparse categorical accuracy: 55.00

round 12, metrics=<sparse_categorical_accuracy=0.6370000243186951,loss=1.1263943910598755>
2.1513 seconds
Tested. Sparse categorical accuracy: 85.00

12  rounds run
Average time per round: 2.00

2020-07-07 20:56:49.939481
