
TENSORFLOW USERS:
You must use the python3.6-anaconda/5.2.0 module to run TensorFlow.
See https://arc-ts.umich.edu/greatlakes/software/tensorflow for more
information.



The following have been reloaded with a version change:
  1) cuda/10.0.130 => cuda/10.1.105


Currently Loaded Modules:
  1) python3.7-anaconda/2019.07   2) cudnn/10.0-v7.6   3) cuda/10.1.105

 

mkdir: cannot create directory ‘results/8700951’: File exists
mkdir: cannot create directory ‘results/8700951/log’: File exists
2020-07-07 21:21:56.330358: E tensorflow/stream_executor/cuda/cuda_driver.cc:313] failed call to cuInit: UNKNOWN ERROR (303)
Test  393
2020-07-07 21:21:55.847166


Schema 1: Each client partially IID
--------------------------------------------------
percent data distributed IID:  80
number of classes for non-IID data:  2
data points per client (mean, std dev): ( 600 ,  0 )
--------------------------------------------------
round  1, metrics=<sparse_categorical_accuracy=0.1626666635274887,loss=2.268927574157715>
9.3749 seconds
Tested. Sparse categorical accuracy: 40.00

round  2, metrics=<sparse_categorical_accuracy=0.2795555591583252,loss=2.2125799655914307>
6.8075 seconds
Tested. Sparse categorical accuracy: 60.00

round  3, metrics=<sparse_categorical_accuracy=0.36033332347869873,loss=2.165058135986328>
6.7297 seconds
Tested. Sparse categorical accuracy: 60.00

round  4, metrics=<sparse_categorical_accuracy=0.5717777609825134,loss=1.590994954109192>
6.6693 seconds
Tested. Sparse categorical accuracy: 85.00

4  rounds run
Average time per round: 7.00

2020-07-07 21:22:31.584180
