
TENSORFLOW USERS:
You must use the python3.6-anaconda/5.2.0 module to run TensorFlow.
See https://arc-ts.umich.edu/greatlakes/software/tensorflow for more
information.



The following have been reloaded with a version change:
  1) cuda/10.0.130 => cuda/10.1.105


Currently Loaded Modules:
  1) python3.7-anaconda/2019.07   2) cudnn/10.0-v7.6   3) cuda/10.1.105

 

mkdir: cannot create directory ‘results/8700951’: File exists
mkdir: cannot create directory ‘results/8700951/log’: File exists
2020-07-07 21:26:06.363860: E tensorflow/stream_executor/cuda/cuda_driver.cc:313] failed call to cuInit: UNKNOWN ERROR (303)
Test  467
2020-07-07 21:26:05.873871


Schema 1: Each client partially IID
--------------------------------------------------
percent data distributed IID:  80
number of classes for non-IID data:  2
data points per client (mean, std dev): ( 600 ,  0 )
--------------------------------------------------
round  1, metrics=<sparse_categorical_accuracy=0.18166667222976685,loss=2.277618408203125>
6.0040 seconds
Tested. Sparse categorical accuracy: 13.33

round  2, metrics=<sparse_categorical_accuracy=0.2304999977350235,loss=2.242189407348633>
4.6011 seconds
Tested. Sparse categorical accuracy: 30.00

round  3, metrics=<sparse_categorical_accuracy=0.3538333475589752,loss=2.0894341468811035>
4.6094 seconds
Tested. Sparse categorical accuracy: 50.00

round  4, metrics=<sparse_categorical_accuracy=0.4620000123977661,loss=1.898455262184143>
4.5524 seconds
Tested. Sparse categorical accuracy: 63.33

round  5, metrics=<sparse_categorical_accuracy=0.5770000219345093,loss=1.5293521881103516>
4.3803 seconds
Tested. Sparse categorical accuracy: 76.67

round  6, metrics=<sparse_categorical_accuracy=0.6694999933242798,loss=1.1835718154907227>
4.5293 seconds
Tested. Sparse categorical accuracy: 80.00

6  rounds run
Average time per round: 4.00

2020-07-07 21:26:41.361429
