
TENSORFLOW USERS:
You must use the python3.6-anaconda/5.2.0 module to run TensorFlow.
See https://arc-ts.umich.edu/greatlakes/software/tensorflow for more
information.



The following have been reloaded with a version change:
  1) cuda/10.0.130 => cuda/10.1.105


Currently Loaded Modules:
  1) python3.7-anaconda/2019.07   2) cudnn/10.0-v7.6   3) cuda/10.1.105

 

mkdir: cannot create directory ‘results/8700951’: File exists
mkdir: cannot create directory ‘results/8700951/log’: File exists
2020-07-07 20:59:40.855669: E tensorflow/stream_executor/cuda/cuda_driver.cc:313] failed call to cuInit: UNKNOWN ERROR (303)
Test  78
2020-07-07 20:59:40.376763


Schema 1: Each client partially IID
--------------------------------------------------
percent data distributed IID:  80
number of classes for non-IID data:  2
data points per client (mean, std dev): ( 600 ,  0 )
--------------------------------------------------
round  1, metrics=<sparse_categorical_accuracy=0.17588889598846436,loss=2.270571231842041>
9.4760 seconds
Tested. Sparse categorical accuracy: 35.00

round  2, metrics=<sparse_categorical_accuracy=0.2572222352027893,loss=2.2720673084259033>
6.9406 seconds
Tested. Sparse categorical accuracy: 0.00

round  3, metrics=<sparse_categorical_accuracy=0.23688888549804688,loss=2.2230329513549805>
6.5742 seconds
Tested. Sparse categorical accuracy: 30.00

round  4, metrics=<sparse_categorical_accuracy=0.4327777922153473,loss=1.9631681442260742>
6.6173 seconds
Tested. Sparse categorical accuracy: 30.00

4  rounds run
Average time per round: 7.00

2020-07-07 21:00:16.074325
