
TENSORFLOW USERS:
You must use the python3.6-anaconda/5.2.0 module to run TensorFlow.
See https://arc-ts.umich.edu/greatlakes/software/tensorflow for more
information.



The following have been reloaded with a version change:
  1) cuda/10.0.130 => cuda/10.1.105


Currently Loaded Modules:
  1) python3.7-anaconda/2019.07   2) cudnn/10.0-v7.6   3) cuda/10.1.105

 

mkdir: cannot create directory ‘results/8700951’: File exists
mkdir: cannot create directory ‘results/8700951/log’: File exists
2020-07-07 20:57:54.333168: E tensorflow/stream_executor/cuda/cuda_driver.cc:313] failed call to cuInit: UNKNOWN ERROR (303)
Test  61
2020-07-07 20:57:53.784398


Schema 1: Each client partially IID
--------------------------------------------------
percent data distributed IID:  80
number of classes for non-IID data:  2
data points per client (mean, std dev): ( 600 ,  0 )
--------------------------------------------------
round  1, metrics=<sparse_categorical_accuracy=0.11699999868869781,loss=2.3028645515441895>
3.1415 seconds
Tested. Sparse categorical accuracy: 13.33

round  2, metrics=<sparse_categorical_accuracy=0.09266666322946548,loss=2.297915458679199>
2.3607 seconds
Tested. Sparse categorical accuracy: 20.00

round  3, metrics=<sparse_categorical_accuracy=0.1589999943971634,loss=2.2860679626464844>
2.5867 seconds
Tested. Sparse categorical accuracy: 35.00

round  4, metrics=<sparse_categorical_accuracy=0.20466665923595428,loss=2.26234769821167>
2.4001 seconds
Tested. Sparse categorical accuracy: 55.00

round  5, metrics=<sparse_categorical_accuracy=0.2720000147819519,loss=2.1999871730804443>
2.5060 seconds
Tested. Sparse categorical accuracy: 31.67

round  6, metrics=<sparse_categorical_accuracy=0.2836666703224182,loss=2.111149787902832>
2.3497 seconds
Tested. Sparse categorical accuracy: 36.67

round  7, metrics=<sparse_categorical_accuracy=0.36633333563804626,loss=2.2976303100585938>
2.8338 seconds
Tested. Sparse categorical accuracy: 13.33

round  8, metrics=<sparse_categorical_accuracy=0.2383333295583725,loss=2.103825330734253>
2.2544 seconds
Tested. Sparse categorical accuracy: 33.33

round  9, metrics=<sparse_categorical_accuracy=0.42933332920074463,loss=1.90733802318573>
2.5257 seconds
Tested. Sparse categorical accuracy: 58.33

round 10, metrics=<sparse_categorical_accuracy=0.5293333530426025,loss=1.6290323734283447>
2.3632 seconds
Tested. Sparse categorical accuracy: 57.50

round 11, metrics=<sparse_categorical_accuracy=0.5649999976158142,loss=1.451025366783142>
2.3415 seconds
Tested. Sparse categorical accuracy: 63.33

round 12, metrics=<sparse_categorical_accuracy=0.6610000133514404,loss=1.2976020574569702>
2.1437 seconds
Tested. Sparse categorical accuracy: 66.67

12  rounds run
Average time per round: 2.00

2020-07-07 20:58:31.139892
