
TENSORFLOW USERS:
You must use the python3.6-anaconda/5.2.0 module to run TensorFlow.
See https://arc-ts.umich.edu/greatlakes/software/tensorflow for more
information.



The following have been reloaded with a version change:
  1) cuda/10.0.130 => cuda/10.1.105


Currently Loaded Modules:
  1) python3.7-anaconda/2019.07   2) cudnn/10.0-v7.6   3) cuda/10.1.105

 

mkdir: cannot create directory ‘results/8700951’: File exists
mkdir: cannot create directory ‘results/8700951/log’: File exists
2020-07-07 21:13:00.738147: E tensorflow/stream_executor/cuda/cuda_driver.cc:313] failed call to cuInit: UNKNOWN ERROR (303)
Test  238
2020-07-07 21:13:00.262532


Schema 1: Each client partially IID
--------------------------------------------------
percent data distributed IID:  80
number of classes for non-IID data:  2
data points per client (mean, std dev): ( 600 ,  0 )
--------------------------------------------------
round  1, metrics=<sparse_categorical_accuracy=0.13811111450195312,loss=2.2695631980895996>
9.7392 seconds
Tested. Sparse categorical accuracy: 5.00

round  2, metrics=<sparse_categorical_accuracy=0.26944443583488464,loss=2.141313076019287>
6.9733 seconds
Tested. Sparse categorical accuracy: 50.00

round  3, metrics=<sparse_categorical_accuracy=0.3623333275318146,loss=2.0837719440460205>
6.7797 seconds
Tested. Sparse categorical accuracy: 55.00

round  4, metrics=<sparse_categorical_accuracy=0.6169999837875366,loss=1.4299747943878174>
7.2093 seconds
Tested. Sparse categorical accuracy: 80.00

4  rounds run
Average time per round: 7.00

2020-07-07 21:13:37.155994
