
TENSORFLOW USERS:
You must use the python3.6-anaconda/5.2.0 module to run TensorFlow.
See https://arc-ts.umich.edu/greatlakes/software/tensorflow for more
information.



The following have been reloaded with a version change:
  1) cuda/10.0.130 => cuda/10.1.105


Currently Loaded Modules:
  1) python3.7-anaconda/2019.07   2) cudnn/10.0-v7.6   3) cuda/10.1.105

 

mkdir: cannot create directory ‘results/8700951’: File exists
mkdir: cannot create directory ‘results/8700951/log’: File exists
2020-07-07 21:09:10.110996: E tensorflow/stream_executor/cuda/cuda_driver.cc:313] failed call to cuInit: UNKNOWN ERROR (303)
Test  171
2020-07-07 21:09:09.570304


Schema 1: Each client partially IID
--------------------------------------------------
percent data distributed IID:  80
number of classes for non-IID data:  2
data points per client (mean, std dev): ( 600 ,  0 )
--------------------------------------------------
round  1, metrics=<sparse_categorical_accuracy=0.109333336353302,loss=2.3042197227478027>
3.5649 seconds
Tested. Sparse categorical accuracy: 8.33

round  2, metrics=<sparse_categorical_accuracy=0.109333336353302,loss=2.2970449924468994>
2.7243 seconds
Tested. Sparse categorical accuracy: 15.00

round  3, metrics=<sparse_categorical_accuracy=0.11666666716337204,loss=2.2870113849639893>
2.9690 seconds
Tested. Sparse categorical accuracy: 13.33

round  4, metrics=<sparse_categorical_accuracy=0.12266666442155838,loss=2.2695703506469727>
2.6714 seconds
Tested. Sparse categorical accuracy: 41.67

round  5, metrics=<sparse_categorical_accuracy=0.21299999952316284,loss=2.2122573852539062>
2.8271 seconds
Tested. Sparse categorical accuracy: 28.33

round  6, metrics=<sparse_categorical_accuracy=0.3256666660308838,loss=2.0743014812469482>
2.5705 seconds
Tested. Sparse categorical accuracy: 56.67

round  7, metrics=<sparse_categorical_accuracy=0.31033334136009216,loss=2.4636282920837402>
2.9869 seconds
Tested. Sparse categorical accuracy: 35.00

round  8, metrics=<sparse_categorical_accuracy=0.3526666760444641,loss=2.209620475769043>
2.8700 seconds
Tested. Sparse categorical accuracy: 61.67

round  9, metrics=<sparse_categorical_accuracy=0.4326666593551636,loss=1.9174007177352905>
3.2051 seconds
Tested. Sparse categorical accuracy: 70.00

round 10, metrics=<sparse_categorical_accuracy=0.47466665506362915,loss=2.1109890937805176>
2.9219 seconds
Tested. Sparse categorical accuracy: 35.00

round 11, metrics=<sparse_categorical_accuracy=0.4873333275318146,loss=1.6050883531570435>
3.1034 seconds
Tested. Sparse categorical accuracy: 66.67

round 12, metrics=<sparse_categorical_accuracy=0.5423333048820496,loss=1.7429074048995972>
3.0536 seconds
Tested. Sparse categorical accuracy: 58.33

12  rounds run
Average time per round: 2.00

2020-07-07 21:09:52.983830
