
TENSORFLOW USERS:
You must use the python3.6-anaconda/5.2.0 module to run TensorFlow.
See https://arc-ts.umich.edu/greatlakes/software/tensorflow for more
information.



The following have been reloaded with a version change:
  1) cuda/10.0.130 => cuda/10.1.105


Currently Loaded Modules:
  1) python3.7-anaconda/2019.07   2) cudnn/10.0-v7.6   3) cuda/10.1.105

 

mkdir: cannot create directory ‘results/8700951’: File exists
mkdir: cannot create directory ‘results/8700951/log’: File exists
2020-07-07 21:14:39.309784: E tensorflow/stream_executor/cuda/cuda_driver.cc:313] failed call to cuInit: UNKNOWN ERROR (303)
Test  266
2020-07-07 21:14:38.783789


Schema 1: Each client partially IID
--------------------------------------------------
percent data distributed IID:  80
number of classes for non-IID data:  2
data points per client (mean, std dev): ( 600 ,  0 )
--------------------------------------------------
round  1, metrics=<sparse_categorical_accuracy=0.08933333307504654,loss=2.3026797771453857>
3.6631 seconds
Tested. Sparse categorical accuracy: 23.33

round  2, metrics=<sparse_categorical_accuracy=0.12700000405311584,loss=2.293368101119995>
2.8767 seconds
Tested. Sparse categorical accuracy: 48.33

round  3, metrics=<sparse_categorical_accuracy=0.1496666669845581,loss=2.282280445098877>
3.0317 seconds
Tested. Sparse categorical accuracy: 33.33

round  4, metrics=<sparse_categorical_accuracy=0.11800000071525574,loss=2.249018430709839>
2.6009 seconds
Tested. Sparse categorical accuracy: 40.00

round  5, metrics=<sparse_categorical_accuracy=0.2953333258628845,loss=2.1659843921661377>
2.7921 seconds
Tested. Sparse categorical accuracy: 60.00

round  6, metrics=<sparse_categorical_accuracy=0.37299999594688416,loss=2.3052639961242676>
2.5956 seconds
Tested. Sparse categorical accuracy: 21.67

round  7, metrics=<sparse_categorical_accuracy=0.2696666717529297,loss=2.235183000564575>
3.1022 seconds
Tested. Sparse categorical accuracy: 45.00

round  8, metrics=<sparse_categorical_accuracy=0.3919999897480011,loss=2.0433194637298584>
2.7543 seconds
Tested. Sparse categorical accuracy: 58.33

round  9, metrics=<sparse_categorical_accuracy=0.4896666705608368,loss=2.2740044593811035>
2.8829 seconds
Tested. Sparse categorical accuracy: 35.00

round 10, metrics=<sparse_categorical_accuracy=0.4519999921321869,loss=2.0500223636627197>
2.5851 seconds
Tested. Sparse categorical accuracy: 45.00

round 11, metrics=<sparse_categorical_accuracy=0.5256666541099548,loss=1.7689392566680908>
2.6130 seconds
Tested. Sparse categorical accuracy: 48.33

round 12, metrics=<sparse_categorical_accuracy=0.6363333463668823,loss=1.1363128423690796>
2.7691 seconds
Tested. Sparse categorical accuracy: 61.67

12  rounds run
Average time per round: 2.00

2020-07-07 21:15:21.015464
