
TENSORFLOW USERS:
You must use the python3.6-anaconda/5.2.0 module to run TensorFlow.
See https://arc-ts.umich.edu/greatlakes/software/tensorflow for more
information.



The following have been reloaded with a version change:
  1) cuda/10.0.130 => cuda/10.1.105


Currently Loaded Modules:
  1) python3.7-anaconda/2019.07   2) cudnn/10.0-v7.6   3) cuda/10.1.105

 

mkdir: cannot create directory ‘results/8700951’: File exists
mkdir: cannot create directory ‘results/8700951/log’: File exists
2020-07-07 21:19:29.893553: E tensorflow/stream_executor/cuda/cuda_driver.cc:313] failed call to cuInit: UNKNOWN ERROR (303)
Test  352
2020-07-07 21:19:29.410005


Schema 1: Each client partially IID
--------------------------------------------------
percent data distributed IID:  80
number of classes for non-IID data:  2
data points per client (mean, std dev): ( 600 ,  0 )
--------------------------------------------------
round  1, metrics=<sparse_categorical_accuracy=0.15783333778381348,loss=2.2844629287719727>
5.8256 seconds
Tested. Sparse categorical accuracy: 26.67

round  2, metrics=<sparse_categorical_accuracy=0.18733333051204681,loss=2.266746759414673>
4.4300 seconds
Tested. Sparse categorical accuracy: 30.00

round  3, metrics=<sparse_categorical_accuracy=0.28600001335144043,loss=2.2139244079589844>
4.0981 seconds
Tested. Sparse categorical accuracy: 53.33

round  4, metrics=<sparse_categorical_accuracy=0.367333322763443,loss=2.1479148864746094>
4.1083 seconds
Tested. Sparse categorical accuracy: 56.67

round  5, metrics=<sparse_categorical_accuracy=0.45766666531562805,loss=1.8401849269866943>
4.1531 seconds
Tested. Sparse categorical accuracy: 46.67

round  6, metrics=<sparse_categorical_accuracy=0.5221666693687439,loss=1.6109881401062012>
4.0213 seconds
Tested. Sparse categorical accuracy: 73.33

6  rounds run
Average time per round: 4.00

2020-07-07 21:20:02.402819
