
TENSORFLOW USERS:
You must use the python3.6-anaconda/5.2.0 module to run TensorFlow.
See https://arc-ts.umich.edu/greatlakes/software/tensorflow for more
information.



The following have been reloaded with a version change:
  1) cuda/10.0.130 => cuda/10.1.105


Currently Loaded Modules:
  1) python3.7-anaconda/2019.07   2) cudnn/10.0-v7.6   3) cuda/10.1.105

 

mkdir: cannot create directory ‘results/8700951’: File exists
mkdir: cannot create directory ‘results/8700951/log’: File exists
2020-07-07 21:23:11.153353: E tensorflow/stream_executor/cuda/cuda_driver.cc:313] failed call to cuInit: UNKNOWN ERROR (303)
Test  416
2020-07-07 21:23:10.654185


Schema 1: Each client partially IID
--------------------------------------------------
percent data distributed IID:  80
number of classes for non-IID data:  2
data points per client (mean, std dev): ( 600 ,  0 )
--------------------------------------------------
round  1, metrics=<sparse_categorical_accuracy=0.15466666221618652,loss=2.303539276123047>
2.9174 seconds
Tested. Sparse categorical accuracy: 11.67

round  2, metrics=<sparse_categorical_accuracy=0.13733333349227905,loss=2.282381534576416>
2.2107 seconds
Tested. Sparse categorical accuracy: 23.33

round  3, metrics=<sparse_categorical_accuracy=0.1509999930858612,loss=2.26072359085083>
2.2319 seconds
Tested. Sparse categorical accuracy: 38.33

round  4, metrics=<sparse_categorical_accuracy=0.21799999475479126,loss=2.186063289642334>
2.1885 seconds
Tested. Sparse categorical accuracy: 60.00

round  5, metrics=<sparse_categorical_accuracy=0.30266666412353516,loss=2.298220634460449>
2.2525 seconds
Tested. Sparse categorical accuracy: 30.00

round  6, metrics=<sparse_categorical_accuracy=0.3153333365917206,loss=2.122098684310913>
2.1440 seconds
Tested. Sparse categorical accuracy: 45.00

round  7, metrics=<sparse_categorical_accuracy=0.3773333430290222,loss=2.033949613571167>
2.2360 seconds
Tested. Sparse categorical accuracy: 60.00

round  8, metrics=<sparse_categorical_accuracy=0.4073333442211151,loss=2.124162197113037>
2.1184 seconds
Tested. Sparse categorical accuracy: 55.00

round  9, metrics=<sparse_categorical_accuracy=0.5400000214576721,loss=1.6025885343551636>
2.2765 seconds
Tested. Sparse categorical accuracy: 73.33

round 10, metrics=<sparse_categorical_accuracy=0.46399998664855957,loss=2.067568302154541>
2.1021 seconds
Tested. Sparse categorical accuracy: 46.67

round 11, metrics=<sparse_categorical_accuracy=0.5903333425521851,loss=1.4494246244430542>
2.2084 seconds
Tested. Sparse categorical accuracy: 76.67

round 12, metrics=<sparse_categorical_accuracy=0.6013333201408386,loss=1.4622544050216675>
2.0884 seconds
Tested. Sparse categorical accuracy: 76.67

12  rounds run
Average time per round: 2.00

2020-07-07 21:23:44.734891
