
TENSORFLOW USERS:
You must use the python3.6-anaconda/5.2.0 module to run TensorFlow.
See https://arc-ts.umich.edu/greatlakes/software/tensorflow for more
information.



The following have been reloaded with a version change:
  1) cuda/10.0.130 => cuda/10.1.105


Currently Loaded Modules:
  1) python3.7-anaconda/2019.07   2) cudnn/10.0-v7.6   3) cuda/10.1.105

 

mkdir: cannot create directory ‘results/8700951’: File exists
mkdir: cannot create directory ‘results/8700951/log’: File exists
2020-07-07 21:24:50.332471: E tensorflow/stream_executor/cuda/cuda_driver.cc:313] failed call to cuInit: UNKNOWN ERROR (303)
Test  442
2020-07-07 21:24:49.825802


Schema 1: Each client partially IID
--------------------------------------------------
percent data distributed IID:  80
number of classes for non-IID data:  2
data points per client (mean, std dev): ( 600 ,  0 )
--------------------------------------------------
round  1, metrics=<sparse_categorical_accuracy=0.1525000035762787,loss=2.2873005867004395>
6.8608 seconds
Tested. Sparse categorical accuracy: 20.00

round  2, metrics=<sparse_categorical_accuracy=0.15316666662693024,loss=2.248589277267456>
5.0151 seconds
Tested. Sparse categorical accuracy: 33.33

round  3, metrics=<sparse_categorical_accuracy=0.26216667890548706,loss=2.197733163833618>
6.6803 seconds
Tested. Sparse categorical accuracy: 50.00

round  4, metrics=<sparse_categorical_accuracy=0.414166659116745,loss=1.9662069082260132>
4.9098 seconds
Tested. Sparse categorical accuracy: 66.67

round  5, metrics=<sparse_categorical_accuracy=0.32066667079925537,loss=2.2561135292053223>
6.5585 seconds
Tested. Sparse categorical accuracy: 16.67

round  6, metrics=<sparse_categorical_accuracy=0.3919999897480011,loss=1.896254062652588>
6.5261 seconds
Tested. Sparse categorical accuracy: 40.00

6  rounds run
Average time per round: 6.00

2020-07-07 21:25:33.596860
