
TENSORFLOW USERS:
You must use the python3.6-anaconda/5.2.0 module to run TensorFlow.
See https://arc-ts.umich.edu/greatlakes/software/tensorflow for more
information.



The following have been reloaded with a version change:
  1) cuda/10.0.130 => cuda/10.1.105


Currently Loaded Modules:
  1) python3.7-anaconda/2019.07   2) cudnn/10.0-v7.6   3) cuda/10.1.105

 

mkdir: cannot create directory ‘results/8700951’: File exists
mkdir: cannot create directory ‘results/8700951/log’: File exists
2020-07-07 21:25:40.805687: E tensorflow/stream_executor/cuda/cuda_driver.cc:313] failed call to cuInit: UNKNOWN ERROR (303)
Test  461
2020-07-07 21:25:40.316070


Schema 1: Each client partially IID
--------------------------------------------------
percent data distributed IID:  80
number of classes for non-IID data:  2
data points per client (mean, std dev): ( 600 ,  0 )
--------------------------------------------------
round  1, metrics=<sparse_categorical_accuracy=0.10866666585206985,loss=2.305117607116699>
3.4019 seconds
Tested. Sparse categorical accuracy: 15.00

round  2, metrics=<sparse_categorical_accuracy=0.11133333295583725,loss=2.2854011058807373>
2.6206 seconds
Tested. Sparse categorical accuracy: 11.67

round  3, metrics=<sparse_categorical_accuracy=0.10766666382551193,loss=2.2679061889648438>
2.7584 seconds
Tested. Sparse categorical accuracy: 20.00

round  4, metrics=<sparse_categorical_accuracy=0.12333333492279053,loss=2.2283804416656494>
4.2466 seconds
Tested. Sparse categorical accuracy: 20.00

round  5, metrics=<sparse_categorical_accuracy=0.30266666412353516,loss=2.1636159420013428>
3.0851 seconds
Tested. Sparse categorical accuracy: 68.33

round  6, metrics=<sparse_categorical_accuracy=0.398333340883255,loss=2.2149085998535156>
2.9061 seconds
Tested. Sparse categorical accuracy: 40.00

round  7, metrics=<sparse_categorical_accuracy=0.4819999933242798,loss=1.986889362335205>
4.4234 seconds
Tested. Sparse categorical accuracy: 33.33

round  8, metrics=<sparse_categorical_accuracy=0.3556666672229767,loss=2.661144971847534>
4.2116 seconds
Tested. Sparse categorical accuracy: 33.33

round  9, metrics=<sparse_categorical_accuracy=0.23499999940395355,loss=2.2683396339416504>
2.4380 seconds
Tested. Sparse categorical accuracy: 45.00

round 10, metrics=<sparse_categorical_accuracy=0.3916666805744171,loss=2.166771411895752>
2.9797 seconds
Tested. Sparse categorical accuracy: 48.33

round 11, metrics=<sparse_categorical_accuracy=0.5253333449363708,loss=2.01546573638916>
2.9151 seconds
Tested. Sparse categorical accuracy: 45.00

round 12, metrics=<sparse_categorical_accuracy=0.5046666860580444,loss=1.6150743961334229>
2.7018 seconds
Tested. Sparse categorical accuracy: 73.33

12  rounds run
Average time per round: 3.00

2020-07-07 21:26:26.884388
