
TENSORFLOW USERS:
You must use the python3.6-anaconda/5.2.0 module to run TensorFlow.
See https://arc-ts.umich.edu/greatlakes/software/tensorflow for more
information.



The following have been reloaded with a version change:
  1) cuda/10.0.130 => cuda/10.1.105


Currently Loaded Modules:
  1) python3.7-anaconda/2019.07   2) cudnn/10.0-v7.6   3) cuda/10.1.105

 

mkdir: cannot create directory ‘results/8700951’: File exists
mkdir: cannot create directory ‘results/8700951/log’: File exists
2020-07-07 21:27:24.536742: E tensorflow/stream_executor/cuda/cuda_driver.cc:313] failed call to cuInit: UNKNOWN ERROR (303)
Test  491
2020-07-07 21:27:24.041445


Schema 1: Each client partially IID
--------------------------------------------------
percent data distributed IID:  80
number of classes for non-IID data:  2
data points per client (mean, std dev): ( 600 ,  0 )
--------------------------------------------------
round  1, metrics=<sparse_categorical_accuracy=0.09700000286102295,loss=2.302732467651367>
3.3807 seconds
Tested. Sparse categorical accuracy: 15.00

round  2, metrics=<sparse_categorical_accuracy=0.09433333575725555,loss=2.29754638671875>
2.7559 seconds
Tested. Sparse categorical accuracy: 8.33

round  3, metrics=<sparse_categorical_accuracy=0.11266666650772095,loss=2.2896931171417236>
2.7731 seconds
Tested. Sparse categorical accuracy: 13.33

round  4, metrics=<sparse_categorical_accuracy=0.15800000727176666,loss=2.274564743041992>
2.5310 seconds
Tested. Sparse categorical accuracy: 10.00

round  5, metrics=<sparse_categorical_accuracy=0.13333334028720856,loss=2.2257206439971924>
2.8041 seconds
Tested. Sparse categorical accuracy: 21.67

round  6, metrics=<sparse_categorical_accuracy=0.2593333423137665,loss=2.121189832687378>
2.4373 seconds
Tested. Sparse categorical accuracy: 46.67

round  7, metrics=<sparse_categorical_accuracy=0.3253333270549774,loss=2.4445900917053223>
2.7480 seconds
Tested. Sparse categorical accuracy: 15.00

round  8, metrics=<sparse_categorical_accuracy=0.21033333241939545,loss=2.2124931812286377>
2.7308 seconds
Tested. Sparse categorical accuracy: 23.33

round  9, metrics=<sparse_categorical_accuracy=0.3540000021457672,loss=2.005974531173706>
2.6470 seconds
Tested. Sparse categorical accuracy: 48.33

round 10, metrics=<sparse_categorical_accuracy=0.42399999499320984,loss=2.015504837036133>
2.5805 seconds
Tested. Sparse categorical accuracy: 56.67

round 11, metrics=<sparse_categorical_accuracy=0.5013333559036255,loss=1.6364514827728271>
2.6986 seconds
Tested. Sparse categorical accuracy: 70.00

round 12, metrics=<sparse_categorical_accuracy=0.5826666951179504,loss=1.401867389678955>
2.6408 seconds
Tested. Sparse categorical accuracy: 81.67

12  rounds run
Average time per round: 2.00

2020-07-07 21:28:04.311805
