
TENSORFLOW USERS:
You must use the python3.6-anaconda/5.2.0 module to run TensorFlow.
See https://arc-ts.umich.edu/greatlakes/software/tensorflow for more
information.



The following have been reloaded with a version change:
  1) cuda/10.0.130 => cuda/10.1.105


Currently Loaded Modules:
  1) python3.7-anaconda/2019.07   2) cudnn/10.0-v7.6   3) cuda/10.1.105

 

mkdir: cannot create directory ‘results/8700951’: File exists
mkdir: cannot create directory ‘results/8700951/log’: File exists
2020-07-07 21:17:42.870288: E tensorflow/stream_executor/cuda/cuda_driver.cc:313] failed call to cuInit: UNKNOWN ERROR (303)
Test  317
2020-07-07 21:17:42.383396


Schema 1: Each client partially IID
--------------------------------------------------
percent data distributed IID:  80
number of classes for non-IID data:  2
data points per client (mean, std dev): ( 600 ,  0 )
--------------------------------------------------
round  1, metrics=<sparse_categorical_accuracy=0.17416666448116302,loss=2.279902696609497>
6.0824 seconds
Tested. Sparse categorical accuracy: 13.33

round  2, metrics=<sparse_categorical_accuracy=0.23600000143051147,loss=2.2162516117095947>
4.2396 seconds
Tested. Sparse categorical accuracy: 50.00

round  3, metrics=<sparse_categorical_accuracy=0.3581666648387909,loss=2.2419586181640625>
4.2821 seconds
Tested. Sparse categorical accuracy: 43.33

round  4, metrics=<sparse_categorical_accuracy=0.3930000066757202,loss=2.0513036251068115>
4.4308 seconds
Tested. Sparse categorical accuracy: 70.00

round  5, metrics=<sparse_categorical_accuracy=0.5339999794960022,loss=1.7015438079833984>
4.0993 seconds
Tested. Sparse categorical accuracy: 70.00

round  6, metrics=<sparse_categorical_accuracy=0.6794999837875366,loss=1.1274760961532593>
4.2379 seconds
Tested. Sparse categorical accuracy: 86.67

6  rounds run
Average time per round: 4.00

2020-07-07 21:18:16.254721
