
TENSORFLOW USERS:
You must use the python3.6-anaconda/5.2.0 module to run TensorFlow.
See https://arc-ts.umich.edu/greatlakes/software/tensorflow for more
information.



The following have been reloaded with a version change:
  1) cuda/10.0.130 => cuda/10.1.105


Currently Loaded Modules:
  1) python3.7-anaconda/2019.07   2) cudnn/10.0-v7.6   3) cuda/10.1.105

 

mkdir: cannot create directory ‘results/8700951’: File exists
mkdir: cannot create directory ‘results/8700951/log’: File exists
2020-07-07 21:17:51.894900: E tensorflow/stream_executor/cuda/cuda_driver.cc:313] failed call to cuInit: UNKNOWN ERROR (303)
Test  322
2020-07-07 21:17:51.413212


Schema 1: Each client partially IID
--------------------------------------------------
percent data distributed IID:  80
number of classes for non-IID data:  2
data points per client (mean, std dev): ( 600 ,  0 )
--------------------------------------------------
round  1, metrics=<sparse_categorical_accuracy=0.14216665923595428,loss=2.2891032695770264>
5.7072 seconds
Tested. Sparse categorical accuracy: 10.00

round  2, metrics=<sparse_categorical_accuracy=0.2006666660308838,loss=2.2850351333618164>
4.1478 seconds
Tested. Sparse categorical accuracy: 13.33

round  3, metrics=<sparse_categorical_accuracy=0.2409999966621399,loss=2.19997501373291>
4.3826 seconds
Tested. Sparse categorical accuracy: 16.67

round  4, metrics=<sparse_categorical_accuracy=0.40416666865348816,loss=2.1594197750091553>
4.2457 seconds
Tested. Sparse categorical accuracy: 43.33

round  5, metrics=<sparse_categorical_accuracy=0.47699999809265137,loss=2.006901264190674>
4.2444 seconds
Tested. Sparse categorical accuracy: 73.33

round  6, metrics=<sparse_categorical_accuracy=0.609666645526886,loss=1.5225704908370972>
4.2919 seconds
Tested. Sparse categorical accuracy: 66.67

6  rounds run
Average time per round: 4.00

2020-07-07 21:18:24.826864
