
TENSORFLOW USERS:
You must use the python3.6-anaconda/5.2.0 module to run TensorFlow.
See https://arc-ts.umich.edu/greatlakes/software/tensorflow for more
information.



The following have been reloaded with a version change:
  1) cuda/10.0.130 => cuda/10.1.105


Currently Loaded Modules:
  1) python3.7-anaconda/2019.07   2) cudnn/10.0-v7.6   3) cuda/10.1.105

 

mkdir: cannot create directory ‘results/8700951’: File exists
mkdir: cannot create directory ‘results/8700951/log’: File exists
2020-07-07 21:20:32.304933: E tensorflow/stream_executor/cuda/cuda_driver.cc:313] failed call to cuInit: UNKNOWN ERROR (303)
Test  368
2020-07-07 21:20:31.737011


Schema 1: Each client partially IID
--------------------------------------------------
percent data distributed IID:  80
number of classes for non-IID data:  2
data points per client (mean, std dev): ( 600 ,  0 )
--------------------------------------------------
round  1, metrics=<sparse_categorical_accuracy=0.1805555522441864,loss=2.2691566944122314>
9.7198 seconds
Tested. Sparse categorical accuracy: 55.00

round  2, metrics=<sparse_categorical_accuracy=0.30944445729255676,loss=2.239567518234253>
7.0746 seconds
Tested. Sparse categorical accuracy: 35.00

round  3, metrics=<sparse_categorical_accuracy=0.3838889002799988,loss=2.1337757110595703>
7.1503 seconds
Tested. Sparse categorical accuracy: 15.00

round  4, metrics=<sparse_categorical_accuracy=0.44688889384269714,loss=1.7838704586029053>
6.5875 seconds
Tested. Sparse categorical accuracy: 75.00

4  rounds run
Average time per round: 7.00

2020-07-07 21:21:08.766873
