
TENSORFLOW USERS:
You must use the python3.6-anaconda/5.2.0 module to run TensorFlow.
See https://arc-ts.umich.edu/greatlakes/software/tensorflow for more
information.



The following have been reloaded with a version change:
  1) cuda/10.0.130 => cuda/10.1.105


Currently Loaded Modules:
  1) python3.7-anaconda/2019.07   2) cudnn/10.0-v7.6   3) cuda/10.1.105

 

mkdir: cannot create directory ‘results/8700951’: File exists
mkdir: cannot create directory ‘results/8700951/log’: File exists
2020-07-07 21:07:34.326481: E tensorflow/stream_executor/cuda/cuda_driver.cc:313] failed call to cuInit: UNKNOWN ERROR (303)
Test  143
2020-07-07 21:07:33.841750


Schema 1: Each client partially IID
--------------------------------------------------
percent data distributed IID:  80
number of classes for non-IID data:  2
data points per client (mean, std dev): ( 600 ,  0 )
--------------------------------------------------
round  1, metrics=<sparse_categorical_accuracy=0.18711110949516296,loss=2.264594078063965>
10.5854 seconds
Tested. Sparse categorical accuracy: 5.00

round  2, metrics=<sparse_categorical_accuracy=0.30399999022483826,loss=2.210836887359619>
7.5842 seconds
Tested. Sparse categorical accuracy: 65.00

round  3, metrics=<sparse_categorical_accuracy=0.4667777717113495,loss=2.025413990020752>
8.0237 seconds
Tested. Sparse categorical accuracy: 25.00

round  4, metrics=<sparse_categorical_accuracy=0.5643333196640015,loss=1.5846974849700928>
8.6600 seconds
Tested. Sparse categorical accuracy: 80.00

4  rounds run
Average time per round: 8.00

2020-07-07 21:08:14.956846
