
TENSORFLOW USERS:
You must use the python3.6-anaconda/5.2.0 module to run TensorFlow.
See https://arc-ts.umich.edu/greatlakes/software/tensorflow for more
information.



The following have been reloaded with a version change:
  1) cuda/10.0.130 => cuda/10.1.105


Currently Loaded Modules:
  1) python3.7-anaconda/2019.07   2) cudnn/10.0-v7.6   3) cuda/10.1.105

 

mkdir: cannot create directory ‘results/8700951’: File exists
mkdir: cannot create directory ‘results/8700951/log’: File exists
2020-07-07 21:22:43.446437: E tensorflow/stream_executor/cuda/cuda_driver.cc:313] failed call to cuInit: UNKNOWN ERROR (303)
Test  407
2020-07-07 21:22:42.960766


Schema 1: Each client partially IID
--------------------------------------------------
percent data distributed IID:  80
number of classes for non-IID data:  2
data points per client (mean, std dev): ( 600 ,  0 )
--------------------------------------------------
round  1, metrics=<sparse_categorical_accuracy=0.1458333283662796,loss=2.283809185028076>
5.6746 seconds
Tested. Sparse categorical accuracy: 20.00

round  2, metrics=<sparse_categorical_accuracy=0.13983333110809326,loss=2.255673885345459>
4.1377 seconds
Tested. Sparse categorical accuracy: 46.67

round  3, metrics=<sparse_categorical_accuracy=0.2563333213329315,loss=2.162108898162842>
4.1672 seconds
Tested. Sparse categorical accuracy: 76.67

round  4, metrics=<sparse_categorical_accuracy=0.32983332872390747,loss=2.3297572135925293>
4.1702 seconds
Tested. Sparse categorical accuracy: 23.33

round  5, metrics=<sparse_categorical_accuracy=0.36149999499320984,loss=2.1658639907836914>
4.2207 seconds
Tested. Sparse categorical accuracy: 50.00

round  6, metrics=<sparse_categorical_accuracy=0.4950000047683716,loss=1.8696141242980957>
4.1057 seconds
Tested. Sparse categorical accuracy: 73.33

6  rounds run
Average time per round: 4.00

2020-07-07 21:23:15.794555
