
TENSORFLOW USERS:
You must use the python3.6-anaconda/5.2.0 module to run TensorFlow.
See https://arc-ts.umich.edu/greatlakes/software/tensorflow for more
information.



The following have been reloaded with a version change:
  1) cuda/10.0.130 => cuda/10.1.105


Currently Loaded Modules:
  1) python3.7-anaconda/2019.07   2) cudnn/10.0-v7.6   3) cuda/10.1.105

 

mkdir: cannot create directory ‘results/8700951’: File exists
mkdir: cannot create directory ‘results/8700951/log’: File exists
2020-07-07 20:59:44.994420: E tensorflow/stream_executor/cuda/cuda_driver.cc:313] failed call to cuInit: UNKNOWN ERROR (303)
Test  86
2020-07-07 20:59:44.493750


Schema 1: Each client partially IID
--------------------------------------------------
percent data distributed IID:  80
number of classes for non-IID data:  2
data points per client (mean, std dev): ( 600 ,  0 )
--------------------------------------------------
round  1, metrics=<sparse_categorical_accuracy=0.11266666650772095,loss=2.3057427406311035>
3.7307 seconds
Tested. Sparse categorical accuracy: 11.67

round  2, metrics=<sparse_categorical_accuracy=0.11266666650772095,loss=2.2977194786071777>
2.9093 seconds
Tested. Sparse categorical accuracy: 13.33

round  3, metrics=<sparse_categorical_accuracy=0.15266667306423187,loss=2.285116672515869>
3.1309 seconds
Tested. Sparse categorical accuracy: 13.33

round  4, metrics=<sparse_categorical_accuracy=0.156333327293396,loss=2.26161789894104>
2.4768 seconds
Tested. Sparse categorical accuracy: 33.33

round  5, metrics=<sparse_categorical_accuracy=0.18033333122730255,loss=2.213012933731079>
3.1322 seconds
Tested. Sparse categorical accuracy: 50.00

round  6, metrics=<sparse_categorical_accuracy=0.2630000114440918,loss=2.0948939323425293>
2.7226 seconds
Tested. Sparse categorical accuracy: 70.00

round  7, metrics=<sparse_categorical_accuracy=0.2683333456516266,loss=2.6236846446990967>
3.1556 seconds
Tested. Sparse categorical accuracy: 15.00

round  8, metrics=<sparse_categorical_accuracy=0.2029999941587448,loss=2.2733099460601807>
3.0303 seconds
Tested. Sparse categorical accuracy: 35.00

round  9, metrics=<sparse_categorical_accuracy=0.27433332800865173,loss=2.217406749725342>
3.0506 seconds
Tested. Sparse categorical accuracy: 26.67

round 10, metrics=<sparse_categorical_accuracy=0.32199999690055847,loss=2.042133092880249>
2.7292 seconds
Tested. Sparse categorical accuracy: 50.00

round 11, metrics=<sparse_categorical_accuracy=0.3386666774749756,loss=1.9786577224731445>
3.0048 seconds
Tested. Sparse categorical accuracy: 56.67

round 12, metrics=<sparse_categorical_accuracy=0.49133333563804626,loss=1.6349927186965942>
2.6841 seconds
Tested. Sparse categorical accuracy: 78.33

12  rounds run
Average time per round: 2.00

2020-07-07 21:00:27.930838
