
TENSORFLOW USERS:
You must use the python3.6-anaconda/5.2.0 module to run TensorFlow.
See https://arc-ts.umich.edu/greatlakes/software/tensorflow for more
information.



The following have been reloaded with a version change:
  1) cuda/10.0.130 => cuda/10.1.105


Currently Loaded Modules:
  1) python3.7-anaconda/2019.07   2) cudnn/10.0-v7.6   3) cuda/10.1.105

 

mkdir: cannot create directory ‘results/8700951’: File exists
mkdir: cannot create directory ‘results/8700951/log’: File exists
2020-07-07 21:26:18.570233: E tensorflow/stream_executor/cuda/cuda_driver.cc:313] failed call to cuInit: UNKNOWN ERROR (303)
Test  471
2020-07-07 21:26:18.086506


Schema 1: Each client partially IID
--------------------------------------------------
percent data distributed IID:  80
number of classes for non-IID data:  2
data points per client (mean, std dev): ( 600 ,  0 )
--------------------------------------------------
round  1, metrics=<sparse_categorical_accuracy=0.10466666519641876,loss=2.303006172180176>
2.9692 seconds
Tested. Sparse categorical accuracy: 10.00

round  2, metrics=<sparse_categorical_accuracy=0.11166666448116302,loss=2.2996840476989746>
2.2930 seconds
Tested. Sparse categorical accuracy: 8.33

round  3, metrics=<sparse_categorical_accuracy=0.13233333826065063,loss=2.287766456604004>
2.5462 seconds
Tested. Sparse categorical accuracy: 33.33

round  4, metrics=<sparse_categorical_accuracy=0.19166666269302368,loss=2.267704963684082>
2.2404 seconds
Tested. Sparse categorical accuracy: 25.00

round  5, metrics=<sparse_categorical_accuracy=0.210999995470047,loss=2.232004165649414>
2.3222 seconds
Tested. Sparse categorical accuracy: 41.67

round  6, metrics=<sparse_categorical_accuracy=0.27900001406669617,loss=2.1958653926849365>
2.2991 seconds
Tested. Sparse categorical accuracy: 46.67

round  7, metrics=<sparse_categorical_accuracy=0.3633333444595337,loss=2.0683183670043945>
2.4788 seconds
Tested. Sparse categorical accuracy: 51.67

round  8, metrics=<sparse_categorical_accuracy=0.3633333444595337,loss=2.4004528522491455>
2.0878 seconds
Tested. Sparse categorical accuracy: 18.33

round  9, metrics=<sparse_categorical_accuracy=0.2603333294391632,loss=2.240957021713257>
2.3831 seconds
Tested. Sparse categorical accuracy: 35.00

round 10, metrics=<sparse_categorical_accuracy=0.3893333375453949,loss=2.0144145488739014>
2.2706 seconds
Tested. Sparse categorical accuracy: 45.00

round 11, metrics=<sparse_categorical_accuracy=0.3733333349227905,loss=2.0872902870178223>
2.0559 seconds
Tested. Sparse categorical accuracy: 48.33

round 12, metrics=<sparse_categorical_accuracy=0.5070000290870667,loss=1.661427617073059>
2.4301 seconds
Tested. Sparse categorical accuracy: 61.67

12  rounds run
Average time per round: 2.00

2020-07-07 21:26:53.440728
