
TENSORFLOW USERS:
You must use the python3.6-anaconda/5.2.0 module to run TensorFlow.
See https://arc-ts.umich.edu/greatlakes/software/tensorflow for more
information.



The following have been reloaded with a version change:
  1) cuda/10.0.130 => cuda/10.1.105


Currently Loaded Modules:
  1) python3.7-anaconda/2019.07   2) cudnn/10.0-v7.6   3) cuda/10.1.105

 

mkdir: cannot create directory ‘results/8700951’: File exists
mkdir: cannot create directory ‘results/8700951/log’: File exists
2020-07-07 21:11:51.969958: E tensorflow/stream_executor/cuda/cuda_driver.cc:313] failed call to cuInit: UNKNOWN ERROR (303)
Test  216
2020-07-07 21:11:51.485702


Schema 1: Each client partially IID
--------------------------------------------------
percent data distributed IID:  80
number of classes for non-IID data:  2
data points per client (mean, std dev): ( 600 ,  0 )
--------------------------------------------------
round  1, metrics=<sparse_categorical_accuracy=0.1106666699051857,loss=2.302921772003174>
2.9662 seconds
Tested. Sparse categorical accuracy: 15.00

round  2, metrics=<sparse_categorical_accuracy=0.08433333039283752,loss=2.2968482971191406>
2.1779 seconds
Tested. Sparse categorical accuracy: 15.00

round  3, metrics=<sparse_categorical_accuracy=0.14933332800865173,loss=2.2843101024627686>
2.2322 seconds
Tested. Sparse categorical accuracy: 40.00

round  4, metrics=<sparse_categorical_accuracy=0.24799999594688416,loss=2.2592415809631348>
2.0323 seconds
Tested. Sparse categorical accuracy: 33.33

round  5, metrics=<sparse_categorical_accuracy=0.17766666412353516,loss=2.2022173404693604>
2.1824 seconds
Tested. Sparse categorical accuracy: 63.33

round  6, metrics=<sparse_categorical_accuracy=0.3869999945163727,loss=2.2706949710845947>
2.0762 seconds
Tested. Sparse categorical accuracy: 28.33

round  7, metrics=<sparse_categorical_accuracy=0.375,loss=2.1740670204162598>
2.1678 seconds
Tested. Sparse categorical accuracy: 58.33

round  8, metrics=<sparse_categorical_accuracy=0.3763333261013031,loss=2.1978673934936523>
2.0567 seconds
Tested. Sparse categorical accuracy: 35.00

round  9, metrics=<sparse_categorical_accuracy=0.4163333475589752,loss=2.0241081714630127>
2.1509 seconds
Tested. Sparse categorical accuracy: 40.00

round 10, metrics=<sparse_categorical_accuracy=0.5086666941642761,loss=1.6643435955047607>
2.0576 seconds
Tested. Sparse categorical accuracy: 66.67

round 11, metrics=<sparse_categorical_accuracy=0.6336666941642761,loss=1.2923686504364014>
2.2180 seconds
Tested. Sparse categorical accuracy: 76.67

round 12, metrics=<sparse_categorical_accuracy=0.7250000238418579,loss=0.9243712425231934>
2.0973 seconds
Tested. Sparse categorical accuracy: 81.67

12  rounds run
Average time per round: 2.00

2020-07-07 21:12:25.053227
