
TENSORFLOW USERS:
You must use the python3.6-anaconda/5.2.0 module to run TensorFlow.
See https://arc-ts.umich.edu/greatlakes/software/tensorflow for more
information.



The following have been reloaded with a version change:
  1) cuda/10.0.130 => cuda/10.1.105


Currently Loaded Modules:
  1) python3.7-anaconda/2019.07   2) cudnn/10.0-v7.6   3) cuda/10.1.105

 

mkdir: cannot create directory ‘results/8700951’: File exists
mkdir: cannot create directory ‘results/8700951/log’: File exists
2020-07-07 21:03:26.185761: E tensorflow/stream_executor/cuda/cuda_driver.cc:313] failed call to cuInit: UNKNOWN ERROR (303)
Test  117
2020-07-07 21:03:25.704274


Schema 1: Each client partially IID
--------------------------------------------------
percent data distributed IID:  80
number of classes for non-IID data:  2
data points per client (mean, std dev): ( 600 ,  0 )
--------------------------------------------------
round  1, metrics=<sparse_categorical_accuracy=0.14666666090488434,loss=2.2791943550109863>
6.4107 seconds
Tested. Sparse categorical accuracy: 13.33

round  2, metrics=<sparse_categorical_accuracy=0.18983332812786102,loss=2.227353811264038>
4.7348 seconds
Tested. Sparse categorical accuracy: 16.67

round  3, metrics=<sparse_categorical_accuracy=0.28583332896232605,loss=2.165057420730591>
4.5246 seconds
Tested. Sparse categorical accuracy: 16.67

round  4, metrics=<sparse_categorical_accuracy=0.4491666555404663,loss=1.9851716756820679>
4.8475 seconds
Tested. Sparse categorical accuracy: 40.00

round  5, metrics=<sparse_categorical_accuracy=0.5180000066757202,loss=1.5880331993103027>
4.6677 seconds
Tested. Sparse categorical accuracy: 50.00

round  6, metrics=<sparse_categorical_accuracy=0.6571666598320007,loss=1.109708547592163>
4.6922 seconds
Tested. Sparse categorical accuracy: 70.00

6  rounds run
Average time per round: 4.00

2020-07-07 21:04:02.073927
