
TENSORFLOW USERS:
You must use the python3.6-anaconda/5.2.0 module to run TensorFlow.
See https://arc-ts.umich.edu/greatlakes/software/tensorflow for more
information.



The following have been reloaded with a version change:
  1) cuda/10.0.130 => cuda/10.1.105


Currently Loaded Modules:
  1) python3.7-anaconda/2019.07   2) cudnn/10.0-v7.6   3) cuda/10.1.105

 

mkdir: cannot create directory ‘results/8700951’: File exists
mkdir: cannot create directory ‘results/8700951/log’: File exists
2020-07-07 21:10:01.984646: E tensorflow/stream_executor/cuda/cuda_driver.cc:313] failed call to cuInit: UNKNOWN ERROR (303)
Test  186
2020-07-07 21:10:01.489003


Schema 1: Each client partially IID
--------------------------------------------------
percent data distributed IID:  80
number of classes for non-IID data:  2
data points per client (mean, std dev): ( 600 ,  0 )
--------------------------------------------------
round  1, metrics=<sparse_categorical_accuracy=0.08666666597127914,loss=2.3063735961914062>
3.0335 seconds
Tested. Sparse categorical accuracy: 20.00

round  2, metrics=<sparse_categorical_accuracy=0.164000004529953,loss=2.293663501739502>
2.3331 seconds
Tested. Sparse categorical accuracy: 31.67

round  3, metrics=<sparse_categorical_accuracy=0.2303333282470703,loss=2.2698357105255127>
2.4572 seconds
Tested. Sparse categorical accuracy: 13.33

round  4, metrics=<sparse_categorical_accuracy=0.1366666704416275,loss=2.225691080093384>
2.2697 seconds
Tested. Sparse categorical accuracy: 60.00

round  5, metrics=<sparse_categorical_accuracy=0.312666654586792,loss=2.1504321098327637>
2.3907 seconds
Tested. Sparse categorical accuracy: 58.33

round  6, metrics=<sparse_categorical_accuracy=0.3889999985694885,loss=2.2470786571502686>
2.1584 seconds
Tested. Sparse categorical accuracy: 45.00

round  7, metrics=<sparse_categorical_accuracy=0.3720000088214874,loss=1.991726040840149>
2.3566 seconds
Tested. Sparse categorical accuracy: 18.33

round  8, metrics=<sparse_categorical_accuracy=0.4699999988079071,loss=1.917237639427185>
2.1541 seconds
Tested. Sparse categorical accuracy: 71.67

round  9, metrics=<sparse_categorical_accuracy=0.5559999942779541,loss=1.5381873846054077>
2.3006 seconds
Tested. Sparse categorical accuracy: 45.00

round 10, metrics=<sparse_categorical_accuracy=0.6629999876022339,loss=1.1362552642822266>
2.1395 seconds
Tested. Sparse categorical accuracy: 81.67

round 11, metrics=<sparse_categorical_accuracy=0.6643333435058594,loss=1.3663667440414429>
2.2554 seconds
Tested. Sparse categorical accuracy: 70.00

round 12, metrics=<sparse_categorical_accuracy=0.70333331823349,loss=1.0845084190368652>
2.0921 seconds
Tested. Sparse categorical accuracy: 65.00

12  rounds run
Average time per round: 2.00

2020-07-07 21:10:36.613385
