
TENSORFLOW USERS:
You must use the python3.6-anaconda/5.2.0 module to run TensorFlow.
See https://arc-ts.umich.edu/greatlakes/software/tensorflow for more
information.



The following have been reloaded with a version change:
  1) cuda/10.0.130 => cuda/10.1.105


Currently Loaded Modules:
  1) python3.7-anaconda/2019.07   2) cudnn/10.0-v7.6   3) cuda/10.1.105

 

mkdir: cannot create directory ‘results/8700951’: File exists
mkdir: cannot create directory ‘results/8700951/log’: File exists
2020-07-07 21:07:38.821534: E tensorflow/stream_executor/cuda/cuda_driver.cc:313] failed call to cuInit: UNKNOWN ERROR (303)
Test  148
2020-07-07 21:07:38.291869


Schema 1: Each client partially IID
--------------------------------------------------
percent data distributed IID:  80
number of classes for non-IID data:  2
data points per client (mean, std dev): ( 600 ,  0 )
--------------------------------------------------
round  1, metrics=<sparse_categorical_accuracy=0.1446666717529297,loss=2.275283098220825>
13.2912 seconds
Tested. Sparse categorical accuracy: 10.00

round  2, metrics=<sparse_categorical_accuracy=0.23866666853427887,loss=2.2470924854278564>
10.4414 seconds
Tested. Sparse categorical accuracy: 15.00

round  3, metrics=<sparse_categorical_accuracy=0.3495555520057678,loss=2.1076810359954834>
10.5780 seconds
Tested. Sparse categorical accuracy: 55.00

round  4, metrics=<sparse_categorical_accuracy=0.5492222309112549,loss=1.623752236366272>
9.7909 seconds
Tested. Sparse categorical accuracy: 80.00

4  rounds run
Average time per round: 11.00

2020-07-07 21:08:30.001297
