
TENSORFLOW USERS:
You must use the python3.6-anaconda/5.2.0 module to run TensorFlow.
See https://arc-ts.umich.edu/greatlakes/software/tensorflow for more
information.



The following have been reloaded with a version change:
  1) cuda/10.0.130 => cuda/10.1.105


Currently Loaded Modules:
  1) python3.7-anaconda/2019.07   2) cudnn/10.0-v7.6   3) cuda/10.1.105

 

mkdir: cannot create directory ‘results/8700951’: File exists
mkdir: cannot create directory ‘results/8700951/log’: File exists
2020-07-07 20:54:53.363557: E tensorflow/stream_executor/cuda/cuda_driver.cc:313] failed call to cuInit: UNKNOWN ERROR (303)
Test  18
2020-07-07 20:54:52.886526


Schema 1: Each client partially IID
--------------------------------------------------
percent data distributed IID:  80
number of classes for non-IID data:  2
data points per client (mean, std dev): ( 600 ,  0 )
--------------------------------------------------
round  1, metrics=<sparse_categorical_accuracy=0.17988888919353485,loss=2.2503154277801514>
9.2449 seconds
Tested. Sparse categorical accuracy: 5.00

round  2, metrics=<sparse_categorical_accuracy=0.2751111090183258,loss=2.221712827682495>
6.5580 seconds
Tested. Sparse categorical accuracy: 55.00

round  3, metrics=<sparse_categorical_accuracy=0.4421111047267914,loss=2.042766571044922>
7.0780 seconds
Tested. Sparse categorical accuracy: 30.00

round  4, metrics=<sparse_categorical_accuracy=0.5455555319786072,loss=1.6103687286376953>
7.3591 seconds
Tested. Sparse categorical accuracy: 60.00

4  rounds run
Average time per round: 7.00

2020-07-07 20:55:29.497464
