
TENSORFLOW USERS:
You must use the python3.6-anaconda/5.2.0 module to run TensorFlow.
See https://arc-ts.umich.edu/greatlakes/software/tensorflow for more
information.



The following have been reloaded with a version change:
  1) cuda/10.0.130 => cuda/10.1.105


Currently Loaded Modules:
  1) python3.7-anaconda/2019.07   2) cudnn/10.0-v7.6   3) cuda/10.1.105

 

mkdir: cannot create directory ‘results/8700951’: File exists
mkdir: cannot create directory ‘results/8700951/log’: File exists
2020-07-07 21:03:29.569446: E tensorflow/stream_executor/cuda/cuda_driver.cc:313] failed call to cuInit: UNKNOWN ERROR (303)
Test  121
2020-07-07 21:03:29.070000


Schema 1: Each client partially IID
--------------------------------------------------
percent data distributed IID:  80
number of classes for non-IID data:  2
data points per client (mean, std dev): ( 600 ,  0 )
--------------------------------------------------
round  1, metrics=<sparse_categorical_accuracy=0.09733333438634872,loss=2.3034234046936035>
3.1418 seconds
Tested. Sparse categorical accuracy: 18.33

round  2, metrics=<sparse_categorical_accuracy=0.17399999499320984,loss=2.288881301879883>
2.4614 seconds
Tested. Sparse categorical accuracy: 23.33

round  3, metrics=<sparse_categorical_accuracy=0.14166666567325592,loss=2.273374080657959>
2.3723 seconds
Tested. Sparse categorical accuracy: 21.67

round  4, metrics=<sparse_categorical_accuracy=0.2016666680574417,loss=2.226304054260254>
2.2814 seconds
Tested. Sparse categorical accuracy: 43.33

round  5, metrics=<sparse_categorical_accuracy=0.20600000023841858,loss=2.1580450534820557>
2.3835 seconds
Tested. Sparse categorical accuracy: 53.33

round  6, metrics=<sparse_categorical_accuracy=0.31966665387153625,loss=2.2696428298950195>
2.2244 seconds
Tested. Sparse categorical accuracy: 13.33

round  7, metrics=<sparse_categorical_accuracy=0.24066667258739471,loss=2.1495425701141357>
2.3835 seconds
Tested. Sparse categorical accuracy: 31.67

round  8, metrics=<sparse_categorical_accuracy=0.3330000042915344,loss=2.0788705348968506>
2.1834 seconds
Tested. Sparse categorical accuracy: 50.00

round  9, metrics=<sparse_categorical_accuracy=0.4860000014305115,loss=1.75267493724823>
2.5185 seconds
Tested. Sparse categorical accuracy: 60.00

round 10, metrics=<sparse_categorical_accuracy=0.562666654586792,loss=1.629780888557434>
2.1042 seconds
Tested. Sparse categorical accuracy: 56.67

round 11, metrics=<sparse_categorical_accuracy=0.5370000004768372,loss=1.3998368978500366>
2.3219 seconds
Tested. Sparse categorical accuracy: 58.33

round 12, metrics=<sparse_categorical_accuracy=0.6446666717529297,loss=1.1663219928741455>
2.2166 seconds
Tested. Sparse categorical accuracy: 80.00

12  rounds run
Average time per round: 2.00

2020-07-07 21:04:05.038338
