
TENSORFLOW USERS:
You must use the python3.6-anaconda/5.2.0 module to run TensorFlow.
See https://arc-ts.umich.edu/greatlakes/software/tensorflow for more
information.



The following have been reloaded with a version change:
  1) cuda/10.0.130 => cuda/10.1.105


Currently Loaded Modules:
  1) python3.7-anaconda/2019.07   2) cudnn/10.0-v7.6   3) cuda/10.1.105

 

mkdir: cannot create directory ‘results/8700951’: File exists
mkdir: cannot create directory ‘results/8700951/log’: File exists
2020-07-07 21:13:56.359649: E tensorflow/stream_executor/cuda/cuda_driver.cc:313] failed call to cuInit: UNKNOWN ERROR (303)
Test  253
2020-07-07 21:13:55.876779


Schema 1: Each client partially IID
--------------------------------------------------
percent data distributed IID:  80
number of classes for non-IID data:  2
data points per client (mean, std dev): ( 600 ,  0 )
--------------------------------------------------
round  1, metrics=<sparse_categorical_accuracy=0.15044444799423218,loss=2.2705979347229004>
9.1358 seconds
Tested. Sparse categorical accuracy: 50.00

round  2, metrics=<sparse_categorical_accuracy=0.2683333456516266,loss=2.2244348526000977>
6.4113 seconds
Tested. Sparse categorical accuracy: 70.00

round  3, metrics=<sparse_categorical_accuracy=0.39188888669013977,loss=2.1149611473083496>
6.5840 seconds
Tested. Sparse categorical accuracy: 75.00

round  4, metrics=<sparse_categorical_accuracy=0.5737777948379517,loss=1.635040283203125>
7.0401 seconds
Tested. Sparse categorical accuracy: 95.00

4  rounds run
Average time per round: 7.00

2020-07-07 21:14:31.199273
