
TENSORFLOW USERS:
You must use the python3.6-anaconda/5.2.0 module to run TensorFlow.
See https://arc-ts.umich.edu/greatlakes/software/tensorflow for more
information.



The following have been reloaded with a version change:
  1) cuda/10.0.130 => cuda/10.1.105


Currently Loaded Modules:
  1) python3.7-anaconda/2019.07   2) cudnn/10.0-v7.6   3) cuda/10.1.105

 

mkdir: cannot create directory ‘results/8700951’: File exists
mkdir: cannot create directory ‘results/8700951/log’: File exists
2020-07-07 21:09:23.604808: E tensorflow/stream_executor/cuda/cuda_driver.cc:313] failed call to cuInit: UNKNOWN ERROR (303)
Test  177
2020-07-07 21:09:23.089089


Schema 1: Each client partially IID
--------------------------------------------------
percent data distributed IID:  80
number of classes for non-IID data:  2
data points per client (mean, std dev): ( 600 ,  0 )
--------------------------------------------------
round  1, metrics=<sparse_categorical_accuracy=0.11749999970197678,loss=2.282088041305542>
6.7527 seconds
Tested. Sparse categorical accuracy: 10.00

round  2, metrics=<sparse_categorical_accuracy=0.15983332693576813,loss=2.2349143028259277>
5.4088 seconds
Tested. Sparse categorical accuracy: 46.67

round  3, metrics=<sparse_categorical_accuracy=0.28083333373069763,loss=2.2787749767303467>
5.5768 seconds
Tested. Sparse categorical accuracy: 43.33

round  4, metrics=<sparse_categorical_accuracy=0.367000013589859,loss=2.074976921081543>
5.8031 seconds
Tested. Sparse categorical accuracy: 70.00

round  5, metrics=<sparse_categorical_accuracy=0.359499990940094,loss=2.2331960201263428>
5.4686 seconds
Tested. Sparse categorical accuracy: 30.00

round  6, metrics=<sparse_categorical_accuracy=0.5458333492279053,loss=1.8168995380401611>
5.3949 seconds
Tested. Sparse categorical accuracy: 73.33

6  rounds run
Average time per round: 5.00

2020-07-07 21:10:04.527717
