
TENSORFLOW USERS:
You must use the python3.6-anaconda/5.2.0 module to run TensorFlow.
See https://arc-ts.umich.edu/greatlakes/software/tensorflow for more
information.



The following have been reloaded with a version change:
  1) cuda/10.0.130 => cuda/10.1.105


Currently Loaded Modules:
  1) python3.7-anaconda/2019.07   2) cudnn/10.0-v7.6   3) cuda/10.1.105

 

mkdir: cannot create directory ‘results/8700951’: File exists
mkdir: cannot create directory ‘results/8700951/log’: File exists
2020-07-07 21:24:10.155637: E tensorflow/stream_executor/cuda/cuda_driver.cc:313] failed call to cuInit: UNKNOWN ERROR (303)
Test  434
2020-07-07 21:24:09.663939


Schema 1: Each client partially IID
--------------------------------------------------
percent data distributed IID:  80
number of classes for non-IID data:  2
data points per client (mean, std dev): ( 600 ,  0 )
--------------------------------------------------
round  1, metrics=<sparse_categorical_accuracy=0.18458333611488342,loss=2.2564308643341064>
13.6440 seconds
Tested. Sparse categorical accuracy: 33.33

round  2, metrics=<sparse_categorical_accuracy=0.31158334016799927,loss=2.147286891937256>
10.0367 seconds
Tested. Sparse categorical accuracy: 66.67

round  3, metrics=<sparse_categorical_accuracy=0.4894166588783264,loss=1.781165361404419>
10.7852 seconds
Tested. Sparse categorical accuracy: 66.67

3  rounds run
Average time per round: 11.00

2020-07-07 21:24:50.590473
