
TENSORFLOW USERS:
You must use the python3.6-anaconda/5.2.0 module to run TensorFlow.
See https://arc-ts.umich.edu/greatlakes/software/tensorflow for more
information.



The following have been reloaded with a version change:
  1) cuda/10.0.130 => cuda/10.1.105


Currently Loaded Modules:
  1) python3.7-anaconda/2019.07   2) cudnn/10.0-v7.6   3) cuda/10.1.105

 

mkdir: cannot create directory ‘results/8700951’: File exists
mkdir: cannot create directory ‘results/8700951/log’: File exists
2020-07-07 21:08:26.615466: E tensorflow/stream_executor/cuda/cuda_driver.cc:313] failed call to cuInit: UNKNOWN ERROR (303)
Test  160
2020-07-07 21:08:26.129644


Schema 1: Each client partially IID
--------------------------------------------------
percent data distributed IID:  80
number of classes for non-IID data:  2
data points per client (mean, std dev): ( 600 ,  0 )
--------------------------------------------------
round  1, metrics=<sparse_categorical_accuracy=0.1913333386182785,loss=2.217777967453003>
20.0347 seconds
Tested. Sparse categorical accuracy: 80.00

round  2, metrics=<sparse_categorical_accuracy=0.4242222309112549,loss=1.8489023447036743>
14.2603 seconds
Tested. Sparse categorical accuracy: 80.00

2  rounds run
Average time per round: 17.00

2020-07-07 21:09:06.463933
