
TENSORFLOW USERS:
You must use the python3.6-anaconda/5.2.0 module to run TensorFlow.
See https://arc-ts.umich.edu/greatlakes/software/tensorflow for more
information.



The following have been reloaded with a version change:
  1) cuda/10.0.130 => cuda/10.1.105


Currently Loaded Modules:
  1) python3.7-anaconda/2019.07   2) cudnn/10.0-v7.6   3) cuda/10.1.105

 

mkdir: cannot create directory ‘results/8700951’: File exists
mkdir: cannot create directory ‘results/8700951/log’: File exists
2020-07-07 20:56:15.498800: E tensorflow/stream_executor/cuda/cuda_driver.cc:313] failed call to cuInit: UNKNOWN ERROR (303)
Test  38
2020-07-07 20:56:15.015513


Schema 1: Each client partially IID
--------------------------------------------------
percent data distributed IID:  80
number of classes for non-IID data:  2
data points per client (mean, std dev): ( 600 ,  0 )
--------------------------------------------------
round  1, metrics=<sparse_categorical_accuracy=0.15711110830307007,loss=2.2675070762634277>
10.1127 seconds
Tested. Sparse categorical accuracy: 15.00

round  2, metrics=<sparse_categorical_accuracy=0.28700000047683716,loss=2.189283847808838>
7.5771 seconds
Tested. Sparse categorical accuracy: 75.00

round  3, metrics=<sparse_categorical_accuracy=0.437333345413208,loss=1.9689780473709106>
7.6316 seconds
Tested. Sparse categorical accuracy: 80.00

round  4, metrics=<sparse_categorical_accuracy=0.589888870716095,loss=1.4985305070877075>
7.5824 seconds
Tested. Sparse categorical accuracy: 60.00

4  rounds run
Average time per round: 8.00

2020-07-07 20:56:54.188669
