
TENSORFLOW USERS:
You must use the python3.6-anaconda/5.2.0 module to run TensorFlow.
See https://arc-ts.umich.edu/greatlakes/software/tensorflow for more
information.



The following have been reloaded with a version change:
  1) cuda/10.0.130 => cuda/10.1.105


Currently Loaded Modules:
  1) python3.7-anaconda/2019.07   2) cudnn/10.0-v7.6   3) cuda/10.1.105

 

mkdir: cannot create directory ‘results/8700951’: File exists
mkdir: cannot create directory ‘results/8700951/log’: File exists
2020-07-07 20:56:26.001191: E tensorflow/stream_executor/cuda/cuda_driver.cc:313] failed call to cuInit: UNKNOWN ERROR (303)
Test  48
2020-07-07 20:56:25.504303


Schema 1: Each client partially IID
--------------------------------------------------
percent data distributed IID:  80
number of classes for non-IID data:  2
data points per client (mean, std dev): ( 600 ,  0 )
--------------------------------------------------
round  1, metrics=<sparse_categorical_accuracy=0.18522222340106964,loss=2.271294593811035>
9.4377 seconds
Tested. Sparse categorical accuracy: 45.00

round  2, metrics=<sparse_categorical_accuracy=0.25877776741981506,loss=2.2128210067749023>
6.9701 seconds
Tested. Sparse categorical accuracy: 40.00

round  3, metrics=<sparse_categorical_accuracy=0.34833332896232605,loss=2.1577656269073486>
6.3190 seconds
Tested. Sparse categorical accuracy: 55.00

round  4, metrics=<sparse_categorical_accuracy=0.5452222228050232,loss=1.6064834594726562>
6.5259 seconds
Tested. Sparse categorical accuracy: 65.00

4  rounds run
Average time per round: 7.00

2020-07-07 20:57:01.045984
