
TENSORFLOW USERS:
You must use the python3.6-anaconda/5.2.0 module to run TensorFlow.
See https://arc-ts.umich.edu/greatlakes/software/tensorflow for more
information.



The following have been reloaded with a version change:
  1) cuda/10.0.130 => cuda/10.1.105


Currently Loaded Modules:
  1) python3.7-anaconda/2019.07   2) cudnn/10.0-v7.6   3) cuda/10.1.105

 

mkdir: cannot create directory ‘results/8700951’: File exists
mkdir: cannot create directory ‘results/8700951/log’: File exists
2020-07-07 20:56:22.321183: E tensorflow/stream_executor/cuda/cuda_driver.cc:313] failed call to cuInit: UNKNOWN ERROR (303)
Test  43
2020-07-07 20:56:21.814309


Schema 1: Each client partially IID
--------------------------------------------------
percent data distributed IID:  80
number of classes for non-IID data:  2
data points per client (mean, std dev): ( 600 ,  0 )
--------------------------------------------------
round  1, metrics=<sparse_categorical_accuracy=0.18255555629730225,loss=2.2603342533111572>
11.5439 seconds
Tested. Sparse categorical accuracy: 20.00

round  2, metrics=<sparse_categorical_accuracy=0.28566667437553406,loss=2.163620948791504>
7.7715 seconds
Tested. Sparse categorical accuracy: 60.00

round  3, metrics=<sparse_categorical_accuracy=0.41966667771339417,loss=1.9666818380355835>
8.0347 seconds
Tested. Sparse categorical accuracy: 55.00

round  4, metrics=<sparse_categorical_accuracy=0.6187777519226074,loss=1.3069376945495605>
8.1465 seconds
Tested. Sparse categorical accuracy: 60.00

4  rounds run
Average time per round: 8.00

2020-07-07 20:57:04.150095
