
TENSORFLOW USERS:
You must use the python3.6-anaconda/5.2.0 module to run TensorFlow.
See https://arc-ts.umich.edu/greatlakes/software/tensorflow for more
information.



The following have been reloaded with a version change:
  1) cuda/10.0.130 => cuda/10.1.105


Currently Loaded Modules:
  1) python3.7-anaconda/2019.07   2) cudnn/10.0-v7.6   3) cuda/10.1.105

 

mkdir: cannot create directory ‘results/8700951’: File exists
mkdir: cannot create directory ‘results/8700951/log’: File exists
2020-07-07 21:13:14.854715: E tensorflow/stream_executor/cuda/cuda_driver.cc:313] failed call to cuInit: UNKNOWN ERROR (303)
Test  241
2020-07-07 21:13:14.342268


Schema 1: Each client partially IID
--------------------------------------------------
percent data distributed IID:  80
number of classes for non-IID data:  2
data points per client (mean, std dev): ( 600 ,  0 )
--------------------------------------------------
round  1, metrics=<sparse_categorical_accuracy=0.10300000011920929,loss=2.303328037261963>
3.3823 seconds
Tested. Sparse categorical accuracy: 26.67

round  2, metrics=<sparse_categorical_accuracy=0.12066666781902313,loss=2.2927982807159424>
2.4046 seconds
Tested. Sparse categorical accuracy: 33.33

round  3, metrics=<sparse_categorical_accuracy=0.1483333259820938,loss=2.2760987281799316>
2.5400 seconds
Tested. Sparse categorical accuracy: 11.67

round  4, metrics=<sparse_categorical_accuracy=0.11500000208616257,loss=2.2493393421173096>
2.4039 seconds
Tested. Sparse categorical accuracy: 28.33

round  5, metrics=<sparse_categorical_accuracy=0.1523333340883255,loss=2.2060904502868652>
2.4491 seconds
Tested. Sparse categorical accuracy: 43.33

round  6, metrics=<sparse_categorical_accuracy=0.28833332657814026,loss=2.174732208251953>
2.3415 seconds
Tested. Sparse categorical accuracy: 60.00

round  7, metrics=<sparse_categorical_accuracy=0.42133334279060364,loss=1.9461700916290283>
2.3935 seconds
Tested. Sparse categorical accuracy: 71.67

round  8, metrics=<sparse_categorical_accuracy=0.3149999976158142,loss=2.69425368309021>
2.1971 seconds
Tested. Sparse categorical accuracy: 25.00

round  9, metrics=<sparse_categorical_accuracy=0.22699999809265137,loss=2.254727602005005>
2.3782 seconds
Tested. Sparse categorical accuracy: 31.67

round 10, metrics=<sparse_categorical_accuracy=0.33766666054725647,loss=2.1577506065368652>
2.1880 seconds
Tested. Sparse categorical accuracy: 55.00

round 11, metrics=<sparse_categorical_accuracy=0.5373333096504211,loss=1.8758304119110107>
2.6772 seconds
Tested. Sparse categorical accuracy: 63.33

round 12, metrics=<sparse_categorical_accuracy=0.4970000088214874,loss=2.112169027328491>
2.4322 seconds
Tested. Sparse categorical accuracy: 66.67

12  rounds run
Average time per round: 2.00

2020-07-07 21:13:51.737235
