
TENSORFLOW USERS:
You must use the python3.6-anaconda/5.2.0 module to run TensorFlow.
See https://arc-ts.umich.edu/greatlakes/software/tensorflow for more
information.



The following have been reloaded with a version change:
  1) cuda/10.0.130 => cuda/10.1.105


Currently Loaded Modules:
  1) python3.7-anaconda/2019.07   2) cudnn/10.0-v7.6   3) cuda/10.1.105

 

mkdir: cannot create directory ‘results/8700951’: File exists
mkdir: cannot create directory ‘results/8700951/log’: File exists
2020-07-07 21:16:26.472913: E tensorflow/stream_executor/cuda/cuda_driver.cc:313] failed call to cuInit: UNKNOWN ERROR (303)
Test  297
2020-07-07 21:16:25.954283


Schema 1: Each client partially IID
--------------------------------------------------
percent data distributed IID:  80
number of classes for non-IID data:  2
data points per client (mean, std dev): ( 600 ,  0 )
--------------------------------------------------
round  1, metrics=<sparse_categorical_accuracy=0.14800000190734863,loss=2.280904531478882>
7.9715 seconds
Tested. Sparse categorical accuracy: 10.00

round  2, metrics=<sparse_categorical_accuracy=0.15816666185855865,loss=2.24752140045166>
6.6322 seconds
Tested. Sparse categorical accuracy: 50.00

round  3, metrics=<sparse_categorical_accuracy=0.3384999930858612,loss=2.2413668632507324>
6.0251 seconds
Tested. Sparse categorical accuracy: 46.67

round  4, metrics=<sparse_categorical_accuracy=0.41583332419395447,loss=2.0409934520721436>
6.1072 seconds
Tested. Sparse categorical accuracy: 56.67

round  5, metrics=<sparse_categorical_accuracy=0.4528333246707916,loss=1.9778950214385986>
5.7624 seconds
Tested. Sparse categorical accuracy: 43.33

round  6, metrics=<sparse_categorical_accuracy=0.46549999713897705,loss=1.809292197227478>
6.3410 seconds
Tested. Sparse categorical accuracy: 53.33

6  rounds run
Average time per round: 6.00

2020-07-07 21:17:12.843773
