
TENSORFLOW USERS:
You must use the python3.6-anaconda/5.2.0 module to run TensorFlow.
See https://arc-ts.umich.edu/greatlakes/software/tensorflow for more
information.



The following have been reloaded with a version change:
  1) cuda/10.0.130 => cuda/10.1.105


Currently Loaded Modules:
  1) python3.7-anaconda/2019.07   2) cudnn/10.0-v7.6   3) cuda/10.1.105

 

mkdir: cannot create directory ‘results/8700951’: File exists
mkdir: cannot create directory ‘results/8700951/log’: File exists
2020-07-07 20:59:44.994090: E tensorflow/stream_executor/cuda/cuda_driver.cc:313] failed call to cuInit: UNKNOWN ERROR (303)
Test  87
2020-07-07 20:59:44.493854


Schema 1: Each client partially IID
--------------------------------------------------
percent data distributed IID:  80
number of classes for non-IID data:  2
data points per client (mean, std dev): ( 600 ,  0 )
--------------------------------------------------
round  1, metrics=<sparse_categorical_accuracy=0.11283333599567413,loss=2.2791569232940674>
7.0506 seconds
Tested. Sparse categorical accuracy: 16.67

round  2, metrics=<sparse_categorical_accuracy=0.16050000488758087,loss=2.2300713062286377>
5.4988 seconds
Tested. Sparse categorical accuracy: 30.00

round  3, metrics=<sparse_categorical_accuracy=0.29866665601730347,loss=2.322324275970459>
5.8761 seconds
Tested. Sparse categorical accuracy: 13.33

round  4, metrics=<sparse_categorical_accuracy=0.14166666567325592,loss=2.286346912384033>
5.5350 seconds
Tested. Sparse categorical accuracy: 0.00

round  5, metrics=<sparse_categorical_accuracy=0.21266666054725647,loss=2.2298076152801514>
5.4705 seconds
Tested. Sparse categorical accuracy: 60.00

round  6, metrics=<sparse_categorical_accuracy=0.3610000014305115,loss=2.173166275024414>
5.4254 seconds
Tested. Sparse categorical accuracy: 63.33

6  rounds run
Average time per round: 5.00

2020-07-07 21:00:25.978388
