
TENSORFLOW USERS:
You must use the python3.6-anaconda/5.2.0 module to run TensorFlow.
See https://arc-ts.umich.edu/greatlakes/software/tensorflow for more
information.



The following have been reloaded with a version change:
  1) cuda/10.0.130 => cuda/10.1.105


Currently Loaded Modules:
  1) python3.7-anaconda/2019.07   2) cudnn/10.0-v7.6   3) cuda/10.1.105

 

mkdir: cannot create directory ‘results/8700951’: File exists
mkdir: cannot create directory ‘results/8700951/log’: File exists
2020-07-07 21:23:37.731243: E tensorflow/stream_executor/cuda/cuda_driver.cc:313] failed call to cuInit: UNKNOWN ERROR (303)
Test  426
2020-07-07 21:23:37.253097


Schema 1: Each client partially IID
--------------------------------------------------
percent data distributed IID:  80
number of classes for non-IID data:  2
data points per client (mean, std dev): ( 600 ,  0 )
--------------------------------------------------
round  1, metrics=<sparse_categorical_accuracy=0.09933333098888397,loss=2.303402900695801>
3.1287 seconds
Tested. Sparse categorical accuracy: 6.67

round  2, metrics=<sparse_categorical_accuracy=0.109333336353302,loss=2.295827865600586>
2.5401 seconds
Tested. Sparse categorical accuracy: 10.00

round  3, metrics=<sparse_categorical_accuracy=0.10433333367109299,loss=2.2897281646728516>
2.2776 seconds
Tested. Sparse categorical accuracy: 21.67

round  4, metrics=<sparse_categorical_accuracy=0.0989999994635582,loss=2.2722976207733154>
2.2061 seconds
Tested. Sparse categorical accuracy: 20.00

round  5, metrics=<sparse_categorical_accuracy=0.1586666703224182,loss=2.2163801193237305>
2.3667 seconds
Tested. Sparse categorical accuracy: 30.00

round  6, metrics=<sparse_categorical_accuracy=0.32066667079925537,loss=2.169022798538208>
2.4422 seconds
Tested. Sparse categorical accuracy: 66.67

round  7, metrics=<sparse_categorical_accuracy=0.44333332777023315,loss=2.1082069873809814>
2.2996 seconds
Tested. Sparse categorical accuracy: 10.00

round  8, metrics=<sparse_categorical_accuracy=0.3383333384990692,loss=1.9475488662719727>
2.1945 seconds
Tested. Sparse categorical accuracy: 58.33

round  9, metrics=<sparse_categorical_accuracy=0.5073333382606506,loss=2.1424190998077393>
2.4870 seconds
Tested. Sparse categorical accuracy: 38.33

round 10, metrics=<sparse_categorical_accuracy=0.35100001096725464,loss=2.085045099258423>
2.1656 seconds
Tested. Sparse categorical accuracy: 41.67

round 11, metrics=<sparse_categorical_accuracy=0.5019999742507935,loss=1.6116344928741455>
2.0341 seconds
Tested. Sparse categorical accuracy: 61.67

round 12, metrics=<sparse_categorical_accuracy=0.5926666855812073,loss=1.4657671451568604>
2.2690 seconds
Tested. Sparse categorical accuracy: 53.33

12  rounds run
Average time per round: 2.00

2020-07-07 21:24:12.591543
