
TENSORFLOW USERS:
You must use the python3.6-anaconda/5.2.0 module to run TensorFlow.
See https://arc-ts.umich.edu/greatlakes/software/tensorflow for more
information.



The following have been reloaded with a version change:
  1) cuda/10.0.130 => cuda/10.1.105


Currently Loaded Modules:
  1) python3.7-anaconda/2019.07   2) cudnn/10.0-v7.6   3) cuda/10.1.105

 

mkdir: cannot create directory ‘results/8700951’: File exists
mkdir: cannot create directory ‘results/8700951/log’: File exists
2020-07-07 21:03:36.680815: E tensorflow/stream_executor/cuda/cuda_driver.cc:313] failed call to cuInit: UNKNOWN ERROR (303)
Test  124
2020-07-07 21:03:36.190539


Schema 1: Each client partially IID
--------------------------------------------------
percent data distributed IID:  80
number of classes for non-IID data:  2
data points per client (mean, std dev): ( 600 ,  0 )
--------------------------------------------------
round  1, metrics=<sparse_categorical_accuracy=0.2057500034570694,loss=2.294536590576172>
12.5212 seconds
Tested. Sparse categorical accuracy: 13.33

round  2, metrics=<sparse_categorical_accuracy=0.1848333328962326,loss=2.25846529006958>
8.6880 seconds
Tested. Sparse categorical accuracy: 53.33

round  3, metrics=<sparse_categorical_accuracy=0.3790000081062317,loss=2.013425350189209>
8.5416 seconds
Tested. Sparse categorical accuracy: 66.67

3  rounds run
Average time per round: 9.00

2020-07-07 21:04:11.907224
