
TENSORFLOW USERS:
You must use the python3.6-anaconda/5.2.0 module to run TensorFlow.
See https://arc-ts.umich.edu/greatlakes/software/tensorflow for more
information.



The following have been reloaded with a version change:
  1) cuda/10.0.130 => cuda/10.1.105


Currently Loaded Modules:
  1) python3.7-anaconda/2019.07   2) cudnn/10.0-v7.6   3) cuda/10.1.105

 

mkdir: cannot create directory ‘results/8700951’: File exists
mkdir: cannot create directory ‘results/8700951/log’: File exists
2020-07-07 20:55:46.137433: E tensorflow/stream_executor/cuda/cuda_driver.cc:313] failed call to cuInit: UNKNOWN ERROR (303)
Test  36
2020-07-07 20:55:45.642330


Schema 1: Each client partially IID
--------------------------------------------------
percent data distributed IID:  80
number of classes for non-IID data:  2
data points per client (mean, std dev): ( 600 ,  0 )
--------------------------------------------------
round  1, metrics=<sparse_categorical_accuracy=0.11866666376590729,loss=2.3035800457000732>
3.1207 seconds
Tested. Sparse categorical accuracy: 11.67

round  2, metrics=<sparse_categorical_accuracy=0.11933333426713943,loss=2.298682451248169>
2.2052 seconds
Tested. Sparse categorical accuracy: 18.33

round  3, metrics=<sparse_categorical_accuracy=0.13866665959358215,loss=2.2832813262939453>
2.2553 seconds
Tested. Sparse categorical accuracy: 15.00

round  4, metrics=<sparse_categorical_accuracy=0.15533334016799927,loss=2.260399341583252>
2.1260 seconds
Tested. Sparse categorical accuracy: 36.67

round  5, metrics=<sparse_categorical_accuracy=0.25966668128967285,loss=2.201411485671997>
2.2474 seconds
Tested. Sparse categorical accuracy: 46.67

round  6, metrics=<sparse_categorical_accuracy=0.33000001311302185,loss=2.425609588623047>
2.1371 seconds
Tested. Sparse categorical accuracy: 11.67

round  7, metrics=<sparse_categorical_accuracy=0.18199999630451202,loss=2.282226800918579>
2.2516 seconds
Tested. Sparse categorical accuracy: 31.67

round  8, metrics=<sparse_categorical_accuracy=0.2983333468437195,loss=2.2508721351623535>
2.1434 seconds
Tested. Sparse categorical accuracy: 28.33

round  9, metrics=<sparse_categorical_accuracy=0.2619999945163727,loss=2.1526968479156494>
2.1697 seconds
Tested. Sparse categorical accuracy: 61.67

round 10, metrics=<sparse_categorical_accuracy=0.375,loss=2.302882432937622>
2.0651 seconds
Tested. Sparse categorical accuracy: 25.00

round 11, metrics=<sparse_categorical_accuracy=0.3790000081062317,loss=2.0275626182556152>
2.0768 seconds
Tested. Sparse categorical accuracy: 71.67

round 12, metrics=<sparse_categorical_accuracy=0.4390000104904175,loss=2.34124493598938>
2.2063 seconds
Tested. Sparse categorical accuracy: 36.67

12  rounds run
Average time per round: 2.00

2020-07-07 20:56:19.612539
