
TENSORFLOW USERS:
You must use the python3.6-anaconda/5.2.0 module to run TensorFlow.
See https://arc-ts.umich.edu/greatlakes/software/tensorflow for more
information.



The following have been reloaded with a version change:
  1) cuda/10.0.130 => cuda/10.1.105


Currently Loaded Modules:
  1) python3.7-anaconda/2019.07   2) cudnn/10.0-v7.6   3) cuda/10.1.105

 

mkdir: cannot create directory ‘results/8700951’: File exists
mkdir: cannot create directory ‘results/8700951/log’: File exists
2020-07-07 21:20:34.936149: E tensorflow/stream_executor/cuda/cuda_driver.cc:313] failed call to cuInit: UNKNOWN ERROR (303)
Test  370
2020-07-07 21:20:34.449822


Schema 1: Each client partially IID
--------------------------------------------------
percent data distributed IID:  80
number of classes for non-IID data:  2
data points per client (mean, std dev): ( 600 ,  0 )
--------------------------------------------------
round  1, metrics=<sparse_categorical_accuracy=0.22261111438274384,loss=2.1941044330596924>
20.5607 seconds
Tested. Sparse categorical accuracy: 70.00

round  2, metrics=<sparse_categorical_accuracy=0.4773888885974884,loss=1.7099472284317017>
14.3503 seconds
Tested. Sparse categorical accuracy: 60.00

2  rounds run
Average time per round: 17.00

2020-07-07 21:21:15.523384
