
TENSORFLOW USERS:
You must use the python3.6-anaconda/5.2.0 module to run TensorFlow.
See https://arc-ts.umich.edu/greatlakes/software/tensorflow for more
information.



The following have been reloaded with a version change:
  1) cuda/10.0.130 => cuda/10.1.105


Currently Loaded Modules:
  1) python3.7-anaconda/2019.07   2) cudnn/10.0-v7.6   3) cuda/10.1.105

 

mkdir: cannot create directory ‘results/8700951’: File exists
mkdir: cannot create directory ‘results/8700951/log’: File exists
2020-07-07 21:26:33.870810: E tensorflow/stream_executor/cuda/cuda_driver.cc:313] failed call to cuInit: UNKNOWN ERROR (303)
Test  478
2020-07-07 21:26:33.380963


Schema 1: Each client partially IID
--------------------------------------------------
percent data distributed IID:  80
number of classes for non-IID data:  2
data points per client (mean, std dev): ( 600 ,  0 )
--------------------------------------------------
round  1, metrics=<sparse_categorical_accuracy=0.17711110413074493,loss=2.275304079055786>
10.5611 seconds
Tested. Sparse categorical accuracy: 5.00

round  2, metrics=<sparse_categorical_accuracy=0.24877777695655823,loss=2.2147698402404785>
8.3138 seconds
Tested. Sparse categorical accuracy: 45.00

round  3, metrics=<sparse_categorical_accuracy=0.3448888957500458,loss=2.158890962600708>
14.3767 seconds
Tested. Sparse categorical accuracy: 25.00

round  4, metrics=<sparse_categorical_accuracy=0.47055554389953613,loss=1.8018344640731812>
10.1611 seconds
Tested. Sparse categorical accuracy: 65.00

4  rounds run
Average time per round: 10.00

2020-07-07 21:27:23.700090
