
TENSORFLOW USERS:
You must use the python3.6-anaconda/5.2.0 module to run TensorFlow.
See https://arc-ts.umich.edu/greatlakes/software/tensorflow for more
information.



The following have been reloaded with a version change:
  1) cuda/10.0.130 => cuda/10.1.105


Currently Loaded Modules:
  1) python3.7-anaconda/2019.07   2) cudnn/10.0-v7.6   3) cuda/10.1.105

 

mkdir: cannot create directory ‘results/8700951’: File exists
mkdir: cannot create directory ‘results/8700951/log’: File exists
2020-07-07 21:15:45.379215: E tensorflow/stream_executor/cuda/cuda_driver.cc:313] failed call to cuInit: UNKNOWN ERROR (303)
Test  284
2020-07-07 21:15:44.896029


Schema 1: Each client partially IID
--------------------------------------------------
percent data distributed IID:  80
number of classes for non-IID data:  2
data points per client (mean, std dev): ( 600 ,  0 )
--------------------------------------------------
round  1, metrics=<sparse_categorical_accuracy=0.17916665971279144,loss=2.2464165687561035>
12.7105 seconds
Tested. Sparse categorical accuracy: 26.67

round  2, metrics=<sparse_categorical_accuracy=0.33149999380111694,loss=2.166372299194336>
8.8077 seconds
Tested. Sparse categorical accuracy: 73.33

round  3, metrics=<sparse_categorical_accuracy=0.5291666388511658,loss=1.7206593751907349>
8.9482 seconds
Tested. Sparse categorical accuracy: 60.00

3  rounds run
Average time per round: 10.00

2020-07-07 21:16:21.523160
