
TENSORFLOW USERS:
You must use the python3.6-anaconda/5.2.0 module to run TensorFlow.
See https://arc-ts.umich.edu/greatlakes/software/tensorflow for more
information.



The following have been reloaded with a version change:
  1) cuda/10.0.130 => cuda/10.1.105


Currently Loaded Modules:
  1) python3.7-anaconda/2019.07   2) cudnn/10.0-v7.6   3) cuda/10.1.105

 

mkdir: cannot create directory ‘results/8700951’: File exists
mkdir: cannot create directory ‘results/8700951/log’: File exists
2020-07-07 21:15:43.828978: E tensorflow/stream_executor/cuda/cuda_driver.cc:313] failed call to cuInit: UNKNOWN ERROR (303)
Test  286
2020-07-07 21:15:43.346065


Schema 1: Each client partially IID
--------------------------------------------------
percent data distributed IID:  80
number of classes for non-IID data:  2
data points per client (mean, std dev): ( 600 ,  0 )
--------------------------------------------------
round  1, metrics=<sparse_categorical_accuracy=0.11166666448116302,loss=2.3021762371063232>
2.8678 seconds
Tested. Sparse categorical accuracy: 16.67

round  2, metrics=<sparse_categorical_accuracy=0.13466666638851166,loss=2.2933413982391357>
2.1480 seconds
Tested. Sparse categorical accuracy: 38.33

round  3, metrics=<sparse_categorical_accuracy=0.1783333271741867,loss=2.2718780040740967>
2.2565 seconds
Tested. Sparse categorical accuracy: 26.67

round  4, metrics=<sparse_categorical_accuracy=0.2840000092983246,loss=2.218580961227417>
2.0905 seconds
Tested. Sparse categorical accuracy: 16.67

round  5, metrics=<sparse_categorical_accuracy=0.3230000138282776,loss=2.2461249828338623>
2.1975 seconds
Tested. Sparse categorical accuracy: 31.67

round  6, metrics=<sparse_categorical_accuracy=0.38966667652130127,loss=2.1244657039642334>
2.0543 seconds
Tested. Sparse categorical accuracy: 46.67

round  7, metrics=<sparse_categorical_accuracy=0.43033334612846375,loss=2.709991931915283>
2.2055 seconds
Tested. Sparse categorical accuracy: 15.00

round  8, metrics=<sparse_categorical_accuracy=0.11900000274181366,loss=2.2996013164520264>
2.0055 seconds
Tested. Sparse categorical accuracy: 1.67

round  9, metrics=<sparse_categorical_accuracy=0.12700000405311584,loss=2.289184331893921>
2.0876 seconds
Tested. Sparse categorical accuracy: 13.33

round 10, metrics=<sparse_categorical_accuracy=0.1589999943971634,loss=2.2699201107025146>
2.1905 seconds
Tested. Sparse categorical accuracy: 10.00

round 11, metrics=<sparse_categorical_accuracy=0.12666666507720947,loss=2.259279251098633>
2.0172 seconds
Tested. Sparse categorical accuracy: 30.00

round 12, metrics=<sparse_categorical_accuracy=0.25,loss=2.168238639831543>
2.1370 seconds
Tested. Sparse categorical accuracy: 35.00

12  rounds run
Average time per round: 2.00

2020-07-07 21:16:16.576982
