
TENSORFLOW USERS:
You must use the python3.6-anaconda/5.2.0 module to run TensorFlow.
See https://arc-ts.umich.edu/greatlakes/software/tensorflow for more
information.



The following have been reloaded with a version change:
  1) cuda/10.0.130 => cuda/10.1.105


Currently Loaded Modules:
  1) python3.7-anaconda/2019.07   2) cudnn/10.0-v7.6   3) cuda/10.1.105

 

mkdir: cannot create directory ‘results/8700951’: File exists
mkdir: cannot create directory ‘results/8700951/log’: File exists
2020-07-07 21:03:16.224728: E tensorflow/stream_executor/cuda/cuda_driver.cc:313] failed call to cuInit: UNKNOWN ERROR (303)
Test  114
2020-07-07 21:03:15.744668


Schema 1: Each client partially IID
--------------------------------------------------
percent data distributed IID:  80
number of classes for non-IID data:  2
data points per client (mean, std dev): ( 600 ,  0 )
--------------------------------------------------
round  1, metrics=<sparse_categorical_accuracy=0.15725000202655792,loss=2.251286029815674>
12.8026 seconds
Tested. Sparse categorical accuracy: 53.33

round  2, metrics=<sparse_categorical_accuracy=0.37416666746139526,loss=2.122091293334961>
8.9593 seconds
Tested. Sparse categorical accuracy: 26.67

round  3, metrics=<sparse_categorical_accuracy=0.5372499823570251,loss=1.5584560632705688>
8.6466 seconds
Tested. Sparse categorical accuracy: 86.67

3  rounds run
Average time per round: 10.00

2020-07-07 21:03:52.244751
