
TENSORFLOW USERS:
You must use the python3.6-anaconda/5.2.0 module to run TensorFlow.
See https://arc-ts.umich.edu/greatlakes/software/tensorflow for more
information.



The following have been reloaded with a version change:
  1) cuda/10.0.130 => cuda/10.1.105


Currently Loaded Modules:
  1) python3.7-anaconda/2019.07   2) cudnn/10.0-v7.6   3) cuda/10.1.105

 

mkdir: cannot create directory ‘results/8700951’: File exists
mkdir: cannot create directory ‘results/8700951/log’: File exists
2020-07-07 21:15:31.231001: E tensorflow/stream_executor/cuda/cuda_driver.cc:313] failed call to cuInit: UNKNOWN ERROR (303)
Test  281
2020-07-07 21:15:30.706214


Schema 1: Each client partially IID
--------------------------------------------------
percent data distributed IID:  80
number of classes for non-IID data:  2
data points per client (mean, std dev): ( 600 ,  0 )
--------------------------------------------------
round  1, metrics=<sparse_categorical_accuracy=0.09399999678134918,loss=2.3029634952545166>
3.5603 seconds
Tested. Sparse categorical accuracy: 23.33

round  2, metrics=<sparse_categorical_accuracy=0.11966666579246521,loss=2.29226016998291>
2.7186 seconds
Tested. Sparse categorical accuracy: 8.33

round  3, metrics=<sparse_categorical_accuracy=0.09966666996479034,loss=2.284522294998169>
2.8216 seconds
Tested. Sparse categorical accuracy: 23.33

round  4, metrics=<sparse_categorical_accuracy=0.1316666603088379,loss=2.2590713500976562>
2.5798 seconds
Tested. Sparse categorical accuracy: 6.67

round  5, metrics=<sparse_categorical_accuracy=0.1420000046491623,loss=2.1874399185180664>
2.8049 seconds
Tested. Sparse categorical accuracy: 11.67

round  6, metrics=<sparse_categorical_accuracy=0.2983333468437195,loss=2.2341480255126953>
2.8306 seconds
Tested. Sparse categorical accuracy: 38.33

round  7, metrics=<sparse_categorical_accuracy=0.38866665959358215,loss=1.9615309238433838>
2.8114 seconds
Tested. Sparse categorical accuracy: 40.00

round  8, metrics=<sparse_categorical_accuracy=0.25033333897590637,loss=2.484485626220703>
2.6900 seconds
Tested. Sparse categorical accuracy: 13.33

round  9, metrics=<sparse_categorical_accuracy=0.19233334064483643,loss=2.25399112701416>
3.2153 seconds
Tested. Sparse categorical accuracy: 30.00

round 10, metrics=<sparse_categorical_accuracy=0.304666668176651,loss=2.041323184967041>
2.5420 seconds
Tested. Sparse categorical accuracy: 53.33

round 11, metrics=<sparse_categorical_accuracy=0.3643333315849304,loss=2.2008450031280518>
2.7649 seconds
Tested. Sparse categorical accuracy: 35.00

round 12, metrics=<sparse_categorical_accuracy=0.4076666533946991,loss=1.7792466878890991>
2.8836 seconds
Tested. Sparse categorical accuracy: 63.33

12  rounds run
Average time per round: 2.00

2020-07-07 21:16:12.747675
