
TENSORFLOW USERS:
You must use the python3.6-anaconda/5.2.0 module to run TensorFlow.
See https://arc-ts.umich.edu/greatlakes/software/tensorflow for more
information.



The following have been reloaded with a version change:
  1) cuda/10.0.130 => cuda/10.1.105


Currently Loaded Modules:
  1) python3.7-anaconda/2019.07   2) cudnn/10.0-v7.6   3) cuda/10.1.105

 

mkdir: cannot create directory ‘results/8700951’: File exists
mkdir: cannot create directory ‘results/8700951/log’: File exists
2020-07-07 21:13:23.047636: E tensorflow/stream_executor/cuda/cuda_driver.cc:313] failed call to cuInit: UNKNOWN ERROR (303)
Test  243
2020-07-07 21:13:22.546043


Schema 1: Each client partially IID
--------------------------------------------------
percent data distributed IID:  80
number of classes for non-IID data:  2
data points per client (mean, std dev): ( 600 ,  0 )
--------------------------------------------------
round  1, metrics=<sparse_categorical_accuracy=0.13722221553325653,loss=2.2730932235717773>
10.5824 seconds
Tested. Sparse categorical accuracy: 35.00

round  2, metrics=<sparse_categorical_accuracy=0.2464444488286972,loss=2.181710958480835>
8.1257 seconds
Tested. Sparse categorical accuracy: 55.00

round  3, metrics=<sparse_categorical_accuracy=0.34388887882232666,loss=2.106182336807251>
8.8008 seconds
Tested. Sparse categorical accuracy: 35.00

round  4, metrics=<sparse_categorical_accuracy=0.5866666436195374,loss=1.4404137134552002>
8.6123 seconds
Tested. Sparse categorical accuracy: 85.00

4  rounds run
Average time per round: 9.00

2020-07-07 21:14:05.299328
