
TENSORFLOW USERS:
You must use the python3.6-anaconda/5.2.0 module to run TensorFlow.
See https://arc-ts.umich.edu/greatlakes/software/tensorflow for more
information.



The following have been reloaded with a version change:
  1) cuda/10.0.130 => cuda/10.1.105


Currently Loaded Modules:
  1) python3.7-anaconda/2019.07   2) cudnn/10.0-v7.6   3) cuda/10.1.105

 

mkdir: cannot create directory ‘results/8700951’: File exists
mkdir: cannot create directory ‘results/8700951/log’: File exists
2020-07-07 21:06:52.709309: E tensorflow/stream_executor/cuda/cuda_driver.cc:313] failed call to cuInit: UNKNOWN ERROR (303)
Test  129
2020-07-07 21:06:52.212301


Schema 1: Each client partially IID
--------------------------------------------------
percent data distributed IID:  80
number of classes for non-IID data:  2
data points per client (mean, std dev): ( 600 ,  0 )
--------------------------------------------------
round  1, metrics=<sparse_categorical_accuracy=0.18975000083446503,loss=2.247596502304077>
13.1712 seconds
Tested. Sparse categorical accuracy: 53.33

round  2, metrics=<sparse_categorical_accuracy=0.3385833203792572,loss=2.096669912338257>
8.9037 seconds
Tested. Sparse categorical accuracy: 60.00

round  3, metrics=<sparse_categorical_accuracy=0.5096666812896729,loss=1.6642347574234009>
8.7414 seconds
Tested. Sparse categorical accuracy: 80.00

3  rounds run
Average time per round: 10.00

2020-07-07 21:07:29.285830
