
TENSORFLOW USERS:
You must use the python3.6-anaconda/5.2.0 module to run TensorFlow.
See https://arc-ts.umich.edu/greatlakes/software/tensorflow for more
information.



The following have been reloaded with a version change:
  1) cuda/10.0.130 => cuda/10.1.105


Currently Loaded Modules:
  1) python3.7-anaconda/2019.07   2) cudnn/10.0-v7.6   3) cuda/10.1.105

 

mkdir: cannot create directory ‘results/8700951’: File exists
mkdir: cannot create directory ‘results/8700951/log’: File exists
2020-07-07 21:13:06.408271: E tensorflow/stream_executor/cuda/cuda_driver.cc:313] failed call to cuInit: UNKNOWN ERROR (303)
Test  236
2020-07-07 21:13:05.918918


Schema 1: Each client partially IID
--------------------------------------------------
percent data distributed IID:  80
number of classes for non-IID data:  2
data points per client (mean, std dev): ( 600 ,  0 )
--------------------------------------------------
round  1, metrics=<sparse_categorical_accuracy=0.13833333551883698,loss=2.3019981384277344>
2.8744 seconds
Tested. Sparse categorical accuracy: 8.33

round  2, metrics=<sparse_categorical_accuracy=0.12300000339746475,loss=2.293578863143921>
2.1064 seconds
Tested. Sparse categorical accuracy: 13.33

round  3, metrics=<sparse_categorical_accuracy=0.10199999809265137,loss=2.2898659706115723>
2.1796 seconds
Tested. Sparse categorical accuracy: 36.67

round  4, metrics=<sparse_categorical_accuracy=0.1459999978542328,loss=2.2719051837921143>
2.1250 seconds
Tested. Sparse categorical accuracy: 48.33

round  5, metrics=<sparse_categorical_accuracy=0.2136666625738144,loss=2.2285239696502686>
2.2173 seconds
Tested. Sparse categorical accuracy: 45.00

round  6, metrics=<sparse_categorical_accuracy=0.28033334016799927,loss=2.2164151668548584>
2.0894 seconds
Tested. Sparse categorical accuracy: 66.67

round  7, metrics=<sparse_categorical_accuracy=0.4429999887943268,loss=2.1965034008026123>
2.1983 seconds
Tested. Sparse categorical accuracy: 40.00

round  8, metrics=<sparse_categorical_accuracy=0.4399999976158142,loss=1.9581531286239624>
2.0418 seconds
Tested. Sparse categorical accuracy: 68.33

round  9, metrics=<sparse_categorical_accuracy=0.49900001287460327,loss=2.152559995651245>
2.1186 seconds
Tested. Sparse categorical accuracy: 43.33

round 10, metrics=<sparse_categorical_accuracy=0.3726666569709778,loss=2.0165467262268066>
2.0304 seconds
Tested. Sparse categorical accuracy: 51.67

round 11, metrics=<sparse_categorical_accuracy=0.5853333473205566,loss=1.4826387166976929>
2.1612 seconds
Tested. Sparse categorical accuracy: 55.00

round 12, metrics=<sparse_categorical_accuracy=0.6650000214576721,loss=1.2568227052688599>
2.0422 seconds
Tested. Sparse categorical accuracy: 73.33

12  rounds run
Average time per round: 2.00

2020-07-07 21:13:38.984161
