
TENSORFLOW USERS:
You must use the python3.6-anaconda/5.2.0 module to run TensorFlow.
See https://arc-ts.umich.edu/greatlakes/software/tensorflow for more
information.



The following have been reloaded with a version change:
  1) cuda/10.0.130 => cuda/10.1.105


Currently Loaded Modules:
  1) python3.7-anaconda/2019.07   2) cudnn/10.0-v7.6   3) cuda/10.1.105

 

mkdir: cannot create directory ‘results/8700951’: File exists
mkdir: cannot create directory ‘results/8700951/log’: File exists
2020-07-07 20:59:45.002764: E tensorflow/stream_executor/cuda/cuda_driver.cc:313] failed call to cuInit: UNKNOWN ERROR (303)
Test  89
2020-07-07 20:59:44.494054


Schema 1: Each client partially IID
--------------------------------------------------
percent data distributed IID:  80
number of classes for non-IID data:  2
data points per client (mean, std dev): ( 600 ,  0 )
--------------------------------------------------
round  1, metrics=<sparse_categorical_accuracy=0.15558333694934845,loss=2.2562546730041504>
14.9472 seconds
Tested. Sparse categorical accuracy: 66.67

round  2, metrics=<sparse_categorical_accuracy=0.3136666715145111,loss=2.1566755771636963>
11.0499 seconds
Tested. Sparse categorical accuracy: 73.33

round  3, metrics=<sparse_categorical_accuracy=0.5549166798591614,loss=1.6572864055633545>
11.1886 seconds
Tested. Sparse categorical accuracy: 66.67

3  rounds run
Average time per round: 12.00

2020-07-07 21:00:28.300450
