
TENSORFLOW USERS:
You must use the python3.6-anaconda/5.2.0 module to run TensorFlow.
See https://arc-ts.umich.edu/greatlakes/software/tensorflow for more
information.



The following have been reloaded with a version change:
  1) cuda/10.0.130 => cuda/10.1.105


Currently Loaded Modules:
  1) python3.7-anaconda/2019.07   2) cudnn/10.0-v7.6   3) cuda/10.1.105

 

mkdir: cannot create directory ‘results/8700951’: File exists
mkdir: cannot create directory ‘results/8700951/log’: File exists
2020-07-07 21:10:41.663248: E tensorflow/stream_executor/cuda/cuda_driver.cc:313] failed call to cuInit: UNKNOWN ERROR (303)
Test  196
2020-07-07 21:10:41.179182


Schema 1: Each client partially IID
--------------------------------------------------
percent data distributed IID:  80
number of classes for non-IID data:  2
data points per client (mean, std dev): ( 600 ,  0 )
--------------------------------------------------
round  1, metrics=<sparse_categorical_accuracy=0.10400000214576721,loss=2.3036675453186035>
3.2949 seconds
Tested. Sparse categorical accuracy: 5.00

round  2, metrics=<sparse_categorical_accuracy=0.09466666728258133,loss=2.2866334915161133>
2.3892 seconds
Tested. Sparse categorical accuracy: 31.67

round  3, metrics=<sparse_categorical_accuracy=0.2370000034570694,loss=2.2517542839050293>
2.5606 seconds
Tested. Sparse categorical accuracy: 26.67

round  4, metrics=<sparse_categorical_accuracy=0.2526666522026062,loss=2.245540142059326>
2.2472 seconds
Tested. Sparse categorical accuracy: 38.33

round  5, metrics=<sparse_categorical_accuracy=0.29233333468437195,loss=2.1353187561035156>
2.3757 seconds
Tested. Sparse categorical accuracy: 35.00

round  6, metrics=<sparse_categorical_accuracy=0.3610000014305115,loss=2.66420841217041>
2.3267 seconds
Tested. Sparse categorical accuracy: 15.00

round  7, metrics=<sparse_categorical_accuracy=0.1353333294391632,loss=2.2929391860961914>
2.4730 seconds
Tested. Sparse categorical accuracy: 18.33

round  8, metrics=<sparse_categorical_accuracy=0.2329999953508377,loss=2.27866268157959>
2.3541 seconds
Tested. Sparse categorical accuracy: 20.00

round  9, metrics=<sparse_categorical_accuracy=0.23933333158493042,loss=2.238372802734375>
2.6021 seconds
Tested. Sparse categorical accuracy: 26.67

round 10, metrics=<sparse_categorical_accuracy=0.23899999260902405,loss=2.1193482875823975>
2.3166 seconds
Tested. Sparse categorical accuracy: 46.67

round 11, metrics=<sparse_categorical_accuracy=0.34833332896232605,loss=2.2964751720428467>
2.3577 seconds
Tested. Sparse categorical accuracy: 31.67

round 12, metrics=<sparse_categorical_accuracy=0.28066667914390564,loss=2.0973007678985596>
2.2423 seconds
Tested. Sparse categorical accuracy: 25.00

12  rounds run
Average time per round: 2.00

2020-07-07 21:11:18.218373
