
TENSORFLOW USERS:
You must use the python3.6-anaconda/5.2.0 module to run TensorFlow.
See https://arc-ts.umich.edu/greatlakes/software/tensorflow for more
information.



The following have been reloaded with a version change:
  1) cuda/10.0.130 => cuda/10.1.105


Currently Loaded Modules:
  1) python3.7-anaconda/2019.07   2) cudnn/10.0-v7.6   3) cuda/10.1.105

 

mkdir: cannot create directory ‘results/8700951’: File exists
mkdir: cannot create directory ‘results/8700951/log’: File exists
2020-07-07 21:09:00.651183: E tensorflow/stream_executor/cuda/cuda_driver.cc:313] failed call to cuInit: UNKNOWN ERROR (303)
Test  166
2020-07-07 21:09:00.147404


Schema 1: Each client partially IID
--------------------------------------------------
percent data distributed IID:  80
number of classes for non-IID data:  2
data points per client (mean, std dev): ( 600 ,  0 )
--------------------------------------------------
round  1, metrics=<sparse_categorical_accuracy=0.09566666930913925,loss=2.3025007247924805>
3.8630 seconds
Tested. Sparse categorical accuracy: 10.00

round  2, metrics=<sparse_categorical_accuracy=0.09600000083446503,loss=2.2952523231506348>
2.7426 seconds
Tested. Sparse categorical accuracy: 13.33

round  3, metrics=<sparse_categorical_accuracy=0.09399999678134918,loss=2.2814879417419434>
2.8207 seconds
Tested. Sparse categorical accuracy: 15.00

round  4, metrics=<sparse_categorical_accuracy=0.14233332872390747,loss=2.2481484413146973>
2.7408 seconds
Tested. Sparse categorical accuracy: 20.00

round  5, metrics=<sparse_categorical_accuracy=0.17866666615009308,loss=2.1789419651031494>
2.6984 seconds
Tested. Sparse categorical accuracy: 68.33

round  6, metrics=<sparse_categorical_accuracy=0.3526666760444641,loss=2.1854491233825684>
2.5167 seconds
Tested. Sparse categorical accuracy: 53.33

round  7, metrics=<sparse_categorical_accuracy=0.45366665720939636,loss=1.922961950302124>
2.5871 seconds
Tested. Sparse categorical accuracy: 48.33

round  8, metrics=<sparse_categorical_accuracy=0.3330000042915344,loss=2.639963150024414>
2.4876 seconds
Tested. Sparse categorical accuracy: 8.33

round  9, metrics=<sparse_categorical_accuracy=0.1940000057220459,loss=2.2499442100524902>
2.7001 seconds
Tested. Sparse categorical accuracy: 33.33

round 10, metrics=<sparse_categorical_accuracy=0.2956666648387909,loss=2.137310743331909>
2.5158 seconds
Tested. Sparse categorical accuracy: 45.00

round 11, metrics=<sparse_categorical_accuracy=0.3776666522026062,loss=1.8953564167022705>
2.6924 seconds
Tested. Sparse categorical accuracy: 46.67

round 12, metrics=<sparse_categorical_accuracy=0.44966667890548706,loss=1.7031415700912476>
2.5197 seconds
Tested. Sparse categorical accuracy: 63.33

12  rounds run
Average time per round: 2.00

2020-07-07 21:09:40.734239
