
TENSORFLOW USERS:
You must use the python3.6-anaconda/5.2.0 module to run TensorFlow.
See https://arc-ts.umich.edu/greatlakes/software/tensorflow for more
information.



The following have been reloaded with a version change:
  1) cuda/10.0.130 => cuda/10.1.105


Currently Loaded Modules:
  1) python3.7-anaconda/2019.07   2) cudnn/10.0-v7.6   3) cuda/10.1.105

 

mkdir: cannot create directory ‘results/8700951’: File exists
mkdir: cannot create directory ‘results/8700951/log’: File exists
2020-07-07 21:21:18.979260: E tensorflow/stream_executor/cuda/cuda_driver.cc:313] failed call to cuInit: UNKNOWN ERROR (303)
Test  381
2020-07-07 21:21:18.470790


Schema 1: Each client partially IID
--------------------------------------------------
percent data distributed IID:  80
number of classes for non-IID data:  2
data points per client (mean, std dev): ( 600 ,  0 )
--------------------------------------------------
round  1, metrics=<sparse_categorical_accuracy=0.10000000149011612,loss=2.304987907409668>
3.4842 seconds
Tested. Sparse categorical accuracy: 11.67

round  2, metrics=<sparse_categorical_accuracy=0.13766667246818542,loss=2.295156955718994>
2.8551 seconds
Tested. Sparse categorical accuracy: 3.33

round  3, metrics=<sparse_categorical_accuracy=0.12866666913032532,loss=2.2928075790405273>
2.8450 seconds
Tested. Sparse categorical accuracy: 21.67

round  4, metrics=<sparse_categorical_accuracy=0.11366666853427887,loss=2.282609701156616>
2.4004 seconds
Tested. Sparse categorical accuracy: 26.67

round  5, metrics=<sparse_categorical_accuracy=0.19833333790302277,loss=2.2536258697509766>
2.5139 seconds
Tested. Sparse categorical accuracy: 26.67

round  6, metrics=<sparse_categorical_accuracy=0.23233333230018616,loss=2.1988461017608643>
2.2806 seconds
Tested. Sparse categorical accuracy: 48.33

round  7, metrics=<sparse_categorical_accuracy=0.33633333444595337,loss=2.355681896209717>
2.5354 seconds
Tested. Sparse categorical accuracy: 6.67

round  8, metrics=<sparse_categorical_accuracy=0.1353333294391632,loss=2.2340681552886963>
2.3021 seconds
Tested. Sparse categorical accuracy: 21.67

round  9, metrics=<sparse_categorical_accuracy=0.32633334398269653,loss=2.0130887031555176>
2.4297 seconds
Tested. Sparse categorical accuracy: 38.33

round 10, metrics=<sparse_categorical_accuracy=0.3113333284854889,loss=2.307750701904297>
2.2906 seconds
Tested. Sparse categorical accuracy: 38.33

round 11, metrics=<sparse_categorical_accuracy=0.39899998903274536,loss=2.030613660812378>
2.3070 seconds
Tested. Sparse categorical accuracy: 45.00

round 12, metrics=<sparse_categorical_accuracy=0.45233333110809326,loss=2.0313236713409424>
2.4221 seconds
Tested. Sparse categorical accuracy: 36.67

12  rounds run
Average time per round: 2.00

2020-07-07 21:21:56.931244
