
TENSORFLOW USERS:
You must use the python3.6-anaconda/5.2.0 module to run TensorFlow.
See https://arc-ts.umich.edu/greatlakes/software/tensorflow for more
information.



The following have been reloaded with a version change:
  1) cuda/10.0.130 => cuda/10.1.105


Currently Loaded Modules:
  1) python3.7-anaconda/2019.07   2) cudnn/10.0-v7.6   3) cuda/10.1.105

 

mkdir: cannot create directory ‘results/8700951’: File exists
mkdir: cannot create directory ‘results/8700951/log’: File exists
2020-07-07 21:16:24.531118: E tensorflow/stream_executor/cuda/cuda_driver.cc:313] failed call to cuInit: UNKNOWN ERROR (303)
Test  296
2020-07-07 21:16:24.045096


Schema 1: Each client partially IID
--------------------------------------------------
percent data distributed IID:  80
number of classes for non-IID data:  2
data points per client (mean, std dev): ( 600 ,  0 )
--------------------------------------------------
round  1, metrics=<sparse_categorical_accuracy=0.10866666585206985,loss=2.301553726196289>
3.1059 seconds
Tested. Sparse categorical accuracy: 6.67

round  2, metrics=<sparse_categorical_accuracy=0.10899999737739563,loss=2.29469633102417>
2.2159 seconds
Tested. Sparse categorical accuracy: 11.67

round  3, metrics=<sparse_categorical_accuracy=0.11999999731779099,loss=2.2793149948120117>
2.3722 seconds
Tested. Sparse categorical accuracy: 21.67

round  4, metrics=<sparse_categorical_accuracy=0.140666663646698,loss=2.260282039642334>
2.1637 seconds
Tested. Sparse categorical accuracy: 41.67

round  5, metrics=<sparse_categorical_accuracy=0.23100000619888306,loss=2.1852056980133057>
2.2066 seconds
Tested. Sparse categorical accuracy: 13.33

round  6, metrics=<sparse_categorical_accuracy=0.24833333492279053,loss=2.14379620552063>
2.0904 seconds
Tested. Sparse categorical accuracy: 51.67

round  7, metrics=<sparse_categorical_accuracy=0.3986666798591614,loss=2.02820086479187>
2.1958 seconds
Tested. Sparse categorical accuracy: 61.67

round  8, metrics=<sparse_categorical_accuracy=0.39666667580604553,loss=2.1951358318328857>
2.0901 seconds
Tested. Sparse categorical accuracy: 46.67

round  9, metrics=<sparse_categorical_accuracy=0.47466665506362915,loss=1.9067649841308594>
2.2771 seconds
Tested. Sparse categorical accuracy: 70.00

round 10, metrics=<sparse_categorical_accuracy=0.5143333077430725,loss=2.0448122024536133>
2.0830 seconds
Tested. Sparse categorical accuracy: 66.67

round 11, metrics=<sparse_categorical_accuracy=0.5923333168029785,loss=1.5094373226165771>
2.0641 seconds
Tested. Sparse categorical accuracy: 78.33

round 12, metrics=<sparse_categorical_accuracy=0.6336666941642761,loss=1.2310307025909424>
2.2104 seconds
Tested. Sparse categorical accuracy: 73.33

12  rounds run
Average time per round: 2.00

2020-07-07 21:16:58.062868
