
TENSORFLOW USERS:
You must use the python3.6-anaconda/5.2.0 module to run TensorFlow.
See https://arc-ts.umich.edu/greatlakes/software/tensorflow for more
information.



The following have been reloaded with a version change:
  1) cuda/10.0.130 => cuda/10.1.105


Currently Loaded Modules:
  1) python3.7-anaconda/2019.07   2) cudnn/10.0-v7.6   3) cuda/10.1.105

 

mkdir: cannot create directory ‘results/8700951’: File exists
mkdir: cannot create directory ‘results/8700951/log’: File exists
2020-07-07 21:26:30.815855: E tensorflow/stream_executor/cuda/cuda_driver.cc:313] failed call to cuInit: UNKNOWN ERROR (303)
Test  477
2020-07-07 21:26:30.331932


Schema 1: Each client partially IID
--------------------------------------------------
percent data distributed IID:  80
number of classes for non-IID data:  2
data points per client (mean, std dev): ( 600 ,  0 )
--------------------------------------------------
round  1, metrics=<sparse_categorical_accuracy=0.12016666680574417,loss=2.2872350215911865>
6.0830 seconds
Tested. Sparse categorical accuracy: 10.00

round  2, metrics=<sparse_categorical_accuracy=0.18183332681655884,loss=2.24582576751709>
4.3947 seconds
Tested. Sparse categorical accuracy: 43.33

round  3, metrics=<sparse_categorical_accuracy=0.27783334255218506,loss=2.3746750354766846>
4.2368 seconds
Tested. Sparse categorical accuracy: 10.00

round  4, metrics=<sparse_categorical_accuracy=0.14733333885669708,loss=2.2742724418640137>
4.4246 seconds
Tested. Sparse categorical accuracy: 13.33

round  5, metrics=<sparse_categorical_accuracy=0.24449999630451202,loss=2.162993907928467>
4.4422 seconds
Tested. Sparse categorical accuracy: 23.33

round  6, metrics=<sparse_categorical_accuracy=0.4168333411216736,loss=1.9231327772140503>
4.3463 seconds
Tested. Sparse categorical accuracy: 53.33

6  rounds run
Average time per round: 4.00

2020-07-07 21:27:04.777013
