
TENSORFLOW USERS:
You must use the python3.6-anaconda/5.2.0 module to run TensorFlow.
See https://arc-ts.umich.edu/greatlakes/software/tensorflow for more
information.



The following have been reloaded with a version change:
  1) cuda/10.0.130 => cuda/10.1.105


Currently Loaded Modules:
  1) python3.7-anaconda/2019.07   2) cudnn/10.0-v7.6   3) cuda/10.1.105

 

mkdir: cannot create directory ‘results/9296214’: File exists
mkdir: cannot create directory ‘results/9296214/log’: File exists
2020-07-15 23:50:51.641290: E tensorflow/stream_executor/cuda/cuda_driver.cc:313] failed call to cuInit: UNKNOWN ERROR (303)
Test  463
2020-07-15 23:50:51.152833

How often each label is chosen for non-IID data
[19, 14, 23, 21, 20, 26, 16, 25, 20, 16]

Schema 1: Each client partially IID
--------------------------------------------------
percent data distributed IID:  80
number of classes for non-IID data:  2
data points per client (mean, std dev): ( 600 ,  0 )
--------------------------------------------------
round  1, metrics=<sparse_categorical_accuracy=0.12755554914474487,loss=2.2769663333892822>
10.2923 seconds
Tested. Sparse categorical accuracy: 25.00

round  2, metrics=<sparse_categorical_accuracy=0.21877777576446533,loss=2.2027533054351807>
7.1819 seconds
Tested. Sparse categorical accuracy: 15.00

round  3, metrics=<sparse_categorical_accuracy=0.3356666564941406,loss=2.211860418319702>
7.2063 seconds
Tested. Sparse categorical accuracy: 35.00

round  4, metrics=<sparse_categorical_accuracy=0.40922221541404724,loss=1.9548723697662354>
7.1961 seconds
Tested. Sparse categorical accuracy: 85.00

round  5, metrics=<sparse_categorical_accuracy=0.5982221961021423,loss=1.3648176193237305>
7.2437 seconds
Tested. Sparse categorical accuracy: 75.00

round  6, metrics=<sparse_categorical_accuracy=0.7753333449363708,loss=0.7830312252044678>
7.4468 seconds
Tested. Sparse categorical accuracy: 100.00

round  7, metrics=<sparse_categorical_accuracy=0.8731111288070679,loss=0.4279646575450897>
6.8360 seconds
Tested. Sparse categorical accuracy: 85.00

round  8, metrics=<sparse_categorical_accuracy=0.8816666603088379,loss=0.407937616109848>
7.0306 seconds
Tested. Sparse categorical accuracy: 100.00

Final confusion matrix
Traceback (most recent call last):
  File "R_tff_main.py", line 28, in <module>
    p1.go(test, batch)
  File "/home/apawlik/federated/R_1_each_client_partially_iid.py", line 208, in go
    self.train(num, batch, 1)
  File "/home/apawlik/federated/R_partitioner.py", line 320, in train
    print(confusion_matrix(actuals, preds, labels = [0, 1, 2, 3, 4, 5, 6, 7, 8, 9]))
  File "/sw/arcts/centos7/python3.7-anaconda/2019.07/lib/python3.7/site-packages/sklearn/metrics/classification.py", line 253, in confusion_matrix
    y_type, y_true, y_pred = _check_targets(y_true, y_pred)
  File "/sw/arcts/centos7/python3.7-anaconda/2019.07/lib/python3.7/site-packages/sklearn/metrics/classification.py", line 71, in _check_targets
    check_consistent_length(y_true, y_pred)
  File "/sw/arcts/centos7/python3.7-anaconda/2019.07/lib/python3.7/site-packages/sklearn/utils/validation.py", line 205, in check_consistent_length
    " samples: %r" % [int(l) for l in lengths])
ValueError: Found input variables with inconsistent numbers of samples: [10000, 20]
