
TENSORFLOW USERS:
You must use the python3.6-anaconda/5.2.0 module to run TensorFlow.
See https://arc-ts.umich.edu/greatlakes/software/tensorflow for more
information.



The following have been reloaded with a version change:
  1) cuda/10.0.130 => cuda/10.1.105


Currently Loaded Modules:
  1) python3.7-anaconda/2019.07   2) cudnn/10.0-v7.6   3) cuda/10.1.105

 

mkdir: cannot create directory ‘results/9296214’: File exists
mkdir: cannot create directory ‘results/9296214/log’: File exists
2020-07-15 23:27:11.739083: E tensorflow/stream_executor/cuda/cuda_driver.cc:313] failed call to cuInit: UNKNOWN ERROR (303)
Test  238
2020-07-15 23:27:11.241244

How often each label is chosen for non-IID data
[17, 17, 16, 24, 25, 14, 23, 23, 19, 22]

Schema 1: Each client partially IID
--------------------------------------------------
percent data distributed IID:  80
number of classes for non-IID data:  2
data points per client (mean, std dev): ( 600 ,  0 )
--------------------------------------------------
round  1, metrics=<sparse_categorical_accuracy=0.13477778434753418,loss=2.2708444595336914>
9.9891 seconds
Tested. Sparse categorical accuracy: 5.00

round  2, metrics=<sparse_categorical_accuracy=0.2634444534778595,loss=2.163543224334717>
7.1708 seconds
Tested. Sparse categorical accuracy: 45.00

round  3, metrics=<sparse_categorical_accuracy=0.3213333189487457,loss=2.178280830383301>
7.9115 seconds
Tested. Sparse categorical accuracy: 40.00

round  4, metrics=<sparse_categorical_accuracy=0.5418888926506042,loss=1.677742838859558>
7.9530 seconds
Tested. Sparse categorical accuracy: 75.00

round  5, metrics=<sparse_categorical_accuracy=0.6940000057220459,loss=1.0507643222808838>
7.1386 seconds
Tested. Sparse categorical accuracy: 75.00

round  6, metrics=<sparse_categorical_accuracy=0.7883333563804626,loss=0.7356929183006287>
7.7253 seconds
Tested. Sparse categorical accuracy: 80.00

round  7, metrics=<sparse_categorical_accuracy=0.8572221994400024,loss=0.47927382588386536>
7.5106 seconds
Tested. Sparse categorical accuracy: 90.00

round  8, metrics=<sparse_categorical_accuracy=0.8927778005599976,loss=0.3549445867538452>
7.3500 seconds
Tested. Sparse categorical accuracy: 85.00

Final confusion matrix
Traceback (most recent call last):
  File "R_tff_main.py", line 28, in <module>
    p1.go(test, batch)
  File "/home/apawlik/federated/R_1_each_client_partially_iid.py", line 208, in go
    self.train(num, batch, 1)
  File "/home/apawlik/federated/R_partitioner.py", line 320, in train
    print(confusion_matrix(actuals, preds, labels = [0, 1, 2, 3, 4, 5, 6, 7, 8, 9]))
  File "/sw/arcts/centos7/python3.7-anaconda/2019.07/lib/python3.7/site-packages/sklearn/metrics/classification.py", line 253, in confusion_matrix
    y_type, y_true, y_pred = _check_targets(y_true, y_pred)
  File "/sw/arcts/centos7/python3.7-anaconda/2019.07/lib/python3.7/site-packages/sklearn/metrics/classification.py", line 71, in _check_targets
    check_consistent_length(y_true, y_pred)
  File "/sw/arcts/centos7/python3.7-anaconda/2019.07/lib/python3.7/site-packages/sklearn/utils/validation.py", line 205, in check_consistent_length
    " samples: %r" % [int(l) for l in lengths])
ValueError: Found input variables with inconsistent numbers of samples: [10000, 20]
