
TENSORFLOW USERS:
You must use the python3.6-anaconda/5.2.0 module to run TensorFlow.
See https://arc-ts.umich.edu/greatlakes/software/tensorflow for more
information.



The following have been reloaded with a version change:
  1) cuda/10.0.130 => cuda/10.1.105


Currently Loaded Modules:
  1) python3.7-anaconda/2019.07   2) cudnn/10.0-v7.6   3) cuda/10.1.105

 

mkdir: cannot create directory ‘results/9296214’: File exists
mkdir: cannot create directory ‘results/9296214/log’: File exists
2020-07-15 23:13:16.521189: E tensorflow/stream_executor/cuda/cuda_driver.cc:313] failed call to cuInit: UNKNOWN ERROR (303)
Test  99
2020-07-15 23:13:16.042732

How often each label is chosen for non-IID data
[21, 28, 23, 15, 21, 16, 19, 22, 20, 15]

Schema 1: Each client partially IID
--------------------------------------------------
percent data distributed IID:  80
number of classes for non-IID data:  2
data points per client (mean, std dev): ( 600 ,  0 )
--------------------------------------------------
round  1, metrics=<sparse_categorical_accuracy=0.16316667199134827,loss=2.285308837890625>
12.8953 seconds
Tested. Sparse categorical accuracy: 40.00

round  2, metrics=<sparse_categorical_accuracy=0.27933332324028015,loss=2.1968328952789307>
9.1244 seconds
Tested. Sparse categorical accuracy: 46.67

round  3, metrics=<sparse_categorical_accuracy=0.4661666750907898,loss=1.9019466638565063>
9.1490 seconds
Tested. Sparse categorical accuracy: 66.67

round  4, metrics=<sparse_categorical_accuracy=0.671833336353302,loss=1.178525686264038>
8.8197 seconds
Tested. Sparse categorical accuracy: 60.00

round  5, metrics=<sparse_categorical_accuracy=0.8414166569709778,loss=0.5254895687103271>
8.8857 seconds
Tested. Sparse categorical accuracy: 93.33

round  6, metrics=<sparse_categorical_accuracy=0.859083354473114,loss=0.4817028343677521>
9.8821 seconds
Tested. Sparse categorical accuracy: 100.00

Final confusion matrix
Traceback (most recent call last):
  File "R_tff_main.py", line 28, in <module>
    p1.go(test, batch)
  File "/home/apawlik/federated/R_1_each_client_partially_iid.py", line 208, in go
    self.train(num, batch, 1)
  File "/home/apawlik/federated/R_partitioner.py", line 320, in train
    print(confusion_matrix(actuals, preds, labels = [0, 1, 2, 3, 4, 5, 6, 7, 8, 9]))
  File "/sw/arcts/centos7/python3.7-anaconda/2019.07/lib/python3.7/site-packages/sklearn/metrics/classification.py", line 253, in confusion_matrix
    y_type, y_true, y_pred = _check_targets(y_true, y_pred)
  File "/sw/arcts/centos7/python3.7-anaconda/2019.07/lib/python3.7/site-packages/sklearn/metrics/classification.py", line 71, in _check_targets
    check_consistent_length(y_true, y_pred)
  File "/sw/arcts/centos7/python3.7-anaconda/2019.07/lib/python3.7/site-packages/sklearn/utils/validation.py", line 205, in check_consistent_length
    " samples: %r" % [int(l) for l in lengths])
ValueError: Found input variables with inconsistent numbers of samples: [10000, 15]
