
TENSORFLOW USERS:
You must use the python3.6-anaconda/5.2.0 module to run TensorFlow.
See https://arc-ts.umich.edu/greatlakes/software/tensorflow for more
information.



The following have been reloaded with a version change:
  1) cuda/10.0.130 => cuda/10.1.105


Currently Loaded Modules:
  1) python3.7-anaconda/2019.07   2) cudnn/10.0-v7.6   3) cuda/10.1.105

 

mkdir: cannot create directory ‘results/9296214’: File exists
mkdir: cannot create directory ‘results/9296214/log’: File exists
2020-07-15 23:28:12.923986: E tensorflow/stream_executor/cuda/cuda_driver.cc:313] failed call to cuInit: UNKNOWN ERROR (303)
Test  248
2020-07-15 23:28:12.436585

How often each label is chosen for non-IID data
[23, 26, 20, 14, 18, 15, 25, 19, 21, 19]

Schema 1: Each client partially IID
--------------------------------------------------
percent data distributed IID:  80
number of classes for non-IID data:  2
data points per client (mean, std dev): ( 600 ,  0 )
--------------------------------------------------
round  1, metrics=<sparse_categorical_accuracy=0.1809999942779541,loss=2.271151304244995>
10.0906 seconds
Tested. Sparse categorical accuracy: 55.00

round  2, metrics=<sparse_categorical_accuracy=0.2957777678966522,loss=2.2070505619049072>
6.9102 seconds
Tested. Sparse categorical accuracy: 45.00

round  3, metrics=<sparse_categorical_accuracy=0.42366665601730347,loss=2.029425621032715>
6.6529 seconds
Tested. Sparse categorical accuracy: 70.00

round  4, metrics=<sparse_categorical_accuracy=0.5621111392974854,loss=1.5705862045288086>
6.9680 seconds
Tested. Sparse categorical accuracy: 70.00

round  5, metrics=<sparse_categorical_accuracy=0.7282222509384155,loss=0.9654595255851746>
6.9073 seconds
Tested. Sparse categorical accuracy: 75.00

round  6, metrics=<sparse_categorical_accuracy=0.8285555839538574,loss=0.5753018260002136>
6.6881 seconds
Tested. Sparse categorical accuracy: 90.00

round  7, metrics=<sparse_categorical_accuracy=0.8721110820770264,loss=0.4443150460720062>
6.8905 seconds
Tested. Sparse categorical accuracy: 95.00

round  8, metrics=<sparse_categorical_accuracy=0.9045555591583252,loss=0.32932716608047485>
6.7631 seconds
Tested. Sparse categorical accuracy: 100.00

Final confusion matrix
Traceback (most recent call last):
  File "R_tff_main.py", line 28, in <module>
    p1.go(test, batch)
  File "/home/apawlik/federated/R_1_each_client_partially_iid.py", line 208, in go
    self.train(num, batch, 1)
  File "/home/apawlik/federated/R_partitioner.py", line 320, in train
    print(confusion_matrix(actuals, preds, labels = [0, 1, 2, 3, 4, 5, 6, 7, 8, 9]))
  File "/sw/arcts/centos7/python3.7-anaconda/2019.07/lib/python3.7/site-packages/sklearn/metrics/classification.py", line 253, in confusion_matrix
    y_type, y_true, y_pred = _check_targets(y_true, y_pred)
  File "/sw/arcts/centos7/python3.7-anaconda/2019.07/lib/python3.7/site-packages/sklearn/metrics/classification.py", line 71, in _check_targets
    check_consistent_length(y_true, y_pred)
  File "/sw/arcts/centos7/python3.7-anaconda/2019.07/lib/python3.7/site-packages/sklearn/utils/validation.py", line 205, in check_consistent_length
    " samples: %r" % [int(l) for l in lengths])
ValueError: Found input variables with inconsistent numbers of samples: [10000, 20]
