
TENSORFLOW USERS:
You must use the python3.6-anaconda/5.2.0 module to run TensorFlow.
See https://arc-ts.umich.edu/greatlakes/software/tensorflow for more
information.



The following have been reloaded with a version change:
  1) cuda/10.0.130 => cuda/10.1.105


Currently Loaded Modules:
  1) python3.7-anaconda/2019.07   2) cudnn/10.0-v7.6   3) cuda/10.1.105

 

mkdir: cannot create directory ‘results/9296214’: File exists
mkdir: cannot create directory ‘results/9296214/log’: File exists
2020-07-15 23:06:42.138771: E tensorflow/stream_executor/cuda/cuda_driver.cc:313] failed call to cuInit: UNKNOWN ERROR (303)
Test  33
2020-07-15 23:06:41.657328

How often each label is chosen for non-IID data
[21, 25, 23, 15, 22, 26, 16, 23, 13, 16]

Schema 1: Each client partially IID
--------------------------------------------------
percent data distributed IID:  80
number of classes for non-IID data:  2
data points per client (mean, std dev): ( 600 ,  0 )
--------------------------------------------------
round  1, metrics=<sparse_categorical_accuracy=0.140666663646698,loss=2.278776168823242>
9.6031 seconds
Tested. Sparse categorical accuracy: 30.00

round  2, metrics=<sparse_categorical_accuracy=0.2451111078262329,loss=2.197495698928833>
6.6039 seconds
Tested. Sparse categorical accuracy: 55.00

round  3, metrics=<sparse_categorical_accuracy=0.3423333466053009,loss=2.1835522651672363>
7.4958 seconds
Tested. Sparse categorical accuracy: 40.00

round  4, metrics=<sparse_categorical_accuracy=0.49566665291786194,loss=1.7130335569381714>
7.2963 seconds
Tested. Sparse categorical accuracy: 55.00

round  5, metrics=<sparse_categorical_accuracy=0.7008888721466064,loss=0.9768797755241394>
7.0353 seconds
Tested. Sparse categorical accuracy: 90.00

round  6, metrics=<sparse_categorical_accuracy=0.8134444355964661,loss=0.624981164932251>
7.0839 seconds
Tested. Sparse categorical accuracy: 100.00

round  7, metrics=<sparse_categorical_accuracy=0.8504444360733032,loss=0.5148912668228149>
7.1322 seconds
Tested. Sparse categorical accuracy: 85.00

round  8, metrics=<sparse_categorical_accuracy=0.9013333320617676,loss=0.3182319402694702>
7.0917 seconds
Tested. Sparse categorical accuracy: 90.00

Final confusion matrix
Traceback (most recent call last):
  File "R_tff_main.py", line 28, in <module>
    p1.go(test, batch)
  File "/home/apawlik/federated/R_1_each_client_partially_iid.py", line 208, in go
    self.train(num, batch, 1)
  File "/home/apawlik/federated/R_partitioner.py", line 320, in train
    print(confusion_matrix(actuals, preds, labels = [0, 1, 2, 3, 4, 5, 6, 7, 8, 9]))
  File "/sw/arcts/centos7/python3.7-anaconda/2019.07/lib/python3.7/site-packages/sklearn/metrics/classification.py", line 253, in confusion_matrix
    y_type, y_true, y_pred = _check_targets(y_true, y_pred)
  File "/sw/arcts/centos7/python3.7-anaconda/2019.07/lib/python3.7/site-packages/sklearn/metrics/classification.py", line 71, in _check_targets
    check_consistent_length(y_true, y_pred)
  File "/sw/arcts/centos7/python3.7-anaconda/2019.07/lib/python3.7/site-packages/sklearn/utils/validation.py", line 205, in check_consistent_length
    " samples: %r" % [int(l) for l in lengths])
ValueError: Found input variables with inconsistent numbers of samples: [10000, 20]
