
TENSORFLOW USERS:
You must use the python3.6-anaconda/5.2.0 module to run TensorFlow.
See https://arc-ts.umich.edu/greatlakes/software/tensorflow for more
information.



The following have been reloaded with a version change:
  1) cuda/10.0.130 => cuda/10.1.105


Currently Loaded Modules:
  1) python3.7-anaconda/2019.07   2) cudnn/10.0-v7.6   3) cuda/10.1.105

 

mkdir: cannot create directory ‘results/9296214’: File exists
mkdir: cannot create directory ‘results/9296214/log’: File exists
2020-07-15 23:04:09.838884: E tensorflow/stream_executor/cuda/cuda_driver.cc:313] failed call to cuInit: UNKNOWN ERROR (303)
Test  13
2020-07-15 23:04:08.915763

How often each label is chosen for non-IID data
[20, 25, 15, 15, 24, 18, 16, 24, 18, 25]

Schema 1: Each client partially IID
--------------------------------------------------
percent data distributed IID:  80
number of classes for non-IID data:  2
data points per client (mean, std dev): ( 600 ,  0 )
--------------------------------------------------
round  1, metrics=<sparse_categorical_accuracy=0.14866666495800018,loss=2.2681543827056885>
9.4950 seconds
Tested. Sparse categorical accuracy: 35.00

round  2, metrics=<sparse_categorical_accuracy=0.27311110496520996,loss=2.233839511871338>
6.6745 seconds
Tested. Sparse categorical accuracy: 15.00

round  3, metrics=<sparse_categorical_accuracy=0.4315555691719055,loss=2.0236780643463135>
7.0391 seconds
Tested. Sparse categorical accuracy: 80.00

round  4, metrics=<sparse_categorical_accuracy=0.6147778034210205,loss=1.4165164232254028>
7.0351 seconds
Tested. Sparse categorical accuracy: 45.00

round  5, metrics=<sparse_categorical_accuracy=0.7491111159324646,loss=0.8418325781822205>
6.8850 seconds
Tested. Sparse categorical accuracy: 85.00

round  6, metrics=<sparse_categorical_accuracy=0.8206666707992554,loss=0.6378480792045593>
7.1121 seconds
Tested. Sparse categorical accuracy: 75.00

round  7, metrics=<sparse_categorical_accuracy=0.8834444284439087,loss=0.4042894244194031>
7.2470 seconds
Tested. Sparse categorical accuracy: 90.00

round  8, metrics=<sparse_categorical_accuracy=0.8975555300712585,loss=0.3395465612411499>
7.1469 seconds
Tested. Sparse categorical accuracy: 90.00

Final confusion matrix
Traceback (most recent call last):
  File "R_tff_main.py", line 28, in <module>
    p1.go(test, batch)
  File "/home/apawlik/federated/R_1_each_client_partially_iid.py", line 208, in go
    self.train(num, batch, 1)
  File "/home/apawlik/federated/R_partitioner.py", line 320, in train
    print(confusion_matrix(actuals, preds, labels = [0, 1, 2, 3, 4, 5, 6, 7, 8, 9]))
  File "/sw/arcts/centos7/python3.7-anaconda/2019.07/lib/python3.7/site-packages/sklearn/metrics/classification.py", line 253, in confusion_matrix
    y_type, y_true, y_pred = _check_targets(y_true, y_pred)
  File "/sw/arcts/centos7/python3.7-anaconda/2019.07/lib/python3.7/site-packages/sklearn/metrics/classification.py", line 71, in _check_targets
    check_consistent_length(y_true, y_pred)
  File "/sw/arcts/centos7/python3.7-anaconda/2019.07/lib/python3.7/site-packages/sklearn/utils/validation.py", line 205, in check_consistent_length
    " samples: %r" % [int(l) for l in lengths])
ValueError: Found input variables with inconsistent numbers of samples: [10000, 20]
