
TENSORFLOW USERS:
You must use the python3.6-anaconda/5.2.0 module to run TensorFlow.
See https://arc-ts.umich.edu/greatlakes/software/tensorflow for more
information.



The following have been reloaded with a version change:
  1) cuda/10.0.130 => cuda/10.1.105


Currently Loaded Modules:
  1) python3.7-anaconda/2019.07   2) cudnn/10.0-v7.6   3) cuda/10.1.105

 

mkdir: cannot create directory ‘results/9296214’: File exists
mkdir: cannot create directory ‘results/9296214/log’: File exists
2020-07-15 23:17:22.299803: E tensorflow/stream_executor/cuda/cuda_driver.cc:313] failed call to cuInit: UNKNOWN ERROR (303)
Test  143
2020-07-15 23:17:21.816908

How often each label is chosen for non-IID data
[20, 25, 20, 18, 18, 26, 14, 24, 12, 23]

Schema 1: Each client partially IID
--------------------------------------------------
percent data distributed IID:  80
number of classes for non-IID data:  2
data points per client (mean, std dev): ( 600 ,  0 )
--------------------------------------------------
round  1, metrics=<sparse_categorical_accuracy=0.18377777934074402,loss=2.2651422023773193>
9.0714 seconds
Tested. Sparse categorical accuracy: 10.00

round  2, metrics=<sparse_categorical_accuracy=0.28511109948158264,loss=2.2086265087127686>
6.4899 seconds
Tested. Sparse categorical accuracy: 60.00

round  3, metrics=<sparse_categorical_accuracy=0.4524444341659546,loss=1.9858345985412598>
6.5450 seconds
Tested. Sparse categorical accuracy: 45.00

round  4, metrics=<sparse_categorical_accuracy=0.5767777562141418,loss=1.3784089088439941>
6.2886 seconds
Tested. Sparse categorical accuracy: 80.00

round  5, metrics=<sparse_categorical_accuracy=0.7661111354827881,loss=0.7865047454833984>
6.3110 seconds
Tested. Sparse categorical accuracy: 85.00

round  6, metrics=<sparse_categorical_accuracy=0.8455555438995361,loss=0.5244439840316772>
7.0342 seconds
Tested. Sparse categorical accuracy: 80.00

round  7, metrics=<sparse_categorical_accuracy=0.8970000147819519,loss=0.33147773146629333>
6.4351 seconds
Tested. Sparse categorical accuracy: 100.00

round  8, metrics=<sparse_categorical_accuracy=0.8989999890327454,loss=0.3274717330932617>
6.6210 seconds
Tested. Sparse categorical accuracy: 95.00

Final confusion matrix
Traceback (most recent call last):
  File "R_tff_main.py", line 28, in <module>
    p1.go(test, batch)
  File "/home/apawlik/federated/R_1_each_client_partially_iid.py", line 208, in go
    self.train(num, batch, 1)
  File "/home/apawlik/federated/R_partitioner.py", line 320, in train
    print(confusion_matrix(actuals, preds, labels = [0, 1, 2, 3, 4, 5, 6, 7, 8, 9]))
  File "/sw/arcts/centos7/python3.7-anaconda/2019.07/lib/python3.7/site-packages/sklearn/metrics/classification.py", line 253, in confusion_matrix
    y_type, y_true, y_pred = _check_targets(y_true, y_pred)
  File "/sw/arcts/centos7/python3.7-anaconda/2019.07/lib/python3.7/site-packages/sklearn/metrics/classification.py", line 71, in _check_targets
    check_consistent_length(y_true, y_pred)
  File "/sw/arcts/centos7/python3.7-anaconda/2019.07/lib/python3.7/site-packages/sklearn/utils/validation.py", line 205, in check_consistent_length
    " samples: %r" % [int(l) for l in lengths])
ValueError: Found input variables with inconsistent numbers of samples: [10000, 20]
