
TENSORFLOW USERS:
You must use the python3.6-anaconda/5.2.0 module to run TensorFlow.
See https://arc-ts.umich.edu/greatlakes/software/tensorflow for more
information.



The following have been reloaded with a version change:
  1) cuda/10.0.130 => cuda/10.1.105


Currently Loaded Modules:
  1) python3.7-anaconda/2019.07   2) cudnn/10.0-v7.6   3) cuda/10.1.105

 

mkdir: cannot create directory ‘results/9296214’: File exists
mkdir: cannot create directory ‘results/9296214/log’: File exists
2020-07-15 23:25:57.073491: E tensorflow/stream_executor/cuda/cuda_driver.cc:313] failed call to cuInit: UNKNOWN ERROR (303)
Test  225
2020-07-15 23:25:56.569084

How often each label is chosen for non-IID data
[24, 23, 23, 19, 22, 15, 17, 20, 16, 21]

Schema 1: Each client partially IID
--------------------------------------------------
percent data distributed IID:  80
number of classes for non-IID data:  2
data points per client (mean, std dev): ( 600 ,  0 )
--------------------------------------------------
round  1, metrics=<sparse_categorical_accuracy=0.2166111171245575,loss=2.208904266357422>
25.0051 seconds
Tested. Sparse categorical accuracy: 40.00

round  2, metrics=<sparse_categorical_accuracy=0.4491666555404663,loss=1.7571927309036255>
17.1138 seconds
Tested. Sparse categorical accuracy: 60.00

round  3, metrics=<sparse_categorical_accuracy=0.711222231388092,loss=0.9153398275375366>
20.1689 seconds
Tested. Sparse categorical accuracy: 80.00

round  4, metrics=<sparse_categorical_accuracy=0.8524444699287415,loss=0.48280441761016846>
20.2217 seconds
Tested. Sparse categorical accuracy: 100.00

Final confusion matrix
Traceback (most recent call last):
  File "R_tff_main.py", line 28, in <module>
    p1.go(test, batch)
  File "/home/apawlik/federated/R_1_each_client_partially_iid.py", line 208, in go
    self.train(num, batch, 1)
  File "/home/apawlik/federated/R_partitioner.py", line 320, in train
    print(confusion_matrix(actuals, preds, labels = [0, 1, 2, 3, 4, 5, 6, 7, 8, 9]))
  File "/sw/arcts/centos7/python3.7-anaconda/2019.07/lib/python3.7/site-packages/sklearn/metrics/classification.py", line 253, in confusion_matrix
    y_type, y_true, y_pred = _check_targets(y_true, y_pred)
  File "/sw/arcts/centos7/python3.7-anaconda/2019.07/lib/python3.7/site-packages/sklearn/metrics/classification.py", line 71, in _check_targets
    check_consistent_length(y_true, y_pred)
  File "/sw/arcts/centos7/python3.7-anaconda/2019.07/lib/python3.7/site-packages/sklearn/utils/validation.py", line 205, in check_consistent_length
    " samples: %r" % [int(l) for l in lengths])
ValueError: Found input variables with inconsistent numbers of samples: [10000, 10]
