
TENSORFLOW USERS:
You must use the python3.6-anaconda/5.2.0 module to run TensorFlow.
See https://arc-ts.umich.edu/greatlakes/software/tensorflow for more
information.



The following have been reloaded with a version change:
  1) cuda/10.0.130 => cuda/10.1.105


Currently Loaded Modules:
  1) python3.7-anaconda/2019.07   2) cudnn/10.0-v7.6   3) cuda/10.1.105

 

mkdir: cannot create directory ‘results/7852999’: File exists
mkdir: cannot create directory ‘results/7852999/log’: File exists
Test  37
2020-06-16 21:48:02.935425


Schema 1: Each client partially IID
--------------------------------------------------
percent data distributed IID:  80
number of classes for non-IID data:  2
data points per client (mean, std dev): ( 600 ,  0 )
--------------------------------------------------
round  1, metrics=<sparse_categorical_accuracy=0.12716667354106903,loss=2.287079095840454>
8.4469 seconds
Tested. Sparse categorical accuracy: 16.67

round  2, metrics=<sparse_categorical_accuracy=0.1808333396911621,loss=2.2529783248901367>
8.0725 seconds
Tested. Sparse categorical accuracy: 53.33

round  3, metrics=<sparse_categorical_accuracy=0.29466667771339417,loss=2.2592508792877197>
8.4549 seconds
Tested. Sparse categorical accuracy: 40.00

round  4, metrics=<sparse_categorical_accuracy=0.37599998712539673,loss=2.1062870025634766>
8.1067 seconds
Tested. Sparse categorical accuracy: 63.33

round  5, metrics=<sparse_categorical_accuracy=0.45366665720939636,loss=2.0175364017486572>
7.7888 seconds
Tested. Sparse categorical accuracy: 46.67

round  6, metrics=<sparse_categorical_accuracy=0.5299999713897705,loss=1.5132615566253662>
7.7460 seconds
Tested. Sparse categorical accuracy: 63.33

6  rounds run
Average time per round: 8.00

2020-06-16 21:49:00.117687
