
TENSORFLOW USERS:
You must use the python3.6-anaconda/5.2.0 module to run TensorFlow.
See https://arc-ts.umich.edu/greatlakes/software/tensorflow for more
information.



The following have been reloaded with a version change:
  1) cuda/10.0.130 => cuda/10.1.105


Currently Loaded Modules:
  1) python3.7-anaconda/2019.07   2) cudnn/10.0-v7.6   3) cuda/10.1.105

 

mkdir: cannot create directory ‘results/7852999’: File exists
mkdir: cannot create directory ‘results/7852999/log’: File exists
Test  13
2020-06-16 21:46:01.957796


Schema 1: Each client partially IID
--------------------------------------------------
percent data distributed IID:  80
number of classes for non-IID data:  2
data points per client (mean, std dev): ( 600 ,  0 )
--------------------------------------------------
round  1, metrics=<sparse_categorical_accuracy=0.19188888370990753,loss=2.2822070121765137>
10.8674 seconds
Tested. Sparse categorical accuracy: 30.00

round  2, metrics=<sparse_categorical_accuracy=0.2575555443763733,loss=2.281632661819458>
9.8787 seconds
Tested. Sparse categorical accuracy: 5.00

round  3, metrics=<sparse_categorical_accuracy=0.20544444024562836,loss=2.232900619506836>
9.6351 seconds
Tested. Sparse categorical accuracy: 30.00

round  4, metrics=<sparse_categorical_accuracy=0.43022221326828003,loss=2.0045597553253174>
10.0389 seconds
Tested. Sparse categorical accuracy: 50.00

4  rounds run
Average time per round: 10.00

2020-06-16 21:46:49.945364
