
TENSORFLOW USERS:
You must use the python3.6-anaconda/5.2.0 module to run TensorFlow.
See https://arc-ts.umich.edu/greatlakes/software/tensorflow for more
information.



The following have been reloaded with a version change:
  1) cuda/10.0.130 => cuda/10.1.105


Currently Loaded Modules:
  1) python3.7-anaconda/2019.07   2) cudnn/10.0-v7.6   3) cuda/10.1.105

 

mkdir: cannot create directory ‘results/7852999’: File exists
mkdir: cannot create directory ‘results/7852999/log’: File exists
Test  17
2020-06-16 21:46:53.982360


Schema 1: Each client partially IID
--------------------------------------------------
percent data distributed IID:  80
number of classes for non-IID data:  2
data points per client (mean, std dev): ( 600 ,  0 )
--------------------------------------------------
round  1, metrics=<sparse_categorical_accuracy=0.14949999749660492,loss=2.280712842941284>
6.5997 seconds
Tested. Sparse categorical accuracy: 30.00

round  2, metrics=<sparse_categorical_accuracy=0.24716666340827942,loss=2.236414670944214>
6.3267 seconds
Tested. Sparse categorical accuracy: 43.33

round  3, metrics=<sparse_categorical_accuracy=0.3268333375453949,loss=2.2312171459198>
6.9869 seconds
Tested. Sparse categorical accuracy: 33.33

round  4, metrics=<sparse_categorical_accuracy=0.44333332777023315,loss=2.0345187187194824>
6.4352 seconds
Tested. Sparse categorical accuracy: 70.00

round  5, metrics=<sparse_categorical_accuracy=0.5231666564941406,loss=1.8453595638275146>
6.4666 seconds
Tested. Sparse categorical accuracy: 53.33

round  6, metrics=<sparse_categorical_accuracy=0.5995000004768372,loss=1.3847607374191284>
6.5816 seconds
Tested. Sparse categorical accuracy: 76.67

6  rounds run
Average time per round: 6.00

2020-06-16 21:47:41.063210
