
TENSORFLOW USERS:
You must use the python3.6-anaconda/5.2.0 module to run TensorFlow.
See https://arc-ts.umich.edu/greatlakes/software/tensorflow for more
information.



The following have been reloaded with a version change:
  1) cuda/10.0.130 => cuda/10.1.105


Currently Loaded Modules:
  1) python3.7-anaconda/2019.07   2) cudnn/10.0-v7.6   3) cuda/10.1.105

 

mkdir: cannot create directory ‘results/7852999’: File exists
mkdir: cannot create directory ‘results/7852999/log’: File exists
Test  48
2020-06-16 21:48:53.804757


Schema 1: Each client partially IID
--------------------------------------------------
percent data distributed IID:  80
number of classes for non-IID data:  2
data points per client (mean, std dev): ( 600 ,  0 )
--------------------------------------------------
round  1, metrics=<sparse_categorical_accuracy=0.1845555603504181,loss=2.265753984451294>
11.0244 seconds
Tested. Sparse categorical accuracy: 50.00

round  2, metrics=<sparse_categorical_accuracy=0.24877777695655823,loss=2.18330717086792>
10.0860 seconds
Tested. Sparse categorical accuracy: 65.00

round  3, metrics=<sparse_categorical_accuracy=0.44388890266418457,loss=1.9590648412704468>
10.5119 seconds
Tested. Sparse categorical accuracy: 90.00

round  4, metrics=<sparse_categorical_accuracy=0.5941110849380493,loss=1.437153697013855>
10.2267 seconds
Tested. Sparse categorical accuracy: 70.00

4  rounds run
Average time per round: 10.00

2020-06-16 21:49:43.399492
