
TENSORFLOW USERS:
You must use the python3.6-anaconda/5.2.0 module to run TensorFlow.
See https://arc-ts.umich.edu/greatlakes/software/tensorflow for more
information.



The following have been reloaded with a version change:
  1) cuda/10.0.130 => cuda/10.1.105


Currently Loaded Modules:
  1) python3.7-anaconda/2019.07   2) cudnn/10.0-v7.6   3) cuda/10.1.105

 

mkdir: cannot create directory ‘results/7852999’: File exists
mkdir: cannot create directory ‘results/7852999/log’: File exists
Test  11
2020-06-16 21:45:56.886901


Schema 1: Each client partially IID
--------------------------------------------------
percent data distributed IID:  80
number of classes for non-IID data:  2
data points per client (mean, std dev): ( 600 ,  0 )
--------------------------------------------------
round  1, metrics=<sparse_categorical_accuracy=0.12399999797344208,loss=2.302464246749878>
3.5508 seconds
Tested. Sparse categorical accuracy: 8.33

round  2, metrics=<sparse_categorical_accuracy=0.14100000262260437,loss=2.297900438308716>
3.5618 seconds
Tested. Sparse categorical accuracy: 18.33

round  3, metrics=<sparse_categorical_accuracy=0.16233333945274353,loss=2.278186082839966>
3.5278 seconds
Tested. Sparse categorical accuracy: 33.33

round  4, metrics=<sparse_categorical_accuracy=0.18000000715255737,loss=2.256401777267456>
3.5994 seconds
Tested. Sparse categorical accuracy: 41.67

round  5, metrics=<sparse_categorical_accuracy=0.23466666042804718,loss=2.183114767074585>
3.6012 seconds
Tested. Sparse categorical accuracy: 41.67

round  6, metrics=<sparse_categorical_accuracy=0.32499998807907104,loss=2.096407651901245>
3.4972 seconds
Tested. Sparse categorical accuracy: 45.00

round  7, metrics=<sparse_categorical_accuracy=0.3153333365917206,loss=2.226226329803467>
3.5742 seconds
Tested. Sparse categorical accuracy: 43.33

round  8, metrics=<sparse_categorical_accuracy=0.4023333191871643,loss=1.9063479900360107>
3.5521 seconds
Tested. Sparse categorical accuracy: 60.00

round  9, metrics=<sparse_categorical_accuracy=0.46133333444595337,loss=2.149843215942383>
3.5123 seconds
Tested. Sparse categorical accuracy: 43.33

round 10, metrics=<sparse_categorical_accuracy=0.4806666672229767,loss=1.759378433227539>
3.5224 seconds
Tested. Sparse categorical accuracy: 60.00

round 11, metrics=<sparse_categorical_accuracy=0.49000000953674316,loss=1.7767773866653442>
3.3625 seconds
Tested. Sparse categorical accuracy: 56.67

round 12, metrics=<sparse_categorical_accuracy=0.5696666836738586,loss=1.2891006469726562>
3.5676 seconds
Tested. Sparse categorical accuracy: 58.33

12  rounds run
Average time per round: 3.00

2020-06-16 21:46:48.362530
