
TENSORFLOW USERS:
You must use the python3.6-anaconda/5.2.0 module to run TensorFlow.
See https://arc-ts.umich.edu/greatlakes/software/tensorflow for more
information.



The following have been reloaded with a version change:
  1) cuda/10.0.130 => cuda/10.1.105


Currently Loaded Modules:
  1) python3.7-anaconda/2019.07   2) cudnn/10.0-v7.6   3) cuda/10.1.105

 

mkdir: cannot create directory ‘results/5517921’: File exists
mkdir: cannot create directory ‘results/5517921/log’: File exists
Test  20
2020-04-21 19:05:59.212175


Schema 1: Each client partially IID
--------------------------------------------------
percent data distributed IID:  80
number of classes for non-IID data:  2
data points per client (mean, std dev): ( 600 ,  10 )
--------------------------------------------------

round  1, metrics=<sparse_categorical_accuracy=0.506239116191864,loss=1.4139702320098877>
245.5093 seconds
Tested. Sparse categorical accuracy: 11.00

round  2, metrics=<sparse_categorical_accuracy=0.2731284499168396,loss=1.987420678138733>
235.6222 seconds
Tested. Sparse categorical accuracy: 33.00

round  3, metrics=<sparse_categorical_accuracy=0.9372780323028564,loss=0.21313047409057617>
234.8846 seconds
Tested. Sparse categorical accuracy: 94.00

round  4, metrics=<sparse_categorical_accuracy=0.9881137013435364,loss=0.038969069719314575>
237.3924 seconds
Tested. Sparse categorical accuracy: 99.00

Target accuracy reached after  4  rounds
Average time per round: 238.00

2020-04-21 19:22:01.700928
