
TENSORFLOW USERS:
You must use the python3.6-anaconda/5.2.0 module to run TensorFlow.
See https://arc-ts.umich.edu/greatlakes/software/tensorflow for more
information.



The following have been reloaded with a version change:
  1) cuda/10.0.130 => cuda/10.1.105


Currently Loaded Modules:
  1) python3.7-anaconda/2019.07   2) cudnn/10.0-v7.6   3) cuda/10.1.105

 

mkdir: cannot create directory ‘results/8726004’: File exists
mkdir: cannot create directory ‘results/8726004/log’: File exists
2020-07-08 01:24:44.054746: E tensorflow/stream_executor/cuda/cuda_driver.cc:313] failed call to cuInit: UNKNOWN ERROR (303)
Test  5
2020-07-08 01:24:43.562842

How often each label is chosen for non-IID data
[15, 22, 20, 20, 21, 26, 14, 25, 19, 18]

Schema 1: Each client partially IID
--------------------------------------------------
percent data distributed IID:  80
number of classes for non-IID data:  2
data points per client (mean, std dev): ( 600 ,  0 )
--------------------------------------------------
Clients in cohort for round 1
[ 4 52 48  6 23 27 65 75 91 17 80 72 99  3 73 58 89 77 61 11  8 20 39 33
 57 85 28 43 82 78]

round  1, metrics=<sparse_categorical_accuracy=0.2080555558204651,loss=2.222724199295044>
20.3559 seconds
Tested. Sparse categorical accuracy: 80.00

Clients in cohort for round 2
[57 85 54 39  6 13  1 80 53 66 51 29 56 64 79 89 63  3 36 48 59  8 90 19
 28 25 95 50 58  4]

round  2, metrics=<sparse_categorical_accuracy=0.4702777862548828,loss=1.7778266668319702>
14.5858 seconds
Tested. Sparse categorical accuracy: 70.00

Final confusion matrix
[[157 167  94  85 127  37  96 129  22  66]
 [174 173 125 103 152  47 110 153  29  69]
 [132 175 108  91 149  56 111 134  24  52]
 [162 165 123  97 131  39  95 119  16  63]
 [175 176 102  69 136  38  88 129  25  44]
 [148 151 104  77 115  40  77 121  11  48]
 [160 155 110  95 127  33  89 110  22  57]
 [163 153  97  85 149  52 103 143  26  57]
 [153 146 108  85 137  36 112 128  23  46]
 [160 160 117  97 129  44 100 138  20  44]]

2  rounds run
Average time per round: 17.00

2020-07-08 01:25:26.795781
