
TENSORFLOW USERS:
You must use the python3.6-anaconda/5.2.0 module to run TensorFlow.
See https://arc-ts.umich.edu/greatlakes/software/tensorflow for more
information.



The following have been reloaded with a version change:
  1) cuda/10.0.130 => cuda/10.1.105


Currently Loaded Modules:
  1) python3.7-anaconda/2019.07   2) cudnn/10.0-v7.6   3) cuda/10.1.105

 

mkdir: cannot create directory ‘results/8726004’: File exists
mkdir: cannot create directory ‘results/8726004/log’: File exists
2020-07-08 01:24:44.551338: E tensorflow/stream_executor/cuda/cuda_driver.cc:313] failed call to cuInit: UNKNOWN ERROR (303)
Test  10
2020-07-08 01:24:44.062524

How often each label is chosen for non-IID data
[22, 25, 23, 19, 17, 14, 19, 24, 16, 21]

Schema 1: Each client partially IID
--------------------------------------------------
percent data distributed IID:  80
number of classes for non-IID data:  2
data points per client (mean, std dev): ( 600 ,  0 )
--------------------------------------------------
Clients in cohort for round 1
[81 34 51 74 84 37 56 22 30 10  1 64 96 33 38 50  0 59 78 47 69 20 99 32
 58  2  9 11  6 83]

round  1, metrics=<sparse_categorical_accuracy=0.21050000190734863,loss=2.2179176807403564>
28.2678 seconds
Tested. Sparse categorical accuracy: 40.00

Clients in cohort for round 2
[ 9 28 59 69 25 49 60 91 61 24  3 14 74 20 71 84 32 17 87 52  2 33 95 34
 30 68  7 43 51 70]

round  2, metrics=<sparse_categorical_accuracy=0.40372222661972046,loss=1.9365167617797852>
19.0757 seconds
Tested. Sparse categorical accuracy: 40.00

Final confusion matrix
[[ 94 236  84  74 184  25 100 117  17  49]
 [118 270 106  90 174  32 127 142  24  52]
 [ 96 254  85  87 169  23 104 139  19  56]
 [129 229  97  90 156  30  94 114  20  51]
 [ 97 244  74  87 154  38  88 123  27  50]
 [ 99 217  76  67 138  23  94 110  17  51]
 [103 233  81  91 144  26  96 113  20  51]
 [115 255  95  68 155  23 106 122  20  69]
 [ 92 250  79  77 150  25  95 135  23  48]
 [ 95 259  78  91 162  18 116 120  23  47]]

2  rounds run
Average time per round: 23.00

2020-07-08 01:25:40.691044
