
TENSORFLOW USERS:
You must use the python3.6-anaconda/5.2.0 module to run TensorFlow.
See https://arc-ts.umich.edu/greatlakes/software/tensorflow for more
information.



The following have been reloaded with a version change:
  1) cuda/10.0.130 => cuda/10.1.105


Currently Loaded Modules:
  1) python3.7-anaconda/2019.07   2) cudnn/10.0-v7.6   3) cuda/10.1.105

 

mkdir: cannot create directory ‘results/5944196’: File exists
mkdir: cannot create directory ‘results/5944196/log’: File exists
Test  98
2020-05-05 06:29:50.839199


Schema 1: Each client partially IID
--------------------------------------------------
percent data distributed IID:  20
number of classes for non-IID data:  2
data points per client (mean, std dev): ( 600 ,  0 )
--------------------------------------------------

round  1, metrics=<sparse_categorical_accuracy=0.8281888961791992,loss=0.5530604124069214>
99.8541 seconds
Tested. Sparse categorical accuracy: 50.00

round  2, metrics=<sparse_categorical_accuracy=0.954705536365509,loss=0.16396977007389069>
85.1205 seconds
Tested. Sparse categorical accuracy: 96.00

round  3, metrics=<sparse_categorical_accuracy=0.9842777848243713,loss=0.057771168649196625>
83.1167 seconds
Tested. Sparse categorical accuracy: 93.00

round  4, metrics=<sparse_categorical_accuracy=0.9887499809265137,loss=0.04252077639102936>
84.0691 seconds
Tested. Sparse categorical accuracy: 94.00

round  5, metrics=<sparse_categorical_accuracy=0.9941499829292297,loss=0.021092025563120842>
84.9439 seconds
Tested. Sparse categorical accuracy: 97.00

round  6, metrics=<sparse_categorical_accuracy=0.992027759552002,loss=0.03056955523788929>
84.0130 seconds
Tested. Sparse categorical accuracy: 97.00

round  7, metrics=<sparse_categorical_accuracy=0.9954222440719604,loss=0.01781064085662365>
85.3927 seconds
Tested. Sparse categorical accuracy: 96.00

round  8, metrics=<sparse_categorical_accuracy=0.9953166842460632,loss=0.01766529493033886>
84.1557 seconds
Tested. Sparse categorical accuracy: 95.00

round  9, metrics=<sparse_categorical_accuracy=0.995794415473938,loss=0.015634384006261826>
87.7280 seconds
Tested. Sparse categorical accuracy: 98.00

round 10, metrics=<sparse_categorical_accuracy=0.9961944222450256,loss=0.013888240791857243>
85.1902 seconds
Tested. Sparse categorical accuracy: 97.00

round 11, metrics=<sparse_categorical_accuracy=0.9959444403648376,loss=0.015932142734527588>
84.9612 seconds
Tested. Sparse categorical accuracy: 97.00

round 12, metrics=<sparse_categorical_accuracy=0.9971555471420288,loss=0.010315380990505219>
85.6778 seconds
Tested. Sparse categorical accuracy: 99.00

Target accuracy reached after  12  rounds
Average time per round: 86.00

2020-05-05 06:47:15.245008
