
TENSORFLOW USERS:
You must use the python3.6-anaconda/5.2.0 module to run TensorFlow.
See https://arc-ts.umich.edu/greatlakes/software/tensorflow for more
information.



The following have been reloaded with a version change:
  1) cuda/10.0.130 => cuda/10.1.105


Currently Loaded Modules:
  1) python3.7-anaconda/2019.07   2) cudnn/10.0-v7.6   3) cuda/10.1.105

 

mkdir: cannot create directory ‘results/5944196’: File exists
mkdir: cannot create directory ‘results/5944196/log’: File exists
Test  203
2020-05-06 00:35:46.139323


Schema 1: Each client partially IID
--------------------------------------------------
percent data distributed IID:  80
number of classes for non-IID data:  2
data points per client (mean, std dev): ( 600 ,  0 )
--------------------------------------------------

round  1, metrics=<sparse_categorical_accuracy=0.794188916683197,loss=0.6287413835525513>
111.2150 seconds
Tested. Sparse categorical accuracy: 95.00

round  2, metrics=<sparse_categorical_accuracy=0.9769333600997925,loss=0.08113304525613785>
89.1256 seconds
Tested. Sparse categorical accuracy: 98.00

round  3, metrics=<sparse_categorical_accuracy=0.9888944625854492,loss=0.03923590108752251>
89.1557 seconds
Tested. Sparse categorical accuracy: 97.00

round  4, metrics=<sparse_categorical_accuracy=0.9908444285392761,loss=0.034673381596803665>
88.5695 seconds
Tested. Sparse categorical accuracy: 96.00

round  5, metrics=<sparse_categorical_accuracy=0.9927555322647095,loss=0.027162423357367516>
87.7828 seconds
Tested. Sparse categorical accuracy: 96.00

round  6, metrics=<sparse_categorical_accuracy=0.9947944283485413,loss=0.018998296931385994>
89.5092 seconds
Tested. Sparse categorical accuracy: 99.00

Target accuracy reached after  6  rounds
Average time per round: 92.00

2020-05-06 00:45:09.648086
