
TENSORFLOW USERS:
You must use the python3.6-anaconda/5.2.0 module to run TensorFlow.
See https://arc-ts.umich.edu/greatlakes/software/tensorflow for more
information.



The following have been reloaded with a version change:
  1) cuda/10.0.130 => cuda/10.1.105


Currently Loaded Modules:
  1) python3.7-anaconda/2019.07   2) cudnn/10.0-v7.6   3) cuda/10.1.105

 

mkdir: cannot create directory ‘results/5944196’: File exists
mkdir: cannot create directory ‘results/5944196/log’: File exists
Test  85
2020-05-05 02:45:13.804184


Schema 1: Each client partially IID
--------------------------------------------------
percent data distributed IID:  0
number of classes for non-IID data:  2
data points per client (mean, std dev): ( 600 ,  0 )
--------------------------------------------------

round  1, metrics=<sparse_categorical_accuracy=0.996666669845581,loss=0.0264896247535944>
4.4927 seconds
Tested. Sparse categorical accuracy: 4.00

round  2, metrics=<sparse_categorical_accuracy=0.996999979019165,loss=0.02045019529759884>
4.6037 seconds
Tested. Sparse categorical accuracy: 12.00

round  3, metrics=<sparse_categorical_accuracy=0.9938333630561829,loss=0.06861131638288498>
4.6518 seconds
Tested. Sparse categorical accuracy: 15.00

round  4, metrics=<sparse_categorical_accuracy=0.996666669845581,loss=0.022108251228928566>
4.5317 seconds
Tested. Sparse categorical accuracy: 4.00

round  5, metrics=<sparse_categorical_accuracy=0.996666669845581,loss=0.026709631085395813>
4.6257 seconds
Tested. Sparse categorical accuracy: 9.00

round  6, metrics=<sparse_categorical_accuracy=0.996666669845581,loss=0.029864812269806862>
4.5697 seconds
Tested. Sparse categorical accuracy: 9.00

round  7, metrics=<sparse_categorical_accuracy=0.9983333349227905,loss=0.015146996825933456>
4.6393 seconds
Tested. Sparse categorical accuracy: 12.00

round  8, metrics=<sparse_categorical_accuracy=0.996666669845581,loss=0.02446657232940197>
4.6938 seconds
Tested. Sparse categorical accuracy: 10.00

round  9, metrics=<sparse_categorical_accuracy=0.9983333349227905,loss=0.013694621622562408>
4.7071 seconds
Tested. Sparse categorical accuracy: 5.00

round 10, metrics=<sparse_categorical_accuracy=0.996666669845581,loss=0.019514966756105423>
4.5944 seconds
Tested. Sparse categorical accuracy: 13.00

round 11, metrics=<sparse_categorical_accuracy=0.996666669845581,loss=0.015650970861315727>
4.5859 seconds
Tested. Sparse categorical accuracy: 12.00

round 12, metrics=<sparse_categorical_accuracy=0.996666669845581,loss=0.03860899806022644>
4.5485 seconds
Tested. Sparse categorical accuracy: 6.00

round 13, metrics=<sparse_categorical_accuracy=0.996666669845581,loss=0.026459896937012672>
4.5851 seconds
Tested. Sparse categorical accuracy: 12.00

round 14, metrics=<sparse_categorical_accuracy=0.996666669845581,loss=0.018253974616527557>
4.4937 seconds
Tested. Sparse categorical accuracy: 9.00

round 15, metrics=<sparse_categorical_accuracy=0.996666669845581,loss=0.024283910170197487>
4.4998 seconds
Tested. Sparse categorical accuracy: 11.00

round 16, metrics=<sparse_categorical_accuracy=0.9983333349227905,loss=0.011449304409325123>
4.5061 seconds
Tested. Sparse categorical accuracy: 16.00

round 17, metrics=<sparse_categorical_accuracy=0.996666669845581,loss=0.03243769705295563>
4.4937 seconds
Tested. Sparse categorical accuracy: 10.00

round 18, metrics=<sparse_categorical_accuracy=0.996666669845581,loss=0.02262880466878414>
4.6193 seconds
Tested. Sparse categorical accuracy: 10.00

round 19, metrics=<sparse_categorical_accuracy=0.996666669845581,loss=0.026339644566178322>
4.5378 seconds
Tested. Sparse categorical accuracy: 12.00

round 20, metrics=<sparse_categorical_accuracy=0.9983333349227905,loss=0.013558624312281609>
4.5258 seconds
Tested. Sparse categorical accuracy: 13.00

round 21, metrics=<sparse_categorical_accuracy=0.996666669845581,loss=0.018200457096099854>
4.5604 seconds
Tested. Sparse categorical accuracy: 10.00

round 22, metrics=<sparse_categorical_accuracy=0.996666669845581,loss=0.028807714581489563>
4.6567 seconds
Tested. Sparse categorical accuracy: 14.00

round 23, metrics=<sparse_categorical_accuracy=0.996666669845581,loss=0.028364993631839752>
4.5982 seconds
Tested. Sparse categorical accuracy: 11.00

round 24, metrics=<sparse_categorical_accuracy=0.996666669845581,loss=0.028513474389910698>
4.5379 seconds
Tested. Sparse categorical accuracy: 8.00

round 25, metrics=<sparse_categorical_accuracy=0.996666669845581,loss=0.012182693928480148>
4.5285 seconds
Tested. Sparse categorical accuracy: 9.00

round 26, metrics=<sparse_categorical_accuracy=0.996666669845581,loss=0.03471462056040764>
4.5389 seconds
Tested. Sparse categorical accuracy: 10.00

round 27, metrics=<sparse_categorical_accuracy=0.996666669845581,loss=0.0471276231110096>
4.5750 seconds
Tested. Sparse categorical accuracy: 5.00

round 28, metrics=<sparse_categorical_accuracy=0.9933333396911621,loss=0.0667726993560791>
4.5151 seconds
Tested. Sparse categorical accuracy: 12.00

round 29, metrics=<sparse_categorical_accuracy=0.9883333444595337,loss=0.035587895661592484>
4.4772 seconds
Tested. Sparse categorical accuracy: 10.00

round 30, metrics=<sparse_categorical_accuracy=0.9950000047683716,loss=0.02240692637860775>
4.4621 seconds
Tested. Sparse categorical accuracy: 7.00

round 31, metrics=<sparse_categorical_accuracy=0.996666669845581,loss=0.012848454527556896>
4.5430 seconds
Tested. Sparse categorical accuracy: 9.00

round 32, metrics=<sparse_categorical_accuracy=0.9983333349227905,loss=0.002680042991414666>
4.6134 seconds
Tested. Sparse categorical accuracy: 11.00

round 33, metrics=<sparse_categorical_accuracy=0.9983333349227905,loss=0.013276694342494011>
4.5461 seconds
Tested. Sparse categorical accuracy: 3.00

round 34, metrics=<sparse_categorical_accuracy=0.996666669845581,loss=0.029698969796299934>
4.4649 seconds
Tested. Sparse categorical accuracy: 10.00

round 35, metrics=<sparse_categorical_accuracy=0.996666669845581,loss=0.020601831376552582>
4.4923 seconds
Tested. Sparse categorical accuracy: 8.00

round 36, metrics=<sparse_categorical_accuracy=0.996666669845581,loss=0.023922475054860115>
4.5081 seconds
Tested. Sparse categorical accuracy: 15.00

round 37, metrics=<sparse_categorical_accuracy=0.996666669845581,loss=0.02637813799083233>
4.4911 seconds
Tested. Sparse categorical accuracy: 8.00

round 38, metrics=<sparse_categorical_accuracy=0.9983333349227905,loss=0.00971602275967598>
4.4728 seconds
Tested. Sparse categorical accuracy: 7.00

round 39, metrics=<sparse_categorical_accuracy=0.996666669845581,loss=0.022307157516479492>
4.4749 seconds
Tested. Sparse categorical accuracy: 12.00

round 40, metrics=<sparse_categorical_accuracy=0.996666669845581,loss=0.023749887943267822>
4.4819 seconds
Tested. Sparse categorical accuracy: 13.00

round 41, metrics=<sparse_categorical_accuracy=0.996666669845581,loss=0.025775128975510597>
4.4859 seconds
Tested. Sparse categorical accuracy: 10.00

round 42, metrics=<sparse_categorical_accuracy=0.996666669845581,loss=0.03130200877785683>
4.5687 seconds
Tested. Sparse categorical accuracy: 9.00

round 43, metrics=<sparse_categorical_accuracy=0.996666669845581,loss=0.009120761416852474>
4.4679 seconds
Tested. Sparse categorical accuracy: 6.00

round 44, metrics=<sparse_categorical_accuracy=0.996666669845581,loss=0.029866989701986313>
4.5304 seconds
Tested. Sparse categorical accuracy: 9.00

round 45, metrics=<sparse_categorical_accuracy=0.996666669845581,loss=0.029845090582966805>
4.4591 seconds
Tested. Sparse categorical accuracy: 9.00

round 46, metrics=<sparse_categorical_accuracy=0.996666669845581,loss=0.030870972201228142>
4.5782 seconds
Tested. Sparse categorical accuracy: 8.00

round 47, metrics=<sparse_categorical_accuracy=0.996666669845581,loss=0.00917870458215475>
4.4994 seconds
Tested. Sparse categorical accuracy: 11.00

round 48, metrics=<sparse_categorical_accuracy=0.996666669845581,loss=0.027841517701745033>
4.4506 seconds
Tested. Sparse categorical accuracy: 10.00

round 49, metrics=<sparse_categorical_accuracy=0.996666669845581,loss=0.021987309679389>
4.6207 seconds
Tested. Sparse categorical accuracy: 11.00

round 50, metrics=<sparse_categorical_accuracy=0.996666669845581,loss=0.024518610909581184>
4.5052 seconds
Tested. Sparse categorical accuracy: 12.00

round 51, metrics=<sparse_categorical_accuracy=0.996666669845581,loss=0.030703775584697723>
4.5561 seconds
Tested. Sparse categorical accuracy: 9.00

round 52, metrics=<sparse_categorical_accuracy=0.996666669845581,loss=0.010696752928197384>
4.5329 seconds
Tested. Sparse categorical accuracy: 14.00

round 53, metrics=<sparse_categorical_accuracy=0.996666669845581,loss=0.029808349907398224>
4.6655 seconds
Tested. Sparse categorical accuracy: 5.00

round 54, metrics=<sparse_categorical_accuracy=0.996666669845581,loss=0.026832759380340576>
4.5302 seconds
Tested. Sparse categorical accuracy: 10.00

round 55, metrics=<sparse_categorical_accuracy=0.996666669845581,loss=0.022926948964595795>
4.4297 seconds
Tested. Sparse categorical accuracy: 9.00

round 56, metrics=<sparse_categorical_accuracy=0.996666669845581,loss=0.023775935173034668>
4.5119 seconds
Tested. Sparse categorical accuracy: 9.00

round 57, metrics=<sparse_categorical_accuracy=0.9983333349227905,loss=0.01652975007891655>
4.5409 seconds
Tested. Sparse categorical accuracy: 12.00

round 58, metrics=<sparse_categorical_accuracy=0.996666669845581,loss=0.02527029998600483>
4.5058 seconds
Tested. Sparse categorical accuracy: 6.00

round 59, metrics=<sparse_categorical_accuracy=0.9983333349227905,loss=0.012004583142697811>
4.5145 seconds
Tested. Sparse categorical accuracy: 14.00

round 60, metrics=<sparse_categorical_accuracy=0.996666669845581,loss=0.020343950018286705>
4.6165 seconds
Tested. Sparse categorical accuracy: 6.00

round 61, metrics=<sparse_categorical_accuracy=0.996666669845581,loss=0.015358886681497097>
4.5533 seconds
Tested. Sparse categorical accuracy: 11.00

round 62, metrics=<sparse_categorical_accuracy=0.996666669845581,loss=0.034872036427259445>
4.4915 seconds
Tested. Sparse categorical accuracy: 17.00

round 63, metrics=<sparse_categorical_accuracy=0.996666669845581,loss=0.027296768501400948>
4.5063 seconds
Tested. Sparse categorical accuracy: 14.00

round 64, metrics=<sparse_categorical_accuracy=0.996666669845581,loss=0.019022606313228607>
4.5013 seconds
Tested. Sparse categorical accuracy: 11.00

round 65, metrics=<sparse_categorical_accuracy=0.996666669845581,loss=0.022890513762831688>
4.4788 seconds
Tested. Sparse categorical accuracy: 11.00

round 66, metrics=<sparse_categorical_accuracy=0.9983333349227905,loss=0.011419986374676228>
4.5277 seconds
Tested. Sparse categorical accuracy: 13.00

round 67, metrics=<sparse_categorical_accuracy=0.996666669845581,loss=0.0320112407207489>
4.5982 seconds
Tested. Sparse categorical accuracy: 8.00

round 68, metrics=<sparse_categorical_accuracy=0.996666669845581,loss=0.022305982187390327>
4.6671 seconds
Tested. Sparse categorical accuracy: 11.00

round 69, metrics=<sparse_categorical_accuracy=0.996666669845581,loss=0.02602045238018036>
4.5935 seconds
Tested. Sparse categorical accuracy: 6.00

round 70, metrics=<sparse_categorical_accuracy=0.9983333349227905,loss=0.014815643429756165>
4.5823 seconds
Tested. Sparse categorical accuracy: 6.00

round 71, metrics=<sparse_categorical_accuracy=0.996666669845581,loss=0.01792328990995884>
4.5862 seconds
Tested. Sparse categorical accuracy: 8.00

round 72, metrics=<sparse_categorical_accuracy=0.996666669845581,loss=0.026915207505226135>
4.5192 seconds
Tested. Sparse categorical accuracy: 3.00

round 73, metrics=<sparse_categorical_accuracy=0.996666669845581,loss=0.027796009555459023>
4.4961 seconds
Tested. Sparse categorical accuracy: 8.00

round 74, metrics=<sparse_categorical_accuracy=0.996666669845581,loss=0.03059498406946659>
4.6773 seconds
Tested. Sparse categorical accuracy: 14.00

round 75, metrics=<sparse_categorical_accuracy=0.996666669845581,loss=0.012052797712385654>
4.5054 seconds
Tested. Sparse categorical accuracy: 14.00

round 76, metrics=<sparse_categorical_accuracy=0.996666669845581,loss=0.03337215259671211>
4.5488 seconds
Tested. Sparse categorical accuracy: 15.00

round 77, metrics=<sparse_categorical_accuracy=0.996666669845581,loss=0.04577948898077011>
4.4681 seconds
Tested. Sparse categorical accuracy: 7.00

round 78, metrics=<sparse_categorical_accuracy=0.9916666746139526,loss=0.059249669313430786>
4.5438 seconds
Tested. Sparse categorical accuracy: 11.00

round 79, metrics=<sparse_categorical_accuracy=0.9900000095367432,loss=0.03454555943608284>
4.5208 seconds
Tested. Sparse categorical accuracy: 11.00

round 80, metrics=<sparse_categorical_accuracy=0.996666669845581,loss=0.02003495581448078>
4.5164 seconds
Tested. Sparse categorical accuracy: 8.00

round 81, metrics=<sparse_categorical_accuracy=0.996666669845581,loss=0.015226295217871666>
4.4220 seconds
Tested. Sparse categorical accuracy: 9.00

round 82, metrics=<sparse_categorical_accuracy=0.9983333349227905,loss=0.0030505575705319643>
4.5298 seconds
Tested. Sparse categorical accuracy: 11.00

round 83, metrics=<sparse_categorical_accuracy=0.9983333349227905,loss=0.011957512237131596>
4.5536 seconds
Tested. Sparse categorical accuracy: 9.00

round 84, metrics=<sparse_categorical_accuracy=0.996666669845581,loss=0.031152959913015366>
4.5925 seconds
Tested. Sparse categorical accuracy: 9.00

round 85, metrics=<sparse_categorical_accuracy=0.996666669845581,loss=0.019851600751280785>
4.5409 seconds
Tested. Sparse categorical accuracy: 9.00

round 86, metrics=<sparse_categorical_accuracy=0.996666669845581,loss=0.022242195904254913>
4.7293 seconds
Tested. Sparse categorical accuracy: 9.00

round 87, metrics=<sparse_categorical_accuracy=0.996666669845581,loss=0.02826397679746151>
4.5088 seconds
Tested. Sparse categorical accuracy: 9.00

round 88, metrics=<sparse_categorical_accuracy=0.9983333349227905,loss=0.010836183093488216>
4.4955 seconds
Tested. Sparse categorical accuracy: 11.00

round 89, metrics=<sparse_categorical_accuracy=0.996666669845581,loss=0.019687194377183914>
4.5958 seconds
Tested. Sparse categorical accuracy: 14.00

round 90, metrics=<sparse_categorical_accuracy=0.996666669845581,loss=0.021456092596054077>
4.4862 seconds
Tested. Sparse categorical accuracy: 11.00

round 91, metrics=<sparse_categorical_accuracy=0.996666669845581,loss=0.02681850641965866>
4.5099 seconds
Tested. Sparse categorical accuracy: 6.00

round 92, metrics=<sparse_categorical_accuracy=0.996666669845581,loss=0.031207021325826645>
4.5441 seconds
Tested. Sparse categorical accuracy: 13.00

round 93, metrics=<sparse_categorical_accuracy=0.996666669845581,loss=0.009216967038810253>
4.5015 seconds
Tested. Sparse categorical accuracy: 7.00

round 94, metrics=<sparse_categorical_accuracy=0.996666669845581,loss=0.029984528198838234>
4.5636 seconds
Tested. Sparse categorical accuracy: 8.00

round 95, metrics=<sparse_categorical_accuracy=0.996666669845581,loss=0.028877608478069305>
4.6193 seconds
Tested. Sparse categorical accuracy: 9.00

round 96, metrics=<sparse_categorical_accuracy=0.996666669845581,loss=0.03076169081032276>
4.6010 seconds
Tested. Sparse categorical accuracy: 10.00

round 97, metrics=<sparse_categorical_accuracy=0.996666669845581,loss=0.010053829289972782>
4.5866 seconds
Tested. Sparse categorical accuracy: 5.00

round 98, metrics=<sparse_categorical_accuracy=0.996666669845581,loss=0.02754177525639534>
4.5077 seconds
Tested. Sparse categorical accuracy: 10.00

round 99, metrics=<sparse_categorical_accuracy=0.996666669845581,loss=0.02109336294233799>
4.5364 seconds
Tested. Sparse categorical accuracy: 8.00

round 100, metrics=<sparse_categorical_accuracy=0.996666669845581,loss=0.02419203147292137>
4.5574 seconds
Tested. Sparse categorical accuracy: 20.00

round 101, metrics=<sparse_categorical_accuracy=0.996666669845581,loss=0.029955245554447174>
4.5080 seconds
Tested. Sparse categorical accuracy: 3.00

round 102, metrics=<sparse_categorical_accuracy=0.996666669845581,loss=0.010446975938975811>
4.6291 seconds
Tested. Sparse categorical accuracy: 4.00

round 103, metrics=<sparse_categorical_accuracy=0.996666669845581,loss=0.029118278995156288>
4.5812 seconds
Tested. Sparse categorical accuracy: 5.00

round 104, metrics=<sparse_categorical_accuracy=0.996666669845581,loss=0.026519162580370903>
4.4800 seconds
Tested. Sparse categorical accuracy: 11.00

round 105, metrics=<sparse_categorical_accuracy=0.996666669845581,loss=0.023635055869817734>
4.4752 seconds
Tested. Sparse categorical accuracy: 8.00

round 106, metrics=<sparse_categorical_accuracy=0.996666669845581,loss=0.022609848529100418>
4.5772 seconds
Tested. Sparse categorical accuracy: 12.00

round 107, metrics=<sparse_categorical_accuracy=0.9983333349227905,loss=0.015893179923295975>
4.5295 seconds
Tested. Sparse categorical accuracy: 10.00

round 108, metrics=<sparse_categorical_accuracy=0.996666669845581,loss=0.025179514661431313>
4.4833 seconds
Tested. Sparse categorical accuracy: 12.00

round 109, metrics=<sparse_categorical_accuracy=0.9983333349227905,loss=0.012350251898169518>
4.6019 seconds
Tested. Sparse categorical accuracy: 10.00

round 110, metrics=<sparse_categorical_accuracy=0.996666669845581,loss=0.019794177263975143>
4.4600 seconds
Tested. Sparse categorical accuracy: 10.00

round 111, metrics=<sparse_categorical_accuracy=0.996666669845581,loss=0.014551006257534027>
4.5368 seconds
Tested. Sparse categorical accuracy: 4.00

round 112, metrics=<sparse_categorical_accuracy=0.996666669845581,loss=0.034397192299366>
4.5456 seconds
Tested. Sparse categorical accuracy: 7.00

round 113, metrics=<sparse_categorical_accuracy=0.996666669845581,loss=0.026578770950436592>
4.6051 seconds
Tested. Sparse categorical accuracy: 7.00

round 114, metrics=<sparse_categorical_accuracy=0.996666669845581,loss=0.019487854093313217>
4.4852 seconds
Tested. Sparse categorical accuracy: 16.00

round 115, metrics=<sparse_categorical_accuracy=0.996666669845581,loss=0.023150494322180748>
4.4708 seconds
Tested. Sparse categorical accuracy: 10.00

round 116, metrics=<sparse_categorical_accuracy=0.9983333349227905,loss=0.01126588974148035>
4.5328 seconds
Tested. Sparse categorical accuracy: 9.00

round 117, metrics=<sparse_categorical_accuracy=0.996666669845581,loss=0.031873371452093124>
4.4829 seconds
Tested. Sparse categorical accuracy: 7.00

round 118, metrics=<sparse_categorical_accuracy=0.996666669845581,loss=0.02211219072341919>
4.5024 seconds
Tested. Sparse categorical accuracy: 12.00

round 119, metrics=<sparse_categorical_accuracy=0.996666669845581,loss=0.0261525921523571>
4.4840 seconds
Tested. Sparse categorical accuracy: 8.00

round 120, metrics=<sparse_categorical_accuracy=0.9983333349227905,loss=0.014131514355540276>
4.5748 seconds
Tested. Sparse categorical accuracy: 7.00

round 121, metrics=<sparse_categorical_accuracy=0.996666669845581,loss=0.01809290610253811>
4.4895 seconds
Tested. Sparse categorical accuracy: 17.00

round 122, metrics=<sparse_categorical_accuracy=0.996666669845581,loss=0.025540441274642944>
4.5059 seconds
Tested. Sparse categorical accuracy: 11.00

round 123, metrics=<sparse_categorical_accuracy=0.996666669845581,loss=0.028149614110589027>
4.5022 seconds
Tested. Sparse categorical accuracy: 11.00

round 124, metrics=<sparse_categorical_accuracy=0.996666669845581,loss=0.030671635642647743>
4.6159 seconds
Tested. Sparse categorical accuracy: 13.00

round 125, metrics=<sparse_categorical_accuracy=0.996666669845581,loss=0.011708412319421768>
4.5005 seconds
Tested. Sparse categorical accuracy: 13.00

round 126, metrics=<sparse_categorical_accuracy=0.996666669845581,loss=0.033151134848594666>
4.6335 seconds
Tested. Sparse categorical accuracy: 8.00

round 127, metrics=<sparse_categorical_accuracy=0.996666669845581,loss=0.04548203572630882>
4.5961 seconds
Tested. Sparse categorical accuracy: 8.00

round 128, metrics=<sparse_categorical_accuracy=0.9916666746139526,loss=0.053041037172079086>
4.5110 seconds
Tested. Sparse categorical accuracy: 7.00

round 129, metrics=<sparse_categorical_accuracy=0.9916666746139526,loss=0.03258327394723892>
4.6213 seconds
Tested. Sparse categorical accuracy: 8.00

round 130, metrics=<sparse_categorical_accuracy=0.996666669845581,loss=0.023129697889089584>
4.4496 seconds
Tested. Sparse categorical accuracy: 9.00

round 131, metrics=<sparse_categorical_accuracy=0.996666669845581,loss=0.01916768215596676>
4.4036 seconds
Tested. Sparse categorical accuracy: 8.00

round 132, metrics=<sparse_categorical_accuracy=0.9983333349227905,loss=0.004289988428354263>
4.4685 seconds
Tested. Sparse categorical accuracy: 12.00

round 133, metrics=<sparse_categorical_accuracy=0.9981666803359985,loss=0.011088498868048191>
4.4668 seconds
Tested. Sparse categorical accuracy: 8.00

round 134, metrics=<sparse_categorical_accuracy=0.9933333396911621,loss=0.038789935410022736>
4.5176 seconds
Tested. Sparse categorical accuracy: 6.00

round 135, metrics=<sparse_categorical_accuracy=0.996666669845581,loss=0.019147662445902824>
4.4557 seconds
Tested. Sparse categorical accuracy: 9.00

round 136, metrics=<sparse_categorical_accuracy=0.996666669845581,loss=0.019740626215934753>
4.5701 seconds
Tested. Sparse categorical accuracy: 9.00

round 137, metrics=<sparse_categorical_accuracy=0.996666669845581,loss=0.02813783288002014>
4.5676 seconds
Tested. Sparse categorical accuracy: 12.00

round 138, metrics=<sparse_categorical_accuracy=0.9983333349227905,loss=0.010713379830121994>
4.6049 seconds
Tested. Sparse categorical accuracy: 7.00

round 139, metrics=<sparse_categorical_accuracy=0.996666669845581,loss=0.017810046672821045>
4.5801 seconds
Tested. Sparse categorical accuracy: 6.00

round 140, metrics=<sparse_categorical_accuracy=0.996666669845581,loss=0.019455144181847572>
4.5473 seconds
Tested. Sparse categorical accuracy: 6.00

round 141, metrics=<sparse_categorical_accuracy=0.996666669845581,loss=0.02671237476170063>
4.5650 seconds
Tested. Sparse categorical accuracy: 10.00

round 142, metrics=<sparse_categorical_accuracy=0.996666669845581,loss=0.03164952993392944>
4.5695 seconds
Tested. Sparse categorical accuracy: 8.00

round 143, metrics=<sparse_categorical_accuracy=0.996666669845581,loss=0.009158734232187271>
4.5842 seconds
Tested. Sparse categorical accuracy: 10.00

round 144, metrics=<sparse_categorical_accuracy=0.996666669845581,loss=0.028577951714396477>
4.5911 seconds
Tested. Sparse categorical accuracy: 11.00

round 145, metrics=<sparse_categorical_accuracy=0.996666669845581,loss=0.028829768300056458>
4.5285 seconds
Tested. Sparse categorical accuracy: 10.00

round 146, metrics=<sparse_categorical_accuracy=0.996666669845581,loss=0.029334427788853645>
4.4920 seconds
Tested. Sparse categorical accuracy: 10.00

round 147, metrics=<sparse_categorical_accuracy=0.996666669845581,loss=0.010374784469604492>
4.4667 seconds
Tested. Sparse categorical accuracy: 11.00

round 148, metrics=<sparse_categorical_accuracy=0.996666669845581,loss=0.02722795121371746>
4.4456 seconds
Tested. Sparse categorical accuracy: 6.00

round 149, metrics=<sparse_categorical_accuracy=0.996666669845581,loss=0.02156274951994419>
4.4943 seconds
Tested. Sparse categorical accuracy: 11.00

round 150, metrics=<sparse_categorical_accuracy=0.996666669845581,loss=0.0216501597315073>
4.4743 seconds
Tested. Sparse categorical accuracy: 13.00

round 151, metrics=<sparse_categorical_accuracy=0.996666669845581,loss=0.027642806991934776>
4.5066 seconds
Tested. Sparse categorical accuracy: 7.00

round 152, metrics=<sparse_categorical_accuracy=0.996666669845581,loss=0.009325988590717316>
4.4895 seconds
Tested. Sparse categorical accuracy: 7.00

round 153, metrics=<sparse_categorical_accuracy=0.996666669845581,loss=0.026283249258995056>
4.4084 seconds
Tested. Sparse categorical accuracy: 9.00

round 154, metrics=<sparse_categorical_accuracy=0.996666669845581,loss=0.026317304000258446>
4.5095 seconds
Tested. Sparse categorical accuracy: 15.00

round 155, metrics=<sparse_categorical_accuracy=0.996666669845581,loss=0.023247063159942627>
4.4984 seconds
Tested. Sparse categorical accuracy: 8.00

round 156, metrics=<sparse_categorical_accuracy=0.996666669845581,loss=0.023628465831279755>
4.5756 seconds
Tested. Sparse categorical accuracy: 6.00

round 157, metrics=<sparse_categorical_accuracy=0.9983333349227905,loss=0.015749406069517136>
4.5707 seconds
Tested. Sparse categorical accuracy: 10.00

round 158, metrics=<sparse_categorical_accuracy=0.996666669845581,loss=0.02403237856924534>
4.4519 seconds
Tested. Sparse categorical accuracy: 6.00

round 159, metrics=<sparse_categorical_accuracy=0.9983333349227905,loss=0.01271093264222145>
4.5413 seconds
Tested. Sparse categorical accuracy: 12.00

round 160, metrics=<sparse_categorical_accuracy=0.996666669845581,loss=0.020062338560819626>
4.6188 seconds
Tested. Sparse categorical accuracy: 8.00

round 161, metrics=<sparse_categorical_accuracy=0.996666669845581,loss=0.014074663631618023>
4.4531 seconds
Tested. Sparse categorical accuracy: 11.00

round 162, metrics=<sparse_categorical_accuracy=0.996666669845581,loss=0.03291674703359604>
4.5102 seconds
Tested. Sparse categorical accuracy: 14.00

round 163, metrics=<sparse_categorical_accuracy=0.996666669845581,loss=0.025495292618870735>
4.5338 seconds
Tested. Sparse categorical accuracy: 7.00

round 164, metrics=<sparse_categorical_accuracy=0.996666669845581,loss=0.020352568477392197>
4.5385 seconds
Tested. Sparse categorical accuracy: 15.00

round 165, metrics=<sparse_categorical_accuracy=0.996666669845581,loss=0.023509163409471512>
4.4746 seconds
Tested. Sparse categorical accuracy: 12.00

round 166, metrics=<sparse_categorical_accuracy=0.9983333349227905,loss=0.01086490973830223>
4.5867 seconds
Tested. Sparse categorical accuracy: 6.00

round 167, metrics=<sparse_categorical_accuracy=0.996666669845581,loss=0.029429540038108826>
4.5114 seconds
Tested. Sparse categorical accuracy: 12.00

round 168, metrics=<sparse_categorical_accuracy=0.996666669845581,loss=0.017887862399220467>
4.4512 seconds
Tested. Sparse categorical accuracy: 12.00

round 169, metrics=<sparse_categorical_accuracy=0.996666669845581,loss=0.025304147973656654>
4.4523 seconds
Tested. Sparse categorical accuracy: 7.00

round 170, metrics=<sparse_categorical_accuracy=0.9983333349227905,loss=0.01264257449656725>
4.5610 seconds
Tested. Sparse categorical accuracy: 11.00

round 171, metrics=<sparse_categorical_accuracy=0.996666669845581,loss=0.018881892785429955>
4.5801 seconds
Tested. Sparse categorical accuracy: 11.00

round 172, metrics=<sparse_categorical_accuracy=0.996666669845581,loss=0.023599622771143913>
4.5933 seconds
Tested. Sparse categorical accuracy: 10.00

round 173, metrics=<sparse_categorical_accuracy=0.996666669845581,loss=0.027918899431824684>
4.4830 seconds
Tested. Sparse categorical accuracy: 9.00

round 174, metrics=<sparse_categorical_accuracy=0.996666669845581,loss=0.02977573126554489>
4.5218 seconds
Tested. Sparse categorical accuracy: 5.00

round 175, metrics=<sparse_categorical_accuracy=0.996666669845581,loss=0.012057360261678696>
4.5384 seconds
Tested. Sparse categorical accuracy: 6.00

round 176, metrics=<sparse_categorical_accuracy=0.996666669845581,loss=0.03264569863677025>
4.5577 seconds
Tested. Sparse categorical accuracy: 7.00

round 177, metrics=<sparse_categorical_accuracy=0.9933333396911621,loss=0.04235299676656723>
4.5054 seconds
Tested. Sparse categorical accuracy: 14.00

round 178, metrics=<sparse_categorical_accuracy=0.9950000047683716,loss=0.0506770946085453>
4.6193 seconds
Tested. Sparse categorical accuracy: 15.00

round 179, metrics=<sparse_categorical_accuracy=0.9900000095367432,loss=0.03473388031125069>
4.5710 seconds
Tested. Sparse categorical accuracy: 16.00

round 180, metrics=<sparse_categorical_accuracy=0.996666669845581,loss=0.021691927686333656>
4.5106 seconds
Tested. Sparse categorical accuracy: 9.00

round 181, metrics=<sparse_categorical_accuracy=0.996666669845581,loss=0.013491441495716572>
4.5621 seconds
Tested. Sparse categorical accuracy: 14.00

round 182, metrics=<sparse_categorical_accuracy=0.9978333115577698,loss=0.003039113711565733>
4.5066 seconds
Tested. Sparse categorical accuracy: 7.00

round 183, metrics=<sparse_categorical_accuracy=0.9983333349227905,loss=0.00993755180388689>
4.4840 seconds
Tested. Sparse categorical accuracy: 13.00

round 184, metrics=<sparse_categorical_accuracy=0.996666669845581,loss=0.03027595952153206>
4.5638 seconds
Tested. Sparse categorical accuracy: 10.00

round 185, metrics=<sparse_categorical_accuracy=0.996666669845581,loss=0.0181898083537817>
4.6264 seconds
Tested. Sparse categorical accuracy: 8.00

round 186, metrics=<sparse_categorical_accuracy=0.996666669845581,loss=0.020540563389658928>
4.5060 seconds
Tested. Sparse categorical accuracy: 8.00

round 187, metrics=<sparse_categorical_accuracy=0.996666669845581,loss=0.025765232741832733>
4.5636 seconds
Tested. Sparse categorical accuracy: 10.00

round 188, metrics=<sparse_categorical_accuracy=0.9983333349227905,loss=0.009322956204414368>
4.5919 seconds
Tested. Sparse categorical accuracy: 15.00

round 189, metrics=<sparse_categorical_accuracy=0.996666669845581,loss=0.014859223738312721>
4.5975 seconds
Tested. Sparse categorical accuracy: 11.00

round 190, metrics=<sparse_categorical_accuracy=0.996666669845581,loss=0.019801074638962746>
4.5620 seconds
Tested. Sparse categorical accuracy: 8.00

round 191, metrics=<sparse_categorical_accuracy=0.996666669845581,loss=0.026463506743311882>
4.5113 seconds
Tested. Sparse categorical accuracy: 8.00

round 192, metrics=<sparse_categorical_accuracy=0.996666669845581,loss=0.030741628259420395>
4.4880 seconds
Tested. Sparse categorical accuracy: 11.00

round 193, metrics=<sparse_categorical_accuracy=0.996666669845581,loss=0.009669812396168709>
4.4201 seconds
Tested. Sparse categorical accuracy: 10.00

round 194, metrics=<sparse_categorical_accuracy=0.996666669845581,loss=0.029007596895098686>
4.5502 seconds
Tested. Sparse categorical accuracy: 4.00

round 195, metrics=<sparse_categorical_accuracy=0.9950000047683716,loss=0.027727261185646057>
4.5424 seconds
Tested. Sparse categorical accuracy: 12.00

round 196, metrics=<sparse_categorical_accuracy=0.996666669845581,loss=0.026868144050240517>
4.4805 seconds
Tested. Sparse categorical accuracy: 12.00

round 197, metrics=<sparse_categorical_accuracy=0.996666669845581,loss=0.011159727349877357>
4.4902 seconds
Tested. Sparse categorical accuracy: 10.00

round 198, metrics=<sparse_categorical_accuracy=0.996666669845581,loss=0.026544636115431786>
4.5451 seconds
Tested. Sparse categorical accuracy: 17.00

round 199, metrics=<sparse_categorical_accuracy=0.996666669845581,loss=0.020733220502734184>
4.4849 seconds
Tested. Sparse categorical accuracy: 7.00

round 200, metrics=<sparse_categorical_accuracy=0.996666669845581,loss=0.02349606342613697>
4.7025 seconds
Tested. Sparse categorical accuracy: 10.00

round 201, metrics=<sparse_categorical_accuracy=0.996666669845581,loss=0.028103617951273918>
4.6851 seconds
Tested. Sparse categorical accuracy: 11.00

round 202, metrics=<sparse_categorical_accuracy=0.996666669845581,loss=0.010054420679807663>
4.5521 seconds
Tested. Sparse categorical accuracy: 11.00

round 203, metrics=<sparse_categorical_accuracy=0.996666669845581,loss=0.02557402104139328>
4.6307 seconds
Tested. Sparse categorical accuracy: 9.00

round 204, metrics=<sparse_categorical_accuracy=0.996666669845581,loss=0.026127740740776062>
4.4809 seconds
Tested. Sparse categorical accuracy: 15.00

round 205, metrics=<sparse_categorical_accuracy=0.996666669845581,loss=0.022565549239516258>
4.5240 seconds
Tested. Sparse categorical accuracy: 9.00

round 206, metrics=<sparse_categorical_accuracy=0.996666669845581,loss=0.02362978085875511>
4.5081 seconds
Tested. Sparse categorical accuracy: 13.00

round 207, metrics=<sparse_categorical_accuracy=0.9983333349227905,loss=0.015506177209317684>
4.5424 seconds
Tested. Sparse categorical accuracy: 9.00

round 208, metrics=<sparse_categorical_accuracy=0.996666669845581,loss=0.02225464954972267>
4.6052 seconds
Tested. Sparse categorical accuracy: 13.00

round 209, metrics=<sparse_categorical_accuracy=0.9983333349227905,loss=0.012135901488363743>
4.5233 seconds
Tested. Sparse categorical accuracy: 11.00

round 210, metrics=<sparse_categorical_accuracy=0.996666669845581,loss=0.021092992275953293>
4.5423 seconds
Tested. Sparse categorical accuracy: 12.00

round 211, metrics=<sparse_categorical_accuracy=0.996666669845581,loss=0.013410109095275402>
4.5641 seconds
Tested. Sparse categorical accuracy: 10.00

round 212, metrics=<sparse_categorical_accuracy=0.996666669845581,loss=0.03058231621980667>
4.5766 seconds
Tested. Sparse categorical accuracy: 10.00

round 213, metrics=<sparse_categorical_accuracy=0.996666669845581,loss=0.023975422605872154>
4.4914 seconds
Tested. Sparse categorical accuracy: 11.00

round 214, metrics=<sparse_categorical_accuracy=0.996666669845581,loss=0.01911473274230957>
4.5645 seconds
Tested. Sparse categorical accuracy: 22.00

round 215, metrics=<sparse_categorical_accuracy=0.996666669845581,loss=0.02128302864730358>
4.5592 seconds
Tested. Sparse categorical accuracy: 9.00

round 216, metrics=<sparse_categorical_accuracy=0.9983333349227905,loss=0.010008314624428749>
4.5742 seconds
Tested. Sparse categorical accuracy: 14.00

round 217, metrics=<sparse_categorical_accuracy=0.996666669845581,loss=0.029178297147154808>
4.5520 seconds
Tested. Sparse categorical accuracy: 10.00

round 218, metrics=<sparse_categorical_accuracy=0.996666669845581,loss=0.016256803646683693>
4.4890 seconds
Tested. Sparse categorical accuracy: 11.00

round 219, metrics=<sparse_categorical_accuracy=0.996666669845581,loss=0.020858924835920334>
4.4712 seconds
Tested. Sparse categorical accuracy: 11.00

round 220, metrics=<sparse_categorical_accuracy=0.9983333349227905,loss=0.012771128676831722>
4.5085 seconds
Tested. Sparse categorical accuracy: 10.00

round 221, metrics=<sparse_categorical_accuracy=0.996666669845581,loss=0.016639353707432747>
4.5752 seconds
Tested. Sparse categorical accuracy: 10.00

round 222, metrics=<sparse_categorical_accuracy=0.996666669845581,loss=0.022231196984648705>
4.6076 seconds
Tested. Sparse categorical accuracy: 7.00

round 223, metrics=<sparse_categorical_accuracy=0.996666669845581,loss=0.026400452479720116>
4.5783 seconds
Tested. Sparse categorical accuracy: 11.00

round 224, metrics=<sparse_categorical_accuracy=0.996666669845581,loss=0.028045229613780975>
4.5516 seconds
Tested. Sparse categorical accuracy: 12.00

round 225, metrics=<sparse_categorical_accuracy=0.9983333349227905,loss=0.012149205431342125>
4.5932 seconds
Tested. Sparse categorical accuracy: 17.00

round 226, metrics=<sparse_categorical_accuracy=0.996666669845581,loss=0.030452152714133263>
4.5301 seconds
Tested. Sparse categorical accuracy: 7.00

round 227, metrics=<sparse_categorical_accuracy=0.996666669845581,loss=0.03268881142139435>
4.4450 seconds
Tested. Sparse categorical accuracy: 8.00

round 228, metrics=<sparse_categorical_accuracy=0.9955000281333923,loss=0.037712711840867996>
4.5258 seconds
Tested. Sparse categorical accuracy: 7.00

round 229, metrics=<sparse_categorical_accuracy=0.9933333396911621,loss=0.033631984144449234>
4.5195 seconds
Tested. Sparse categorical accuracy: 13.00

round 230, metrics=<sparse_categorical_accuracy=0.996666669845581,loss=0.011873726733028889>
4.5088 seconds
Tested. Sparse categorical accuracy: 23.00

round 231, metrics=<sparse_categorical_accuracy=0.996666669845581,loss=0.01930658146739006>
4.5268 seconds
Tested. Sparse categorical accuracy: 9.00

round 232, metrics=<sparse_categorical_accuracy=0.9983333349227905,loss=0.0067338282242417336>
4.4382 seconds
Tested. Sparse categorical accuracy: 19.00

round 233, metrics=<sparse_categorical_accuracy=0.9975000023841858,loss=0.006815992295742035>
4.5474 seconds
Tested. Sparse categorical accuracy: 20.00

round 234, metrics=<sparse_categorical_accuracy=0.9931666851043701,loss=0.030545582994818687>
4.6642 seconds
Tested. Sparse categorical accuracy: 18.00

round 235, metrics=<sparse_categorical_accuracy=0.996666669845581,loss=0.012511121109127998>
4.5859 seconds
Tested. Sparse categorical accuracy: 17.00

round 236, metrics=<sparse_categorical_accuracy=0.9965000152587891,loss=0.010353154502809048>
4.5598 seconds
Tested. Sparse categorical accuracy: 17.00

round 237, metrics=<sparse_categorical_accuracy=0.996666669845581,loss=0.025419149547815323>
4.5633 seconds
Tested. Sparse categorical accuracy: 9.00

round 238, metrics=<sparse_categorical_accuracy=0.9978333115577698,loss=0.0068671610206365585>
4.5436 seconds
Tested. Sparse categorical accuracy: 26.00

round 239, metrics=<sparse_categorical_accuracy=0.9951666593551636,loss=0.016981586813926697>
4.6788 seconds
Tested. Sparse categorical accuracy: 20.00

round 240, metrics=<sparse_categorical_accuracy=0.9959999918937683,loss=0.0201216209679842>
4.5447 seconds
Tested. Sparse categorical accuracy: 21.00

round 241, metrics=<sparse_categorical_accuracy=0.9958333373069763,loss=0.0157770998775959>
4.5320 seconds
Tested. Sparse categorical accuracy: 14.00

round 242, metrics=<sparse_categorical_accuracy=0.996666669845581,loss=0.019721776247024536>
4.5581 seconds
Tested. Sparse categorical accuracy: 20.00

round 243, metrics=<sparse_categorical_accuracy=0.996666669845581,loss=0.010786494240164757>
4.5016 seconds
Tested. Sparse categorical accuracy: 20.00

round 244, metrics=<sparse_categorical_accuracy=0.996833324432373,loss=0.019037917256355286>
4.5707 seconds
Tested. Sparse categorical accuracy: 21.00

round 245, metrics=<sparse_categorical_accuracy=0.9953333139419556,loss=0.022217508405447006>
4.5236 seconds
Tested. Sparse categorical accuracy: 27.00

round 246, metrics=<sparse_categorical_accuracy=0.9965000152587891,loss=0.017878280952572823>
4.5745 seconds
Tested. Sparse categorical accuracy: 23.00

round 247, metrics=<sparse_categorical_accuracy=0.9980000257492065,loss=0.010054555721580982>
4.5386 seconds
Tested. Sparse categorical accuracy: 23.00

round 248, metrics=<sparse_categorical_accuracy=0.9961666464805603,loss=0.016278669238090515>
4.5066 seconds
Tested. Sparse categorical accuracy: 23.00

round 249, metrics=<sparse_categorical_accuracy=0.996666669845581,loss=0.016667652875185013>
4.5540 seconds
Tested. Sparse categorical accuracy: 15.00

round 250, metrics=<sparse_categorical_accuracy=0.996666669845581,loss=0.010907813906669617>
4.4634 seconds
Tested. Sparse categorical accuracy: 21.00

Target accuracy reached after  250  rounds
Average time per round: 4.00

2020-05-05 03:04:42.395880
