
TENSORFLOW USERS:
You must use the python3.6-anaconda/5.2.0 module to run TensorFlow.
See https://arc-ts.umich.edu/greatlakes/software/tensorflow for more
information.



The following have been reloaded with a version change:
  1) cuda/10.0.130 => cuda/10.1.105


Currently Loaded Modules:
  1) python3.7-anaconda/2019.07   2) cudnn/10.0-v7.6   3) cuda/10.1.105

 

mkdir: cannot create directory ‘results/5944196’: File exists
mkdir: cannot create directory ‘results/5944196/log’: File exists
Test  269
2020-05-07 07:54:21.036963


Schema 1: Each client partially IID
--------------------------------------------------
percent data distributed IID:  40
number of classes for non-IID data:  2
data points per client (mean, std dev): ( 600 ,  0 )
--------------------------------------------------

round  1, metrics=<sparse_categorical_accuracy=0.8170333504676819,loss=0.5807955861091614>
27.0910 seconds
Tested. Sparse categorical accuracy: 88.00

round  2, metrics=<sparse_categorical_accuracy=0.9574166536331177,loss=0.14557918906211853>
27.3614 seconds
Tested. Sparse categorical accuracy: 92.00

round  3, metrics=<sparse_categorical_accuracy=0.987766683101654,loss=0.04469110071659088>
26.6262 seconds
Tested. Sparse categorical accuracy: 98.00

round  4, metrics=<sparse_categorical_accuracy=0.9909499883651733,loss=0.0323079414665699>
26.9087 seconds
Tested. Sparse categorical accuracy: 95.00

round  5, metrics=<sparse_categorical_accuracy=0.993149995803833,loss=0.025303205475211143>
26.9278 seconds
Tested. Sparse categorical accuracy: 99.00

Target accuracy reached after  5  rounds
Average time per round: 26.00

2020-05-07 07:56:44.523633
