
TENSORFLOW USERS:
You must use the python3.6-anaconda/5.2.0 module to run TensorFlow.
See https://arc-ts.umich.edu/greatlakes/software/tensorflow for more
information.



The following have been reloaded with a version change:
  1) cuda/10.0.130 => cuda/10.1.105


Currently Loaded Modules:
  1) python3.7-anaconda/2019.07   2) cudnn/10.0-v7.6   3) cuda/10.1.105

 

mkdir: cannot create directory ‘results/5944196’: File exists
mkdir: cannot create directory ‘results/5944196/log’: File exists
Test  231
2020-05-06 16:30:14.829441


Schema 1: Each client partially IID
--------------------------------------------------
percent data distributed IID:  40
number of classes for non-IID data:  2
data points per client (mean, std dev): ( 600 ,  0 )
--------------------------------------------------

round  1, metrics=<sparse_categorical_accuracy=0.8104722499847412,loss=0.5976046323776245>
104.0401 seconds
Tested. Sparse categorical accuracy: 90.00

round  2, metrics=<sparse_categorical_accuracy=0.9616944193840027,loss=0.13621081411838531>
88.1222 seconds
Tested. Sparse categorical accuracy: 90.00

round  3, metrics=<sparse_categorical_accuracy=0.9869222044944763,loss=0.04744598641991615>
87.7080 seconds
Tested. Sparse categorical accuracy: 98.00

round  4, metrics=<sparse_categorical_accuracy=0.9879555702209473,loss=0.0444946251809597>
87.4201 seconds
Tested. Sparse categorical accuracy: 94.00

round  5, metrics=<sparse_categorical_accuracy=0.9937000274658203,loss=0.022907625883817673>
89.4397 seconds
Tested. Sparse categorical accuracy: 97.00

round  6, metrics=<sparse_categorical_accuracy=0.9928500056266785,loss=0.027024710550904274>
86.7316 seconds
Tested. Sparse categorical accuracy: 97.00

round  7, metrics=<sparse_categorical_accuracy=0.9950833320617676,loss=0.018200429156422615>
88.0356 seconds
Tested. Sparse categorical accuracy: 99.00

Target accuracy reached after  7  rounds
Average time per round: 90.00

2020-05-06 16:40:54.770545
