
TENSORFLOW USERS:
You must use the python3.6-anaconda/5.2.0 module to run TensorFlow.
See https://arc-ts.umich.edu/greatlakes/software/tensorflow for more
information.



The following have been reloaded with a version change:
  1) cuda/10.0.130 => cuda/10.1.105


Currently Loaded Modules:
  1) python3.7-anaconda/2019.07   2) cudnn/10.0-v7.6   3) cuda/10.1.105

 

mkdir: cannot create directory ‘results/5944196’: File exists
mkdir: cannot create directory ‘results/5944196/log’: File exists
Test  44
2020-05-04 20:49:52.154761


Schema 1: Each client partially IID
--------------------------------------------------
percent data distributed IID:  0
number of classes for non-IID data:  2
data points per client (mean, std dev): ( 600 ,  0 )
--------------------------------------------------

round  1, metrics=<sparse_categorical_accuracy=0.996666669845581,loss=0.026346150785684586>
13.0560 seconds
Tested. Sparse categorical accuracy: 8.00

round  2, metrics=<sparse_categorical_accuracy=0.996666669845581,loss=0.023240797221660614>
13.0130 seconds
Tested. Sparse categorical accuracy: 16.00

round  3, metrics=<sparse_categorical_accuracy=0.996666669845581,loss=0.02986343950033188>
12.9670 seconds
Tested. Sparse categorical accuracy: 5.00

round  4, metrics=<sparse_categorical_accuracy=0.9973333477973938,loss=0.011515025049448013>
12.3742 seconds
Tested. Sparse categorical accuracy: 16.00

round  5, metrics=<sparse_categorical_accuracy=0.9973333477973938,loss=0.011146984994411469>
12.9099 seconds
Tested. Sparse categorical accuracy: 5.00

round  6, metrics=<sparse_categorical_accuracy=0.9973333477973938,loss=0.014529804699122906>
12.6043 seconds
Tested. Sparse categorical accuracy: 13.00

round  7, metrics=<sparse_categorical_accuracy=0.9973333477973938,loss=0.03216468542814255>
12.8156 seconds
Tested. Sparse categorical accuracy: 9.00

round  8, metrics=<sparse_categorical_accuracy=0.996666669845581,loss=0.008952057920396328>
12.9716 seconds
Tested. Sparse categorical accuracy: 7.00

round  9, metrics=<sparse_categorical_accuracy=0.9972666501998901,loss=0.005720635876059532>
12.3923 seconds
Tested. Sparse categorical accuracy: 8.00

round 10, metrics=<sparse_categorical_accuracy=0.996666669845581,loss=0.012126804329454899>
12.8232 seconds
Tested. Sparse categorical accuracy: 10.00

round 11, metrics=<sparse_categorical_accuracy=0.9973333477973938,loss=0.012217381037771702>
12.6820 seconds
Tested. Sparse categorical accuracy: 13.00

round 12, metrics=<sparse_categorical_accuracy=0.9973333477973938,loss=0.015438203699886799>
12.4717 seconds
Tested. Sparse categorical accuracy: 10.00

round 13, metrics=<sparse_categorical_accuracy=0.9973333477973938,loss=0.012742998078465462>
12.7585 seconds
Tested. Sparse categorical accuracy: 15.00

round 14, metrics=<sparse_categorical_accuracy=0.996666669845581,loss=0.01970580406486988>
12.6712 seconds
Tested. Sparse categorical accuracy: 11.00

round 15, metrics=<sparse_categorical_accuracy=0.996666669845581,loss=0.010355695150792599>
12.7000 seconds
Tested. Sparse categorical accuracy: 9.00

round 16, metrics=<sparse_categorical_accuracy=0.9973333477973938,loss=0.018049871549010277>
12.3020 seconds
Tested. Sparse categorical accuracy: 13.00

round 17, metrics=<sparse_categorical_accuracy=0.996666669845581,loss=0.017122037708759308>
12.2522 seconds
Tested. Sparse categorical accuracy: 9.00

round 18, metrics=<sparse_categorical_accuracy=0.9980000257492065,loss=0.009306436404585838>
12.2666 seconds
Tested. Sparse categorical accuracy: 8.00

round 19, metrics=<sparse_categorical_accuracy=0.9973333477973938,loss=0.012500125914812088>
12.0911 seconds
Tested. Sparse categorical accuracy: 11.00

round 20, metrics=<sparse_categorical_accuracy=0.9973333477973938,loss=0.00945800170302391>
12.3195 seconds
Tested. Sparse categorical accuracy: 8.00

round 21, metrics=<sparse_categorical_accuracy=0.996666669845581,loss=0.012230319902300835>
12.1689 seconds
Tested. Sparse categorical accuracy: 12.00

round 22, metrics=<sparse_categorical_accuracy=0.996666669845581,loss=0.01608538255095482>
11.9131 seconds
Tested. Sparse categorical accuracy: 13.00

round 23, metrics=<sparse_categorical_accuracy=0.996666669845581,loss=0.01591496542096138>
11.8317 seconds
Tested. Sparse categorical accuracy: 9.00

round 24, metrics=<sparse_categorical_accuracy=0.9973333477973938,loss=0.013115286827087402>
11.6630 seconds
Tested. Sparse categorical accuracy: 9.00

round 25, metrics=<sparse_categorical_accuracy=0.9973333477973938,loss=0.01067384984344244>
11.9137 seconds
Tested. Sparse categorical accuracy: 9.00

round 26, metrics=<sparse_categorical_accuracy=0.9973333477973938,loss=0.01301669329404831>
11.9037 seconds
Tested. Sparse categorical accuracy: 10.00

round 27, metrics=<sparse_categorical_accuracy=0.9973333477973938,loss=0.019992100074887276>
11.9017 seconds
Tested. Sparse categorical accuracy: 8.00

round 28, metrics=<sparse_categorical_accuracy=0.996666669845581,loss=0.008015144616365433>
12.4513 seconds
Tested. Sparse categorical accuracy: 20.00

round 29, metrics=<sparse_categorical_accuracy=0.9977333545684814,loss=0.005637097172439098>
12.1962 seconds
Tested. Sparse categorical accuracy: 14.00

round 30, metrics=<sparse_categorical_accuracy=0.9980000257492065,loss=0.012308338657021523>
11.5787 seconds
Tested. Sparse categorical accuracy: 11.00

round 31, metrics=<sparse_categorical_accuracy=0.9973333477973938,loss=0.011555797420442104>
12.1736 seconds
Tested. Sparse categorical accuracy: 9.00

round 32, metrics=<sparse_categorical_accuracy=0.9973333477973938,loss=0.015071793459355831>
11.8376 seconds
Tested. Sparse categorical accuracy: 9.00

round 33, metrics=<sparse_categorical_accuracy=0.9973333477973938,loss=0.012896752916276455>
12.0219 seconds
Tested. Sparse categorical accuracy: 15.00

round 34, metrics=<sparse_categorical_accuracy=0.996666669845581,loss=0.019754229113459587>
11.7956 seconds
Tested. Sparse categorical accuracy: 6.00

round 35, metrics=<sparse_categorical_accuracy=0.996666669845581,loss=0.010396427474915981>
11.8749 seconds
Tested. Sparse categorical accuracy: 5.00

round 36, metrics=<sparse_categorical_accuracy=0.9973333477973938,loss=0.017475882545113564>
12.2869 seconds
Tested. Sparse categorical accuracy: 13.00

round 37, metrics=<sparse_categorical_accuracy=0.996666669845581,loss=0.0166078619658947>
12.1649 seconds
Tested. Sparse categorical accuracy: 6.00

round 38, metrics=<sparse_categorical_accuracy=0.9980000257492065,loss=0.00934512447565794>
12.2514 seconds
Tested. Sparse categorical accuracy: 10.00

round 39, metrics=<sparse_categorical_accuracy=0.9973333477973938,loss=0.012438803911209106>
11.8117 seconds
Tested. Sparse categorical accuracy: 12.00

round 40, metrics=<sparse_categorical_accuracy=0.9973333477973938,loss=0.009069454856216908>
12.2842 seconds
Tested. Sparse categorical accuracy: 5.00

round 41, metrics=<sparse_categorical_accuracy=0.996666669845581,loss=0.01094729546457529>
12.0710 seconds
Tested. Sparse categorical accuracy: 7.00

round 42, metrics=<sparse_categorical_accuracy=0.996666669845581,loss=0.015486850403249264>
11.9180 seconds
Tested. Sparse categorical accuracy: 8.00

round 43, metrics=<sparse_categorical_accuracy=0.996666669845581,loss=0.015068979933857918>
12.0841 seconds
Tested. Sparse categorical accuracy: 11.00

round 44, metrics=<sparse_categorical_accuracy=0.9973333477973938,loss=0.01277246605604887>
11.6917 seconds
Tested. Sparse categorical accuracy: 8.00

round 45, metrics=<sparse_categorical_accuracy=0.9973333477973938,loss=0.01046028546988964>
12.0237 seconds
Tested. Sparse categorical accuracy: 9.00

round 46, metrics=<sparse_categorical_accuracy=0.9973333477973938,loss=0.012846577912569046>
11.8444 seconds
Tested. Sparse categorical accuracy: 15.00

round 47, metrics=<sparse_categorical_accuracy=0.9973333477973938,loss=0.01842472516000271>
12.0524 seconds
Tested. Sparse categorical accuracy: 18.00

round 48, metrics=<sparse_categorical_accuracy=0.9976000189781189,loss=0.007825953885912895>
12.1150 seconds
Tested. Sparse categorical accuracy: 10.00

round 49, metrics=<sparse_categorical_accuracy=0.9973333477973938,loss=0.005562656559050083>
11.6927 seconds
Tested. Sparse categorical accuracy: 19.00

round 50, metrics=<sparse_categorical_accuracy=0.9979333281517029,loss=0.012315825559198856>
12.0214 seconds
Tested. Sparse categorical accuracy: 13.00

round 51, metrics=<sparse_categorical_accuracy=0.9973333477973938,loss=0.011298803612589836>
11.9302 seconds
Tested. Sparse categorical accuracy: 9.00

round 52, metrics=<sparse_categorical_accuracy=0.9973333477973938,loss=0.01486707478761673>
12.0128 seconds
Tested. Sparse categorical accuracy: 9.00

round 53, metrics=<sparse_categorical_accuracy=0.9973333477973938,loss=0.012818395160138607>
12.1432 seconds
Tested. Sparse categorical accuracy: 12.00

round 54, metrics=<sparse_categorical_accuracy=0.996666669845581,loss=0.01942606084048748>
11.8203 seconds
Tested. Sparse categorical accuracy: 13.00

round 55, metrics=<sparse_categorical_accuracy=0.996666669845581,loss=0.010246471501886845>
12.3505 seconds
Tested. Sparse categorical accuracy: 9.00

round 56, metrics=<sparse_categorical_accuracy=0.9973333477973938,loss=0.017157645896077156>
11.7109 seconds
Tested. Sparse categorical accuracy: 9.00

round 57, metrics=<sparse_categorical_accuracy=0.996666669845581,loss=0.016206657513976097>
11.7836 seconds
Tested. Sparse categorical accuracy: 16.00

round 58, metrics=<sparse_categorical_accuracy=0.9980000257492065,loss=0.008980871178209782>
11.7187 seconds
Tested. Sparse categorical accuracy: 11.00

round 59, metrics=<sparse_categorical_accuracy=0.9973333477973938,loss=0.012176429852843285>
11.9991 seconds
Tested. Sparse categorical accuracy: 13.00

round 60, metrics=<sparse_categorical_accuracy=0.9973333477973938,loss=0.008659915998578072>
12.2936 seconds
Tested. Sparse categorical accuracy: 13.00

round 61, metrics=<sparse_categorical_accuracy=0.996666669845581,loss=0.010415317490696907>
11.9083 seconds
Tested. Sparse categorical accuracy: 7.00

round 62, metrics=<sparse_categorical_accuracy=0.996666669845581,loss=0.01481802947819233>
12.4439 seconds
Tested. Sparse categorical accuracy: 13.00

round 63, metrics=<sparse_categorical_accuracy=0.996666669845581,loss=0.013814629055559635>
11.7518 seconds
Tested. Sparse categorical accuracy: 13.00

round 64, metrics=<sparse_categorical_accuracy=0.9973333477973938,loss=0.012256959453225136>
11.9147 seconds
Tested. Sparse categorical accuracy: 16.00

round 65, metrics=<sparse_categorical_accuracy=0.9973333477973938,loss=0.010009674355387688>
11.6220 seconds
Tested. Sparse categorical accuracy: 6.00

round 66, metrics=<sparse_categorical_accuracy=0.9973333477973938,loss=0.011911301873624325>
11.6218 seconds
Tested. Sparse categorical accuracy: 10.00

round 67, metrics=<sparse_categorical_accuracy=0.9973333477973938,loss=0.017102960497140884>
11.5962 seconds
Tested. Sparse categorical accuracy: 20.00

round 68, metrics=<sparse_categorical_accuracy=0.9980000257492065,loss=0.006811374798417091>
11.5203 seconds
Tested. Sparse categorical accuracy: 33.00

round 69, metrics=<sparse_categorical_accuracy=0.9990666508674622,loss=0.004786429926753044>
11.7220 seconds
Tested. Sparse categorical accuracy: 24.00

round 70, metrics=<sparse_categorical_accuracy=0.9975333213806152,loss=0.01162766758352518>
11.8531 seconds
Tested. Sparse categorical accuracy: 14.00

round 71, metrics=<sparse_categorical_accuracy=0.9973333477973938,loss=0.009807337075471878>
11.3374 seconds
Tested. Sparse categorical accuracy: 10.00

round 72, metrics=<sparse_categorical_accuracy=0.9973333477973938,loss=0.013292546384036541>
11.6214 seconds
Tested. Sparse categorical accuracy: 9.00

round 73, metrics=<sparse_categorical_accuracy=0.9973333477973938,loss=0.010150627233088017>
11.9212 seconds
Tested. Sparse categorical accuracy: 14.00

round 74, metrics=<sparse_categorical_accuracy=0.996666669845581,loss=0.01417594589293003>
11.3651 seconds
Tested. Sparse categorical accuracy: 8.00

round 75, metrics=<sparse_categorical_accuracy=0.9967333078384399,loss=0.007584048435091972>
11.6164 seconds
Tested. Sparse categorical accuracy: 19.00

round 76, metrics=<sparse_categorical_accuracy=0.9973333477973938,loss=0.014558178372681141>
11.6280 seconds
Tested. Sparse categorical accuracy: 14.00

round 77, metrics=<sparse_categorical_accuracy=0.996666669845581,loss=0.011656038463115692>
11.8213 seconds
Tested. Sparse categorical accuracy: 14.00

round 78, metrics=<sparse_categorical_accuracy=0.9981333613395691,loss=0.0058126444928348064>
11.8971 seconds
Tested. Sparse categorical accuracy: 34.00

round 79, metrics=<sparse_categorical_accuracy=0.9973333477973938,loss=0.006625378038734198>
11.5084 seconds
Tested. Sparse categorical accuracy: 38.00

round 80, metrics=<sparse_categorical_accuracy=0.9990666508674622,loss=0.00418450403958559>
11.7324 seconds
Tested. Sparse categorical accuracy: 40.00

round 81, metrics=<sparse_categorical_accuracy=0.9983333349227905,loss=0.005165757145732641>
11.4431 seconds
Tested. Sparse categorical accuracy: 38.00

round 82, metrics=<sparse_categorical_accuracy=0.9977999925613403,loss=0.005598375108093023>
11.2821 seconds
Tested. Sparse categorical accuracy: 16.00

round 83, metrics=<sparse_categorical_accuracy=0.9970666766166687,loss=0.010323744267225266>
11.5126 seconds
Tested. Sparse categorical accuracy: 37.00

round 84, metrics=<sparse_categorical_accuracy=0.9973333477973938,loss=0.012518488802015781>
11.4230 seconds
Tested. Sparse categorical accuracy: 37.00

round 85, metrics=<sparse_categorical_accuracy=0.9977333545684814,loss=0.0071860202588140965>
11.6591 seconds
Tested. Sparse categorical accuracy: 20.00

round 86, metrics=<sparse_categorical_accuracy=0.9980000257492065,loss=0.007347276899963617>
11.4473 seconds
Tested. Sparse categorical accuracy: 28.00

round 87, metrics=<sparse_categorical_accuracy=0.9976666569709778,loss=0.011663160286843777>
11.6497 seconds
Tested. Sparse categorical accuracy: 21.00

round 88, metrics=<sparse_categorical_accuracy=0.9980000257492065,loss=0.0063670664094388485>
11.3547 seconds
Tested. Sparse categorical accuracy: 43.00

round 89, metrics=<sparse_categorical_accuracy=0.9990666508674622,loss=0.0029243926983326674>
11.4421 seconds
Tested. Sparse categorical accuracy: 50.00

round 90, metrics=<sparse_categorical_accuracy=0.9979333281517029,loss=0.0077006020583212376>
11.5577 seconds
Tested. Sparse categorical accuracy: 55.00

round 91, metrics=<sparse_categorical_accuracy=0.9984666705131531,loss=0.004235654603689909>
11.3126 seconds
Tested. Sparse categorical accuracy: 32.00

round 92, metrics=<sparse_categorical_accuracy=0.9973333477973938,loss=0.00729782972484827>
11.4493 seconds
Tested. Sparse categorical accuracy: 37.00

round 93, metrics=<sparse_categorical_accuracy=0.9980000257492065,loss=0.006731037516146898>
11.6452 seconds
Tested. Sparse categorical accuracy: 40.00

round 94, metrics=<sparse_categorical_accuracy=0.9977333545684814,loss=0.005722675938159227>
11.3220 seconds
Tested. Sparse categorical accuracy: 30.00

round 95, metrics=<sparse_categorical_accuracy=0.9976000189781189,loss=0.006225991528481245>
11.6434 seconds
Tested. Sparse categorical accuracy: 40.00

round 96, metrics=<sparse_categorical_accuracy=0.9977999925613403,loss=0.007156643085181713>
11.3561 seconds
Tested. Sparse categorical accuracy: 40.00

round 97, metrics=<sparse_categorical_accuracy=0.998533308506012,loss=0.00430051377043128>
11.2420 seconds
Tested. Sparse categorical accuracy: 52.00

round 98, metrics=<sparse_categorical_accuracy=0.9984666705131531,loss=0.004651254042983055>
11.4242 seconds
Tested. Sparse categorical accuracy: 51.00

round 99, metrics=<sparse_categorical_accuracy=0.9988666772842407,loss=0.003057383233681321>
11.2327 seconds
Tested. Sparse categorical accuracy: 47.00

round 100, metrics=<sparse_categorical_accuracy=0.9992666840553284,loss=0.0022441165056079626>
11.4623 seconds
Tested. Sparse categorical accuracy: 49.00

round 101, metrics=<sparse_categorical_accuracy=0.9983999729156494,loss=0.004799054004251957>
11.2189 seconds
Tested. Sparse categorical accuracy: 55.00

round 102, metrics=<sparse_categorical_accuracy=0.9992666840553284,loss=0.0029350891709327698>
11.7119 seconds
Tested. Sparse categorical accuracy: 49.00

round 103, metrics=<sparse_categorical_accuracy=0.9987999796867371,loss=0.0038341451436281204>
11.2817 seconds
Tested. Sparse categorical accuracy: 55.00

round 104, metrics=<sparse_categorical_accuracy=0.9982666373252869,loss=0.006184515543282032>
11.1450 seconds
Tested. Sparse categorical accuracy: 62.00

round 105, metrics=<sparse_categorical_accuracy=0.9982666373252869,loss=0.004474986810237169>
11.4375 seconds
Tested. Sparse categorical accuracy: 46.00

round 106, metrics=<sparse_categorical_accuracy=0.998533308506012,loss=0.0051560308784246445>
11.4412 seconds
Tested. Sparse categorical accuracy: 49.00

round 107, metrics=<sparse_categorical_accuracy=0.9982666373252869,loss=0.00563163822516799>
11.2375 seconds
Tested. Sparse categorical accuracy: 50.00

round 108, metrics=<sparse_categorical_accuracy=0.9989333152770996,loss=0.004995265509933233>
11.4430 seconds
Tested. Sparse categorical accuracy: 59.00

round 109, metrics=<sparse_categorical_accuracy=0.9995999932289124,loss=0.002034269506111741>
11.6558 seconds
Tested. Sparse categorical accuracy: 56.00

round 110, metrics=<sparse_categorical_accuracy=0.9984666705131531,loss=0.004151769448071718>
11.1952 seconds
Tested. Sparse categorical accuracy: 67.00

round 111, metrics=<sparse_categorical_accuracy=0.9994000196456909,loss=0.002230543177574873>
11.4529 seconds
Tested. Sparse categorical accuracy: 53.00

round 112, metrics=<sparse_categorical_accuracy=0.9986000061035156,loss=0.0033725963439792395>
11.1874 seconds
Tested. Sparse categorical accuracy: 57.00

round 113, metrics=<sparse_categorical_accuracy=0.9987999796867371,loss=0.003986642230302095>
11.3334 seconds
Tested. Sparse categorical accuracy: 60.00

round 114, metrics=<sparse_categorical_accuracy=0.9987999796867371,loss=0.0029954062774777412>
11.3758 seconds
Tested. Sparse categorical accuracy: 59.00

round 115, metrics=<sparse_categorical_accuracy=0.9992666840553284,loss=0.002765469718724489>
11.3142 seconds
Tested. Sparse categorical accuracy: 65.00

round 116, metrics=<sparse_categorical_accuracy=0.9993333220481873,loss=0.002226692158728838>
11.6403 seconds
Tested. Sparse categorical accuracy: 51.00

round 117, metrics=<sparse_categorical_accuracy=0.9987333416938782,loss=0.002856117906048894>
11.3642 seconds
Tested. Sparse categorical accuracy: 54.00

round 118, metrics=<sparse_categorical_accuracy=0.9987333416938782,loss=0.0037158578634262085>
11.2265 seconds
Tested. Sparse categorical accuracy: 62.00

round 119, metrics=<sparse_categorical_accuracy=0.9991999864578247,loss=0.0022921827621757984>
11.0133 seconds
Tested. Sparse categorical accuracy: 66.00

round 120, metrics=<sparse_categorical_accuracy=0.9995333552360535,loss=0.0015127841616049409>
11.3057 seconds
Tested. Sparse categorical accuracy: 67.00

round 121, metrics=<sparse_categorical_accuracy=0.9986666440963745,loss=0.003316310467198491>
11.4854 seconds
Tested. Sparse categorical accuracy: 57.00

round 122, metrics=<sparse_categorical_accuracy=0.9993333220481873,loss=0.0031049291137605906>
11.0352 seconds
Tested. Sparse categorical accuracy: 58.00

round 123, metrics=<sparse_categorical_accuracy=0.9991333484649658,loss=0.0024099277798086405>
11.4177 seconds
Tested. Sparse categorical accuracy: 66.00

round 124, metrics=<sparse_categorical_accuracy=0.9987999796867371,loss=0.0036103390157222748>
11.3717 seconds
Tested. Sparse categorical accuracy: 75.00

round 125, metrics=<sparse_categorical_accuracy=0.9989333152770996,loss=0.0033134599216282368>
10.9753 seconds
Tested. Sparse categorical accuracy: 78.00

round 126, metrics=<sparse_categorical_accuracy=0.9991999864578247,loss=0.0024884985759854317>
11.3189 seconds
Tested. Sparse categorical accuracy: 67.00

round 127, metrics=<sparse_categorical_accuracy=0.9988666772842407,loss=0.003415264654904604>
10.7643 seconds
Tested. Sparse categorical accuracy: 56.00

round 128, metrics=<sparse_categorical_accuracy=0.9988666772842407,loss=0.0032676158007234335>
11.4571 seconds
Tested. Sparse categorical accuracy: 71.00

round 129, metrics=<sparse_categorical_accuracy=0.9990666508674622,loss=0.0034200202208012342>
11.0900 seconds
Tested. Sparse categorical accuracy: 78.00

round 130, metrics=<sparse_categorical_accuracy=0.9994000196456909,loss=0.002385906409472227>
11.2861 seconds
Tested. Sparse categorical accuracy: 76.00

round 131, metrics=<sparse_categorical_accuracy=0.9994666576385498,loss=0.001698817010037601>
11.0901 seconds
Tested. Sparse categorical accuracy: 65.00

round 132, metrics=<sparse_categorical_accuracy=0.9994666576385498,loss=0.001698494772426784>
10.6884 seconds
Tested. Sparse categorical accuracy: 84.00

round 133, metrics=<sparse_categorical_accuracy=0.9991333484649658,loss=0.002948929090052843>
11.0427 seconds
Tested. Sparse categorical accuracy: 73.00

round 134, metrics=<sparse_categorical_accuracy=0.9993333220481873,loss=0.0022630600724369287>
10.5541 seconds
Tested. Sparse categorical accuracy: 84.00

round 135, metrics=<sparse_categorical_accuracy=0.9994000196456909,loss=0.0021500643342733383>
11.0224 seconds
Tested. Sparse categorical accuracy: 78.00

round 136, metrics=<sparse_categorical_accuracy=0.9995333552360535,loss=0.002022872678935528>
10.9044 seconds
Tested. Sparse categorical accuracy: 76.00

round 137, metrics=<sparse_categorical_accuracy=0.9993333220481873,loss=0.0018237207550555468>
10.9375 seconds
Tested. Sparse categorical accuracy: 72.00

round 138, metrics=<sparse_categorical_accuracy=0.9991333484649658,loss=0.0027727519627660513>
11.0266 seconds
Tested. Sparse categorical accuracy: 81.00

round 139, metrics=<sparse_categorical_accuracy=0.9994666576385498,loss=0.001512030023150146>
10.5785 seconds
Tested. Sparse categorical accuracy: 74.00

round 140, metrics=<sparse_categorical_accuracy=0.9994666576385498,loss=0.001396202016621828>
10.8304 seconds
Tested. Sparse categorical accuracy: 68.00

round 141, metrics=<sparse_categorical_accuracy=0.9991333484649658,loss=0.0028467292431741953>
10.4928 seconds
Tested. Sparse categorical accuracy: 75.00

round 142, metrics=<sparse_categorical_accuracy=0.9991999864578247,loss=0.0030576707795262337>
10.8999 seconds
Tested. Sparse categorical accuracy: 67.00

round 143, metrics=<sparse_categorical_accuracy=0.9993333220481873,loss=0.0022565191611647606>
10.8201 seconds
Tested. Sparse categorical accuracy: 73.00

round 144, metrics=<sparse_categorical_accuracy=0.9994000196456909,loss=0.0023823606316000223>
10.4939 seconds
Tested. Sparse categorical accuracy: 82.00

round 145, metrics=<sparse_categorical_accuracy=0.9991333484649658,loss=0.001954194623976946>
10.6384 seconds
Tested. Sparse categorical accuracy: 74.00

round 146, metrics=<sparse_categorical_accuracy=0.9991999864578247,loss=0.0021361138205975294>
10.5406 seconds
Tested. Sparse categorical accuracy: 71.00

round 147, metrics=<sparse_categorical_accuracy=0.9987333416938782,loss=0.003246207721531391>
10.6998 seconds
Tested. Sparse categorical accuracy: 66.00

round 148, metrics=<sparse_categorical_accuracy=0.9989333152770996,loss=0.0022088526748120785>
10.6081 seconds
Tested. Sparse categorical accuracy: 79.00

round 149, metrics=<sparse_categorical_accuracy=0.9995333552360535,loss=0.0022623890545219183>
10.8242 seconds
Tested. Sparse categorical accuracy: 80.00

round 150, metrics=<sparse_categorical_accuracy=0.9995333552360535,loss=0.0018131191609427333>
10.4737 seconds
Tested. Sparse categorical accuracy: 81.00

round 151, metrics=<sparse_categorical_accuracy=0.9995333552360535,loss=0.0013593656476587057>
10.3011 seconds
Tested. Sparse categorical accuracy: 74.00

round 152, metrics=<sparse_categorical_accuracy=0.999666690826416,loss=0.0013103585224598646>
10.6202 seconds
Tested. Sparse categorical accuracy: 80.00

round 153, metrics=<sparse_categorical_accuracy=0.9993333220481873,loss=0.00264049437828362>
10.4175 seconds
Tested. Sparse categorical accuracy: 78.00

round 154, metrics=<sparse_categorical_accuracy=0.9990666508674622,loss=0.002417534589767456>
10.3583 seconds
Tested. Sparse categorical accuracy: 80.00

round 155, metrics=<sparse_categorical_accuracy=0.999666690826416,loss=0.0011877903016284108>
10.3739 seconds
Tested. Sparse categorical accuracy: 91.00

round 156, metrics=<sparse_categorical_accuracy=0.9994000196456909,loss=0.0019333715317770839>
10.6075 seconds
Tested. Sparse categorical accuracy: 75.00

round 157, metrics=<sparse_categorical_accuracy=0.9997333288192749,loss=0.0010866319062188268>
10.7205 seconds
Tested. Sparse categorical accuracy: 85.00

round 158, metrics=<sparse_categorical_accuracy=0.9995999932289124,loss=0.0014768581604585052>
10.5562 seconds
Tested. Sparse categorical accuracy: 83.00

round 159, metrics=<sparse_categorical_accuracy=0.9993333220481873,loss=0.0013516684994101524>
10.2862 seconds
Tested. Sparse categorical accuracy: 73.00

round 160, metrics=<sparse_categorical_accuracy=0.9995999932289124,loss=0.0011185196926817298>
10.6021 seconds
Tested. Sparse categorical accuracy: 73.00

round 161, metrics=<sparse_categorical_accuracy=0.9990000128746033,loss=0.003024314297363162>
10.3704 seconds
Tested. Sparse categorical accuracy: 74.00

round 162, metrics=<sparse_categorical_accuracy=0.9994000196456909,loss=0.0015378554817289114>
10.5076 seconds
Tested. Sparse categorical accuracy: 72.00

round 163, metrics=<sparse_categorical_accuracy=0.9992666840553284,loss=0.0022223915439099073>
10.1896 seconds
Tested. Sparse categorical accuracy: 80.00

round 164, metrics=<sparse_categorical_accuracy=0.9994000196456909,loss=0.002523604081943631>
10.2000 seconds
Tested. Sparse categorical accuracy: 80.00

round 165, metrics=<sparse_categorical_accuracy=0.9990666508674622,loss=0.0025148289278149605>
10.1487 seconds
Tested. Sparse categorical accuracy: 83.00

round 166, metrics=<sparse_categorical_accuracy=0.9995333552360535,loss=0.00155781046487391>
10.2182 seconds
Tested. Sparse categorical accuracy: 91.00

round 167, metrics=<sparse_categorical_accuracy=0.9987999796867371,loss=0.0029454738833010197>
10.7708 seconds
Tested. Sparse categorical accuracy: 76.00

round 168, metrics=<sparse_categorical_accuracy=0.9990666508674622,loss=0.005632746499031782>
10.4525 seconds
Tested. Sparse categorical accuracy: 71.00

round 169, metrics=<sparse_categorical_accuracy=0.9992666840553284,loss=0.002727355109527707>
10.7003 seconds
Tested. Sparse categorical accuracy: 83.00

round 170, metrics=<sparse_categorical_accuracy=0.9998000264167786,loss=0.001310086576268077>
10.3888 seconds
Tested. Sparse categorical accuracy: 87.00

round 171, metrics=<sparse_categorical_accuracy=0.999666690826416,loss=0.0011849130969494581>
10.6134 seconds
Tested. Sparse categorical accuracy: 80.00

round 172, metrics=<sparse_categorical_accuracy=0.999666690826416,loss=0.001240796991623938>
10.6412 seconds
Tested. Sparse categorical accuracy: 84.00

round 173, metrics=<sparse_categorical_accuracy=0.9994666576385498,loss=0.0016891831764951348>
10.2569 seconds
Tested. Sparse categorical accuracy: 89.00

round 174, metrics=<sparse_categorical_accuracy=0.999666690826416,loss=0.0018168730894103646>
10.3960 seconds
Tested. Sparse categorical accuracy: 92.00

round 175, metrics=<sparse_categorical_accuracy=0.999666690826416,loss=0.0012123658088967204>
10.4346 seconds
Tested. Sparse categorical accuracy: 79.00

round 176, metrics=<sparse_categorical_accuracy=0.9995999932289124,loss=0.0015873595839366317>
10.3685 seconds
Tested. Sparse categorical accuracy: 87.00

round 177, metrics=<sparse_categorical_accuracy=0.9995333552360535,loss=0.0013080962235108018>
10.4966 seconds
Tested. Sparse categorical accuracy: 85.00

round 178, metrics=<sparse_categorical_accuracy=0.9995999932289124,loss=0.0015200332272797823>
10.2859 seconds
Tested. Sparse categorical accuracy: 94.00

round 179, metrics=<sparse_categorical_accuracy=0.9998000264167786,loss=0.0009484392940066755>
10.4944 seconds
Tested. Sparse categorical accuracy: 94.00

round 180, metrics=<sparse_categorical_accuracy=0.999666690826416,loss=0.000841179396957159>
10.4080 seconds
Tested. Sparse categorical accuracy: 86.00

round 181, metrics=<sparse_categorical_accuracy=0.9995333552360535,loss=0.0013668583706021309>
10.5609 seconds
Tested. Sparse categorical accuracy: 85.00

round 182, metrics=<sparse_categorical_accuracy=0.9995333552360535,loss=0.001340719754807651>
10.7381 seconds
Tested. Sparse categorical accuracy: 72.00

round 183, metrics=<sparse_categorical_accuracy=0.9995999932289124,loss=0.0017033490585163236>
10.4831 seconds
Tested. Sparse categorical accuracy: 88.00

round 184, metrics=<sparse_categorical_accuracy=0.9994666576385498,loss=0.0012746143620461226>
10.5392 seconds
Tested. Sparse categorical accuracy: 68.00

round 185, metrics=<sparse_categorical_accuracy=0.9992666840553284,loss=0.0016335919499397278>
10.0585 seconds
Tested. Sparse categorical accuracy: 73.00

round 186, metrics=<sparse_categorical_accuracy=0.9992666840553284,loss=0.0018699836218729615>
10.6750 seconds
Tested. Sparse categorical accuracy: 74.00

round 187, metrics=<sparse_categorical_accuracy=0.9989333152770996,loss=0.0032567568123340607>
10.4620 seconds
Tested. Sparse categorical accuracy: 67.00

round 188, metrics=<sparse_categorical_accuracy=0.9990666508674622,loss=0.0025750440545380116>
10.7565 seconds
Tested. Sparse categorical accuracy: 83.00

round 189, metrics=<sparse_categorical_accuracy=0.9991999864578247,loss=0.0023541462142020464>
10.3335 seconds
Tested. Sparse categorical accuracy: 83.00

round 190, metrics=<sparse_categorical_accuracy=0.9993333220481873,loss=0.0016500987112522125>
10.5717 seconds
Tested. Sparse categorical accuracy: 87.00

round 191, metrics=<sparse_categorical_accuracy=0.9998000264167786,loss=0.0008148842607624829>
10.7740 seconds
Tested. Sparse categorical accuracy: 72.00

round 192, metrics=<sparse_categorical_accuracy=0.999666690826416,loss=0.0010575808119028807>
10.5001 seconds
Tested. Sparse categorical accuracy: 90.00

round 193, metrics=<sparse_categorical_accuracy=0.9990666508674622,loss=0.003153556725010276>
10.2437 seconds
Tested. Sparse categorical accuracy: 83.00

round 194, metrics=<sparse_categorical_accuracy=0.9995999932289124,loss=0.0014879415975883603>
10.2924 seconds
Tested. Sparse categorical accuracy: 84.00

round 195, metrics=<sparse_categorical_accuracy=0.9995333552360535,loss=0.0012147523229941726>
10.3869 seconds
Tested. Sparse categorical accuracy: 91.00

round 196, metrics=<sparse_categorical_accuracy=0.9997333288192749,loss=0.0011477702064439654>
10.7880 seconds
Tested. Sparse categorical accuracy: 90.00

round 197, metrics=<sparse_categorical_accuracy=0.9992666840553284,loss=0.001445764908567071>
10.5490 seconds
Tested. Sparse categorical accuracy: 90.00

round 198, metrics=<sparse_categorical_accuracy=0.9993333220481873,loss=0.002493025967851281>
10.3456 seconds
Tested. Sparse categorical accuracy: 85.00

round 199, metrics=<sparse_categorical_accuracy=0.9994000196456909,loss=0.001845192746259272>
10.6037 seconds
Tested. Sparse categorical accuracy: 84.00

round 200, metrics=<sparse_categorical_accuracy=0.9998000264167786,loss=0.0008074225625023246>
10.2141 seconds
Tested. Sparse categorical accuracy: 87.00

round 201, metrics=<sparse_categorical_accuracy=0.9992666840553284,loss=0.00235264771617949>
10.6113 seconds
Tested. Sparse categorical accuracy: 87.00

round 202, metrics=<sparse_categorical_accuracy=0.999666690826416,loss=0.0011877010110765696>
10.8122 seconds
Tested. Sparse categorical accuracy: 85.00

round 203, metrics=<sparse_categorical_accuracy=0.9998666644096375,loss=0.0007138074142858386>
10.6493 seconds
Tested. Sparse categorical accuracy: 93.00

round 204, metrics=<sparse_categorical_accuracy=0.9998000264167786,loss=0.0010224345605820417>
10.2914 seconds
Tested. Sparse categorical accuracy: 90.00

round 205, metrics=<sparse_categorical_accuracy=0.9993333220481873,loss=0.00170141679700464>
10.6515 seconds
Tested. Sparse categorical accuracy: 84.00

round 206, metrics=<sparse_categorical_accuracy=0.9994000196456909,loss=0.0013566248817369342>
10.4743 seconds
Tested. Sparse categorical accuracy: 87.00

round 207, metrics=<sparse_categorical_accuracy=0.9987333416938782,loss=0.004491058643907309>
10.3617 seconds
Tested. Sparse categorical accuracy: 68.00

round 208, metrics=<sparse_categorical_accuracy=0.9992666840553284,loss=0.002441731281578541>
10.4779 seconds
Tested. Sparse categorical accuracy: 81.00

round 209, metrics=<sparse_categorical_accuracy=0.9993333220481873,loss=0.002045864937826991>
10.7125 seconds
Tested. Sparse categorical accuracy: 84.00

round 210, metrics=<sparse_categorical_accuracy=0.9995333552360535,loss=0.0012643046211451292>
10.4551 seconds
Tested. Sparse categorical accuracy: 83.00

round 211, metrics=<sparse_categorical_accuracy=0.9998666644096375,loss=0.0006480456795543432>
10.5689 seconds
Tested. Sparse categorical accuracy: 81.00

round 212, metrics=<sparse_categorical_accuracy=0.9994000196456909,loss=0.002156782429665327>
10.5637 seconds
Tested. Sparse categorical accuracy: 85.00

round 213, metrics=<sparse_categorical_accuracy=0.999666690826416,loss=0.0017898373771458864>
10.3189 seconds
Tested. Sparse categorical accuracy: 92.00

round 214, metrics=<sparse_categorical_accuracy=0.9994666576385498,loss=0.0017796838656067848>
10.5245 seconds
Tested. Sparse categorical accuracy: 89.00

round 215, metrics=<sparse_categorical_accuracy=0.9998666644096375,loss=0.0006861196015961468>
10.0800 seconds
Tested. Sparse categorical accuracy: 91.00

round 216, metrics=<sparse_categorical_accuracy=0.9998000264167786,loss=0.001260960940271616>
10.3450 seconds
Tested. Sparse categorical accuracy: 86.00

round 217, metrics=<sparse_categorical_accuracy=0.9998666644096375,loss=0.000652691931463778>
10.2675 seconds
Tested. Sparse categorical accuracy: 94.00

round 218, metrics=<sparse_categorical_accuracy=0.9998000264167786,loss=0.0008183580939657986>
10.3446 seconds
Tested. Sparse categorical accuracy: 91.00

round 219, metrics=<sparse_categorical_accuracy=0.9998666644096375,loss=0.0006414216477423906>
10.2115 seconds
Tested. Sparse categorical accuracy: 90.00

round 220, metrics=<sparse_categorical_accuracy=0.9998666644096375,loss=0.0007668391335755587>
10.3463 seconds
Tested. Sparse categorical accuracy: 92.00

round 221, metrics=<sparse_categorical_accuracy=0.9997333288192749,loss=0.0011466739233583212>
10.4747 seconds
Tested. Sparse categorical accuracy: 89.00

round 222, metrics=<sparse_categorical_accuracy=0.999666690826416,loss=0.0012500674929469824>
10.5761 seconds
Tested. Sparse categorical accuracy: 75.00

round 223, metrics=<sparse_categorical_accuracy=0.9995333552360535,loss=0.002192398998886347>
10.3226 seconds
Tested. Sparse categorical accuracy: 84.00

round 224, metrics=<sparse_categorical_accuracy=0.9992666840553284,loss=0.002331902738660574>
10.4513 seconds
Tested. Sparse categorical accuracy: 80.00

round 225, metrics=<sparse_categorical_accuracy=0.9993333220481873,loss=0.0021493658423423767>
10.6670 seconds
Tested. Sparse categorical accuracy: 85.00

round 226, metrics=<sparse_categorical_accuracy=0.999666690826416,loss=0.0008881909889169037>
10.1946 seconds
Tested. Sparse categorical accuracy: 88.00

round 227, metrics=<sparse_categorical_accuracy=0.9994666576385498,loss=0.001534932292997837>
10.3880 seconds
Tested. Sparse categorical accuracy: 79.00

round 228, metrics=<sparse_categorical_accuracy=0.9995999932289124,loss=0.001248554908670485>
10.4973 seconds
Tested. Sparse categorical accuracy: 88.00

round 229, metrics=<sparse_categorical_accuracy=0.9998000264167786,loss=0.0013568649301305413>
10.0520 seconds
Tested. Sparse categorical accuracy: 85.00

round 230, metrics=<sparse_categorical_accuracy=0.9998000264167786,loss=0.0008607033523730934>
10.2738 seconds
Tested. Sparse categorical accuracy: 82.00

round 231, metrics=<sparse_categorical_accuracy=0.9998666644096375,loss=0.0005893334746360779>
10.1005 seconds
Tested. Sparse categorical accuracy: 70.00

round 232, metrics=<sparse_categorical_accuracy=0.9995999932289124,loss=0.0016023919451981783>
10.3808 seconds
Tested. Sparse categorical accuracy: 89.00

round 233, metrics=<sparse_categorical_accuracy=0.9994666576385498,loss=0.002235491294413805>
10.0777 seconds
Tested. Sparse categorical accuracy: 86.00

round 234, metrics=<sparse_categorical_accuracy=0.9995999932289124,loss=0.0011168738128617406>
10.2687 seconds
Tested. Sparse categorical accuracy: 88.00

round 235, metrics=<sparse_categorical_accuracy=0.9995999932289124,loss=0.0021233714651316404>
10.6147 seconds
Tested. Sparse categorical accuracy: 92.00

round 236, metrics=<sparse_categorical_accuracy=0.9998666644096375,loss=0.0006962409825064242>
10.2549 seconds
Tested. Sparse categorical accuracy: 93.00

round 237, metrics=<sparse_categorical_accuracy=0.9999333620071411,loss=0.0006065908819437027>
10.3012 seconds
Tested. Sparse categorical accuracy: 93.00

round 238, metrics=<sparse_categorical_accuracy=0.999666690826416,loss=0.0009473948739469051>
10.1869 seconds
Tested. Sparse categorical accuracy: 96.00

round 239, metrics=<sparse_categorical_accuracy=0.9997333288192749,loss=0.001404870767146349>
10.2172 seconds
Tested. Sparse categorical accuracy: 92.00

round 240, metrics=<sparse_categorical_accuracy=0.999666690826416,loss=0.0009378372924402356>
10.0533 seconds
Tested. Sparse categorical accuracy: 94.00

round 241, metrics=<sparse_categorical_accuracy=0.9998000264167786,loss=0.0008167124469764531>
10.3122 seconds
Tested. Sparse categorical accuracy: 90.00

round 242, metrics=<sparse_categorical_accuracy=0.9997333288192749,loss=0.0008584134047850966>
10.3170 seconds
Tested. Sparse categorical accuracy: 94.00

round 243, metrics=<sparse_categorical_accuracy=0.9998000264167786,loss=0.0006364662549458444>
10.2736 seconds
Tested. Sparse categorical accuracy: 94.00

round 244, metrics=<sparse_categorical_accuracy=0.9994666576385498,loss=0.0011360857170075178>
10.3666 seconds
Tested. Sparse categorical accuracy: 94.00

round 245, metrics=<sparse_categorical_accuracy=0.9995333552360535,loss=0.0013065863167867064>
10.0894 seconds
Tested. Sparse categorical accuracy: 88.00

round 246, metrics=<sparse_categorical_accuracy=0.9995999932289124,loss=0.002032702323049307>
10.4169 seconds
Tested. Sparse categorical accuracy: 91.00

round 247, metrics=<sparse_categorical_accuracy=0.9997333288192749,loss=0.0009013659437187016>
10.1979 seconds
Tested. Sparse categorical accuracy: 93.00

round 248, metrics=<sparse_categorical_accuracy=0.9999333620071411,loss=0.00043022612226195633>
10.3386 seconds
Tested. Sparse categorical accuracy: 89.00

round 249, metrics=<sparse_categorical_accuracy=0.9998000264167786,loss=0.0012353432830423117>
10.4285 seconds
Tested. Sparse categorical accuracy: 92.00

round 250, metrics=<sparse_categorical_accuracy=0.9998000264167786,loss=0.001341192633844912>
10.5315 seconds
Tested. Sparse categorical accuracy: 90.00

Target accuracy reached after  250  rounds
Average time per round: 11.00

2020-05-04 21:37:03.659696
