
TENSORFLOW USERS:
You must use the python3.6-anaconda/5.2.0 module to run TensorFlow.
See https://arc-ts.umich.edu/greatlakes/software/tensorflow for more
information.



The following have been reloaded with a version change:
  1) cuda/10.0.130 => cuda/10.1.105


Currently Loaded Modules:
  1) python3.7-anaconda/2019.07   2) cudnn/10.0-v7.6   3) cuda/10.1.105

 

mkdir: cannot create directory ‘results/5944196’: File exists
mkdir: cannot create directory ‘results/5944196/log’: File exists
Test  174
2020-05-05 19:42:36.465167


Schema 1: Each client partially IID
--------------------------------------------------
percent data distributed IID:  0
number of classes for non-IID data:  2
data points per client (mean, std dev): ( 600 ,  0 )
--------------------------------------------------

round  1, metrics=<sparse_categorical_accuracy=0.9968000054359436,loss=0.025064513087272644>
48.5288 seconds
Tested. Sparse categorical accuracy: 9.00

round  2, metrics=<sparse_categorical_accuracy=0.9973733425140381,loss=0.008552562445402145>
43.8221 seconds
Tested. Sparse categorical accuracy: 6.00

round  3, metrics=<sparse_categorical_accuracy=0.9972000122070312,loss=0.011018960736691952>
43.4326 seconds
Tested. Sparse categorical accuracy: 10.00

round  4, metrics=<sparse_categorical_accuracy=0.9970666766166687,loss=0.010046379640698433>
40.2551 seconds
Tested. Sparse categorical accuracy: 7.00

round  5, metrics=<sparse_categorical_accuracy=0.9968000054359436,loss=0.010758793912827969>
40.2091 seconds
Tested. Sparse categorical accuracy: 11.00

round  6, metrics=<sparse_categorical_accuracy=0.9974666833877563,loss=0.01040111854672432>
45.2243 seconds
Tested. Sparse categorical accuracy: 9.00

round  7, metrics=<sparse_categorical_accuracy=0.9970666766166687,loss=0.009093709290027618>
39.8107 seconds
Tested. Sparse categorical accuracy: 6.00

round  8, metrics=<sparse_categorical_accuracy=0.9969333410263062,loss=0.009355143643915653>
45.1684 seconds
Tested. Sparse categorical accuracy: 9.00

round  9, metrics=<sparse_categorical_accuracy=0.9968000054359436,loss=0.009576322510838509>
40.0636 seconds
Tested. Sparse categorical accuracy: 29.00

round 10, metrics=<sparse_categorical_accuracy=0.9976666569709778,loss=0.008806993253529072>
43.5829 seconds
Tested. Sparse categorical accuracy: 12.00

round 11, metrics=<sparse_categorical_accuracy=0.9971866607666016,loss=0.008091647177934647>
39.2147 seconds
Tested. Sparse categorical accuracy: 15.00

round 12, metrics=<sparse_categorical_accuracy=0.9969333410263062,loss=0.008825736120343208>
46.5552 seconds
Tested. Sparse categorical accuracy: 7.00

round 13, metrics=<sparse_categorical_accuracy=0.9968000054359436,loss=0.010448223911225796>
38.6811 seconds
Tested. Sparse categorical accuracy: 12.00

round 14, metrics=<sparse_categorical_accuracy=0.9976933598518372,loss=0.008499633520841599>
45.6791 seconds
Tested. Sparse categorical accuracy: 21.00

round 15, metrics=<sparse_categorical_accuracy=0.9976000189781189,loss=0.00805635191500187>
39.5336 seconds
Tested. Sparse categorical accuracy: 12.00

round 16, metrics=<sparse_categorical_accuracy=0.9969333410263062,loss=0.008666221052408218>
43.1574 seconds
Tested. Sparse categorical accuracy: 8.00

round 17, metrics=<sparse_categorical_accuracy=0.9968000054359436,loss=0.009403735399246216>
45.2695 seconds
Tested. Sparse categorical accuracy: 18.00

round 18, metrics=<sparse_categorical_accuracy=0.9977066516876221,loss=0.007975498214364052>
46.9001 seconds
Tested. Sparse categorical accuracy: 15.00

round 19, metrics=<sparse_categorical_accuracy=0.9975600242614746,loss=0.007490654941648245>
46.5997 seconds
Tested. Sparse categorical accuracy: 17.00

round 20, metrics=<sparse_categorical_accuracy=0.997053325176239,loss=0.008100883103907108>
40.4278 seconds
Tested. Sparse categorical accuracy: 8.00

round 21, metrics=<sparse_categorical_accuracy=0.9968000054359436,loss=0.009110858663916588>
46.3649 seconds
Tested. Sparse categorical accuracy: 26.00

round 22, metrics=<sparse_categorical_accuracy=0.9978933334350586,loss=0.007399930618703365>
41.0402 seconds
Tested. Sparse categorical accuracy: 29.00

round 23, metrics=<sparse_categorical_accuracy=0.9979466795921326,loss=0.007151720579713583>
46.2515 seconds
Tested. Sparse categorical accuracy: 23.00

round 24, metrics=<sparse_categorical_accuracy=0.9973333477973938,loss=0.007603382226079702>
40.0267 seconds
Tested. Sparse categorical accuracy: 9.00

round 25, metrics=<sparse_categorical_accuracy=0.9971200227737427,loss=0.008009127341210842>
43.3821 seconds
Tested. Sparse categorical accuracy: 31.00

round 26, metrics=<sparse_categorical_accuracy=0.9981200098991394,loss=0.006480807904154062>
40.2725 seconds
Tested. Sparse categorical accuracy: 34.00

round 27, metrics=<sparse_categorical_accuracy=0.9979066848754883,loss=0.0067024827003479>
47.4129 seconds
Tested. Sparse categorical accuracy: 41.00

round 28, metrics=<sparse_categorical_accuracy=0.9974266886711121,loss=0.0075523690320551395>
42.7128 seconds
Tested. Sparse categorical accuracy: 21.00

round 29, metrics=<sparse_categorical_accuracy=0.9975600242614746,loss=0.00700853206217289>
40.0793 seconds
Tested. Sparse categorical accuracy: 40.00

round 30, metrics=<sparse_categorical_accuracy=0.99809330701828,loss=0.005612955894321203>
42.4324 seconds
Tested. Sparse categorical accuracy: 42.00

round 31, metrics=<sparse_categorical_accuracy=0.998520016670227,loss=0.0053351218812167645>
44.6176 seconds
Tested. Sparse categorical accuracy: 49.00

round 32, metrics=<sparse_categorical_accuracy=0.9982133507728577,loss=0.005534750875085592>
40.1334 seconds
Tested. Sparse categorical accuracy: 36.00

round 33, metrics=<sparse_categorical_accuracy=0.9974799752235413,loss=0.006585552357137203>
47.5226 seconds
Tested. Sparse categorical accuracy: 29.00

round 34, metrics=<sparse_categorical_accuracy=0.9978399872779846,loss=0.005946102552115917>
40.2103 seconds
Tested. Sparse categorical accuracy: 49.00

round 35, metrics=<sparse_categorical_accuracy=0.9980533123016357,loss=0.00591157516464591>
48.2525 seconds
Tested. Sparse categorical accuracy: 41.00

round 36, metrics=<sparse_categorical_accuracy=0.9980133175849915,loss=0.005553517956286669>
40.0652 seconds
Tested. Sparse categorical accuracy: 56.00

round 37, metrics=<sparse_categorical_accuracy=0.9986000061035156,loss=0.004518173635005951>
47.2148 seconds
Tested. Sparse categorical accuracy: 57.00

round 38, metrics=<sparse_categorical_accuracy=0.998520016670227,loss=0.003770218463614583>
40.3508 seconds
Tested. Sparse categorical accuracy: 53.00

round 39, metrics=<sparse_categorical_accuracy=0.9987733364105225,loss=0.003681221976876259>
46.7719 seconds
Tested. Sparse categorical accuracy: 56.00

round 40, metrics=<sparse_categorical_accuracy=0.9985066652297974,loss=0.0038758772425353527>
40.2497 seconds
Tested. Sparse categorical accuracy: 63.00

round 41, metrics=<sparse_categorical_accuracy=0.9983866810798645,loss=0.005175615660846233>
46.9576 seconds
Tested. Sparse categorical accuracy: 48.00

round 42, metrics=<sparse_categorical_accuracy=0.9984133243560791,loss=0.003831356531009078>
39.3965 seconds
Tested. Sparse categorical accuracy: 56.00

round 43, metrics=<sparse_categorical_accuracy=0.9988266825675964,loss=0.0033677048049867153>
48.4215 seconds
Tested. Sparse categorical accuracy: 47.00

round 44, metrics=<sparse_categorical_accuracy=0.9983599781990051,loss=0.004508964251726866>
40.3681 seconds
Tested. Sparse categorical accuracy: 50.00

round 45, metrics=<sparse_categorical_accuracy=0.9978799819946289,loss=0.006378683261573315>
45.9794 seconds
Tested. Sparse categorical accuracy: 38.00

round 46, metrics=<sparse_categorical_accuracy=0.9981200098991394,loss=0.005235815420746803>
41.1876 seconds
Tested. Sparse categorical accuracy: 49.00

round 47, metrics=<sparse_categorical_accuracy=0.998960018157959,loss=0.0037302938289940357>
44.8023 seconds
Tested. Sparse categorical accuracy: 62.00

round 48, metrics=<sparse_categorical_accuracy=0.9988933205604553,loss=0.0034641390666365623>
41.0517 seconds
Tested. Sparse categorical accuracy: 61.00

round 49, metrics=<sparse_categorical_accuracy=0.9986666440963745,loss=0.003344822907820344>
47.7840 seconds
Tested. Sparse categorical accuracy: 69.00

round 50, metrics=<sparse_categorical_accuracy=0.9990133047103882,loss=0.0025555905885994434>
40.7374 seconds
Tested. Sparse categorical accuracy: 56.00

round 51, metrics=<sparse_categorical_accuracy=0.9991466403007507,loss=0.002660194644704461>
48.4413 seconds
Tested. Sparse categorical accuracy: 60.00

round 52, metrics=<sparse_categorical_accuracy=0.998853325843811,loss=0.0029561626724898815>
40.5065 seconds
Tested. Sparse categorical accuracy: 68.00

round 53, metrics=<sparse_categorical_accuracy=0.9986133575439453,loss=0.004233435727655888>
46.1841 seconds
Tested. Sparse categorical accuracy: 70.00

round 54, metrics=<sparse_categorical_accuracy=0.998960018157959,loss=0.0028532000724226236>
40.8417 seconds
Tested. Sparse categorical accuracy: 53.00

round 55, metrics=<sparse_categorical_accuracy=0.9990400075912476,loss=0.00289891567081213>
48.1748 seconds
Tested. Sparse categorical accuracy: 61.00

round 56, metrics=<sparse_categorical_accuracy=0.9989200234413147,loss=0.0027150395326316357>
47.3634 seconds
Tested. Sparse categorical accuracy: 69.00

round 57, metrics=<sparse_categorical_accuracy=0.9989466667175293,loss=0.003186046378687024>
47.7238 seconds
Tested. Sparse categorical accuracy: 68.00

round 58, metrics=<sparse_categorical_accuracy=0.999239981174469,loss=0.002178414724767208>
45.2328 seconds
Tested. Sparse categorical accuracy: 66.00

round 59, metrics=<sparse_categorical_accuracy=0.9991466403007507,loss=0.002541813999414444>
40.0974 seconds
Tested. Sparse categorical accuracy: 55.00

round 60, metrics=<sparse_categorical_accuracy=0.9986266493797302,loss=0.0030540672596544027>
47.3389 seconds
Tested. Sparse categorical accuracy: 60.00

round 61, metrics=<sparse_categorical_accuracy=0.9986666440963745,loss=0.006067152135074139>
40.6528 seconds
Tested. Sparse categorical accuracy: 53.00

round 62, metrics=<sparse_categorical_accuracy=0.9987866878509521,loss=0.004227420315146446>
46.7160 seconds
Tested. Sparse categorical accuracy: 64.00

round 63, metrics=<sparse_categorical_accuracy=0.998960018157959,loss=0.0033502334263175726>
40.6856 seconds
Tested. Sparse categorical accuracy: 77.00

round 64, metrics=<sparse_categorical_accuracy=0.9993600249290466,loss=0.0022988326381891966>
46.1911 seconds
Tested. Sparse categorical accuracy: 77.00

round 65, metrics=<sparse_categorical_accuracy=0.9992666840553284,loss=0.0024341964162886143>
39.6963 seconds
Tested. Sparse categorical accuracy: 69.00

round 66, metrics=<sparse_categorical_accuracy=0.9991466403007507,loss=0.0022512199357151985>
46.1109 seconds
Tested. Sparse categorical accuracy: 60.00

round 67, metrics=<sparse_categorical_accuracy=0.9991599917411804,loss=0.0026556584052741528>
40.4356 seconds
Tested. Sparse categorical accuracy: 61.00

round 68, metrics=<sparse_categorical_accuracy=0.998960018157959,loss=0.002974569331854582>
46.5066 seconds
Tested. Sparse categorical accuracy: 64.00

round 69, metrics=<sparse_categorical_accuracy=0.9986799955368042,loss=0.003917901311069727>
40.2006 seconds
Tested. Sparse categorical accuracy: 83.00

round 70, metrics=<sparse_categorical_accuracy=0.9994266629219055,loss=0.00207091704942286>
47.4583 seconds
Tested. Sparse categorical accuracy: 77.00

round 71, metrics=<sparse_categorical_accuracy=0.9992799758911133,loss=0.0024045014288276434>
39.0884 seconds
Tested. Sparse categorical accuracy: 70.00

round 72, metrics=<sparse_categorical_accuracy=0.9989733099937439,loss=0.0026841433718800545>
42.6466 seconds
Tested. Sparse categorical accuracy: 78.00

round 73, metrics=<sparse_categorical_accuracy=0.9994133114814758,loss=0.001972397556528449>
41.2885 seconds
Tested. Sparse categorical accuracy: 79.00

round 74, metrics=<sparse_categorical_accuracy=0.9994133114814758,loss=0.0019999509677290916>
46.4868 seconds
Tested. Sparse categorical accuracy: 71.00

round 75, metrics=<sparse_categorical_accuracy=0.9994533061981201,loss=0.0018950101220980287>
40.0536 seconds
Tested. Sparse categorical accuracy: 75.00

round 76, metrics=<sparse_categorical_accuracy=0.9993733167648315,loss=0.0018085046904161572>
44.7499 seconds
Tested. Sparse categorical accuracy: 75.00

round 77, metrics=<sparse_categorical_accuracy=0.9993066787719727,loss=0.0020027700811624527>
40.4433 seconds
Tested. Sparse categorical accuracy: 81.00

round 78, metrics=<sparse_categorical_accuracy=0.9994000196456909,loss=0.0018098969012498856>
48.6677 seconds
Tested. Sparse categorical accuracy: 68.00

round 79, metrics=<sparse_categorical_accuracy=0.9994133114814758,loss=0.0019320339197292924>
39.5087 seconds
Tested. Sparse categorical accuracy: 76.00

round 80, metrics=<sparse_categorical_accuracy=0.9994000196456909,loss=0.0017668516375124454>
46.2748 seconds
Tested. Sparse categorical accuracy: 70.00

round 81, metrics=<sparse_categorical_accuracy=0.999293327331543,loss=0.0022981546353548765>
40.5353 seconds
Tested. Sparse categorical accuracy: 77.00

round 82, metrics=<sparse_categorical_accuracy=0.9994133114814758,loss=0.0016020581824705005>
47.5433 seconds
Tested. Sparse categorical accuracy: 71.00

round 83, metrics=<sparse_categorical_accuracy=0.9994133114814758,loss=0.0018275243928655982>
40.4882 seconds
Tested. Sparse categorical accuracy: 72.00

round 84, metrics=<sparse_categorical_accuracy=0.9995599985122681,loss=0.00134850456379354>
45.3806 seconds
Tested. Sparse categorical accuracy: 83.00

round 85, metrics=<sparse_categorical_accuracy=0.9995200037956238,loss=0.0015454316744580865>
41.5804 seconds
Tested. Sparse categorical accuracy: 76.00

round 86, metrics=<sparse_categorical_accuracy=0.9993733167648315,loss=0.0018006424652412534>
47.9660 seconds
Tested. Sparse categorical accuracy: 62.00

round 87, metrics=<sparse_categorical_accuracy=0.9992799758911133,loss=0.0019912314601242542>
40.6227 seconds
Tested. Sparse categorical accuracy: 79.00

round 88, metrics=<sparse_categorical_accuracy=0.9991599917411804,loss=0.002486037090420723>
46.1346 seconds
Tested. Sparse categorical accuracy: 64.00

round 89, metrics=<sparse_categorical_accuracy=0.9989733099937439,loss=0.0030919660348445177>
40.9013 seconds
Tested. Sparse categorical accuracy: 79.00

round 90, metrics=<sparse_categorical_accuracy=0.9995066523551941,loss=0.0016988322604447603>
46.0210 seconds
Tested. Sparse categorical accuracy: 71.00

round 91, metrics=<sparse_categorical_accuracy=0.9994933605194092,loss=0.001964736031368375>
39.2539 seconds
Tested. Sparse categorical accuracy: 74.00

round 92, metrics=<sparse_categorical_accuracy=0.9992666840553284,loss=0.0021351973991841078>
46.1742 seconds
Tested. Sparse categorical accuracy: 87.00

round 93, metrics=<sparse_categorical_accuracy=0.9997199773788452,loss=0.0012313940096646547>
41.6527 seconds
Tested. Sparse categorical accuracy: 80.00

round 94, metrics=<sparse_categorical_accuracy=0.9994533061981201,loss=0.0014730013208463788>
46.4078 seconds
Tested. Sparse categorical accuracy: 82.00

round 95, metrics=<sparse_categorical_accuracy=0.9995200037956238,loss=0.0015101239550858736>
47.1188 seconds
Tested. Sparse categorical accuracy: 85.00

round 96, metrics=<sparse_categorical_accuracy=0.9994933605194092,loss=0.0015926635824143887>
46.3558 seconds
Tested. Sparse categorical accuracy: 88.00

round 97, metrics=<sparse_categorical_accuracy=0.9995466470718384,loss=0.0015712908934801817>
41.4846 seconds
Tested. Sparse categorical accuracy: 79.00

round 98, metrics=<sparse_categorical_accuracy=0.9992799758911133,loss=0.0021306825801730156>
44.9384 seconds
Tested. Sparse categorical accuracy: 68.00

round 99, metrics=<sparse_categorical_accuracy=0.999239981174469,loss=0.0025737122632563114>
39.7422 seconds
Tested. Sparse categorical accuracy: 76.00

round 100, metrics=<sparse_categorical_accuracy=0.9995599985122681,loss=0.0013516696635633707>
45.6784 seconds
Tested. Sparse categorical accuracy: 92.00

round 101, metrics=<sparse_categorical_accuracy=0.9994933605194092,loss=0.001636007335036993>
39.8216 seconds
Tested. Sparse categorical accuracy: 85.00

round 102, metrics=<sparse_categorical_accuracy=0.9995200037956238,loss=0.0012978633167222142>
47.1709 seconds
Tested. Sparse categorical accuracy: 78.00

round 103, metrics=<sparse_categorical_accuracy=0.9995599985122681,loss=0.0013586962595582008>
39.5746 seconds
Tested. Sparse categorical accuracy: 85.00

round 104, metrics=<sparse_categorical_accuracy=0.9995866417884827,loss=0.001184171182103455>
44.0304 seconds
Tested. Sparse categorical accuracy: 93.00

round 105, metrics=<sparse_categorical_accuracy=0.9995866417884827,loss=0.0011547519825398922>
40.0658 seconds
Tested. Sparse categorical accuracy: 89.00

round 106, metrics=<sparse_categorical_accuracy=0.9995066523551941,loss=0.0012543766060844064>
45.1152 seconds
Tested. Sparse categorical accuracy: 82.00

round 107, metrics=<sparse_categorical_accuracy=0.999666690826416,loss=0.0011521526612341404>
40.1274 seconds
Tested. Sparse categorical accuracy: 83.00

round 108, metrics=<sparse_categorical_accuracy=0.9995866417884827,loss=0.0011932037305086851>
46.3319 seconds
Tested. Sparse categorical accuracy: 84.00

round 109, metrics=<sparse_categorical_accuracy=0.9995333552360535,loss=0.0013220326509326696>
41.5405 seconds
Tested. Sparse categorical accuracy: 84.00

round 110, metrics=<sparse_categorical_accuracy=0.999666690826416,loss=0.001130608725361526>
45.6551 seconds
Tested. Sparse categorical accuracy: 77.00

round 111, metrics=<sparse_categorical_accuracy=0.9995200037956238,loss=0.0014609231147915125>
40.4462 seconds
Tested. Sparse categorical accuracy: 82.00

round 112, metrics=<sparse_categorical_accuracy=0.9996533393859863,loss=0.001037274836562574>
44.9882 seconds
Tested. Sparse categorical accuracy: 85.00

round 113, metrics=<sparse_categorical_accuracy=0.999666690826416,loss=0.0009913408430293202>
40.3147 seconds
Tested. Sparse categorical accuracy: 85.00

round 114, metrics=<sparse_categorical_accuracy=0.9996399879455566,loss=0.0010945937829092145>
47.5950 seconds
Tested. Sparse categorical accuracy: 85.00

round 115, metrics=<sparse_categorical_accuracy=0.9997066855430603,loss=0.0010299101704731584>
48.7859 seconds
Tested. Sparse categorical accuracy: 90.00

round 116, metrics=<sparse_categorical_accuracy=0.9996399879455566,loss=0.001015341724269092>
45.5049 seconds
Tested. Sparse categorical accuracy: 90.00

round 117, metrics=<sparse_categorical_accuracy=0.999666690826416,loss=0.0009752240730449557>
45.8458 seconds
Tested. Sparse categorical accuracy: 87.00

round 118, metrics=<sparse_categorical_accuracy=0.9995066523551941,loss=0.0015797937521710992>
43.1626 seconds
Tested. Sparse categorical accuracy: 76.00

round 119, metrics=<sparse_categorical_accuracy=0.9994266629219055,loss=0.0019192268373444676>
46.3953 seconds
Tested. Sparse categorical accuracy: 72.00

round 120, metrics=<sparse_categorical_accuracy=0.9991199970245361,loss=0.002251105848699808>
40.2710 seconds
Tested. Sparse categorical accuracy: 79.00

round 121, metrics=<sparse_categorical_accuracy=0.9990266561508179,loss=0.0030441824346780777>
45.5618 seconds
Tested. Sparse categorical accuracy: 71.00

round 122, metrics=<sparse_categorical_accuracy=0.9991066455841064,loss=0.0024050225038081408>
40.3566 seconds
Tested. Sparse categorical accuracy: 76.00

round 123, metrics=<sparse_categorical_accuracy=0.9995333552360535,loss=0.0015675511676818132>
47.2766 seconds
Tested. Sparse categorical accuracy: 77.00

round 124, metrics=<sparse_categorical_accuracy=0.9994000196456909,loss=0.0018815960502251983>
40.5372 seconds
Tested. Sparse categorical accuracy: 84.00

round 125, metrics=<sparse_categorical_accuracy=0.9992799758911133,loss=0.001989206997677684>
46.0581 seconds
Tested. Sparse categorical accuracy: 88.00

round 126, metrics=<sparse_categorical_accuracy=0.9997199773788452,loss=0.0010915426537394524>
41.2313 seconds
Tested. Sparse categorical accuracy: 89.00

round 127, metrics=<sparse_categorical_accuracy=0.9996933341026306,loss=0.0009623459773138165>
46.1912 seconds
Tested. Sparse categorical accuracy: 87.00

round 128, metrics=<sparse_categorical_accuracy=0.999666690826416,loss=0.0009790218900889158>
41.4608 seconds
Tested. Sparse categorical accuracy: 92.00

round 129, metrics=<sparse_categorical_accuracy=0.9997333288192749,loss=0.0010246168822050095>
47.2182 seconds
Tested. Sparse categorical accuracy: 91.00

round 130, metrics=<sparse_categorical_accuracy=0.9996266961097717,loss=0.00105019670445472>
43.2749 seconds
Tested. Sparse categorical accuracy: 79.00

round 131, metrics=<sparse_categorical_accuracy=0.9997466802597046,loss=0.0008663696353323758>
46.1494 seconds
Tested. Sparse categorical accuracy: 86.00

round 132, metrics=<sparse_categorical_accuracy=0.9996399879455566,loss=0.0010361995082348585>
40.8890 seconds
Tested. Sparse categorical accuracy: 90.00

round 133, metrics=<sparse_categorical_accuracy=0.999666690826416,loss=0.0008262254414148629>
46.6009 seconds
Tested. Sparse categorical accuracy: 79.00

round 134, metrics=<sparse_categorical_accuracy=0.9997599720954895,loss=0.0007755294791422784>
39.5063 seconds
Tested. Sparse categorical accuracy: 79.00

round 135, metrics=<sparse_categorical_accuracy=0.999666690826416,loss=0.0012127634836360812>
46.8658 seconds
Tested. Sparse categorical accuracy: 92.00

round 136, metrics=<sparse_categorical_accuracy=0.9996533393859863,loss=0.001117421081289649>
40.5266 seconds
Tested. Sparse categorical accuracy: 83.00

round 137, metrics=<sparse_categorical_accuracy=0.999666690826416,loss=0.001031777006573975>
46.1421 seconds
Tested. Sparse categorical accuracy: 92.00

round 138, metrics=<sparse_categorical_accuracy=0.9995866417884827,loss=0.0009683435200713575>
40.9389 seconds
Tested. Sparse categorical accuracy: 82.00

round 139, metrics=<sparse_categorical_accuracy=0.9997466802597046,loss=0.000813468242995441>
45.9433 seconds
Tested. Sparse categorical accuracy: 95.00

round 140, metrics=<sparse_categorical_accuracy=0.9997333288192749,loss=0.0007910491549409926>
44.9222 seconds
Tested. Sparse categorical accuracy: 95.00

round 141, metrics=<sparse_categorical_accuracy=0.9998400211334229,loss=0.0006649542483501136>
46.3836 seconds
Tested. Sparse categorical accuracy: 91.00

round 142, metrics=<sparse_categorical_accuracy=0.9997066855430603,loss=0.000805071962531656>
42.1840 seconds
Tested. Sparse categorical accuracy: 87.00

round 143, metrics=<sparse_categorical_accuracy=0.999666690826416,loss=0.0011112677166238427>
45.3096 seconds
Tested. Sparse categorical accuracy: 82.00

round 144, metrics=<sparse_categorical_accuracy=0.9995999932289124,loss=0.0013156558852642775>
40.1902 seconds
Tested. Sparse categorical accuracy: 91.00

round 145, metrics=<sparse_categorical_accuracy=0.9995599985122681,loss=0.0013409239472821355>
43.2321 seconds
Tested. Sparse categorical accuracy: 86.00

round 146, metrics=<sparse_categorical_accuracy=0.9996266961097717,loss=0.001016468508169055>
39.9813 seconds
Tested. Sparse categorical accuracy: 82.00

round 147, metrics=<sparse_categorical_accuracy=0.9996799826622009,loss=0.0008778699557296932>
46.4624 seconds
Tested. Sparse categorical accuracy: 88.00

round 148, metrics=<sparse_categorical_accuracy=0.9997599720954895,loss=0.0009371162741445005>
40.7743 seconds
Tested. Sparse categorical accuracy: 89.00

round 149, metrics=<sparse_categorical_accuracy=0.9997199773788452,loss=0.0011170819634571671>
47.2836 seconds
Tested. Sparse categorical accuracy: 87.00

round 150, metrics=<sparse_categorical_accuracy=0.999613344669342,loss=0.0012092705583199859>
40.7600 seconds
Tested. Sparse categorical accuracy: 87.00

round 151, metrics=<sparse_categorical_accuracy=0.9997599720954895,loss=0.0010513559682294726>
46.7720 seconds
Tested. Sparse categorical accuracy: 88.00

round 152, metrics=<sparse_categorical_accuracy=0.9998400211334229,loss=0.0006655296310782433>
39.8191 seconds
Tested. Sparse categorical accuracy: 86.00

round 153, metrics=<sparse_categorical_accuracy=0.9996799826622009,loss=0.0008972018258646131>
46.6733 seconds
Tested. Sparse categorical accuracy: 87.00

round 154, metrics=<sparse_categorical_accuracy=0.9995999932289124,loss=0.001003533834591508>
40.1766 seconds
Tested. Sparse categorical accuracy: 80.00

round 155, metrics=<sparse_categorical_accuracy=0.9997333288192749,loss=0.0009909260552376509>
46.5374 seconds
Tested. Sparse categorical accuracy: 93.00

round 156, metrics=<sparse_categorical_accuracy=0.9997333288192749,loss=0.001037265406921506>
40.7199 seconds
Tested. Sparse categorical accuracy: 91.00

round 157, metrics=<sparse_categorical_accuracy=0.9996266961097717,loss=0.0012053650571033359>
47.5236 seconds
Tested. Sparse categorical accuracy: 93.00

round 158, metrics=<sparse_categorical_accuracy=0.9997466802597046,loss=0.0008324680384248495>
40.1510 seconds
Tested. Sparse categorical accuracy: 89.00

round 159, metrics=<sparse_categorical_accuracy=0.9997333288192749,loss=0.0008923168061301112>
45.9347 seconds
Tested. Sparse categorical accuracy: 94.00

round 160, metrics=<sparse_categorical_accuracy=0.9997333288192749,loss=0.0007938213529996574>
41.2757 seconds
Tested. Sparse categorical accuracy: 94.00

round 161, metrics=<sparse_categorical_accuracy=0.9996799826622009,loss=0.0007701356080360711>
45.8659 seconds
Tested. Sparse categorical accuracy: 93.00

round 162, metrics=<sparse_categorical_accuracy=0.9996933341026306,loss=0.0009469306678511202>
41.6407 seconds
Tested. Sparse categorical accuracy: 88.00

round 163, metrics=<sparse_categorical_accuracy=0.999666690826416,loss=0.0009209000854752958>
45.6858 seconds
Tested. Sparse categorical accuracy: 87.00

round 164, metrics=<sparse_categorical_accuracy=0.9997333288192749,loss=0.000930321344640106>
41.5054 seconds
Tested. Sparse categorical accuracy: 93.00

round 165, metrics=<sparse_categorical_accuracy=0.9997599720954895,loss=0.0008595118415541947>
45.1554 seconds
Tested. Sparse categorical accuracy: 86.00

round 166, metrics=<sparse_categorical_accuracy=0.9997199773788452,loss=0.000831825309433043>
42.4425 seconds
Tested. Sparse categorical accuracy: 85.00

round 167, metrics=<sparse_categorical_accuracy=0.9997066855430603,loss=0.0007695441599935293>
47.9808 seconds
Tested. Sparse categorical accuracy: 95.00

round 168, metrics=<sparse_categorical_accuracy=0.9997066855430603,loss=0.0007631390471942723>
40.8486 seconds
Tested. Sparse categorical accuracy: 92.00

round 169, metrics=<sparse_categorical_accuracy=0.9998133182525635,loss=0.0007033365545794368>
45.2017 seconds
Tested. Sparse categorical accuracy: 93.00

round 170, metrics=<sparse_categorical_accuracy=0.9997066855430603,loss=0.0008722360362298787>
41.4568 seconds
Tested. Sparse categorical accuracy: 84.00

round 171, metrics=<sparse_categorical_accuracy=0.9996799826622009,loss=0.0009878812124952674>
45.1574 seconds
Tested. Sparse categorical accuracy: 93.00

round 172, metrics=<sparse_categorical_accuracy=0.9997199773788452,loss=0.0007920635398477316>
40.4211 seconds
Tested. Sparse categorical accuracy: 96.00

round 173, metrics=<sparse_categorical_accuracy=0.9997866749763489,loss=0.0006576221785508096>
48.0684 seconds
Tested. Sparse categorical accuracy: 92.00

round 174, metrics=<sparse_categorical_accuracy=0.9997333288192749,loss=0.0007477905019186437>
45.5723 seconds
Tested. Sparse categorical accuracy: 94.00

round 175, metrics=<sparse_categorical_accuracy=0.9997333288192749,loss=0.000724442710634321>
48.3015 seconds
Tested. Sparse categorical accuracy: 90.00

round 176, metrics=<sparse_categorical_accuracy=0.999666690826416,loss=0.0008370049181394279>
41.1422 seconds
Tested. Sparse categorical accuracy: 94.00

round 177, metrics=<sparse_categorical_accuracy=0.9997866749763489,loss=0.0007142442627809942>
46.3268 seconds
Tested. Sparse categorical accuracy: 92.00

round 178, metrics=<sparse_categorical_accuracy=0.9997866749763489,loss=0.0006743017584085464>
39.6568 seconds
Tested. Sparse categorical accuracy: 90.00

round 179, metrics=<sparse_categorical_accuracy=0.9996799826622009,loss=0.0007976207998581231>
45.1252 seconds
Tested. Sparse categorical accuracy: 90.00

round 180, metrics=<sparse_categorical_accuracy=0.9998000264167786,loss=0.0006112965638749301>
40.3069 seconds
Tested. Sparse categorical accuracy: 95.00

round 181, metrics=<sparse_categorical_accuracy=0.9997866749763489,loss=0.0006950052920728922>
45.0163 seconds
Tested. Sparse categorical accuracy: 90.00

round 182, metrics=<sparse_categorical_accuracy=0.9997599720954895,loss=0.000775371678173542>
40.3205 seconds
Tested. Sparse categorical accuracy: 91.00

round 183, metrics=<sparse_categorical_accuracy=0.9997599720954895,loss=0.0010119904763996601>
45.7954 seconds
Tested. Sparse categorical accuracy: 86.00

round 184, metrics=<sparse_categorical_accuracy=0.9998133182525635,loss=0.0006935994606465101>
39.9420 seconds
Tested. Sparse categorical accuracy: 93.00

round 185, metrics=<sparse_categorical_accuracy=0.9996933341026306,loss=0.001072942977771163>
45.9437 seconds
Tested. Sparse categorical accuracy: 82.00

round 186, metrics=<sparse_categorical_accuracy=0.9997066855430603,loss=0.0009276370401494205>
40.8654 seconds
Tested. Sparse categorical accuracy: 88.00

round 187, metrics=<sparse_categorical_accuracy=0.9997066855430603,loss=0.0010080419015139341>
45.5341 seconds
Tested. Sparse categorical accuracy: 91.00

round 188, metrics=<sparse_categorical_accuracy=0.9998000264167786,loss=0.0006874909158796072>
41.4080 seconds
Tested. Sparse categorical accuracy: 93.00

round 189, metrics=<sparse_categorical_accuracy=0.9998133182525635,loss=0.0006756909424439073>
46.0250 seconds
Tested. Sparse categorical accuracy: 93.00

round 190, metrics=<sparse_categorical_accuracy=0.9997866749763489,loss=0.0006868760683573782>
41.4493 seconds
Tested. Sparse categorical accuracy: 92.00

round 191, metrics=<sparse_categorical_accuracy=0.9997199773788452,loss=0.0008909965981729329>
45.3024 seconds
Tested. Sparse categorical accuracy: 95.00

round 192, metrics=<sparse_categorical_accuracy=0.9998000264167786,loss=0.0007248455076478422>
40.3899 seconds
Tested. Sparse categorical accuracy: 89.00

round 193, metrics=<sparse_categorical_accuracy=0.9997066855430603,loss=0.0007743521709926426>
45.1719 seconds
Tested. Sparse categorical accuracy: 91.00

round 194, metrics=<sparse_categorical_accuracy=0.9997866749763489,loss=0.0007594898343086243>
40.8019 seconds
Tested. Sparse categorical accuracy: 84.00

round 195, metrics=<sparse_categorical_accuracy=0.9997199773788452,loss=0.0011822368251159787>
46.2010 seconds
Tested. Sparse categorical accuracy: 94.00

round 196, metrics=<sparse_categorical_accuracy=0.9997066855430603,loss=0.0008009627345018089>
39.9006 seconds
Tested. Sparse categorical accuracy: 96.00

round 197, metrics=<sparse_categorical_accuracy=0.9998133182525635,loss=0.0007000924088060856>
46.1065 seconds
Tested. Sparse categorical accuracy: 94.00

round 198, metrics=<sparse_categorical_accuracy=0.9998400211334229,loss=0.0005996956606395543>
40.1920 seconds
Tested. Sparse categorical accuracy: 93.00

round 199, metrics=<sparse_categorical_accuracy=0.9997466802597046,loss=0.000770180078689009>
46.5095 seconds
Tested. Sparse categorical accuracy: 89.00

round 200, metrics=<sparse_categorical_accuracy=0.9998000264167786,loss=0.0007902790093794465>
39.6058 seconds
Tested. Sparse categorical accuracy: 91.00

round 201, metrics=<sparse_categorical_accuracy=0.9996399879455566,loss=0.0009844244923442602>
45.8689 seconds
Tested. Sparse categorical accuracy: 78.00

round 202, metrics=<sparse_categorical_accuracy=0.9994933605194092,loss=0.0016501914942637086>
40.2618 seconds
Tested. Sparse categorical accuracy: 74.00

round 203, metrics=<sparse_categorical_accuracy=0.9995466470718384,loss=0.0015587728703394532>
43.9720 seconds
Tested. Sparse categorical accuracy: 77.00

round 204, metrics=<sparse_categorical_accuracy=0.9994400143623352,loss=0.0016756621189415455>
40.9513 seconds
Tested. Sparse categorical accuracy: 83.00

round 205, metrics=<sparse_categorical_accuracy=0.9991066455841064,loss=0.0029039548244327307>
46.6182 seconds
Tested. Sparse categorical accuracy: 81.00

round 206, metrics=<sparse_categorical_accuracy=0.9995599985122681,loss=0.0020817534532397985>
39.0265 seconds
Tested. Sparse categorical accuracy: 84.00

round 207, metrics=<sparse_categorical_accuracy=0.9995733499526978,loss=0.00124439038336277>
46.1232 seconds
Tested. Sparse categorical accuracy: 86.00

round 208, metrics=<sparse_categorical_accuracy=0.9996933341026306,loss=0.0011716574663296342>
40.3831 seconds
Tested. Sparse categorical accuracy: 91.00

round 209, metrics=<sparse_categorical_accuracy=0.9997333288192749,loss=0.0009892369853332639>
47.7858 seconds
Tested. Sparse categorical accuracy: 86.00

round 210, metrics=<sparse_categorical_accuracy=0.9998000264167786,loss=0.0007539860671386123>
39.9508 seconds
Tested. Sparse categorical accuracy: 96.00

round 211, metrics=<sparse_categorical_accuracy=0.9998533129692078,loss=0.0005533793591894209>
45.9262 seconds
Tested. Sparse categorical accuracy: 92.00

round 212, metrics=<sparse_categorical_accuracy=0.9997733235359192,loss=0.0009189732954837382>
46.6797 seconds
Tested. Sparse categorical accuracy: 93.00

round 213, metrics=<sparse_categorical_accuracy=0.9997733235359192,loss=0.0007542729726992548>
47.4275 seconds
Tested. Sparse categorical accuracy: 95.00

round 214, metrics=<sparse_categorical_accuracy=0.9998133182525635,loss=0.0006132240523584187>
41.1121 seconds
Tested. Sparse categorical accuracy: 94.00

round 215, metrics=<sparse_categorical_accuracy=0.9998133182525635,loss=0.0005673667183145881>
45.4255 seconds
Tested. Sparse categorical accuracy: 95.00

round 216, metrics=<sparse_categorical_accuracy=0.9998266696929932,loss=0.000653478316962719>
39.8870 seconds
Tested. Sparse categorical accuracy: 95.00

round 217, metrics=<sparse_categorical_accuracy=0.9996799826622009,loss=0.0010094399331137538>
46.8416 seconds
Tested. Sparse categorical accuracy: 93.00

round 218, metrics=<sparse_categorical_accuracy=0.9997866749763489,loss=0.0007589497836306691>
40.7463 seconds
Tested. Sparse categorical accuracy: 89.00

round 219, metrics=<sparse_categorical_accuracy=0.9997466802597046,loss=0.0007510010036639869>
45.4715 seconds
Tested. Sparse categorical accuracy: 94.00

round 220, metrics=<sparse_categorical_accuracy=0.9997866749763489,loss=0.0006766901933588088>
40.1361 seconds
Tested. Sparse categorical accuracy: 94.00

round 221, metrics=<sparse_categorical_accuracy=0.9998000264167786,loss=0.0007059489144012332>
46.3847 seconds
Tested. Sparse categorical accuracy: 92.00

round 222, metrics=<sparse_categorical_accuracy=0.999893307685852,loss=0.000440125324530527>
41.9151 seconds
Tested. Sparse categorical accuracy: 97.00

round 223, metrics=<sparse_categorical_accuracy=0.9998000264167786,loss=0.0005865472485311329>
46.7146 seconds
Tested. Sparse categorical accuracy: 93.00

round 224, metrics=<sparse_categorical_accuracy=0.9998133182525635,loss=0.000780311762355268>
39.4608 seconds
Tested. Sparse categorical accuracy: 98.00

round 225, metrics=<sparse_categorical_accuracy=0.9999066591262817,loss=0.00047575519420206547>
45.9500 seconds
Tested. Sparse categorical accuracy: 94.00

round 226, metrics=<sparse_categorical_accuracy=0.9998266696929932,loss=0.0006107767694629729>
41.0963 seconds
Tested. Sparse categorical accuracy: 86.00

round 227, metrics=<sparse_categorical_accuracy=0.9997199773788452,loss=0.0008982284343801439>
46.8510 seconds
Tested. Sparse categorical accuracy: 94.00

round 228, metrics=<sparse_categorical_accuracy=0.9997466802597046,loss=0.0008065470028668642>
40.9744 seconds
Tested. Sparse categorical accuracy: 87.00

round 229, metrics=<sparse_categorical_accuracy=0.9996533393859863,loss=0.0012133909622207284>
47.0200 seconds
Tested. Sparse categorical accuracy: 83.00

round 230, metrics=<sparse_categorical_accuracy=0.9995733499526978,loss=0.0011522494023665786>
39.7736 seconds
Tested. Sparse categorical accuracy: 87.00

round 231, metrics=<sparse_categorical_accuracy=0.9994533061981201,loss=0.0022256686352193356>
45.5056 seconds
Tested. Sparse categorical accuracy: 75.00

round 232, metrics=<sparse_categorical_accuracy=0.9992799758911133,loss=0.002209993777796626>
39.4840 seconds
Tested. Sparse categorical accuracy: 85.00

round 233, metrics=<sparse_categorical_accuracy=0.9994666576385498,loss=0.001776487217284739>
45.9669 seconds
Tested. Sparse categorical accuracy: 95.00

round 234, metrics=<sparse_categorical_accuracy=0.9997199773788452,loss=0.0007546828128397465>
40.8706 seconds
Tested. Sparse categorical accuracy: 96.00

round 235, metrics=<sparse_categorical_accuracy=0.9996933341026306,loss=0.0009236656478606164>
47.3105 seconds
Tested. Sparse categorical accuracy: 95.00

round 236, metrics=<sparse_categorical_accuracy=0.9997599720954895,loss=0.0007268742192536592>
39.7365 seconds
Tested. Sparse categorical accuracy: 90.00

round 237, metrics=<sparse_categorical_accuracy=0.9997866749763489,loss=0.0007639923132956028>
45.5283 seconds
Tested. Sparse categorical accuracy: 98.00

round 238, metrics=<sparse_categorical_accuracy=0.9998400211334229,loss=0.0005483999266289175>
39.6949 seconds
Tested. Sparse categorical accuracy: 95.00

round 239, metrics=<sparse_categorical_accuracy=0.9998266696929932,loss=0.0006296508945524693>
47.0200 seconds
Tested. Sparse categorical accuracy: 94.00

round 240, metrics=<sparse_categorical_accuracy=0.9998266696929932,loss=0.0005606335471384227>
39.9356 seconds
Tested. Sparse categorical accuracy: 94.00

round 241, metrics=<sparse_categorical_accuracy=0.9998666644096375,loss=0.0005719145992770791>
46.7449 seconds
Tested. Sparse categorical accuracy: 90.00

round 242, metrics=<sparse_categorical_accuracy=0.9998533129692078,loss=0.0005787927657365799>
39.4943 seconds
Tested. Sparse categorical accuracy: 98.00

round 243, metrics=<sparse_categorical_accuracy=0.9998266696929932,loss=0.0004904490779154003>
46.7627 seconds
Tested. Sparse categorical accuracy: 93.00

round 244, metrics=<sparse_categorical_accuracy=0.9998533129692078,loss=0.0005145324976183474>
40.4690 seconds
Tested. Sparse categorical accuracy: 92.00

round 245, metrics=<sparse_categorical_accuracy=0.9998666644096375,loss=0.0005600968142971396>
45.6173 seconds
Tested. Sparse categorical accuracy: 94.00

round 246, metrics=<sparse_categorical_accuracy=0.9998800158500671,loss=0.0004880345077253878>
39.5979 seconds
Tested. Sparse categorical accuracy: 92.00

round 247, metrics=<sparse_categorical_accuracy=0.9998400211334229,loss=0.00046704738633707166>
44.5240 seconds
Tested. Sparse categorical accuracy: 91.00

round 248, metrics=<sparse_categorical_accuracy=0.9999333620071411,loss=0.00041750018135644495>
39.9024 seconds
Tested. Sparse categorical accuracy: 99.00

Target accuracy reached after  248  rounds
Average time per round: 43.00

2020-05-05 22:43:05.926660
