
TENSORFLOW USERS:
You must use the python3.6-anaconda/5.2.0 module to run TensorFlow.
See https://arc-ts.umich.edu/greatlakes/software/tensorflow for more
information.



The following have been reloaded with a version change:
  1) cuda/10.0.130 => cuda/10.1.105


Currently Loaded Modules:
  1) python3.7-anaconda/2019.07   2) cudnn/10.0-v7.6   3) cuda/10.1.105

 

mkdir: cannot create directory ‘results/5944196’: File exists
mkdir: cannot create directory ‘results/5944196/log’: File exists
Test  238
2020-05-06 17:07:06.178234


Schema 1: Each client partially IID
--------------------------------------------------
percent data distributed IID:  60
number of classes for non-IID data:  2
data points per client (mean, std dev): ( 600 ,  0 )
--------------------------------------------------

round  1, metrics=<sparse_categorical_accuracy=0.8075110912322998,loss=0.5988491177558899>
108.7933 seconds
Tested. Sparse categorical accuracy: 88.00

round  2, metrics=<sparse_categorical_accuracy=0.9686889052391052,loss=0.1105574518442154>
87.8470 seconds
Tested. Sparse categorical accuracy: 96.00

round  3, metrics=<sparse_categorical_accuracy=0.9869611263275146,loss=0.04744478687644005>
86.5393 seconds
Tested. Sparse categorical accuracy: 98.00

round  4, metrics=<sparse_categorical_accuracy=0.9913610816001892,loss=0.03254812955856323>
106.1406 seconds
Tested. Sparse categorical accuracy: 93.00

round  5, metrics=<sparse_categorical_accuracy=0.9926833510398865,loss=0.026640722528100014>
109.2366 seconds
Tested. Sparse categorical accuracy: 97.00

round  6, metrics=<sparse_categorical_accuracy=0.9937722086906433,loss=0.023514509201049805>
105.2462 seconds
Tested. Sparse categorical accuracy: 98.00

round  7, metrics=<sparse_categorical_accuracy=0.9954166412353516,loss=0.01621302030980587>
107.8802 seconds
Tested. Sparse categorical accuracy: 97.00

round  8, metrics=<sparse_categorical_accuracy=0.9947166442871094,loss=0.02042306587100029>
106.8929 seconds
Tested. Sparse categorical accuracy: 100.00

Target accuracy reached after  8  rounds
Average time per round: 102.00

2020-05-06 17:20:53.613330
