
TENSORFLOW USERS:
You must use the python3.6-anaconda/5.2.0 module to run TensorFlow.
See https://arc-ts.umich.edu/greatlakes/software/tensorflow for more
information.



The following have been reloaded with a version change:
  1) cuda/10.0.130 => cuda/10.1.105


Currently Loaded Modules:
  1) python3.7-anaconda/2019.07   2) cudnn/10.0-v7.6   3) cuda/10.1.105

 

mkdir: cannot create directory ‘results/5944196’: File exists
mkdir: cannot create directory ‘results/5944196/log’: File exists
Test  51
2020-05-05 00:48:14.425156


Schema 1: Each client partially IID
--------------------------------------------------
percent data distributed IID:  20
number of classes for non-IID data:  2
data points per client (mean, std dev): ( 600 ,  0 )
--------------------------------------------------

round  1, metrics=<sparse_categorical_accuracy=0.8520333170890808,loss=0.5012320876121521>
13.8075 seconds
Tested. Sparse categorical accuracy: 42.00

round  2, metrics=<sparse_categorical_accuracy=0.958299994468689,loss=0.14308825135231018>
13.5942 seconds
Tested. Sparse categorical accuracy: 92.00

round  3, metrics=<sparse_categorical_accuracy=0.9536333084106445,loss=0.1705101877450943>
13.7052 seconds
Tested. Sparse categorical accuracy: 77.00

round  4, metrics=<sparse_categorical_accuracy=0.9875666499137878,loss=0.04338386282324791>
13.7621 seconds
Tested. Sparse categorical accuracy: 95.00

round  5, metrics=<sparse_categorical_accuracy=0.987666666507721,loss=0.04889994487166405>
13.8584 seconds
Tested. Sparse categorical accuracy: 90.00

round  6, metrics=<sparse_categorical_accuracy=0.9943333268165588,loss=0.022269586101174355>
13.7912 seconds
Tested. Sparse categorical accuracy: 97.00

round  7, metrics=<sparse_categorical_accuracy=0.994866669178009,loss=0.022641954943537712>
13.6872 seconds
Tested. Sparse categorical accuracy: 96.00

round  8, metrics=<sparse_categorical_accuracy=0.9939333200454712,loss=0.026100406423211098>
14.0975 seconds
Tested. Sparse categorical accuracy: 93.00

round  9, metrics=<sparse_categorical_accuracy=0.9970666766166687,loss=0.01073483657091856>
13.8343 seconds
Tested. Sparse categorical accuracy: 96.00

round 10, metrics=<sparse_categorical_accuracy=0.9946666955947876,loss=0.01978549361228943>
13.8290 seconds
Tested. Sparse categorical accuracy: 92.00

round 11, metrics=<sparse_categorical_accuracy=0.9969333410263062,loss=0.012824278324842453>
13.7300 seconds
Tested. Sparse categorical accuracy: 98.00

round 12, metrics=<sparse_categorical_accuracy=0.9966333508491516,loss=0.012536482885479927>
14.0003 seconds
Tested. Sparse categorical accuracy: 98.00

round 13, metrics=<sparse_categorical_accuracy=0.996833324432373,loss=0.01224478054791689>
13.8839 seconds
Tested. Sparse categorical accuracy: 97.00

round 14, metrics=<sparse_categorical_accuracy=0.9963666796684265,loss=0.01598183810710907>
14.0204 seconds
Tested. Sparse categorical accuracy: 95.00

round 15, metrics=<sparse_categorical_accuracy=0.9982333183288574,loss=0.005897691007703543>
13.8377 seconds
Tested. Sparse categorical accuracy: 97.00

round 16, metrics=<sparse_categorical_accuracy=0.996566653251648,loss=0.011732600629329681>
14.4025 seconds
Tested. Sparse categorical accuracy: 97.00

round 17, metrics=<sparse_categorical_accuracy=0.9976000189781189,loss=0.007872608490288258>
13.8722 seconds
Tested. Sparse categorical accuracy: 96.00

round 18, metrics=<sparse_categorical_accuracy=0.9978333115577698,loss=0.007080485578626394>
13.6908 seconds
Tested. Sparse categorical accuracy: 99.00

Target accuracy reached after  18  rounds
Average time per round: 13.00

2020-05-05 00:52:34.360910
