
TENSORFLOW USERS:
You must use the python3.6-anaconda/5.2.0 module to run TensorFlow.
See https://arc-ts.umich.edu/greatlakes/software/tensorflow for more
information.



The following have been reloaded with a version change:
  1) cuda/10.0.130 => cuda/10.1.105


Currently Loaded Modules:
  1) python3.7-anaconda/2019.07   2) cudnn/10.0-v7.6   3) cuda/10.1.105

 

mkdir: cannot create directory ‘results/5944196’: File exists
mkdir: cannot create directory ‘results/5944196/log’: File exists
Test  248
2020-05-06 18:04:06.884985


Schema 1: Each client partially IID
--------------------------------------------------
percent data distributed IID:  100
number of classes for non-IID data:  2
data points per client (mean, std dev): ( 600 ,  0 )
--------------------------------------------------

round  1, metrics=<sparse_categorical_accuracy=0.8525166511535645,loss=0.4392774701118469>
31.0589 seconds
Tested. Sparse categorical accuracy: 92.00

round  2, metrics=<sparse_categorical_accuracy=0.9839666485786438,loss=0.05462564527988434>
30.9785 seconds
Tested. Sparse categorical accuracy: 97.00

round  3, metrics=<sparse_categorical_accuracy=0.9905833601951599,loss=0.03446464613080025>
30.1115 seconds
Tested. Sparse categorical accuracy: 89.00

round  4, metrics=<sparse_categorical_accuracy=0.9916666746139526,loss=0.02994166500866413>
30.1975 seconds
Tested. Sparse categorical accuracy: 98.00

round  5, metrics=<sparse_categorical_accuracy=0.9929166436195374,loss=0.026595696806907654>
29.6144 seconds
Tested. Sparse categorical accuracy: 97.00

round  6, metrics=<sparse_categorical_accuracy=0.9946833252906799,loss=0.01919477805495262>
29.2861 seconds
Tested. Sparse categorical accuracy: 97.00

round  7, metrics=<sparse_categorical_accuracy=0.9939666390419006,loss=0.021838972344994545>
30.4444 seconds
Tested. Sparse categorical accuracy: 95.00

round  8, metrics=<sparse_categorical_accuracy=0.9953333139419556,loss=0.016898952424526215>
30.7154 seconds
Tested. Sparse categorical accuracy: 98.00

round  9, metrics=<sparse_categorical_accuracy=0.9953333139419556,loss=0.01622418873012066>
30.1652 seconds
Tested. Sparse categorical accuracy: 99.00

Target accuracy reached after  9  rounds
Average time per round: 30.00

2020-05-06 18:08:48.068142
