
TENSORFLOW USERS:
You must use the python3.6-anaconda/5.2.0 module to run TensorFlow.
See https://arc-ts.umich.edu/greatlakes/software/tensorflow for more
information.



The following have been reloaded with a version change:
  1) cuda/10.0.130 => cuda/10.1.105


Currently Loaded Modules:
  1) python3.7-anaconda/2019.07   2) cudnn/10.0-v7.6   3) cuda/10.1.105

 

mkdir: cannot create directory ‘results/5944196’: File exists
mkdir: cannot create directory ‘results/5944196/log’: File exists
Test  276
2020-05-07 08:25:21.113180


Schema 1: Each client partially IID
--------------------------------------------------
percent data distributed IID:  60
number of classes for non-IID data:  2
data points per client (mean, std dev): ( 600 ,  0 )
--------------------------------------------------

round  1, metrics=<sparse_categorical_accuracy=0.8006666898727417,loss=0.6270317435264587>
29.7498 seconds
Tested. Sparse categorical accuracy: 89.00

round  2, metrics=<sparse_categorical_accuracy=0.9633166790008545,loss=0.1303299218416214>
29.9732 seconds
Tested. Sparse categorical accuracy: 96.00

round  3, metrics=<sparse_categorical_accuracy=0.9828000068664551,loss=0.06344480067491531>
29.8607 seconds
Tested. Sparse categorical accuracy: 94.00

round  4, metrics=<sparse_categorical_accuracy=0.9885166883468628,loss=0.043692100793123245>
29.6898 seconds
Tested. Sparse categorical accuracy: 98.00

round  5, metrics=<sparse_categorical_accuracy=0.9945833086967468,loss=0.02084188163280487>
28.9814 seconds
Tested. Sparse categorical accuracy: 95.00

round  6, metrics=<sparse_categorical_accuracy=0.9917833209037781,loss=0.03259672597050667>
30.0567 seconds
Tested. Sparse categorical accuracy: 96.00

round  7, metrics=<sparse_categorical_accuracy=0.9947333335876465,loss=0.019241275265812874>
28.3414 seconds
Tested. Sparse categorical accuracy: 98.00

round  8, metrics=<sparse_categorical_accuracy=0.9944999814033508,loss=0.021268192678689957>
29.2998 seconds
Tested. Sparse categorical accuracy: 95.00

round  9, metrics=<sparse_categorical_accuracy=0.9958999752998352,loss=0.014340167865157127>
28.6261 seconds
Tested. Sparse categorical accuracy: 100.00

Target accuracy reached after  9  rounds
Average time per round: 29.00

2020-05-07 08:29:54.635780
