
TENSORFLOW USERS:
You must use the python3.6-anaconda/5.2.0 module to run TensorFlow.
See https://arc-ts.umich.edu/greatlakes/software/tensorflow for more
information.



The following have been reloaded with a version change:
  1) cuda/10.0.130 => cuda/10.1.105


Currently Loaded Modules:
  1) python3.7-anaconda/2019.07   2) cudnn/10.0-v7.6   3) cuda/10.1.105

 

mkdir: cannot create directory ‘results/5944196’: File exists
mkdir: cannot create directory ‘results/5944196/log’: File exists
Test  206
2020-05-06 00:49:23.299177


Schema 1: Each client partially IID
--------------------------------------------------
percent data distributed IID:  100
number of classes for non-IID data:  2
data points per client (mean, std dev): ( 600 ,  0 )
--------------------------------------------------

round  1, metrics=<sparse_categorical_accuracy=0.848633348941803,loss=0.445652574300766>
33.6174 seconds
Tested. Sparse categorical accuracy: 95.00

round  2, metrics=<sparse_categorical_accuracy=0.9833499789237976,loss=0.056726258248090744>
33.5456 seconds
Tested. Sparse categorical accuracy: 97.00

round  3, metrics=<sparse_categorical_accuracy=0.9883833527565002,loss=0.04167633876204491>
32.6696 seconds
Tested. Sparse categorical accuracy: 95.00

round  4, metrics=<sparse_categorical_accuracy=0.9908833503723145,loss=0.03290821611881256>
31.4610 seconds
Tested. Sparse categorical accuracy: 97.00

round  5, metrics=<sparse_categorical_accuracy=0.9927499890327454,loss=0.025935644283890724>
33.3878 seconds
Tested. Sparse categorical accuracy: 98.00

round  6, metrics=<sparse_categorical_accuracy=0.9939000010490417,loss=0.022751513868570328>
32.6746 seconds
Tested. Sparse categorical accuracy: 97.00

round  7, metrics=<sparse_categorical_accuracy=0.9950166940689087,loss=0.018275707960128784>
32.8880 seconds
Tested. Sparse categorical accuracy: 97.00

round  8, metrics=<sparse_categorical_accuracy=0.9947166442871094,loss=0.018738316372036934>
32.2130 seconds
Tested. Sparse categorical accuracy: 100.00

Target accuracy reached after  8  rounds
Average time per round: 32.00

2020-05-06 00:53:54.449892
