
TENSORFLOW USERS:
You must use the python3.6-anaconda/5.2.0 module to run TensorFlow.
See https://arc-ts.umich.edu/greatlakes/software/tensorflow for more
information.



The following have been reloaded with a version change:
  1) cuda/10.0.130 => cuda/10.1.105


Currently Loaded Modules:
  1) python3.7-anaconda/2019.07   2) cudnn/10.0-v7.6   3) cuda/10.1.105

 

mkdir: cannot create directory ‘results/5944196’: File exists
mkdir: cannot create directory ‘results/5944196/log’: File exists
Test  178
2020-05-05 22:48:32.218988


Schema 1: Each client partially IID
--------------------------------------------------
percent data distributed IID:  20
number of classes for non-IID data:  2
data points per client (mean, std dev): ( 600 ,  0 )
--------------------------------------------------

round  1, metrics=<sparse_categorical_accuracy=0.8196333050727844,loss=0.581724226474762>
27.7215 seconds
Tested. Sparse categorical accuracy: 49.00

round  2, metrics=<sparse_categorical_accuracy=0.9473666548728943,loss=0.18910013139247894>
27.1438 seconds
Tested. Sparse categorical accuracy: 89.00

round  3, metrics=<sparse_categorical_accuracy=0.9811333417892456,loss=0.06741742044687271>
27.2873 seconds
Tested. Sparse categorical accuracy: 96.00

round  4, metrics=<sparse_categorical_accuracy=0.9922999739646912,loss=0.029600413516163826>
27.1844 seconds
Tested. Sparse categorical accuracy: 91.00

round  5, metrics=<sparse_categorical_accuracy=0.9938499927520752,loss=0.025586428120732307>
27.1569 seconds
Tested. Sparse categorical accuracy: 92.00

round  6, metrics=<sparse_categorical_accuracy=0.9909999966621399,loss=0.038242239505052567>
27.1783 seconds
Tested. Sparse categorical accuracy: 93.00

round  7, metrics=<sparse_categorical_accuracy=0.9949333071708679,loss=0.0185104887932539>
27.0110 seconds
Tested. Sparse categorical accuracy: 96.00

round  8, metrics=<sparse_categorical_accuracy=0.9921333193778992,loss=0.03195156529545784>
27.1626 seconds
Tested. Sparse categorical accuracy: 94.00

round  9, metrics=<sparse_categorical_accuracy=0.9969833493232727,loss=0.010469871573150158>
27.2546 seconds
Tested. Sparse categorical accuracy: 95.00

round 10, metrics=<sparse_categorical_accuracy=0.9967666864395142,loss=0.011599554680287838>
27.2860 seconds
Tested. Sparse categorical accuracy: 98.00

round 11, metrics=<sparse_categorical_accuracy=0.9964166879653931,loss=0.014877647161483765>
27.1416 seconds
Tested. Sparse categorical accuracy: 97.00

round 12, metrics=<sparse_categorical_accuracy=0.9973333477973938,loss=0.010494451969861984>
27.2738 seconds
Tested. Sparse categorical accuracy: 95.00

round 13, metrics=<sparse_categorical_accuracy=0.9958333373069763,loss=0.016743693500757217>
27.1682 seconds
Tested. Sparse categorical accuracy: 97.00

round 14, metrics=<sparse_categorical_accuracy=0.998116672039032,loss=0.007214820012450218>
27.1503 seconds
Tested. Sparse categorical accuracy: 98.00

round 15, metrics=<sparse_categorical_accuracy=0.9980000257492065,loss=0.007574460934847593>
26.8905 seconds
Tested. Sparse categorical accuracy: 96.00

round 16, metrics=<sparse_categorical_accuracy=0.9968833327293396,loss=0.013649377040565014>
27.1982 seconds
Tested. Sparse categorical accuracy: 96.00

round 17, metrics=<sparse_categorical_accuracy=0.9970166683197021,loss=0.011665202677249908>
27.1265 seconds
Tested. Sparse categorical accuracy: 99.00

Target accuracy reached after  17  rounds
Average time per round: 27.00

2020-05-05 22:56:25.368458
