
TENSORFLOW USERS:
You must use the python3.6-anaconda/5.2.0 module to run TensorFlow.
See https://arc-ts.umich.edu/greatlakes/software/tensorflow for more
information.



The following have been reloaded with a version change:
  1) cuda/10.0.130 => cuda/10.1.105


Currently Loaded Modules:
  1) python3.7-anaconda/2019.07   2) cudnn/10.0-v7.6   3) cuda/10.1.105

 

mkdir: cannot create directory ‘results/5944196’: File exists
mkdir: cannot create directory ‘results/5944196/log’: File exists
Test  6
2020-05-04 17:47:49.050395


Schema 1: Each client partially IID
--------------------------------------------------
percent data distributed IID:  0
number of classes for non-IID data:  2
data points per client (mean, std dev): ( 600 ,  0 )
--------------------------------------------------

round  1, metrics=<sparse_categorical_accuracy=0.996666669845581,loss=0.02566595748066902>
51.6017 seconds
Tested. Sparse categorical accuracy: 9.00

round  2, metrics=<sparse_categorical_accuracy=0.9970666766166687,loss=0.00900004431605339>
46.9825 seconds
Tested. Sparse categorical accuracy: 26.00

round  3, metrics=<sparse_categorical_accuracy=0.9969066381454468,loss=0.022473972290754318>
44.7204 seconds
Tested. Sparse categorical accuracy: 13.00

round  4, metrics=<sparse_categorical_accuracy=0.9973333477973938,loss=0.011671117506921291>
42.9860 seconds
Tested. Sparse categorical accuracy: 8.00

round  5, metrics=<sparse_categorical_accuracy=0.9969333410263062,loss=0.01347328070551157>
42.8566 seconds
Tested. Sparse categorical accuracy: 9.00

round  6, metrics=<sparse_categorical_accuracy=0.9970666766166687,loss=0.010997912846505642>
44.6999 seconds
Tested. Sparse categorical accuracy: 22.00

round  7, metrics=<sparse_categorical_accuracy=0.9969333410263062,loss=0.014790496788918972>
42.7315 seconds
Tested. Sparse categorical accuracy: 9.00

round  8, metrics=<sparse_categorical_accuracy=0.9969333410263062,loss=0.009389887563884258>
44.8046 seconds
Tested. Sparse categorical accuracy: 9.00

round  9, metrics=<sparse_categorical_accuracy=0.9969333410263062,loss=0.008535943925380707>
42.5319 seconds
Tested. Sparse categorical accuracy: 7.00

round 10, metrics=<sparse_categorical_accuracy=0.9970666766166687,loss=0.00990742351859808>
45.1287 seconds
Tested. Sparse categorical accuracy: 23.00

round 11, metrics=<sparse_categorical_accuracy=0.9969333410263062,loss=0.013259592466056347>
42.7833 seconds
Tested. Sparse categorical accuracy: 11.00

round 12, metrics=<sparse_categorical_accuracy=0.9969466924667358,loss=0.008205030113458633>
42.9072 seconds
Tested. Sparse categorical accuracy: 33.00

round 13, metrics=<sparse_categorical_accuracy=0.9974266886711121,loss=0.008670195005834103>
41.9090 seconds
Tested. Sparse categorical accuracy: 7.00

round 14, metrics=<sparse_categorical_accuracy=0.9970666766166687,loss=0.008797197602689266>
44.1302 seconds
Tested. Sparse categorical accuracy: 18.00

round 15, metrics=<sparse_categorical_accuracy=0.9969333410263062,loss=0.011337585747241974>
42.8772 seconds
Tested. Sparse categorical accuracy: 14.00

round 16, metrics=<sparse_categorical_accuracy=0.9975066781044006,loss=0.008144636638462543>
42.9970 seconds
Tested. Sparse categorical accuracy: 31.00

round 17, metrics=<sparse_categorical_accuracy=0.9976666569709778,loss=0.0080915791913867>
43.7807 seconds
Tested. Sparse categorical accuracy: 6.00

round 18, metrics=<sparse_categorical_accuracy=0.9970666766166687,loss=0.008845260366797447>
43.2897 seconds
Tested. Sparse categorical accuracy: 19.00

round 19, metrics=<sparse_categorical_accuracy=0.9969199895858765,loss=0.011133651249110699>
43.8400 seconds
Tested. Sparse categorical accuracy: 19.00

round 20, metrics=<sparse_categorical_accuracy=0.9975066781044006,loss=0.007786053232848644>
43.3524 seconds
Tested. Sparse categorical accuracy: 18.00

round 21, metrics=<sparse_categorical_accuracy=0.9976666569709778,loss=0.00788043811917305>
42.3091 seconds
Tested. Sparse categorical accuracy: 12.00

round 22, metrics=<sparse_categorical_accuracy=0.9970666766166687,loss=0.008291296660900116>
42.2080 seconds
Tested. Sparse categorical accuracy: 20.00

round 23, metrics=<sparse_categorical_accuracy=0.9968933463096619,loss=0.010286535136401653>
43.3461 seconds
Tested. Sparse categorical accuracy: 15.00

round 24, metrics=<sparse_categorical_accuracy=0.9975066781044006,loss=0.007352890446782112>
43.4066 seconds
Tested. Sparse categorical accuracy: 26.00

round 25, metrics=<sparse_categorical_accuracy=0.9976800084114075,loss=0.007293705362826586>
44.6929 seconds
Tested. Sparse categorical accuracy: 11.00

round 26, metrics=<sparse_categorical_accuracy=0.9970666766166687,loss=0.007856164127588272>
41.8975 seconds
Tested. Sparse categorical accuracy: 16.00

round 27, metrics=<sparse_categorical_accuracy=0.9969733357429504,loss=0.009536294266581535>
43.7942 seconds
Tested. Sparse categorical accuracy: 31.00

round 28, metrics=<sparse_categorical_accuracy=0.997866690158844,loss=0.006614988204091787>
42.5694 seconds
Tested. Sparse categorical accuracy: 35.00

round 29, metrics=<sparse_categorical_accuracy=0.9979866743087769,loss=0.006666264031082392>
43.0256 seconds
Tested. Sparse categorical accuracy: 19.00

round 30, metrics=<sparse_categorical_accuracy=0.9972133040428162,loss=0.007065249141305685>
41.7840 seconds
Tested. Sparse categorical accuracy: 46.00

round 31, metrics=<sparse_categorical_accuracy=0.9974133372306824,loss=0.008480641059577465>
41.3513 seconds
Tested. Sparse categorical accuracy: 37.00

round 32, metrics=<sparse_categorical_accuracy=0.9980666637420654,loss=0.005799487233161926>
42.4230 seconds
Tested. Sparse categorical accuracy: 41.00

round 33, metrics=<sparse_categorical_accuracy=0.9981066584587097,loss=0.005763079505413771>
44.1533 seconds
Tested. Sparse categorical accuracy: 29.00

round 34, metrics=<sparse_categorical_accuracy=0.9973733425140381,loss=0.006113109178841114>
42.5115 seconds
Tested. Sparse categorical accuracy: 42.00

round 35, metrics=<sparse_categorical_accuracy=0.9977733492851257,loss=0.007129083853214979>
43.1793 seconds
Tested. Sparse categorical accuracy: 50.00

round 36, metrics=<sparse_categorical_accuracy=0.9982933402061462,loss=0.005064725410193205>
42.6082 seconds
Tested. Sparse categorical accuracy: 46.00

round 37, metrics=<sparse_categorical_accuracy=0.998253345489502,loss=0.004908695351332426>
42.9922 seconds
Tested. Sparse categorical accuracy: 38.00

round 38, metrics=<sparse_categorical_accuracy=0.9980133175849915,loss=0.004735628142952919>
43.9078 seconds
Tested. Sparse categorical accuracy: 59.00

round 39, metrics=<sparse_categorical_accuracy=0.9980133175849915,loss=0.005562190432101488>
43.0437 seconds
Tested. Sparse categorical accuracy: 48.00

round 40, metrics=<sparse_categorical_accuracy=0.9982799887657166,loss=0.004421081859618425>
44.9363 seconds
Tested. Sparse categorical accuracy: 64.00

round 41, metrics=<sparse_categorical_accuracy=0.998573362827301,loss=0.004086904227733612>
43.8409 seconds
Tested. Sparse categorical accuracy: 46.00

round 42, metrics=<sparse_categorical_accuracy=0.9980666637420654,loss=0.0048389616422355175>
43.8186 seconds
Tested. Sparse categorical accuracy: 59.00

round 43, metrics=<sparse_categorical_accuracy=0.9982133507728577,loss=0.006008213385939598>
42.7850 seconds
Tested. Sparse categorical accuracy: 56.00

round 44, metrics=<sparse_categorical_accuracy=0.9986400008201599,loss=0.00449351966381073>
42.0753 seconds
Tested. Sparse categorical accuracy: 64.00

round 45, metrics=<sparse_categorical_accuracy=0.998573362827301,loss=0.0037333928048610687>
45.0462 seconds
Tested. Sparse categorical accuracy: 63.00

round 46, metrics=<sparse_categorical_accuracy=0.9985866546630859,loss=0.003749299328774214>
43.6941 seconds
Tested. Sparse categorical accuracy: 65.00

round 47, metrics=<sparse_categorical_accuracy=0.9983866810798645,loss=0.004342010710388422>
42.7910 seconds
Tested. Sparse categorical accuracy: 51.00

round 48, metrics=<sparse_categorical_accuracy=0.9986000061035156,loss=0.003685006173327565>
42.5245 seconds
Tested. Sparse categorical accuracy: 61.00

round 49, metrics=<sparse_categorical_accuracy=0.9988933205604553,loss=0.003061919705942273>
44.5800 seconds
Tested. Sparse categorical accuracy: 60.00

round 50, metrics=<sparse_categorical_accuracy=0.9983733296394348,loss=0.003898469964042306>
42.7374 seconds
Tested. Sparse categorical accuracy: 64.00

round 51, metrics=<sparse_categorical_accuracy=0.9983999729156494,loss=0.004863401409238577>
45.1344 seconds
Tested. Sparse categorical accuracy: 64.00

round 52, metrics=<sparse_categorical_accuracy=0.9990133047103882,loss=0.003188246861100197>
42.5257 seconds
Tested. Sparse categorical accuracy: 51.00

round 53, metrics=<sparse_categorical_accuracy=0.9985866546630859,loss=0.003786285873502493>
43.4036 seconds
Tested. Sparse categorical accuracy: 48.00

round 54, metrics=<sparse_categorical_accuracy=0.9984400272369385,loss=0.00443022046238184>
42.2353 seconds
Tested. Sparse categorical accuracy: 63.00

round 55, metrics=<sparse_categorical_accuracy=0.9979333281517029,loss=0.005795881152153015>
45.1524 seconds
Tested. Sparse categorical accuracy: 52.00

round 56, metrics=<sparse_categorical_accuracy=0.998853325843811,loss=0.003536336589604616>
43.2243 seconds
Tested. Sparse categorical accuracy: 79.00

round 57, metrics=<sparse_categorical_accuracy=0.9990000128746033,loss=0.0029733157716691494>
42.6112 seconds
Tested. Sparse categorical accuracy: 70.00

round 58, metrics=<sparse_categorical_accuracy=0.9991466403007507,loss=0.0025166207924485207>
42.2806 seconds
Tested. Sparse categorical accuracy: 74.00

round 59, metrics=<sparse_categorical_accuracy=0.9989466667175293,loss=0.0029869258869439363>
44.9659 seconds
Tested. Sparse categorical accuracy: 52.00

round 60, metrics=<sparse_categorical_accuracy=0.9986133575439453,loss=0.0036225374788045883>
43.2202 seconds
Tested. Sparse categorical accuracy: 64.00

round 61, metrics=<sparse_categorical_accuracy=0.9984400272369385,loss=0.004625989589840174>
44.9442 seconds
Tested. Sparse categorical accuracy: 57.00

round 62, metrics=<sparse_categorical_accuracy=0.9987599849700928,loss=0.003161322558298707>
44.0897 seconds
Tested. Sparse categorical accuracy: 72.00

round 63, metrics=<sparse_categorical_accuracy=0.9986533522605896,loss=0.003783718217164278>
44.1929 seconds
Tested. Sparse categorical accuracy: 83.00

round 64, metrics=<sparse_categorical_accuracy=0.9994266629219055,loss=0.002500360133126378>
43.8427 seconds
Tested. Sparse categorical accuracy: 72.00

round 65, metrics=<sparse_categorical_accuracy=0.9988800287246704,loss=0.0028867253568023443>
45.4933 seconds
Tested. Sparse categorical accuracy: 64.00

round 66, metrics=<sparse_categorical_accuracy=0.9988133311271667,loss=0.00375719228759408>
44.1980 seconds
Tested. Sparse categorical accuracy: 72.00

round 67, metrics=<sparse_categorical_accuracy=0.9985066652297974,loss=0.004080277401953936>
45.5054 seconds
Tested. Sparse categorical accuracy: 73.00

round 68, metrics=<sparse_categorical_accuracy=0.9991199970245361,loss=0.002477961592376232>
42.0751 seconds
Tested. Sparse categorical accuracy: 79.00

round 69, metrics=<sparse_categorical_accuracy=0.9993333220481873,loss=0.0022761679720133543>
42.6962 seconds
Tested. Sparse categorical accuracy: 79.00

round 70, metrics=<sparse_categorical_accuracy=0.9992133378982544,loss=0.0024190645199269056>
44.4554 seconds
Tested. Sparse categorical accuracy: 75.00

round 71, metrics=<sparse_categorical_accuracy=0.9989466667175293,loss=0.002563328016549349>
46.1802 seconds
Tested. Sparse categorical accuracy: 71.00

round 72, metrics=<sparse_categorical_accuracy=0.9991199970245361,loss=0.0024853472132235765>
45.1589 seconds
Tested. Sparse categorical accuracy: 71.00

round 73, metrics=<sparse_categorical_accuracy=0.9989333152770996,loss=0.0029092589393258095>
44.4727 seconds
Tested. Sparse categorical accuracy: 76.00

round 74, metrics=<sparse_categorical_accuracy=0.999239981174469,loss=0.002361399121582508>
42.3302 seconds
Tested. Sparse categorical accuracy: 77.00

round 75, metrics=<sparse_categorical_accuracy=0.9990133047103882,loss=0.002797170775011182>
45.4616 seconds
Tested. Sparse categorical accuracy: 77.00

round 76, metrics=<sparse_categorical_accuracy=0.9992799758911133,loss=0.0021220361813902855>
44.2540 seconds
Tested. Sparse categorical accuracy: 77.00

round 77, metrics=<sparse_categorical_accuracy=0.9993199706077576,loss=0.0020629612263292074>
44.1865 seconds
Tested. Sparse categorical accuracy: 85.00

round 78, metrics=<sparse_categorical_accuracy=0.9991999864578247,loss=0.002008069772273302>
43.6650 seconds
Tested. Sparse categorical accuracy: 78.00

round 79, metrics=<sparse_categorical_accuracy=0.9989466667175293,loss=0.0029127595480531454>
44.3496 seconds
Tested. Sparse categorical accuracy: 74.00

round 80, metrics=<sparse_categorical_accuracy=0.999239981174469,loss=0.0023511711042374372>
44.1524 seconds
Tested. Sparse categorical accuracy: 79.00

round 81, metrics=<sparse_categorical_accuracy=0.9993333220481873,loss=0.0021071252413094044>
41.7709 seconds
Tested. Sparse categorical accuracy: 81.00

round 82, metrics=<sparse_categorical_accuracy=0.9990266561508179,loss=0.0026062659453600645>
43.8185 seconds
Tested. Sparse categorical accuracy: 75.00

round 83, metrics=<sparse_categorical_accuracy=0.9991466403007507,loss=0.0022987588308751583>
44.9074 seconds
Tested. Sparse categorical accuracy: 90.00

round 84, metrics=<sparse_categorical_accuracy=0.9995999932289124,loss=0.0015312436735257506>
44.1122 seconds
Tested. Sparse categorical accuracy: 89.00

round 85, metrics=<sparse_categorical_accuracy=0.9995733499526978,loss=0.0015517608262598515>
42.4062 seconds
Tested. Sparse categorical accuracy: 81.00

round 86, metrics=<sparse_categorical_accuracy=0.9993733167648315,loss=0.0018934804247692227>
44.3370 seconds
Tested. Sparse categorical accuracy: 84.00

round 87, metrics=<sparse_categorical_accuracy=0.9994266629219055,loss=0.001587558421306312>
43.0198 seconds
Tested. Sparse categorical accuracy: 87.00

round 88, metrics=<sparse_categorical_accuracy=0.9994400143623352,loss=0.001791380811482668>
45.5689 seconds
Tested. Sparse categorical accuracy: 75.00

round 89, metrics=<sparse_categorical_accuracy=0.9991866946220398,loss=0.0021862220019102097>
41.0365 seconds
Tested. Sparse categorical accuracy: 60.00

round 90, metrics=<sparse_categorical_accuracy=0.9987599849700928,loss=0.0036005163565278053>
44.0536 seconds
Tested. Sparse categorical accuracy: 77.00

round 91, metrics=<sparse_categorical_accuracy=0.9988666772842407,loss=0.0037955737207084894>
42.9135 seconds
Tested. Sparse categorical accuracy: 78.00

round 92, metrics=<sparse_categorical_accuracy=0.9993466734886169,loss=0.0021532787941396236>
44.3762 seconds
Tested. Sparse categorical accuracy: 80.00

round 93, metrics=<sparse_categorical_accuracy=0.9993600249290466,loss=0.0020559579133987427>
43.1327 seconds
Tested. Sparse categorical accuracy: 87.00

round 94, metrics=<sparse_categorical_accuracy=0.9993733167648315,loss=0.0018330744933336973>
44.5589 seconds
Tested. Sparse categorical accuracy: 82.00

round 95, metrics=<sparse_categorical_accuracy=0.9990933537483215,loss=0.0024641985073685646>
43.0360 seconds
Tested. Sparse categorical accuracy: 70.00

round 96, metrics=<sparse_categorical_accuracy=0.9992533326148987,loss=0.002243033843114972>
44.0700 seconds
Tested. Sparse categorical accuracy: 74.00

round 97, metrics=<sparse_categorical_accuracy=0.9990133047103882,loss=0.003073880448937416>
43.1351 seconds
Tested. Sparse categorical accuracy: 80.00

round 98, metrics=<sparse_categorical_accuracy=0.9995066523551941,loss=0.0015633420553058386>
44.2093 seconds
Tested. Sparse categorical accuracy: 82.00

round 99, metrics=<sparse_categorical_accuracy=0.9994133114814758,loss=0.0016112173907458782>
42.9526 seconds
Tested. Sparse categorical accuracy: 87.00

round 100, metrics=<sparse_categorical_accuracy=0.999613344669342,loss=0.0014116367092356086>
44.9782 seconds
Tested. Sparse categorical accuracy: 87.00

round 101, metrics=<sparse_categorical_accuracy=0.9995200037956238,loss=0.0016635712236166>
42.6132 seconds
Tested. Sparse categorical accuracy: 79.00

round 102, metrics=<sparse_categorical_accuracy=0.9993733167648315,loss=0.001603750861249864>
46.0084 seconds
Tested. Sparse categorical accuracy: 84.00

round 103, metrics=<sparse_categorical_accuracy=0.9992799758911133,loss=0.0020321595948189497>
42.6451 seconds
Tested. Sparse categorical accuracy: 89.00

round 104, metrics=<sparse_categorical_accuracy=0.9994666576385498,loss=0.0014617949491366744>
43.5400 seconds
Tested. Sparse categorical accuracy: 85.00

round 105, metrics=<sparse_categorical_accuracy=0.9994533061981201,loss=0.001747577334754169>
43.1811 seconds
Tested. Sparse categorical accuracy: 83.00

round 106, metrics=<sparse_categorical_accuracy=0.9993466734886169,loss=0.0017668178770691156>
44.4804 seconds
Tested. Sparse categorical accuracy: 91.00

round 107, metrics=<sparse_categorical_accuracy=0.9993333220481873,loss=0.0020090066827833652>
43.5523 seconds
Tested. Sparse categorical accuracy: 92.00

round 108, metrics=<sparse_categorical_accuracy=0.9997199773788452,loss=0.0009100842289626598>
44.9726 seconds
Tested. Sparse categorical accuracy: 91.00

round 109, metrics=<sparse_categorical_accuracy=0.9996266961097717,loss=0.0012733213370665908>
43.5601 seconds
Tested. Sparse categorical accuracy: 89.00

round 110, metrics=<sparse_categorical_accuracy=0.9994266629219055,loss=0.001495984266512096>
43.3376 seconds
Tested. Sparse categorical accuracy: 83.00

round 111, metrics=<sparse_categorical_accuracy=0.9995200037956238,loss=0.0011890728492289782>
44.5329 seconds
Tested. Sparse categorical accuracy: 90.00

round 112, metrics=<sparse_categorical_accuracy=0.9996799826622009,loss=0.001070780330337584>
45.1403 seconds
Tested. Sparse categorical accuracy: 90.00

round 113, metrics=<sparse_categorical_accuracy=0.9996399879455566,loss=0.0012523786863312125>
42.2890 seconds
Tested. Sparse categorical accuracy: 92.00

round 114, metrics=<sparse_categorical_accuracy=0.9995999932289124,loss=0.001209930283948779>
44.3719 seconds
Tested. Sparse categorical accuracy: 84.00

round 115, metrics=<sparse_categorical_accuracy=0.9995066523551941,loss=0.0013224879512563348>
46.6235 seconds
Tested. Sparse categorical accuracy: 85.00

round 116, metrics=<sparse_categorical_accuracy=0.999666690826416,loss=0.0012467175256460905>
43.5636 seconds
Tested. Sparse categorical accuracy: 91.00

round 117, metrics=<sparse_categorical_accuracy=0.9995599985122681,loss=0.0012336652725934982>
43.5362 seconds
Tested. Sparse categorical accuracy: 84.00

round 118, metrics=<sparse_categorical_accuracy=0.9993866682052612,loss=0.0016881941119208932>
43.7563 seconds
Tested. Sparse categorical accuracy: 85.00

round 119, metrics=<sparse_categorical_accuracy=0.999239981174469,loss=0.0021323855035007>
41.9423 seconds
Tested. Sparse categorical accuracy: 82.00

round 120, metrics=<sparse_categorical_accuracy=0.9993866682052612,loss=0.0017731370171532035>
41.8245 seconds
Tested. Sparse categorical accuracy: 81.00

round 121, metrics=<sparse_categorical_accuracy=0.9995466470718384,loss=0.0015503540635108948>
43.6720 seconds
Tested. Sparse categorical accuracy: 89.00

round 122, metrics=<sparse_categorical_accuracy=0.9995466470718384,loss=0.0012438084231689572>
44.2698 seconds
Tested. Sparse categorical accuracy: 89.00

round 123, metrics=<sparse_categorical_accuracy=0.9997066855430603,loss=0.0010255704401060939>
43.9313 seconds
Tested. Sparse categorical accuracy: 92.00

round 124, metrics=<sparse_categorical_accuracy=0.999613344669342,loss=0.0013061733916401863>
44.4369 seconds
Tested. Sparse categorical accuracy: 93.00

round 125, metrics=<sparse_categorical_accuracy=0.9996266961097717,loss=0.0014963616849854589>
45.7005 seconds
Tested. Sparse categorical accuracy: 80.00

round 126, metrics=<sparse_categorical_accuracy=0.9995599985122681,loss=0.001686676754616201>
46.9168 seconds
Tested. Sparse categorical accuracy: 91.00

round 127, metrics=<sparse_categorical_accuracy=0.9995066523551941,loss=0.0016030491096898913>
45.0634 seconds
Tested. Sparse categorical accuracy: 84.00

round 128, metrics=<sparse_categorical_accuracy=0.9995200037956238,loss=0.0015620418125763535>
43.7371 seconds
Tested. Sparse categorical accuracy: 77.00

round 129, metrics=<sparse_categorical_accuracy=0.9994000196456909,loss=0.0015672444133087993>
43.0689 seconds
Tested. Sparse categorical accuracy: 76.00

round 130, metrics=<sparse_categorical_accuracy=0.9993066787719727,loss=0.002221837639808655>
43.9497 seconds
Tested. Sparse categorical accuracy: 90.00

round 131, metrics=<sparse_categorical_accuracy=0.999239981174469,loss=0.0024593903217464685>
42.7266 seconds
Tested. Sparse categorical accuracy: 77.00

round 132, metrics=<sparse_categorical_accuracy=0.9992133378982544,loss=0.002608206821605563>
45.8358 seconds
Tested. Sparse categorical accuracy: 79.00

round 133, metrics=<sparse_categorical_accuracy=0.9994533061981201,loss=0.0018160672625526786>
46.2520 seconds
Tested. Sparse categorical accuracy: 90.00

round 134, metrics=<sparse_categorical_accuracy=0.9994133114814758,loss=0.0017647920176386833>
47.7953 seconds
Tested. Sparse categorical accuracy: 92.00

round 135, metrics=<sparse_categorical_accuracy=0.9994666576385498,loss=0.0014482858823612332>
43.7340 seconds
Tested. Sparse categorical accuracy: 82.00

round 136, metrics=<sparse_categorical_accuracy=0.9994800090789795,loss=0.0014434638433158398>
45.1500 seconds
Tested. Sparse categorical accuracy: 88.00

round 137, metrics=<sparse_categorical_accuracy=0.9996533393859863,loss=0.0012995447032153606>
44.0720 seconds
Tested. Sparse categorical accuracy: 87.00

round 138, metrics=<sparse_categorical_accuracy=0.9996266961097717,loss=0.001280156895518303>
43.6164 seconds
Tested. Sparse categorical accuracy: 87.00

round 139, metrics=<sparse_categorical_accuracy=0.9996799826622009,loss=0.0011888748267665505>
44.5481 seconds
Tested. Sparse categorical accuracy: 94.00

round 140, metrics=<sparse_categorical_accuracy=0.9995999932289124,loss=0.0010862466879189014>
44.9391 seconds
Tested. Sparse categorical accuracy: 92.00

round 141, metrics=<sparse_categorical_accuracy=0.9996799826622009,loss=0.0010244891745969653>
42.7967 seconds
Tested. Sparse categorical accuracy: 89.00

round 142, metrics=<sparse_categorical_accuracy=0.9995066523551941,loss=0.0012924214825034142>
45.1109 seconds
Tested. Sparse categorical accuracy: 92.00

round 143, metrics=<sparse_categorical_accuracy=0.9996399879455566,loss=0.0010097535559907556>
43.9813 seconds
Tested. Sparse categorical accuracy: 90.00

round 144, metrics=<sparse_categorical_accuracy=0.9997599720954895,loss=0.0009611232671886683>
45.8334 seconds
Tested. Sparse categorical accuracy: 93.00

round 145, metrics=<sparse_categorical_accuracy=0.9996399879455566,loss=0.0012361627304926515>
43.0201 seconds
Tested. Sparse categorical accuracy: 90.00

round 146, metrics=<sparse_categorical_accuracy=0.9994933605194092,loss=0.0014687770744785666>
44.6561 seconds
Tested. Sparse categorical accuracy: 92.00

round 147, metrics=<sparse_categorical_accuracy=0.999613344669342,loss=0.0011448151199147105>
43.0905 seconds
Tested. Sparse categorical accuracy: 95.00

round 148, metrics=<sparse_categorical_accuracy=0.9998266696929932,loss=0.0007704433519393206>
44.1166 seconds
Tested. Sparse categorical accuracy: 93.00

round 149, metrics=<sparse_categorical_accuracy=0.9996799826622009,loss=0.000977856107056141>
43.2405 seconds
Tested. Sparse categorical accuracy: 93.00

round 150, metrics=<sparse_categorical_accuracy=0.9995466470718384,loss=0.0014652347890660167>
43.4272 seconds
Tested. Sparse categorical accuracy: 84.00

round 151, metrics=<sparse_categorical_accuracy=0.9994000196456909,loss=0.0017408326966688037>
43.9268 seconds
Tested. Sparse categorical accuracy: 77.00

round 152, metrics=<sparse_categorical_accuracy=0.9992133378982544,loss=0.002757216338068247>
45.9266 seconds
Tested. Sparse categorical accuracy: 71.00

round 153, metrics=<sparse_categorical_accuracy=0.9992266893386841,loss=0.002818481298163533>
45.8410 seconds
Tested. Sparse categorical accuracy: 76.00

round 154, metrics=<sparse_categorical_accuracy=0.9994666576385498,loss=0.0015930383233353496>
42.6885 seconds
Tested. Sparse categorical accuracy: 91.00

round 155, metrics=<sparse_categorical_accuracy=0.9995733499526978,loss=0.0012258258648216724>
43.2529 seconds
Tested. Sparse categorical accuracy: 91.00

round 156, metrics=<sparse_categorical_accuracy=0.9996933341026306,loss=0.0010246450547128916>
42.8328 seconds
Tested. Sparse categorical accuracy: 90.00

round 157, metrics=<sparse_categorical_accuracy=0.9997733235359192,loss=0.0009296501521021128>
43.4344 seconds
Tested. Sparse categorical accuracy: 95.00

round 158, metrics=<sparse_categorical_accuracy=0.9996933341026306,loss=0.0010215005604550242>
45.9194 seconds
Tested. Sparse categorical accuracy: 97.00

round 159, metrics=<sparse_categorical_accuracy=0.9997066855430603,loss=0.0008791274740360677>
44.1637 seconds
Tested. Sparse categorical accuracy: 94.00

round 160, metrics=<sparse_categorical_accuracy=0.9996533393859863,loss=0.0010079218773171306>
46.5763 seconds
Tested. Sparse categorical accuracy: 93.00

round 161, metrics=<sparse_categorical_accuracy=0.9997733235359192,loss=0.0007217198144644499>
42.9476 seconds
Tested. Sparse categorical accuracy: 93.00

round 162, metrics=<sparse_categorical_accuracy=0.9996399879455566,loss=0.0010675456142053008>
44.9480 seconds
Tested. Sparse categorical accuracy: 95.00

round 163, metrics=<sparse_categorical_accuracy=0.9997466802597046,loss=0.0008838438079692423>
44.3361 seconds
Tested. Sparse categorical accuracy: 95.00

round 164, metrics=<sparse_categorical_accuracy=0.9998400211334229,loss=0.000666195061057806>
43.8838 seconds
Tested. Sparse categorical accuracy: 95.00

round 165, metrics=<sparse_categorical_accuracy=0.9997866749763489,loss=0.000757222471293062>
44.6191 seconds
Tested. Sparse categorical accuracy: 94.00

round 166, metrics=<sparse_categorical_accuracy=0.9996533393859863,loss=0.001267582643777132>
46.4927 seconds
Tested. Sparse categorical accuracy: 93.00

round 167, metrics=<sparse_categorical_accuracy=0.9996933341026306,loss=0.0010233302600681782>
43.6653 seconds
Tested. Sparse categorical accuracy: 93.00

round 168, metrics=<sparse_categorical_accuracy=0.9998266696929932,loss=0.0007021784549579024>
46.1417 seconds
Tested. Sparse categorical accuracy: 96.00

round 169, metrics=<sparse_categorical_accuracy=0.9998000264167786,loss=0.0006978434976190329>
43.1381 seconds
Tested. Sparse categorical accuracy: 96.00

round 170, metrics=<sparse_categorical_accuracy=0.9995866417884827,loss=0.001209803856909275>
42.2548 seconds
Tested. Sparse categorical accuracy: 94.00

round 171, metrics=<sparse_categorical_accuracy=0.9996799826622009,loss=0.0010540729854255915>
42.9966 seconds
Tested. Sparse categorical accuracy: 92.00

round 172, metrics=<sparse_categorical_accuracy=0.9996933341026306,loss=0.0009184470400214195>
45.5280 seconds
Tested. Sparse categorical accuracy: 95.00

round 173, metrics=<sparse_categorical_accuracy=0.9997599720954895,loss=0.0007803923799656332>
45.6955 seconds
Tested. Sparse categorical accuracy: 92.00

round 174, metrics=<sparse_categorical_accuracy=0.9997333288192749,loss=0.000876008125487715>
44.3944 seconds
Tested. Sparse categorical accuracy: 98.00

round 175, metrics=<sparse_categorical_accuracy=0.9997333288192749,loss=0.0008414378389716148>
48.1274 seconds
Tested. Sparse categorical accuracy: 94.00

round 176, metrics=<sparse_categorical_accuracy=0.9998000264167786,loss=0.0006683585233986378>
44.5981 seconds
Tested. Sparse categorical accuracy: 96.00

round 177, metrics=<sparse_categorical_accuracy=0.9997066855430603,loss=0.0007517726626247168>
45.6072 seconds
Tested. Sparse categorical accuracy: 83.00

round 178, metrics=<sparse_categorical_accuracy=0.9996799826622009,loss=0.0010092497104778886>
46.8514 seconds
Tested. Sparse categorical accuracy: 90.00

round 179, metrics=<sparse_categorical_accuracy=0.9995200037956238,loss=0.0012148460373282433>
45.6739 seconds
Tested. Sparse categorical accuracy: 73.00

round 180, metrics=<sparse_categorical_accuracy=0.9992133378982544,loss=0.002560513326898217>
43.2617 seconds
Tested. Sparse categorical accuracy: 71.00

round 181, metrics=<sparse_categorical_accuracy=0.9985866546630859,loss=0.005625148303806782>
44.2757 seconds
Tested. Sparse categorical accuracy: 44.00

round 182, metrics=<sparse_categorical_accuracy=0.9982666373252869,loss=0.005643480457365513>
43.9432 seconds
Tested. Sparse categorical accuracy: 65.00

round 183, metrics=<sparse_categorical_accuracy=0.998573362827301,loss=0.0035645687021315098>
46.1578 seconds
Tested. Sparse categorical accuracy: 69.00

round 184, metrics=<sparse_categorical_accuracy=0.9993066787719727,loss=0.002380408812314272>
43.2839 seconds
Tested. Sparse categorical accuracy: 88.00

round 185, metrics=<sparse_categorical_accuracy=0.9996266961097717,loss=0.0015600394690409303>
44.4554 seconds
Tested. Sparse categorical accuracy: 93.00

round 186, metrics=<sparse_categorical_accuracy=0.9994933605194092,loss=0.001634377520531416>
44.0788 seconds
Tested. Sparse categorical accuracy: 93.00

round 187, metrics=<sparse_categorical_accuracy=0.9996799826622009,loss=0.0010540912626311183>
43.6672 seconds
Tested. Sparse categorical accuracy: 91.00

round 188, metrics=<sparse_categorical_accuracy=0.9997733235359192,loss=0.0009380628471262753>
47.7120 seconds
Tested. Sparse categorical accuracy: 93.00

round 189, metrics=<sparse_categorical_accuracy=0.9997333288192749,loss=0.0008174619288183749>
43.3632 seconds
Tested. Sparse categorical accuracy: 92.00

round 190, metrics=<sparse_categorical_accuracy=0.9995866417884827,loss=0.0011223085457459092>
44.3432 seconds
Tested. Sparse categorical accuracy: 92.00

round 191, metrics=<sparse_categorical_accuracy=0.9996533393859863,loss=0.0009138807072304189>
42.9606 seconds
Tested. Sparse categorical accuracy: 93.00

round 192, metrics=<sparse_categorical_accuracy=0.9997333288192749,loss=0.000935484014917165>
47.0585 seconds
Tested. Sparse categorical accuracy: 96.00

round 193, metrics=<sparse_categorical_accuracy=0.9996799826622009,loss=0.0009015806135721505>
45.8342 seconds
Tested. Sparse categorical accuracy: 94.00

round 194, metrics=<sparse_categorical_accuracy=0.9997733235359192,loss=0.0009345401776954532>
43.6059 seconds
Tested. Sparse categorical accuracy: 95.00

round 195, metrics=<sparse_categorical_accuracy=0.9997466802597046,loss=0.0007505851681344211>
43.9909 seconds
Tested. Sparse categorical accuracy: 97.00

round 196, metrics=<sparse_categorical_accuracy=0.9998000264167786,loss=0.0006650261930190027>
42.0831 seconds
Tested. Sparse categorical accuracy: 94.00

round 197, metrics=<sparse_categorical_accuracy=0.9997333288192749,loss=0.0009619490592740476>
44.8095 seconds
Tested. Sparse categorical accuracy: 94.00

round 198, metrics=<sparse_categorical_accuracy=0.9997466802597046,loss=0.0009656813344918191>
42.3587 seconds
Tested. Sparse categorical accuracy: 95.00

round 199, metrics=<sparse_categorical_accuracy=0.9996933341026306,loss=0.0012252104934304953>
45.7737 seconds
Tested. Sparse categorical accuracy: 91.00

round 200, metrics=<sparse_categorical_accuracy=0.9997599720954895,loss=0.0008945072186179459>
42.4346 seconds
Tested. Sparse categorical accuracy: 88.00

round 201, metrics=<sparse_categorical_accuracy=0.9998266696929932,loss=0.0007677192916162312>
46.9268 seconds
Tested. Sparse categorical accuracy: 91.00

round 202, metrics=<sparse_categorical_accuracy=0.9998133182525635,loss=0.0008589322678744793>
42.4965 seconds
Tested. Sparse categorical accuracy: 94.00

round 203, metrics=<sparse_categorical_accuracy=0.9998133182525635,loss=0.0007674782536923885>
43.1414 seconds
Tested. Sparse categorical accuracy: 92.00

round 204, metrics=<sparse_categorical_accuracy=0.9998266696929932,loss=0.0007050394779071212>
43.9910 seconds
Tested. Sparse categorical accuracy: 91.00

round 205, metrics=<sparse_categorical_accuracy=0.9998266696929932,loss=0.000621024752035737>
43.8346 seconds
Tested. Sparse categorical accuracy: 94.00

round 206, metrics=<sparse_categorical_accuracy=0.9997599720954895,loss=0.0006946377106942236>
43.5302 seconds
Tested. Sparse categorical accuracy: 97.00

round 207, metrics=<sparse_categorical_accuracy=0.9997599720954895,loss=0.0007693650550208986>
48.4532 seconds
Tested. Sparse categorical accuracy: 94.00

round 208, metrics=<sparse_categorical_accuracy=0.9997866749763489,loss=0.000615065626334399>
43.5373 seconds
Tested. Sparse categorical accuracy: 93.00

round 209, metrics=<sparse_categorical_accuracy=0.9997066855430603,loss=0.0008086260058917105>
42.8317 seconds
Tested. Sparse categorical accuracy: 93.00

round 210, metrics=<sparse_categorical_accuracy=0.9997733235359192,loss=0.0008639494772069156>
43.1162 seconds
Tested. Sparse categorical accuracy: 92.00

round 211, metrics=<sparse_categorical_accuracy=0.9997866749763489,loss=0.0007263236329890788>
45.2381 seconds
Tested. Sparse categorical accuracy: 98.00

round 212, metrics=<sparse_categorical_accuracy=0.9998000264167786,loss=0.0006095939315855503>
44.5475 seconds
Tested. Sparse categorical accuracy: 97.00

round 213, metrics=<sparse_categorical_accuracy=0.9998000264167786,loss=0.0006347818416543305>
44.0266 seconds
Tested. Sparse categorical accuracy: 93.00

round 214, metrics=<sparse_categorical_accuracy=0.9997733235359192,loss=0.0007556707714684308>
45.6648 seconds
Tested. Sparse categorical accuracy: 92.00

round 215, metrics=<sparse_categorical_accuracy=0.9996933341026306,loss=0.0009025413892231882>
46.3254 seconds
Tested. Sparse categorical accuracy: 93.00

round 216, metrics=<sparse_categorical_accuracy=0.9997466802597046,loss=0.0007581600220873952>
43.6119 seconds
Tested. Sparse categorical accuracy: 89.00

round 217, metrics=<sparse_categorical_accuracy=0.9998533129692078,loss=0.0006550367688760161>
44.1025 seconds
Tested. Sparse categorical accuracy: 95.00

round 218, metrics=<sparse_categorical_accuracy=0.9996933341026306,loss=0.0009716342901811004>
43.5977 seconds
Tested. Sparse categorical accuracy: 92.00

round 219, metrics=<sparse_categorical_accuracy=0.9997333288192749,loss=0.0010057325707748532>
45.4176 seconds
Tested. Sparse categorical accuracy: 97.00

round 220, metrics=<sparse_categorical_accuracy=0.999666690826416,loss=0.001044022268615663>
41.8440 seconds
Tested. Sparse categorical accuracy: 90.00

round 221, metrics=<sparse_categorical_accuracy=0.9997466802597046,loss=0.000880986510310322>
45.4718 seconds
Tested. Sparse categorical accuracy: 86.00

round 222, metrics=<sparse_categorical_accuracy=0.9997599720954895,loss=0.0009896740084514022>
43.1951 seconds
Tested. Sparse categorical accuracy: 92.00

round 223, metrics=<sparse_categorical_accuracy=0.9997599720954895,loss=0.0010107114212587476>
45.7558 seconds
Tested. Sparse categorical accuracy: 90.00

round 224, metrics=<sparse_categorical_accuracy=0.9997199773788452,loss=0.0006745950086042285>
43.4639 seconds
Tested. Sparse categorical accuracy: 99.00

Target accuracy reached after  224  rounds
Average time per round: 44.00

2020-05-04 20:32:41.624745
