
TENSORFLOW USERS:
You must use the python3.6-anaconda/5.2.0 module to run TensorFlow.
See https://arc-ts.umich.edu/greatlakes/software/tensorflow for more
information.



The following have been reloaded with a version change:
  1) cuda/10.0.130 => cuda/10.1.105


Currently Loaded Modules:
  1) python3.7-anaconda/2019.07   2) cudnn/10.0-v7.6   3) cuda/10.1.105

 

mkdir: cannot create directory ‘results/5944196’: File exists
mkdir: cannot create directory ‘results/5944196/log’: File exists
Test  4
2020-05-04 17:07:49.118888


Schema 1: Each client partially IID
--------------------------------------------------
percent data distributed IID:  0
number of classes for non-IID data:  2
data points per client (mean, std dev): ( 600 ,  0 )
--------------------------------------------------

round  1, metrics=<sparse_categorical_accuracy=0.9975555539131165,loss=0.028676923364400864>
24.7830 seconds
Tested. Sparse categorical accuracy: 13.00

round  2, metrics=<sparse_categorical_accuracy=0.996666669845581,loss=0.011271243914961815>
26.1463 seconds
Tested. Sparse categorical accuracy: 11.00

round  3, metrics=<sparse_categorical_accuracy=0.9968888759613037,loss=0.022396830841898918>
23.7752 seconds
Tested. Sparse categorical accuracy: 8.00

round  4, metrics=<sparse_categorical_accuracy=0.9968888759613037,loss=0.012646825984120369>
25.4277 seconds
Tested. Sparse categorical accuracy: 7.00

round  5, metrics=<sparse_categorical_accuracy=0.996666669845581,loss=0.01178253535181284>
24.4132 seconds
Tested. Sparse categorical accuracy: 11.00

round  6, metrics=<sparse_categorical_accuracy=0.9968888759613037,loss=0.019707921892404556>
23.7537 seconds
Tested. Sparse categorical accuracy: 15.00

round  7, metrics=<sparse_categorical_accuracy=0.9968888759613037,loss=0.011255975812673569>
24.2877 seconds
Tested. Sparse categorical accuracy: 10.00

round  8, metrics=<sparse_categorical_accuracy=0.9971110820770264,loss=0.012207111343741417>
25.3337 seconds
Tested. Sparse categorical accuracy: 9.00

round  9, metrics=<sparse_categorical_accuracy=0.9971110820770264,loss=0.014200439676642418>
23.7954 seconds
Tested. Sparse categorical accuracy: 11.00

round 10, metrics=<sparse_categorical_accuracy=0.9971110820770264,loss=0.007818993180990219>
23.9360 seconds
Tested. Sparse categorical accuracy: 16.00

round 11, metrics=<sparse_categorical_accuracy=0.9974889159202576,loss=0.01013711467385292>
23.9583 seconds
Tested. Sparse categorical accuracy: 10.00

round 12, metrics=<sparse_categorical_accuracy=0.996666669845581,loss=0.009583498351275921>
24.4072 seconds
Tested. Sparse categorical accuracy: 15.00

round 13, metrics=<sparse_categorical_accuracy=0.9975555539131165,loss=0.008291253820061684>
24.8879 seconds
Tested. Sparse categorical accuracy: 11.00

round 14, metrics=<sparse_categorical_accuracy=0.996666669845581,loss=0.013227768242359161>
25.1469 seconds
Tested. Sparse categorical accuracy: 12.00

round 15, metrics=<sparse_categorical_accuracy=0.996666669845581,loss=0.013884374871850014>
25.3512 seconds
Tested. Sparse categorical accuracy: 8.00

round 16, metrics=<sparse_categorical_accuracy=0.9971333146095276,loss=0.007239264436066151>
24.0785 seconds
Tested. Sparse categorical accuracy: 25.00

round 17, metrics=<sparse_categorical_accuracy=0.9979555606842041,loss=0.007548112887889147>
24.4265 seconds
Tested. Sparse categorical accuracy: 25.00

round 18, metrics=<sparse_categorical_accuracy=0.9973333477973938,loss=0.008281858637928963>
24.3099 seconds
Tested. Sparse categorical accuracy: 9.00

round 19, metrics=<sparse_categorical_accuracy=0.9968888759613037,loss=0.011972704902291298>
25.6135 seconds
Tested. Sparse categorical accuracy: 26.00

round 20, metrics=<sparse_categorical_accuracy=0.9974222183227539,loss=0.010916289873421192>
26.0748 seconds
Tested. Sparse categorical accuracy: 18.00

round 21, metrics=<sparse_categorical_accuracy=0.9969778060913086,loss=0.00932227075099945>
23.8253 seconds
Tested. Sparse categorical accuracy: 15.00

round 22, metrics=<sparse_categorical_accuracy=0.9972000122070312,loss=0.009623905643820763>
25.0529 seconds
Tested. Sparse categorical accuracy: 19.00

round 23, metrics=<sparse_categorical_accuracy=0.9973777532577515,loss=0.008109578862786293>
24.7163 seconds
Tested. Sparse categorical accuracy: 24.00

round 24, metrics=<sparse_categorical_accuracy=0.997511088848114,loss=0.006400246173143387>
23.4895 seconds
Tested. Sparse categorical accuracy: 26.00

round 25, metrics=<sparse_categorical_accuracy=0.9971333146095276,loss=0.00819623377174139>
25.2668 seconds
Tested. Sparse categorical accuracy: 24.00

round 26, metrics=<sparse_categorical_accuracy=0.9975555539131165,loss=0.008178032003343105>
24.5057 seconds
Tested. Sparse categorical accuracy: 30.00

round 27, metrics=<sparse_categorical_accuracy=0.9972444176673889,loss=0.008664180524647236>
25.3839 seconds
Tested. Sparse categorical accuracy: 26.00

round 28, metrics=<sparse_categorical_accuracy=0.9974666833877563,loss=0.008602356538176537>
24.5909 seconds
Tested. Sparse categorical accuracy: 41.00

round 29, metrics=<sparse_categorical_accuracy=0.9980888962745667,loss=0.006583127658814192>
24.2151 seconds
Tested. Sparse categorical accuracy: 39.00

round 30, metrics=<sparse_categorical_accuracy=0.9986444711685181,loss=0.004531763028353453>
24.4153 seconds
Tested. Sparse categorical accuracy: 26.00

round 31, metrics=<sparse_categorical_accuracy=0.9980000257492065,loss=0.005451667588204145>
24.0329 seconds
Tested. Sparse categorical accuracy: 48.00

round 32, metrics=<sparse_categorical_accuracy=0.9977999925613403,loss=0.005769403651356697>
24.8139 seconds
Tested. Sparse categorical accuracy: 36.00

round 33, metrics=<sparse_categorical_accuracy=0.9979777932167053,loss=0.005237502511590719>
24.4282 seconds
Tested. Sparse categorical accuracy: 37.00

round 34, metrics=<sparse_categorical_accuracy=0.9976444244384766,loss=0.005989149212837219>
26.1049 seconds
Tested. Sparse categorical accuracy: 28.00

round 35, metrics=<sparse_categorical_accuracy=0.997511088848114,loss=0.008797265589237213>
24.2876 seconds
Tested. Sparse categorical accuracy: 43.00

round 36, metrics=<sparse_categorical_accuracy=0.9988666772842407,loss=0.003782199462875724>
25.8859 seconds
Tested. Sparse categorical accuracy: 45.00

round 37, metrics=<sparse_categorical_accuracy=0.9988889098167419,loss=0.003700228640809655>
24.0088 seconds
Tested. Sparse categorical accuracy: 45.00

round 38, metrics=<sparse_categorical_accuracy=0.9988666772842407,loss=0.0037241277750581503>
24.1925 seconds
Tested. Sparse categorical accuracy: 62.00

round 39, metrics=<sparse_categorical_accuracy=0.9984666705131531,loss=0.004771691747009754>
24.9656 seconds
Tested. Sparse categorical accuracy: 60.00

round 40, metrics=<sparse_categorical_accuracy=0.9983555674552917,loss=0.005417241249233484>
24.7531 seconds
Tested. Sparse categorical accuracy: 35.00

round 41, metrics=<sparse_categorical_accuracy=0.9971110820770264,loss=0.009528568014502525>
24.7180 seconds
Tested. Sparse categorical accuracy: 33.00

round 42, metrics=<sparse_categorical_accuracy=0.9980444312095642,loss=0.007401756942272186>
24.5554 seconds
Tested. Sparse categorical accuracy: 52.00

round 43, metrics=<sparse_categorical_accuracy=0.9987999796867371,loss=0.004111600574105978>
24.5553 seconds
Tested. Sparse categorical accuracy: 49.00

round 44, metrics=<sparse_categorical_accuracy=0.9986888766288757,loss=0.004427154082804918>
25.2920 seconds
Tested. Sparse categorical accuracy: 41.00

round 45, metrics=<sparse_categorical_accuracy=0.9981111288070679,loss=0.006512805353850126>
23.2543 seconds
Tested. Sparse categorical accuracy: 41.00

round 46, metrics=<sparse_categorical_accuracy=0.9983111023902893,loss=0.00537094846367836>
25.2958 seconds
Tested. Sparse categorical accuracy: 56.00

round 47, metrics=<sparse_categorical_accuracy=0.9983555674552917,loss=0.004489697515964508>
24.0230 seconds
Tested. Sparse categorical accuracy: 37.00

round 48, metrics=<sparse_categorical_accuracy=0.9983333349227905,loss=0.004736450966447592>
25.5349 seconds
Tested. Sparse categorical accuracy: 43.00

round 49, metrics=<sparse_categorical_accuracy=0.9983111023902893,loss=0.005207895766943693>
24.6019 seconds
Tested. Sparse categorical accuracy: 62.00

round 50, metrics=<sparse_categorical_accuracy=0.9993555545806885,loss=0.002853309502825141>
24.3290 seconds
Tested. Sparse categorical accuracy: 53.00

round 51, metrics=<sparse_categorical_accuracy=0.9987555742263794,loss=0.0036320723593235016>
24.7214 seconds
Tested. Sparse categorical accuracy: 64.00

round 52, metrics=<sparse_categorical_accuracy=0.998533308506012,loss=0.0034309939946979284>
24.4756 seconds
Tested. Sparse categorical accuracy: 57.00

round 53, metrics=<sparse_categorical_accuracy=0.9985777735710144,loss=0.0038249760400503874>
26.0262 seconds
Tested. Sparse categorical accuracy: 58.00

round 54, metrics=<sparse_categorical_accuracy=0.998533308506012,loss=0.0039003111887723207>
24.1155 seconds
Tested. Sparse categorical accuracy: 45.00

round 55, metrics=<sparse_categorical_accuracy=0.9979555606842041,loss=0.00617296202108264>
25.1363 seconds
Tested. Sparse categorical accuracy: 63.00

round 56, metrics=<sparse_categorical_accuracy=0.9995111227035522,loss=0.002429044106975198>
25.5275 seconds
Tested. Sparse categorical accuracy: 66.00

round 57, metrics=<sparse_categorical_accuracy=0.9992444515228271,loss=0.0022341785952448845>
24.9616 seconds
Tested. Sparse categorical accuracy: 67.00

round 58, metrics=<sparse_categorical_accuracy=0.9989110827445984,loss=0.0030656135641038418>
24.2367 seconds
Tested. Sparse categorical accuracy: 74.00

round 59, metrics=<sparse_categorical_accuracy=0.999311089515686,loss=0.002465849043801427>
24.0011 seconds
Tested. Sparse categorical accuracy: 73.00

round 60, metrics=<sparse_categorical_accuracy=0.9986000061035156,loss=0.0033222513739019632>
24.2599 seconds
Tested. Sparse categorical accuracy: 53.00

round 61, metrics=<sparse_categorical_accuracy=0.9984222054481506,loss=0.006135180592536926>
24.3330 seconds
Tested. Sparse categorical accuracy: 48.00

round 62, metrics=<sparse_categorical_accuracy=0.9983555674552917,loss=0.005766649730503559>
24.9567 seconds
Tested. Sparse categorical accuracy: 61.00

round 63, metrics=<sparse_categorical_accuracy=0.9989110827445984,loss=0.003182991873472929>
24.4234 seconds
Tested. Sparse categorical accuracy: 67.00

round 64, metrics=<sparse_categorical_accuracy=0.999311089515686,loss=0.0026324817445129156>
24.1657 seconds
Tested. Sparse categorical accuracy: 60.00

round 65, metrics=<sparse_categorical_accuracy=0.9986666440963745,loss=0.003643442876636982>
25.2379 seconds
Tested. Sparse categorical accuracy: 65.00

round 66, metrics=<sparse_categorical_accuracy=0.9988444447517395,loss=0.0031884440686553717>
24.4576 seconds
Tested. Sparse categorical accuracy: 67.00

round 67, metrics=<sparse_categorical_accuracy=0.998711109161377,loss=0.004093268420547247>
24.2200 seconds
Tested. Sparse categorical accuracy: 50.00

round 68, metrics=<sparse_categorical_accuracy=0.9989555478096008,loss=0.0029448766727000475>
24.8188 seconds
Tested. Sparse categorical accuracy: 62.00

round 69, metrics=<sparse_categorical_accuracy=0.9989333152770996,loss=0.0031582906376570463>
24.6296 seconds
Tested. Sparse categorical accuracy: 71.00

round 70, metrics=<sparse_categorical_accuracy=0.9994666576385498,loss=0.0015687741106376052>
25.3201 seconds
Tested. Sparse categorical accuracy: 68.00

round 71, metrics=<sparse_categorical_accuracy=0.9991333484649658,loss=0.0026588067412376404>
25.1156 seconds
Tested. Sparse categorical accuracy: 77.00

round 72, metrics=<sparse_categorical_accuracy=0.9992666840553284,loss=0.002118648262694478>
24.9000 seconds
Tested. Sparse categorical accuracy: 72.00

round 73, metrics=<sparse_categorical_accuracy=0.9991777539253235,loss=0.0023397114127874374>
24.9482 seconds
Tested. Sparse categorical accuracy: 80.00

round 74, metrics=<sparse_categorical_accuracy=0.9994221925735474,loss=0.0019733246881514788>
24.6832 seconds
Tested. Sparse categorical accuracy: 71.00

round 75, metrics=<sparse_categorical_accuracy=0.9987555742263794,loss=0.003534534014761448>
24.4173 seconds
Tested. Sparse categorical accuracy: 77.00

round 76, metrics=<sparse_categorical_accuracy=0.9994666576385498,loss=0.0018842401914298534>
24.8692 seconds
Tested. Sparse categorical accuracy: 78.00

round 77, metrics=<sparse_categorical_accuracy=0.9996444582939148,loss=0.0012874811654910445>
24.3542 seconds
Tested. Sparse categorical accuracy: 71.00

round 78, metrics=<sparse_categorical_accuracy=0.9991777539253235,loss=0.0024707037955522537>
24.1625 seconds
Tested. Sparse categorical accuracy: 89.00

round 79, metrics=<sparse_categorical_accuracy=0.9994666576385498,loss=0.001926338649354875>
24.6270 seconds
Tested. Sparse categorical accuracy: 78.00

round 80, metrics=<sparse_categorical_accuracy=0.9987999796867371,loss=0.002364089246839285>
25.2545 seconds
Tested. Sparse categorical accuracy: 68.00

round 81, metrics=<sparse_categorical_accuracy=0.9985555410385132,loss=0.00448805745691061>
23.9545 seconds
Tested. Sparse categorical accuracy: 75.00

round 82, metrics=<sparse_categorical_accuracy=0.9989333152770996,loss=0.003826136700809002>
24.8086 seconds
Tested. Sparse categorical accuracy: 63.00

round 83, metrics=<sparse_categorical_accuracy=0.9990888833999634,loss=0.002742187585681677>
24.2659 seconds
Tested. Sparse categorical accuracy: 77.00

round 84, metrics=<sparse_categorical_accuracy=0.9995333552360535,loss=0.0017736982554197311>
24.3414 seconds
Tested. Sparse categorical accuracy: 77.00

round 85, metrics=<sparse_categorical_accuracy=0.9989555478096008,loss=0.002645243890583515>
25.1402 seconds
Tested. Sparse categorical accuracy: 74.00

round 86, metrics=<sparse_categorical_accuracy=0.999311089515686,loss=0.0020436060149222612>
25.1511 seconds
Tested. Sparse categorical accuracy: 67.00

round 87, metrics=<sparse_categorical_accuracy=0.9987333416938782,loss=0.0029410498682409525>
24.7161 seconds
Tested. Sparse categorical accuracy: 67.00

round 88, metrics=<sparse_categorical_accuracy=0.9991777539253235,loss=0.002854451071470976>
24.2265 seconds
Tested. Sparse categorical accuracy: 84.00

round 89, metrics=<sparse_categorical_accuracy=0.9994000196456909,loss=0.0018388832686468959>
24.9038 seconds
Tested. Sparse categorical accuracy: 86.00

round 90, metrics=<sparse_categorical_accuracy=0.999666690826416,loss=0.001231792732141912>
24.8842 seconds
Tested. Sparse categorical accuracy: 73.00

round 91, metrics=<sparse_categorical_accuracy=0.9994221925735474,loss=0.0018722949316725135>
24.7823 seconds
Tested. Sparse categorical accuracy: 85.00

round 92, metrics=<sparse_categorical_accuracy=0.999666690826416,loss=0.0013032319257035851>
24.7209 seconds
Tested. Sparse categorical accuracy: 78.00

round 93, metrics=<sparse_categorical_accuracy=0.999488890171051,loss=0.0016723955050110817>
24.6714 seconds
Tested. Sparse categorical accuracy: 85.00

round 94, metrics=<sparse_categorical_accuracy=0.9994666576385498,loss=0.0018069170182570815>
25.1210 seconds
Tested. Sparse categorical accuracy: 80.00

round 95, metrics=<sparse_categorical_accuracy=0.9993555545806885,loss=0.0022275771480053663>
25.6187 seconds
Tested. Sparse categorical accuracy: 88.00

round 96, metrics=<sparse_categorical_accuracy=0.9996888637542725,loss=0.0010884946677833796>
24.6276 seconds
Tested. Sparse categorical accuracy: 85.00

round 97, metrics=<sparse_categorical_accuracy=0.999666690826416,loss=0.0011751633137464523>
24.6943 seconds
Tested. Sparse categorical accuracy: 82.00

round 98, metrics=<sparse_categorical_accuracy=0.9994221925735474,loss=0.0017650858499109745>
25.1262 seconds
Tested. Sparse categorical accuracy: 80.00

round 99, metrics=<sparse_categorical_accuracy=0.9995999932289124,loss=0.0013445690274238586>
24.5224 seconds
Tested. Sparse categorical accuracy: 73.00

round 100, metrics=<sparse_categorical_accuracy=0.9995333552360535,loss=0.0017160376301035285>
25.5794 seconds
Tested. Sparse categorical accuracy: 67.00

round 101, metrics=<sparse_categorical_accuracy=0.9989555478096008,loss=0.003022812306880951>
24.1956 seconds
Tested. Sparse categorical accuracy: 56.00

round 102, metrics=<sparse_categorical_accuracy=0.9986000061035156,loss=0.006099129095673561>
24.4945 seconds
Tested. Sparse categorical accuracy: 49.00

round 103, metrics=<sparse_categorical_accuracy=0.9983999729156494,loss=0.004407180938869715>
24.0849 seconds
Tested. Sparse categorical accuracy: 76.00

round 104, metrics=<sparse_categorical_accuracy=0.9993777871131897,loss=0.0022230171598494053>
24.7964 seconds
Tested. Sparse categorical accuracy: 68.00

round 105, metrics=<sparse_categorical_accuracy=0.9988666772842407,loss=0.003015792928636074>
24.1735 seconds
Tested. Sparse categorical accuracy: 74.00

round 106, metrics=<sparse_categorical_accuracy=0.9994444251060486,loss=0.0017764063086360693>
24.6306 seconds
Tested. Sparse categorical accuracy: 72.00

round 107, metrics=<sparse_categorical_accuracy=0.9989110827445984,loss=0.0024940245784819126>
23.8678 seconds
Tested. Sparse categorical accuracy: 66.00

round 108, metrics=<sparse_categorical_accuracy=0.9992666840553284,loss=0.0021864771842956543>
24.7302 seconds
Tested. Sparse categorical accuracy: 84.00

round 109, metrics=<sparse_categorical_accuracy=0.9994221925735474,loss=0.0019864237401634455>
24.8873 seconds
Tested. Sparse categorical accuracy: 87.00

round 110, metrics=<sparse_categorical_accuracy=0.999666690826416,loss=0.001025170087814331>
24.8491 seconds
Tested. Sparse categorical accuracy: 88.00

round 111, metrics=<sparse_categorical_accuracy=0.9995999932289124,loss=0.0014716406585648656>
24.3960 seconds
Tested. Sparse categorical accuracy: 89.00

round 112, metrics=<sparse_categorical_accuracy=0.9995777606964111,loss=0.0012388237519189715>
25.4265 seconds
Tested. Sparse categorical accuracy: 86.00

round 113, metrics=<sparse_categorical_accuracy=0.9995555281639099,loss=0.0014983381843194366>
24.6703 seconds
Tested. Sparse categorical accuracy: 83.00

round 114, metrics=<sparse_categorical_accuracy=0.9994000196456909,loss=0.002146846614778042>
24.3394 seconds
Tested. Sparse categorical accuracy: 72.00

round 115, metrics=<sparse_categorical_accuracy=0.9994000196456909,loss=0.0019283503061160445>
24.2843 seconds
Tested. Sparse categorical accuracy: 89.00

round 116, metrics=<sparse_categorical_accuracy=0.9997777938842773,loss=0.0008986647007986903>
24.3344 seconds
Tested. Sparse categorical accuracy: 88.00

round 117, metrics=<sparse_categorical_accuracy=0.9998444318771362,loss=0.0008292485726997256>
24.0119 seconds
Tested. Sparse categorical accuracy: 82.00

round 118, metrics=<sparse_categorical_accuracy=0.9994666576385498,loss=0.0015440437709912658>
24.6800 seconds
Tested. Sparse categorical accuracy: 92.00

round 119, metrics=<sparse_categorical_accuracy=0.9995111227035522,loss=0.0016110249562188983>
24.0425 seconds
Tested. Sparse categorical accuracy: 89.00

round 120, metrics=<sparse_categorical_accuracy=0.999488890171051,loss=0.002070142887532711>
24.8391 seconds
Tested. Sparse categorical accuracy: 70.00

round 121, metrics=<sparse_categorical_accuracy=0.9991111159324646,loss=0.0023580570705235004>
24.0539 seconds
Tested. Sparse categorical accuracy: 84.00

round 122, metrics=<sparse_categorical_accuracy=0.9994444251060486,loss=0.0023876659106463194>
24.0647 seconds
Tested. Sparse categorical accuracy: 86.00

round 123, metrics=<sparse_categorical_accuracy=0.999666690826416,loss=0.0012042438611388206>
24.6028 seconds
Tested. Sparse categorical accuracy: 85.00

round 124, metrics=<sparse_categorical_accuracy=0.999822199344635,loss=0.0007620570831932127>
23.8772 seconds
Tested. Sparse categorical accuracy: 87.00

round 125, metrics=<sparse_categorical_accuracy=0.9995555281639099,loss=0.0016201892867684364>
25.3903 seconds
Tested. Sparse categorical accuracy: 79.00

round 126, metrics=<sparse_categorical_accuracy=0.9996222257614136,loss=0.001274147187359631>
24.4528 seconds
Tested. Sparse categorical accuracy: 80.00

round 127, metrics=<sparse_categorical_accuracy=0.9994000196456909,loss=0.0019217823864892125>
25.1397 seconds
Tested. Sparse categorical accuracy: 85.00

round 128, metrics=<sparse_categorical_accuracy=0.9994221925735474,loss=0.0019859643653035164>
24.3090 seconds
Tested. Sparse categorical accuracy: 90.00

round 129, metrics=<sparse_categorical_accuracy=0.9995111227035522,loss=0.001640433561988175>
24.3542 seconds
Tested. Sparse categorical accuracy: 91.00

round 130, metrics=<sparse_categorical_accuracy=0.9998444318771362,loss=0.0007185852737165987>
24.9640 seconds
Tested. Sparse categorical accuracy: 85.00

round 131, metrics=<sparse_categorical_accuracy=0.9997110962867737,loss=0.001151678035967052>
25.0095 seconds
Tested. Sparse categorical accuracy: 91.00

round 132, metrics=<sparse_categorical_accuracy=0.9997555613517761,loss=0.0008183471509255469>
25.0533 seconds
Tested. Sparse categorical accuracy: 94.00

round 133, metrics=<sparse_categorical_accuracy=0.9997777938842773,loss=0.0009149042889475822>
25.1064 seconds
Tested. Sparse categorical accuracy: 87.00

round 134, metrics=<sparse_categorical_accuracy=0.999666690826416,loss=0.0013679219409823418>
24.5940 seconds
Tested. Sparse categorical accuracy: 85.00

round 135, metrics=<sparse_categorical_accuracy=0.9994000196456909,loss=0.001833855640143156>
24.3259 seconds
Tested. Sparse categorical accuracy: 93.00

round 136, metrics=<sparse_categorical_accuracy=0.9997333288192749,loss=0.0009221198270097375>
24.1459 seconds
Tested. Sparse categorical accuracy: 82.00

round 137, metrics=<sparse_categorical_accuracy=0.9997333288192749,loss=0.0008050728938542306>
24.2465 seconds
Tested. Sparse categorical accuracy: 91.00

round 138, metrics=<sparse_categorical_accuracy=0.999488890171051,loss=0.0014271378749981523>
24.8472 seconds
Tested. Sparse categorical accuracy: 88.00

round 139, metrics=<sparse_categorical_accuracy=0.9996444582939148,loss=0.0010880989721044898>
24.3096 seconds
Tested. Sparse categorical accuracy: 86.00

round 140, metrics=<sparse_categorical_accuracy=0.9996222257614136,loss=0.0014080606633797288>
24.2336 seconds
Tested. Sparse categorical accuracy: 86.00

round 141, metrics=<sparse_categorical_accuracy=0.9994221925735474,loss=0.0014160488499328494>
24.9798 seconds
Tested. Sparse categorical accuracy: 83.00

round 142, metrics=<sparse_categorical_accuracy=0.9996888637542725,loss=0.0011190318036824465>
24.2129 seconds
Tested. Sparse categorical accuracy: 95.00

round 143, metrics=<sparse_categorical_accuracy=0.9997110962867737,loss=0.0010970914736390114>
24.3128 seconds
Tested. Sparse categorical accuracy: 88.00

round 144, metrics=<sparse_categorical_accuracy=0.9997555613517761,loss=0.0009155701263807714>
25.7752 seconds
Tested. Sparse categorical accuracy: 88.00

round 145, metrics=<sparse_categorical_accuracy=0.999488890171051,loss=0.0014401902444660664>
24.3332 seconds
Tested. Sparse categorical accuracy: 87.00

round 146, metrics=<sparse_categorical_accuracy=0.9995111227035522,loss=0.0014933600323274732>
24.6203 seconds
Tested. Sparse categorical accuracy: 65.00

round 147, metrics=<sparse_categorical_accuracy=0.999155580997467,loss=0.0019495883025228977>
24.2967 seconds
Tested. Sparse categorical accuracy: 67.00

round 148, metrics=<sparse_categorical_accuracy=0.9994444251060486,loss=0.0015260952059179544>
24.8626 seconds
Tested. Sparse categorical accuracy: 83.00

round 149, metrics=<sparse_categorical_accuracy=0.9995111227035522,loss=0.0015258712228387594>
24.3947 seconds
Tested. Sparse categorical accuracy: 86.00

round 150, metrics=<sparse_categorical_accuracy=0.9997555613517761,loss=0.0008073204662650824>
24.0105 seconds
Tested. Sparse categorical accuracy: 85.00

round 151, metrics=<sparse_categorical_accuracy=0.9996444582939148,loss=0.0012743177358061075>
24.1350 seconds
Tested. Sparse categorical accuracy: 91.00

round 152, metrics=<sparse_categorical_accuracy=0.9996888637542725,loss=0.0008463902049697936>
24.9450 seconds
Tested. Sparse categorical accuracy: 90.00

round 153, metrics=<sparse_categorical_accuracy=0.9996888637542725,loss=0.0010406069923192263>
23.8943 seconds
Tested. Sparse categorical accuracy: 86.00

round 154, metrics=<sparse_categorical_accuracy=0.999666690826416,loss=0.0013268896145746112>
24.0864 seconds
Tested. Sparse categorical accuracy: 92.00

round 155, metrics=<sparse_categorical_accuracy=0.9995333552360535,loss=0.0014182643499225378>
24.1721 seconds
Tested. Sparse categorical accuracy: 92.00

round 156, metrics=<sparse_categorical_accuracy=0.9997777938842773,loss=0.0007110785809345543>
24.3870 seconds
Tested. Sparse categorical accuracy: 92.00

round 157, metrics=<sparse_categorical_accuracy=0.9998888969421387,loss=0.0005157801788300276>
24.3423 seconds
Tested. Sparse categorical accuracy: 88.00

round 158, metrics=<sparse_categorical_accuracy=0.9995777606964111,loss=0.00119404261931777>
24.6089 seconds
Tested. Sparse categorical accuracy: 90.00

round 159, metrics=<sparse_categorical_accuracy=0.9996222257614136,loss=0.0012919189175590873>
23.9428 seconds
Tested. Sparse categorical accuracy: 89.00

round 160, metrics=<sparse_categorical_accuracy=0.9996888637542725,loss=0.0009503195760771632>
24.8954 seconds
Tested. Sparse categorical accuracy: 86.00

round 161, metrics=<sparse_categorical_accuracy=0.9995111227035522,loss=0.0010446237865835428>
24.3029 seconds
Tested. Sparse categorical accuracy: 84.00

round 162, metrics=<sparse_categorical_accuracy=0.9996222257614136,loss=0.0011748680844902992>
24.7520 seconds
Tested. Sparse categorical accuracy: 89.00

round 163, metrics=<sparse_categorical_accuracy=0.9997333288192749,loss=0.0009936249116435647>
27.4220 seconds
Tested. Sparse categorical accuracy: 94.00

round 164, metrics=<sparse_categorical_accuracy=0.9997110962867737,loss=0.0009138023597188294>
24.5776 seconds
Tested. Sparse categorical accuracy: 90.00

round 165, metrics=<sparse_categorical_accuracy=0.999488890171051,loss=0.0016317237168550491>
24.5784 seconds
Tested. Sparse categorical accuracy: 80.00

round 166, metrics=<sparse_categorical_accuracy=0.999488890171051,loss=0.0014375144382938743>
24.6476 seconds
Tested. Sparse categorical accuracy: 80.00

round 167, metrics=<sparse_categorical_accuracy=0.9992444515228271,loss=0.0020710723474621773>
23.9831 seconds
Tested. Sparse categorical accuracy: 70.00

round 168, metrics=<sparse_categorical_accuracy=0.9996888637542725,loss=0.0010658997343853116>
24.4782 seconds
Tested. Sparse categorical accuracy: 88.00

round 169, metrics=<sparse_categorical_accuracy=0.999666690826416,loss=0.0010884987423196435>
24.0945 seconds
Tested. Sparse categorical accuracy: 87.00

round 170, metrics=<sparse_categorical_accuracy=0.9997555613517761,loss=0.0006578463362529874>
24.9704 seconds
Tested. Sparse categorical accuracy: 89.00

round 171, metrics=<sparse_categorical_accuracy=0.9997333288192749,loss=0.0009661436197347939>
24.4059 seconds
Tested. Sparse categorical accuracy: 91.00

round 172, metrics=<sparse_categorical_accuracy=0.9997777938842773,loss=0.0007245019660331309>
23.9116 seconds
Tested. Sparse categorical accuracy: 93.00

round 173, metrics=<sparse_categorical_accuracy=0.9997777938842773,loss=0.0006076606223359704>
24.7027 seconds
Tested. Sparse categorical accuracy: 89.00

round 174, metrics=<sparse_categorical_accuracy=0.9997555613517761,loss=0.0008546595927327871>
24.1771 seconds
Tested. Sparse categorical accuracy: 88.00

round 175, metrics=<sparse_categorical_accuracy=0.9995555281639099,loss=0.0011087836464866996>
26.2801 seconds
Tested. Sparse categorical accuracy: 86.00

round 176, metrics=<sparse_categorical_accuracy=0.999822199344635,loss=0.0005545833264477551>
24.3370 seconds
Tested. Sparse categorical accuracy: 93.00

round 177, metrics=<sparse_categorical_accuracy=0.9997555613517761,loss=0.0007543149986304343>
24.1418 seconds
Tested. Sparse categorical accuracy: 85.00

round 178, metrics=<sparse_categorical_accuracy=0.9997333288192749,loss=0.0008862843969836831>
24.6108 seconds
Tested. Sparse categorical accuracy: 91.00

round 179, metrics=<sparse_categorical_accuracy=0.9996444582939148,loss=0.0008581092115491629>
24.8269 seconds
Tested. Sparse categorical accuracy: 94.00

round 180, metrics=<sparse_categorical_accuracy=0.9996222257614136,loss=0.0014337399043142796>
24.8989 seconds
Tested. Sparse categorical accuracy: 92.00

round 181, metrics=<sparse_categorical_accuracy=0.9995555281639099,loss=0.0013763572787865996>
25.4943 seconds
Tested. Sparse categorical accuracy: 83.00

round 182, metrics=<sparse_categorical_accuracy=0.9996222257614136,loss=0.0017286880174651742>
24.9006 seconds
Tested. Sparse categorical accuracy: 94.00

round 183, metrics=<sparse_categorical_accuracy=0.999666690826416,loss=0.0010671832133084536>
24.0758 seconds
Tested. Sparse categorical accuracy: 89.00

round 184, metrics=<sparse_categorical_accuracy=0.9998444318771362,loss=0.000585326284635812>
25.3221 seconds
Tested. Sparse categorical accuracy: 95.00

round 185, metrics=<sparse_categorical_accuracy=0.9997555613517761,loss=0.0009172743302769959>
24.5806 seconds
Tested. Sparse categorical accuracy: 88.00

round 186, metrics=<sparse_categorical_accuracy=0.999822199344635,loss=0.000707604514900595>
25.2338 seconds
Tested. Sparse categorical accuracy: 89.00

round 187, metrics=<sparse_categorical_accuracy=0.9995999932289124,loss=0.0016123310197144747>
24.6730 seconds
Tested. Sparse categorical accuracy: 85.00

round 188, metrics=<sparse_categorical_accuracy=0.9993555545806885,loss=0.002362883184105158>
26.0204 seconds
Tested. Sparse categorical accuracy: 87.00

round 189, metrics=<sparse_categorical_accuracy=0.999666690826416,loss=0.0015632263384759426>
23.2376 seconds
Tested. Sparse categorical accuracy: 95.00

round 190, metrics=<sparse_categorical_accuracy=0.9997777938842773,loss=0.0006781925912946463>
24.2742 seconds
Tested. Sparse categorical accuracy: 91.00

round 191, metrics=<sparse_categorical_accuracy=0.9997333288192749,loss=0.000930017267819494>
24.1229 seconds
Tested. Sparse categorical accuracy: 93.00

round 192, metrics=<sparse_categorical_accuracy=0.9995999932289124,loss=0.0009541608160361648>
24.5586 seconds
Tested. Sparse categorical accuracy: 95.00

round 193, metrics=<sparse_categorical_accuracy=0.999822199344635,loss=0.0007003219798207283>
24.0459 seconds
Tested. Sparse categorical accuracy: 90.00

round 194, metrics=<sparse_categorical_accuracy=0.9996888637542725,loss=0.001418071100488305>
24.9553 seconds
Tested. Sparse categorical accuracy: 89.00

round 195, metrics=<sparse_categorical_accuracy=0.9996888637542725,loss=0.001130494405515492>
24.2500 seconds
Tested. Sparse categorical accuracy: 94.00

round 196, metrics=<sparse_categorical_accuracy=0.9998000264167786,loss=0.0007647754973731935>
23.9257 seconds
Tested. Sparse categorical accuracy: 97.00

round 197, metrics=<sparse_categorical_accuracy=0.9998000264167786,loss=0.0006009328062646091>
25.5485 seconds
Tested. Sparse categorical accuracy: 94.00

round 198, metrics=<sparse_categorical_accuracy=0.9997110962867737,loss=0.0007794866687618196>
25.1543 seconds
Tested. Sparse categorical accuracy: 94.00

round 199, metrics=<sparse_categorical_accuracy=0.9997555613517761,loss=0.0006450240616686642>
24.5342 seconds
Tested. Sparse categorical accuracy: 90.00

round 200, metrics=<sparse_categorical_accuracy=0.9997333288192749,loss=0.0011306781088933349>
25.4705 seconds
Tested. Sparse categorical accuracy: 89.00

round 201, metrics=<sparse_categorical_accuracy=0.999666690826416,loss=0.001156936981715262>
24.6124 seconds
Tested. Sparse categorical accuracy: 83.00

round 202, metrics=<sparse_categorical_accuracy=0.9996222257614136,loss=0.0011844936525449157>
24.6721 seconds
Tested. Sparse categorical accuracy: 96.00

round 203, metrics=<sparse_categorical_accuracy=0.9998000264167786,loss=0.0007637208909727633>
24.0144 seconds
Tested. Sparse categorical accuracy: 92.00

round 204, metrics=<sparse_categorical_accuracy=0.9998666644096375,loss=0.000502053473610431>
25.1977 seconds
Tested. Sparse categorical accuracy: 92.00

round 205, metrics=<sparse_categorical_accuracy=0.9997110962867737,loss=0.001013182452879846>
24.0111 seconds
Tested. Sparse categorical accuracy: 95.00

round 206, metrics=<sparse_categorical_accuracy=0.9997777938842773,loss=0.0010900842025876045>
24.8882 seconds
Tested. Sparse categorical accuracy: 93.00

round 207, metrics=<sparse_categorical_accuracy=0.9997110962867737,loss=0.0012379068648442626>
24.2951 seconds
Tested. Sparse categorical accuracy: 87.00

round 208, metrics=<sparse_categorical_accuracy=0.9997555613517761,loss=0.00062638457166031>
24.8706 seconds
Tested. Sparse categorical accuracy: 93.00

round 209, metrics=<sparse_categorical_accuracy=0.9995999932289124,loss=0.001238038414157927>
24.1601 seconds
Tested. Sparse categorical accuracy: 91.00

round 210, metrics=<sparse_categorical_accuracy=0.9997333288192749,loss=0.0009572983835823834>
24.6791 seconds
Tested. Sparse categorical accuracy: 84.00

round 211, metrics=<sparse_categorical_accuracy=0.9998444318771362,loss=0.0006315326900221407>
24.8907 seconds
Tested. Sparse categorical accuracy: 93.00

round 212, metrics=<sparse_categorical_accuracy=0.9997777938842773,loss=0.0007991822785697877>
24.5523 seconds
Tested. Sparse categorical accuracy: 93.00

round 213, metrics=<sparse_categorical_accuracy=0.999822199344635,loss=0.0007697588880546391>
25.2521 seconds
Tested. Sparse categorical accuracy: 89.00

round 214, metrics=<sparse_categorical_accuracy=0.9998000264167786,loss=0.0007801948813721538>
24.6219 seconds
Tested. Sparse categorical accuracy: 95.00

round 215, metrics=<sparse_categorical_accuracy=0.9996222257614136,loss=0.0008873924380168319>
24.0823 seconds
Tested. Sparse categorical accuracy: 91.00

round 216, metrics=<sparse_categorical_accuracy=0.9999111294746399,loss=0.0004893586155958474>
25.4705 seconds
Tested. Sparse categorical accuracy: 94.00

round 217, metrics=<sparse_categorical_accuracy=0.9998666644096375,loss=0.0004142321995459497>
24.4404 seconds
Tested. Sparse categorical accuracy: 95.00

round 218, metrics=<sparse_categorical_accuracy=0.9997110962867737,loss=0.0009569157846271992>
25.4654 seconds
Tested. Sparse categorical accuracy: 92.00

round 219, metrics=<sparse_categorical_accuracy=0.9998666644096375,loss=0.000485801137983799>
24.8701 seconds
Tested. Sparse categorical accuracy: 96.00

round 220, metrics=<sparse_categorical_accuracy=0.9997555613517761,loss=0.0008929694886319339>
24.0108 seconds
Tested. Sparse categorical accuracy: 83.00

round 221, metrics=<sparse_categorical_accuracy=0.999666690826416,loss=0.0009544925997033715>
24.1894 seconds
Tested. Sparse categorical accuracy: 91.00

round 222, metrics=<sparse_categorical_accuracy=0.999666690826416,loss=0.0009751799516379833>
26.1015 seconds
Tested. Sparse categorical accuracy: 92.00

round 223, metrics=<sparse_categorical_accuracy=0.9998444318771362,loss=0.0005117308464832604>
24.9586 seconds
Tested. Sparse categorical accuracy: 96.00

round 224, metrics=<sparse_categorical_accuracy=0.9997555613517761,loss=0.0005794080789200962>
24.1435 seconds
Tested. Sparse categorical accuracy: 91.00

round 225, metrics=<sparse_categorical_accuracy=0.9996888637542725,loss=0.0010936750331893563>
24.7593 seconds
Tested. Sparse categorical accuracy: 94.00

round 226, metrics=<sparse_categorical_accuracy=0.9998444318771362,loss=0.0005913361674174666>
24.5978 seconds
Tested. Sparse categorical accuracy: 89.00

round 227, metrics=<sparse_categorical_accuracy=0.9996888637542725,loss=0.0009143147617578506>
25.3754 seconds
Tested. Sparse categorical accuracy: 91.00

round 228, metrics=<sparse_categorical_accuracy=0.9995777606964111,loss=0.001230452093295753>
24.0736 seconds
Tested. Sparse categorical accuracy: 90.00

round 229, metrics=<sparse_categorical_accuracy=0.9997110962867737,loss=0.0012479751603677869>
24.7804 seconds
Tested. Sparse categorical accuracy: 92.00

round 230, metrics=<sparse_categorical_accuracy=0.9998666644096375,loss=0.0005031262408010662>
24.7026 seconds
Tested. Sparse categorical accuracy: 90.00

round 231, metrics=<sparse_categorical_accuracy=0.9998888969421387,loss=0.0005541470018215477>
24.4297 seconds
Tested. Sparse categorical accuracy: 92.00

round 232, metrics=<sparse_categorical_accuracy=0.9998000264167786,loss=0.0006521580507978797>
24.5447 seconds
Tested. Sparse categorical accuracy: 93.00

round 233, metrics=<sparse_categorical_accuracy=0.9998666644096375,loss=0.0006527560180984437>
24.3787 seconds
Tested. Sparse categorical accuracy: 94.00

round 234, metrics=<sparse_categorical_accuracy=0.9997333288192749,loss=0.00091618049191311>
24.6378 seconds
Tested. Sparse categorical accuracy: 90.00

round 235, metrics=<sparse_categorical_accuracy=0.9997555613517761,loss=0.0007430202094838023>
24.2874 seconds
Tested. Sparse categorical accuracy: 94.00

round 236, metrics=<sparse_categorical_accuracy=0.9998888969421387,loss=0.0005468840827234089>
24.5666 seconds
Tested. Sparse categorical accuracy: 87.00

round 237, metrics=<sparse_categorical_accuracy=0.9998000264167786,loss=0.000519910070579499>
24.0818 seconds
Tested. Sparse categorical accuracy: 87.00

round 238, metrics=<sparse_categorical_accuracy=0.9997110962867737,loss=0.0009311313042417169>
25.1702 seconds
Tested. Sparse categorical accuracy: 93.00

round 239, metrics=<sparse_categorical_accuracy=0.9998000264167786,loss=0.000574456702452153>
24.2598 seconds
Tested. Sparse categorical accuracy: 92.00

round 240, metrics=<sparse_categorical_accuracy=0.9997333288192749,loss=0.0009715943015180528>
24.3494 seconds
Tested. Sparse categorical accuracy: 91.00

round 241, metrics=<sparse_categorical_accuracy=0.9997555613517761,loss=0.0008388030109927058>
24.3411 seconds
Tested. Sparse categorical accuracy: 90.00

round 242, metrics=<sparse_categorical_accuracy=0.9997555613517761,loss=0.000675472489092499>
24.3085 seconds
Tested. Sparse categorical accuracy: 94.00

round 243, metrics=<sparse_categorical_accuracy=0.9998000264167786,loss=0.0005499208346009254>
24.5270 seconds
Tested. Sparse categorical accuracy: 90.00

round 244, metrics=<sparse_categorical_accuracy=0.9997333288192749,loss=0.000686210987623781>
24.8026 seconds
Tested. Sparse categorical accuracy: 92.00

round 245, metrics=<sparse_categorical_accuracy=0.9995999932289124,loss=0.0010458056349307299>
24.3331 seconds
Tested. Sparse categorical accuracy: 77.00

round 246, metrics=<sparse_categorical_accuracy=0.9996222257614136,loss=0.0011502583511173725>
24.1562 seconds
Tested. Sparse categorical accuracy: 39.00

round 247, metrics=<sparse_categorical_accuracy=0.9983333349227905,loss=0.0074489726684987545>
24.3835 seconds
Tested. Sparse categorical accuracy: 49.00

round 248, metrics=<sparse_categorical_accuracy=0.9980888962745667,loss=0.010084057226777077>
24.3658 seconds
Tested. Sparse categorical accuracy: 30.00

round 249, metrics=<sparse_categorical_accuracy=0.9974444508552551,loss=0.024169081822037697>
24.7834 seconds
Tested. Sparse categorical accuracy: 49.00

round 250, metrics=<sparse_categorical_accuracy=0.9985555410385132,loss=0.005237116944044828>
25.0463 seconds
Tested. Sparse categorical accuracy: 44.00

Target accuracy reached after  250  rounds
Average time per round: 24.00

2020-05-04 18:51:00.444415
