
TENSORFLOW USERS:
You must use the python3.6-anaconda/5.2.0 module to run TensorFlow.
See https://arc-ts.umich.edu/greatlakes/software/tensorflow for more
information.



The following have been reloaded with a version change:
  1) cuda/10.0.130 => cuda/10.1.105


Currently Loaded Modules:
  1) python3.7-anaconda/2019.07   2) cudnn/10.0-v7.6   3) cuda/10.1.105

 

mkdir: cannot create directory ‘results/5944196’: File exists
mkdir: cannot create directory ‘results/5944196/log’: File exists
Test  47
2020-05-04 21:37:12.700500


Schema 1: Each client partially IID
--------------------------------------------------
percent data distributed IID:  0
number of classes for non-IID data:  2
data points per client (mean, std dev): ( 600 ,  0 )
--------------------------------------------------

round  1, metrics=<sparse_categorical_accuracy=0.9971666932106018,loss=0.02409709058701992>
49.9485 seconds
Tested. Sparse categorical accuracy: 9.00

round  2, metrics=<sparse_categorical_accuracy=0.996999979019165,loss=0.007929351180791855>
46.5102 seconds
Tested. Sparse categorical accuracy: 7.00

round  3, metrics=<sparse_categorical_accuracy=0.9973333477973938,loss=0.017812976613640785>
44.9348 seconds
Tested. Sparse categorical accuracy: 9.00

round  4, metrics=<sparse_categorical_accuracy=0.9971666932106018,loss=0.019043073058128357>
43.7239 seconds
Tested. Sparse categorical accuracy: 11.00

round  5, metrics=<sparse_categorical_accuracy=0.9971666932106018,loss=0.009706412442028522>
45.3778 seconds
Tested. Sparse categorical accuracy: 8.00

round  6, metrics=<sparse_categorical_accuracy=0.997083306312561,loss=0.007721519097685814>
42.4206 seconds
Tested. Sparse categorical accuracy: 14.00

round  7, metrics=<sparse_categorical_accuracy=0.9974666833877563,loss=0.008351546712219715>
43.8589 seconds
Tested. Sparse categorical accuracy: 17.00

round  8, metrics=<sparse_categorical_accuracy=0.9975000023841858,loss=0.008795074187219143>
49.0299 seconds
Tested. Sparse categorical accuracy: 13.00

round  9, metrics=<sparse_categorical_accuracy=0.9975500106811523,loss=0.007822497747838497>
43.0452 seconds
Tested. Sparse categorical accuracy: 9.00

round 10, metrics=<sparse_categorical_accuracy=0.9970166683197021,loss=0.00900599267333746>
42.9079 seconds
Tested. Sparse categorical accuracy: 11.00

round 11, metrics=<sparse_categorical_accuracy=0.996999979019165,loss=0.008458160795271397>
42.7672 seconds
Tested. Sparse categorical accuracy: 17.00

round 12, metrics=<sparse_categorical_accuracy=0.9974166750907898,loss=0.00799796637147665>
46.4541 seconds
Tested. Sparse categorical accuracy: 18.00

round 13, metrics=<sparse_categorical_accuracy=0.9975333213806152,loss=0.008736992254853249>
46.4043 seconds
Tested. Sparse categorical accuracy: 15.00

round 14, metrics=<sparse_categorical_accuracy=0.9973833560943604,loss=0.008914316073060036>
47.8834 seconds
Tested. Sparse categorical accuracy: 11.00

round 15, metrics=<sparse_categorical_accuracy=0.996999979019165,loss=0.00856443215161562>
44.2686 seconds
Tested. Sparse categorical accuracy: 24.00

round 16, metrics=<sparse_categorical_accuracy=0.9972666501998901,loss=0.007899176329374313>
44.5897 seconds
Tested. Sparse categorical accuracy: 20.00

round 17, metrics=<sparse_categorical_accuracy=0.9976500272750854,loss=0.007564809639006853>
47.9982 seconds
Tested. Sparse categorical accuracy: 27.00

round 18, metrics=<sparse_categorical_accuracy=0.9978333115577698,loss=0.007832924835383892>
45.7928 seconds
Tested. Sparse categorical accuracy: 22.00

round 19, metrics=<sparse_categorical_accuracy=0.9976500272750854,loss=0.007623279932886362>
42.5786 seconds
Tested. Sparse categorical accuracy: 8.00

round 20, metrics=<sparse_categorical_accuracy=0.996999979019165,loss=0.008024509996175766>
43.1426 seconds
Tested. Sparse categorical accuracy: 40.00

round 21, metrics=<sparse_categorical_accuracy=0.9976000189781189,loss=0.007236059755086899>
43.2473 seconds
Tested. Sparse categorical accuracy: 14.00

round 22, metrics=<sparse_categorical_accuracy=0.9976833462715149,loss=0.006494229659438133>
42.3462 seconds
Tested. Sparse categorical accuracy: 30.00

round 23, metrics=<sparse_categorical_accuracy=0.9979666471481323,loss=0.006798165384680033>
45.0425 seconds
Tested. Sparse categorical accuracy: 34.00

round 24, metrics=<sparse_categorical_accuracy=0.9984333515167236,loss=0.0056516933254897594>
43.8750 seconds
Tested. Sparse categorical accuracy: 44.00

round 25, metrics=<sparse_categorical_accuracy=0.9977166652679443,loss=0.00691118324175477>
44.9630 seconds
Tested. Sparse categorical accuracy: 46.00

round 26, metrics=<sparse_categorical_accuracy=0.998033344745636,loss=0.006190688349306583>
45.6902 seconds
Tested. Sparse categorical accuracy: 21.00

round 27, metrics=<sparse_categorical_accuracy=0.9979166388511658,loss=0.005323614459484816>
44.4109 seconds
Tested. Sparse categorical accuracy: 37.00

round 28, metrics=<sparse_categorical_accuracy=0.9981499910354614,loss=0.005975607316941023>
45.2649 seconds
Tested. Sparse categorical accuracy: 50.00

round 29, metrics=<sparse_categorical_accuracy=0.9986833333969116,loss=0.004354031290858984>
47.3634 seconds
Tested. Sparse categorical accuracy: 56.00

round 30, metrics=<sparse_categorical_accuracy=0.9983000159263611,loss=0.005234480369836092>
44.6413 seconds
Tested. Sparse categorical accuracy: 55.00

round 31, metrics=<sparse_categorical_accuracy=0.9987999796867371,loss=0.00407834816724062>
44.9255 seconds
Tested. Sparse categorical accuracy: 44.00

round 32, metrics=<sparse_categorical_accuracy=0.9988333582878113,loss=0.0036513430532068014>
42.7962 seconds
Tested. Sparse categorical accuracy: 38.00

round 33, metrics=<sparse_categorical_accuracy=0.9981499910354614,loss=0.005182779859751463>
45.8319 seconds
Tested. Sparse categorical accuracy: 42.00

round 34, metrics=<sparse_categorical_accuracy=0.9983333349227905,loss=0.004577170591801405>
45.6587 seconds
Tested. Sparse categorical accuracy: 48.00

round 35, metrics=<sparse_categorical_accuracy=0.998033344745636,loss=0.005220791790634394>
47.4892 seconds
Tested. Sparse categorical accuracy: 67.00

round 36, metrics=<sparse_categorical_accuracy=0.9988166689872742,loss=0.003869270905852318>
44.8474 seconds
Tested. Sparse categorical accuracy: 60.00

round 37, metrics=<sparse_categorical_accuracy=0.9992833137512207,loss=0.0027868947945535183>
45.9251 seconds
Tested. Sparse categorical accuracy: 55.00

round 38, metrics=<sparse_categorical_accuracy=0.9987999796867371,loss=0.0033026784658432007>
47.7503 seconds
Tested. Sparse categorical accuracy: 58.00

round 39, metrics=<sparse_categorical_accuracy=0.9988999962806702,loss=0.003107465570792556>
45.4384 seconds
Tested. Sparse categorical accuracy: 51.00

round 40, metrics=<sparse_categorical_accuracy=0.9983333349227905,loss=0.004815369378775358>
45.6868 seconds
Tested. Sparse categorical accuracy: 53.00

round 41, metrics=<sparse_categorical_accuracy=0.9988666772842407,loss=0.004278568085283041>
45.5530 seconds
Tested. Sparse categorical accuracy: 48.00

round 42, metrics=<sparse_categorical_accuracy=0.9990666508674622,loss=0.0037591939326375723>
46.2518 seconds
Tested. Sparse categorical accuracy: 38.00

round 43, metrics=<sparse_categorical_accuracy=0.9984166622161865,loss=0.0046231928281486034>
47.4512 seconds
Tested. Sparse categorical accuracy: 48.00

round 44, metrics=<sparse_categorical_accuracy=0.998449981212616,loss=0.004212419502437115>
48.1353 seconds
Tested. Sparse categorical accuracy: 71.00

round 45, metrics=<sparse_categorical_accuracy=0.9988666772842407,loss=0.0034946950618177652>
48.3849 seconds
Tested. Sparse categorical accuracy: 68.00

round 46, metrics=<sparse_categorical_accuracy=0.9992666840553284,loss=0.0025035294238477945>
48.0852 seconds
Tested. Sparse categorical accuracy: 75.00

round 47, metrics=<sparse_categorical_accuracy=0.9993833303451538,loss=0.002130573382601142>
44.4309 seconds
Tested. Sparse categorical accuracy: 63.00

round 48, metrics=<sparse_categorical_accuracy=0.9990166425704956,loss=0.0025924118235707283>
46.0770 seconds
Tested. Sparse categorical accuracy: 58.00

round 49, metrics=<sparse_categorical_accuracy=0.9992333054542542,loss=0.002516551176086068>
43.9887 seconds
Tested. Sparse categorical accuracy: 69.00

round 50, metrics=<sparse_categorical_accuracy=0.9991333484649658,loss=0.0026523126289248466>
51.4036 seconds
Tested. Sparse categorical accuracy: 60.00

round 51, metrics=<sparse_categorical_accuracy=0.9991999864578247,loss=0.0020782046485692263>
45.6764 seconds
Tested. Sparse categorical accuracy: 66.00

round 52, metrics=<sparse_categorical_accuracy=0.9995166659355164,loss=0.001771064242348075>
47.3778 seconds
Tested. Sparse categorical accuracy: 71.00

round 53, metrics=<sparse_categorical_accuracy=0.9992833137512207,loss=0.002134772250428796>
44.6468 seconds
Tested. Sparse categorical accuracy: 72.00

round 54, metrics=<sparse_categorical_accuracy=0.9993000030517578,loss=0.0022630507592111826>
45.9057 seconds
Tested. Sparse categorical accuracy: 65.00

round 55, metrics=<sparse_categorical_accuracy=0.9988499879837036,loss=0.0030248649418354034>
46.3522 seconds
Tested. Sparse categorical accuracy: 62.00

round 56, metrics=<sparse_categorical_accuracy=0.9992166757583618,loss=0.00280527351424098>
45.9096 seconds
Tested. Sparse categorical accuracy: 48.00

round 57, metrics=<sparse_categorical_accuracy=0.9988999962806702,loss=0.0035101419780403376>
43.9261 seconds
Tested. Sparse categorical accuracy: 52.00

round 58, metrics=<sparse_categorical_accuracy=0.9987666606903076,loss=0.0037818043492734432>
44.3012 seconds
Tested. Sparse categorical accuracy: 80.00

round 59, metrics=<sparse_categorical_accuracy=0.9995166659355164,loss=0.001974390586838126>
44.5920 seconds
Tested. Sparse categorical accuracy: 76.00

round 60, metrics=<sparse_categorical_accuracy=0.9990666508674622,loss=0.0028694032225757837>
44.1831 seconds
Tested. Sparse categorical accuracy: 73.00

round 61, metrics=<sparse_categorical_accuracy=0.9994999766349792,loss=0.0018260909710079432>
45.7053 seconds
Tested. Sparse categorical accuracy: 69.00

round 62, metrics=<sparse_categorical_accuracy=0.9994000196456909,loss=0.0019398704171180725>
47.5453 seconds
Tested. Sparse categorical accuracy: 70.00

round 63, metrics=<sparse_categorical_accuracy=0.9993500113487244,loss=0.0019457550952211022>
44.3855 seconds
Tested. Sparse categorical accuracy: 75.00

round 64, metrics=<sparse_categorical_accuracy=0.9994666576385498,loss=0.0017325525404885411>
44.8708 seconds
Tested. Sparse categorical accuracy: 79.00

round 65, metrics=<sparse_categorical_accuracy=0.9992666840553284,loss=0.0022325748577713966>
44.0752 seconds
Tested. Sparse categorical accuracy: 75.00

round 66, metrics=<sparse_categorical_accuracy=0.999666690826416,loss=0.0014301647897809744>
46.4454 seconds
Tested. Sparse categorical accuracy: 78.00

round 67, metrics=<sparse_categorical_accuracy=0.9995999932289124,loss=0.0011477735824882984>
45.7731 seconds
Tested. Sparse categorical accuracy: 77.00

round 68, metrics=<sparse_categorical_accuracy=0.9995999932289124,loss=0.001433725468814373>
45.7061 seconds
Tested. Sparse categorical accuracy: 77.00

round 69, metrics=<sparse_categorical_accuracy=0.9995666742324829,loss=0.001496954937465489>
43.7258 seconds
Tested. Sparse categorical accuracy: 76.00

round 70, metrics=<sparse_categorical_accuracy=0.9994666576385498,loss=0.0018804422579705715>
44.8079 seconds
Tested. Sparse categorical accuracy: 71.00

round 71, metrics=<sparse_categorical_accuracy=0.9994666576385498,loss=0.0018180317711085081>
43.6860 seconds
Tested. Sparse categorical accuracy: 77.00

round 72, metrics=<sparse_categorical_accuracy=0.9995166659355164,loss=0.0018349630990996957>
44.3648 seconds
Tested. Sparse categorical accuracy: 74.00

round 73, metrics=<sparse_categorical_accuracy=0.9993333220481873,loss=0.002027565846219659>
44.0857 seconds
Tested. Sparse categorical accuracy: 69.00

round 74, metrics=<sparse_categorical_accuracy=0.9994833469390869,loss=0.0016339197754859924>
43.9517 seconds
Tested. Sparse categorical accuracy: 85.00

round 75, metrics=<sparse_categorical_accuracy=0.9993500113487244,loss=0.0021440035197883844>
44.9246 seconds
Tested. Sparse categorical accuracy: 74.00

round 76, metrics=<sparse_categorical_accuracy=0.9994833469390869,loss=0.0017082812264561653>
47.3064 seconds
Tested. Sparse categorical accuracy: 84.00

round 77, metrics=<sparse_categorical_accuracy=0.9997333288192749,loss=0.0010930319549515843>
43.7821 seconds
Tested. Sparse categorical accuracy: 81.00

round 78, metrics=<sparse_categorical_accuracy=0.9995333552360535,loss=0.0015865839086472988>
44.0621 seconds
Tested. Sparse categorical accuracy: 85.00

round 79, metrics=<sparse_categorical_accuracy=0.9996166825294495,loss=0.0014249782543629408>
46.1146 seconds
Tested. Sparse categorical accuracy: 78.00

round 80, metrics=<sparse_categorical_accuracy=0.9993666410446167,loss=0.002094043418765068>
48.6565 seconds
Tested. Sparse categorical accuracy: 67.00

round 81, metrics=<sparse_categorical_accuracy=0.9995333552360535,loss=0.0014672981342300773>
44.2354 seconds
Tested. Sparse categorical accuracy: 79.00

round 82, metrics=<sparse_categorical_accuracy=0.9995166659355164,loss=0.001672480022534728>
44.2112 seconds
Tested. Sparse categorical accuracy: 72.00

round 83, metrics=<sparse_categorical_accuracy=0.9994166493415833,loss=0.0017462853575125337>
43.4710 seconds
Tested. Sparse categorical accuracy: 81.00

round 84, metrics=<sparse_categorical_accuracy=0.9995499849319458,loss=0.0014515153598040342>
43.8218 seconds
Tested. Sparse categorical accuracy: 84.00

round 85, metrics=<sparse_categorical_accuracy=0.9994166493415833,loss=0.0017806761898100376>
43.0643 seconds
Tested. Sparse categorical accuracy: 83.00

round 86, metrics=<sparse_categorical_accuracy=0.9996500015258789,loss=0.0011152439983561635>
42.8973 seconds
Tested. Sparse categorical accuracy: 83.00

round 87, metrics=<sparse_categorical_accuracy=0.999750018119812,loss=0.0009855427779257298>
43.4868 seconds
Tested. Sparse categorical accuracy: 83.00

round 88, metrics=<sparse_categorical_accuracy=0.9995999932289124,loss=0.0013692560605704784>
45.3492 seconds
Tested. Sparse categorical accuracy: 90.00

round 89, metrics=<sparse_categorical_accuracy=0.9996500015258789,loss=0.0010621094843372703>
43.6297 seconds
Tested. Sparse categorical accuracy: 90.00

round 90, metrics=<sparse_categorical_accuracy=0.9995999932289124,loss=0.0011744617950171232>
43.7120 seconds
Tested. Sparse categorical accuracy: 79.00

round 91, metrics=<sparse_categorical_accuracy=0.9995333552360535,loss=0.0013425997458398342>
43.4373 seconds
Tested. Sparse categorical accuracy: 71.00

round 92, metrics=<sparse_categorical_accuracy=0.9995333552360535,loss=0.0014286881778389215>
47.9167 seconds
Tested. Sparse categorical accuracy: 78.00

round 93, metrics=<sparse_categorical_accuracy=0.9993666410446167,loss=0.0019439152674749494>
46.2533 seconds
Tested. Sparse categorical accuracy: 71.00

round 94, metrics=<sparse_categorical_accuracy=0.9994000196456909,loss=0.002573510631918907>
43.7832 seconds
Tested. Sparse categorical accuracy: 76.00

round 95, metrics=<sparse_categorical_accuracy=0.9994166493415833,loss=0.001630705315619707>
44.6504 seconds
Tested. Sparse categorical accuracy: 83.00

round 96, metrics=<sparse_categorical_accuracy=0.9997333288192749,loss=0.0010561522794887424>
46.4134 seconds
Tested. Sparse categorical accuracy: 87.00

round 97, metrics=<sparse_categorical_accuracy=0.999666690826416,loss=0.0011709359241649508>
45.2061 seconds
Tested. Sparse categorical accuracy: 88.00

round 98, metrics=<sparse_categorical_accuracy=0.9996333122253418,loss=0.001226324588060379>
44.8415 seconds
Tested. Sparse categorical accuracy: 82.00

round 99, metrics=<sparse_categorical_accuracy=0.9998166561126709,loss=0.0008887932635843754>
44.4193 seconds
Tested. Sparse categorical accuracy: 87.00

round 100, metrics=<sparse_categorical_accuracy=0.9994666576385498,loss=0.001433312427252531>
48.3600 seconds
Tested. Sparse categorical accuracy: 81.00

round 101, metrics=<sparse_categorical_accuracy=0.9997000098228455,loss=0.0009212091099470854>
44.4775 seconds
Tested. Sparse categorical accuracy: 79.00

round 102, metrics=<sparse_categorical_accuracy=0.9997000098228455,loss=0.000886811874806881>
44.4664 seconds
Tested. Sparse categorical accuracy: 85.00

round 103, metrics=<sparse_categorical_accuracy=0.9996166825294495,loss=0.0010495088063180447>
43.4276 seconds
Tested. Sparse categorical accuracy: 90.00

round 104, metrics=<sparse_categorical_accuracy=0.9997666478157043,loss=0.0009068668587133288>
44.7059 seconds
Tested. Sparse categorical accuracy: 85.00

round 105, metrics=<sparse_categorical_accuracy=0.9994833469390869,loss=0.0014246748760342598>
46.4806 seconds
Tested. Sparse categorical accuracy: 71.00

round 106, metrics=<sparse_categorical_accuracy=0.9995833039283752,loss=0.0012506608618423343>
47.0699 seconds
Tested. Sparse categorical accuracy: 72.00

round 107, metrics=<sparse_categorical_accuracy=0.9995833039283752,loss=0.001377793145366013>
44.5668 seconds
Tested. Sparse categorical accuracy: 84.00

round 108, metrics=<sparse_categorical_accuracy=0.999666690826416,loss=0.0011828390415757895>
43.8565 seconds
Tested. Sparse categorical accuracy: 85.00

round 109, metrics=<sparse_categorical_accuracy=0.9995333552360535,loss=0.0012391619384288788>
47.7187 seconds
Tested. Sparse categorical accuracy: 94.00

round 110, metrics=<sparse_categorical_accuracy=0.9995666742324829,loss=0.0012187639949843287>
44.4518 seconds
Tested. Sparse categorical accuracy: 83.00

round 111, metrics=<sparse_categorical_accuracy=0.999666690826416,loss=0.0008230609819293022>
45.2932 seconds
Tested. Sparse categorical accuracy: 79.00

round 112, metrics=<sparse_categorical_accuracy=0.9996833205223083,loss=0.0010214855428785086>
45.3499 seconds
Tested. Sparse categorical accuracy: 86.00

round 113, metrics=<sparse_categorical_accuracy=0.9996166825294495,loss=0.001158128259703517>
45.2944 seconds
Tested. Sparse categorical accuracy: 87.00

round 114, metrics=<sparse_categorical_accuracy=0.9997166395187378,loss=0.000961465178988874>
43.4792 seconds
Tested. Sparse categorical accuracy: 91.00

round 115, metrics=<sparse_categorical_accuracy=0.9994500279426575,loss=0.0015119677409529686>
45.7932 seconds
Tested. Sparse categorical accuracy: 72.00

round 116, metrics=<sparse_categorical_accuracy=0.9995166659355164,loss=0.001434292527846992>
47.5774 seconds
Tested. Sparse categorical accuracy: 81.00

round 117, metrics=<sparse_categorical_accuracy=0.9997000098228455,loss=0.0009551984257996082>
45.5468 seconds
Tested. Sparse categorical accuracy: 83.00

round 118, metrics=<sparse_categorical_accuracy=0.9995666742324829,loss=0.0010828007943928242>
46.4991 seconds
Tested. Sparse categorical accuracy: 92.00

round 119, metrics=<sparse_categorical_accuracy=0.9997333288192749,loss=0.0008891987381502986>
44.5165 seconds
Tested. Sparse categorical accuracy: 91.00

round 120, metrics=<sparse_categorical_accuracy=0.9996833205223083,loss=0.0010417151497676969>
42.3889 seconds
Tested. Sparse categorical accuracy: 80.00

round 121, metrics=<sparse_categorical_accuracy=0.9998833537101746,loss=0.0005326314712874591>
48.5345 seconds
Tested. Sparse categorical accuracy: 82.00

round 122, metrics=<sparse_categorical_accuracy=0.999666690826416,loss=0.0009079707087948918>
43.0673 seconds
Tested. Sparse categorical accuracy: 82.00

round 123, metrics=<sparse_categorical_accuracy=0.9994999766349792,loss=0.0011332407593727112>
43.7873 seconds
Tested. Sparse categorical accuracy: 88.00

round 124, metrics=<sparse_categorical_accuracy=0.9996833205223083,loss=0.0010606269352138042>
48.8341 seconds
Tested. Sparse categorical accuracy: 90.00

round 125, metrics=<sparse_categorical_accuracy=0.9995499849319458,loss=0.0010227860184386373>
43.6980 seconds
Tested. Sparse categorical accuracy: 87.00

round 126, metrics=<sparse_categorical_accuracy=0.9996500015258789,loss=0.001171889598481357>
46.6247 seconds
Tested. Sparse categorical accuracy: 85.00

round 127, metrics=<sparse_categorical_accuracy=0.9997333288192749,loss=0.0006644832901656628>
46.0951 seconds
Tested. Sparse categorical accuracy: 84.00

round 128, metrics=<sparse_categorical_accuracy=0.9994333386421204,loss=0.0017155256355181336>
44.6187 seconds
Tested. Sparse categorical accuracy: 76.00

round 129, metrics=<sparse_categorical_accuracy=0.9995166659355164,loss=0.001480600330978632>
45.4617 seconds
Tested. Sparse categorical accuracy: 64.00

round 130, metrics=<sparse_categorical_accuracy=0.9988333582878113,loss=0.0038571245968341827>
44.9073 seconds
Tested. Sparse categorical accuracy: 59.00

round 131, metrics=<sparse_categorical_accuracy=0.9987999796867371,loss=0.0035635330714285374>
44.0693 seconds
Tested. Sparse categorical accuracy: 72.00

round 132, metrics=<sparse_categorical_accuracy=0.9994999766349792,loss=0.0016696022357791662>
45.0973 seconds
Tested. Sparse categorical accuracy: 71.00

round 133, metrics=<sparse_categorical_accuracy=0.9996166825294495,loss=0.001372058759443462>
45.0475 seconds
Tested. Sparse categorical accuracy: 85.00

round 134, metrics=<sparse_categorical_accuracy=0.9998166561126709,loss=0.0008759493939578533>
46.5803 seconds
Tested. Sparse categorical accuracy: 90.00

round 135, metrics=<sparse_categorical_accuracy=0.9995833039283752,loss=0.0014076506486162543>
42.2821 seconds
Tested. Sparse categorical accuracy: 84.00

round 136, metrics=<sparse_categorical_accuracy=0.999833345413208,loss=0.0006876393454149365>
45.5219 seconds
Tested. Sparse categorical accuracy: 88.00

round 137, metrics=<sparse_categorical_accuracy=0.9997666478157043,loss=0.0008452885085716844>
42.8316 seconds
Tested. Sparse categorical accuracy: 80.00

round 138, metrics=<sparse_categorical_accuracy=0.9997000098228455,loss=0.0009718689252622426>
44.4393 seconds
Tested. Sparse categorical accuracy: 89.00

round 139, metrics=<sparse_categorical_accuracy=0.999750018119812,loss=0.0007774701225571334>
44.9150 seconds
Tested. Sparse categorical accuracy: 91.00

round 140, metrics=<sparse_categorical_accuracy=0.9996500015258789,loss=0.0011363513767719269>
43.9759 seconds
Tested. Sparse categorical accuracy: 89.00

round 141, metrics=<sparse_categorical_accuracy=0.9998166561126709,loss=0.0006417794502340257>
43.7658 seconds
Tested. Sparse categorical accuracy: 89.00

round 142, metrics=<sparse_categorical_accuracy=0.9997166395187378,loss=0.0008419470395892859>
44.2260 seconds
Tested. Sparse categorical accuracy: 92.00

round 143, metrics=<sparse_categorical_accuracy=0.9996833205223083,loss=0.0008200683514587581>
43.8040 seconds
Tested. Sparse categorical accuracy: 87.00

round 144, metrics=<sparse_categorical_accuracy=0.9998166561126709,loss=0.00053594441851601>
44.4198 seconds
Tested. Sparse categorical accuracy: 86.00

round 145, metrics=<sparse_categorical_accuracy=0.9996833205223083,loss=0.0010678218677639961>
44.3872 seconds
Tested. Sparse categorical accuracy: 81.00

round 146, metrics=<sparse_categorical_accuracy=0.9997833371162415,loss=0.000650982663501054>
45.0656 seconds
Tested. Sparse categorical accuracy: 85.00

round 147, metrics=<sparse_categorical_accuracy=0.9998166561126709,loss=0.0006231022998690605>
43.8898 seconds
Tested. Sparse categorical accuracy: 88.00

round 148, metrics=<sparse_categorical_accuracy=0.9996833205223083,loss=0.001065324293449521>
45.8029 seconds
Tested. Sparse categorical accuracy: 93.00

round 149, metrics=<sparse_categorical_accuracy=0.9998499751091003,loss=0.0006970379035919905>
47.4027 seconds
Tested. Sparse categorical accuracy: 86.00

round 150, metrics=<sparse_categorical_accuracy=0.999666690826416,loss=0.0009146049851551652>
46.4073 seconds
Tested. Sparse categorical accuracy: 94.00

round 151, metrics=<sparse_categorical_accuracy=0.9998666644096375,loss=0.0006346599548123777>
44.2550 seconds
Tested. Sparse categorical accuracy: 86.00

round 152, metrics=<sparse_categorical_accuracy=0.9996500015258789,loss=0.0012533186236396432>
43.3358 seconds
Tested. Sparse categorical accuracy: 78.00

round 153, metrics=<sparse_categorical_accuracy=0.9996500015258789,loss=0.001578225172124803>
44.9209 seconds
Tested. Sparse categorical accuracy: 91.00

round 154, metrics=<sparse_categorical_accuracy=0.9996500015258789,loss=0.001137332757934928>
45.9221 seconds
Tested. Sparse categorical accuracy: 91.00

round 155, metrics=<sparse_categorical_accuracy=0.9997000098228455,loss=0.0010719513520598412>
43.8153 seconds
Tested. Sparse categorical accuracy: 87.00

round 156, metrics=<sparse_categorical_accuracy=0.9997333288192749,loss=0.0007864101207815111>
42.4821 seconds
Tested. Sparse categorical accuracy: 86.00

round 157, metrics=<sparse_categorical_accuracy=0.9997166395187378,loss=0.0008597866981290281>
47.6674 seconds
Tested. Sparse categorical accuracy: 83.00

round 158, metrics=<sparse_categorical_accuracy=0.999666690826416,loss=0.0010780544253066182>
44.5913 seconds
Tested. Sparse categorical accuracy: 89.00

round 159, metrics=<sparse_categorical_accuracy=0.9997333288192749,loss=0.0007671486819162965>
43.5936 seconds
Tested. Sparse categorical accuracy: 90.00

round 160, metrics=<sparse_categorical_accuracy=0.999750018119812,loss=0.0008308974211104214>
46.1233 seconds
Tested. Sparse categorical accuracy: 88.00

round 161, metrics=<sparse_categorical_accuracy=0.9996833205223083,loss=0.0010736120166257024>
44.2256 seconds
Tested. Sparse categorical accuracy: 81.00

round 162, metrics=<sparse_categorical_accuracy=0.9997166395187378,loss=0.0008844670373946428>
43.6276 seconds
Tested. Sparse categorical accuracy: 89.00

round 163, metrics=<sparse_categorical_accuracy=0.9997166395187378,loss=0.0008200164302252233>
44.3204 seconds
Tested. Sparse categorical accuracy: 90.00

round 164, metrics=<sparse_categorical_accuracy=0.9996833205223083,loss=0.0010032575810328126>
44.9789 seconds
Tested. Sparse categorical accuracy: 87.00

round 165, metrics=<sparse_categorical_accuracy=0.9994833469390869,loss=0.0015378195093944669>
45.2303 seconds
Tested. Sparse categorical accuracy: 82.00

round 166, metrics=<sparse_categorical_accuracy=0.9996833205223083,loss=0.0008599397842772305>
45.3863 seconds
Tested. Sparse categorical accuracy: 81.00

round 167, metrics=<sparse_categorical_accuracy=0.9995999932289124,loss=0.001334658358246088>
44.3683 seconds
Tested. Sparse categorical accuracy: 82.00

round 168, metrics=<sparse_categorical_accuracy=0.9994500279426575,loss=0.0016483799554407597>
44.2755 seconds
Tested. Sparse categorical accuracy: 81.00

round 169, metrics=<sparse_categorical_accuracy=0.9998000264167786,loss=0.0009632086148485541>
44.4600 seconds
Tested. Sparse categorical accuracy: 95.00

round 170, metrics=<sparse_categorical_accuracy=0.9995999932289124,loss=0.0012052962556481361>
43.4714 seconds
Tested. Sparse categorical accuracy: 87.00

round 171, metrics=<sparse_categorical_accuracy=0.9998166561126709,loss=0.0006947965594008565>
44.3905 seconds
Tested. Sparse categorical accuracy: 89.00

round 172, metrics=<sparse_categorical_accuracy=0.9997833371162415,loss=0.0005908282473683357>
43.9515 seconds
Tested. Sparse categorical accuracy: 89.00

round 173, metrics=<sparse_categorical_accuracy=0.9997833371162415,loss=0.0008390365983359516>
44.0210 seconds
Tested. Sparse categorical accuracy: 91.00

round 174, metrics=<sparse_categorical_accuracy=0.9998166561126709,loss=0.0006000511348247528>
44.8463 seconds
Tested. Sparse categorical accuracy: 94.00

round 175, metrics=<sparse_categorical_accuracy=0.999666690826416,loss=0.0008796785841695964>
44.0987 seconds
Tested. Sparse categorical accuracy: 95.00

round 176, metrics=<sparse_categorical_accuracy=0.9998166561126709,loss=0.0005882164114154875>
44.1746 seconds
Tested. Sparse categorical accuracy: 96.00

round 177, metrics=<sparse_categorical_accuracy=0.9997833371162415,loss=0.0006180136115290225>
45.5763 seconds
Tested. Sparse categorical accuracy: 92.00

round 178, metrics=<sparse_categorical_accuracy=0.9998000264167786,loss=0.0006459529395215213>
43.5215 seconds
Tested. Sparse categorical accuracy: 92.00

round 179, metrics=<sparse_categorical_accuracy=0.9998000264167786,loss=0.0006290619494393468>
43.6007 seconds
Tested. Sparse categorical accuracy: 92.00

round 180, metrics=<sparse_categorical_accuracy=0.9995833039283752,loss=0.0011634662514552474>
47.1966 seconds
Tested. Sparse categorical accuracy: 91.00

round 181, metrics=<sparse_categorical_accuracy=0.9997666478157043,loss=0.0008147460757754743>
45.9843 seconds
Tested. Sparse categorical accuracy: 90.00

round 182, metrics=<sparse_categorical_accuracy=0.9997166395187378,loss=0.0008747786632739007>
47.8981 seconds
Tested. Sparse categorical accuracy: 91.00

round 183, metrics=<sparse_categorical_accuracy=0.9996333122253418,loss=0.0012709400616586208>
44.7615 seconds
Tested. Sparse categorical accuracy: 98.00

round 184, metrics=<sparse_categorical_accuracy=0.9997833371162415,loss=0.0006820124690420926>
46.3970 seconds
Tested. Sparse categorical accuracy: 97.00

round 185, metrics=<sparse_categorical_accuracy=0.9996833205223083,loss=0.0009079282754100859>
43.8367 seconds
Tested. Sparse categorical accuracy: 97.00

round 186, metrics=<sparse_categorical_accuracy=0.9997833371162415,loss=0.0007810539100319147>
46.3175 seconds
Tested. Sparse categorical accuracy: 91.00

round 187, metrics=<sparse_categorical_accuracy=0.999750018119812,loss=0.0006601224886253476>
44.7463 seconds
Tested. Sparse categorical accuracy: 92.00

round 188, metrics=<sparse_categorical_accuracy=0.9996500015258789,loss=0.0009797662496566772>
46.0719 seconds
Tested. Sparse categorical accuracy: 92.00

round 189, metrics=<sparse_categorical_accuracy=0.9998999834060669,loss=0.00051187101053074>
45.8779 seconds
Tested. Sparse categorical accuracy: 97.00

round 190, metrics=<sparse_categorical_accuracy=0.9997166395187378,loss=0.0009111811523325741>
44.8846 seconds
Tested. Sparse categorical accuracy: 92.00

round 191, metrics=<sparse_categorical_accuracy=0.999833345413208,loss=0.000516166677698493>
44.2471 seconds
Tested. Sparse categorical accuracy: 95.00

round 192, metrics=<sparse_categorical_accuracy=0.9998000264167786,loss=0.0005534236552193761>
45.8698 seconds
Tested. Sparse categorical accuracy: 87.00

round 193, metrics=<sparse_categorical_accuracy=0.9998666644096375,loss=0.0006480445736087859>
46.0617 seconds
Tested. Sparse categorical accuracy: 95.00

round 194, metrics=<sparse_categorical_accuracy=0.999833345413208,loss=0.0005627986392937601>
44.0316 seconds
Tested. Sparse categorical accuracy: 95.00

round 195, metrics=<sparse_categorical_accuracy=0.9997833371162415,loss=0.000834121776279062>
45.8203 seconds
Tested. Sparse categorical accuracy: 94.00

round 196, metrics=<sparse_categorical_accuracy=0.9998000264167786,loss=0.000666224688757211>
46.7094 seconds
Tested. Sparse categorical accuracy: 88.00

round 197, metrics=<sparse_categorical_accuracy=0.9998999834060669,loss=0.0004316775011830032>
45.2512 seconds
Tested. Sparse categorical accuracy: 96.00

round 198, metrics=<sparse_categorical_accuracy=0.9997333288192749,loss=0.000758378766477108>
43.6632 seconds
Tested. Sparse categorical accuracy: 90.00

round 199, metrics=<sparse_categorical_accuracy=0.9998000264167786,loss=0.0005293024005368352>
45.5646 seconds
Tested. Sparse categorical accuracy: 92.00

round 200, metrics=<sparse_categorical_accuracy=0.999750018119812,loss=0.0007373733096756041>
43.4850 seconds
Tested. Sparse categorical accuracy: 84.00

round 201, metrics=<sparse_categorical_accuracy=0.9996500015258789,loss=0.0009044731268659234>
47.8846 seconds
Tested. Sparse categorical accuracy: 84.00

round 202, metrics=<sparse_categorical_accuracy=0.9997333288192749,loss=0.0007322894525714219>
46.9892 seconds
Tested. Sparse categorical accuracy: 96.00

round 203, metrics=<sparse_categorical_accuracy=0.9997333288192749,loss=0.0008870408637449145>
45.2378 seconds
Tested. Sparse categorical accuracy: 86.00

round 204, metrics=<sparse_categorical_accuracy=0.9998666644096375,loss=0.0004833315615542233>
44.1765 seconds
Tested. Sparse categorical accuracy: 96.00

round 205, metrics=<sparse_categorical_accuracy=0.999750018119812,loss=0.0007326878840103745>
48.7573 seconds
Tested. Sparse categorical accuracy: 92.00

round 206, metrics=<sparse_categorical_accuracy=0.9998166561126709,loss=0.0005705714575015008>
43.7057 seconds
Tested. Sparse categorical accuracy: 96.00

round 207, metrics=<sparse_categorical_accuracy=0.9999499917030334,loss=0.0003145213413517922>
45.4775 seconds
Tested. Sparse categorical accuracy: 93.00

round 208, metrics=<sparse_categorical_accuracy=0.9998999834060669,loss=0.00055537378648296>
45.2239 seconds
Tested. Sparse categorical accuracy: 94.00

round 209, metrics=<sparse_categorical_accuracy=0.9997833371162415,loss=0.0007193274213932455>
44.6437 seconds
Tested. Sparse categorical accuracy: 93.00

round 210, metrics=<sparse_categorical_accuracy=0.9997166395187378,loss=0.0006800530245527625>
46.3447 seconds
Tested. Sparse categorical accuracy: 87.00

round 211, metrics=<sparse_categorical_accuracy=0.9996333122253418,loss=0.0010510451393201947>
44.2617 seconds
Tested. Sparse categorical accuracy: 71.00

round 212, metrics=<sparse_categorical_accuracy=0.9994333386421204,loss=0.0023751752451062202>
46.7029 seconds
Tested. Sparse categorical accuracy: 71.00

round 213, metrics=<sparse_categorical_accuracy=0.9995499849319458,loss=0.0033613317646086216>
47.6767 seconds
Tested. Sparse categorical accuracy: 78.00

round 214, metrics=<sparse_categorical_accuracy=0.9993666410446167,loss=0.0030683863442391157>
43.6900 seconds
Tested. Sparse categorical accuracy: 77.00

round 215, metrics=<sparse_categorical_accuracy=0.9994000196456909,loss=0.0017604533350095153>
43.6683 seconds
Tested. Sparse categorical accuracy: 94.00

round 216, metrics=<sparse_categorical_accuracy=0.9997333288192749,loss=0.0010176383657380939>
46.0446 seconds
Tested. Sparse categorical accuracy: 94.00

round 217, metrics=<sparse_categorical_accuracy=0.9998666644096375,loss=0.0005784523673355579>
45.5531 seconds
Tested. Sparse categorical accuracy: 95.00

round 218, metrics=<sparse_categorical_accuracy=0.9998166561126709,loss=0.000726258207578212>
45.1950 seconds
Tested. Sparse categorical accuracy: 92.00

round 219, metrics=<sparse_categorical_accuracy=0.9998499751091003,loss=0.0005973096704110503>
44.2095 seconds
Tested. Sparse categorical accuracy: 94.00

round 220, metrics=<sparse_categorical_accuracy=0.9998000264167786,loss=0.0006883168825879693>
44.5873 seconds
Tested. Sparse categorical accuracy: 93.00

round 221, metrics=<sparse_categorical_accuracy=0.9998499751091003,loss=0.0005285359802655876>
48.1419 seconds
Tested. Sparse categorical accuracy: 96.00

round 222, metrics=<sparse_categorical_accuracy=0.9998499751091003,loss=0.00044980100938118994>
44.7235 seconds
Tested. Sparse categorical accuracy: 89.00

round 223, metrics=<sparse_categorical_accuracy=0.9998666644096375,loss=0.0004736429254990071>
43.0254 seconds
Tested. Sparse categorical accuracy: 94.00

round 224, metrics=<sparse_categorical_accuracy=0.999833345413208,loss=0.0005240710452198982>
49.5646 seconds
Tested. Sparse categorical accuracy: 94.00

round 225, metrics=<sparse_categorical_accuracy=0.9998000264167786,loss=0.0005654924316331744>
42.3062 seconds
Tested. Sparse categorical accuracy: 94.00

round 226, metrics=<sparse_categorical_accuracy=0.9998833537101746,loss=0.0006124731153249741>
45.5978 seconds
Tested. Sparse categorical accuracy: 92.00

round 227, metrics=<sparse_categorical_accuracy=0.9998833537101746,loss=0.00039801563252694905>
43.9164 seconds
Tested. Sparse categorical accuracy: 92.00

round 228, metrics=<sparse_categorical_accuracy=0.9997666478157043,loss=0.0008065473521128297>
47.1415 seconds
Tested. Sparse categorical accuracy: 84.00

round 229, metrics=<sparse_categorical_accuracy=0.9997833371162415,loss=0.0006989666726440191>
46.5960 seconds
Tested. Sparse categorical accuracy: 91.00

round 230, metrics=<sparse_categorical_accuracy=0.9997666478157043,loss=0.0009948397055268288>
46.1483 seconds
Tested. Sparse categorical accuracy: 95.00

round 231, metrics=<sparse_categorical_accuracy=0.9998000264167786,loss=0.0005753603763878345>
43.5538 seconds
Tested. Sparse categorical accuracy: 98.00

round 232, metrics=<sparse_categorical_accuracy=0.9997666478157043,loss=0.0007555029587820172>
49.6602 seconds
Tested. Sparse categorical accuracy: 93.00

round 233, metrics=<sparse_categorical_accuracy=0.9998000264167786,loss=0.0006170274573378265>
43.7491 seconds
Tested. Sparse categorical accuracy: 91.00

round 234, metrics=<sparse_categorical_accuracy=0.9998666644096375,loss=0.0005334613961167634>
43.8863 seconds
Tested. Sparse categorical accuracy: 94.00

round 235, metrics=<sparse_categorical_accuracy=0.9998000264167786,loss=0.0008169179200194776>
45.4563 seconds
Tested. Sparse categorical accuracy: 94.00

round 236, metrics=<sparse_categorical_accuracy=0.999833345413208,loss=0.0007643362623639405>
44.1153 seconds
Tested. Sparse categorical accuracy: 93.00

round 237, metrics=<sparse_categorical_accuracy=0.999750018119812,loss=0.0005725167575292289>
44.6920 seconds
Tested. Sparse categorical accuracy: 93.00

round 238, metrics=<sparse_categorical_accuracy=0.9997166395187378,loss=0.0007876974996179342>
45.3716 seconds
Tested. Sparse categorical accuracy: 94.00

round 239, metrics=<sparse_categorical_accuracy=0.9998000264167786,loss=0.0007318740827031434>
43.5064 seconds
Tested. Sparse categorical accuracy: 95.00

round 240, metrics=<sparse_categorical_accuracy=0.9997666478157043,loss=0.0007109009311534464>
45.5685 seconds
Tested. Sparse categorical accuracy: 96.00

round 241, metrics=<sparse_categorical_accuracy=0.9998000264167786,loss=0.0006757695227861404>
45.1264 seconds
Tested. Sparse categorical accuracy: 95.00

round 242, metrics=<sparse_categorical_accuracy=0.9998666644096375,loss=0.0004555324849206954>
47.6538 seconds
Tested. Sparse categorical accuracy: 95.00

round 243, metrics=<sparse_categorical_accuracy=0.9998166561126709,loss=0.0006657891208305955>
43.8409 seconds
Tested. Sparse categorical accuracy: 87.00

round 244, metrics=<sparse_categorical_accuracy=0.999833345413208,loss=0.0005283913924358785>
45.3326 seconds
Tested. Sparse categorical accuracy: 94.00

round 245, metrics=<sparse_categorical_accuracy=0.9998166561126709,loss=0.0006471845554187894>
45.4567 seconds
Tested. Sparse categorical accuracy: 96.00

round 246, metrics=<sparse_categorical_accuracy=0.9998000264167786,loss=0.0005599486758001149>
45.4679 seconds
Tested. Sparse categorical accuracy: 93.00

round 247, metrics=<sparse_categorical_accuracy=0.9998499751091003,loss=0.0005472793709486723>
45.7287 seconds
Tested. Sparse categorical accuracy: 91.00

round 248, metrics=<sparse_categorical_accuracy=0.999833345413208,loss=0.0005439019878394902>
43.5999 seconds
Tested. Sparse categorical accuracy: 94.00

round 249, metrics=<sparse_categorical_accuracy=0.999833345413208,loss=0.0006439134594984353>
46.1909 seconds
Tested. Sparse categorical accuracy: 95.00

round 250, metrics=<sparse_categorical_accuracy=0.9998499751091003,loss=0.0005325598176568747>
44.3314 seconds
Tested. Sparse categorical accuracy: 95.00

Target accuracy reached after  250  rounds
Average time per round: 45.00

2020-05-05 00:46:01.305026
