
TENSORFLOW USERS:
You must use the python3.6-anaconda/5.2.0 module to run TensorFlow.
See https://arc-ts.umich.edu/greatlakes/software/tensorflow for more
information.



The following have been reloaded with a version change:
  1) cuda/10.0.130 => cuda/10.1.105


Currently Loaded Modules:
  1) python3.7-anaconda/2019.07   2) cudnn/10.0-v7.6   3) cuda/10.1.105

 

mkdir: cannot create directory ‘results/5944196’: File exists
mkdir: cannot create directory ‘results/5944196/log’: File exists
Test  17
2020-05-04 19:33:56.210912


Schema 1: Each client partially IID
--------------------------------------------------
percent data distributed IID:  40
number of classes for non-IID data:  2
data points per client (mean, std dev): ( 600 ,  0 )
--------------------------------------------------

round  1, metrics=<sparse_categorical_accuracy=0.770383358001709,loss=0.7217137813568115>
38.0902 seconds
Tested. Sparse categorical accuracy: 61.00

round  2, metrics=<sparse_categorical_accuracy=0.9556833505630493,loss=0.14975321292877197>
37.6990 seconds
Tested. Sparse categorical accuracy: 93.00

round  3, metrics=<sparse_categorical_accuracy=0.9848666787147522,loss=0.05586935207247734>
37.4124 seconds
Tested. Sparse categorical accuracy: 91.00

round  4, metrics=<sparse_categorical_accuracy=0.9903666377067566,loss=0.034211304038763046>
37.8513 seconds
Tested. Sparse categorical accuracy: 97.00

round  5, metrics=<sparse_categorical_accuracy=0.985450029373169,loss=0.05205279216170311>
37.3266 seconds
Tested. Sparse categorical accuracy: 91.00

round  6, metrics=<sparse_categorical_accuracy=0.9952666759490967,loss=0.016887182369828224>
37.3196 seconds
Tested. Sparse categorical accuracy: 98.00

round  7, metrics=<sparse_categorical_accuracy=0.994949996471405,loss=0.019067253917455673>
37.0535 seconds
Tested. Sparse categorical accuracy: 97.00

round  8, metrics=<sparse_categorical_accuracy=0.9947666525840759,loss=0.021078020334243774>
38.5294 seconds
Tested. Sparse categorical accuracy: 97.00

round  9, metrics=<sparse_categorical_accuracy=0.9910333156585693,loss=0.03576669469475746>
37.4775 seconds
Tested. Sparse categorical accuracy: 98.00

round 10, metrics=<sparse_categorical_accuracy=0.996833324432373,loss=0.012092897668480873>
37.8241 seconds
Tested. Sparse categorical accuracy: 100.00

Target accuracy reached after  10  rounds
Average time per round: 37.00

2020-05-04 19:40:22.412209
