
TENSORFLOW USERS:
You must use the python3.6-anaconda/5.2.0 module to run TensorFlow.
See https://arc-ts.umich.edu/greatlakes/software/tensorflow for more
information.



The following have been reloaded with a version change:
  1) cuda/10.0.130 => cuda/10.1.105


Currently Loaded Modules:
  1) python3.7-anaconda/2019.07   2) cudnn/10.0-v7.6   3) cuda/10.1.105

 

mkdir: cannot create directory ‘results/5944196’: File exists
mkdir: cannot create directory ‘results/5944196/log’: File exists
Test  107
2020-05-05 07:19:03.964812


Schema 1: Each client partially IID
--------------------------------------------------
percent data distributed IID:  60
number of classes for non-IID data:  2
data points per client (mean, std dev): ( 600 ,  0 )
--------------------------------------------------

round  1, metrics=<sparse_categorical_accuracy=0.8157666921615601,loss=0.58540278673172>
17.8478 seconds
Tested. Sparse categorical accuracy: 89.00

round  2, metrics=<sparse_categorical_accuracy=0.9738666415214539,loss=0.09098242968320847>
18.4171 seconds
Tested. Sparse categorical accuracy: 93.00

round  3, metrics=<sparse_categorical_accuracy=0.9903333187103271,loss=0.03757293522357941>
18.1006 seconds
Tested. Sparse categorical accuracy: 93.00

round  4, metrics=<sparse_categorical_accuracy=0.9914666414260864,loss=0.03265298530459404>
17.3991 seconds
Tested. Sparse categorical accuracy: 95.00

round  5, metrics=<sparse_categorical_accuracy=0.9902333617210388,loss=0.038259357213974>
18.3923 seconds
Tested. Sparse categorical accuracy: 94.00

round  6, metrics=<sparse_categorical_accuracy=0.9944999814033508,loss=0.022031724452972412>
18.1369 seconds
Tested. Sparse categorical accuracy: 98.00

round  7, metrics=<sparse_categorical_accuracy=0.9943000078201294,loss=0.020972387865185738>
17.6022 seconds
Tested. Sparse categorical accuracy: 96.00

round  8, metrics=<sparse_categorical_accuracy=0.9961000084877014,loss=0.015185152180492878>
18.4132 seconds
Tested. Sparse categorical accuracy: 95.00

round  9, metrics=<sparse_categorical_accuracy=0.9958333373069763,loss=0.0162031389772892>
18.5496 seconds
Tested. Sparse categorical accuracy: 96.00

round 10, metrics=<sparse_categorical_accuracy=0.9924333095550537,loss=0.02830617129802704>
18.3283 seconds
Tested. Sparse categorical accuracy: 95.00

round 11, metrics=<sparse_categorical_accuracy=0.996566653251648,loss=0.01231530960649252>
18.1986 seconds
Tested. Sparse categorical accuracy: 98.00

round 12, metrics=<sparse_categorical_accuracy=0.9957333207130432,loss=0.015053385868668556>
18.4219 seconds
Tested. Sparse categorical accuracy: 99.00

Target accuracy reached after  12  rounds
Average time per round: 18.00

2020-05-05 07:22:51.506157
