
TENSORFLOW USERS:
You must use the python3.6-anaconda/5.2.0 module to run TensorFlow.
See https://arc-ts.umich.edu/greatlakes/software/tensorflow for more
information.



The following have been reloaded with a version change:
  1) cuda/10.0.130 => cuda/10.1.105


Currently Loaded Modules:
  1) python3.7-anaconda/2019.07   2) cudnn/10.0-v7.6   3) cuda/10.1.105

 

mkdir: cannot create directory ‘results/5944196’: File exists
mkdir: cannot create directory ‘results/5944196/log’: File exists
Test  255
2020-05-06 19:36:33.687953


Schema 1: Each client partially IID
--------------------------------------------------
percent data distributed IID:  0
number of classes for non-IID data:  2
data points per client (mean, std dev): ( 600 ,  0 )
--------------------------------------------------

round  1, metrics=<sparse_categorical_accuracy=0.9976666569709778,loss=0.028095463290810585>
16.3586 seconds
Tested. Sparse categorical accuracy: 11.00

round  2, metrics=<sparse_categorical_accuracy=0.996999979019165,loss=0.010854478925466537>
15.9871 seconds
Tested. Sparse categorical accuracy: 18.00

round  3, metrics=<sparse_categorical_accuracy=0.9973333477973938,loss=0.01602715626358986>
15.5424 seconds
Tested. Sparse categorical accuracy: 15.00

round  4, metrics=<sparse_categorical_accuracy=0.996999979019165,loss=0.010854492895305157>
15.7678 seconds
Tested. Sparse categorical accuracy: 9.00

round  5, metrics=<sparse_categorical_accuracy=0.996999979019165,loss=0.014060175977647305>
15.8980 seconds
Tested. Sparse categorical accuracy: 10.00

round  6, metrics=<sparse_categorical_accuracy=0.9959999918937683,loss=0.022273341193795204>
15.9001 seconds
Tested. Sparse categorical accuracy: 9.00

round  7, metrics=<sparse_categorical_accuracy=0.9980000257492065,loss=0.008171518333256245>
16.1606 seconds
Tested. Sparse categorical accuracy: 10.00

round  8, metrics=<sparse_categorical_accuracy=0.996999979019165,loss=0.01631731539964676>
15.9495 seconds
Tested. Sparse categorical accuracy: 9.00

round  9, metrics=<sparse_categorical_accuracy=0.996666669845581,loss=0.013047454878687859>
16.0173 seconds
Tested. Sparse categorical accuracy: 12.00

round 10, metrics=<sparse_categorical_accuracy=0.9973333477973938,loss=0.01007175911217928>
15.8152 seconds
Tested. Sparse categorical accuracy: 5.00

round 11, metrics=<sparse_categorical_accuracy=0.996666669845581,loss=0.02144516445696354>
15.8022 seconds
Tested. Sparse categorical accuracy: 5.00

round 12, metrics=<sparse_categorical_accuracy=0.996999979019165,loss=0.012698540464043617>
15.7507 seconds
Tested. Sparse categorical accuracy: 9.00

round 13, metrics=<sparse_categorical_accuracy=0.9973333477973938,loss=0.009447993710637093>
16.5408 seconds
Tested. Sparse categorical accuracy: 7.00

round 14, metrics=<sparse_categorical_accuracy=0.996666669845581,loss=0.009409294463694096>
15.7535 seconds
Tested. Sparse categorical accuracy: 9.00

round 15, metrics=<sparse_categorical_accuracy=0.996999979019165,loss=0.012313075363636017>
16.1576 seconds
Tested. Sparse categorical accuracy: 9.00

round 16, metrics=<sparse_categorical_accuracy=0.996666669845581,loss=0.010793337598443031>
15.9336 seconds
Tested. Sparse categorical accuracy: 3.00

round 17, metrics=<sparse_categorical_accuracy=0.9980000257492065,loss=0.007569171022623777>
15.7044 seconds
Tested. Sparse categorical accuracy: 9.00

round 18, metrics=<sparse_categorical_accuracy=0.996999979019165,loss=0.012589870020747185>
15.7958 seconds
Tested. Sparse categorical accuracy: 10.00

round 19, metrics=<sparse_categorical_accuracy=0.9976666569709778,loss=0.009099682793021202>
15.5617 seconds
Tested. Sparse categorical accuracy: 12.00

round 20, metrics=<sparse_categorical_accuracy=0.9973333477973938,loss=0.009740451350808144>
16.2748 seconds
Tested. Sparse categorical accuracy: 12.00

round 21, metrics=<sparse_categorical_accuracy=0.996666669845581,loss=0.01644325815141201>
15.4840 seconds
Tested. Sparse categorical accuracy: 11.00

round 22, metrics=<sparse_categorical_accuracy=0.996999979019165,loss=0.011765308678150177>
15.8961 seconds
Tested. Sparse categorical accuracy: 22.00

round 23, metrics=<sparse_categorical_accuracy=0.9976333379745483,loss=0.009597128257155418>
15.7037 seconds
Tested. Sparse categorical accuracy: 10.00

round 24, metrics=<sparse_categorical_accuracy=0.9967333078384399,loss=0.009407300502061844>
15.5758 seconds
Tested. Sparse categorical accuracy: 5.00

round 25, metrics=<sparse_categorical_accuracy=0.996999979019165,loss=0.012279674410820007>
15.6652 seconds
Tested. Sparse categorical accuracy: 13.00

round 26, metrics=<sparse_categorical_accuracy=0.996666669845581,loss=0.01053362525999546>
15.9077 seconds
Tested. Sparse categorical accuracy: 9.00

round 27, metrics=<sparse_categorical_accuracy=0.9980000257492065,loss=0.007609262131154537>
15.9312 seconds
Tested. Sparse categorical accuracy: 13.00

round 28, metrics=<sparse_categorical_accuracy=0.996999979019165,loss=0.012625698000192642>
15.6776 seconds
Tested. Sparse categorical accuracy: 9.00

round 29, metrics=<sparse_categorical_accuracy=0.9976666569709778,loss=0.00905472319573164>
16.0502 seconds
Tested. Sparse categorical accuracy: 10.00

round 30, metrics=<sparse_categorical_accuracy=0.9973333477973938,loss=0.009749344550073147>
15.7755 seconds
Tested. Sparse categorical accuracy: 12.00

round 31, metrics=<sparse_categorical_accuracy=0.996666669845581,loss=0.01636478304862976>
15.9459 seconds
Tested. Sparse categorical accuracy: 10.00

round 32, metrics=<sparse_categorical_accuracy=0.996999979019165,loss=0.011689829640090466>
15.4454 seconds
Tested. Sparse categorical accuracy: 17.00

round 33, metrics=<sparse_categorical_accuracy=0.9976666569709778,loss=0.009525011293590069>
16.2463 seconds
Tested. Sparse categorical accuracy: 10.00

round 34, metrics=<sparse_categorical_accuracy=0.9969333410263062,loss=0.009329426102340221>
15.6927 seconds
Tested. Sparse categorical accuracy: 10.00

round 35, metrics=<sparse_categorical_accuracy=0.996999979019165,loss=0.012143530882894993>
15.8641 seconds
Tested. Sparse categorical accuracy: 10.00

round 36, metrics=<sparse_categorical_accuracy=0.996666669845581,loss=0.010420726612210274>
15.9911 seconds
Tested. Sparse categorical accuracy: 8.00

round 37, metrics=<sparse_categorical_accuracy=0.9982333183288574,loss=0.007573071401566267>
15.8434 seconds
Tested. Sparse categorical accuracy: 8.00

round 38, metrics=<sparse_categorical_accuracy=0.996999979019165,loss=0.012511154636740685>
15.9029 seconds
Tested. Sparse categorical accuracy: 16.00

round 39, metrics=<sparse_categorical_accuracy=0.9976999759674072,loss=0.008986752480268478>
15.6800 seconds
Tested. Sparse categorical accuracy: 12.00

round 40, metrics=<sparse_categorical_accuracy=0.9973333477973938,loss=0.00969117321074009>
15.8390 seconds
Tested. Sparse categorical accuracy: 8.00

round 41, metrics=<sparse_categorical_accuracy=0.996666669845581,loss=0.016202153638005257>
15.9159 seconds
Tested. Sparse categorical accuracy: 10.00

round 42, metrics=<sparse_categorical_accuracy=0.996999979019165,loss=0.011631040833890438>
15.8521 seconds
Tested. Sparse categorical accuracy: 22.00

round 43, metrics=<sparse_categorical_accuracy=0.9976333379745483,loss=0.009431523270905018>
15.9097 seconds
Tested. Sparse categorical accuracy: 17.00

round 44, metrics=<sparse_categorical_accuracy=0.9969666600227356,loss=0.009154446423053741>
15.5433 seconds
Tested. Sparse categorical accuracy: 12.00

round 45, metrics=<sparse_categorical_accuracy=0.996999979019165,loss=0.011899751611053944>
15.8622 seconds
Tested. Sparse categorical accuracy: 16.00

round 46, metrics=<sparse_categorical_accuracy=0.996666669845581,loss=0.01027692947536707>
15.7842 seconds
Tested. Sparse categorical accuracy: 16.00

round 47, metrics=<sparse_categorical_accuracy=0.9982666373252869,loss=0.0074479770846664906>
15.7102 seconds
Tested. Sparse categorical accuracy: 11.00

round 48, metrics=<sparse_categorical_accuracy=0.996999979019165,loss=0.012261620722711086>
15.8938 seconds
Tested. Sparse categorical accuracy: 17.00

round 49, metrics=<sparse_categorical_accuracy=0.9977999925613403,loss=0.008767605759203434>
16.0106 seconds
Tested. Sparse categorical accuracy: 9.00

round 50, metrics=<sparse_categorical_accuracy=0.9973333477973938,loss=0.009498202241957188>
15.6582 seconds
Tested. Sparse categorical accuracy: 6.00

round 51, metrics=<sparse_categorical_accuracy=0.996666669845581,loss=0.015803499147295952>
15.8448 seconds
Tested. Sparse categorical accuracy: 4.00

round 52, metrics=<sparse_categorical_accuracy=0.996999979019165,loss=0.011447906494140625>
16.1579 seconds
Tested. Sparse categorical accuracy: 24.00

round 53, metrics=<sparse_categorical_accuracy=0.9976666569709778,loss=0.009067429229617119>
15.9505 seconds
Tested. Sparse categorical accuracy: 22.00

round 54, metrics=<sparse_categorical_accuracy=0.9970333576202393,loss=0.008747621439397335>
15.7552 seconds
Tested. Sparse categorical accuracy: 13.00

round 55, metrics=<sparse_categorical_accuracy=0.996999979019165,loss=0.011266114190220833>
15.8772 seconds
Tested. Sparse categorical accuracy: 20.00

round 56, metrics=<sparse_categorical_accuracy=0.996666669845581,loss=0.00985479261726141>
15.9225 seconds
Tested. Sparse categorical accuracy: 13.00

round 57, metrics=<sparse_categorical_accuracy=0.9983000159263611,loss=0.006917051505297422>
15.8062 seconds
Tested. Sparse categorical accuracy: 9.00

round 58, metrics=<sparse_categorical_accuracy=0.996999979019165,loss=0.011232076212763786>
16.0194 seconds
Tested. Sparse categorical accuracy: 18.00

round 59, metrics=<sparse_categorical_accuracy=0.9976666569709778,loss=0.008088399656116962>
15.9023 seconds
Tested. Sparse categorical accuracy: 5.00

round 60, metrics=<sparse_categorical_accuracy=0.9973333477973938,loss=0.008580831810832024>
16.0572 seconds
Tested. Sparse categorical accuracy: 11.00

round 61, metrics=<sparse_categorical_accuracy=0.996666669845581,loss=0.014384973794221878>
15.4856 seconds
Tested. Sparse categorical accuracy: 11.00

round 62, metrics=<sparse_categorical_accuracy=0.996999979019165,loss=0.010827121324837208>
15.9298 seconds
Tested. Sparse categorical accuracy: 57.00

round 63, metrics=<sparse_categorical_accuracy=0.9980666637420654,loss=0.008171645924448967>
15.7582 seconds
Tested. Sparse categorical accuracy: 20.00

round 64, metrics=<sparse_categorical_accuracy=0.996999979019165,loss=0.00755354342982173>
15.7056 seconds
Tested. Sparse categorical accuracy: 11.00

round 65, metrics=<sparse_categorical_accuracy=0.9970666766166687,loss=0.009319832548499107>
15.8302 seconds
Tested. Sparse categorical accuracy: 33.00

round 66, metrics=<sparse_categorical_accuracy=0.996833324432373,loss=0.008680351078510284>
15.6799 seconds
Tested. Sparse categorical accuracy: 23.00

round 67, metrics=<sparse_categorical_accuracy=0.9983000159263611,loss=0.0058881244622170925>
15.9565 seconds
Tested. Sparse categorical accuracy: 18.00

round 68, metrics=<sparse_categorical_accuracy=0.9971333146095276,loss=0.008394667878746986>
15.5471 seconds
Tested. Sparse categorical accuracy: 32.00

round 69, metrics=<sparse_categorical_accuracy=0.9979666471481323,loss=0.006822850555181503>
15.7299 seconds
Tested. Sparse categorical accuracy: 40.00

round 70, metrics=<sparse_categorical_accuracy=0.9976666569709778,loss=0.006700384896248579>
15.6803 seconds
Tested. Sparse categorical accuracy: 11.00

round 71, metrics=<sparse_categorical_accuracy=0.9966999888420105,loss=0.009621567092835903>
15.9204 seconds
Tested. Sparse categorical accuracy: 33.00

round 72, metrics=<sparse_categorical_accuracy=0.9976000189781189,loss=0.008545788004994392>
15.5617 seconds
Tested. Sparse categorical accuracy: 58.00

round 73, metrics=<sparse_categorical_accuracy=0.9986000061035156,loss=0.005878308322280645>
15.6780 seconds
Tested. Sparse categorical accuracy: 54.00

round 74, metrics=<sparse_categorical_accuracy=0.9983999729156494,loss=0.005063386633992195>
15.7972 seconds
Tested. Sparse categorical accuracy: 31.00

round 75, metrics=<sparse_categorical_accuracy=0.9978333115577698,loss=0.0061891512013971806>
15.6871 seconds
Tested. Sparse categorical accuracy: 32.00

round 76, metrics=<sparse_categorical_accuracy=0.9977999925613403,loss=0.005873544607311487>
16.0989 seconds
Tested. Sparse categorical accuracy: 40.00

round 77, metrics=<sparse_categorical_accuracy=0.9986333250999451,loss=0.004312912467867136>
15.6365 seconds
Tested. Sparse categorical accuracy: 30.00

round 78, metrics=<sparse_categorical_accuracy=0.9979333281517029,loss=0.005669114179909229>
15.9609 seconds
Tested. Sparse categorical accuracy: 41.00

round 79, metrics=<sparse_categorical_accuracy=0.9982666373252869,loss=0.0049029565416276455>
15.8436 seconds
Tested. Sparse categorical accuracy: 65.00

round 80, metrics=<sparse_categorical_accuracy=0.9984999895095825,loss=0.004985249135643244>
15.6051 seconds
Tested. Sparse categorical accuracy: 35.00

round 81, metrics=<sparse_categorical_accuracy=0.9973000288009644,loss=0.006640464998781681>
15.9588 seconds
Tested. Sparse categorical accuracy: 61.00

round 82, metrics=<sparse_categorical_accuracy=0.9984333515167236,loss=0.006121668964624405>
15.9741 seconds
Tested. Sparse categorical accuracy: 68.00

round 83, metrics=<sparse_categorical_accuracy=0.9987666606903076,loss=0.004205435048788786>
15.9899 seconds
Tested. Sparse categorical accuracy: 60.00

round 84, metrics=<sparse_categorical_accuracy=0.9986000061035156,loss=0.00445049162954092>
15.5741 seconds
Tested. Sparse categorical accuracy: 49.00

round 85, metrics=<sparse_categorical_accuracy=0.998533308506012,loss=0.004413608927279711>
15.9937 seconds
Tested. Sparse categorical accuracy: 55.00

round 86, metrics=<sparse_categorical_accuracy=0.9988333582878113,loss=0.003605047706514597>
15.7446 seconds
Tested. Sparse categorical accuracy: 52.00

round 87, metrics=<sparse_categorical_accuracy=0.9987000226974487,loss=0.0038824384100735188>
15.4671 seconds
Tested. Sparse categorical accuracy: 32.00

round 88, metrics=<sparse_categorical_accuracy=0.9977999925613403,loss=0.0056264977902174>
16.0191 seconds
Tested. Sparse categorical accuracy: 47.00

round 89, metrics=<sparse_categorical_accuracy=0.998033344745636,loss=0.005254186224192381>
15.7558 seconds
Tested. Sparse categorical accuracy: 60.00

round 90, metrics=<sparse_categorical_accuracy=0.9984999895095825,loss=0.004625333473086357>
15.9591 seconds
Tested. Sparse categorical accuracy: 56.00

round 91, metrics=<sparse_categorical_accuracy=0.9981333613395691,loss=0.004911426454782486>
15.6792 seconds
Tested. Sparse categorical accuracy: 67.00

round 92, metrics=<sparse_categorical_accuracy=0.9988333582878113,loss=0.003715639002621174>
15.7770 seconds
Tested. Sparse categorical accuracy: 94.00

round 93, metrics=<sparse_categorical_accuracy=0.9991999864578247,loss=0.0027538759168237448>
15.6898 seconds
Tested. Sparse categorical accuracy: 77.00

round 94, metrics=<sparse_categorical_accuracy=0.9992333054542542,loss=0.0026577000971883535>
15.7834 seconds
Tested. Sparse categorical accuracy: 62.00

round 95, metrics=<sparse_categorical_accuracy=0.9989333152770996,loss=0.0028433401603251696>
16.0832 seconds
Tested. Sparse categorical accuracy: 70.00

round 96, metrics=<sparse_categorical_accuracy=0.9987999796867371,loss=0.0030180069152265787>
16.1785 seconds
Tested. Sparse categorical accuracy: 38.00

round 97, metrics=<sparse_categorical_accuracy=0.9987000226974487,loss=0.0036906120367348194>
16.1083 seconds
Tested. Sparse categorical accuracy: 66.00

round 98, metrics=<sparse_categorical_accuracy=0.9988999962806702,loss=0.002571362303569913>
16.0565 seconds
Tested. Sparse categorical accuracy: 75.00

round 99, metrics=<sparse_categorical_accuracy=0.9987000226974487,loss=0.00338449003174901>
15.6612 seconds
Tested. Sparse categorical accuracy: 67.00

round 100, metrics=<sparse_categorical_accuracy=0.9988666772842407,loss=0.00446696812286973>
15.8400 seconds
Tested. Sparse categorical accuracy: 74.00

round 101, metrics=<sparse_categorical_accuracy=0.9994000196456909,loss=0.0024043936282396317>
16.0606 seconds
Tested. Sparse categorical accuracy: 80.00

round 102, metrics=<sparse_categorical_accuracy=0.9991333484649658,loss=0.0028866338543593884>
16.3112 seconds
Tested. Sparse categorical accuracy: 83.00

round 103, metrics=<sparse_categorical_accuracy=0.9993333220481873,loss=0.002184530720114708>
16.1020 seconds
Tested. Sparse categorical accuracy: 74.00

round 104, metrics=<sparse_categorical_accuracy=0.9988999962806702,loss=0.0030462974682450294>
16.2702 seconds
Tested. Sparse categorical accuracy: 83.00

round 105, metrics=<sparse_categorical_accuracy=0.9992666840553284,loss=0.0022164732217788696>
16.4653 seconds
Tested. Sparse categorical accuracy: 75.00

round 106, metrics=<sparse_categorical_accuracy=0.9993666410446167,loss=0.002908768830820918>
15.9639 seconds
Tested. Sparse categorical accuracy: 49.00

round 107, metrics=<sparse_categorical_accuracy=0.9992333054542542,loss=0.0023125004954636097>
15.9096 seconds
Tested. Sparse categorical accuracy: 68.00

round 108, metrics=<sparse_categorical_accuracy=0.9994333386421204,loss=0.002268156735226512>
16.2157 seconds
Tested. Sparse categorical accuracy: 76.00

round 109, metrics=<sparse_categorical_accuracy=0.9994666576385498,loss=0.0019794488325715065>
16.4103 seconds
Tested. Sparse categorical accuracy: 81.00

round 110, metrics=<sparse_categorical_accuracy=0.9992666840553284,loss=0.0018687233095988631>
15.6359 seconds
Tested. Sparse categorical accuracy: 74.00

round 111, metrics=<sparse_categorical_accuracy=0.9993000030517578,loss=0.001828218693844974>
15.8791 seconds
Tested. Sparse categorical accuracy: 73.00

round 112, metrics=<sparse_categorical_accuracy=0.9991666674613953,loss=0.0024903833400458097>
16.1072 seconds
Tested. Sparse categorical accuracy: 78.00

round 113, metrics=<sparse_categorical_accuracy=0.9993333220481873,loss=0.0022681367117911577>
16.1758 seconds
Tested. Sparse categorical accuracy: 73.00

round 114, metrics=<sparse_categorical_accuracy=0.9993000030517578,loss=0.002156262518838048>
16.3461 seconds
Tested. Sparse categorical accuracy: 66.00

round 115, metrics=<sparse_categorical_accuracy=0.9994333386421204,loss=0.0019399557495489717>
16.1762 seconds
Tested. Sparse categorical accuracy: 89.00

round 116, metrics=<sparse_categorical_accuracy=0.9996333122253418,loss=0.0015009305207058787>
16.3451 seconds
Tested. Sparse categorical accuracy: 70.00

round 117, metrics=<sparse_categorical_accuracy=0.9995333552360535,loss=0.0012751537142321467>
15.9182 seconds
Tested. Sparse categorical accuracy: 83.00

round 118, metrics=<sparse_categorical_accuracy=0.9997333288192749,loss=0.00117912283167243>
16.0738 seconds
Tested. Sparse categorical accuracy: 83.00

round 119, metrics=<sparse_categorical_accuracy=0.9994000196456909,loss=0.0014772473368793726>
16.1353 seconds
Tested. Sparse categorical accuracy: 76.00

round 120, metrics=<sparse_categorical_accuracy=0.9994000196456909,loss=0.0017809196142479777>
16.1865 seconds
Tested. Sparse categorical accuracy: 80.00

round 121, metrics=<sparse_categorical_accuracy=0.9995333552360535,loss=0.001301040407270193>
16.1523 seconds
Tested. Sparse categorical accuracy: 83.00

round 122, metrics=<sparse_categorical_accuracy=0.9994333386421204,loss=0.0017389898421242833>
15.9086 seconds
Tested. Sparse categorical accuracy: 86.00

round 123, metrics=<sparse_categorical_accuracy=0.9994999766349792,loss=0.001705815433524549>
15.9477 seconds
Tested. Sparse categorical accuracy: 72.00

round 124, metrics=<sparse_categorical_accuracy=0.9992666840553284,loss=0.002272016368806362>
16.1747 seconds
Tested. Sparse categorical accuracy: 84.00

round 125, metrics=<sparse_categorical_accuracy=0.9992666840553284,loss=0.002215238753706217>
16.6055 seconds
Tested. Sparse categorical accuracy: 87.00

round 126, metrics=<sparse_categorical_accuracy=0.9995666742324829,loss=0.0014512798516079783>
15.9607 seconds
Tested. Sparse categorical accuracy: 81.00

round 127, metrics=<sparse_categorical_accuracy=0.9997666478157043,loss=0.0009719172958284616>
15.8336 seconds
Tested. Sparse categorical accuracy: 81.00

round 128, metrics=<sparse_categorical_accuracy=0.9995333552360535,loss=0.0012274713953956962>
15.8441 seconds
Tested. Sparse categorical accuracy: 79.00

round 129, metrics=<sparse_categorical_accuracy=0.9994333386421204,loss=0.0017727032536640763>
15.7555 seconds
Tested. Sparse categorical accuracy: 84.00

round 130, metrics=<sparse_categorical_accuracy=0.9995999932289124,loss=0.001545388950034976>
15.7155 seconds
Tested. Sparse categorical accuracy: 81.00

round 131, metrics=<sparse_categorical_accuracy=0.9997000098228455,loss=0.0010488604893907905>
15.7213 seconds
Tested. Sparse categorical accuracy: 90.00

round 132, metrics=<sparse_categorical_accuracy=0.9994999766349792,loss=0.001865902915596962>
15.7430 seconds
Tested. Sparse categorical accuracy: 95.00

round 133, metrics=<sparse_categorical_accuracy=0.999666690826416,loss=0.0012866663746535778>
15.9531 seconds
Tested. Sparse categorical accuracy: 83.00

round 134, metrics=<sparse_categorical_accuracy=0.9995333552360535,loss=0.0013103876262903214>
15.5932 seconds
Tested. Sparse categorical accuracy: 92.00

round 135, metrics=<sparse_categorical_accuracy=0.999666690826416,loss=0.000964876264333725>
15.9603 seconds
Tested. Sparse categorical accuracy: 88.00

round 136, metrics=<sparse_categorical_accuracy=0.9995999932289124,loss=0.0014175537507981062>
16.0232 seconds
Tested. Sparse categorical accuracy: 83.00

round 137, metrics=<sparse_categorical_accuracy=0.9995666742324829,loss=0.0016133376630023122>
15.8775 seconds
Tested. Sparse categorical accuracy: 86.00

round 138, metrics=<sparse_categorical_accuracy=0.9995999932289124,loss=0.0013937907060608268>
16.0764 seconds
Tested. Sparse categorical accuracy: 74.00

round 139, metrics=<sparse_categorical_accuracy=0.9988666772842407,loss=0.0038796262815594673>
16.5409 seconds
Tested. Sparse categorical accuracy: 36.00

round 140, metrics=<sparse_categorical_accuracy=0.9977666735649109,loss=0.012147067114710808>
16.1198 seconds
Tested. Sparse categorical accuracy: 38.00

round 141, metrics=<sparse_categorical_accuracy=0.998033344745636,loss=0.007137228734791279>
16.0094 seconds
Tested. Sparse categorical accuracy: 27.00

round 142, metrics=<sparse_categorical_accuracy=0.9975333213806152,loss=0.010416952893137932>
15.7391 seconds
Tested. Sparse categorical accuracy: 58.00

round 143, metrics=<sparse_categorical_accuracy=0.9986666440963745,loss=0.005401987582445145>
16.1803 seconds
Tested. Sparse categorical accuracy: 70.00

round 144, metrics=<sparse_categorical_accuracy=0.9992666840553284,loss=0.003568461164832115>
15.5226 seconds
Tested. Sparse categorical accuracy: 73.00

round 145, metrics=<sparse_categorical_accuracy=0.9992666840553284,loss=0.0025255512446165085>
16.0240 seconds
Tested. Sparse categorical accuracy: 71.00

round 146, metrics=<sparse_categorical_accuracy=0.9987333416938782,loss=0.003775630611926317>
16.1890 seconds
Tested. Sparse categorical accuracy: 55.00

round 147, metrics=<sparse_categorical_accuracy=0.9991999864578247,loss=0.0026035993359982967>
16.0617 seconds
Tested. Sparse categorical accuracy: 81.00

round 148, metrics=<sparse_categorical_accuracy=0.9991999864578247,loss=0.0021146563813090324>
15.8568 seconds
Tested. Sparse categorical accuracy: 72.00

round 149, metrics=<sparse_categorical_accuracy=0.9989666938781738,loss=0.002379125216975808>
15.8905 seconds
Tested. Sparse categorical accuracy: 79.00

round 150, metrics=<sparse_categorical_accuracy=0.9991999864578247,loss=0.0025766470935195684>
15.9859 seconds
Tested. Sparse categorical accuracy: 87.00

round 151, metrics=<sparse_categorical_accuracy=0.999666690826416,loss=0.001608150778338313>
15.9344 seconds
Tested. Sparse categorical accuracy: 90.00

round 152, metrics=<sparse_categorical_accuracy=0.999666690826416,loss=0.0013256726088002324>
15.8588 seconds
Tested. Sparse categorical accuracy: 91.00

round 153, metrics=<sparse_categorical_accuracy=0.9996333122253418,loss=0.0012940841261297464>
16.8560 seconds
Tested. Sparse categorical accuracy: 90.00

round 154, metrics=<sparse_categorical_accuracy=0.9995333552360535,loss=0.001634605578146875>
16.0892 seconds
Tested. Sparse categorical accuracy: 79.00

round 155, metrics=<sparse_categorical_accuracy=0.9995333552360535,loss=0.0011963171418756247>
15.6113 seconds
Tested. Sparse categorical accuracy: 94.00

round 156, metrics=<sparse_categorical_accuracy=0.9998666644096375,loss=0.0008382746600545943>
15.6759 seconds
Tested. Sparse categorical accuracy: 86.00

round 157, metrics=<sparse_categorical_accuracy=0.9995999932289124,loss=0.0010312366066500545>
15.4547 seconds
Tested. Sparse categorical accuracy: 86.00

round 158, metrics=<sparse_categorical_accuracy=0.9993666410446167,loss=0.001591922016814351>
16.0873 seconds
Tested. Sparse categorical accuracy: 82.00

round 159, metrics=<sparse_categorical_accuracy=0.9988999962806702,loss=0.0025145316030830145>
15.7468 seconds
Tested. Sparse categorical accuracy: 76.00

round 160, metrics=<sparse_categorical_accuracy=0.9993666410446167,loss=0.0033857475500553846>
15.6802 seconds
Tested. Sparse categorical accuracy: 75.00

round 161, metrics=<sparse_categorical_accuracy=0.9997666478157043,loss=0.0009594419971108437>
16.1945 seconds
Tested. Sparse categorical accuracy: 84.00

round 162, metrics=<sparse_categorical_accuracy=0.9994666576385498,loss=0.0015003076987341046>
15.8205 seconds
Tested. Sparse categorical accuracy: 95.00

round 163, metrics=<sparse_categorical_accuracy=0.9997000098228455,loss=0.0011834384640678763>
15.8008 seconds
Tested. Sparse categorical accuracy: 91.00

round 164, metrics=<sparse_categorical_accuracy=0.999666690826416,loss=0.001202817540615797>
15.6499 seconds
Tested. Sparse categorical accuracy: 90.00

round 165, metrics=<sparse_categorical_accuracy=0.9997333288192749,loss=0.001130992779508233>
16.2271 seconds
Tested. Sparse categorical accuracy: 91.00

round 166, metrics=<sparse_categorical_accuracy=0.999666690826416,loss=0.0012127578957006335>
15.8929 seconds
Tested. Sparse categorical accuracy: 90.00

round 167, metrics=<sparse_categorical_accuracy=0.9997333288192749,loss=0.0010295683750882745>
15.9129 seconds
Tested. Sparse categorical accuracy: 91.00

round 168, metrics=<sparse_categorical_accuracy=0.9997000098228455,loss=0.0011300474870949984>
15.7187 seconds
Tested. Sparse categorical accuracy: 87.00

round 169, metrics=<sparse_categorical_accuracy=0.9997000098228455,loss=0.001121473964303732>
15.8457 seconds
Tested. Sparse categorical accuracy: 87.00

round 170, metrics=<sparse_categorical_accuracy=0.9997333288192749,loss=0.0009801165433600545>
15.9193 seconds
Tested. Sparse categorical accuracy: 94.00

round 171, metrics=<sparse_categorical_accuracy=0.9997666478157043,loss=0.0008165913168340921>
15.8483 seconds
Tested. Sparse categorical accuracy: 91.00

round 172, metrics=<sparse_categorical_accuracy=0.999666690826416,loss=0.0012843884760513902>
15.9245 seconds
Tested. Sparse categorical accuracy: 94.00

round 173, metrics=<sparse_categorical_accuracy=0.9994999766349792,loss=0.0015984242781996727>
16.5964 seconds
Tested. Sparse categorical accuracy: 95.00

round 174, metrics=<sparse_categorical_accuracy=0.9997666478157043,loss=0.0009701228700578213>
15.6402 seconds
Tested. Sparse categorical accuracy: 94.00

round 175, metrics=<sparse_categorical_accuracy=0.999666690826416,loss=0.0011074383510276675>
15.4592 seconds
Tested. Sparse categorical accuracy: 89.00

round 176, metrics=<sparse_categorical_accuracy=0.9997000098228455,loss=0.0011875019408762455>
15.8595 seconds
Tested. Sparse categorical accuracy: 72.00

round 177, metrics=<sparse_categorical_accuracy=0.9992666840553284,loss=0.0024075161200016737>
15.8921 seconds
Tested. Sparse categorical accuracy: 46.00

round 178, metrics=<sparse_categorical_accuracy=0.9982333183288574,loss=0.007082161493599415>
15.9368 seconds
Tested. Sparse categorical accuracy: 31.00

round 179, metrics=<sparse_categorical_accuracy=0.997866690158844,loss=0.015174939297139645>
15.5650 seconds
Tested. Sparse categorical accuracy: 40.00

round 180, metrics=<sparse_categorical_accuracy=0.9976000189781189,loss=0.010475910268723965>
15.6424 seconds
Tested. Sparse categorical accuracy: 69.00

round 181, metrics=<sparse_categorical_accuracy=0.9988333582878113,loss=0.004135326948016882>
15.8092 seconds
Tested. Sparse categorical accuracy: 74.00

round 182, metrics=<sparse_categorical_accuracy=0.9991000294685364,loss=0.003122739726677537>
16.2012 seconds
Tested. Sparse categorical accuracy: 89.00

round 183, metrics=<sparse_categorical_accuracy=0.9994999766349792,loss=0.002409100765362382>
15.6331 seconds
Tested. Sparse categorical accuracy: 84.00

round 184, metrics=<sparse_categorical_accuracy=0.9994999766349792,loss=0.002057739533483982>
15.6411 seconds
Tested. Sparse categorical accuracy: 83.00

round 185, metrics=<sparse_categorical_accuracy=0.9995999932289124,loss=0.0013180978130549192>
15.4389 seconds
Tested. Sparse categorical accuracy: 88.00

round 186, metrics=<sparse_categorical_accuracy=0.9991999864578247,loss=0.002340228296816349>
15.5398 seconds
Tested. Sparse categorical accuracy: 69.00

round 187, metrics=<sparse_categorical_accuracy=0.9993666410446167,loss=0.0019702748395502567>
16.0232 seconds
Tested. Sparse categorical accuracy: 86.00

round 188, metrics=<sparse_categorical_accuracy=0.9996333122253418,loss=0.0014428894501179457>
15.6913 seconds
Tested. Sparse categorical accuracy: 87.00

round 189, metrics=<sparse_categorical_accuracy=0.9994999766349792,loss=0.0014338856562972069>
16.3443 seconds
Tested. Sparse categorical accuracy: 86.00

round 190, metrics=<sparse_categorical_accuracy=0.9995999932289124,loss=0.001368243247270584>
15.6586 seconds
Tested. Sparse categorical accuracy: 86.00

round 191, metrics=<sparse_categorical_accuracy=0.9991666674613953,loss=0.002409768756479025>
15.7100 seconds
Tested. Sparse categorical accuracy: 76.00

round 192, metrics=<sparse_categorical_accuracy=0.9991999864578247,loss=0.0031913151033222675>
16.0737 seconds
Tested. Sparse categorical accuracy: 73.00

round 193, metrics=<sparse_categorical_accuracy=0.9994000196456909,loss=0.0019065085798501968>
15.4691 seconds
Tested. Sparse categorical accuracy: 88.00

round 194, metrics=<sparse_categorical_accuracy=0.9995333552360535,loss=0.0013238538522273302>
16.2883 seconds
Tested. Sparse categorical accuracy: 91.00

round 195, metrics=<sparse_categorical_accuracy=0.9995666742324829,loss=0.0013333734823390841>
16.0796 seconds
Tested. Sparse categorical accuracy: 87.00

round 196, metrics=<sparse_categorical_accuracy=0.9994000196456909,loss=0.0020001435186713934>
15.8647 seconds
Tested. Sparse categorical accuracy: 82.00

round 197, metrics=<sparse_categorical_accuracy=0.9997000098228455,loss=0.001063354080542922>
15.9763 seconds
Tested. Sparse categorical accuracy: 82.00

round 198, metrics=<sparse_categorical_accuracy=0.9994000196456909,loss=0.0013414918212220073>
15.8249 seconds
Tested. Sparse categorical accuracy: 83.00

round 199, metrics=<sparse_categorical_accuracy=0.9994333386421204,loss=0.0017963143764063716>
15.8308 seconds
Tested. Sparse categorical accuracy: 90.00

round 200, metrics=<sparse_categorical_accuracy=0.9996333122253418,loss=0.0010441375197842717>
16.1791 seconds
Tested. Sparse categorical accuracy: 92.00

round 201, metrics=<sparse_categorical_accuracy=0.999833345413208,loss=0.0007015496958047152>
15.8871 seconds
Tested. Sparse categorical accuracy: 95.00

round 202, metrics=<sparse_categorical_accuracy=0.9995333552360535,loss=0.001114072510972619>
15.7752 seconds
Tested. Sparse categorical accuracy: 96.00

round 203, metrics=<sparse_categorical_accuracy=0.999833345413208,loss=0.0009499503066763282>
15.7321 seconds
Tested. Sparse categorical accuracy: 92.00

round 204, metrics=<sparse_categorical_accuracy=0.9996333122253418,loss=0.0010113862808793783>
15.9372 seconds
Tested. Sparse categorical accuracy: 91.00

round 205, metrics=<sparse_categorical_accuracy=0.9997000098228455,loss=0.0014005601406097412>
15.9648 seconds
Tested. Sparse categorical accuracy: 96.00

round 206, metrics=<sparse_categorical_accuracy=0.9994666576385498,loss=0.0014166500186547637>
16.0395 seconds
Tested. Sparse categorical accuracy: 84.00

round 207, metrics=<sparse_categorical_accuracy=0.9995999932289124,loss=0.001625355682335794>
16.4713 seconds
Tested. Sparse categorical accuracy: 93.00

round 208, metrics=<sparse_categorical_accuracy=0.9997000098228455,loss=0.0012346619041636586>
15.6615 seconds
Tested. Sparse categorical accuracy: 89.00

round 209, metrics=<sparse_categorical_accuracy=0.9997000098228455,loss=0.001025148550979793>
16.1262 seconds
Tested. Sparse categorical accuracy: 83.00

round 210, metrics=<sparse_categorical_accuracy=0.9995333552360535,loss=0.0011864788830280304>
16.5355 seconds
Tested. Sparse categorical accuracy: 94.00

round 211, metrics=<sparse_categorical_accuracy=0.9997666478157043,loss=0.0008276289445348084>
16.0585 seconds
Tested. Sparse categorical accuracy: 88.00

round 212, metrics=<sparse_categorical_accuracy=0.999666690826416,loss=0.0010293422965332866>
15.8677 seconds
Tested. Sparse categorical accuracy: 97.00

round 213, metrics=<sparse_categorical_accuracy=0.999833345413208,loss=0.0008052231278270483>
16.0605 seconds
Tested. Sparse categorical accuracy: 97.00

round 214, metrics=<sparse_categorical_accuracy=0.9998666644096375,loss=0.0006441376754082739>
16.1654 seconds
Tested. Sparse categorical accuracy: 94.00

round 215, metrics=<sparse_categorical_accuracy=0.9998666644096375,loss=0.0006533228443004191>
16.0730 seconds
Tested. Sparse categorical accuracy: 95.00

round 216, metrics=<sparse_categorical_accuracy=0.9997000098228455,loss=0.00110456848051399>
15.9820 seconds
Tested. Sparse categorical accuracy: 90.00

round 217, metrics=<sparse_categorical_accuracy=0.9997333288192749,loss=0.0009248792193830013>
16.2175 seconds
Tested. Sparse categorical accuracy: 90.00

round 218, metrics=<sparse_categorical_accuracy=0.999833345413208,loss=0.0009518426959402859>
15.8725 seconds
Tested. Sparse categorical accuracy: 95.00

round 219, metrics=<sparse_categorical_accuracy=0.9997666478157043,loss=0.0007255300297401845>
15.6680 seconds
Tested. Sparse categorical accuracy: 90.00

round 220, metrics=<sparse_categorical_accuracy=0.999666690826416,loss=0.0012986203655600548>
15.9194 seconds
Tested. Sparse categorical accuracy: 87.00

round 221, metrics=<sparse_categorical_accuracy=0.9996333122253418,loss=0.001403386821039021>
16.3294 seconds
Tested. Sparse categorical accuracy: 86.00

round 222, metrics=<sparse_categorical_accuracy=0.9997000098228455,loss=0.0010179642122238874>
16.4518 seconds
Tested. Sparse categorical accuracy: 93.00

round 223, metrics=<sparse_categorical_accuracy=0.9998000264167786,loss=0.0007652250933460891>
16.0541 seconds
Tested. Sparse categorical accuracy: 97.00

round 224, metrics=<sparse_categorical_accuracy=0.9997000098228455,loss=0.0011629400542005897>
16.2518 seconds
Tested. Sparse categorical accuracy: 97.00

round 225, metrics=<sparse_categorical_accuracy=0.9995666742324829,loss=0.001310606487095356>
15.9087 seconds
Tested. Sparse categorical accuracy: 96.00

round 226, metrics=<sparse_categorical_accuracy=0.9998000264167786,loss=0.0008358089835382998>
16.2853 seconds
Tested. Sparse categorical accuracy: 88.00

round 227, metrics=<sparse_categorical_accuracy=0.999833345413208,loss=0.0005961806164123118>
16.3728 seconds
Tested. Sparse categorical accuracy: 94.00

round 228, metrics=<sparse_categorical_accuracy=0.9997666478157043,loss=0.0007762419409118593>
15.8214 seconds
Tested. Sparse categorical accuracy: 93.00

round 229, metrics=<sparse_categorical_accuracy=0.9997666478157043,loss=0.0005845925770699978>
15.8095 seconds
Tested. Sparse categorical accuracy: 87.00

round 230, metrics=<sparse_categorical_accuracy=0.9996333122253418,loss=0.0012238186318427324>
15.8649 seconds
Tested. Sparse categorical accuracy: 93.00

round 231, metrics=<sparse_categorical_accuracy=0.9998999834060669,loss=0.00047597536467947066>
16.1249 seconds
Tested. Sparse categorical accuracy: 92.00

round 232, metrics=<sparse_categorical_accuracy=0.9997666478157043,loss=0.0007119460497051477>
16.1419 seconds
Tested. Sparse categorical accuracy: 95.00

round 233, metrics=<sparse_categorical_accuracy=0.9997333288192749,loss=0.0005410226876847446>
15.9741 seconds
Tested. Sparse categorical accuracy: 96.00

round 234, metrics=<sparse_categorical_accuracy=0.999666690826416,loss=0.0009502480388619006>
15.7748 seconds
Tested. Sparse categorical accuracy: 95.00

round 235, metrics=<sparse_categorical_accuracy=0.999666690826416,loss=0.001076353364624083>
15.6460 seconds
Tested. Sparse categorical accuracy: 94.00

round 236, metrics=<sparse_categorical_accuracy=0.9996333122253418,loss=0.001320335315540433>
15.9907 seconds
Tested. Sparse categorical accuracy: 91.00

round 237, metrics=<sparse_categorical_accuracy=0.999833345413208,loss=0.000584915338549763>
16.2287 seconds
Tested. Sparse categorical accuracy: 94.00

round 238, metrics=<sparse_categorical_accuracy=0.999666690826416,loss=0.0008740031043998897>
15.8782 seconds
Tested. Sparse categorical accuracy: 94.00

round 239, metrics=<sparse_categorical_accuracy=0.9998999834060669,loss=0.0006832120125181973>
16.0649 seconds
Tested. Sparse categorical accuracy: 92.00

round 240, metrics=<sparse_categorical_accuracy=0.9997333288192749,loss=0.0008048752206377685>
16.2295 seconds
Tested. Sparse categorical accuracy: 91.00

round 241, metrics=<sparse_categorical_accuracy=0.9995999932289124,loss=0.001458460814319551>
15.5128 seconds
Tested. Sparse categorical accuracy: 89.00

round 242, metrics=<sparse_categorical_accuracy=0.9997333288192749,loss=0.0008243781048804522>
16.0525 seconds
Tested. Sparse categorical accuracy: 94.00

round 243, metrics=<sparse_categorical_accuracy=0.9998666644096375,loss=0.0005526134627871215>
15.6509 seconds
Tested. Sparse categorical accuracy: 96.00

round 244, metrics=<sparse_categorical_accuracy=0.9997333288192749,loss=0.0009703881223686039>
15.9062 seconds
Tested. Sparse categorical accuracy: 94.00

round 245, metrics=<sparse_categorical_accuracy=0.9997000098228455,loss=0.0008784242672845721>
15.7480 seconds
Tested. Sparse categorical accuracy: 97.00

round 246, metrics=<sparse_categorical_accuracy=0.999833345413208,loss=0.0009910238441079855>
15.8438 seconds
Tested. Sparse categorical accuracy: 94.00

round 247, metrics=<sparse_categorical_accuracy=0.999833345413208,loss=0.0005185616901144385>
15.7604 seconds
Tested. Sparse categorical accuracy: 96.00

round 248, metrics=<sparse_categorical_accuracy=0.9998666644096375,loss=0.0007685078890062869>
15.4922 seconds
Tested. Sparse categorical accuracy: 92.00

round 249, metrics=<sparse_categorical_accuracy=0.9998000264167786,loss=0.0005577975534833968>
15.9699 seconds
Tested. Sparse categorical accuracy: 98.00

round 250, metrics=<sparse_categorical_accuracy=0.999666690826416,loss=0.0009845619788393378>
16.1112 seconds
Tested. Sparse categorical accuracy: 98.00

Target accuracy reached after  250  rounds
Average time per round: 15.00

2020-05-06 20:43:31.904201
