
TENSORFLOW USERS:
You must use the python3.6-anaconda/5.2.0 module to run TensorFlow.
See https://arc-ts.umich.edu/greatlakes/software/tensorflow for more
information.



The following have been reloaded with a version change:
  1) cuda/10.0.130 => cuda/10.1.105


Currently Loaded Modules:
  1) python3.7-anaconda/2019.07   2) cudnn/10.0-v7.6   3) cuda/10.1.105

 

mkdir: cannot create directory ‘results/5944196’: File exists
mkdir: cannot create directory ‘results/5944196/log’: File exists
Test  273
2020-05-07 08:09:20.901688


Schema 1: Each client partially IID
--------------------------------------------------
percent data distributed IID:  40
number of classes for non-IID data:  2
data points per client (mean, std dev): ( 600 ,  0 )
--------------------------------------------------

round  1, metrics=<sparse_categorical_accuracy=0.8074555397033691,loss=0.6183487772941589>
94.0045 seconds
Tested. Sparse categorical accuracy: 86.00

round  2, metrics=<sparse_categorical_accuracy=0.9581778049468994,loss=0.14810754358768463>
83.3797 seconds
Tested. Sparse categorical accuracy: 95.00

round  3, metrics=<sparse_categorical_accuracy=0.9865833520889282,loss=0.04857916012406349>
90.5639 seconds
Tested. Sparse categorical accuracy: 92.00

round  4, metrics=<sparse_categorical_accuracy=0.9890055656433105,loss=0.04274700582027435>
82.9566 seconds
Tested. Sparse categorical accuracy: 96.00

round  5, metrics=<sparse_categorical_accuracy=0.9927999973297119,loss=0.02665712684392929>
88.5266 seconds
Tested. Sparse categorical accuracy: 98.00

round  6, metrics=<sparse_categorical_accuracy=0.9942499995231628,loss=0.021796653047204018>
82.5080 seconds
Tested. Sparse categorical accuracy: 97.00

round  7, metrics=<sparse_categorical_accuracy=0.9948444366455078,loss=0.01861550100147724>
90.9095 seconds
Tested. Sparse categorical accuracy: 99.00

Target accuracy reached after  7  rounds
Average time per round: 87.00

2020-05-07 08:19:42.616828
