
TENSORFLOW USERS:
You must use the python3.6-anaconda/5.2.0 module to run TensorFlow.
See https://arc-ts.umich.edu/greatlakes/software/tensorflow for more
information.



The following have been reloaded with a version change:
  1) cuda/10.0.130 => cuda/10.1.105


Currently Loaded Modules:
  1) python3.7-anaconda/2019.07   2) cudnn/10.0-v7.6   3) cuda/10.1.105

 

mkdir: cannot create directory ‘results/5944196’: File exists
mkdir: cannot create directory ‘results/5944196/log’: File exists
Test  57
2020-05-05 01:35:55.868024


Schema 1: Each client partially IID
--------------------------------------------------
percent data distributed IID:  40
number of classes for non-IID data:  2
data points per client (mean, std dev): ( 600 ,  0 )
--------------------------------------------------

round  1, metrics=<sparse_categorical_accuracy=0.796500027179718,loss=0.6559013724327087>
7.8202 seconds
Tested. Sparse categorical accuracy: 92.00

round  2, metrics=<sparse_categorical_accuracy=0.9618333578109741,loss=0.13193416595458984>
7.2779 seconds
Tested. Sparse categorical accuracy: 93.00

round  3, metrics=<sparse_categorical_accuracy=0.9900000095367432,loss=0.0383482351899147>
7.1814 seconds
Tested. Sparse categorical accuracy: 96.00

round  4, metrics=<sparse_categorical_accuracy=0.9892500042915344,loss=0.034647777676582336>
7.1744 seconds
Tested. Sparse categorical accuracy: 95.00

round  5, metrics=<sparse_categorical_accuracy=0.9963333606719971,loss=0.010866907425224781>
7.2915 seconds
Tested. Sparse categorical accuracy: 97.00

round  6, metrics=<sparse_categorical_accuracy=0.9922500252723694,loss=0.03761063888669014>
7.3500 seconds
Tested. Sparse categorical accuracy: 96.00

round  7, metrics=<sparse_categorical_accuracy=0.9934999942779541,loss=0.023806177079677582>
7.5939 seconds
Tested. Sparse categorical accuracy: 94.00

round  8, metrics=<sparse_categorical_accuracy=0.9945833086967468,loss=0.021706685423851013>
7.2683 seconds
Tested. Sparse categorical accuracy: 98.00

round  9, metrics=<sparse_categorical_accuracy=0.9961666464805603,loss=0.01437620259821415>
6.9266 seconds
Tested. Sparse categorical accuracy: 97.00

round 10, metrics=<sparse_categorical_accuracy=0.9965000152587891,loss=0.015408921986818314>
7.4733 seconds
Tested. Sparse categorical accuracy: 97.00

round 11, metrics=<sparse_categorical_accuracy=0.9956666827201843,loss=0.01536296121776104>
7.3506 seconds
Tested. Sparse categorical accuracy: 96.00

round 12, metrics=<sparse_categorical_accuracy=0.9964166879653931,loss=0.013447294011712074>
7.3125 seconds
Tested. Sparse categorical accuracy: 98.00

round 13, metrics=<sparse_categorical_accuracy=0.9975000023841858,loss=0.010597451590001583>
7.2940 seconds
Tested. Sparse categorical accuracy: 98.00

round 14, metrics=<sparse_categorical_accuracy=0.9892500042915344,loss=0.04691684991121292>
7.3041 seconds
Tested. Sparse categorical accuracy: 97.00

round 15, metrics=<sparse_categorical_accuracy=0.9972500205039978,loss=0.008677816018462181>
7.3458 seconds
Tested. Sparse categorical accuracy: 97.00

round 16, metrics=<sparse_categorical_accuracy=0.9965000152587891,loss=0.011287696659564972>
7.3091 seconds
Tested. Sparse categorical accuracy: 95.00

round 17, metrics=<sparse_categorical_accuracy=0.996916651725769,loss=0.011549483984708786>
7.0730 seconds
Tested. Sparse categorical accuracy: 97.00

round 18, metrics=<sparse_categorical_accuracy=0.9961666464805603,loss=0.015447699464857578>
7.3298 seconds
Tested. Sparse categorical accuracy: 99.00

Target accuracy reached after  18  rounds
Average time per round: 7.00

2020-05-05 01:38:17.309260
