
TENSORFLOW USERS:
You must use the python3.6-anaconda/5.2.0 module to run TensorFlow.
See https://arc-ts.umich.edu/greatlakes/software/tensorflow for more
information.



The following have been reloaded with a version change:
  1) cuda/10.0.130 => cuda/10.1.105


Currently Loaded Modules:
  1) python3.7-anaconda/2019.07   2) cudnn/10.0-v7.6   3) cuda/10.1.105

 

mkdir: cannot create directory ‘results/5944196’: File exists
mkdir: cannot create directory ‘results/5944196/log’: File exists
Test  257
2020-05-06 22:21:07.272002


Schema 1: Each client partially IID
--------------------------------------------------
percent data distributed IID:  0
number of classes for non-IID data:  2
data points per client (mean, std dev): ( 600 ,  0 )
--------------------------------------------------

round  1, metrics=<sparse_categorical_accuracy=0.9971666932106018,loss=0.026499954983592033>
33.9845 seconds
Tested. Sparse categorical accuracy: 27.00

round  2, metrics=<sparse_categorical_accuracy=0.9968000054359436,loss=0.008056308142840862>
33.2821 seconds
Tested. Sparse categorical accuracy: 8.00

round  3, metrics=<sparse_categorical_accuracy=0.996999979019165,loss=0.011087428778409958>
34.0569 seconds
Tested. Sparse categorical accuracy: 12.00

round  4, metrics=<sparse_categorical_accuracy=0.9975000023841858,loss=0.010233714245259762>
31.7387 seconds
Tested. Sparse categorical accuracy: 9.00

round  5, metrics=<sparse_categorical_accuracy=0.9973333477973938,loss=0.009594700299203396>
32.0022 seconds
Tested. Sparse categorical accuracy: 7.00

round  6, metrics=<sparse_categorical_accuracy=0.996833324432373,loss=0.013098768889904022>
31.6247 seconds
Tested. Sparse categorical accuracy: 8.00

round  7, metrics=<sparse_categorical_accuracy=0.9973333477973938,loss=0.01368639525026083>
31.2755 seconds
Tested. Sparse categorical accuracy: 13.00

round  8, metrics=<sparse_categorical_accuracy=0.9968500137329102,loss=0.01257633138448>
31.5763 seconds
Tested. Sparse categorical accuracy: 23.00

round  9, metrics=<sparse_categorical_accuracy=0.9977999925613403,loss=0.007914174348115921>
32.9584 seconds
Tested. Sparse categorical accuracy: 8.00

round 10, metrics=<sparse_categorical_accuracy=0.9973333477973938,loss=0.010127842426300049>
30.8749 seconds
Tested. Sparse categorical accuracy: 17.00

round 11, metrics=<sparse_categorical_accuracy=0.996833324432373,loss=0.010093795135617256>
32.6749 seconds
Tested. Sparse categorical accuracy: 9.00

round 12, metrics=<sparse_categorical_accuracy=0.9973499774932861,loss=0.008776213973760605>
31.8030 seconds
Tested. Sparse categorical accuracy: 40.00

round 13, metrics=<sparse_categorical_accuracy=0.9978333115577698,loss=0.008464616723358631>
32.6917 seconds
Tested. Sparse categorical accuracy: 11.00

round 14, metrics=<sparse_categorical_accuracy=0.9976000189781189,loss=0.007265341468155384>
32.0439 seconds
Tested. Sparse categorical accuracy: 6.00

round 15, metrics=<sparse_categorical_accuracy=0.9973333477973938,loss=0.00824250653386116>
32.7430 seconds
Tested. Sparse categorical accuracy: 8.00

round 16, metrics=<sparse_categorical_accuracy=0.996833324432373,loss=0.010580985806882381>
31.8064 seconds
Tested. Sparse categorical accuracy: 11.00

round 17, metrics=<sparse_categorical_accuracy=0.9975500106811523,loss=0.010146237909793854>
32.2383 seconds
Tested. Sparse categorical accuracy: 27.00

round 18, metrics=<sparse_categorical_accuracy=0.9977166652679443,loss=0.009806512854993343>
31.7136 seconds
Tested. Sparse categorical accuracy: 16.00

round 19, metrics=<sparse_categorical_accuracy=0.9978333115577698,loss=0.006927031558007002>
32.2525 seconds
Tested. Sparse categorical accuracy: 12.00

round 20, metrics=<sparse_categorical_accuracy=0.9974333047866821,loss=0.008041520603001118>
31.8217 seconds
Tested. Sparse categorical accuracy: 12.00

round 21, metrics=<sparse_categorical_accuracy=0.996833324432373,loss=0.008736107498407364>
32.3873 seconds
Tested. Sparse categorical accuracy: 15.00

round 22, metrics=<sparse_categorical_accuracy=0.9978166818618774,loss=0.008185229264199734>
32.9814 seconds
Tested. Sparse categorical accuracy: 39.00

round 23, metrics=<sparse_categorical_accuracy=0.9980666637420654,loss=0.007980002090334892>
31.8054 seconds
Tested. Sparse categorical accuracy: 34.00

round 24, metrics=<sparse_categorical_accuracy=0.9982333183288574,loss=0.0059806425124406815>
33.4562 seconds
Tested. Sparse categorical accuracy: 37.00

round 25, metrics=<sparse_categorical_accuracy=0.9976500272750854,loss=0.006639421917498112>
31.9910 seconds
Tested. Sparse categorical accuracy: 14.00

round 26, metrics=<sparse_categorical_accuracy=0.996833324432373,loss=0.007899950258433819>
32.0521 seconds
Tested. Sparse categorical accuracy: 33.00

round 27, metrics=<sparse_categorical_accuracy=0.9979833364486694,loss=0.007989982143044472>
32.6328 seconds
Tested. Sparse categorical accuracy: 52.00

round 28, metrics=<sparse_categorical_accuracy=0.9982333183288574,loss=0.007314000278711319>
32.0084 seconds
Tested. Sparse categorical accuracy: 62.00

round 29, metrics=<sparse_categorical_accuracy=0.9986333250999451,loss=0.004802710376679897>
32.8642 seconds
Tested. Sparse categorical accuracy: 31.00

round 30, metrics=<sparse_categorical_accuracy=0.9977499842643738,loss=0.006084599532186985>
31.6893 seconds
Tested. Sparse categorical accuracy: 32.00

round 31, metrics=<sparse_categorical_accuracy=0.9974499940872192,loss=0.006144760642200708>
33.2549 seconds
Tested. Sparse categorical accuracy: 34.00

round 32, metrics=<sparse_categorical_accuracy=0.9983333349227905,loss=0.005519367288798094>
34.2557 seconds
Tested. Sparse categorical accuracy: 47.00

round 33, metrics=<sparse_categorical_accuracy=0.9982166886329651,loss=0.005067578982561827>
32.7642 seconds
Tested. Sparse categorical accuracy: 65.00

round 34, metrics=<sparse_categorical_accuracy=0.9988166689872742,loss=0.0037637250497937202>
33.1374 seconds
Tested. Sparse categorical accuracy: 61.00

round 35, metrics=<sparse_categorical_accuracy=0.9983000159263611,loss=0.0046004499308764935>
33.3269 seconds
Tested. Sparse categorical accuracy: 35.00

round 36, metrics=<sparse_categorical_accuracy=0.998116672039032,loss=0.005239834543317556>
32.0758 seconds
Tested. Sparse categorical accuracy: 40.00

round 37, metrics=<sparse_categorical_accuracy=0.998283326625824,loss=0.005864738952368498>
34.0912 seconds
Tested. Sparse categorical accuracy: 55.00

round 38, metrics=<sparse_categorical_accuracy=0.998449981212616,loss=0.004585407208651304>
32.0768 seconds
Tested. Sparse categorical accuracy: 64.00

round 39, metrics=<sparse_categorical_accuracy=0.9989500045776367,loss=0.003246205858886242>
33.4007 seconds
Tested. Sparse categorical accuracy: 62.00

round 40, metrics=<sparse_categorical_accuracy=0.9987833499908447,loss=0.004211938474327326>
31.9355 seconds
Tested. Sparse categorical accuracy: 63.00

round 41, metrics=<sparse_categorical_accuracy=0.9986666440963745,loss=0.0038200675044208765>
32.4443 seconds
Tested. Sparse categorical accuracy: 56.00

round 42, metrics=<sparse_categorical_accuracy=0.9987000226974487,loss=0.0035522531252354383>
33.5661 seconds
Tested. Sparse categorical accuracy: 38.00

round 43, metrics=<sparse_categorical_accuracy=0.9984166622161865,loss=0.004107220098376274>
31.7816 seconds
Tested. Sparse categorical accuracy: 69.00

round 44, metrics=<sparse_categorical_accuracy=0.9989833235740662,loss=0.0031876699067652225>
33.5887 seconds
Tested. Sparse categorical accuracy: 73.00

round 45, metrics=<sparse_categorical_accuracy=0.9988166689872742,loss=0.0033197405282408>
32.2197 seconds
Tested. Sparse categorical accuracy: 49.00

round 46, metrics=<sparse_categorical_accuracy=0.9989500045776367,loss=0.0035204391460865736>
33.0590 seconds
Tested. Sparse categorical accuracy: 61.00

round 47, metrics=<sparse_categorical_accuracy=0.9988833069801331,loss=0.0036038390826433897>
32.3032 seconds
Tested. Sparse categorical accuracy: 68.00

round 48, metrics=<sparse_categorical_accuracy=0.9990000128746033,loss=0.002978651085868478>
31.9753 seconds
Tested. Sparse categorical accuracy: 84.00

round 49, metrics=<sparse_categorical_accuracy=0.9992499947547913,loss=0.002443698700517416>
31.7490 seconds
Tested. Sparse categorical accuracy: 75.00

round 50, metrics=<sparse_categorical_accuracy=0.9986833333969116,loss=0.003468424081802368>
32.0728 seconds
Tested. Sparse categorical accuracy: 63.00

round 51, metrics=<sparse_categorical_accuracy=0.9989333152770996,loss=0.003113650716841221>
32.8003 seconds
Tested. Sparse categorical accuracy: 65.00

round 52, metrics=<sparse_categorical_accuracy=0.9993500113487244,loss=0.0021509721409529448>
31.4243 seconds
Tested. Sparse categorical accuracy: 73.00

round 53, metrics=<sparse_categorical_accuracy=0.9990166425704956,loss=0.0026256809942424297>
33.5246 seconds
Tested. Sparse categorical accuracy: 83.00

round 54, metrics=<sparse_categorical_accuracy=0.9993166923522949,loss=0.002066646935418248>
32.9193 seconds
Tested. Sparse categorical accuracy: 67.00

round 55, metrics=<sparse_categorical_accuracy=0.9987999796867371,loss=0.0029983343556523323>
32.5108 seconds
Tested. Sparse categorical accuracy: 69.00

round 56, metrics=<sparse_categorical_accuracy=0.9990833401679993,loss=0.002826122334226966>
32.9855 seconds
Tested. Sparse categorical accuracy: 69.00

round 57, metrics=<sparse_categorical_accuracy=0.9993666410446167,loss=0.002012460958212614>
31.9401 seconds
Tested. Sparse categorical accuracy: 67.00

round 58, metrics=<sparse_categorical_accuracy=0.9989166855812073,loss=0.002892690012231469>
32.3798 seconds
Tested. Sparse categorical accuracy: 75.00

round 59, metrics=<sparse_categorical_accuracy=0.9992499947547913,loss=0.0023540176916867495>
32.6815 seconds
Tested. Sparse categorical accuracy: 72.00

round 60, metrics=<sparse_categorical_accuracy=0.9990333318710327,loss=0.002711118431761861>
31.6831 seconds
Tested. Sparse categorical accuracy: 69.00

round 61, metrics=<sparse_categorical_accuracy=0.9991999864578247,loss=0.0022588586434721947>
32.0185 seconds
Tested. Sparse categorical accuracy: 75.00

round 62, metrics=<sparse_categorical_accuracy=0.9994666576385498,loss=0.0019888842944055796>
32.4734 seconds
Tested. Sparse categorical accuracy: 73.00

round 63, metrics=<sparse_categorical_accuracy=0.9991833567619324,loss=0.002049794187769294>
32.6735 seconds
Tested. Sparse categorical accuracy: 85.00

round 64, metrics=<sparse_categorical_accuracy=0.9994666576385498,loss=0.0018236006144434214>
33.0059 seconds
Tested. Sparse categorical accuracy: 80.00

round 65, metrics=<sparse_categorical_accuracy=0.9991333484649658,loss=0.0026900721713900566>
32.1065 seconds
Tested. Sparse categorical accuracy: 72.00

round 66, metrics=<sparse_categorical_accuracy=0.9992166757583618,loss=0.0021816263906657696>
31.9042 seconds
Tested. Sparse categorical accuracy: 61.00

round 67, metrics=<sparse_categorical_accuracy=0.9993833303451538,loss=0.0018740181112661958>
32.7674 seconds
Tested. Sparse categorical accuracy: 74.00

round 68, metrics=<sparse_categorical_accuracy=0.9992166757583618,loss=0.0023679013829678297>
31.6686 seconds
Tested. Sparse categorical accuracy: 78.00

round 69, metrics=<sparse_categorical_accuracy=0.9993000030517578,loss=0.002015789272263646>
32.1010 seconds
Tested. Sparse categorical accuracy: 73.00

round 70, metrics=<sparse_categorical_accuracy=0.9992666840553284,loss=0.0023272752296179533>
31.6975 seconds
Tested. Sparse categorical accuracy: 80.00

round 71, metrics=<sparse_categorical_accuracy=0.9995833039283752,loss=0.001585090532898903>
31.9133 seconds
Tested. Sparse categorical accuracy: 68.00

round 72, metrics=<sparse_categorical_accuracy=0.9993833303451538,loss=0.0019437430892139673>
32.8176 seconds
Tested. Sparse categorical accuracy: 77.00

round 73, metrics=<sparse_categorical_accuracy=0.9993666410446167,loss=0.001815291354432702>
31.4935 seconds
Tested. Sparse categorical accuracy: 89.00

round 74, metrics=<sparse_categorical_accuracy=0.9995666742324829,loss=0.0014971625059843063>
32.0312 seconds
Tested. Sparse categorical accuracy: 86.00

round 75, metrics=<sparse_categorical_accuracy=0.9992833137512207,loss=0.0022471381817013025>
31.6626 seconds
Tested. Sparse categorical accuracy: 78.00

round 76, metrics=<sparse_categorical_accuracy=0.9992666840553284,loss=0.0018961584428325295>
32.0299 seconds
Tested. Sparse categorical accuracy: 82.00

round 77, metrics=<sparse_categorical_accuracy=0.9994833469390869,loss=0.001340594724752009>
33.3343 seconds
Tested. Sparse categorical accuracy: 79.00

round 78, metrics=<sparse_categorical_accuracy=0.9993000030517578,loss=0.0018317773938179016>
35.7197 seconds
Tested. Sparse categorical accuracy: 88.00

round 79, metrics=<sparse_categorical_accuracy=0.9993666410446167,loss=0.0017625850159674883>
32.9338 seconds
Tested. Sparse categorical accuracy: 76.00

round 80, metrics=<sparse_categorical_accuracy=0.9993000030517578,loss=0.0021286255214363337>
32.8754 seconds
Tested. Sparse categorical accuracy: 75.00

round 81, metrics=<sparse_categorical_accuracy=0.9991833567619324,loss=0.00241485727019608>
34.1676 seconds
Tested. Sparse categorical accuracy: 71.00

round 82, metrics=<sparse_categorical_accuracy=0.9994500279426575,loss=0.002282556612044573>
31.6868 seconds
Tested. Sparse categorical accuracy: 82.00

round 83, metrics=<sparse_categorical_accuracy=0.9992833137512207,loss=0.001823555096052587>
32.9638 seconds
Tested. Sparse categorical accuracy: 86.00

round 84, metrics=<sparse_categorical_accuracy=0.9996166825294495,loss=0.0014129233313724399>
31.8652 seconds
Tested. Sparse categorical accuracy: 87.00

round 85, metrics=<sparse_categorical_accuracy=0.9994833469390869,loss=0.0019391862442716956>
32.6114 seconds
Tested. Sparse categorical accuracy: 90.00

round 86, metrics=<sparse_categorical_accuracy=0.9995166659355164,loss=0.0015808409079909325>
33.2765 seconds
Tested. Sparse categorical accuracy: 84.00

round 87, metrics=<sparse_categorical_accuracy=0.9994500279426575,loss=0.0019717668183147907>
33.2604 seconds
Tested. Sparse categorical accuracy: 71.00

round 88, metrics=<sparse_categorical_accuracy=0.9994000196456909,loss=0.0016265868907794356>
34.3538 seconds
Tested. Sparse categorical accuracy: 91.00

round 89, metrics=<sparse_categorical_accuracy=0.9995833039283752,loss=0.00132865144405514>
32.9342 seconds
Tested. Sparse categorical accuracy: 84.00

round 90, metrics=<sparse_categorical_accuracy=0.9995333552360535,loss=0.0014537815004587173>
31.7551 seconds
Tested. Sparse categorical accuracy: 77.00

round 91, metrics=<sparse_categorical_accuracy=0.9995999932289124,loss=0.001554580987431109>
33.3843 seconds
Tested. Sparse categorical accuracy: 90.00

round 92, metrics=<sparse_categorical_accuracy=0.9996333122253418,loss=0.0013136524939909577>
32.5806 seconds
Tested. Sparse categorical accuracy: 89.00

round 93, metrics=<sparse_categorical_accuracy=0.9995166659355164,loss=0.0015408705221489072>
32.6215 seconds
Tested. Sparse categorical accuracy: 79.00

round 94, metrics=<sparse_categorical_accuracy=0.9995833039283752,loss=0.001444077817723155>
31.9202 seconds
Tested. Sparse categorical accuracy: 82.00

round 95, metrics=<sparse_categorical_accuracy=0.9991499781608582,loss=0.002609735121950507>
33.5028 seconds
Tested. Sparse categorical accuracy: 75.00

round 96, metrics=<sparse_categorical_accuracy=0.9989833235740662,loss=0.003194255055859685>
33.7161 seconds
Tested. Sparse categorical accuracy: 79.00

round 97, metrics=<sparse_categorical_accuracy=0.9994833469390869,loss=0.0019391877576708794>
33.7338 seconds
Tested. Sparse categorical accuracy: 73.00

round 98, metrics=<sparse_categorical_accuracy=0.9990500211715698,loss=0.0025227598380297422>
33.2617 seconds
Tested. Sparse categorical accuracy: 84.00

round 99, metrics=<sparse_categorical_accuracy=0.9995833039283752,loss=0.0015721978852525353>
33.4580 seconds
Tested. Sparse categorical accuracy: 84.00

round 100, metrics=<sparse_categorical_accuracy=0.9995166659355164,loss=0.0018347599543631077>
32.1515 seconds
Tested. Sparse categorical accuracy: 84.00

round 101, metrics=<sparse_categorical_accuracy=0.9996833205223083,loss=0.0012138758320361376>
31.7971 seconds
Tested. Sparse categorical accuracy: 92.00

round 102, metrics=<sparse_categorical_accuracy=0.9997166395187378,loss=0.001146121183410287>
31.0209 seconds
Tested. Sparse categorical accuracy: 90.00

round 103, metrics=<sparse_categorical_accuracy=0.9996500015258789,loss=0.0013625753344967961>
32.5971 seconds
Tested. Sparse categorical accuracy: 85.00

round 104, metrics=<sparse_categorical_accuracy=0.9996833205223083,loss=0.000964141683652997>
31.5723 seconds
Tested. Sparse categorical accuracy: 92.00

round 105, metrics=<sparse_categorical_accuracy=0.9995166659355164,loss=0.0013479674234986305>
32.7101 seconds
Tested. Sparse categorical accuracy: 83.00

round 106, metrics=<sparse_categorical_accuracy=0.9995833039283752,loss=0.0011416877387091517>
31.2747 seconds
Tested. Sparse categorical accuracy: 88.00

round 107, metrics=<sparse_categorical_accuracy=0.9997000098228455,loss=0.0010964887915179133>
33.2633 seconds
Tested. Sparse categorical accuracy: 77.00

round 108, metrics=<sparse_categorical_accuracy=0.9995333552360535,loss=0.0011949902400374413>
32.2697 seconds
Tested. Sparse categorical accuracy: 88.00

round 109, metrics=<sparse_categorical_accuracy=0.9996166825294495,loss=0.0012800644617527723>
33.2508 seconds
Tested. Sparse categorical accuracy: 91.00

round 110, metrics=<sparse_categorical_accuracy=0.9996833205223083,loss=0.0011727892560884356>
32.7883 seconds
Tested. Sparse categorical accuracy: 87.00

round 111, metrics=<sparse_categorical_accuracy=0.9995833039283752,loss=0.001187215675599873>
32.9433 seconds
Tested. Sparse categorical accuracy: 84.00

round 112, metrics=<sparse_categorical_accuracy=0.9995833039283752,loss=0.0013278672704473138>
33.4044 seconds
Tested. Sparse categorical accuracy: 83.00

round 113, metrics=<sparse_categorical_accuracy=0.9993666410446167,loss=0.0017899168888106942>
32.7662 seconds
Tested. Sparse categorical accuracy: 94.00

round 114, metrics=<sparse_categorical_accuracy=0.9996166825294495,loss=0.0012660077773034573>
31.7651 seconds
Tested. Sparse categorical accuracy: 93.00

round 115, metrics=<sparse_categorical_accuracy=0.9995499849319458,loss=0.0015318536898121238>
33.5432 seconds
Tested. Sparse categorical accuracy: 94.00

round 116, metrics=<sparse_categorical_accuracy=0.9995833039283752,loss=0.0013889070833101869>
33.4881 seconds
Tested. Sparse categorical accuracy: 82.00

round 117, metrics=<sparse_categorical_accuracy=0.9995333552360535,loss=0.0016755835385993123>
32.8766 seconds
Tested. Sparse categorical accuracy: 71.00

round 118, metrics=<sparse_categorical_accuracy=0.9992833137512207,loss=0.002272319048643112>
33.5204 seconds
Tested. Sparse categorical accuracy: 91.00

round 119, metrics=<sparse_categorical_accuracy=0.9994999766349792,loss=0.001471986179240048>
31.7396 seconds
Tested. Sparse categorical accuracy: 90.00

round 120, metrics=<sparse_categorical_accuracy=0.999666690826416,loss=0.0011778902262449265>
32.1451 seconds
Tested. Sparse categorical accuracy: 96.00

round 121, metrics=<sparse_categorical_accuracy=0.9996333122253418,loss=0.0010730549693107605>
31.7046 seconds
Tested. Sparse categorical accuracy: 91.00

round 122, metrics=<sparse_categorical_accuracy=0.9997666478157043,loss=0.0009801997803151608>
31.2608 seconds
Tested. Sparse categorical accuracy: 87.00

round 123, metrics=<sparse_categorical_accuracy=0.9996833205223083,loss=0.0010654327925294638>
32.5289 seconds
Tested. Sparse categorical accuracy: 92.00

round 124, metrics=<sparse_categorical_accuracy=0.9997000098228455,loss=0.0010099299252033234>
31.8520 seconds
Tested. Sparse categorical accuracy: 91.00

round 125, metrics=<sparse_categorical_accuracy=0.9997000098228455,loss=0.000921838276553899>
33.6758 seconds
Tested. Sparse categorical accuracy: 90.00

round 126, metrics=<sparse_categorical_accuracy=0.9997666478157043,loss=0.0010387570364400744>
31.2218 seconds
Tested. Sparse categorical accuracy: 91.00

round 127, metrics=<sparse_categorical_accuracy=0.999666690826416,loss=0.001081676920875907>
34.0785 seconds
Tested. Sparse categorical accuracy: 82.00

round 128, metrics=<sparse_categorical_accuracy=0.9995166659355164,loss=0.0014575663954019547>
32.0182 seconds
Tested. Sparse categorical accuracy: 86.00

round 129, metrics=<sparse_categorical_accuracy=0.9994999766349792,loss=0.0017350171692669392>
32.0858 seconds
Tested. Sparse categorical accuracy: 84.00

round 130, metrics=<sparse_categorical_accuracy=0.9991166591644287,loss=0.0026821063365787268>
31.6616 seconds
Tested. Sparse categorical accuracy: 60.00

round 131, metrics=<sparse_categorical_accuracy=0.9989500045776367,loss=0.004011161159723997>
32.0104 seconds
Tested. Sparse categorical accuracy: 51.00

round 132, metrics=<sparse_categorical_accuracy=0.9984166622161865,loss=0.006049926858395338>
31.9629 seconds
Tested. Sparse categorical accuracy: 54.00

round 133, metrics=<sparse_categorical_accuracy=0.9983333349227905,loss=0.006157148163765669>
32.3019 seconds
Tested. Sparse categorical accuracy: 79.00

round 134, metrics=<sparse_categorical_accuracy=0.9993500113487244,loss=0.0022837771102786064>
32.2980 seconds
Tested. Sparse categorical accuracy: 87.00

round 135, metrics=<sparse_categorical_accuracy=0.9991999864578247,loss=0.0028255947399884462>
32.8522 seconds
Tested. Sparse categorical accuracy: 82.00

round 136, metrics=<sparse_categorical_accuracy=0.9995499849319458,loss=0.0016853450797498226>
32.3333 seconds
Tested. Sparse categorical accuracy: 85.00

round 137, metrics=<sparse_categorical_accuracy=0.9997833371162415,loss=0.0011619841679930687>
32.5474 seconds
Tested. Sparse categorical accuracy: 87.00

round 138, metrics=<sparse_categorical_accuracy=0.9994166493415833,loss=0.0015195944579318166>
32.9934 seconds
Tested. Sparse categorical accuracy: 89.00

round 139, metrics=<sparse_categorical_accuracy=0.9997000098228455,loss=0.0010922674555331469>
32.1926 seconds
Tested. Sparse categorical accuracy: 87.00

round 140, metrics=<sparse_categorical_accuracy=0.9996166825294495,loss=0.0013341039884835482>
31.7578 seconds
Tested. Sparse categorical accuracy: 80.00

round 141, metrics=<sparse_categorical_accuracy=0.9995166659355164,loss=0.0015199185581877828>
33.5145 seconds
Tested. Sparse categorical accuracy: 84.00

round 142, metrics=<sparse_categorical_accuracy=0.9996500015258789,loss=0.001152670825831592>
33.6509 seconds
Tested. Sparse categorical accuracy: 81.00

round 143, metrics=<sparse_categorical_accuracy=0.9993833303451538,loss=0.0016809654189273715>
31.9552 seconds
Tested. Sparse categorical accuracy: 92.00

round 144, metrics=<sparse_categorical_accuracy=0.9995833039283752,loss=0.00127348059322685>
32.3826 seconds
Tested. Sparse categorical accuracy: 86.00

round 145, metrics=<sparse_categorical_accuracy=0.9996500015258789,loss=0.001183723914436996>
33.7284 seconds
Tested. Sparse categorical accuracy: 84.00

round 146, metrics=<sparse_categorical_accuracy=0.9996500015258789,loss=0.0009979978203773499>
31.7996 seconds
Tested. Sparse categorical accuracy: 95.00

round 147, metrics=<sparse_categorical_accuracy=0.9997666478157043,loss=0.0008562035509385169>
31.9467 seconds
Tested. Sparse categorical accuracy: 94.00

round 148, metrics=<sparse_categorical_accuracy=0.9996500015258789,loss=0.0009745859424583614>
32.3536 seconds
Tested. Sparse categorical accuracy: 95.00

round 149, metrics=<sparse_categorical_accuracy=0.999666690826416,loss=0.000986791681498289>
31.9986 seconds
Tested. Sparse categorical accuracy: 91.00

round 150, metrics=<sparse_categorical_accuracy=0.9994833469390869,loss=0.001335437991656363>
33.0121 seconds
Tested. Sparse categorical accuracy: 81.00

round 151, metrics=<sparse_categorical_accuracy=0.9995666742324829,loss=0.0013970527797937393>
32.2916 seconds
Tested. Sparse categorical accuracy: 85.00

round 152, metrics=<sparse_categorical_accuracy=0.9997166395187378,loss=0.0011320941848680377>
31.7382 seconds
Tested. Sparse categorical accuracy: 86.00

round 153, metrics=<sparse_categorical_accuracy=0.9996333122253418,loss=0.001381432288326323>
32.4524 seconds
Tested. Sparse categorical accuracy: 85.00

round 154, metrics=<sparse_categorical_accuracy=0.999833345413208,loss=0.0006734016933478415>
33.0864 seconds
Tested. Sparse categorical accuracy: 88.00

round 155, metrics=<sparse_categorical_accuracy=0.9996500015258789,loss=0.0009068200597539544>
32.0697 seconds
Tested. Sparse categorical accuracy: 88.00

round 156, metrics=<sparse_categorical_accuracy=0.9997166395187378,loss=0.0010723279556259513>
32.5484 seconds
Tested. Sparse categorical accuracy: 95.00

round 157, metrics=<sparse_categorical_accuracy=0.9997166395187378,loss=0.001129118143580854>
32.2828 seconds
Tested. Sparse categorical accuracy: 88.00

round 158, metrics=<sparse_categorical_accuracy=0.9996333122253418,loss=0.001174917328171432>
32.1155 seconds
Tested. Sparse categorical accuracy: 91.00

round 159, metrics=<sparse_categorical_accuracy=0.9996833205223083,loss=0.0009205035166814923>
33.3161 seconds
Tested. Sparse categorical accuracy: 90.00

round 160, metrics=<sparse_categorical_accuracy=0.9995999932289124,loss=0.0011739326873794198>
32.2448 seconds
Tested. Sparse categorical accuracy: 90.00

round 161, metrics=<sparse_categorical_accuracy=0.9995666742324829,loss=0.001089713885448873>
33.7313 seconds
Tested. Sparse categorical accuracy: 81.00

round 162, metrics=<sparse_categorical_accuracy=0.999750018119812,loss=0.0009932139655575156>
33.0571 seconds
Tested. Sparse categorical accuracy: 91.00

round 163, metrics=<sparse_categorical_accuracy=0.9995499849319458,loss=0.0012307179858908057>
32.1720 seconds
Tested. Sparse categorical accuracy: 96.00

round 164, metrics=<sparse_categorical_accuracy=0.9998000264167786,loss=0.0008481129771098495>
32.7491 seconds
Tested. Sparse categorical accuracy: 90.00

round 165, metrics=<sparse_categorical_accuracy=0.9997333288192749,loss=0.0008956212550401688>
33.3934 seconds
Tested. Sparse categorical accuracy: 89.00

round 166, metrics=<sparse_categorical_accuracy=0.9997333288192749,loss=0.0007785537745803595>
33.1969 seconds
Tested. Sparse categorical accuracy: 94.00

round 167, metrics=<sparse_categorical_accuracy=0.9997166395187378,loss=0.0009798412211239338>
34.1826 seconds
Tested. Sparse categorical accuracy: 85.00

round 168, metrics=<sparse_categorical_accuracy=0.999750018119812,loss=0.0008175639668479562>
31.6917 seconds
Tested. Sparse categorical accuracy: 92.00

round 169, metrics=<sparse_categorical_accuracy=0.9997166395187378,loss=0.000902387488167733>
32.3680 seconds
Tested. Sparse categorical accuracy: 94.00

round 170, metrics=<sparse_categorical_accuracy=0.9995999932289124,loss=0.0010863484349101782>
31.7443 seconds
Tested. Sparse categorical accuracy: 84.00

round 171, metrics=<sparse_categorical_accuracy=0.9996500015258789,loss=0.0011247523361817002>
32.3941 seconds
Tested. Sparse categorical accuracy: 94.00

round 172, metrics=<sparse_categorical_accuracy=0.9998166561126709,loss=0.0006685179541818798>
31.9175 seconds
Tested. Sparse categorical accuracy: 95.00

round 173, metrics=<sparse_categorical_accuracy=0.999833345413208,loss=0.0007022310746833682>
32.7300 seconds
Tested. Sparse categorical accuracy: 92.00

round 174, metrics=<sparse_categorical_accuracy=0.999833345413208,loss=0.0006981428596191108>
32.4470 seconds
Tested. Sparse categorical accuracy: 91.00

round 175, metrics=<sparse_categorical_accuracy=0.9997833371162415,loss=0.0009683353709988296>
32.0117 seconds
Tested. Sparse categorical accuracy: 90.00

round 176, metrics=<sparse_categorical_accuracy=0.9997166395187378,loss=0.0007976602064445615>
33.3686 seconds
Tested. Sparse categorical accuracy: 87.00

round 177, metrics=<sparse_categorical_accuracy=0.9996500015258789,loss=0.001354500069282949>
33.1862 seconds
Tested. Sparse categorical accuracy: 93.00

round 178, metrics=<sparse_categorical_accuracy=0.9995999932289124,loss=0.001204053871333599>
32.5433 seconds
Tested. Sparse categorical accuracy: 84.00

round 179, metrics=<sparse_categorical_accuracy=0.9993500113487244,loss=0.0015805682633072138>
33.2660 seconds
Tested. Sparse categorical accuracy: 92.00

round 180, metrics=<sparse_categorical_accuracy=0.9995499849319458,loss=0.0014099740656092763>
32.0945 seconds
Tested. Sparse categorical accuracy: 91.00

round 181, metrics=<sparse_categorical_accuracy=0.999666690826416,loss=0.0012111287796869874>
32.5904 seconds
Tested. Sparse categorical accuracy: 88.00

round 182, metrics=<sparse_categorical_accuracy=0.9996500015258789,loss=0.0011962512508034706>
31.5460 seconds
Tested. Sparse categorical accuracy: 93.00

round 183, metrics=<sparse_categorical_accuracy=0.9998000264167786,loss=0.0007775617996230721>
32.9154 seconds
Tested. Sparse categorical accuracy: 96.00

round 184, metrics=<sparse_categorical_accuracy=0.9998499751091003,loss=0.0005891827750019729>
32.3376 seconds
Tested. Sparse categorical accuracy: 85.00

round 185, metrics=<sparse_categorical_accuracy=0.9997000098228455,loss=0.0008740682387724519>
31.6685 seconds
Tested. Sparse categorical accuracy: 96.00

round 186, metrics=<sparse_categorical_accuracy=0.9997333288192749,loss=0.0009074254776351154>
32.9948 seconds
Tested. Sparse categorical accuracy: 96.00

round 187, metrics=<sparse_categorical_accuracy=0.999750018119812,loss=0.0009881039150059223>
31.9789 seconds
Tested. Sparse categorical accuracy: 90.00

round 188, metrics=<sparse_categorical_accuracy=0.9996833205223083,loss=0.0008778300252743065>
32.4481 seconds
Tested. Sparse categorical accuracy: 96.00

round 189, metrics=<sparse_categorical_accuracy=0.9997833371162415,loss=0.0009117419831454754>
31.3976 seconds
Tested. Sparse categorical accuracy: 89.00

round 190, metrics=<sparse_categorical_accuracy=0.999666690826416,loss=0.0010002909693866968>
31.4187 seconds
Tested. Sparse categorical accuracy: 83.00

round 191, metrics=<sparse_categorical_accuracy=0.9995166659355164,loss=0.001708691124804318>
34.1803 seconds
Tested. Sparse categorical accuracy: 94.00

round 192, metrics=<sparse_categorical_accuracy=0.9994999766349792,loss=0.001800732221454382>
34.9010 seconds
Tested. Sparse categorical accuracy: 86.00

round 193, metrics=<sparse_categorical_accuracy=0.9996833205223083,loss=0.0013415577122941613>
33.2641 seconds
Tested. Sparse categorical accuracy: 92.00

round 194, metrics=<sparse_categorical_accuracy=0.9997166395187378,loss=0.0009239893988706172>
34.0466 seconds
Tested. Sparse categorical accuracy: 97.00

round 195, metrics=<sparse_categorical_accuracy=0.9998000264167786,loss=0.0007397817680612206>
31.9495 seconds
Tested. Sparse categorical accuracy: 94.00

round 196, metrics=<sparse_categorical_accuracy=0.9998000264167786,loss=0.0006469815853051841>
33.0629 seconds
Tested. Sparse categorical accuracy: 97.00

round 197, metrics=<sparse_categorical_accuracy=0.9998000264167786,loss=0.0008540153503417969>
31.8730 seconds
Tested. Sparse categorical accuracy: 93.00

round 198, metrics=<sparse_categorical_accuracy=0.9997666478157043,loss=0.0007323677418753505>
32.6989 seconds
Tested. Sparse categorical accuracy: 93.00

round 199, metrics=<sparse_categorical_accuracy=0.999833345413208,loss=0.0005920497351326048>
33.1446 seconds
Tested. Sparse categorical accuracy: 96.00

round 200, metrics=<sparse_categorical_accuracy=0.9998166561126709,loss=0.0008743807557038963>
33.3670 seconds
Tested. Sparse categorical accuracy: 91.00

round 201, metrics=<sparse_categorical_accuracy=0.9998666644096375,loss=0.0005133193917572498>
33.8363 seconds
Tested. Sparse categorical accuracy: 95.00

round 202, metrics=<sparse_categorical_accuracy=0.9997666478157043,loss=0.0007766963099129498>
33.1431 seconds
Tested. Sparse categorical accuracy: 94.00

round 203, metrics=<sparse_categorical_accuracy=0.9997666478157043,loss=0.0006798367248848081>
32.3565 seconds
Tested. Sparse categorical accuracy: 93.00

round 204, metrics=<sparse_categorical_accuracy=0.9997833371162415,loss=0.0006195029127411544>
32.3173 seconds
Tested. Sparse categorical accuracy: 92.00

round 205, metrics=<sparse_categorical_accuracy=0.9996333122253418,loss=0.001024978468194604>
31.9498 seconds
Tested. Sparse categorical accuracy: 77.00

round 206, metrics=<sparse_categorical_accuracy=0.9995499849319458,loss=0.0018356327200308442>
34.5523 seconds
Tested. Sparse categorical accuracy: 92.00

round 207, metrics=<sparse_categorical_accuracy=0.9994666576385498,loss=0.0015398275572806597>
32.7586 seconds
Tested. Sparse categorical accuracy: 88.00

round 208, metrics=<sparse_categorical_accuracy=0.9995333552360535,loss=0.0015383034478873014>
32.9879 seconds
Tested. Sparse categorical accuracy: 93.00

round 209, metrics=<sparse_categorical_accuracy=0.9997333288192749,loss=0.0008231192477978766>
32.1630 seconds
Tested. Sparse categorical accuracy: 92.00

round 210, metrics=<sparse_categorical_accuracy=0.9997333288192749,loss=0.0009781838161870837>
32.1400 seconds
Tested. Sparse categorical accuracy: 91.00

round 211, metrics=<sparse_categorical_accuracy=0.9998666644096375,loss=0.0005400066729635>
33.4333 seconds
Tested. Sparse categorical accuracy: 91.00

round 212, metrics=<sparse_categorical_accuracy=0.9997666478157043,loss=0.0006786463200114667>
33.2440 seconds
Tested. Sparse categorical accuracy: 95.00

round 213, metrics=<sparse_categorical_accuracy=0.9998000264167786,loss=0.0007391078979708254>
34.5021 seconds
Tested. Sparse categorical accuracy: 96.00

round 214, metrics=<sparse_categorical_accuracy=0.9998166561126709,loss=0.0005812399904243648>
32.7727 seconds
Tested. Sparse categorical accuracy: 96.00

round 215, metrics=<sparse_categorical_accuracy=0.9997166395187378,loss=0.0008943952270783484>
33.9190 seconds
Tested. Sparse categorical accuracy: 95.00

round 216, metrics=<sparse_categorical_accuracy=0.9997833371162415,loss=0.0007612844347022474>
33.6959 seconds
Tested. Sparse categorical accuracy: 98.00

round 217, metrics=<sparse_categorical_accuracy=0.9998666644096375,loss=0.00049328658496961>
32.6773 seconds
Tested. Sparse categorical accuracy: 95.00

round 218, metrics=<sparse_categorical_accuracy=0.9997833371162415,loss=0.0008047711453400552>
32.1840 seconds
Tested. Sparse categorical accuracy: 93.00

round 219, metrics=<sparse_categorical_accuracy=0.9998833537101746,loss=0.0004735605325549841>
32.7744 seconds
Tested. Sparse categorical accuracy: 95.00

round 220, metrics=<sparse_categorical_accuracy=0.9997666478157043,loss=0.0007009361870586872>
32.4457 seconds
Tested. Sparse categorical accuracy: 94.00

round 221, metrics=<sparse_categorical_accuracy=0.9997833371162415,loss=0.0006159628392197192>
33.6165 seconds
Tested. Sparse categorical accuracy: 96.00

round 222, metrics=<sparse_categorical_accuracy=0.9998166561126709,loss=0.0007291919318959117>
32.6731 seconds
Tested. Sparse categorical accuracy: 95.00

round 223, metrics=<sparse_categorical_accuracy=0.9998666644096375,loss=0.0006115655996836722>
34.4716 seconds
Tested. Sparse categorical accuracy: 97.00

round 224, metrics=<sparse_categorical_accuracy=0.999833345413208,loss=0.0005990013014525175>
33.1639 seconds
Tested. Sparse categorical accuracy: 93.00

round 225, metrics=<sparse_categorical_accuracy=0.9998833537101746,loss=0.0005249956157058477>
32.2574 seconds
Tested. Sparse categorical accuracy: 97.00

round 226, metrics=<sparse_categorical_accuracy=0.9998000264167786,loss=0.0007668347097933292>
32.8945 seconds
Tested. Sparse categorical accuracy: 92.00

round 227, metrics=<sparse_categorical_accuracy=0.9997666478157043,loss=0.0007066834950819612>
32.0421 seconds
Tested. Sparse categorical accuracy: 89.00

round 228, metrics=<sparse_categorical_accuracy=0.9998666644096375,loss=0.0004721938166767359>
34.5953 seconds
Tested. Sparse categorical accuracy: 91.00

round 229, metrics=<sparse_categorical_accuracy=0.9998999834060669,loss=0.00038320201565511525>
33.8830 seconds
Tested. Sparse categorical accuracy: 94.00

round 230, metrics=<sparse_categorical_accuracy=0.9998666644096375,loss=0.0006553791463375092>
31.7048 seconds
Tested. Sparse categorical accuracy: 96.00

round 231, metrics=<sparse_categorical_accuracy=0.9998166561126709,loss=0.00045358607894741>
32.6624 seconds
Tested. Sparse categorical accuracy: 87.00

round 232, metrics=<sparse_categorical_accuracy=0.999833345413208,loss=0.0005932432250119746>
31.4015 seconds
Tested. Sparse categorical accuracy: 92.00

round 233, metrics=<sparse_categorical_accuracy=0.9998833537101746,loss=0.0005470983451232314>
31.9391 seconds
Tested. Sparse categorical accuracy: 98.00

round 234, metrics=<sparse_categorical_accuracy=0.999833345413208,loss=0.0004751212545670569>
31.9593 seconds
Tested. Sparse categorical accuracy: 93.00

round 235, metrics=<sparse_categorical_accuracy=0.9997666478157043,loss=0.0005870636668987572>
32.6041 seconds
Tested. Sparse categorical accuracy: 98.00

round 236, metrics=<sparse_categorical_accuracy=0.9997333288192749,loss=0.0007708602352067828>
33.4995 seconds
Tested. Sparse categorical accuracy: 88.00

round 237, metrics=<sparse_categorical_accuracy=0.9997333288192749,loss=0.0009799798717722297>
32.6907 seconds
Tested. Sparse categorical accuracy: 85.00

round 238, metrics=<sparse_categorical_accuracy=0.9997000098228455,loss=0.0008652615360915661>
32.5916 seconds
Tested. Sparse categorical accuracy: 88.00

round 239, metrics=<sparse_categorical_accuracy=0.999750018119812,loss=0.0009534870623610914>
33.6096 seconds
Tested. Sparse categorical accuracy: 94.00

round 240, metrics=<sparse_categorical_accuracy=0.9997833371162415,loss=0.000725355523172766>
32.5917 seconds
Tested. Sparse categorical accuracy: 90.00

round 241, metrics=<sparse_categorical_accuracy=0.9996500015258789,loss=0.0011046433355659246>
32.7946 seconds
Tested. Sparse categorical accuracy: 89.00

round 242, metrics=<sparse_categorical_accuracy=0.9997333288192749,loss=0.000967806379776448>
32.3337 seconds
Tested. Sparse categorical accuracy: 98.00

round 243, metrics=<sparse_categorical_accuracy=0.9997333288192749,loss=0.0009171466808766127>
32.3378 seconds
Tested. Sparse categorical accuracy: 94.00

round 244, metrics=<sparse_categorical_accuracy=0.9997333288192749,loss=0.0006929042865522206>
32.8749 seconds
Tested. Sparse categorical accuracy: 97.00

round 245, metrics=<sparse_categorical_accuracy=0.9997333288192749,loss=0.0009025344043038785>
33.7093 seconds
Tested. Sparse categorical accuracy: 95.00

round 246, metrics=<sparse_categorical_accuracy=0.9997666478157043,loss=0.0006150912959128618>
32.1460 seconds
Tested. Sparse categorical accuracy: 95.00

round 247, metrics=<sparse_categorical_accuracy=0.999833345413208,loss=0.0005329881678335369>
32.3136 seconds
Tested. Sparse categorical accuracy: 95.00

round 248, metrics=<sparse_categorical_accuracy=0.9997833371162415,loss=0.0005848333239555359>
32.4434 seconds
Tested. Sparse categorical accuracy: 95.00

round 249, metrics=<sparse_categorical_accuracy=0.9998666644096375,loss=0.00047048344276845455>
35.0421 seconds
Tested. Sparse categorical accuracy: 98.00

round 250, metrics=<sparse_categorical_accuracy=0.9997000098228455,loss=0.0007181213586591184>
32.5351 seconds
Tested. Sparse categorical accuracy: 96.00

Target accuracy reached after  250  rounds
Average time per round: 32.00

2020-05-07 00:37:40.449561
