
TENSORFLOW USERS:
You must use the python3.6-anaconda/5.2.0 module to run TensorFlow.
See https://arc-ts.umich.edu/greatlakes/software/tensorflow for more
information.



The following have been reloaded with a version change:
  1) cuda/10.0.130 => cuda/10.1.105


Currently Loaded Modules:
  1) python3.7-anaconda/2019.07   2) cudnn/10.0-v7.6   3) cuda/10.1.105

 

mkdir: cannot create directory ‘results/5944196’: File exists
mkdir: cannot create directory ‘results/5944196/log’: File exists
Test  236
2020-05-06 16:53:03.341370


Schema 1: Each client partially IID
--------------------------------------------------
percent data distributed IID:  60
number of classes for non-IID data:  2
data points per client (mean, std dev): ( 600 ,  0 )
--------------------------------------------------

round  1, metrics=<sparse_categorical_accuracy=0.7853749990463257,loss=0.6661499738693237>
67.5047 seconds
Tested. Sparse categorical accuracy: 90.00

round  2, metrics=<sparse_categorical_accuracy=0.9663083553314209,loss=0.12198169529438019>
60.5897 seconds
Tested. Sparse categorical accuracy: 93.00

round  3, metrics=<sparse_categorical_accuracy=0.9894333481788635,loss=0.036643147468566895>
66.4887 seconds
Tested. Sparse categorical accuracy: 99.00

Target accuracy reached after  3  rounds
Average time per round: 64.00

2020-05-06 16:56:26.155662
