
TENSORFLOW USERS:
You must use the python3.6-anaconda/5.2.0 module to run TensorFlow.
See https://arc-ts.umich.edu/greatlakes/software/tensorflow for more
information.



The following have been reloaded with a version change:
  1) cuda/10.0.130 => cuda/10.1.105


Currently Loaded Modules:
  1) python3.7-anaconda/2019.07   2) cudnn/10.0-v7.6   3) cuda/10.1.105

 

mkdir: cannot create directory ‘results/5944196’: File exists
mkdir: cannot create directory ‘results/5944196/log’: File exists
Test  188
2020-05-05 23:44:39.069713


Schema 1: Each client partially IID
--------------------------------------------------
percent data distributed IID:  40
number of classes for non-IID data:  2
data points per client (mean, std dev): ( 600 ,  0 )
--------------------------------------------------

round  1, metrics=<sparse_categorical_accuracy=0.8020866513252258,loss=0.6248583793640137>
82.8298 seconds
Tested. Sparse categorical accuracy: 65.00

round  2, metrics=<sparse_categorical_accuracy=0.9589066505432129,loss=0.14880041778087616>
76.8804 seconds
Tested. Sparse categorical accuracy: 93.00

round  3, metrics=<sparse_categorical_accuracy=0.9844200015068054,loss=0.0558660551905632>
78.5610 seconds
Tested. Sparse categorical accuracy: 92.00

round  4, metrics=<sparse_categorical_accuracy=0.9925333261489868,loss=0.02598065324127674>
83.9774 seconds
Tested. Sparse categorical accuracy: 95.00

round  5, metrics=<sparse_categorical_accuracy=0.9890533089637756,loss=0.04238224774599075>
76.8235 seconds
Tested. Sparse categorical accuracy: 95.00

round  6, metrics=<sparse_categorical_accuracy=0.9953600168228149,loss=0.017118850722908974>
83.7800 seconds
Tested. Sparse categorical accuracy: 98.00

round  7, metrics=<sparse_categorical_accuracy=0.9934866428375244,loss=0.02525753527879715>
81.4082 seconds
Tested. Sparse categorical accuracy: 96.00

round  8, metrics=<sparse_categorical_accuracy=0.9959400296211243,loss=0.014155618846416473>
86.2843 seconds
Tested. Sparse categorical accuracy: 98.00

round  9, metrics=<sparse_categorical_accuracy=0.9959933161735535,loss=0.013816109858453274>
82.8926 seconds
Tested. Sparse categorical accuracy: 97.00

round 10, metrics=<sparse_categorical_accuracy=0.9963333606719971,loss=0.013508799485862255>
82.9689 seconds
Tested. Sparse categorical accuracy: 100.00

Target accuracy reached after  10  rounds
Average time per round: 81.00

2020-05-05 23:58:24.839291
