
TENSORFLOW USERS:
You must use the python3.6-anaconda/5.2.0 module to run TensorFlow.
See https://arc-ts.umich.edu/greatlakes/software/tensorflow for more
information.



The following have been reloaded with a version change:
  1) cuda/10.0.130 => cuda/10.1.105


Currently Loaded Modules:
  1) python3.7-anaconda/2019.07   2) cudnn/10.0-v7.6   3) cuda/10.1.105

 

mkdir: cannot create directory ‘results/5944196’: File exists
mkdir: cannot create directory ‘results/5944196/log’: File exists
Test  21
2020-05-04 19:48:06.046941


Schema 1: Each client partially IID
--------------------------------------------------
percent data distributed IID:  40
number of classes for non-IID data:  2
data points per client (mean, std dev): ( 600 ,  0 )
--------------------------------------------------

round  1, metrics=<sparse_categorical_accuracy=0.8121166825294495,loss=0.5997389554977417>
105.2555 seconds
Tested. Sparse categorical accuracy: 82.00

round  2, metrics=<sparse_categorical_accuracy=0.9657333493232727,loss=0.12134400755167007>
85.0737 seconds
Tested. Sparse categorical accuracy: 96.00

round  3, metrics=<sparse_categorical_accuracy=0.9819111227989197,loss=0.06546494364738464>
93.8196 seconds
Tested. Sparse categorical accuracy: 95.00

round  4, metrics=<sparse_categorical_accuracy=0.9923111200332642,loss=0.02752002701163292>
93.6901 seconds
Tested. Sparse categorical accuracy: 98.00

round  5, metrics=<sparse_categorical_accuracy=0.9925388693809509,loss=0.027575712651014328>
96.4191 seconds
Tested. Sparse categorical accuracy: 100.00

Target accuracy reached after  5  rounds
Average time per round: 94.00

2020-05-04 19:56:08.808897
