
TENSORFLOW USERS:
You must use the python3.6-anaconda/5.2.0 module to run TensorFlow.
See https://arc-ts.umich.edu/greatlakes/software/tensorflow for more
information.



The following have been reloaded with a version change:
  1) cuda/10.0.130 => cuda/10.1.105


Currently Loaded Modules:
  1) python3.7-anaconda/2019.07   2) cudnn/10.0-v7.6   3) cuda/10.1.105

 

mkdir: cannot create directory ‘results/5944196’: File exists
mkdir: cannot create directory ‘results/5944196/log’: File exists
Test  87
2020-05-05 02:48:45.467881


Schema 1: Each client partially IID
--------------------------------------------------
percent data distributed IID:  0
number of classes for non-IID data:  2
data points per client (mean, std dev): ( 600 ,  0 )
--------------------------------------------------

round  1, metrics=<sparse_categorical_accuracy=0.996999979019165,loss=0.027280747890472412>
17.6695 seconds
Tested. Sparse categorical accuracy: 22.00

round  2, metrics=<sparse_categorical_accuracy=0.9975000023841858,loss=0.010251665487885475>
17.1167 seconds
Tested. Sparse categorical accuracy: 7.00

round  3, metrics=<sparse_categorical_accuracy=0.996666669845581,loss=0.02790903113782406>
16.9765 seconds
Tested. Sparse categorical accuracy: 9.00

round  4, metrics=<sparse_categorical_accuracy=0.996666669845581,loss=0.010515211150050163>
17.0345 seconds
Tested. Sparse categorical accuracy: 7.00

round  5, metrics=<sparse_categorical_accuracy=0.996999979019165,loss=0.015754753723740578>
16.5531 seconds
Tested. Sparse categorical accuracy: 9.00

round  6, metrics=<sparse_categorical_accuracy=0.996666669845581,loss=0.02062155306339264>
17.1462 seconds
Tested. Sparse categorical accuracy: 3.00

round  7, metrics=<sparse_categorical_accuracy=0.996999979019165,loss=0.013253966346383095>
17.0612 seconds
Tested. Sparse categorical accuracy: 10.00

round  8, metrics=<sparse_categorical_accuracy=0.996999979019165,loss=0.01301447581499815>
17.1042 seconds
Tested. Sparse categorical accuracy: 11.00

round  9, metrics=<sparse_categorical_accuracy=0.996666669845581,loss=0.012194128707051277>
17.4267 seconds
Tested. Sparse categorical accuracy: 19.00

round 10, metrics=<sparse_categorical_accuracy=0.996666669845581,loss=0.012209908105432987>
17.0243 seconds
Tested. Sparse categorical accuracy: 10.00

round 11, metrics=<sparse_categorical_accuracy=0.996999979019165,loss=0.011494033969938755>
17.0304 seconds
Tested. Sparse categorical accuracy: 7.00

round 12, metrics=<sparse_categorical_accuracy=0.996666669845581,loss=0.011151481419801712>
17.6041 seconds
Tested. Sparse categorical accuracy: 6.00

round 13, metrics=<sparse_categorical_accuracy=0.9967333078384399,loss=0.010678482241928577>
17.2226 seconds
Tested. Sparse categorical accuracy: 19.00

round 14, metrics=<sparse_categorical_accuracy=0.9973333477973938,loss=0.008422905579209328>
17.2829 seconds
Tested. Sparse categorical accuracy: 13.00

round 15, metrics=<sparse_categorical_accuracy=0.996999979019165,loss=0.011707976460456848>
16.9555 seconds
Tested. Sparse categorical accuracy: 15.00

round 16, metrics=<sparse_categorical_accuracy=0.996666669845581,loss=0.01383806299418211>
17.9039 seconds
Tested. Sparse categorical accuracy: 9.00

round 17, metrics=<sparse_categorical_accuracy=0.996999979019165,loss=0.015526735223829746>
17.2019 seconds
Tested. Sparse categorical accuracy: 13.00

round 18, metrics=<sparse_categorical_accuracy=0.996666669845581,loss=0.011639567092061043>
16.9716 seconds
Tested. Sparse categorical accuracy: 8.00

round 19, metrics=<sparse_categorical_accuracy=0.996666669845581,loss=0.009839428588747978>
16.7756 seconds
Tested. Sparse categorical accuracy: 18.00

round 20, metrics=<sparse_categorical_accuracy=0.9968666434288025,loss=0.012705137021839619>
17.2266 seconds
Tested. Sparse categorical accuracy: 13.00

round 21, metrics=<sparse_categorical_accuracy=0.996999979019165,loss=0.011267205700278282>
16.7923 seconds
Tested. Sparse categorical accuracy: 10.00

round 22, metrics=<sparse_categorical_accuracy=0.9966999888420105,loss=0.011475383304059505>
17.0311 seconds
Tested. Sparse categorical accuracy: 10.00

round 23, metrics=<sparse_categorical_accuracy=0.9973333477973938,loss=0.010226692073047161>
17.1301 seconds
Tested. Sparse categorical accuracy: 9.00

round 24, metrics=<sparse_categorical_accuracy=0.9976666569709778,loss=0.008428139612078667>
16.8555 seconds
Tested. Sparse categorical accuracy: 5.00

round 25, metrics=<sparse_categorical_accuracy=0.996999979019165,loss=0.011633527465164661>
17.4411 seconds
Tested. Sparse categorical accuracy: 6.00

round 26, metrics=<sparse_categorical_accuracy=0.996666669845581,loss=0.013720967806875706>
16.3700 seconds
Tested. Sparse categorical accuracy: 9.00

round 27, metrics=<sparse_categorical_accuracy=0.996999979019165,loss=0.015326287597417831>
17.2542 seconds
Tested. Sparse categorical accuracy: 10.00

round 28, metrics=<sparse_categorical_accuracy=0.996666669845581,loss=0.01157001405954361>
16.3318 seconds
Tested. Sparse categorical accuracy: 10.00

round 29, metrics=<sparse_categorical_accuracy=0.996666669845581,loss=0.009743739850819111>
16.8004 seconds
Tested. Sparse categorical accuracy: 30.00

round 30, metrics=<sparse_categorical_accuracy=0.996999979019165,loss=0.012595759704709053>
17.3687 seconds
Tested. Sparse categorical accuracy: 8.00

round 31, metrics=<sparse_categorical_accuracy=0.996999979019165,loss=0.011158951558172703>
17.1079 seconds
Tested. Sparse categorical accuracy: 14.00

round 32, metrics=<sparse_categorical_accuracy=0.996833324432373,loss=0.011381550692021847>
17.0042 seconds
Tested. Sparse categorical accuracy: 17.00

round 33, metrics=<sparse_categorical_accuracy=0.9971666932106018,loss=0.010156567208468914>
17.1798 seconds
Tested. Sparse categorical accuracy: 16.00

round 34, metrics=<sparse_categorical_accuracy=0.9976666569709778,loss=0.008364340290427208>
17.0594 seconds
Tested. Sparse categorical accuracy: 14.00

round 35, metrics=<sparse_categorical_accuracy=0.996999979019165,loss=0.011520053260028362>
16.6613 seconds
Tested. Sparse categorical accuracy: 9.00

round 36, metrics=<sparse_categorical_accuracy=0.996666669845581,loss=0.013530442491173744>
16.8663 seconds
Tested. Sparse categorical accuracy: 12.00

round 37, metrics=<sparse_categorical_accuracy=0.996999979019165,loss=0.015100084245204926>
16.4943 seconds
Tested. Sparse categorical accuracy: 10.00

round 38, metrics=<sparse_categorical_accuracy=0.996666669845581,loss=0.011328401044011116>
16.9173 seconds
Tested. Sparse categorical accuracy: 13.00

round 39, metrics=<sparse_categorical_accuracy=0.996666669845581,loss=0.009534726850688457>
17.1750 seconds
Tested. Sparse categorical accuracy: 32.00

round 40, metrics=<sparse_categorical_accuracy=0.9969666600227356,loss=0.012310544028878212>
16.5049 seconds
Tested. Sparse categorical accuracy: 7.00

round 41, metrics=<sparse_categorical_accuracy=0.996999979019165,loss=0.01089593768119812>
16.4421 seconds
Tested. Sparse categorical accuracy: 20.00

round 42, metrics=<sparse_categorical_accuracy=0.9969000220298767,loss=0.011088582687079906>
17.3073 seconds
Tested. Sparse categorical accuracy: 20.00

round 43, metrics=<sparse_categorical_accuracy=0.996833324432373,loss=0.00994783639907837>
17.4799 seconds
Tested. Sparse categorical accuracy: 19.00

round 44, metrics=<sparse_categorical_accuracy=0.9976666569709778,loss=0.008175548166036606>
17.6262 seconds
Tested. Sparse categorical accuracy: 10.00

round 45, metrics=<sparse_categorical_accuracy=0.996999979019165,loss=0.011172599159181118>
17.3926 seconds
Tested. Sparse categorical accuracy: 11.00

round 46, metrics=<sparse_categorical_accuracy=0.996666669845581,loss=0.013004379346966743>
17.1277 seconds
Tested. Sparse categorical accuracy: 8.00

round 47, metrics=<sparse_categorical_accuracy=0.996999979019165,loss=0.01424441859126091>
17.2407 seconds
Tested. Sparse categorical accuracy: 14.00

round 48, metrics=<sparse_categorical_accuracy=0.996666669845581,loss=0.010510166175663471>
17.0912 seconds
Tested. Sparse categorical accuracy: 14.00

round 49, metrics=<sparse_categorical_accuracy=0.996666669845581,loss=0.00874732993543148>
17.2647 seconds
Tested. Sparse categorical accuracy: 36.00

round 50, metrics=<sparse_categorical_accuracy=0.9969333410263062,loss=0.011278854683041573>
17.0266 seconds
Tested. Sparse categorical accuracy: 7.00

round 51, metrics=<sparse_categorical_accuracy=0.996999979019165,loss=0.009657583199441433>
16.9921 seconds
Tested. Sparse categorical accuracy: 22.00

round 52, metrics=<sparse_categorical_accuracy=0.9975000023841858,loss=0.009967437945306301>
17.5191 seconds
Tested. Sparse categorical accuracy: 19.00

round 53, metrics=<sparse_categorical_accuracy=0.9968000054359436,loss=0.008862013928592205>
17.3779 seconds
Tested. Sparse categorical accuracy: 24.00

round 54, metrics=<sparse_categorical_accuracy=0.9973999857902527,loss=0.007614956237375736>
16.5727 seconds
Tested. Sparse categorical accuracy: 16.00

round 55, metrics=<sparse_categorical_accuracy=0.9973333477973938,loss=0.009863240644335747>
16.3843 seconds
Tested. Sparse categorical accuracy: 15.00

round 56, metrics=<sparse_categorical_accuracy=0.996666669845581,loss=0.010874728672206402>
16.7118 seconds
Tested. Sparse categorical accuracy: 16.00

round 57, metrics=<sparse_categorical_accuracy=0.9973333477973938,loss=0.010998285375535488>
17.0759 seconds
Tested. Sparse categorical accuracy: 30.00

round 58, metrics=<sparse_categorical_accuracy=0.9972000122070312,loss=0.00793197937309742>
16.6401 seconds
Tested. Sparse categorical accuracy: 23.00

round 59, metrics=<sparse_categorical_accuracy=0.9977666735649109,loss=0.006248163990676403>
17.5375 seconds
Tested. Sparse categorical accuracy: 36.00

round 60, metrics=<sparse_categorical_accuracy=0.996999979019165,loss=0.008520329371094704>
16.8792 seconds
Tested. Sparse categorical accuracy: 13.00

round 61, metrics=<sparse_categorical_accuracy=0.9974333047866821,loss=0.0065986099652945995>
17.2028 seconds
Tested. Sparse categorical accuracy: 50.00

round 62, metrics=<sparse_categorical_accuracy=0.9976666569709778,loss=0.007272675167769194>
16.8982 seconds
Tested. Sparse categorical accuracy: 24.00

round 63, metrics=<sparse_categorical_accuracy=0.9969333410263062,loss=0.006283641792833805>
17.5013 seconds
Tested. Sparse categorical accuracy: 34.00

round 64, metrics=<sparse_categorical_accuracy=0.9976999759674072,loss=0.006745015271008015>
16.2102 seconds
Tested. Sparse categorical accuracy: 25.00

round 65, metrics=<sparse_categorical_accuracy=0.9973000288009644,loss=0.007368037942796946>
17.2102 seconds
Tested. Sparse categorical accuracy: 39.00

round 66, metrics=<sparse_categorical_accuracy=0.9974666833877563,loss=0.007090055383741856>
17.0388 seconds
Tested. Sparse categorical accuracy: 42.00

round 67, metrics=<sparse_categorical_accuracy=0.9977333545684814,loss=0.00648671668022871>
17.1593 seconds
Tested. Sparse categorical accuracy: 45.00

round 68, metrics=<sparse_categorical_accuracy=0.9979666471481323,loss=0.005262834019958973>
17.0308 seconds
Tested. Sparse categorical accuracy: 45.00

round 69, metrics=<sparse_categorical_accuracy=0.9983333349227905,loss=0.005082570947706699>
16.8311 seconds
Tested. Sparse categorical accuracy: 53.00

round 70, metrics=<sparse_categorical_accuracy=0.9976666569709778,loss=0.005850154906511307>
17.5570 seconds
Tested. Sparse categorical accuracy: 42.00

round 71, metrics=<sparse_categorical_accuracy=0.9980999827384949,loss=0.0047447881661355495>
16.4992 seconds
Tested. Sparse categorical accuracy: 54.00

round 72, metrics=<sparse_categorical_accuracy=0.9977666735649109,loss=0.005559332203119993>
16.6407 seconds
Tested. Sparse categorical accuracy: 63.00

round 73, metrics=<sparse_categorical_accuracy=0.99836665391922,loss=0.004221563693135977>
17.1308 seconds
Tested. Sparse categorical accuracy: 43.00

round 74, metrics=<sparse_categorical_accuracy=0.9983000159263611,loss=0.004829608369618654>
17.3856 seconds
Tested. Sparse categorical accuracy: 28.00

round 75, metrics=<sparse_categorical_accuracy=0.9981666803359985,loss=0.004735884256660938>
17.0024 seconds
Tested. Sparse categorical accuracy: 62.00

round 76, metrics=<sparse_categorical_accuracy=0.9984333515167236,loss=0.005366530269384384>
16.8391 seconds
Tested. Sparse categorical accuracy: 45.00

round 77, metrics=<sparse_categorical_accuracy=0.9984666705131531,loss=0.004603487439453602>
16.8963 seconds
Tested. Sparse categorical accuracy: 64.00

round 78, metrics=<sparse_categorical_accuracy=0.9983999729156494,loss=0.0044667660258710384>
16.4578 seconds
Tested. Sparse categorical accuracy: 55.00

round 79, metrics=<sparse_categorical_accuracy=0.9988999962806702,loss=0.003457787213847041>
16.8941 seconds
Tested. Sparse categorical accuracy: 80.00

round 80, metrics=<sparse_categorical_accuracy=0.9986666440963745,loss=0.0038595220539718866>
17.1331 seconds
Tested. Sparse categorical accuracy: 52.00

round 81, metrics=<sparse_categorical_accuracy=0.9988999962806702,loss=0.003119052853435278>
16.8191 seconds
Tested. Sparse categorical accuracy: 71.00

round 82, metrics=<sparse_categorical_accuracy=0.9983333349227905,loss=0.004817408975213766>
16.4595 seconds
Tested. Sparse categorical accuracy: 72.00

round 83, metrics=<sparse_categorical_accuracy=0.9987000226974487,loss=0.003201831365004182>
16.6542 seconds
Tested. Sparse categorical accuracy: 68.00

round 84, metrics=<sparse_categorical_accuracy=0.9987999796867371,loss=0.0033296493347734213>
16.7891 seconds
Tested. Sparse categorical accuracy: 65.00

round 85, metrics=<sparse_categorical_accuracy=0.9990000128746033,loss=0.0025272679049521685>
17.1797 seconds
Tested. Sparse categorical accuracy: 68.00

round 86, metrics=<sparse_categorical_accuracy=0.9987999796867371,loss=0.0036095143295824528>
17.0900 seconds
Tested. Sparse categorical accuracy: 68.00

round 87, metrics=<sparse_categorical_accuracy=0.9988666772842407,loss=0.0033993693068623543>
17.0076 seconds
Tested. Sparse categorical accuracy: 60.00

round 88, metrics=<sparse_categorical_accuracy=0.9987666606903076,loss=0.0030210798140615225>
17.2497 seconds
Tested. Sparse categorical accuracy: 66.00

round 89, metrics=<sparse_categorical_accuracy=0.9990000128746033,loss=0.0027741417288780212>
16.7379 seconds
Tested. Sparse categorical accuracy: 79.00

round 90, metrics=<sparse_categorical_accuracy=0.9988333582878113,loss=0.0036979978904128075>
17.0971 seconds
Tested. Sparse categorical accuracy: 64.00

round 91, metrics=<sparse_categorical_accuracy=0.9990333318710327,loss=0.002898876089602709>
16.8061 seconds
Tested. Sparse categorical accuracy: 75.00

round 92, metrics=<sparse_categorical_accuracy=0.9988666772842407,loss=0.003113780403509736>
16.7012 seconds
Tested. Sparse categorical accuracy: 68.00

round 93, metrics=<sparse_categorical_accuracy=0.9990000128746033,loss=0.0027686720713973045>
17.1574 seconds
Tested. Sparse categorical accuracy: 72.00

round 94, metrics=<sparse_categorical_accuracy=0.9991333484649658,loss=0.0031097361352294683>
17.1096 seconds
Tested. Sparse categorical accuracy: 72.00

round 95, metrics=<sparse_categorical_accuracy=0.9992333054542542,loss=0.0020989428739994764>
17.3488 seconds
Tested. Sparse categorical accuracy: 79.00

round 96, metrics=<sparse_categorical_accuracy=0.9994000196456909,loss=0.00195369403809309>
17.0763 seconds
Tested. Sparse categorical accuracy: 72.00

round 97, metrics=<sparse_categorical_accuracy=0.9988999962806702,loss=0.0029831919819116592>
17.1040 seconds
Tested. Sparse categorical accuracy: 66.00

round 98, metrics=<sparse_categorical_accuracy=0.9987666606903076,loss=0.0035862287040799856>
16.8159 seconds
Tested. Sparse categorical accuracy: 81.00

round 99, metrics=<sparse_categorical_accuracy=0.9994000196456909,loss=0.0019694252405315638>
17.0185 seconds
Tested. Sparse categorical accuracy: 84.00

round 100, metrics=<sparse_categorical_accuracy=0.9988666772842407,loss=0.003282428253442049>
16.9357 seconds
Tested. Sparse categorical accuracy: 73.00

round 101, metrics=<sparse_categorical_accuracy=0.9995666742324829,loss=0.001881056814454496>
16.6787 seconds
Tested. Sparse categorical accuracy: 65.00

round 102, metrics=<sparse_categorical_accuracy=0.9988333582878113,loss=0.002890945179387927>
16.9217 seconds
Tested. Sparse categorical accuracy: 81.00

round 103, metrics=<sparse_categorical_accuracy=0.9990666508674622,loss=0.002454746048897505>
17.1338 seconds
Tested. Sparse categorical accuracy: 77.00

round 104, metrics=<sparse_categorical_accuracy=0.9994000196456909,loss=0.0021740158554166555>
17.0362 seconds
Tested. Sparse categorical accuracy: 85.00

round 105, metrics=<sparse_categorical_accuracy=0.9995999932289124,loss=0.0015776000218465924>
17.0854 seconds
Tested. Sparse categorical accuracy: 69.00

round 106, metrics=<sparse_categorical_accuracy=0.9990666508674622,loss=0.00263765431009233>
16.9317 seconds
Tested. Sparse categorical accuracy: 78.00

round 107, metrics=<sparse_categorical_accuracy=0.9993666410446167,loss=0.0018821518169716>
16.8619 seconds
Tested. Sparse categorical accuracy: 79.00

round 108, metrics=<sparse_categorical_accuracy=0.9994999766349792,loss=0.0017089212778955698>
17.4606 seconds
Tested. Sparse categorical accuracy: 85.00

round 109, metrics=<sparse_categorical_accuracy=0.9995999932289124,loss=0.0016767479246482253>
17.1566 seconds
Tested. Sparse categorical accuracy: 87.00

round 110, metrics=<sparse_categorical_accuracy=0.9993333220481873,loss=0.0017957832897081971>
17.2385 seconds
Tested. Sparse categorical accuracy: 67.00

round 111, metrics=<sparse_categorical_accuracy=0.9992333054542542,loss=0.0020113089121878147>
17.2221 seconds
Tested. Sparse categorical accuracy: 77.00

round 112, metrics=<sparse_categorical_accuracy=0.9987000226974487,loss=0.0031804516911506653>
16.8386 seconds
Tested. Sparse categorical accuracy: 76.00

round 113, metrics=<sparse_categorical_accuracy=0.9993666410446167,loss=0.0016964098904281855>
17.0004 seconds
Tested. Sparse categorical accuracy: 76.00

round 114, metrics=<sparse_categorical_accuracy=0.999666690826416,loss=0.0015400958945974708>
16.8219 seconds
Tested. Sparse categorical accuracy: 79.00

round 115, metrics=<sparse_categorical_accuracy=0.9993000030517578,loss=0.0025063545908778906>
17.1271 seconds
Tested. Sparse categorical accuracy: 80.00

round 116, metrics=<sparse_categorical_accuracy=0.9993000030517578,loss=0.001926463097333908>
17.1485 seconds
Tested. Sparse categorical accuracy: 74.00

round 117, metrics=<sparse_categorical_accuracy=0.9993000030517578,loss=0.002286495640873909>
17.2736 seconds
Tested. Sparse categorical accuracy: 68.00

round 118, metrics=<sparse_categorical_accuracy=0.9990333318710327,loss=0.0029821365606039762>
17.2017 seconds
Tested. Sparse categorical accuracy: 72.00

round 119, metrics=<sparse_categorical_accuracy=0.9993000030517578,loss=0.0021464189048856497>
17.0796 seconds
Tested. Sparse categorical accuracy: 89.00

round 120, metrics=<sparse_categorical_accuracy=0.9989666938781738,loss=0.0027853467036038637>
17.2266 seconds
Tested. Sparse categorical accuracy: 89.00

round 121, metrics=<sparse_categorical_accuracy=0.9997000098228455,loss=0.0010282853618264198>
17.1722 seconds
Tested. Sparse categorical accuracy: 86.00

round 122, metrics=<sparse_categorical_accuracy=0.9994000196456909,loss=0.0016443256754428148>
16.8010 seconds
Tested. Sparse categorical accuracy: 87.00

round 123, metrics=<sparse_categorical_accuracy=0.9995333552360535,loss=0.001341537688858807>
17.2003 seconds
Tested. Sparse categorical accuracy: 84.00

round 124, metrics=<sparse_categorical_accuracy=0.9990666508674622,loss=0.002476728754118085>
16.6699 seconds
Tested. Sparse categorical accuracy: 75.00

round 125, metrics=<sparse_categorical_accuracy=0.9995333552360535,loss=0.0016250669723376632>
16.9414 seconds
Tested. Sparse categorical accuracy: 81.00

round 126, metrics=<sparse_categorical_accuracy=0.9994999766349792,loss=0.0021609580144286156>
17.2813 seconds
Tested. Sparse categorical accuracy: 91.00

round 127, metrics=<sparse_categorical_accuracy=0.9994333386421204,loss=0.0021139271557331085>
18.8535 seconds
Tested. Sparse categorical accuracy: 87.00

round 128, metrics=<sparse_categorical_accuracy=0.999666690826416,loss=0.0012677640188485384>
16.7504 seconds
Tested. Sparse categorical accuracy: 87.00

round 129, metrics=<sparse_categorical_accuracy=0.9995666742324829,loss=0.0012300577946007252>
16.8222 seconds
Tested. Sparse categorical accuracy: 86.00

round 130, metrics=<sparse_categorical_accuracy=0.9995999932289124,loss=0.0011635037371888757>
16.9796 seconds
Tested. Sparse categorical accuracy: 89.00

round 131, metrics=<sparse_categorical_accuracy=0.9997666478157043,loss=0.0009358215611428022>
16.9731 seconds
Tested. Sparse categorical accuracy: 87.00

round 132, metrics=<sparse_categorical_accuracy=0.9995666742324829,loss=0.0015347073785960674>
17.5103 seconds
Tested. Sparse categorical accuracy: 90.00

round 133, metrics=<sparse_categorical_accuracy=0.9997000098228455,loss=0.0010480075143277645>
17.2116 seconds
Tested. Sparse categorical accuracy: 81.00

round 134, metrics=<sparse_categorical_accuracy=0.9994333386421204,loss=0.0013087984407320619>
16.5383 seconds
Tested. Sparse categorical accuracy: 77.00

round 135, metrics=<sparse_categorical_accuracy=0.9995666742324829,loss=0.0016997127095237374>
17.1643 seconds
Tested. Sparse categorical accuracy: 84.00

round 136, metrics=<sparse_categorical_accuracy=0.9996333122253418,loss=0.0015506632626056671>
16.6321 seconds
Tested. Sparse categorical accuracy: 91.00

round 137, metrics=<sparse_categorical_accuracy=0.9998000264167786,loss=0.0013338550925254822>
17.0848 seconds
Tested. Sparse categorical accuracy: 93.00

round 138, metrics=<sparse_categorical_accuracy=0.9995999932289124,loss=0.0015997574664652348>
16.8966 seconds
Tested. Sparse categorical accuracy: 86.00

round 139, metrics=<sparse_categorical_accuracy=0.9994333386421204,loss=0.0017554410733282566>
17.1531 seconds
Tested. Sparse categorical accuracy: 90.00

round 140, metrics=<sparse_categorical_accuracy=0.9996333122253418,loss=0.001373958308249712>
16.7193 seconds
Tested. Sparse categorical accuracy: 86.00

round 141, metrics=<sparse_categorical_accuracy=0.9994999766349792,loss=0.0014483119593933225>
17.5287 seconds
Tested. Sparse categorical accuracy: 85.00

round 142, metrics=<sparse_categorical_accuracy=0.9994999766349792,loss=0.001762659172527492>
17.2259 seconds
Tested. Sparse categorical accuracy: 87.00

round 143, metrics=<sparse_categorical_accuracy=0.9993666410446167,loss=0.001588346902281046>
16.8257 seconds
Tested. Sparse categorical accuracy: 81.00

round 144, metrics=<sparse_categorical_accuracy=0.999666690826416,loss=0.0012045358307659626>
17.0939 seconds
Tested. Sparse categorical accuracy: 89.00

round 145, metrics=<sparse_categorical_accuracy=0.9994666576385498,loss=0.0015865567838773131>
16.7802 seconds
Tested. Sparse categorical accuracy: 86.00

round 146, metrics=<sparse_categorical_accuracy=0.9995333552360535,loss=0.0014594669919461012>
16.7666 seconds
Tested. Sparse categorical accuracy: 91.00

round 147, metrics=<sparse_categorical_accuracy=0.9996333122253418,loss=0.0012127921218052506>
17.2787 seconds
Tested. Sparse categorical accuracy: 90.00

round 148, metrics=<sparse_categorical_accuracy=0.9995666742324829,loss=0.0014566044555976987>
16.8655 seconds
Tested. Sparse categorical accuracy: 88.00

round 149, metrics=<sparse_categorical_accuracy=0.999666690826416,loss=0.0009929424850270152>
17.2821 seconds
Tested. Sparse categorical accuracy: 88.00

round 150, metrics=<sparse_categorical_accuracy=0.9996333122253418,loss=0.0011974991066381335>
17.1299 seconds
Tested. Sparse categorical accuracy: 83.00

round 151, metrics=<sparse_categorical_accuracy=0.9995333552360535,loss=0.0014603652525693178>
16.9281 seconds
Tested. Sparse categorical accuracy: 88.00

round 152, metrics=<sparse_categorical_accuracy=0.9993000030517578,loss=0.002041977597400546>
16.5069 seconds
Tested. Sparse categorical accuracy: 82.00

round 153, metrics=<sparse_categorical_accuracy=0.9991999864578247,loss=0.00234534265473485>
17.3740 seconds
Tested. Sparse categorical accuracy: 71.00

round 154, metrics=<sparse_categorical_accuracy=0.9991000294685364,loss=0.004879869055002928>
17.1637 seconds
Tested. Sparse categorical accuracy: 46.00

round 155, metrics=<sparse_categorical_accuracy=0.9990000128746033,loss=0.003057365072891116>
16.9134 seconds
Tested. Sparse categorical accuracy: 84.00

round 156, metrics=<sparse_categorical_accuracy=0.9993000030517578,loss=0.0030632084235548973>
17.1830 seconds
Tested. Sparse categorical accuracy: 86.00

round 157, metrics=<sparse_categorical_accuracy=0.9993333220481873,loss=0.0019571122247725725>
17.0379 seconds
Tested. Sparse categorical accuracy: 91.00

round 158, metrics=<sparse_categorical_accuracy=0.9993333220481873,loss=0.0020195546094328165>
17.2122 seconds
Tested. Sparse categorical accuracy: 88.00

round 159, metrics=<sparse_categorical_accuracy=0.9994999766349792,loss=0.001964144641533494>
16.8275 seconds
Tested. Sparse categorical accuracy: 92.00

round 160, metrics=<sparse_categorical_accuracy=0.9995999932289124,loss=0.0014622157905250788>
16.8185 seconds
Tested. Sparse categorical accuracy: 86.00

round 161, metrics=<sparse_categorical_accuracy=0.9996333122253418,loss=0.0013451088452711701>
16.6099 seconds
Tested. Sparse categorical accuracy: 93.00

round 162, metrics=<sparse_categorical_accuracy=0.9997666478157043,loss=0.0011564218439161777>
17.1464 seconds
Tested. Sparse categorical accuracy: 90.00

round 163, metrics=<sparse_categorical_accuracy=0.9997000098228455,loss=0.0011101550189778209>
17.4606 seconds
Tested. Sparse categorical accuracy: 93.00

round 164, metrics=<sparse_categorical_accuracy=0.9995999932289124,loss=0.0013468220131471753>
17.0679 seconds
Tested. Sparse categorical accuracy: 81.00

round 165, metrics=<sparse_categorical_accuracy=0.9995666742324829,loss=0.0014522291021421552>
16.6571 seconds
Tested. Sparse categorical accuracy: 87.00

round 166, metrics=<sparse_categorical_accuracy=0.9994999766349792,loss=0.001615664572454989>
17.4171 seconds
Tested. Sparse categorical accuracy: 82.00

round 167, metrics=<sparse_categorical_accuracy=0.9997333288192749,loss=0.0009756621439009905>
17.3102 seconds
Tested. Sparse categorical accuracy: 92.00

round 168, metrics=<sparse_categorical_accuracy=0.9994999766349792,loss=0.0018666136311367154>
17.1617 seconds
Tested. Sparse categorical accuracy: 87.00

round 169, metrics=<sparse_categorical_accuracy=0.999666690826416,loss=0.001655369414947927>
16.2070 seconds
Tested. Sparse categorical accuracy: 83.00

round 170, metrics=<sparse_categorical_accuracy=0.9994333386421204,loss=0.0014761133352294564>
16.9033 seconds
Tested. Sparse categorical accuracy: 77.00

round 171, metrics=<sparse_categorical_accuracy=0.9995666742324829,loss=0.0013452623970806599>
17.1185 seconds
Tested. Sparse categorical accuracy: 88.00

round 172, metrics=<sparse_categorical_accuracy=0.9993666410446167,loss=0.0023002622183412313>
16.8503 seconds
Tested. Sparse categorical accuracy: 86.00

round 173, metrics=<sparse_categorical_accuracy=0.9997000098228455,loss=0.0011105072917416692>
17.1722 seconds
Tested. Sparse categorical accuracy: 92.00

round 174, metrics=<sparse_categorical_accuracy=0.9995999932289124,loss=0.0017423734534531832>
16.7817 seconds
Tested. Sparse categorical accuracy: 90.00

round 175, metrics=<sparse_categorical_accuracy=0.9994999766349792,loss=0.0010924215894192457>
17.3670 seconds
Tested. Sparse categorical accuracy: 90.00

round 176, metrics=<sparse_categorical_accuracy=0.999666690826416,loss=0.0013782974565401673>
16.7269 seconds
Tested. Sparse categorical accuracy: 90.00

round 177, metrics=<sparse_categorical_accuracy=0.999666690826416,loss=0.0013622456463053823>
16.2141 seconds
Tested. Sparse categorical accuracy: 87.00

round 178, metrics=<sparse_categorical_accuracy=0.9993333220481873,loss=0.002041083062067628>
16.6462 seconds
Tested. Sparse categorical accuracy: 76.00

round 179, metrics=<sparse_categorical_accuracy=0.9995666742324829,loss=0.0011701959883794188>
17.2068 seconds
Tested. Sparse categorical accuracy: 89.00

round 180, metrics=<sparse_categorical_accuracy=0.9994333386421204,loss=0.0021708414424210787>
16.5581 seconds
Tested. Sparse categorical accuracy: 89.00

round 181, metrics=<sparse_categorical_accuracy=0.9997333288192749,loss=0.0007579120574519038>
17.5357 seconds
Tested. Sparse categorical accuracy: 94.00

round 182, metrics=<sparse_categorical_accuracy=0.9997000098228455,loss=0.0011705240467563272>
17.3573 seconds
Tested. Sparse categorical accuracy: 92.00

round 183, metrics=<sparse_categorical_accuracy=0.9994999766349792,loss=0.0013463468058034778>
16.4999 seconds
Tested. Sparse categorical accuracy: 88.00

round 184, metrics=<sparse_categorical_accuracy=0.999666690826416,loss=0.0012471075169742107>
17.2969 seconds
Tested. Sparse categorical accuracy: 85.00

round 185, metrics=<sparse_categorical_accuracy=0.999666690826416,loss=0.0014051026664674282>
16.9319 seconds
Tested. Sparse categorical accuracy: 93.00

round 186, metrics=<sparse_categorical_accuracy=0.9997333288192749,loss=0.001001446507871151>
17.0182 seconds
Tested. Sparse categorical accuracy: 90.00

round 187, metrics=<sparse_categorical_accuracy=0.9995666742324829,loss=0.0009552384726703167>
16.7335 seconds
Tested. Sparse categorical accuracy: 89.00

round 188, metrics=<sparse_categorical_accuracy=0.9995999932289124,loss=0.0011144172167405486>
16.8881 seconds
Tested. Sparse categorical accuracy: 96.00

round 189, metrics=<sparse_categorical_accuracy=0.9996333122253418,loss=0.001086267177015543>
17.1180 seconds
Tested. Sparse categorical accuracy: 92.00

round 190, metrics=<sparse_categorical_accuracy=0.9997000098228455,loss=0.0007256260141730309>
17.0965 seconds
Tested. Sparse categorical accuracy: 84.00

round 191, metrics=<sparse_categorical_accuracy=0.9997333288192749,loss=0.0009345283615402877>
16.7811 seconds
Tested. Sparse categorical accuracy: 94.00

round 192, metrics=<sparse_categorical_accuracy=0.9993666410446167,loss=0.0013120048679411411>
17.3064 seconds
Tested. Sparse categorical accuracy: 80.00

round 193, metrics=<sparse_categorical_accuracy=0.9996333122253418,loss=0.0011167287593707442>
17.2776 seconds
Tested. Sparse categorical accuracy: 85.00

round 194, metrics=<sparse_categorical_accuracy=0.999666690826416,loss=0.0010108338901773095>
16.5579 seconds
Tested. Sparse categorical accuracy: 91.00

round 195, metrics=<sparse_categorical_accuracy=0.999666690826416,loss=0.001030243351124227>
17.5028 seconds
Tested. Sparse categorical accuracy: 88.00

round 196, metrics=<sparse_categorical_accuracy=0.9997000098228455,loss=0.0009739318629726768>
17.1104 seconds
Tested. Sparse categorical accuracy: 88.00

round 197, metrics=<sparse_categorical_accuracy=0.9995666742324829,loss=0.0011078143725171685>
16.9414 seconds
Tested. Sparse categorical accuracy: 88.00

round 198, metrics=<sparse_categorical_accuracy=0.9995999932289124,loss=0.001477080280892551>
16.5688 seconds
Tested. Sparse categorical accuracy: 87.00

round 199, metrics=<sparse_categorical_accuracy=0.9997333288192749,loss=0.0010364024201408029>
16.7128 seconds
Tested. Sparse categorical accuracy: 87.00

round 200, metrics=<sparse_categorical_accuracy=0.9995999932289124,loss=0.0011334983864799142>
16.4682 seconds
Tested. Sparse categorical accuracy: 95.00

round 201, metrics=<sparse_categorical_accuracy=0.9995999932289124,loss=0.0009019444696605206>
16.8799 seconds
Tested. Sparse categorical accuracy: 92.00

round 202, metrics=<sparse_categorical_accuracy=0.9995666742324829,loss=0.0014164522290229797>
17.2067 seconds
Tested. Sparse categorical accuracy: 92.00

round 203, metrics=<sparse_categorical_accuracy=0.9998000264167786,loss=0.0006508422084152699>
17.0580 seconds
Tested. Sparse categorical accuracy: 98.00

round 204, metrics=<sparse_categorical_accuracy=0.9997333288192749,loss=0.0008356014732271433>
16.9295 seconds
Tested. Sparse categorical accuracy: 94.00

round 205, metrics=<sparse_categorical_accuracy=0.9997666478157043,loss=0.0008245249046012759>
17.0991 seconds
Tested. Sparse categorical accuracy: 90.00

round 206, metrics=<sparse_categorical_accuracy=0.9997666478157043,loss=0.0006266296259127557>
16.6766 seconds
Tested. Sparse categorical accuracy: 91.00

round 207, metrics=<sparse_categorical_accuracy=0.9995999932289124,loss=0.0009597039897926152>
16.9482 seconds
Tested. Sparse categorical accuracy: 94.00

round 208, metrics=<sparse_categorical_accuracy=0.999666690826416,loss=0.0011245541973039508>
17.2386 seconds
Tested. Sparse categorical accuracy: 87.00

round 209, metrics=<sparse_categorical_accuracy=0.9997000098228455,loss=0.001084976247511804>
17.0410 seconds
Tested. Sparse categorical accuracy: 93.00

round 210, metrics=<sparse_categorical_accuracy=0.9996333122253418,loss=0.0010524069657549262>
17.1898 seconds
Tested. Sparse categorical accuracy: 89.00

round 211, metrics=<sparse_categorical_accuracy=0.9998000264167786,loss=0.000665799540001899>
17.1565 seconds
Tested. Sparse categorical accuracy: 90.00

round 212, metrics=<sparse_categorical_accuracy=0.9995333552360535,loss=0.001475104596465826>
16.9552 seconds
Tested. Sparse categorical accuracy: 89.00

round 213, metrics=<sparse_categorical_accuracy=0.9997333288192749,loss=0.000819033186417073>
17.1243 seconds
Tested. Sparse categorical accuracy: 91.00

round 214, metrics=<sparse_categorical_accuracy=0.999833345413208,loss=0.0008289439720101655>
18.8546 seconds
Tested. Sparse categorical accuracy: 90.00

round 215, metrics=<sparse_categorical_accuracy=0.9998999834060669,loss=0.0005625294288620353>
16.9393 seconds
Tested. Sparse categorical accuracy: 96.00

round 216, metrics=<sparse_categorical_accuracy=0.9998666644096375,loss=0.0007649845792911947>
17.4209 seconds
Tested. Sparse categorical accuracy: 89.00

round 217, metrics=<sparse_categorical_accuracy=0.999666690826416,loss=0.0008172182715497911>
16.7865 seconds
Tested. Sparse categorical accuracy: 96.00

round 218, metrics=<sparse_categorical_accuracy=0.9997000098228455,loss=0.0009984486969187856>
17.2332 seconds
Tested. Sparse categorical accuracy: 91.00

round 219, metrics=<sparse_categorical_accuracy=0.999666690826416,loss=0.0011735925218090415>
17.0276 seconds
Tested. Sparse categorical accuracy: 91.00

round 220, metrics=<sparse_categorical_accuracy=0.9997666478157043,loss=0.0009260617080144584>
17.2812 seconds
Tested. Sparse categorical accuracy: 94.00

round 221, metrics=<sparse_categorical_accuracy=0.9997000098228455,loss=0.001072113518603146>
16.8625 seconds
Tested. Sparse categorical accuracy: 94.00

round 222, metrics=<sparse_categorical_accuracy=0.9997000098228455,loss=0.0009578561875969172>
16.9816 seconds
Tested. Sparse categorical accuracy: 93.00

round 223, metrics=<sparse_categorical_accuracy=0.9997666478157043,loss=0.0008287049713544548>
17.5779 seconds
Tested. Sparse categorical accuracy: 99.00

Target accuracy reached after  223  rounds
Average time per round: 17.00

2020-05-05 03:52:36.650355
