
TENSORFLOW USERS:
You must use the python3.6-anaconda/5.2.0 module to run TensorFlow.
See https://arc-ts.umich.edu/greatlakes/software/tensorflow for more
information.



The following have been reloaded with a version change:
  1) cuda/10.0.130 => cuda/10.1.105


Currently Loaded Modules:
  1) python3.7-anaconda/2019.07   2) cudnn/10.0-v7.6   3) cuda/10.1.105

 

mkdir: cannot create directory ‘results/5944196’: File exists
mkdir: cannot create directory ‘results/5944196/log’: File exists
Test  249
2020-05-06 18:09:09.743912


Schema 1: Each client partially IID
--------------------------------------------------
percent data distributed IID:  100
number of classes for non-IID data:  2
data points per client (mean, std dev): ( 600 ,  0 )
--------------------------------------------------

round  1, metrics=<sparse_categorical_accuracy=0.8473666906356812,loss=0.45069149136543274>
46.2826 seconds
Tested. Sparse categorical accuracy: 90.00

round  2, metrics=<sparse_categorical_accuracy=0.9840555787086487,loss=0.05617762729525566>
45.4577 seconds
Tested. Sparse categorical accuracy: 97.00

round  3, metrics=<sparse_categorical_accuracy=0.9888111352920532,loss=0.041619084775447845>
43.8495 seconds
Tested. Sparse categorical accuracy: 100.00

Target accuracy reached after  3  rounds
Average time per round: 45.00

2020-05-06 18:11:33.223314
