
TENSORFLOW USERS:
You must use the python3.6-anaconda/5.2.0 module to run TensorFlow.
See https://arc-ts.umich.edu/greatlakes/software/tensorflow for more
information.



The following have been reloaded with a version change:
  1) cuda/10.0.130 => cuda/10.1.105


Currently Loaded Modules:
  1) python3.7-anaconda/2019.07   2) cudnn/10.0-v7.6   3) cuda/10.1.105

 

mkdir: cannot create directory ‘results/5944196’: File exists
mkdir: cannot create directory ‘results/5944196/log’: File exists
Test  91
2020-05-05 04:16:31.922682


Schema 1: Each client partially IID
--------------------------------------------------
percent data distributed IID:  0
number of classes for non-IID data:  2
data points per client (mean, std dev): ( 600 ,  0 )
--------------------------------------------------

round  1, metrics=<sparse_categorical_accuracy=0.996999979019165,loss=0.023485714569687843>
63.8041 seconds
Tested. Sparse categorical accuracy: 22.00

round  2, metrics=<sparse_categorical_accuracy=0.9979777932167053,loss=0.007391019724309444>
52.8420 seconds
Tested. Sparse categorical accuracy: 10.00

round  3, metrics=<sparse_categorical_accuracy=0.9967777729034424,loss=0.012779975309967995>
62.1956 seconds
Tested. Sparse categorical accuracy: 13.00

round  4, metrics=<sparse_categorical_accuracy=0.9967777729034424,loss=0.013990904204547405>
50.2663 seconds
Tested. Sparse categorical accuracy: 13.00

round  5, metrics=<sparse_categorical_accuracy=0.9973333477973938,loss=0.011133793741464615>
50.8024 seconds
Tested. Sparse categorical accuracy: 6.00

round  6, metrics=<sparse_categorical_accuracy=0.9972222447395325,loss=0.008690087124705315>
50.9042 seconds
Tested. Sparse categorical accuracy: 10.00

round  7, metrics=<sparse_categorical_accuracy=0.9973333477973938,loss=0.008701524697244167>
50.8598 seconds
Tested. Sparse categorical accuracy: 14.00

round  8, metrics=<sparse_categorical_accuracy=0.996999979019165,loss=0.008479710668325424>
51.9563 seconds
Tested. Sparse categorical accuracy: 10.00

round  9, metrics=<sparse_categorical_accuracy=0.9972222447395325,loss=0.007526846136897802>
50.6111 seconds
Tested. Sparse categorical accuracy: 10.00

round 10, metrics=<sparse_categorical_accuracy=0.9972222447395325,loss=0.010927548632025719>
51.3074 seconds
Tested. Sparse categorical accuracy: 24.00

round 11, metrics=<sparse_categorical_accuracy=0.9974666833877563,loss=0.013788682408630848>
51.7521 seconds
Tested. Sparse categorical accuracy: 8.00

round 12, metrics=<sparse_categorical_accuracy=0.9971110820770264,loss=0.008868533186614513>
51.7305 seconds
Tested. Sparse categorical accuracy: 8.00

round 13, metrics=<sparse_categorical_accuracy=0.9973333477973938,loss=0.00880312081426382>
51.3569 seconds
Tested. Sparse categorical accuracy: 25.00

round 14, metrics=<sparse_categorical_accuracy=0.9971110820770264,loss=0.010745788924396038>
50.9428 seconds
Tested. Sparse categorical accuracy: 14.00

round 15, metrics=<sparse_categorical_accuracy=0.9973999857902527,loss=0.0076118637807667255>
51.1187 seconds
Tested. Sparse categorical accuracy: 15.00

round 16, metrics=<sparse_categorical_accuracy=0.997866690158844,loss=0.007077048532664776>
51.1320 seconds
Tested. Sparse categorical accuracy: 10.00

round 17, metrics=<sparse_categorical_accuracy=0.9974222183227539,loss=0.007364791352301836>
51.8058 seconds
Tested. Sparse categorical accuracy: 9.00

round 18, metrics=<sparse_categorical_accuracy=0.9970333576202393,loss=0.0071480306796729565>
61.5233 seconds
Tested. Sparse categorical accuracy: 23.00

round 19, metrics=<sparse_categorical_accuracy=0.9983444213867188,loss=0.00604564743116498>
52.4992 seconds
Tested. Sparse categorical accuracy: 22.00

round 20, metrics=<sparse_categorical_accuracy=0.9976111054420471,loss=0.007435685954988003>
50.3910 seconds
Tested. Sparse categorical accuracy: 48.00

round 21, metrics=<sparse_categorical_accuracy=0.9984666705131531,loss=0.0073266783729195595>
52.3478 seconds
Tested. Sparse categorical accuracy: 25.00

round 22, metrics=<sparse_categorical_accuracy=0.9980777502059937,loss=0.005273179616779089>
60.0353 seconds
Tested. Sparse categorical accuracy: 15.00

round 23, metrics=<sparse_categorical_accuracy=0.9973888993263245,loss=0.008273626677691936>
50.6357 seconds
Tested. Sparse categorical accuracy: 23.00

round 24, metrics=<sparse_categorical_accuracy=0.9971333146095276,loss=0.01194995827972889>
50.3617 seconds
Tested. Sparse categorical accuracy: 37.00

round 25, metrics=<sparse_categorical_accuracy=0.9978888630867004,loss=0.0073282173834741116>
51.8341 seconds
Tested. Sparse categorical accuracy: 41.00

round 26, metrics=<sparse_categorical_accuracy=0.9986000061035156,loss=0.004941468592733145>
51.1348 seconds
Tested. Sparse categorical accuracy: 31.00

round 27, metrics=<sparse_categorical_accuracy=0.9980888962745667,loss=0.005077486392110586>
51.8977 seconds
Tested. Sparse categorical accuracy: 33.00

round 28, metrics=<sparse_categorical_accuracy=0.9982777833938599,loss=0.00466435682028532>
51.5833 seconds
Tested. Sparse categorical accuracy: 35.00

round 29, metrics=<sparse_categorical_accuracy=0.9986444711685181,loss=0.004284379072487354>
61.4213 seconds
Tested. Sparse categorical accuracy: 26.00

round 30, metrics=<sparse_categorical_accuracy=0.997866690158844,loss=0.006299352273344994>
51.8579 seconds
Tested. Sparse categorical accuracy: 47.00

round 31, metrics=<sparse_categorical_accuracy=0.9980000257492065,loss=0.007721641566604376>
50.5750 seconds
Tested. Sparse categorical accuracy: 48.00

round 32, metrics=<sparse_categorical_accuracy=0.9979222416877747,loss=0.005120921414345503>
50.8868 seconds
Tested. Sparse categorical accuracy: 57.00

round 33, metrics=<sparse_categorical_accuracy=0.9986666440963745,loss=0.004731170367449522>
50.2170 seconds
Tested. Sparse categorical accuracy: 60.00

round 34, metrics=<sparse_categorical_accuracy=0.9985555410385132,loss=0.004255578387528658>
51.1078 seconds
Tested. Sparse categorical accuracy: 44.00

round 35, metrics=<sparse_categorical_accuracy=0.9986444711685181,loss=0.003964949399232864>
49.9312 seconds
Tested. Sparse categorical accuracy: 56.00

round 36, metrics=<sparse_categorical_accuracy=0.9980999827384949,loss=0.005027596838772297>
50.8415 seconds
Tested. Sparse categorical accuracy: 40.00

round 37, metrics=<sparse_categorical_accuracy=0.9981333613395691,loss=0.005160042084753513>
50.7028 seconds
Tested. Sparse categorical accuracy: 63.00

round 38, metrics=<sparse_categorical_accuracy=0.998711109161377,loss=0.004359604325145483>
51.4231 seconds
Tested. Sparse categorical accuracy: 51.00

round 39, metrics=<sparse_categorical_accuracy=0.9989666938781738,loss=0.0032167001627385616>
50.8646 seconds
Tested. Sparse categorical accuracy: 57.00

round 40, metrics=<sparse_categorical_accuracy=0.9986555576324463,loss=0.003636702196672559>
52.3132 seconds
Tested. Sparse categorical accuracy: 60.00

round 41, metrics=<sparse_categorical_accuracy=0.9986333250999451,loss=0.003521132515743375>
52.5819 seconds
Tested. Sparse categorical accuracy: 49.00

round 42, metrics=<sparse_categorical_accuracy=0.9988444447517395,loss=0.003339580725878477>
50.9318 seconds
Tested. Sparse categorical accuracy: 53.00

round 43, metrics=<sparse_categorical_accuracy=0.9983111023902893,loss=0.00440989900380373>
50.5137 seconds
Tested. Sparse categorical accuracy: 59.00

round 44, metrics=<sparse_categorical_accuracy=0.9982888698577881,loss=0.004090826492756605>
50.8329 seconds
Tested. Sparse categorical accuracy: 43.00

round 45, metrics=<sparse_categorical_accuracy=0.9986222386360168,loss=0.004234196152538061>
50.9511 seconds
Tested. Sparse categorical accuracy: 63.00

round 46, metrics=<sparse_categorical_accuracy=0.9988222122192383,loss=0.0035153201315551996>
51.5196 seconds
Tested. Sparse categorical accuracy: 63.00

round 47, metrics=<sparse_categorical_accuracy=0.9989333152770996,loss=0.003069549798965454>
51.2386 seconds
Tested. Sparse categorical accuracy: 85.00

round 48, metrics=<sparse_categorical_accuracy=0.9993333220481873,loss=0.0023114776704460382>
51.4234 seconds
Tested. Sparse categorical accuracy: 57.00

round 49, metrics=<sparse_categorical_accuracy=0.9991888999938965,loss=0.0026445752009749413>
53.0507 seconds
Tested. Sparse categorical accuracy: 54.00

round 50, metrics=<sparse_categorical_accuracy=0.9988444447517395,loss=0.0033185502979904413>
50.7808 seconds
Tested. Sparse categorical accuracy: 57.00

round 51, metrics=<sparse_categorical_accuracy=0.9987333416938782,loss=0.0032058770302683115>
52.0418 seconds
Tested. Sparse categorical accuracy: 50.00

round 52, metrics=<sparse_categorical_accuracy=0.9990777969360352,loss=0.003058670088648796>
50.9418 seconds
Tested. Sparse categorical accuracy: 62.00

round 53, metrics=<sparse_categorical_accuracy=0.9986444711685181,loss=0.003987381234765053>
51.0713 seconds
Tested. Sparse categorical accuracy: 63.00

round 54, metrics=<sparse_categorical_accuracy=0.9986888766288757,loss=0.0033598504960536957>
57.6937 seconds
Tested. Sparse categorical accuracy: 56.00

round 55, metrics=<sparse_categorical_accuracy=0.9990333318710327,loss=0.0028608222492039204>
51.2515 seconds
Tested. Sparse categorical accuracy: 64.00

round 56, metrics=<sparse_categorical_accuracy=0.9988222122192383,loss=0.0032761434558779>
50.3326 seconds
Tested. Sparse categorical accuracy: 57.00

round 57, metrics=<sparse_categorical_accuracy=0.998977780342102,loss=0.0028473336715251207>
60.6812 seconds
Tested. Sparse categorical accuracy: 74.00

round 58, metrics=<sparse_categorical_accuracy=0.9994111061096191,loss=0.002423723926767707>
51.7110 seconds
Tested. Sparse categorical accuracy: 66.00

round 59, metrics=<sparse_categorical_accuracy=0.9993777871131897,loss=0.002136163879185915>
50.8172 seconds
Tested. Sparse categorical accuracy: 63.00

round 60, metrics=<sparse_categorical_accuracy=0.9992111325263977,loss=0.0023142891004681587>
50.9978 seconds
Tested. Sparse categorical accuracy: 63.00

round 61, metrics=<sparse_categorical_accuracy=0.9989666938781738,loss=0.0024208074901252985>
52.5877 seconds
Tested. Sparse categorical accuracy: 58.00

round 62, metrics=<sparse_categorical_accuracy=0.9992222189903259,loss=0.0022389341611415148>
51.6544 seconds
Tested. Sparse categorical accuracy: 68.00

round 63, metrics=<sparse_categorical_accuracy=0.9987444281578064,loss=0.003671485697850585>
51.5902 seconds
Tested. Sparse categorical accuracy: 81.00

round 64, metrics=<sparse_categorical_accuracy=0.9989110827445984,loss=0.0028113035950809717>
52.1940 seconds
Tested. Sparse categorical accuracy: 67.00

round 65, metrics=<sparse_categorical_accuracy=0.9992444515228271,loss=0.0021460256539285183>
50.1186 seconds
Tested. Sparse categorical accuracy: 81.00

round 66, metrics=<sparse_categorical_accuracy=0.9992666840553284,loss=0.00259654363617301>
50.8509 seconds
Tested. Sparse categorical accuracy: 69.00

round 67, metrics=<sparse_categorical_accuracy=0.9990888833999634,loss=0.0025511696003377438>
51.7356 seconds
Tested. Sparse categorical accuracy: 74.00

round 68, metrics=<sparse_categorical_accuracy=0.999488890171051,loss=0.0019053098512813449>
51.2120 seconds
Tested. Sparse categorical accuracy: 76.00

round 69, metrics=<sparse_categorical_accuracy=0.9993000030517578,loss=0.002222431357949972>
51.0963 seconds
Tested. Sparse categorical accuracy: 74.00

round 70, metrics=<sparse_categorical_accuracy=0.9992666840553284,loss=0.001967109739780426>
50.1234 seconds
Tested. Sparse categorical accuracy: 75.00

round 71, metrics=<sparse_categorical_accuracy=0.9994000196456909,loss=0.0018068160861730576>
52.9098 seconds
Tested. Sparse categorical accuracy: 76.00

round 72, metrics=<sparse_categorical_accuracy=0.9994999766349792,loss=0.0018388363532721996>
53.0448 seconds
Tested. Sparse categorical accuracy: 76.00

round 73, metrics=<sparse_categorical_accuracy=0.9991333484649658,loss=0.002339988714084029>
51.2696 seconds
Tested. Sparse categorical accuracy: 82.00

round 74, metrics=<sparse_categorical_accuracy=0.9990333318710327,loss=0.002460930962115526>
50.3991 seconds
Tested. Sparse categorical accuracy: 72.00

round 75, metrics=<sparse_categorical_accuracy=0.999144434928894,loss=0.003122851485386491>
61.3218 seconds
Tested. Sparse categorical accuracy: 71.00

round 76, metrics=<sparse_categorical_accuracy=0.9989888668060303,loss=0.002982396399602294>
51.0016 seconds
Tested. Sparse categorical accuracy: 75.00

round 77, metrics=<sparse_categorical_accuracy=0.9993666410446167,loss=0.001952307764440775>
52.0498 seconds
Tested. Sparse categorical accuracy: 78.00

round 78, metrics=<sparse_categorical_accuracy=0.999655544757843,loss=0.00146261986810714>
52.0550 seconds
Tested. Sparse categorical accuracy: 77.00

round 79, metrics=<sparse_categorical_accuracy=0.9993777871131897,loss=0.0019445943180471659>
50.5439 seconds
Tested. Sparse categorical accuracy: 69.00

round 80, metrics=<sparse_categorical_accuracy=0.9992333054542542,loss=0.0021097143180668354>
51.3163 seconds
Tested. Sparse categorical accuracy: 69.00

round 81, metrics=<sparse_categorical_accuracy=0.9991777539253235,loss=0.0019065211527049541>
51.8422 seconds
Tested. Sparse categorical accuracy: 75.00

round 82, metrics=<sparse_categorical_accuracy=0.9995555281639099,loss=0.0015984098426997662>
51.9754 seconds
Tested. Sparse categorical accuracy: 80.00

round 83, metrics=<sparse_categorical_accuracy=0.9992111325263977,loss=0.002310496522113681>
51.8902 seconds
Tested. Sparse categorical accuracy: 81.00

round 84, metrics=<sparse_categorical_accuracy=0.9994444251060486,loss=0.0017979178810492158>
50.8604 seconds
Tested. Sparse categorical accuracy: 78.00

round 85, metrics=<sparse_categorical_accuracy=0.9995777606964111,loss=0.0014327513054013252>
62.4582 seconds
Tested. Sparse categorical accuracy: 84.00

round 86, metrics=<sparse_categorical_accuracy=0.9993777871131897,loss=0.0017674182308837771>
51.2856 seconds
Tested. Sparse categorical accuracy: 70.00

round 87, metrics=<sparse_categorical_accuracy=0.9993444681167603,loss=0.0019995670299977064>
50.6804 seconds
Tested. Sparse categorical accuracy: 73.00

round 88, metrics=<sparse_categorical_accuracy=0.9991888999938965,loss=0.0025427136570215225>
50.6306 seconds
Tested. Sparse categorical accuracy: 68.00

round 89, metrics=<sparse_categorical_accuracy=0.9993777871131897,loss=0.0020510328467935324>
51.9495 seconds
Tested. Sparse categorical accuracy: 87.00

round 90, metrics=<sparse_categorical_accuracy=0.9992666840553284,loss=0.002154669025912881>
61.0386 seconds
Tested. Sparse categorical accuracy: 75.00

round 91, metrics=<sparse_categorical_accuracy=0.9995111227035522,loss=0.0017477271612733603>
50.3208 seconds
Tested. Sparse categorical accuracy: 86.00

round 92, metrics=<sparse_categorical_accuracy=0.9995777606964111,loss=0.0012963906629011035>
50.7301 seconds
Tested. Sparse categorical accuracy: 78.00

round 93, metrics=<sparse_categorical_accuracy=0.9992111325263977,loss=0.002230101963505149>
52.1324 seconds
Tested. Sparse categorical accuracy: 84.00

round 94, metrics=<sparse_categorical_accuracy=0.9990110993385315,loss=0.0025885694194585085>
49.6480 seconds
Tested. Sparse categorical accuracy: 72.00

round 95, metrics=<sparse_categorical_accuracy=0.9994221925735474,loss=0.0018381996778771281>
50.7173 seconds
Tested. Sparse categorical accuracy: 83.00

round 96, metrics=<sparse_categorical_accuracy=0.9995333552360535,loss=0.0017567593604326248>
50.5930 seconds
Tested. Sparse categorical accuracy: 83.00

round 97, metrics=<sparse_categorical_accuracy=0.999488890171051,loss=0.0015292993048205972>
51.3375 seconds
Tested. Sparse categorical accuracy: 82.00

round 98, metrics=<sparse_categorical_accuracy=0.999655544757843,loss=0.0011112646898254752>
49.3243 seconds
Tested. Sparse categorical accuracy: 82.00

round 99, metrics=<sparse_categorical_accuracy=0.9995555281639099,loss=0.0016437025042250752>
52.3577 seconds
Tested. Sparse categorical accuracy: 77.00

round 100, metrics=<sparse_categorical_accuracy=0.9993666410446167,loss=0.0018498606514185667>
51.6983 seconds
Tested. Sparse categorical accuracy: 79.00

round 101, metrics=<sparse_categorical_accuracy=0.9995111227035522,loss=0.0013920043129473925>
51.4751 seconds
Tested. Sparse categorical accuracy: 86.00

round 102, metrics=<sparse_categorical_accuracy=0.9995889067649841,loss=0.001133876503445208>
58.1651 seconds
Tested. Sparse categorical accuracy: 83.00

round 103, metrics=<sparse_categorical_accuracy=0.9996444582939148,loss=0.0014169035712257028>
51.8220 seconds
Tested. Sparse categorical accuracy: 86.00

round 104, metrics=<sparse_categorical_accuracy=0.9996111392974854,loss=0.001479170867241919>
52.4887 seconds
Tested. Sparse categorical accuracy: 85.00

round 105, metrics=<sparse_categorical_accuracy=0.9997110962867737,loss=0.0010095800971612334>
50.8116 seconds
Tested. Sparse categorical accuracy: 91.00

round 106, metrics=<sparse_categorical_accuracy=0.9995889067649841,loss=0.0012696884805336595>
50.7405 seconds
Tested. Sparse categorical accuracy: 87.00

round 107, metrics=<sparse_categorical_accuracy=0.9997110962867737,loss=0.0011498627718538046>
51.5345 seconds
Tested. Sparse categorical accuracy: 84.00

round 108, metrics=<sparse_categorical_accuracy=0.9996222257614136,loss=0.0010955417528748512>
50.6228 seconds
Tested. Sparse categorical accuracy: 90.00

round 109, metrics=<sparse_categorical_accuracy=0.9995333552360535,loss=0.0018103191396221519>
50.8755 seconds
Tested. Sparse categorical accuracy: 74.00

round 110, metrics=<sparse_categorical_accuracy=0.9991333484649658,loss=0.002817893400788307>
50.9891 seconds
Tested. Sparse categorical accuracy: 71.00

round 111, metrics=<sparse_categorical_accuracy=0.9990333318710327,loss=0.0035788756795227528>
50.8729 seconds
Tested. Sparse categorical accuracy: 89.00

round 112, metrics=<sparse_categorical_accuracy=0.9996333122253418,loss=0.0012860505376011133>
61.5058 seconds
Tested. Sparse categorical accuracy: 82.00

round 113, metrics=<sparse_categorical_accuracy=0.9995555281639099,loss=0.0014655711129307747>
50.9369 seconds
Tested. Sparse categorical accuracy: 86.00

round 114, metrics=<sparse_categorical_accuracy=0.9996111392974854,loss=0.0014295227592810988>
52.1069 seconds
Tested. Sparse categorical accuracy: 79.00

round 115, metrics=<sparse_categorical_accuracy=0.9996888637542725,loss=0.0009806649759411812>
50.6183 seconds
Tested. Sparse categorical accuracy: 89.00

round 116, metrics=<sparse_categorical_accuracy=0.999655544757843,loss=0.0012122145853936672>
49.8657 seconds
Tested. Sparse categorical accuracy: 91.00

round 117, metrics=<sparse_categorical_accuracy=0.9996222257614136,loss=0.0013329938519746065>
51.7590 seconds
Tested. Sparse categorical accuracy: 88.00

round 118, metrics=<sparse_categorical_accuracy=0.9997333288192749,loss=0.0008415101910941303>
51.6274 seconds
Tested. Sparse categorical accuracy: 85.00

round 119, metrics=<sparse_categorical_accuracy=0.999666690826416,loss=0.0011043590493500233>
50.3974 seconds
Tested. Sparse categorical accuracy: 89.00

round 120, metrics=<sparse_categorical_accuracy=0.9995555281639099,loss=0.0012744675623252988>
50.3675 seconds
Tested. Sparse categorical accuracy: 85.00

round 121, metrics=<sparse_categorical_accuracy=0.9997888803482056,loss=0.0008469829917885363>
50.7863 seconds
Tested. Sparse categorical accuracy: 82.00

round 122, metrics=<sparse_categorical_accuracy=0.999666690826416,loss=0.001138317515142262>
50.8010 seconds
Tested. Sparse categorical accuracy: 82.00

round 123, metrics=<sparse_categorical_accuracy=0.9996222257614136,loss=0.0012184572406113148>
50.5641 seconds
Tested. Sparse categorical accuracy: 85.00

round 124, metrics=<sparse_categorical_accuracy=0.999666690826416,loss=0.0012590111000463367>
60.2076 seconds
Tested. Sparse categorical accuracy: 84.00

round 125, metrics=<sparse_categorical_accuracy=0.999488890171051,loss=0.001432808581739664>
51.7433 seconds
Tested. Sparse categorical accuracy: 77.00

round 126, metrics=<sparse_categorical_accuracy=0.9989666938781738,loss=0.002850357675924897>
50.9211 seconds
Tested. Sparse categorical accuracy: 60.00

round 127, metrics=<sparse_categorical_accuracy=0.999144434928894,loss=0.002905316185206175>
50.4732 seconds
Tested. Sparse categorical accuracy: 74.00

round 128, metrics=<sparse_categorical_accuracy=0.9994444251060486,loss=0.0017269471427425742>
51.5879 seconds
Tested. Sparse categorical accuracy: 78.00

round 129, metrics=<sparse_categorical_accuracy=0.9993333220481873,loss=0.001987046329304576>
50.9906 seconds
Tested. Sparse categorical accuracy: 81.00

round 130, metrics=<sparse_categorical_accuracy=0.999666690826416,loss=0.0011635110713541508>
53.4681 seconds
Tested. Sparse categorical accuracy: 93.00

round 131, metrics=<sparse_categorical_accuracy=0.9997000098228455,loss=0.0010718187550082803>
51.7134 seconds
Tested. Sparse categorical accuracy: 91.00

round 132, metrics=<sparse_categorical_accuracy=0.9997555613517761,loss=0.0008031301549635828>
51.3193 seconds
Tested. Sparse categorical accuracy: 81.00

round 133, metrics=<sparse_categorical_accuracy=0.9996333122253418,loss=0.0011637454153969884>
64.3934 seconds
Tested. Sparse categorical accuracy: 92.00

round 134, metrics=<sparse_categorical_accuracy=0.9996888637542725,loss=0.0011712870327755809>
49.9331 seconds
Tested. Sparse categorical accuracy: 89.00

round 135, metrics=<sparse_categorical_accuracy=0.9997888803482056,loss=0.0007717186235822737>
52.7208 seconds
Tested. Sparse categorical accuracy: 81.00

round 136, metrics=<sparse_categorical_accuracy=0.999666690826416,loss=0.001043970580212772>
53.7292 seconds
Tested. Sparse categorical accuracy: 91.00

round 137, metrics=<sparse_categorical_accuracy=0.9997666478157043,loss=0.0009278387296944857>
60.5725 seconds
Tested. Sparse categorical accuracy: 95.00

round 138, metrics=<sparse_categorical_accuracy=0.9997110962867737,loss=0.0009910460794344544>
50.8996 seconds
Tested. Sparse categorical accuracy: 89.00

round 139, metrics=<sparse_categorical_accuracy=0.9997222423553467,loss=0.0009197251056320965>
51.2624 seconds
Tested. Sparse categorical accuracy: 92.00

round 140, metrics=<sparse_categorical_accuracy=0.9997666478157043,loss=0.0008070796611718833>
51.1074 seconds
Tested. Sparse categorical accuracy: 95.00

round 141, metrics=<sparse_categorical_accuracy=0.9997333288192749,loss=0.0008505269652232528>
52.1931 seconds
Tested. Sparse categorical accuracy: 91.00

round 142, metrics=<sparse_categorical_accuracy=0.999822199344635,loss=0.0006896202685311437>
51.1779 seconds
Tested. Sparse categorical accuracy: 90.00

round 143, metrics=<sparse_categorical_accuracy=0.9995999932289124,loss=0.001237628166563809>
61.3104 seconds
Tested. Sparse categorical accuracy: 89.00

round 144, metrics=<sparse_categorical_accuracy=0.9991333484649658,loss=0.0022694955114275217>
51.1968 seconds
Tested. Sparse categorical accuracy: 59.00

round 145, metrics=<sparse_categorical_accuracy=0.9991777539253235,loss=0.003603545716032386>
56.5893 seconds
Tested. Sparse categorical accuracy: 72.00

round 146, metrics=<sparse_categorical_accuracy=0.9990222454071045,loss=0.0029158317483961582>
51.3434 seconds
Tested. Sparse categorical accuracy: 77.00

round 147, metrics=<sparse_categorical_accuracy=0.9992889165878296,loss=0.0019990133587270975>
51.8904 seconds
Tested. Sparse categorical accuracy: 70.00

round 148, metrics=<sparse_categorical_accuracy=0.9990888833999634,loss=0.002919744933024049>
50.7362 seconds
Tested. Sparse categorical accuracy: 80.00

round 149, metrics=<sparse_categorical_accuracy=0.9991333484649658,loss=0.0028277388773858547>
64.5531 seconds
Tested. Sparse categorical accuracy: 72.00

round 150, metrics=<sparse_categorical_accuracy=0.999488890171051,loss=0.0016797612188383937>
52.1472 seconds
Tested. Sparse categorical accuracy: 89.00

round 151, metrics=<sparse_categorical_accuracy=0.9996777772903442,loss=0.0010415364522486925>
49.0023 seconds
Tested. Sparse categorical accuracy: 91.00

round 152, metrics=<sparse_categorical_accuracy=0.9997000098228455,loss=0.0010325972689315677>
51.3214 seconds
Tested. Sparse categorical accuracy: 91.00

round 153, metrics=<sparse_categorical_accuracy=0.9995889067649841,loss=0.0014169620117172599>
52.0202 seconds
Tested. Sparse categorical accuracy: 85.00

round 154, metrics=<sparse_categorical_accuracy=0.9997110962867737,loss=0.0010128454305231571>
55.3363 seconds
Tested. Sparse categorical accuracy: 92.00

round 155, metrics=<sparse_categorical_accuracy=0.9997000098228455,loss=0.0010220161639153957>
51.3454 seconds
Tested. Sparse categorical accuracy: 92.00

round 156, metrics=<sparse_categorical_accuracy=0.9997110962867737,loss=0.0010987030109390616>
54.6529 seconds
Tested. Sparse categorical accuracy: 91.00

round 157, metrics=<sparse_categorical_accuracy=0.999666690826416,loss=0.0009035092080011964>
52.6091 seconds
Tested. Sparse categorical accuracy: 94.00

round 158, metrics=<sparse_categorical_accuracy=0.9997110962867737,loss=0.0009414242813363671>
50.4055 seconds
Tested. Sparse categorical accuracy: 94.00

round 159, metrics=<sparse_categorical_accuracy=0.9996444582939148,loss=0.0012357280356809497>
50.4672 seconds
Tested. Sparse categorical accuracy: 88.00

round 160, metrics=<sparse_categorical_accuracy=0.9997444152832031,loss=0.000925407512113452>
52.9458 seconds
Tested. Sparse categorical accuracy: 92.00

round 161, metrics=<sparse_categorical_accuracy=0.9997444152832031,loss=0.0008791504660621285>
50.9158 seconds
Tested. Sparse categorical accuracy: 94.00

round 162, metrics=<sparse_categorical_accuracy=0.9998555779457092,loss=0.000691499444656074>
61.0536 seconds
Tested. Sparse categorical accuracy: 91.00

round 163, metrics=<sparse_categorical_accuracy=0.999666690826416,loss=0.0011170506477355957>
51.7846 seconds
Tested. Sparse categorical accuracy: 93.00

round 164, metrics=<sparse_categorical_accuracy=0.9997333288192749,loss=0.0008697687881067395>
50.8844 seconds
Tested. Sparse categorical accuracy: 91.00

round 165, metrics=<sparse_categorical_accuracy=0.9997333288192749,loss=0.0007775272824801505>
52.8723 seconds
Tested. Sparse categorical accuracy: 91.00

round 166, metrics=<sparse_categorical_accuracy=0.9997110962867737,loss=0.0010226555168628693>
51.9723 seconds
Tested. Sparse categorical accuracy: 91.00

round 167, metrics=<sparse_categorical_accuracy=0.9997555613517761,loss=0.0007559363730251789>
52.7305 seconds
Tested. Sparse categorical accuracy: 90.00

round 168, metrics=<sparse_categorical_accuracy=0.999822199344635,loss=0.0006093541160225868>
51.3151 seconds
Tested. Sparse categorical accuracy: 98.00

round 169, metrics=<sparse_categorical_accuracy=0.9998111128807068,loss=0.0008191579254344106>
50.9893 seconds
Tested. Sparse categorical accuracy: 88.00

round 170, metrics=<sparse_categorical_accuracy=0.999822199344635,loss=0.0006889172946102917>
51.4675 seconds
Tested. Sparse categorical accuracy: 96.00

round 171, metrics=<sparse_categorical_accuracy=0.9998111128807068,loss=0.0006504562916234136>
51.6706 seconds
Tested. Sparse categorical accuracy: 87.00

round 172, metrics=<sparse_categorical_accuracy=0.9997666478157043,loss=0.0007113171741366386>
49.2741 seconds
Tested. Sparse categorical accuracy: 86.00

round 173, metrics=<sparse_categorical_accuracy=0.9995999932289124,loss=0.0011719753965735435>
49.5845 seconds
Tested. Sparse categorical accuracy: 88.00

round 174, metrics=<sparse_categorical_accuracy=0.9995555281639099,loss=0.0012294006301090121>
50.6358 seconds
Tested. Sparse categorical accuracy: 92.00

round 175, metrics=<sparse_categorical_accuracy=0.9997777938842773,loss=0.0008330466225743294>
51.0075 seconds
Tested. Sparse categorical accuracy: 83.00

round 176, metrics=<sparse_categorical_accuracy=0.9996444582939148,loss=0.0012801543343812227>
50.9328 seconds
Tested. Sparse categorical accuracy: 89.00

round 177, metrics=<sparse_categorical_accuracy=0.9997888803482056,loss=0.0008102592546492815>
50.2832 seconds
Tested. Sparse categorical accuracy: 92.00

round 178, metrics=<sparse_categorical_accuracy=0.9997000098228455,loss=0.0008017764776013792>
53.7625 seconds
Tested. Sparse categorical accuracy: 95.00

round 179, metrics=<sparse_categorical_accuracy=0.9997444152832031,loss=0.0009817841928452253>
52.0276 seconds
Tested. Sparse categorical accuracy: 95.00

round 180, metrics=<sparse_categorical_accuracy=0.9997000098228455,loss=0.0009256584453396499>
51.4732 seconds
Tested. Sparse categorical accuracy: 94.00

round 181, metrics=<sparse_categorical_accuracy=0.9997777938842773,loss=0.0007466195966117084>
51.2793 seconds
Tested. Sparse categorical accuracy: 93.00

round 182, metrics=<sparse_categorical_accuracy=0.9997777938842773,loss=0.0007007727981545031>
57.0638 seconds
Tested. Sparse categorical accuracy: 97.00

round 183, metrics=<sparse_categorical_accuracy=0.9996888637542725,loss=0.0008716824231669307>
50.5374 seconds
Tested. Sparse categorical accuracy: 93.00

round 184, metrics=<sparse_categorical_accuracy=0.999822199344635,loss=0.0007295429822988808>
50.5495 seconds
Tested. Sparse categorical accuracy: 93.00

round 185, metrics=<sparse_categorical_accuracy=0.9998444318771362,loss=0.0006128224194981158>
51.3495 seconds
Tested. Sparse categorical accuracy: 90.00

round 186, metrics=<sparse_categorical_accuracy=0.9998111128807068,loss=0.0006710817688144743>
51.2426 seconds
Tested. Sparse categorical accuracy: 98.00

round 187, metrics=<sparse_categorical_accuracy=0.999822199344635,loss=0.0006529996171593666>
54.9425 seconds
Tested. Sparse categorical accuracy: 89.00

round 188, metrics=<sparse_categorical_accuracy=0.9997666478157043,loss=0.000719358678907156>
58.9126 seconds
Tested. Sparse categorical accuracy: 98.00

round 189, metrics=<sparse_categorical_accuracy=0.9997888803482056,loss=0.0006616885075345635>
57.0519 seconds
Tested. Sparse categorical accuracy: 88.00

round 190, metrics=<sparse_categorical_accuracy=0.9998000264167786,loss=0.0006657111807726324>
55.7929 seconds
Tested. Sparse categorical accuracy: 92.00

round 191, metrics=<sparse_categorical_accuracy=0.9998444318771362,loss=0.0006278156070038676>
57.6201 seconds
Tested. Sparse categorical accuracy: 93.00

round 192, metrics=<sparse_categorical_accuracy=0.9997777938842773,loss=0.0006558391032740474>
57.0880 seconds
Tested. Sparse categorical accuracy: 94.00

round 193, metrics=<sparse_categorical_accuracy=0.9998111128807068,loss=0.0007164942217059433>
56.6443 seconds
Tested. Sparse categorical accuracy: 96.00

round 194, metrics=<sparse_categorical_accuracy=0.999822199344635,loss=0.0006266436539590359>
58.3365 seconds
Tested. Sparse categorical accuracy: 96.00

round 195, metrics=<sparse_categorical_accuracy=0.9998888969421387,loss=0.0006240259390324354>
56.8402 seconds
Tested. Sparse categorical accuracy: 88.00

round 196, metrics=<sparse_categorical_accuracy=0.9998111128807068,loss=0.0007264923769980669>
57.3006 seconds
Tested. Sparse categorical accuracy: 95.00

round 197, metrics=<sparse_categorical_accuracy=0.999822199344635,loss=0.0007235753582790494>
57.1363 seconds
Tested. Sparse categorical accuracy: 91.00

round 198, metrics=<sparse_categorical_accuracy=0.9998000264167786,loss=0.0005974151426926255>
57.9944 seconds
Tested. Sparse categorical accuracy: 91.00

round 199, metrics=<sparse_categorical_accuracy=0.999822199344635,loss=0.0006480172742158175>
57.1883 seconds
Tested. Sparse categorical accuracy: 95.00

round 200, metrics=<sparse_categorical_accuracy=0.9997777938842773,loss=0.000595355115365237>
56.5660 seconds
Tested. Sparse categorical accuracy: 92.00

round 201, metrics=<sparse_categorical_accuracy=0.999833345413208,loss=0.00044478318886831403>
56.9636 seconds
Tested. Sparse categorical accuracy: 90.00

round 202, metrics=<sparse_categorical_accuracy=0.9998111128807068,loss=0.0007356657879427075>
64.4633 seconds
Tested. Sparse categorical accuracy: 90.00

round 203, metrics=<sparse_categorical_accuracy=0.9997555613517761,loss=0.0007309415959753096>
59.0230 seconds
Tested. Sparse categorical accuracy: 88.00

round 204, metrics=<sparse_categorical_accuracy=0.9996777772903442,loss=0.0009806681191548705>
57.4817 seconds
Tested. Sparse categorical accuracy: 82.00

round 205, metrics=<sparse_categorical_accuracy=0.9995999932289124,loss=0.001412779907695949>
55.6885 seconds
Tested. Sparse categorical accuracy: 75.00

round 206, metrics=<sparse_categorical_accuracy=0.999155580997467,loss=0.0025579934008419514>
53.5434 seconds
Tested. Sparse categorical accuracy: 37.00

round 207, metrics=<sparse_categorical_accuracy=0.9985666871070862,loss=0.007865654304623604>
52.8481 seconds
Tested. Sparse categorical accuracy: 47.00

round 208, metrics=<sparse_categorical_accuracy=0.9980666637420654,loss=0.015303650870919228>
63.5054 seconds
Tested. Sparse categorical accuracy: 47.00

round 209, metrics=<sparse_categorical_accuracy=0.9976999759674072,loss=0.007429833989590406>
56.5698 seconds
Tested. Sparse categorical accuracy: 44.00

round 210, metrics=<sparse_categorical_accuracy=0.9983333349227905,loss=0.0056690312922000885>
57.3377 seconds
Tested. Sparse categorical accuracy: 78.00

round 211, metrics=<sparse_categorical_accuracy=0.9995111227035522,loss=0.002787394681945443>
54.9338 seconds
Tested. Sparse categorical accuracy: 72.00

round 212, metrics=<sparse_categorical_accuracy=0.9993333220481873,loss=0.002193050691857934>
56.8799 seconds
Tested. Sparse categorical accuracy: 78.00

round 213, metrics=<sparse_categorical_accuracy=0.999311089515686,loss=0.0021603319328278303>
56.7411 seconds
Tested. Sparse categorical accuracy: 86.00

round 214, metrics=<sparse_categorical_accuracy=0.9992889165878296,loss=0.002020654734224081>
55.7596 seconds
Tested. Sparse categorical accuracy: 78.00

round 215, metrics=<sparse_categorical_accuracy=0.9993555545806885,loss=0.0018269148422405124>
56.9933 seconds
Tested. Sparse categorical accuracy: 89.00

round 216, metrics=<sparse_categorical_accuracy=0.9995222091674805,loss=0.0017351723508909345>
58.1841 seconds
Tested. Sparse categorical accuracy: 89.00

round 217, metrics=<sparse_categorical_accuracy=0.9996888637542725,loss=0.001171949552372098>
52.6716 seconds
Tested. Sparse categorical accuracy: 90.00

round 218, metrics=<sparse_categorical_accuracy=0.9998000264167786,loss=0.0009516412392258644>
57.0461 seconds
Tested. Sparse categorical accuracy: 92.00

round 219, metrics=<sparse_categorical_accuracy=0.9998000264167786,loss=0.0008409515139646828>
57.6988 seconds
Tested. Sparse categorical accuracy: 89.00

round 220, metrics=<sparse_categorical_accuracy=0.9997888803482056,loss=0.0007349439547397196>
55.3918 seconds
Tested. Sparse categorical accuracy: 97.00

round 221, metrics=<sparse_categorical_accuracy=0.9998000264167786,loss=0.0007387840305455029>
57.4098 seconds
Tested. Sparse categorical accuracy: 94.00

round 222, metrics=<sparse_categorical_accuracy=0.9997110962867737,loss=0.0008817267371341586>
55.5565 seconds
Tested. Sparse categorical accuracy: 92.00

round 223, metrics=<sparse_categorical_accuracy=0.9996777772903442,loss=0.0009660952491685748>
57.0816 seconds
Tested. Sparse categorical accuracy: 91.00

round 224, metrics=<sparse_categorical_accuracy=0.999655544757843,loss=0.0010927905095741153>
57.5891 seconds
Tested. Sparse categorical accuracy: 79.00

round 225, metrics=<sparse_categorical_accuracy=0.9993666410446167,loss=0.0017640674486756325>
57.3835 seconds
Tested. Sparse categorical accuracy: 89.00

round 226, metrics=<sparse_categorical_accuracy=0.9991000294685364,loss=0.002877696417272091>
57.4389 seconds
Tested. Sparse categorical accuracy: 76.00

round 227, metrics=<sparse_categorical_accuracy=0.9994555711746216,loss=0.0016146976267918944>
57.4758 seconds
Tested. Sparse categorical accuracy: 94.00

round 228, metrics=<sparse_categorical_accuracy=0.999822199344635,loss=0.0008280733600258827>
56.1889 seconds
Tested. Sparse categorical accuracy: 87.00

round 229, metrics=<sparse_categorical_accuracy=0.999666690826416,loss=0.0010649578180164099>
56.8688 seconds
Tested. Sparse categorical accuracy: 94.00

round 230, metrics=<sparse_categorical_accuracy=0.9998000264167786,loss=0.0007340016891248524>
56.2972 seconds
Tested. Sparse categorical accuracy: 91.00

round 231, metrics=<sparse_categorical_accuracy=0.9998555779457092,loss=0.0006195864989422262>
63.5386 seconds
Tested. Sparse categorical accuracy: 93.00

round 232, metrics=<sparse_categorical_accuracy=0.9997666478157043,loss=0.0007413177518174052>
55.3878 seconds
Tested. Sparse categorical accuracy: 85.00

round 233, metrics=<sparse_categorical_accuracy=0.9996222257614136,loss=0.0010494837770238519>
57.3975 seconds
Tested. Sparse categorical accuracy: 90.00

round 234, metrics=<sparse_categorical_accuracy=0.9996222257614136,loss=0.0010562172392383218>
70.0213 seconds
Tested. Sparse categorical accuracy: 93.00

round 235, metrics=<sparse_categorical_accuracy=0.9997555613517761,loss=0.0007408607634715736>
54.7942 seconds
Tested. Sparse categorical accuracy: 94.00

round 236, metrics=<sparse_categorical_accuracy=0.9997444152832031,loss=0.0010233107022941113>
57.5498 seconds
Tested. Sparse categorical accuracy: 95.00

round 237, metrics=<sparse_categorical_accuracy=0.9998444318771362,loss=0.0006098572048358619>
57.3417 seconds
Tested. Sparse categorical accuracy: 92.00

round 238, metrics=<sparse_categorical_accuracy=0.9997888803482056,loss=0.0006033827667124569>
67.0074 seconds
Tested. Sparse categorical accuracy: 94.00

round 239, metrics=<sparse_categorical_accuracy=0.999822199344635,loss=0.0009314035414718091>
56.1703 seconds
Tested. Sparse categorical accuracy: 93.00

round 240, metrics=<sparse_categorical_accuracy=0.9998111128807068,loss=0.0006025623297318816>
56.3398 seconds
Tested. Sparse categorical accuracy: 95.00

round 241, metrics=<sparse_categorical_accuracy=0.999822199344635,loss=0.0005697571905329823>
54.7368 seconds
Tested. Sparse categorical accuracy: 94.00

round 242, metrics=<sparse_categorical_accuracy=0.999833345413208,loss=0.0006302895490080118>
51.3118 seconds
Tested. Sparse categorical accuracy: 96.00

round 243, metrics=<sparse_categorical_accuracy=0.9997555613517761,loss=0.0006836540414951742>
52.2901 seconds
Tested. Sparse categorical accuracy: 91.00

round 244, metrics=<sparse_categorical_accuracy=0.9997777938842773,loss=0.0006959869060665369>
51.2418 seconds
Tested. Sparse categorical accuracy: 93.00

round 245, metrics=<sparse_categorical_accuracy=0.999822199344635,loss=0.0006120424368418753>
51.6088 seconds
Tested. Sparse categorical accuracy: 91.00

round 246, metrics=<sparse_categorical_accuracy=0.9997777938842773,loss=0.0006518751615658402>
50.5285 seconds
Tested. Sparse categorical accuracy: 93.00

round 247, metrics=<sparse_categorical_accuracy=0.999666690826416,loss=0.0009329809690825641>
50.7328 seconds
Tested. Sparse categorical accuracy: 97.00

round 248, metrics=<sparse_categorical_accuracy=0.9997888803482056,loss=0.0007455017184838653>
60.8722 seconds
Tested. Sparse categorical accuracy: 96.00

round 249, metrics=<sparse_categorical_accuracy=0.9997333288192749,loss=0.0009163927752524614>
52.9879 seconds
Tested. Sparse categorical accuracy: 89.00

round 250, metrics=<sparse_categorical_accuracy=0.9997555613517761,loss=0.0008414225885644555>
52.0860 seconds
Tested. Sparse categorical accuracy: 91.00

Target accuracy reached after  250  rounds
Average time per round: 53.00

2020-05-05 07:59:52.114104
