
TENSORFLOW USERS:
You must use the python3.6-anaconda/5.2.0 module to run TensorFlow.
See https://arc-ts.umich.edu/greatlakes/software/tensorflow for more
information.



The following have been reloaded with a version change:
  1) cuda/10.0.130 => cuda/10.1.105


Currently Loaded Modules:
  1) python3.7-anaconda/2019.07   2) cudnn/10.0-v7.6   3) cuda/10.1.105

 

mkdir: cannot create directory ‘results/5944196’: File exists
mkdir: cannot create directory ‘results/5944196/log’: File exists
Test  259
2020-05-07 03:15:40.200096


Schema 1: Each client partially IID
--------------------------------------------------
percent data distributed IID:  0
number of classes for non-IID data:  2
data points per client (mean, std dev): ( 600 ,  0 )
--------------------------------------------------

round  1, metrics=<sparse_categorical_accuracy=0.9971110820770264,loss=0.02868949994444847>
61.1295 seconds
Tested. Sparse categorical accuracy: 12.00

round  2, metrics=<sparse_categorical_accuracy=0.996999979019165,loss=0.008145877160131931>
48.2968 seconds
Tested. Sparse categorical accuracy: 16.00

round  3, metrics=<sparse_categorical_accuracy=0.9972222447395325,loss=0.011782320216298103>
47.7799 seconds
Tested. Sparse categorical accuracy: 11.00

round  4, metrics=<sparse_categorical_accuracy=0.996666669845581,loss=0.01245616003870964>
47.6937 seconds
Tested. Sparse categorical accuracy: 13.00

round  5, metrics=<sparse_categorical_accuracy=0.9969111084938049,loss=0.008861551061272621>
47.4627 seconds
Tested. Sparse categorical accuracy: 10.00

round  6, metrics=<sparse_categorical_accuracy=0.9968888759613037,loss=0.008686336688697338>
56.1008 seconds
Tested. Sparse categorical accuracy: 10.00

round  7, metrics=<sparse_categorical_accuracy=0.9968888759613037,loss=0.015244832262396812>
48.0019 seconds
Tested. Sparse categorical accuracy: 26.00

round  8, metrics=<sparse_categorical_accuracy=0.9972444176673889,loss=0.010906095616519451>
56.4914 seconds
Tested. Sparse categorical accuracy: 12.00

round  9, metrics=<sparse_categorical_accuracy=0.9967777729034424,loss=0.010059311985969543>
48.3258 seconds
Tested. Sparse categorical accuracy: 16.00

round 10, metrics=<sparse_categorical_accuracy=0.996999979019165,loss=0.009846502915024757>
56.4113 seconds
Tested. Sparse categorical accuracy: 13.00

round 11, metrics=<sparse_categorical_accuracy=0.996999979019165,loss=0.008497994393110275>
48.4235 seconds
Tested. Sparse categorical accuracy: 5.00

round 12, metrics=<sparse_categorical_accuracy=0.996999979019165,loss=0.008708721958100796>
57.1692 seconds
Tested. Sparse categorical accuracy: 23.00

round 13, metrics=<sparse_categorical_accuracy=0.9975888729095459,loss=0.007619971409440041>
46.6816 seconds
Tested. Sparse categorical accuracy: 12.00

round 14, metrics=<sparse_categorical_accuracy=0.9971222281455994,loss=0.007968075573444366>
58.2859 seconds
Tested. Sparse categorical accuracy: 26.00

round 15, metrics=<sparse_categorical_accuracy=0.9976222515106201,loss=0.007652218919247389>
48.4939 seconds
Tested. Sparse categorical accuracy: 8.00

round 16, metrics=<sparse_categorical_accuracy=0.9969221949577332,loss=0.0077496059238910675>
57.6158 seconds
Tested. Sparse categorical accuracy: 7.00

round 17, metrics=<sparse_categorical_accuracy=0.9968888759613037,loss=0.010826203972101212>
47.6624 seconds
Tested. Sparse categorical accuracy: 15.00

round 18, metrics=<sparse_categorical_accuracy=0.997011125087738,loss=0.009618943557143211>
57.2616 seconds
Tested. Sparse categorical accuracy: 7.00

round 19, metrics=<sparse_categorical_accuracy=0.9967777729034424,loss=0.009037794545292854>
48.0153 seconds
Tested. Sparse categorical accuracy: 17.00

round 20, metrics=<sparse_categorical_accuracy=0.9972888827323914,loss=0.008337307721376419>
58.7602 seconds
Tested. Sparse categorical accuracy: 9.00

round 21, metrics=<sparse_categorical_accuracy=0.99717777967453,loss=0.007118163164705038>
48.3630 seconds
Tested. Sparse categorical accuracy: 27.00

round 22, metrics=<sparse_categorical_accuracy=0.9978111386299133,loss=0.007053309585899115>
58.3333 seconds
Tested. Sparse categorical accuracy: 32.00

round 23, metrics=<sparse_categorical_accuracy=0.9979222416877747,loss=0.006451115477830172>
48.4316 seconds
Tested. Sparse categorical accuracy: 51.00

round 24, metrics=<sparse_categorical_accuracy=0.9982555508613586,loss=0.006370424292981625>
58.7778 seconds
Tested. Sparse categorical accuracy: 31.00

round 25, metrics=<sparse_categorical_accuracy=0.9980666637420654,loss=0.006236915476620197>
48.3285 seconds
Tested. Sparse categorical accuracy: 32.00

round 26, metrics=<sparse_categorical_accuracy=0.9978444576263428,loss=0.005751472432166338>
58.1857 seconds
Tested. Sparse categorical accuracy: 22.00

round 27, metrics=<sparse_categorical_accuracy=0.9970333576202393,loss=0.009102472104132175>
48.5166 seconds
Tested. Sparse categorical accuracy: 29.00

round 28, metrics=<sparse_categorical_accuracy=0.9974222183227539,loss=0.008232120424509048>
57.1340 seconds
Tested. Sparse categorical accuracy: 38.00

round 29, metrics=<sparse_categorical_accuracy=0.9982333183288574,loss=0.006546722259372473>
47.3852 seconds
Tested. Sparse categorical accuracy: 33.00

round 30, metrics=<sparse_categorical_accuracy=0.9978333115577698,loss=0.0059285955503582954>
57.8471 seconds
Tested. Sparse categorical accuracy: 42.00

round 31, metrics=<sparse_categorical_accuracy=0.9983444213867188,loss=0.005002016667276621>
48.9313 seconds
Tested. Sparse categorical accuracy: 30.00

round 32, metrics=<sparse_categorical_accuracy=0.9980777502059937,loss=0.004915454890578985>
58.1669 seconds
Tested. Sparse categorical accuracy: 55.00

round 33, metrics=<sparse_categorical_accuracy=0.9982222318649292,loss=0.004985090810805559>
48.2195 seconds
Tested. Sparse categorical accuracy: 50.00

round 34, metrics=<sparse_categorical_accuracy=0.9982666373252869,loss=0.00517304940149188>
60.5061 seconds
Tested. Sparse categorical accuracy: 55.00

round 35, metrics=<sparse_categorical_accuracy=0.9982777833938599,loss=0.004608119837939739>
48.2197 seconds
Tested. Sparse categorical accuracy: 50.00

round 36, metrics=<sparse_categorical_accuracy=0.9981666803359985,loss=0.0050186277367174625>
57.2656 seconds
Tested. Sparse categorical accuracy: 45.00

round 37, metrics=<sparse_categorical_accuracy=0.9980666637420654,loss=0.006039888598024845>
48.3165 seconds
Tested. Sparse categorical accuracy: 38.00

round 38, metrics=<sparse_categorical_accuracy=0.9976111054420471,loss=0.00674272608011961>
59.7528 seconds
Tested. Sparse categorical accuracy: 49.00

round 39, metrics=<sparse_categorical_accuracy=0.9980555772781372,loss=0.005015990696847439>
47.8815 seconds
Tested. Sparse categorical accuracy: 49.00

round 40, metrics=<sparse_categorical_accuracy=0.9983333349227905,loss=0.0045984177850186825>
59.3245 seconds
Tested. Sparse categorical accuracy: 51.00

round 41, metrics=<sparse_categorical_accuracy=0.9984999895095825,loss=0.004168662708252668>
48.5460 seconds
Tested. Sparse categorical accuracy: 35.00

round 42, metrics=<sparse_categorical_accuracy=0.9985222220420837,loss=0.004011739976704121>
57.8962 seconds
Tested. Sparse categorical accuracy: 62.00

round 43, metrics=<sparse_categorical_accuracy=0.9984889030456543,loss=0.00402259873226285>
50.9891 seconds
Tested. Sparse categorical accuracy: 59.00

round 44, metrics=<sparse_categorical_accuracy=0.9986888766288757,loss=0.003717701183632016>
55.9705 seconds
Tested. Sparse categorical accuracy: 66.00

round 45, metrics=<sparse_categorical_accuracy=0.9991222023963928,loss=0.0028043249621987343>
47.9183 seconds
Tested. Sparse categorical accuracy: 71.00

round 46, metrics=<sparse_categorical_accuracy=0.9992222189903259,loss=0.0026285022031515837>
57.0744 seconds
Tested. Sparse categorical accuracy: 72.00

round 47, metrics=<sparse_categorical_accuracy=0.9990222454071045,loss=0.00293110148049891>
47.9137 seconds
Tested. Sparse categorical accuracy: 65.00

round 48, metrics=<sparse_categorical_accuracy=0.9989444613456726,loss=0.003163157729431987>
55.8383 seconds
Tested. Sparse categorical accuracy: 53.00

round 49, metrics=<sparse_categorical_accuracy=0.9984222054481506,loss=0.003924285527318716>
48.4523 seconds
Tested. Sparse categorical accuracy: 56.00

round 50, metrics=<sparse_categorical_accuracy=0.9986444711685181,loss=0.004255602136254311>
58.1886 seconds
Tested. Sparse categorical accuracy: 55.00

round 51, metrics=<sparse_categorical_accuracy=0.9986222386360168,loss=0.006747760809957981>
47.9230 seconds
Tested. Sparse categorical accuracy: 78.00

round 52, metrics=<sparse_categorical_accuracy=0.9992555379867554,loss=0.003050389001145959>
58.2203 seconds
Tested. Sparse categorical accuracy: 78.00

round 53, metrics=<sparse_categorical_accuracy=0.9991000294685364,loss=0.002821235917508602>
48.9134 seconds
Tested. Sparse categorical accuracy: 74.00

round 54, metrics=<sparse_categorical_accuracy=0.9990666508674622,loss=0.0027127445209771395>
57.9126 seconds
Tested. Sparse categorical accuracy: 70.00

round 55, metrics=<sparse_categorical_accuracy=0.9992333054542542,loss=0.0024189199320971966>
46.8052 seconds
Tested. Sparse categorical accuracy: 76.00

round 56, metrics=<sparse_categorical_accuracy=0.9993444681167603,loss=0.00230593653395772>
57.5653 seconds
Tested. Sparse categorical accuracy: 76.00

round 57, metrics=<sparse_categorical_accuracy=0.9991000294685364,loss=0.0027676986064761877>
48.8873 seconds
Tested. Sparse categorical accuracy: 52.00

round 58, metrics=<sparse_categorical_accuracy=0.9987666606903076,loss=0.003447669791057706>
56.1122 seconds
Tested. Sparse categorical accuracy: 63.00

round 59, metrics=<sparse_categorical_accuracy=0.9990333318710327,loss=0.002832524012774229>
49.2425 seconds
Tested. Sparse categorical accuracy: 47.00

round 60, metrics=<sparse_categorical_accuracy=0.9984222054481506,loss=0.0044936565682291985>
57.4125 seconds
Tested. Sparse categorical accuracy: 51.00

round 61, metrics=<sparse_categorical_accuracy=0.9985555410385132,loss=0.005810342263430357>
58.8939 seconds
Tested. Sparse categorical accuracy: 75.00

round 62, metrics=<sparse_categorical_accuracy=0.9988222122192383,loss=0.004003554582595825>
57.6405 seconds
Tested. Sparse categorical accuracy: 80.00

round 63, metrics=<sparse_categorical_accuracy=0.9991666674613953,loss=0.002838288201019168>
47.6063 seconds
Tested. Sparse categorical accuracy: 82.00

round 64, metrics=<sparse_categorical_accuracy=0.9992555379867554,loss=0.0024070823565125465>
56.9512 seconds
Tested. Sparse categorical accuracy: 72.00

round 65, metrics=<sparse_categorical_accuracy=0.9993555545806885,loss=0.0020154083613306284>
47.6378 seconds
Tested. Sparse categorical accuracy: 83.00

round 66, metrics=<sparse_categorical_accuracy=0.9995666742324829,loss=0.0017368270782753825>
56.2122 seconds
Tested. Sparse categorical accuracy: 69.00

round 67, metrics=<sparse_categorical_accuracy=0.999155580997467,loss=0.002429445507004857>
48.1637 seconds
Tested. Sparse categorical accuracy: 69.00

round 68, metrics=<sparse_categorical_accuracy=0.9992111325263977,loss=0.0031419196166098118>
59.0061 seconds
Tested. Sparse categorical accuracy: 75.00

round 69, metrics=<sparse_categorical_accuracy=0.9988889098167419,loss=0.0034395530819892883>
47.0220 seconds
Tested. Sparse categorical accuracy: 70.00

round 70, metrics=<sparse_categorical_accuracy=0.9991666674613953,loss=0.0023774122819304466>
57.2641 seconds
Tested. Sparse categorical accuracy: 82.00

round 71, metrics=<sparse_categorical_accuracy=0.9992333054542542,loss=0.0022252986673265696>
48.2548 seconds
Tested. Sparse categorical accuracy: 82.00

round 72, metrics=<sparse_categorical_accuracy=0.999322235584259,loss=0.0022739185951650143>
61.1355 seconds
Tested. Sparse categorical accuracy: 75.00

round 73, metrics=<sparse_categorical_accuracy=0.9993777871131897,loss=0.0018144473433494568>
49.8335 seconds
Tested. Sparse categorical accuracy: 83.00

round 74, metrics=<sparse_categorical_accuracy=0.9994000196456909,loss=0.001883160206489265>
56.4540 seconds
Tested. Sparse categorical accuracy: 73.00

round 75, metrics=<sparse_categorical_accuracy=0.999488890171051,loss=0.001627388526685536>
47.4021 seconds
Tested. Sparse categorical accuracy: 88.00

round 76, metrics=<sparse_categorical_accuracy=0.999488890171051,loss=0.0017644185572862625>
58.3311 seconds
Tested. Sparse categorical accuracy: 85.00

round 77, metrics=<sparse_categorical_accuracy=0.9995555281639099,loss=0.0016035237349569798>
57.4386 seconds
Tested. Sparse categorical accuracy: 77.00

round 78, metrics=<sparse_categorical_accuracy=0.9995333552360535,loss=0.0015179073670879006>
58.1835 seconds
Tested. Sparse categorical accuracy: 83.00

round 79, metrics=<sparse_categorical_accuracy=0.9995666742324829,loss=0.001486157882027328>
47.8409 seconds
Tested. Sparse categorical accuracy: 73.00

round 80, metrics=<sparse_categorical_accuracy=0.9991777539253235,loss=0.002415202558040619>
57.6569 seconds
Tested. Sparse categorical accuracy: 76.00

round 81, metrics=<sparse_categorical_accuracy=0.9990555644035339,loss=0.0033377918880432844>
48.5265 seconds
Tested. Sparse categorical accuracy: 62.00

round 82, metrics=<sparse_categorical_accuracy=0.9986666440963745,loss=0.0036880054976791143>
56.7842 seconds
Tested. Sparse categorical accuracy: 76.00

round 83, metrics=<sparse_categorical_accuracy=0.9992666840553284,loss=0.00240509957075119>
56.6361 seconds
Tested. Sparse categorical accuracy: 76.00

round 84, metrics=<sparse_categorical_accuracy=0.9990000128746033,loss=0.003018214600160718>
59.9546 seconds
Tested. Sparse categorical accuracy: 85.00

round 85, metrics=<sparse_categorical_accuracy=0.9994333386421204,loss=0.0021299589425325394>
47.9505 seconds
Tested. Sparse categorical accuracy: 83.00

round 86, metrics=<sparse_categorical_accuracy=0.9996111392974854,loss=0.0015176677843555808>
56.2308 seconds
Tested. Sparse categorical accuracy: 81.00

round 87, metrics=<sparse_categorical_accuracy=0.9994778037071228,loss=0.0016664406284689903>
48.6946 seconds
Tested. Sparse categorical accuracy: 77.00

round 88, metrics=<sparse_categorical_accuracy=0.9995444416999817,loss=0.00149498728569597>
59.9059 seconds
Tested. Sparse categorical accuracy: 85.00

round 89, metrics=<sparse_categorical_accuracy=0.9995999932289124,loss=0.0011846455745398998>
48.8387 seconds
Tested. Sparse categorical accuracy: 87.00

round 90, metrics=<sparse_categorical_accuracy=0.9994111061096191,loss=0.0015742648392915726>
58.3189 seconds
Tested. Sparse categorical accuracy: 84.00

round 91, metrics=<sparse_categorical_accuracy=0.9992889165878296,loss=0.002240833593532443>
47.4257 seconds
Tested. Sparse categorical accuracy: 75.00

round 92, metrics=<sparse_categorical_accuracy=0.9992555379867554,loss=0.0017986558377742767>
56.9797 seconds
Tested. Sparse categorical accuracy: 76.00

round 93, metrics=<sparse_categorical_accuracy=0.9994666576385498,loss=0.0017994135851040483>
48.9825 seconds
Tested. Sparse categorical accuracy: 79.00

round 94, metrics=<sparse_categorical_accuracy=0.9993444681167603,loss=0.0020032371394336224>
57.4192 seconds
Tested. Sparse categorical accuracy: 87.00

round 95, metrics=<sparse_categorical_accuracy=0.9996777772903442,loss=0.0010983890388160944>
48.5141 seconds
Tested. Sparse categorical accuracy: 89.00

round 96, metrics=<sparse_categorical_accuracy=0.9995222091674805,loss=0.0013665712904185057>
58.7966 seconds
Tested. Sparse categorical accuracy: 85.00

round 97, metrics=<sparse_categorical_accuracy=0.9994333386421204,loss=0.0017641482409089804>
48.4307 seconds
Tested. Sparse categorical accuracy: 80.00

round 98, metrics=<sparse_categorical_accuracy=0.9994333386421204,loss=0.0016981579829007387>
56.4281 seconds
Tested. Sparse categorical accuracy: 89.00

round 99, metrics=<sparse_categorical_accuracy=0.9997333288192749,loss=0.0011127979960292578>
55.0381 seconds
Tested. Sparse categorical accuracy: 83.00

round 100, metrics=<sparse_categorical_accuracy=0.9995777606964111,loss=0.0014477897202596068>
57.2017 seconds
Tested. Sparse categorical accuracy: 88.00

round 101, metrics=<sparse_categorical_accuracy=0.9993666410446167,loss=0.0015823503490537405>
47.4914 seconds
Tested. Sparse categorical accuracy: 75.00

round 102, metrics=<sparse_categorical_accuracy=0.999488890171051,loss=0.0015515333507210016>
55.7920 seconds
Tested. Sparse categorical accuracy: 82.00

round 103, metrics=<sparse_categorical_accuracy=0.9993888735771179,loss=0.0018401772249490023>
47.9108 seconds
Tested. Sparse categorical accuracy: 77.00

round 104, metrics=<sparse_categorical_accuracy=0.9994221925735474,loss=0.001941876020282507>
58.5409 seconds
Tested. Sparse categorical accuracy: 86.00

round 105, metrics=<sparse_categorical_accuracy=0.9994999766349792,loss=0.0016301191644743085>
49.2314 seconds
Tested. Sparse categorical accuracy: 84.00

round 106, metrics=<sparse_categorical_accuracy=0.9996111392974854,loss=0.001123235560953617>
57.6348 seconds
Tested. Sparse categorical accuracy: 90.00

round 107, metrics=<sparse_categorical_accuracy=0.9995889067649841,loss=0.0013760053552687168>
48.2499 seconds
Tested. Sparse categorical accuracy: 90.00

round 108, metrics=<sparse_categorical_accuracy=0.9996444582939148,loss=0.0012002413859590888>
57.7752 seconds
Tested. Sparse categorical accuracy: 87.00

round 109, metrics=<sparse_categorical_accuracy=0.9997666478157043,loss=0.0008483321289531887>
48.0424 seconds
Tested. Sparse categorical accuracy: 88.00

round 110, metrics=<sparse_categorical_accuracy=0.9996444582939148,loss=0.0011694635031744838>
58.1518 seconds
Tested. Sparse categorical accuracy: 87.00

round 111, metrics=<sparse_categorical_accuracy=0.999666690826416,loss=0.000986654544249177>
47.9540 seconds
Tested. Sparse categorical accuracy: 85.00

round 112, metrics=<sparse_categorical_accuracy=0.9996111392974854,loss=0.0011043068952858448>
57.7347 seconds
Tested. Sparse categorical accuracy: 93.00

round 113, metrics=<sparse_categorical_accuracy=0.9997333288192749,loss=0.0010023548966273665>
48.0609 seconds
Tested. Sparse categorical accuracy: 94.00

round 114, metrics=<sparse_categorical_accuracy=0.9996888637542725,loss=0.0010923530207946897>
57.6185 seconds
Tested. Sparse categorical accuracy: 86.00

round 115, metrics=<sparse_categorical_accuracy=0.9996444582939148,loss=0.0010314763057976961>
48.1018 seconds
Tested. Sparse categorical accuracy: 97.00

round 116, metrics=<sparse_categorical_accuracy=0.9997444152832031,loss=0.0008767120307311416>
55.7720 seconds
Tested. Sparse categorical accuracy: 92.00

round 117, metrics=<sparse_categorical_accuracy=0.9996444582939148,loss=0.0010883609065786004>
48.1127 seconds
Tested. Sparse categorical accuracy: 94.00

round 118, metrics=<sparse_categorical_accuracy=0.9995999932289124,loss=0.0011038377415388823>
59.0708 seconds
Tested. Sparse categorical accuracy: 84.00

round 119, metrics=<sparse_categorical_accuracy=0.9997222423553467,loss=0.0012058238498866558>
55.0982 seconds
Tested. Sparse categorical accuracy: 79.00

round 120, metrics=<sparse_categorical_accuracy=0.9993666410446167,loss=0.0017291520489379764>
59.5707 seconds
Tested. Sparse categorical accuracy: 74.00

round 121, metrics=<sparse_categorical_accuracy=0.9988889098167419,loss=0.00433760741725564>
48.2708 seconds
Tested. Sparse categorical accuracy: 66.00

round 122, metrics=<sparse_categorical_accuracy=0.9986444711685181,loss=0.004979386925697327>
60.1029 seconds
Tested. Sparse categorical accuracy: 60.00

round 123, metrics=<sparse_categorical_accuracy=0.9982110857963562,loss=0.00779968174174428>
48.7039 seconds
Tested. Sparse categorical accuracy: 56.00

round 124, metrics=<sparse_categorical_accuracy=0.9984889030456543,loss=0.0036485418677330017>
58.2014 seconds
Tested. Sparse categorical accuracy: 94.00

round 125, metrics=<sparse_categorical_accuracy=0.999666690826416,loss=0.0018363278359174728>
48.9196 seconds
Tested. Sparse categorical accuracy: 82.00

round 126, metrics=<sparse_categorical_accuracy=0.9995444416999817,loss=0.0016920571215450764>
56.7573 seconds
Tested. Sparse categorical accuracy: 91.00

round 127, metrics=<sparse_categorical_accuracy=0.9995666742324829,loss=0.001446093781851232>
47.5946 seconds
Tested. Sparse categorical accuracy: 88.00

round 128, metrics=<sparse_categorical_accuracy=0.9997444152832031,loss=0.001077821827493608>
58.6419 seconds
Tested. Sparse categorical accuracy: 90.00

round 129, metrics=<sparse_categorical_accuracy=0.9996888637542725,loss=0.0009979002643376589>
48.5542 seconds
Tested. Sparse categorical accuracy: 89.00

round 130, metrics=<sparse_categorical_accuracy=0.999488890171051,loss=0.0012802990386262536>
57.5859 seconds
Tested. Sparse categorical accuracy: 87.00

round 131, metrics=<sparse_categorical_accuracy=0.9997110962867737,loss=0.001096860272809863>
47.5195 seconds
Tested. Sparse categorical accuracy: 90.00

round 132, metrics=<sparse_categorical_accuracy=0.9996444582939148,loss=0.00117375364061445>
57.1191 seconds
Tested. Sparse categorical accuracy: 96.00

round 133, metrics=<sparse_categorical_accuracy=0.999655544757843,loss=0.0012305926065891981>
48.3066 seconds
Tested. Sparse categorical accuracy: 87.00

round 134, metrics=<sparse_categorical_accuracy=0.9996777772903442,loss=0.0011046830331906676>
58.3352 seconds
Tested. Sparse categorical accuracy: 90.00

round 135, metrics=<sparse_categorical_accuracy=0.9997666478157043,loss=0.0009542875341139734>
48.7873 seconds
Tested. Sparse categorical accuracy: 94.00

round 136, metrics=<sparse_categorical_accuracy=0.9996888637542725,loss=0.0008463666308671236>
57.2528 seconds
Tested. Sparse categorical accuracy: 92.00

round 137, metrics=<sparse_categorical_accuracy=0.999666690826416,loss=0.001083766808733344>
48.7280 seconds
Tested. Sparse categorical accuracy: 87.00

round 138, metrics=<sparse_categorical_accuracy=0.9997666478157043,loss=0.0009122818592004478>
56.3405 seconds
Tested. Sparse categorical accuracy: 87.00

round 139, metrics=<sparse_categorical_accuracy=0.9997888803482056,loss=0.0009371438063681126>
47.8066 seconds
Tested. Sparse categorical accuracy: 90.00

round 140, metrics=<sparse_categorical_accuracy=0.9996333122253418,loss=0.0012684313114732504>
59.6497 seconds
Tested. Sparse categorical accuracy: 86.00

round 141, metrics=<sparse_categorical_accuracy=0.999655544757843,loss=0.0010152447503060102>
48.2158 seconds
Tested. Sparse categorical accuracy: 83.00

round 142, metrics=<sparse_categorical_accuracy=0.9995222091674805,loss=0.0014869635924696922>
57.3851 seconds
Tested. Sparse categorical accuracy: 89.00

round 143, metrics=<sparse_categorical_accuracy=0.9995333552360535,loss=0.0015113549306988716>
58.1669 seconds
Tested. Sparse categorical accuracy: 90.00

round 144, metrics=<sparse_categorical_accuracy=0.9994999766349792,loss=0.0014968625036999583>
58.2971 seconds
Tested. Sparse categorical accuracy: 84.00

round 145, metrics=<sparse_categorical_accuracy=0.999655544757843,loss=0.0010573990875855088>
56.3511 seconds
Tested. Sparse categorical accuracy: 87.00

round 146, metrics=<sparse_categorical_accuracy=0.9997777938842773,loss=0.001026317710056901>
47.9582 seconds
Tested. Sparse categorical accuracy: 87.00

round 147, metrics=<sparse_categorical_accuracy=0.9996444582939148,loss=0.0011290007969364524>
58.7434 seconds
Tested. Sparse categorical accuracy: 85.00

round 148, metrics=<sparse_categorical_accuracy=0.9998111128807068,loss=0.0007554329931735992>
47.6490 seconds
Tested. Sparse categorical accuracy: 92.00

round 149, metrics=<sparse_categorical_accuracy=0.999666690826416,loss=0.0008426388376392424>
57.0328 seconds
Tested. Sparse categorical accuracy: 94.00

round 150, metrics=<sparse_categorical_accuracy=0.9996222257614136,loss=0.0012331013567745686>
47.6579 seconds
Tested. Sparse categorical accuracy: 94.00

round 151, metrics=<sparse_categorical_accuracy=0.9996333122253418,loss=0.0011152965016663074>
58.2247 seconds
Tested. Sparse categorical accuracy: 93.00

round 152, metrics=<sparse_categorical_accuracy=0.9997000098228455,loss=0.0010135608026757836>
48.3768 seconds
Tested. Sparse categorical accuracy: 95.00

round 153, metrics=<sparse_categorical_accuracy=0.9997000098228455,loss=0.0010582200484350324>
57.9303 seconds
Tested. Sparse categorical accuracy: 89.00

round 154, metrics=<sparse_categorical_accuracy=0.9997555613517761,loss=0.0007629740284755826>
47.9226 seconds
Tested. Sparse categorical accuracy: 89.00

round 155, metrics=<sparse_categorical_accuracy=0.999655544757843,loss=0.001052596839144826>
58.1676 seconds
Tested. Sparse categorical accuracy: 93.00

round 156, metrics=<sparse_categorical_accuracy=0.9997222423553467,loss=0.0007360833114944398>
48.3448 seconds
Tested. Sparse categorical accuracy: 88.00

round 157, metrics=<sparse_categorical_accuracy=0.9997333288192749,loss=0.0008655225392431021>
60.0946 seconds
Tested. Sparse categorical accuracy: 87.00

round 158, metrics=<sparse_categorical_accuracy=0.9998111128807068,loss=0.0006777127273380756>
55.8921 seconds
Tested. Sparse categorical accuracy: 92.00

round 159, metrics=<sparse_categorical_accuracy=0.999822199344635,loss=0.0006872513913549483>
58.3859 seconds
Tested. Sparse categorical accuracy: 93.00

round 160, metrics=<sparse_categorical_accuracy=0.9996444582939148,loss=0.0010206537554040551>
48.6612 seconds
Tested. Sparse categorical accuracy: 90.00

round 161, metrics=<sparse_categorical_accuracy=0.999655544757843,loss=0.0009909962536767125>
59.0474 seconds
Tested. Sparse categorical accuracy: 92.00

round 162, metrics=<sparse_categorical_accuracy=0.9997555613517761,loss=0.0009009253699332476>
48.3763 seconds
Tested. Sparse categorical accuracy: 92.00

round 163, metrics=<sparse_categorical_accuracy=0.9997555613517761,loss=0.000809494114946574>
57.3972 seconds
Tested. Sparse categorical accuracy: 95.00

round 164, metrics=<sparse_categorical_accuracy=0.999822199344635,loss=0.0005913782515563071>
48.9446 seconds
Tested. Sparse categorical accuracy: 97.00

round 165, metrics=<sparse_categorical_accuracy=0.9997555613517761,loss=0.0007642649579793215>
57.7385 seconds
Tested. Sparse categorical accuracy: 93.00

round 166, metrics=<sparse_categorical_accuracy=0.999822199344635,loss=0.0006617027102038264>
50.4542 seconds
Tested. Sparse categorical accuracy: 96.00

round 167, metrics=<sparse_categorical_accuracy=0.9997444152832031,loss=0.000717099173925817>
58.8240 seconds
Tested. Sparse categorical accuracy: 90.00

round 168, metrics=<sparse_categorical_accuracy=0.9997444152832031,loss=0.0007193589699454606>
47.7056 seconds
Tested. Sparse categorical accuracy: 90.00

round 169, metrics=<sparse_categorical_accuracy=0.9997444152832031,loss=0.0007235570228658617>
57.3251 seconds
Tested. Sparse categorical accuracy: 94.00

round 170, metrics=<sparse_categorical_accuracy=0.9997000098228455,loss=0.001060003531165421>
48.5604 seconds
Tested. Sparse categorical accuracy: 92.00

round 171, metrics=<sparse_categorical_accuracy=0.9996222257614136,loss=0.0012523767072707415>
57.9125 seconds
Tested. Sparse categorical accuracy: 79.00

round 172, metrics=<sparse_categorical_accuracy=0.9995111227035522,loss=0.0018880281131714582>
48.5953 seconds
Tested. Sparse categorical accuracy: 85.00

round 173, metrics=<sparse_categorical_accuracy=0.9994444251060486,loss=0.0015308812726289034>
57.6586 seconds
Tested. Sparse categorical accuracy: 86.00

round 174, metrics=<sparse_categorical_accuracy=0.9994555711746216,loss=0.0017661536112427711>
57.6774 seconds
Tested. Sparse categorical accuracy: 85.00

round 175, metrics=<sparse_categorical_accuracy=0.9996444582939148,loss=0.0011561693390831351>
57.7949 seconds
Tested. Sparse categorical accuracy: 90.00

round 176, metrics=<sparse_categorical_accuracy=0.9996888637542725,loss=0.0008504764991812408>
47.5166 seconds
Tested. Sparse categorical accuracy: 93.00

round 177, metrics=<sparse_categorical_accuracy=0.9997666478157043,loss=0.0008547546458430588>
59.1713 seconds
Tested. Sparse categorical accuracy: 94.00

round 178, metrics=<sparse_categorical_accuracy=0.9998000264167786,loss=0.0007096031913533807>
48.5516 seconds
Tested. Sparse categorical accuracy: 94.00

round 179, metrics=<sparse_categorical_accuracy=0.999833345413208,loss=0.0006684710388071835>
55.8380 seconds
Tested. Sparse categorical accuracy: 97.00

round 180, metrics=<sparse_categorical_accuracy=0.9997222423553467,loss=0.000819181848783046>
47.8110 seconds
Tested. Sparse categorical accuracy: 97.00

round 181, metrics=<sparse_categorical_accuracy=0.999822199344635,loss=0.0006506179342977703>
58.2043 seconds
Tested. Sparse categorical accuracy: 95.00

round 182, metrics=<sparse_categorical_accuracy=0.9998000264167786,loss=0.000744377903174609>
48.9340 seconds
Tested. Sparse categorical accuracy: 96.00

round 183, metrics=<sparse_categorical_accuracy=0.9997110962867737,loss=0.0009696040651760995>
59.5810 seconds
Tested. Sparse categorical accuracy: 93.00

round 184, metrics=<sparse_categorical_accuracy=0.9997444152832031,loss=0.0006995069561526179>
47.5613 seconds
Tested. Sparse categorical accuracy: 94.00

round 185, metrics=<sparse_categorical_accuracy=0.9998444318771362,loss=0.0005369559512473643>
55.9848 seconds
Tested. Sparse categorical accuracy: 95.00

round 186, metrics=<sparse_categorical_accuracy=0.9997555613517761,loss=0.0006602751673199236>
48.4969 seconds
Tested. Sparse categorical accuracy: 90.00

round 187, metrics=<sparse_categorical_accuracy=0.9997666478157043,loss=0.0007105844561010599>
56.1443 seconds
Tested. Sparse categorical accuracy: 88.00

round 188, metrics=<sparse_categorical_accuracy=0.9998000264167786,loss=0.0006029910291545093>
47.2203 seconds
Tested. Sparse categorical accuracy: 91.00

round 189, metrics=<sparse_categorical_accuracy=0.9997777938842773,loss=0.0007096242625266314>
58.7651 seconds
Tested. Sparse categorical accuracy: 94.00

round 190, metrics=<sparse_categorical_accuracy=0.9997333288192749,loss=0.0007544331019744277>
46.8985 seconds
Tested. Sparse categorical accuracy: 93.00

round 191, metrics=<sparse_categorical_accuracy=0.9998666644096375,loss=0.00047182926209643483>
55.3204 seconds
Tested. Sparse categorical accuracy: 92.00

round 192, metrics=<sparse_categorical_accuracy=0.9998000264167786,loss=0.0006850914796814322>
47.7214 seconds
Tested. Sparse categorical accuracy: 92.00

round 193, metrics=<sparse_categorical_accuracy=0.9997666478157043,loss=0.0008989630732685328>
57.3584 seconds
Tested. Sparse categorical accuracy: 89.00

round 194, metrics=<sparse_categorical_accuracy=0.999833345413208,loss=0.0007804215420037508>
58.5262 seconds
Tested. Sparse categorical accuracy: 94.00

round 195, metrics=<sparse_categorical_accuracy=0.9997888803482056,loss=0.0005979947745800018>
58.8758 seconds
Tested. Sparse categorical accuracy: 89.00

round 196, metrics=<sparse_categorical_accuracy=0.9997777938842773,loss=0.0007701333961449564>
47.6335 seconds
Tested. Sparse categorical accuracy: 89.00

round 197, metrics=<sparse_categorical_accuracy=0.9997222423553467,loss=0.000716787064447999>
56.4898 seconds
Tested. Sparse categorical accuracy: 91.00

round 198, metrics=<sparse_categorical_accuracy=0.999822199344635,loss=0.0005982710863463581>
47.7909 seconds
Tested. Sparse categorical accuracy: 91.00

round 199, metrics=<sparse_categorical_accuracy=0.999833345413208,loss=0.0004875343292951584>
58.0216 seconds
Tested. Sparse categorical accuracy: 91.00

round 200, metrics=<sparse_categorical_accuracy=0.9997333288192749,loss=0.0006549879908561707>
47.8962 seconds
Tested. Sparse categorical accuracy: 94.00

round 201, metrics=<sparse_categorical_accuracy=0.9997777938842773,loss=0.0007469494012184441>
57.6929 seconds
Tested. Sparse categorical accuracy: 89.00

round 202, metrics=<sparse_categorical_accuracy=0.9996777772903442,loss=0.000988172017969191>
47.7706 seconds
Tested. Sparse categorical accuracy: 79.00

round 203, metrics=<sparse_categorical_accuracy=0.9994778037071228,loss=0.0016863788478076458>
57.2496 seconds
Tested. Sparse categorical accuracy: 80.00

round 204, metrics=<sparse_categorical_accuracy=0.9993888735771179,loss=0.002542068250477314>
48.3514 seconds
Tested. Sparse categorical accuracy: 83.00

round 205, metrics=<sparse_categorical_accuracy=0.9994555711746216,loss=0.0021968127693980932>
57.4217 seconds
Tested. Sparse categorical accuracy: 89.00

round 206, metrics=<sparse_categorical_accuracy=0.9998444318771362,loss=0.0007107902783900499>
48.6100 seconds
Tested. Sparse categorical accuracy: 97.00

round 207, metrics=<sparse_categorical_accuracy=0.999833345413208,loss=0.0008093670476227999>
56.1228 seconds
Tested. Sparse categorical accuracy: 97.00

round 208, metrics=<sparse_categorical_accuracy=0.9998444318771362,loss=0.0005739632761105895>
48.1358 seconds
Tested. Sparse categorical accuracy: 97.00

round 209, metrics=<sparse_categorical_accuracy=0.9998999834060669,loss=0.0005333320586942136>
56.7315 seconds
Tested. Sparse categorical accuracy: 96.00

round 210, metrics=<sparse_categorical_accuracy=0.9997777938842773,loss=0.0007579135708510876>
47.6705 seconds
Tested. Sparse categorical accuracy: 94.00

round 211, metrics=<sparse_categorical_accuracy=0.9998666644096375,loss=0.0005340920761227608>
58.0314 seconds
Tested. Sparse categorical accuracy: 92.00

round 212, metrics=<sparse_categorical_accuracy=0.9998777508735657,loss=0.00043751203338615596>
59.8904 seconds
Tested. Sparse categorical accuracy: 95.00

round 213, metrics=<sparse_categorical_accuracy=0.9997666478157043,loss=0.0007842364721000195>
58.7166 seconds
Tested. Sparse categorical accuracy: 86.00

round 214, metrics=<sparse_categorical_accuracy=0.999822199344635,loss=0.0007597499643452466>
58.0136 seconds
Tested. Sparse categorical accuracy: 91.00

round 215, metrics=<sparse_categorical_accuracy=0.9997888803482056,loss=0.0006626496906392276>
48.3295 seconds
Tested. Sparse categorical accuracy: 97.00

round 216, metrics=<sparse_categorical_accuracy=0.999833345413208,loss=0.0005093496292829514>
56.4222 seconds
Tested. Sparse categorical accuracy: 92.00

round 217, metrics=<sparse_categorical_accuracy=0.9997888803482056,loss=0.0006651781150139868>
48.4707 seconds
Tested. Sparse categorical accuracy: 93.00

round 218, metrics=<sparse_categorical_accuracy=0.9997666478157043,loss=0.0006884175818413496>
58.5598 seconds
Tested. Sparse categorical accuracy: 93.00

round 219, metrics=<sparse_categorical_accuracy=0.9997666478157043,loss=0.0007172971963882446>
48.7805 seconds
Tested. Sparse categorical accuracy: 95.00

round 220, metrics=<sparse_categorical_accuracy=0.9997777938842773,loss=0.0006750449538230896>
57.9109 seconds
Tested. Sparse categorical accuracy: 90.00

round 221, metrics=<sparse_categorical_accuracy=0.9998444318771362,loss=0.0005936734960414469>
48.6484 seconds
Tested. Sparse categorical accuracy: 92.00

round 222, metrics=<sparse_categorical_accuracy=0.9997888803482056,loss=0.0006301196408458054>
57.8837 seconds
Tested. Sparse categorical accuracy: 91.00

round 223, metrics=<sparse_categorical_accuracy=0.9998000264167786,loss=0.0007784055196680129>
48.1031 seconds
Tested. Sparse categorical accuracy: 95.00

round 224, metrics=<sparse_categorical_accuracy=0.9998777508735657,loss=0.00045466626761481166>
57.7438 seconds
Tested. Sparse categorical accuracy: 96.00

round 225, metrics=<sparse_categorical_accuracy=0.9998777508735657,loss=0.0005226098583079875>
47.5707 seconds
Tested. Sparse categorical accuracy: 97.00

round 226, metrics=<sparse_categorical_accuracy=0.999822199344635,loss=0.0006305616116151214>
58.5682 seconds
Tested. Sparse categorical accuracy: 97.00

round 227, metrics=<sparse_categorical_accuracy=0.9998000264167786,loss=0.000548207841347903>
47.3074 seconds
Tested. Sparse categorical accuracy: 83.00

round 228, metrics=<sparse_categorical_accuracy=0.9998111128807068,loss=0.0005338366609066725>
58.5446 seconds
Tested. Sparse categorical accuracy: 97.00

round 229, metrics=<sparse_categorical_accuracy=0.9998999834060669,loss=0.00038759756716899574>
47.7428 seconds
Tested. Sparse categorical accuracy: 93.00

round 230, metrics=<sparse_categorical_accuracy=0.9997888803482056,loss=0.0006263926043175161>
57.8703 seconds
Tested. Sparse categorical accuracy: 97.00

round 231, metrics=<sparse_categorical_accuracy=0.999833345413208,loss=0.0005573464441113174>
47.9419 seconds
Tested. Sparse categorical accuracy: 93.00

round 232, metrics=<sparse_categorical_accuracy=0.9998555779457092,loss=0.00045840584789402783>
56.7022 seconds
Tested. Sparse categorical accuracy: 91.00

round 233, metrics=<sparse_categorical_accuracy=0.9998555779457092,loss=0.0004272136720828712>
50.1533 seconds
Tested. Sparse categorical accuracy: 95.00

round 234, metrics=<sparse_categorical_accuracy=0.999833345413208,loss=0.0004382516781333834>
58.0023 seconds
Tested. Sparse categorical accuracy: 94.00

round 235, metrics=<sparse_categorical_accuracy=0.999833345413208,loss=0.0006249853176996112>
50.2478 seconds
Tested. Sparse categorical accuracy: 94.00

round 236, metrics=<sparse_categorical_accuracy=0.999833345413208,loss=0.0005280600162222981>
57.9606 seconds
Tested. Sparse categorical accuracy: 93.00

round 237, metrics=<sparse_categorical_accuracy=0.9998444318771362,loss=0.0006017835694365203>
47.3675 seconds
Tested. Sparse categorical accuracy: 91.00

round 238, metrics=<sparse_categorical_accuracy=0.9998000264167786,loss=0.0005687634693458676>
56.2485 seconds
Tested. Sparse categorical accuracy: 95.00

round 239, metrics=<sparse_categorical_accuracy=0.9998666644096375,loss=0.0003820676647592336>
58.3804 seconds
Tested. Sparse categorical accuracy: 97.00

round 240, metrics=<sparse_categorical_accuracy=0.9997555613517761,loss=0.0006052806857042015>
59.0830 seconds
Tested. Sparse categorical accuracy: 87.00

round 241, metrics=<sparse_categorical_accuracy=0.9997777938842773,loss=0.000699364289175719>
47.3693 seconds
Tested. Sparse categorical accuracy: 86.00

round 242, metrics=<sparse_categorical_accuracy=0.9997110962867737,loss=0.0009201563661918044>
58.0405 seconds
Tested. Sparse categorical accuracy: 87.00

round 243, metrics=<sparse_categorical_accuracy=0.9997555613517761,loss=0.0008755867602303624>
48.6056 seconds
Tested. Sparse categorical accuracy: 90.00

round 244, metrics=<sparse_categorical_accuracy=0.999822199344635,loss=0.0006754811038263142>
57.7084 seconds
Tested. Sparse categorical accuracy: 92.00

round 245, metrics=<sparse_categorical_accuracy=0.9998000264167786,loss=0.0005967500619590282>
47.5228 seconds
Tested. Sparse categorical accuracy: 93.00

round 246, metrics=<sparse_categorical_accuracy=0.9998000264167786,loss=0.0006240326911211014>
59.3087 seconds
Tested. Sparse categorical accuracy: 96.00

round 247, metrics=<sparse_categorical_accuracy=0.9998000264167786,loss=0.0006402432918548584>
47.8283 seconds
Tested. Sparse categorical accuracy: 98.00

round 248, metrics=<sparse_categorical_accuracy=0.9998777508735657,loss=0.000505439005792141>
57.2061 seconds
Tested. Sparse categorical accuracy: 94.00

round 249, metrics=<sparse_categorical_accuracy=0.9998444318771362,loss=0.0005055965157225728>
48.6953 seconds
Tested. Sparse categorical accuracy: 90.00

round 250, metrics=<sparse_categorical_accuracy=0.9997888803482056,loss=0.0005933227948844433>
60.1630 seconds
Tested. Sparse categorical accuracy: 95.00

Target accuracy reached after  250  rounds
Average time per round: 53.00

2020-05-07 06:58:53.881708
