
TENSORFLOW USERS:
You must use the python3.6-anaconda/5.2.0 module to run TensorFlow.
See https://arc-ts.umich.edu/greatlakes/software/tensorflow for more
information.



The following have been reloaded with a version change:
  1) cuda/10.0.130 => cuda/10.1.105


Currently Loaded Modules:
  1) python3.7-anaconda/2019.07   2) cudnn/10.0-v7.6   3) cuda/10.1.105

 

mkdir: cannot create directory ‘results/5944196’: File exists
mkdir: cannot create directory ‘results/5944196/log’: File exists
Test  148
2020-05-05 16:00:43.847612


Schema 1: Each client partially IID
--------------------------------------------------
percent data distributed IID:  60
number of classes for non-IID data:  2
data points per client (mean, std dev): ( 600 ,  0 )
--------------------------------------------------

round  1, metrics=<sparse_categorical_accuracy=0.8309166431427002,loss=0.5356539487838745>
8.5191 seconds
Tested. Sparse categorical accuracy: 92.00

round  2, metrics=<sparse_categorical_accuracy=0.984333336353302,loss=0.05588929355144501>
8.2085 seconds
Tested. Sparse categorical accuracy: 96.00

round  3, metrics=<sparse_categorical_accuracy=0.984083354473114,loss=0.05666754022240639>
8.4552 seconds
Tested. Sparse categorical accuracy: 96.00

round  4, metrics=<sparse_categorical_accuracy=0.9902499914169312,loss=0.03763410076498985>
8.3727 seconds
Tested. Sparse categorical accuracy: 96.00

round  5, metrics=<sparse_categorical_accuracy=0.9929999709129333,loss=0.02571248821914196>
8.0995 seconds
Tested. Sparse categorical accuracy: 96.00

round  6, metrics=<sparse_categorical_accuracy=0.9931666851043701,loss=0.025987163186073303>
8.6759 seconds
Tested. Sparse categorical accuracy: 97.00

round  7, metrics=<sparse_categorical_accuracy=0.9954166412353516,loss=0.016667740419507027>
8.0864 seconds
Tested. Sparse categorical accuracy: 96.00

round  8, metrics=<sparse_categorical_accuracy=0.9927499890327454,loss=0.027873709797859192>
8.6672 seconds
Tested. Sparse categorical accuracy: 96.00

round  9, metrics=<sparse_categorical_accuracy=0.9951666593551636,loss=0.016207482665777206>
8.6566 seconds
Tested. Sparse categorical accuracy: 97.00

round 10, metrics=<sparse_categorical_accuracy=0.9933333396911621,loss=0.024199645966291428>
8.5291 seconds
Tested. Sparse categorical accuracy: 96.00

round 11, metrics=<sparse_categorical_accuracy=0.996833324432373,loss=0.012240514159202576>
8.3224 seconds
Tested. Sparse categorical accuracy: 98.00

round 12, metrics=<sparse_categorical_accuracy=0.9963333606719971,loss=0.017546767368912697>
8.3899 seconds
Tested. Sparse categorical accuracy: 98.00

round 13, metrics=<sparse_categorical_accuracy=0.996999979019165,loss=0.009225786663591862>
8.3838 seconds
Tested. Sparse categorical accuracy: 96.00

round 14, metrics=<sparse_categorical_accuracy=0.9960833191871643,loss=0.014504468068480492>
8.3786 seconds
Tested. Sparse categorical accuracy: 97.00

round 15, metrics=<sparse_categorical_accuracy=0.997083306312561,loss=0.012011921033263206>
8.4604 seconds
Tested. Sparse categorical accuracy: 98.00

round 16, metrics=<sparse_categorical_accuracy=0.9962499737739563,loss=0.013075020164251328>
8.5266 seconds
Tested. Sparse categorical accuracy: 99.00

Target accuracy reached after  16  rounds
Average time per round: 8.00

2020-05-05 16:03:08.159707
