
TENSORFLOW USERS:
You must use the python3.6-anaconda/5.2.0 module to run TensorFlow.
See https://arc-ts.umich.edu/greatlakes/software/tensorflow for more
information.



The following have been reloaded with a version change:
  1) cuda/10.0.130 => cuda/10.1.105


Currently Loaded Modules:
  1) python3.7-anaconda/2019.07   2) cudnn/10.0-v7.6   3) cuda/10.1.105

 

mkdir: cannot create directory ‘results/5944196’: File exists
mkdir: cannot create directory ‘results/5944196/log’: File exists
Test  39
2020-05-04 20:38:38.961262


Schema 1: Each client partially IID
--------------------------------------------------
percent data distributed IID:  100
number of classes for non-IID data:  2
data points per client (mean, std dev): ( 600 ,  0 )
--------------------------------------------------

round  1, metrics=<sparse_categorical_accuracy=0.8411111235618591,loss=0.4681769013404846>
41.1789 seconds
Tested. Sparse categorical accuracy: 98.00

round  2, metrics=<sparse_categorical_accuracy=0.9833999872207642,loss=0.05641710013151169>
39.6000 seconds
Tested. Sparse categorical accuracy: 94.00

round  3, metrics=<sparse_categorical_accuracy=0.9883888959884644,loss=0.04067390039563179>
40.8844 seconds
Tested. Sparse categorical accuracy: 96.00

round  4, metrics=<sparse_categorical_accuracy=0.9917888641357422,loss=0.030271630734205246>
40.1397 seconds
Tested. Sparse categorical accuracy: 99.00

Target accuracy reached after  4  rounds
Average time per round: 40.00

2020-05-04 20:41:28.253272
