
TENSORFLOW USERS:
You must use the python3.6-anaconda/5.2.0 module to run TensorFlow.
See https://arc-ts.umich.edu/greatlakes/software/tensorflow for more
information.



The following have been reloaded with a version change:
  1) cuda/10.0.130 => cuda/10.1.105


Currently Loaded Modules:
  1) python3.7-anaconda/2019.07   2) cudnn/10.0-v7.6   3) cuda/10.1.105

 

mkdir: cannot create directory ‘results/5944196’: File exists
mkdir: cannot create directory ‘results/5944196/log’: File exists
Test  169
2020-05-05 17:08:28.385812


Schema 1: Each client partially IID
--------------------------------------------------
percent data distributed IID:  0
number of classes for non-IID data:  2
data points per client (mean, std dev): ( 600 ,  0 )
--------------------------------------------------

round  1, metrics=<sparse_categorical_accuracy=0.996666669845581,loss=0.024913476780056953>
4.7515 seconds
Tested. Sparse categorical accuracy: 10.00

round  2, metrics=<sparse_categorical_accuracy=0.996666669845581,loss=0.03736341744661331>
4.5409 seconds
Tested. Sparse categorical accuracy: 11.00

round  3, metrics=<sparse_categorical_accuracy=0.996666669845581,loss=0.04317184537649155>
4.5367 seconds
Tested. Sparse categorical accuracy: 12.00

round  4, metrics=<sparse_categorical_accuracy=0.9983333349227905,loss=0.02560804784297943>
4.4739 seconds
Tested. Sparse categorical accuracy: 7.00

round  5, metrics=<sparse_categorical_accuracy=0.9900000095367432,loss=0.0373111218214035>
4.5607 seconds
Tested. Sparse categorical accuracy: 12.00

round  6, metrics=<sparse_categorical_accuracy=0.996666669845581,loss=0.030593229457736015>
4.5807 seconds
Tested. Sparse categorical accuracy: 8.00

round  7, metrics=<sparse_categorical_accuracy=0.996666669845581,loss=0.021761616691946983>
4.5630 seconds
Tested. Sparse categorical accuracy: 9.00

round  8, metrics=<sparse_categorical_accuracy=0.996666669845581,loss=0.029821909964084625>
4.6940 seconds
Tested. Sparse categorical accuracy: 11.00

round  9, metrics=<sparse_categorical_accuracy=0.996666669845581,loss=0.019411537796258926>
4.5396 seconds
Tested. Sparse categorical accuracy: 11.00

round 10, metrics=<sparse_categorical_accuracy=0.996666669845581,loss=0.014157809317111969>
4.6810 seconds
Tested. Sparse categorical accuracy: 8.00

round 11, metrics=<sparse_categorical_accuracy=0.996666669845581,loss=0.028538189828395844>
4.5615 seconds
Tested. Sparse categorical accuracy: 10.00

round 12, metrics=<sparse_categorical_accuracy=0.996666669845581,loss=0.055182576179504395>
4.6532 seconds
Tested. Sparse categorical accuracy: 13.00

round 13, metrics=<sparse_categorical_accuracy=0.9983333349227905,loss=0.01878545433282852>
4.5946 seconds
Tested. Sparse categorical accuracy: 12.00

round 14, metrics=<sparse_categorical_accuracy=0.996666669845581,loss=0.02744472585618496>
4.5428 seconds
Tested. Sparse categorical accuracy: 11.00

round 15, metrics=<sparse_categorical_accuracy=0.996666669845581,loss=0.019458571448922157>
4.5966 seconds
Tested. Sparse categorical accuracy: 8.00

round 16, metrics=<sparse_categorical_accuracy=0.996666669845581,loss=0.028252659365534782>
4.6195 seconds
Tested. Sparse categorical accuracy: 8.00

round 17, metrics=<sparse_categorical_accuracy=0.996666669845581,loss=0.02664240077137947>
4.5436 seconds
Tested. Sparse categorical accuracy: 9.00

round 18, metrics=<sparse_categorical_accuracy=0.996666669845581,loss=0.03940094634890556>
4.5417 seconds
Tested. Sparse categorical accuracy: 7.00

round 19, metrics=<sparse_categorical_accuracy=0.9950000047683716,loss=0.06292153894901276>
4.6193 seconds
Tested. Sparse categorical accuracy: 7.00

round 20, metrics=<sparse_categorical_accuracy=0.9983333349227905,loss=0.0141080217435956>
4.5459 seconds
Tested. Sparse categorical accuracy: 12.00

round 21, metrics=<sparse_categorical_accuracy=0.996666669845581,loss=0.017513127997517586>
4.5781 seconds
Tested. Sparse categorical accuracy: 16.00

round 22, metrics=<sparse_categorical_accuracy=0.9983333349227905,loss=0.023770149797201157>
4.6653 seconds
Tested. Sparse categorical accuracy: 13.00

round 23, metrics=<sparse_categorical_accuracy=0.996666669845581,loss=0.014894811436533928>
4.6237 seconds
Tested. Sparse categorical accuracy: 9.00

round 24, metrics=<sparse_categorical_accuracy=0.9983333349227905,loss=0.012719064950942993>
4.5836 seconds
Tested. Sparse categorical accuracy: 13.00

round 25, metrics=<sparse_categorical_accuracy=0.9983333349227905,loss=0.015998320654034615>
4.5594 seconds
Tested. Sparse categorical accuracy: 7.00

round 26, metrics=<sparse_categorical_accuracy=0.996666669845581,loss=0.016172727569937706>
4.5531 seconds
Tested. Sparse categorical accuracy: 12.00

round 27, metrics=<sparse_categorical_accuracy=0.996666669845581,loss=0.023461250588297844>
4.5096 seconds
Tested. Sparse categorical accuracy: 11.00

round 28, metrics=<sparse_categorical_accuracy=0.9950000047683716,loss=0.03584905341267586>
4.5608 seconds
Tested. Sparse categorical accuracy: 10.00

round 29, metrics=<sparse_categorical_accuracy=0.996666669845581,loss=0.015921635553240776>
4.6298 seconds
Tested. Sparse categorical accuracy: 13.00

round 30, metrics=<sparse_categorical_accuracy=0.996666669845581,loss=0.02865193597972393>
4.6402 seconds
Tested. Sparse categorical accuracy: 10.00

round 31, metrics=<sparse_categorical_accuracy=0.996666669845581,loss=0.017371468245983124>
4.5871 seconds
Tested. Sparse categorical accuracy: 9.00

round 32, metrics=<sparse_categorical_accuracy=0.996666669845581,loss=0.023900410160422325>
4.5770 seconds
Tested. Sparse categorical accuracy: 10.00

round 33, metrics=<sparse_categorical_accuracy=0.996666669845581,loss=0.03281746059656143>
4.5221 seconds
Tested. Sparse categorical accuracy: 12.00

round 34, metrics=<sparse_categorical_accuracy=0.996666669845581,loss=0.02053285762667656>
4.5886 seconds
Tested. Sparse categorical accuracy: 10.00

round 35, metrics=<sparse_categorical_accuracy=0.996666669845581,loss=0.019031984731554985>
4.5542 seconds
Tested. Sparse categorical accuracy: 5.00

round 36, metrics=<sparse_categorical_accuracy=0.996666669845581,loss=0.04792962223291397>
4.5477 seconds
Tested. Sparse categorical accuracy: 10.00

round 37, metrics=<sparse_categorical_accuracy=0.9950000047683716,loss=0.017598265781998634>
4.4936 seconds
Tested. Sparse categorical accuracy: 8.00

round 38, metrics=<sparse_categorical_accuracy=0.996666669845581,loss=0.0221603624522686>
4.5763 seconds
Tested. Sparse categorical accuracy: 7.00

round 39, metrics=<sparse_categorical_accuracy=0.996666669845581,loss=0.06259236484766006>
5.2308 seconds
Tested. Sparse categorical accuracy: 6.00

round 40, metrics=<sparse_categorical_accuracy=0.9950000047683716,loss=0.033356186002492905>
5.1056 seconds
Tested. Sparse categorical accuracy: 7.00

round 41, metrics=<sparse_categorical_accuracy=0.9928333163261414,loss=0.03229610621929169>
4.6156 seconds
Tested. Sparse categorical accuracy: 11.00

round 42, metrics=<sparse_categorical_accuracy=0.9983333349227905,loss=0.009997238405048847>
4.5539 seconds
Tested. Sparse categorical accuracy: 7.00

round 43, metrics=<sparse_categorical_accuracy=0.996666669845581,loss=0.012699340470135212>
4.5039 seconds
Tested. Sparse categorical accuracy: 10.00

round 44, metrics=<sparse_categorical_accuracy=0.996666669845581,loss=0.03604898974299431>
4.6456 seconds
Tested. Sparse categorical accuracy: 14.00

round 45, metrics=<sparse_categorical_accuracy=0.996666669845581,loss=0.022851338610053062>
4.6102 seconds
Tested. Sparse categorical accuracy: 19.00

round 46, metrics=<sparse_categorical_accuracy=0.9983333349227905,loss=0.009713790379464626>
4.6524 seconds
Tested. Sparse categorical accuracy: 9.00

round 47, metrics=<sparse_categorical_accuracy=0.996666669845581,loss=0.01226197462528944>
4.6685 seconds
Tested. Sparse categorical accuracy: 11.00

round 48, metrics=<sparse_categorical_accuracy=0.996666669845581,loss=0.02491326443850994>
4.5784 seconds
Tested. Sparse categorical accuracy: 10.00

round 49, metrics=<sparse_categorical_accuracy=0.9983333349227905,loss=0.018562566488981247>
4.6427 seconds
Tested. Sparse categorical accuracy: 9.00

round 50, metrics=<sparse_categorical_accuracy=0.996666669845581,loss=0.01832103542983532>
4.5698 seconds
Tested. Sparse categorical accuracy: 2.00

round 51, metrics=<sparse_categorical_accuracy=0.996666669845581,loss=0.02093355357646942>
4.5284 seconds
Tested. Sparse categorical accuracy: 13.00

round 52, metrics=<sparse_categorical_accuracy=0.996666669845581,loss=0.02403133362531662>
4.5195 seconds
Tested. Sparse categorical accuracy: 8.00

round 53, metrics=<sparse_categorical_accuracy=0.996666669845581,loss=0.026845360174775124>
4.6697 seconds
Tested. Sparse categorical accuracy: 11.00

round 54, metrics=<sparse_categorical_accuracy=0.9983333349227905,loss=0.01721312291920185>
4.5310 seconds
Tested. Sparse categorical accuracy: 11.00

round 55, metrics=<sparse_categorical_accuracy=0.9915000200271606,loss=0.03675750643014908>
4.6597 seconds
Tested. Sparse categorical accuracy: 9.00

round 56, metrics=<sparse_categorical_accuracy=0.996666669845581,loss=0.028303256258368492>
4.6306 seconds
Tested. Sparse categorical accuracy: 16.00

round 57, metrics=<sparse_categorical_accuracy=0.9965000152587891,loss=0.026080241426825523>
4.5205 seconds
Tested. Sparse categorical accuracy: 7.00

round 58, metrics=<sparse_categorical_accuracy=0.996666669845581,loss=0.029916910454630852>
4.5500 seconds
Tested. Sparse categorical accuracy: 7.00

round 59, metrics=<sparse_categorical_accuracy=0.996666669845581,loss=0.019949739798903465>
4.5320 seconds
Tested. Sparse categorical accuracy: 19.00

round 60, metrics=<sparse_categorical_accuracy=0.9973333477973938,loss=0.011499191634356976>
4.4217 seconds
Tested. Sparse categorical accuracy: 14.00

round 61, metrics=<sparse_categorical_accuracy=0.996666669845581,loss=0.02301860600709915>
4.5046 seconds
Tested. Sparse categorical accuracy: 10.00

round 62, metrics=<sparse_categorical_accuracy=0.996666669845581,loss=0.03543650731444359>
4.5872 seconds
Tested. Sparse categorical accuracy: 8.00

round 63, metrics=<sparse_categorical_accuracy=0.9983333349227905,loss=0.015639938414096832>
4.6638 seconds
Tested. Sparse categorical accuracy: 11.00

round 64, metrics=<sparse_categorical_accuracy=0.996666669845581,loss=0.02253151126205921>
4.7347 seconds
Tested. Sparse categorical accuracy: 11.00

round 65, metrics=<sparse_categorical_accuracy=0.996666669845581,loss=0.017875932157039642>
4.6246 seconds
Tested. Sparse categorical accuracy: 11.00

round 66, metrics=<sparse_categorical_accuracy=0.996666669845581,loss=0.0236571803689003>
4.5992 seconds
Tested. Sparse categorical accuracy: 11.00

round 67, metrics=<sparse_categorical_accuracy=0.996666669845581,loss=0.02412383444607258>
4.6133 seconds
Tested. Sparse categorical accuracy: 11.00

round 68, metrics=<sparse_categorical_accuracy=0.996666669845581,loss=0.024309325963258743>
4.6214 seconds
Tested. Sparse categorical accuracy: 11.00

round 69, metrics=<sparse_categorical_accuracy=0.996666669845581,loss=0.03463554009795189>
4.5638 seconds
Tested. Sparse categorical accuracy: 17.00

round 70, metrics=<sparse_categorical_accuracy=0.9978333115577698,loss=0.011354616843163967>
4.6318 seconds
Tested. Sparse categorical accuracy: 19.00

round 71, metrics=<sparse_categorical_accuracy=0.9973333477973938,loss=0.014576129615306854>
4.6089 seconds
Tested. Sparse categorical accuracy: 17.00

round 72, metrics=<sparse_categorical_accuracy=0.9983333349227905,loss=0.0186601672321558>
4.5367 seconds
Tested. Sparse categorical accuracy: 22.00

round 73, metrics=<sparse_categorical_accuracy=0.9983333349227905,loss=0.011794038116931915>
4.3540 seconds
Tested. Sparse categorical accuracy: 14.00

round 74, metrics=<sparse_categorical_accuracy=0.9978333115577698,loss=0.009820764884352684>
4.7173 seconds
Tested. Sparse categorical accuracy: 18.00

round 75, metrics=<sparse_categorical_accuracy=0.9983333349227905,loss=0.012125895358622074>
4.5678 seconds
Tested. Sparse categorical accuracy: 20.00

round 76, metrics=<sparse_categorical_accuracy=0.9965000152587891,loss=0.010806593112647533>
4.5346 seconds
Tested. Sparse categorical accuracy: 21.00

round 77, metrics=<sparse_categorical_accuracy=0.996999979019165,loss=0.012893988750874996>
4.6231 seconds
Tested. Sparse categorical accuracy: 26.00

round 78, metrics=<sparse_categorical_accuracy=0.9946666955947876,loss=0.03481128439307213>
4.5696 seconds
Tested. Sparse categorical accuracy: 21.00

round 79, metrics=<sparse_categorical_accuracy=0.996666669845581,loss=0.010757070034742355>
4.5360 seconds
Tested. Sparse categorical accuracy: 18.00

round 80, metrics=<sparse_categorical_accuracy=0.9965000152587891,loss=0.022449862211942673>
4.5336 seconds
Tested. Sparse categorical accuracy: 19.00

round 81, metrics=<sparse_categorical_accuracy=0.9973333477973938,loss=0.013582228682935238>
4.4726 seconds
Tested. Sparse categorical accuracy: 11.00

round 82, metrics=<sparse_categorical_accuracy=0.996666669845581,loss=0.013214088045060635>
4.4701 seconds
Tested. Sparse categorical accuracy: 22.00

round 83, metrics=<sparse_categorical_accuracy=0.9965000152587891,loss=0.01942761428654194>
4.5251 seconds
Tested. Sparse categorical accuracy: 34.00

round 84, metrics=<sparse_categorical_accuracy=0.996833324432373,loss=0.01139933243393898>
4.4920 seconds
Tested. Sparse categorical accuracy: 29.00

round 85, metrics=<sparse_categorical_accuracy=0.996666669845581,loss=0.01591036282479763>
4.5583 seconds
Tested. Sparse categorical accuracy: 7.00

round 86, metrics=<sparse_categorical_accuracy=0.996666669845581,loss=0.035549264401197433>
4.5494 seconds
Tested. Sparse categorical accuracy: 21.00

round 87, metrics=<sparse_categorical_accuracy=0.9983333349227905,loss=0.005341155454516411>
4.4578 seconds
Tested. Sparse categorical accuracy: 27.00

round 88, metrics=<sparse_categorical_accuracy=0.9965000152587891,loss=0.018909379839897156>
4.4638 seconds
Tested. Sparse categorical accuracy: 8.00

round 89, metrics=<sparse_categorical_accuracy=0.9963333606719971,loss=0.03477499261498451>
4.4880 seconds
Tested. Sparse categorical accuracy: 24.00

round 90, metrics=<sparse_categorical_accuracy=0.9978333115577698,loss=0.010460582561790943>
4.6386 seconds
Tested. Sparse categorical accuracy: 30.00

round 91, metrics=<sparse_categorical_accuracy=0.9955000281333923,loss=0.020252203568816185>
4.7269 seconds
Tested. Sparse categorical accuracy: 30.00

round 92, metrics=<sparse_categorical_accuracy=0.9990000128746033,loss=0.003029808634892106>
4.6102 seconds
Tested. Sparse categorical accuracy: 19.00

round 93, metrics=<sparse_categorical_accuracy=0.9980000257492065,loss=0.011202759109437466>
4.5872 seconds
Tested. Sparse categorical accuracy: 18.00

round 94, metrics=<sparse_categorical_accuracy=0.996666669845581,loss=0.02093416079878807>
4.5551 seconds
Tested. Sparse categorical accuracy: 29.00

round 95, metrics=<sparse_categorical_accuracy=0.9981666803359985,loss=0.0063671511597931385>
4.5850 seconds
Tested. Sparse categorical accuracy: 21.00

round 96, metrics=<sparse_categorical_accuracy=0.9978333115577698,loss=0.010064871050417423>
4.6955 seconds
Tested. Sparse categorical accuracy: 37.00

round 97, metrics=<sparse_categorical_accuracy=0.9981666803359985,loss=0.005738938692957163>
4.5588 seconds
Tested. Sparse categorical accuracy: 20.00

round 98, metrics=<sparse_categorical_accuracy=0.9975000023841858,loss=0.007566953077912331>
4.6056 seconds
Tested. Sparse categorical accuracy: 16.00

round 99, metrics=<sparse_categorical_accuracy=0.996999979019165,loss=0.012424447573721409>
4.6562 seconds
Tested. Sparse categorical accuracy: 24.00

round 100, metrics=<sparse_categorical_accuracy=0.996833324432373,loss=0.010126175358891487>
4.6245 seconds
Tested. Sparse categorical accuracy: 17.00

round 101, metrics=<sparse_categorical_accuracy=0.9965000152587891,loss=0.01313554123044014>
4.7423 seconds
Tested. Sparse categorical accuracy: 44.00

round 102, metrics=<sparse_categorical_accuracy=0.996666669845581,loss=0.013063246384263039>
4.5613 seconds
Tested. Sparse categorical accuracy: 22.00

round 103, metrics=<sparse_categorical_accuracy=0.996833324432373,loss=0.007604595739394426>
4.5800 seconds
Tested. Sparse categorical accuracy: 25.00

round 104, metrics=<sparse_categorical_accuracy=0.9991666674613953,loss=0.003441799897700548>
4.5577 seconds
Tested. Sparse categorical accuracy: 23.00

round 105, metrics=<sparse_categorical_accuracy=0.9965000152587891,loss=0.02312459796667099>
4.6652 seconds
Tested. Sparse categorical accuracy: 27.00

round 106, metrics=<sparse_categorical_accuracy=0.9973333477973938,loss=0.00914914533495903>
4.7362 seconds
Tested. Sparse categorical accuracy: 32.00

round 107, metrics=<sparse_categorical_accuracy=0.996833324432373,loss=0.014107284136116505>
4.8236 seconds
Tested. Sparse categorical accuracy: 26.00

round 108, metrics=<sparse_categorical_accuracy=0.996666669845581,loss=0.013973665423691273>
4.6984 seconds
Tested. Sparse categorical accuracy: 26.00

round 109, metrics=<sparse_categorical_accuracy=0.9976666569709778,loss=0.007321218028664589>
4.4505 seconds
Tested. Sparse categorical accuracy: 20.00

round 110, metrics=<sparse_categorical_accuracy=0.9983333349227905,loss=0.009470891207456589>
4.8732 seconds
Tested. Sparse categorical accuracy: 15.00

round 111, metrics=<sparse_categorical_accuracy=0.996833324432373,loss=0.010927138850092888>
4.5546 seconds
Tested. Sparse categorical accuracy: 33.00

round 112, metrics=<sparse_categorical_accuracy=0.9975000023841858,loss=0.010228997096419334>
4.5356 seconds
Tested. Sparse categorical accuracy: 25.00

round 113, metrics=<sparse_categorical_accuracy=0.9981666803359985,loss=0.006934395059943199>
4.5993 seconds
Tested. Sparse categorical accuracy: 33.00

round 114, metrics=<sparse_categorical_accuracy=0.996666669845581,loss=0.011452635750174522>
4.5947 seconds
Tested. Sparse categorical accuracy: 40.00

round 115, metrics=<sparse_categorical_accuracy=0.9988333582878113,loss=0.0038370105903595686>
4.5607 seconds
Tested. Sparse categorical accuracy: 34.00

round 116, metrics=<sparse_categorical_accuracy=0.9971666932106018,loss=0.009679689072072506>
4.5457 seconds
Tested. Sparse categorical accuracy: 38.00

round 117, metrics=<sparse_categorical_accuracy=0.996666669845581,loss=0.013210351578891277>
4.5792 seconds
Tested. Sparse categorical accuracy: 24.00

round 118, metrics=<sparse_categorical_accuracy=0.9965000152587891,loss=0.009943298064172268>
4.5808 seconds
Tested. Sparse categorical accuracy: 20.00

round 119, metrics=<sparse_categorical_accuracy=0.9961666464805603,loss=0.02234921231865883>
4.5326 seconds
Tested. Sparse categorical accuracy: 41.00

round 120, metrics=<sparse_categorical_accuracy=0.9981666803359985,loss=0.006007276009768248>
4.5939 seconds
Tested. Sparse categorical accuracy: 37.00

round 121, metrics=<sparse_categorical_accuracy=0.9981666803359985,loss=0.009070774540305138>
4.5555 seconds
Tested. Sparse categorical accuracy: 27.00

round 122, metrics=<sparse_categorical_accuracy=0.9981666803359985,loss=0.007157574873417616>
4.6676 seconds
Tested. Sparse categorical accuracy: 40.00

round 123, metrics=<sparse_categorical_accuracy=0.9984999895095825,loss=0.003525169799104333>
4.6243 seconds
Tested. Sparse categorical accuracy: 42.00

round 124, metrics=<sparse_categorical_accuracy=0.9984999895095825,loss=0.007402469404041767>
4.5731 seconds
Tested. Sparse categorical accuracy: 44.00

round 125, metrics=<sparse_categorical_accuracy=0.9984999895095825,loss=0.003958577290177345>
4.6417 seconds
Tested. Sparse categorical accuracy: 53.00

round 126, metrics=<sparse_categorical_accuracy=0.9981666803359985,loss=0.004765039309859276>
4.6849 seconds
Tested. Sparse categorical accuracy: 42.00

round 127, metrics=<sparse_categorical_accuracy=0.9981666803359985,loss=0.004458082839846611>
4.6079 seconds
Tested. Sparse categorical accuracy: 54.00

round 128, metrics=<sparse_categorical_accuracy=0.996666669845581,loss=0.012657775543630123>
4.5682 seconds
Tested. Sparse categorical accuracy: 61.00

round 129, metrics=<sparse_categorical_accuracy=0.9991666674613953,loss=0.0030624589417129755>
4.6187 seconds
Tested. Sparse categorical accuracy: 55.00

round 130, metrics=<sparse_categorical_accuracy=0.9975000023841858,loss=0.007204713299870491>
4.6321 seconds
Tested. Sparse categorical accuracy: 57.00

round 131, metrics=<sparse_categorical_accuracy=0.9983333349227905,loss=0.005788146518170834>
4.5922 seconds
Tested. Sparse categorical accuracy: 54.00

round 132, metrics=<sparse_categorical_accuracy=0.9994999766349792,loss=0.0027448120526969433>
4.5954 seconds
Tested. Sparse categorical accuracy: 64.00

round 133, metrics=<sparse_categorical_accuracy=0.996833324432373,loss=0.007693327032029629>
4.5819 seconds
Tested. Sparse categorical accuracy: 64.00

round 134, metrics=<sparse_categorical_accuracy=0.9993333220481873,loss=0.0022825459018349648>
4.5733 seconds
Tested. Sparse categorical accuracy: 58.00

round 135, metrics=<sparse_categorical_accuracy=0.9986666440963745,loss=0.002919590100646019>
4.5427 seconds
Tested. Sparse categorical accuracy: 21.00

round 136, metrics=<sparse_categorical_accuracy=0.9963333606719971,loss=0.033072132617235184>
4.6235 seconds
Tested. Sparse categorical accuracy: 42.00

round 137, metrics=<sparse_categorical_accuracy=0.999666690826416,loss=0.0014742935309186578>
4.6137 seconds
Tested. Sparse categorical accuracy: 25.00

round 138, metrics=<sparse_categorical_accuracy=0.9959999918937683,loss=0.02493017353117466>
4.7217 seconds
Tested. Sparse categorical accuracy: 10.00

round 139, metrics=<sparse_categorical_accuracy=0.996666669845581,loss=0.03633667156100273>
4.5858 seconds
Tested. Sparse categorical accuracy: 15.00

round 140, metrics=<sparse_categorical_accuracy=0.9965000152587891,loss=0.009680735878646374>
4.5568 seconds
Tested. Sparse categorical accuracy: 29.00

round 141, metrics=<sparse_categorical_accuracy=0.9961666464805603,loss=0.017931096255779266>
4.6973 seconds
Tested. Sparse categorical accuracy: 39.00

round 142, metrics=<sparse_categorical_accuracy=0.999666690826416,loss=0.0024941391311585903>
4.5473 seconds
Tested. Sparse categorical accuracy: 31.00

round 143, metrics=<sparse_categorical_accuracy=0.9981666803359985,loss=0.009003445506095886>
4.5644 seconds
Tested. Sparse categorical accuracy: 33.00

round 144, metrics=<sparse_categorical_accuracy=0.996666669845581,loss=0.015420154668390751>
4.6477 seconds
Tested. Sparse categorical accuracy: 42.00

round 145, metrics=<sparse_categorical_accuracy=0.9984999895095825,loss=0.0032908045686781406>
4.4540 seconds
Tested. Sparse categorical accuracy: 41.00

round 146, metrics=<sparse_categorical_accuracy=0.9976666569709778,loss=0.008852200582623482>
4.5314 seconds
Tested. Sparse categorical accuracy: 39.00

round 147, metrics=<sparse_categorical_accuracy=0.9991666674613953,loss=0.004475081339478493>
4.5430 seconds
Tested. Sparse categorical accuracy: 48.00

round 148, metrics=<sparse_categorical_accuracy=0.9981666803359985,loss=0.004223317839205265>
4.5727 seconds
Tested. Sparse categorical accuracy: 40.00

round 149, metrics=<sparse_categorical_accuracy=0.9978333115577698,loss=0.006913850083947182>
4.6575 seconds
Tested. Sparse categorical accuracy: 40.00

round 150, metrics=<sparse_categorical_accuracy=0.9973333477973938,loss=0.00538046658039093>
4.7360 seconds
Tested. Sparse categorical accuracy: 50.00

round 151, metrics=<sparse_categorical_accuracy=0.9975000023841858,loss=0.007281618192791939>
4.6974 seconds
Tested. Sparse categorical accuracy: 45.00

round 152, metrics=<sparse_categorical_accuracy=0.9978333115577698,loss=0.0076274084858596325>
4.6275 seconds
Tested. Sparse categorical accuracy: 44.00

round 153, metrics=<sparse_categorical_accuracy=0.9993333220481873,loss=0.002529173158109188>
4.6588 seconds
Tested. Sparse categorical accuracy: 47.00

round 154, metrics=<sparse_categorical_accuracy=0.999666690826416,loss=0.0010442265775054693>
4.6912 seconds
Tested. Sparse categorical accuracy: 34.00

round 155, metrics=<sparse_categorical_accuracy=0.996833324432373,loss=0.011747496202588081>
4.5882 seconds
Tested. Sparse categorical accuracy: 53.00

round 156, metrics=<sparse_categorical_accuracy=0.9990000128746033,loss=0.003677539760246873>
4.7063 seconds
Tested. Sparse categorical accuracy: 58.00

round 157, metrics=<sparse_categorical_accuracy=0.9975000023841858,loss=0.00939446035772562>
4.6001 seconds
Tested. Sparse categorical accuracy: 52.00

round 158, metrics=<sparse_categorical_accuracy=0.996999979019165,loss=0.009522994980216026>
4.5482 seconds
Tested. Sparse categorical accuracy: 42.00

round 159, metrics=<sparse_categorical_accuracy=0.9975000023841858,loss=0.0061507448554039>
4.6069 seconds
Tested. Sparse categorical accuracy: 56.00

round 160, metrics=<sparse_categorical_accuracy=0.9981666803359985,loss=0.005378622096031904>
4.5059 seconds
Tested. Sparse categorical accuracy: 57.00

round 161, metrics=<sparse_categorical_accuracy=0.9990000128746033,loss=0.002994874259456992>
4.6216 seconds
Tested. Sparse categorical accuracy: 44.00

round 162, metrics=<sparse_categorical_accuracy=0.9990000128746033,loss=0.0040741534903645515>
4.5557 seconds
Tested. Sparse categorical accuracy: 47.00

round 163, metrics=<sparse_categorical_accuracy=0.9994999766349792,loss=0.00184347212780267>
4.5926 seconds
Tested. Sparse categorical accuracy: 42.00

round 164, metrics=<sparse_categorical_accuracy=0.9984999895095825,loss=0.003996392711997032>
4.6011 seconds
Tested. Sparse categorical accuracy: 47.00

round 165, metrics=<sparse_categorical_accuracy=0.9991666674613953,loss=0.0036477134563028812>
4.5317 seconds
Tested. Sparse categorical accuracy: 51.00

round 166, metrics=<sparse_categorical_accuracy=0.9978333115577698,loss=0.006442174315452576>
4.5760 seconds
Tested. Sparse categorical accuracy: 52.00

round 167, metrics=<sparse_categorical_accuracy=0.9973333477973938,loss=0.009728847071528435>
4.5283 seconds
Tested. Sparse categorical accuracy: 67.00

round 168, metrics=<sparse_categorical_accuracy=0.9986666440963745,loss=0.004157803021371365>
4.5888 seconds
Tested. Sparse categorical accuracy: 50.00

round 169, metrics=<sparse_categorical_accuracy=0.9983333349227905,loss=0.005940491799265146>
4.6013 seconds
Tested. Sparse categorical accuracy: 53.00

round 170, metrics=<sparse_categorical_accuracy=0.9984999895095825,loss=0.005359098315238953>
4.4866 seconds
Tested. Sparse categorical accuracy: 66.00

round 171, metrics=<sparse_categorical_accuracy=0.9981666803359985,loss=0.006731762085109949>
4.6330 seconds
Tested. Sparse categorical accuracy: 61.00

round 172, metrics=<sparse_categorical_accuracy=0.9986666440963745,loss=0.004206973593682051>
4.5857 seconds
Tested. Sparse categorical accuracy: 57.00

round 173, metrics=<sparse_categorical_accuracy=0.9994999766349792,loss=0.001844011596404016>
4.5750 seconds
Tested. Sparse categorical accuracy: 45.00

round 174, metrics=<sparse_categorical_accuracy=0.9991666674613953,loss=0.003647396108135581>
4.4618 seconds
Tested. Sparse categorical accuracy: 72.00

round 175, metrics=<sparse_categorical_accuracy=0.999833345413208,loss=0.002298256615176797>
4.5804 seconds
Tested. Sparse categorical accuracy: 58.00

round 176, metrics=<sparse_categorical_accuracy=0.999666690826416,loss=0.0016650959150865674>
4.5726 seconds
Tested. Sparse categorical accuracy: 48.00

round 177, metrics=<sparse_categorical_accuracy=0.9976666569709778,loss=0.00763474078848958>
4.6510 seconds
Tested. Sparse categorical accuracy: 72.00

round 178, metrics=<sparse_categorical_accuracy=0.9984999895095825,loss=0.005653649568557739>
4.6625 seconds
Tested. Sparse categorical accuracy: 70.00

round 179, metrics=<sparse_categorical_accuracy=0.9991666674613953,loss=0.0021297098137438297>
4.9396 seconds
Tested. Sparse categorical accuracy: 76.00

round 180, metrics=<sparse_categorical_accuracy=0.9984999895095825,loss=0.006969799753278494>
4.6909 seconds
Tested. Sparse categorical accuracy: 69.00

round 181, metrics=<sparse_categorical_accuracy=0.999666690826416,loss=0.001714500249363482>
4.6197 seconds
Tested. Sparse categorical accuracy: 63.00

round 182, metrics=<sparse_categorical_accuracy=0.9990000128746033,loss=0.003273893380537629>
4.5895 seconds
Tested. Sparse categorical accuracy: 84.00

round 183, metrics=<sparse_categorical_accuracy=0.9980000257492065,loss=0.0056882561184465885>
4.5455 seconds
Tested. Sparse categorical accuracy: 76.00

round 184, metrics=<sparse_categorical_accuracy=0.9994999766349792,loss=0.002489926991984248>
4.5283 seconds
Tested. Sparse categorical accuracy: 69.00

round 185, metrics=<sparse_categorical_accuracy=0.9990000128746033,loss=0.0027853590436279774>
4.5379 seconds
Tested. Sparse categorical accuracy: 40.00

round 186, metrics=<sparse_categorical_accuracy=0.996833324432373,loss=0.014222053810954094>
4.5742 seconds
Tested. Sparse categorical accuracy: 48.00

round 187, metrics=<sparse_categorical_accuracy=0.9991666674613953,loss=0.0019267783500254154>
4.6462 seconds
Tested. Sparse categorical accuracy: 53.00

round 188, metrics=<sparse_categorical_accuracy=0.9959999918937683,loss=0.01888807862997055>
4.5471 seconds
Tested. Sparse categorical accuracy: 25.00

round 189, metrics=<sparse_categorical_accuracy=0.996666669845581,loss=0.02318013459444046>
4.6005 seconds
Tested. Sparse categorical accuracy: 59.00

round 190, metrics=<sparse_categorical_accuracy=0.9993333220481873,loss=0.0037846844643354416>
4.6511 seconds
Tested. Sparse categorical accuracy: 51.00

round 191, metrics=<sparse_categorical_accuracy=0.996999979019165,loss=0.013276413083076477>
4.5271 seconds
Tested. Sparse categorical accuracy: 65.00

round 192, metrics=<sparse_categorical_accuracy=1.0,loss=0.0013989998260512948>
4.5823 seconds
Tested. Sparse categorical accuracy: 37.00

round 193, metrics=<sparse_categorical_accuracy=0.9980000257492065,loss=0.008948135189712048>
4.5611 seconds
Tested. Sparse categorical accuracy: 44.00

round 194, metrics=<sparse_categorical_accuracy=0.9971666932106018,loss=0.011133283376693726>
4.5289 seconds
Tested. Sparse categorical accuracy: 53.00

round 195, metrics=<sparse_categorical_accuracy=0.9994999766349792,loss=0.002131038112565875>
4.5866 seconds
Tested. Sparse categorical accuracy: 63.00

round 196, metrics=<sparse_categorical_accuracy=0.9976666569709778,loss=0.0074584586545825005>
4.5348 seconds
Tested. Sparse categorical accuracy: 73.00

round 197, metrics=<sparse_categorical_accuracy=0.9994999766349792,loss=0.0032842736691236496>
4.7981 seconds
Tested. Sparse categorical accuracy: 53.00

round 198, metrics=<sparse_categorical_accuracy=0.9986666440963745,loss=0.003982943948358297>
4.5976 seconds
Tested. Sparse categorical accuracy: 57.00

round 199, metrics=<sparse_categorical_accuracy=0.9981666803359985,loss=0.006385006010532379>
4.6615 seconds
Tested. Sparse categorical accuracy: 64.00

round 200, metrics=<sparse_categorical_accuracy=0.9984999895095825,loss=0.005316193215548992>
4.5740 seconds
Tested. Sparse categorical accuracy: 63.00

round 201, metrics=<sparse_categorical_accuracy=0.9993333220481873,loss=0.002714300062507391>
4.5491 seconds
Tested. Sparse categorical accuracy: 51.00

round 202, metrics=<sparse_categorical_accuracy=0.9978333115577698,loss=0.00692406902089715>
4.7043 seconds
Tested. Sparse categorical accuracy: 52.00

round 203, metrics=<sparse_categorical_accuracy=0.999666690826416,loss=0.0015937226125970483>
4.5884 seconds
Tested. Sparse categorical accuracy: 62.00

round 204, metrics=<sparse_categorical_accuracy=0.999666690826416,loss=0.0010788923827931285>
4.7986 seconds
Tested. Sparse categorical accuracy: 57.00

round 205, metrics=<sparse_categorical_accuracy=0.9973333477973938,loss=0.00949341431260109>
4.5960 seconds
Tested. Sparse categorical accuracy: 60.00

round 206, metrics=<sparse_categorical_accuracy=0.9981666803359985,loss=0.005293138790875673>
4.7188 seconds
Tested. Sparse categorical accuracy: 59.00

round 207, metrics=<sparse_categorical_accuracy=0.9980000257492065,loss=0.005821268539875746>
4.5535 seconds
Tested. Sparse categorical accuracy: 66.00

round 208, metrics=<sparse_categorical_accuracy=0.9978333115577698,loss=0.009470880031585693>
4.5785 seconds
Tested. Sparse categorical accuracy: 70.00

round 209, metrics=<sparse_categorical_accuracy=0.9981666803359985,loss=0.0045391591265797615>
4.7224 seconds
Tested. Sparse categorical accuracy: 59.00

round 210, metrics=<sparse_categorical_accuracy=0.9981666803359985,loss=0.004760711453855038>
4.6910 seconds
Tested. Sparse categorical accuracy: 52.00

round 211, metrics=<sparse_categorical_accuracy=0.999666690826416,loss=0.0016462283674627542>
4.6848 seconds
Tested. Sparse categorical accuracy: 61.00

round 212, metrics=<sparse_categorical_accuracy=0.9993333220481873,loss=0.0026661548763513565>
4.7187 seconds
Tested. Sparse categorical accuracy: 55.00

round 213, metrics=<sparse_categorical_accuracy=1.0,loss=0.0008456659270450473>
4.6583 seconds
Tested. Sparse categorical accuracy: 54.00

round 214, metrics=<sparse_categorical_accuracy=0.9988333582878113,loss=0.004345649853348732>
4.6992 seconds
Tested. Sparse categorical accuracy: 68.00

round 215, metrics=<sparse_categorical_accuracy=0.999666690826416,loss=0.0008975169621407986>
4.5752 seconds
Tested. Sparse categorical accuracy: 72.00

round 216, metrics=<sparse_categorical_accuracy=0.9986666440963745,loss=0.0037295634392648935>
4.6285 seconds
Tested. Sparse categorical accuracy: 69.00

round 217, metrics=<sparse_categorical_accuracy=0.9991666674613953,loss=0.003420864697545767>
4.6002 seconds
Tested. Sparse categorical accuracy: 74.00

round 218, metrics=<sparse_categorical_accuracy=0.9984999895095825,loss=0.0037158336490392685>
4.5705 seconds
Tested. Sparse categorical accuracy: 68.00

round 219, metrics=<sparse_categorical_accuracy=0.9991666674613953,loss=0.002585577080026269>
4.4967 seconds
Tested. Sparse categorical accuracy: 73.00

round 220, metrics=<sparse_categorical_accuracy=0.9981666803359985,loss=0.005522463470697403>
4.6491 seconds
Tested. Sparse categorical accuracy: 68.00

round 221, metrics=<sparse_categorical_accuracy=0.9990000128746033,loss=0.0026653457898646593>
4.4904 seconds
Tested. Sparse categorical accuracy: 72.00

round 222, metrics=<sparse_categorical_accuracy=0.9988333582878113,loss=0.0028667026199400425>
4.5382 seconds
Tested. Sparse categorical accuracy: 69.00

round 223, metrics=<sparse_categorical_accuracy=0.999666690826416,loss=0.0014609768986701965>
4.5446 seconds
Tested. Sparse categorical accuracy: 67.00

round 224, metrics=<sparse_categorical_accuracy=0.9991666674613953,loss=0.003192000091075897>
4.5592 seconds
Tested. Sparse categorical accuracy: 64.00

round 225, metrics=<sparse_categorical_accuracy=0.9991666674613953,loss=0.0015553295379504561>
4.6159 seconds
Tested. Sparse categorical accuracy: 75.00

round 226, metrics=<sparse_categorical_accuracy=0.999666690826416,loss=0.0011063443962484598>
4.5633 seconds
Tested. Sparse categorical accuracy: 78.00

round 227, metrics=<sparse_categorical_accuracy=0.9988333582878113,loss=0.0028281258419156075>
4.8900 seconds
Tested. Sparse categorical accuracy: 81.00

round 228, metrics=<sparse_categorical_accuracy=0.9983333349227905,loss=0.005749501753598452>
4.7366 seconds
Tested. Sparse categorical accuracy: 78.00

round 229, metrics=<sparse_categorical_accuracy=0.999666690826416,loss=0.001850628643296659>
4.5691 seconds
Tested. Sparse categorical accuracy: 74.00

round 230, metrics=<sparse_categorical_accuracy=0.9983333349227905,loss=0.0041647255420684814>
4.5866 seconds
Tested. Sparse categorical accuracy: 71.00

round 231, metrics=<sparse_categorical_accuracy=0.9991666674613953,loss=0.0021268101409077644>
4.5841 seconds
Tested. Sparse categorical accuracy: 69.00

round 232, metrics=<sparse_categorical_accuracy=0.999833345413208,loss=0.0019115941831842065>
4.5783 seconds
Tested. Sparse categorical accuracy: 79.00

round 233, metrics=<sparse_categorical_accuracy=0.9984999895095825,loss=0.0037565231323242188>
4.6985 seconds
Tested. Sparse categorical accuracy: 76.00

round 234, metrics=<sparse_categorical_accuracy=0.9993333220481873,loss=0.0015365062281489372>
4.3847 seconds
Tested. Sparse categorical accuracy: 74.00

round 235, metrics=<sparse_categorical_accuracy=0.9988333582878113,loss=0.003277471521869302>
4.7248 seconds
Tested. Sparse categorical accuracy: 45.00

round 236, metrics=<sparse_categorical_accuracy=0.9980000257492065,loss=0.010275231674313545>
4.5983 seconds
Tested. Sparse categorical accuracy: 46.00

round 237, metrics=<sparse_categorical_accuracy=0.9993333220481873,loss=0.0020129645708948374>
4.6237 seconds
Tested. Sparse categorical accuracy: 71.00

round 238, metrics=<sparse_categorical_accuracy=0.996666669845581,loss=0.016656581312417984>
4.5590 seconds
Tested. Sparse categorical accuracy: 31.00

round 239, metrics=<sparse_categorical_accuracy=0.9976666569709778,loss=0.011983437463641167>
4.6204 seconds
Tested. Sparse categorical accuracy: 51.00

round 240, metrics=<sparse_categorical_accuracy=0.9993333220481873,loss=0.0030524060130119324>
4.5561 seconds
Tested. Sparse categorical accuracy: 57.00

round 241, metrics=<sparse_categorical_accuracy=0.9963333606719971,loss=0.010455426760017872>
4.5141 seconds
Tested. Sparse categorical accuracy: 62.00

round 242, metrics=<sparse_categorical_accuracy=0.9994999766349792,loss=0.0016728166956454515>
4.5122 seconds
Tested. Sparse categorical accuracy: 50.00

round 243, metrics=<sparse_categorical_accuracy=0.9976666569709778,loss=0.006572165992110968>
4.5529 seconds
Tested. Sparse categorical accuracy: 55.00

round 244, metrics=<sparse_categorical_accuracy=0.9973333477973938,loss=0.009089909493923187>
4.5594 seconds
Tested. Sparse categorical accuracy: 59.00

round 245, metrics=<sparse_categorical_accuracy=0.9993333220481873,loss=0.0019451822154223919>
4.5533 seconds
Tested. Sparse categorical accuracy: 67.00

round 246, metrics=<sparse_categorical_accuracy=0.9984999895095825,loss=0.005616459064185619>
4.5290 seconds
Tested. Sparse categorical accuracy: 65.00

round 247, metrics=<sparse_categorical_accuracy=0.9994999766349792,loss=0.001930197118781507>
4.4662 seconds
Tested. Sparse categorical accuracy: 61.00

round 248, metrics=<sparse_categorical_accuracy=0.9990000128746033,loss=0.003985704388469458>
4.5253 seconds
Tested. Sparse categorical accuracy: 70.00

round 249, metrics=<sparse_categorical_accuracy=0.9984999895095825,loss=0.0044779409654438496>
4.5622 seconds
Tested. Sparse categorical accuracy: 66.00

round 250, metrics=<sparse_categorical_accuracy=0.9988333582878113,loss=0.00407083285972476>
4.5288 seconds
Tested. Sparse categorical accuracy: 74.00

Target accuracy reached after  250  rounds
Average time per round: 4.00

2020-05-05 17:28:14.507575
