2020-04-13 15:09:56.857166
Test  2
9.987696976552504e+238 2
8.739234854483441e+238 9
9.987696976552504e+238 0
8.739234854483441e+238 7
9.987696976552504e+238 7
8.739234854483441e+238 9
9.987696976552504e+238 0
8.739234854483441e+238 2
9.987696976552504e+238 7
8.739234854483441e+238 4
9.987696976552504e+238 6
8.739234854483441e+238 2

Schema 1: Each client partially IID
--------------------------------------------------
percent data distributed IID:  50
number of classes for non-IID data:  2
data points per client (mean, std dev): ( 600 ,  0 )

number of clients:  100
cohort size:  20
number of local epochs:  10
local batch size:  20
learning rate:  0.11
target accuracy:  80 %
--------------------------------------------------

