2020-04-13 15:10:01.942680
Test  9
6.700410506427473e+196 1
5.862859193124039e+196 9
9.987696976552504e+238 2
8.739234854483441e+238 1
9.987696976552504e+238 1
8.739234854483441e+238 8
9.987696976552504e+238 2
8.739234854483441e+238 7

Schema 1: Each client partially IID
--------------------------------------------------
percent data distributed IID:  50
number of classes for non-IID data:  2
data points per client (mean, std dev): ( 600 ,  0 )

number of clients:  100
cohort size:  20
number of local epochs:  10
local batch size:  20
learning rate:  0.18
target accuracy:  80 %
--------------------------------------------------

