
TENSORFLOW USERS:
You must use the python3.6-anaconda/5.2.0 module to run TensorFlow.
See https://arc-ts.umich.edu/greatlakes/software/tensorflow for more
information.



The following have been reloaded with a version change:
  1) cuda/10.0.130 => cuda/10.1.105


Currently Loaded Modules:
  1) python3.7-anaconda/2019.07   2) cudnn/10.0-v7.6   3) cuda/10.1.105

 

mkdir: cannot create directory ‘results/6797549’: File exists
mkdir: cannot create directory ‘results/6797549/log’: File exists
Test  50
2020-06-02 17:18:46.122599


Schema 1: Each client partially IID
--------------------------------------------------
percent data distributed IID:  80
number of classes for non-IID data:  2
data points per client (mean, std dev): ( 600 ,  0 )
--------------------------------------------------
round  1, metrics=<sparse_categorical_accuracy=0.16899999976158142,loss=2.2453644275665283>
23.6670 seconds
Tested. Sparse categorical accuracy: 40.00

round  2, metrics=<sparse_categorical_accuracy=0.34283334016799927,loss=2.058006763458252>
21.8772 seconds
Tested. Sparse categorical accuracy: 80.00

2  rounds run
Average time per round: 22.00

2020-06-02 17:19:39.352059
