
TENSORFLOW USERS:
You must use the python3.6-anaconda/5.2.0 module to run TensorFlow.
See https://arc-ts.umich.edu/greatlakes/software/tensorflow for more
information.



The following have been reloaded with a version change:
  1) cuda/10.0.130 => cuda/10.1.105


Currently Loaded Modules:
  1) python3.7-anaconda/2019.07   2) cudnn/10.0-v7.6   3) cuda/10.1.105

 

mkdir: cannot create directory ‘results/6797549’: File exists
mkdir: cannot create directory ‘results/6797549/log’: File exists
Test  34
2020-06-02 17:17:46.495959


Schema 1: Each client partially IID
--------------------------------------------------
percent data distributed IID:  40
number of classes for non-IID data:  2
data points per client (mean, std dev): ( 600 ,  0 )
--------------------------------------------------
round  1, metrics=<sparse_categorical_accuracy=0.3252499997615814,loss=2.1310760974884033>
16.0030 seconds
Tested. Sparse categorical accuracy: 26.67

round  2, metrics=<sparse_categorical_accuracy=0.2798333466053009,loss=2.011427640914917>
15.4234 seconds
Tested. Sparse categorical accuracy: 13.33

round  3, metrics=<sparse_categorical_accuracy=0.4505833387374878,loss=1.7861456871032715>
15.4275 seconds
Tested. Sparse categorical accuracy: 53.33

3  rounds run
Average time per round: 15.00

2020-06-02 17:18:41.860896
