
TENSORFLOW USERS:
You must use the python3.6-anaconda/5.2.0 module to run TensorFlow.
See https://arc-ts.umich.edu/greatlakes/software/tensorflow for more
information.



The following have been reloaded with a version change:
  1) cuda/10.0.130 => cuda/10.1.105


Currently Loaded Modules:
  1) python3.7-anaconda/2019.07   2) cudnn/10.0-v7.6   3) cuda/10.1.105

 

mkdir: cannot create directory ‘results/6797549’: File exists
mkdir: cannot create directory ‘results/6797549/log’: File exists
Test  17
2020-06-02 17:16:45.607734


Schema 1: Each client partially IID
--------------------------------------------------
percent data distributed IID:  80
number of classes for non-IID data:  2
data points per client (mean, std dev): ( 600 ,  0 )
--------------------------------------------------
round  1, metrics=<sparse_categorical_accuracy=0.1653333306312561,loss=2.2811732292175293>
6.7598 seconds
Tested. Sparse categorical accuracy: 6.67

round  2, metrics=<sparse_categorical_accuracy=0.21916666626930237,loss=2.237621545791626>
6.5248 seconds
Tested. Sparse categorical accuracy: 53.33

round  3, metrics=<sparse_categorical_accuracy=0.31933334469795227,loss=2.26373028755188>
6.6315 seconds
Tested. Sparse categorical accuracy: 20.00

round  4, metrics=<sparse_categorical_accuracy=0.25433334708213806,loss=2.1983306407928467>
6.7416 seconds
Tested. Sparse categorical accuracy: 46.67

round  5, metrics=<sparse_categorical_accuracy=0.4555000066757202,loss=2.0080482959747314>
6.8448 seconds
Tested. Sparse categorical accuracy: 40.00

round  6, metrics=<sparse_categorical_accuracy=0.5836666822433472,loss=1.5245999097824097>
6.8242 seconds
Tested. Sparse categorical accuracy: 66.67

6  rounds run
Average time per round: 6.00

2020-06-02 17:17:33.757482
