
TENSORFLOW USERS:
You must use the python3.6-anaconda/5.2.0 module to run TensorFlow.
See https://arc-ts.umich.edu/greatlakes/software/tensorflow for more
information.



The following have been reloaded with a version change:
  1) cuda/10.0.130 => cuda/10.1.105


Currently Loaded Modules:
  1) python3.7-anaconda/2019.07   2) cudnn/10.0-v7.6   3) cuda/10.1.105

 

mkdir: cannot create directory ‘results/6797549’: File exists
mkdir: cannot create directory ‘results/6797549/log’: File exists
Test  8
2020-06-02 17:15:50.456273


Schema 1: Each client partially IID
--------------------------------------------------
percent data distributed IID:  80
number of classes for non-IID data:  2
data points per client (mean, std dev): ( 600 ,  0 )
--------------------------------------------------
round  1, metrics=<sparse_categorical_accuracy=0.1940000057220459,loss=2.2758278846740723>
11.6119 seconds
Tested. Sparse categorical accuracy: 10.00

round  2, metrics=<sparse_categorical_accuracy=0.24755555391311646,loss=2.279015064239502>
11.5028 seconds
Tested. Sparse categorical accuracy: 30.00

round  3, metrics=<sparse_categorical_accuracy=0.2257777750492096,loss=2.240647554397583>
10.3622 seconds
Tested. Sparse categorical accuracy: 15.00

round  4, metrics=<sparse_categorical_accuracy=0.44566667079925537,loss=1.966159462928772>
12.0593 seconds
Tested. Sparse categorical accuracy: 55.00

4  rounds run
Average time per round: 11.00

2020-06-02 17:16:44.362591
