
TENSORFLOW USERS:
You must use the python3.6-anaconda/5.2.0 module to run TensorFlow.
See https://arc-ts.umich.edu/greatlakes/software/tensorflow for more
information.



The following have been reloaded with a version change:
  1) cuda/10.0.130 => cuda/10.1.105


Currently Loaded Modules:
  1) python3.7-anaconda/2019.07   2) cudnn/10.0-v7.6   3) cuda/10.1.105

 

mkdir: cannot create directory ‘results/6797549’: File exists
mkdir: cannot create directory ‘results/6797549/log’: File exists
Test  48
2020-06-02 17:18:39.668473


Schema 1: Each client partially IID
--------------------------------------------------
percent data distributed IID:  80
number of classes for non-IID data:  2
data points per client (mean, std dev): ( 600 ,  0 )
--------------------------------------------------
round  1, metrics=<sparse_categorical_accuracy=0.16344444453716278,loss=2.27377986907959>
11.0282 seconds
Tested. Sparse categorical accuracy: 60.00

round  2, metrics=<sparse_categorical_accuracy=0.27399998903274536,loss=2.327270269393921>
10.1294 seconds
Tested. Sparse categorical accuracy: 20.00

round  3, metrics=<sparse_categorical_accuracy=0.20466665923595428,loss=2.2564425468444824>
9.7553 seconds
Tested. Sparse categorical accuracy: 40.00

round  4, metrics=<sparse_categorical_accuracy=0.33033332228660583,loss=2.1728439331054688>
9.9453 seconds
Tested. Sparse categorical accuracy: 55.00

4  rounds run
Average time per round: 10.00

2020-06-02 17:19:28.041213
