
TENSORFLOW USERS:
You must use the python3.6-anaconda/5.2.0 module to run TensorFlow.
See https://arc-ts.umich.edu/greatlakes/software/tensorflow for more
information.



The following have been reloaded with a version change:
  1) cuda/10.0.130 => cuda/10.1.105


Currently Loaded Modules:
  1) python3.7-anaconda/2019.07   2) cudnn/10.0-v7.6   3) cuda/10.1.105

 

mkdir: cannot create directory ‘results/5699753’: File exists
mkdir: cannot create directory ‘results/5699753/log’: File exists
Test  3
2020-04-29 14:47:27.718491


Schema 1: Each client partially IID
--------------------------------------------------
percent data distributed IID:  0
number of classes for non-IID data:  2
data points per client (mean, std dev): ( 600 ,  0 )
--------------------------------------------------

round  1, metrics=<sparse_categorical_accuracy=0.996666669845581,loss=0.024322515353560448>
27.7140 seconds
Tested. Sparse categorical accuracy: 10.00

round  2, metrics=<sparse_categorical_accuracy=0.9977777600288391,loss=0.007674230728298426>
27.3438 seconds
Tested. Sparse categorical accuracy: 7.00

round  3, metrics=<sparse_categorical_accuracy=0.996666669845581,loss=0.023173274472355843>
26.4304 seconds
Tested. Sparse categorical accuracy: 6.00

round  4, metrics=<sparse_categorical_accuracy=0.9968888759613037,loss=0.011958099901676178>
26.3787 seconds
Tested. Sparse categorical accuracy: 9.00

round  5, metrics=<sparse_categorical_accuracy=0.9971110820770264,loss=0.01580001786351204>
25.9432 seconds
Tested. Sparse categorical accuracy: 18.00

round  6, metrics=<sparse_categorical_accuracy=0.9971110820770264,loss=0.011735676787793636>
26.4996 seconds
Tested. Sparse categorical accuracy: 20.00

round  7, metrics=<sparse_categorical_accuracy=0.9973333477973938,loss=0.01422393973916769>
26.5432 seconds
Tested. Sparse categorical accuracy: 11.00

round  8, metrics=<sparse_categorical_accuracy=0.9969111084938049,loss=0.009869799017906189>
26.6278 seconds
Tested. Sparse categorical accuracy: 9.00

round  9, metrics=<sparse_categorical_accuracy=0.9977777600288391,loss=0.008156034164130688>
26.4849 seconds
Tested. Sparse categorical accuracy: 13.00

round 10, metrics=<sparse_categorical_accuracy=0.9973333477973938,loss=0.012532839551568031>
27.1778 seconds
Tested. Sparse categorical accuracy: 7.00

round 11, metrics=<sparse_categorical_accuracy=0.9971110820770264,loss=0.00981281977146864>
26.1723 seconds
Tested. Sparse categorical accuracy: 11.00

round 12, metrics=<sparse_categorical_accuracy=0.9968888759613037,loss=0.010287970304489136>
27.6898 seconds
Tested. Sparse categorical accuracy: 13.00

round 13, metrics=<sparse_categorical_accuracy=0.9968888759613037,loss=0.00918074231594801>
26.5279 seconds
Tested. Sparse categorical accuracy: 14.00

round 14, metrics=<sparse_categorical_accuracy=0.9971110820770264,loss=0.0134674571454525>
27.9549 seconds
Tested. Sparse categorical accuracy: 8.00

round 15, metrics=<sparse_categorical_accuracy=0.9977777600288391,loss=0.008559058420360088>
26.1023 seconds
Tested. Sparse categorical accuracy: 23.00

round 16, metrics=<sparse_categorical_accuracy=0.9982666373252869,loss=0.006892711855471134>
26.7759 seconds
Tested. Sparse categorical accuracy: 12.00

round 17, metrics=<sparse_categorical_accuracy=0.9971110820770264,loss=0.011083099991083145>
26.1027 seconds
Tested. Sparse categorical accuracy: 11.00

round 18, metrics=<sparse_categorical_accuracy=0.9971110820770264,loss=0.009188956581056118>
26.8202 seconds
Tested. Sparse categorical accuracy: 7.00

round 19, metrics=<sparse_categorical_accuracy=0.9968888759613037,loss=0.010406524874269962>
26.5163 seconds
Tested. Sparse categorical accuracy: 8.00

round 20, metrics=<sparse_categorical_accuracy=0.9971110820770264,loss=0.009404938668012619>
26.5892 seconds
Tested. Sparse categorical accuracy: 14.00

round 21, metrics=<sparse_categorical_accuracy=0.9971333146095276,loss=0.008966266177594662>
26.3617 seconds
Tested. Sparse categorical accuracy: 7.00

round 22, metrics=<sparse_categorical_accuracy=0.9977777600288391,loss=0.008071801625192165>
26.4898 seconds
Tested. Sparse categorical accuracy: 10.00

round 23, metrics=<sparse_categorical_accuracy=0.9967333078384399,loss=0.008836265653371811>
25.4841 seconds
Tested. Sparse categorical accuracy: 7.00

round 24, metrics=<sparse_categorical_accuracy=0.9968888759613037,loss=0.009505079127848148>
26.6721 seconds
Tested. Sparse categorical accuracy: 9.00

round 25, metrics=<sparse_categorical_accuracy=0.9971110820770264,loss=0.009644030593335629>
26.3125 seconds
Tested. Sparse categorical accuracy: 16.00

round 26, metrics=<sparse_categorical_accuracy=0.9973111152648926,loss=0.008577578701078892>
26.1632 seconds
Tested. Sparse categorical accuracy: 12.00

round 27, metrics=<sparse_categorical_accuracy=0.9973333477973938,loss=0.010763865895569324>
26.2593 seconds
Tested. Sparse categorical accuracy: 12.00

round 28, metrics=<sparse_categorical_accuracy=0.9971110820770264,loss=0.008320292457938194>
25.7722 seconds
Tested. Sparse categorical accuracy: 7.00

round 29, metrics=<sparse_categorical_accuracy=0.9977777600288391,loss=0.007887860760092735>
25.0754 seconds
Tested. Sparse categorical accuracy: 7.00

round 30, metrics=<sparse_categorical_accuracy=0.9973333477973938,loss=0.009995099157094955>
25.4750 seconds
Tested. Sparse categorical accuracy: 8.00

round 31, metrics=<sparse_categorical_accuracy=0.9971110820770264,loss=0.008644342422485352>
25.7484 seconds
Tested. Sparse categorical accuracy: 9.00

round 32, metrics=<sparse_categorical_accuracy=0.9968888759613037,loss=0.00990639254450798>
27.4547 seconds
Tested. Sparse categorical accuracy: 4.00

round 33, metrics=<sparse_categorical_accuracy=0.9969555735588074,loss=0.008534281514585018>
25.9533 seconds
Tested. Sparse categorical accuracy: 13.00

round 34, metrics=<sparse_categorical_accuracy=0.9971110820770264,loss=0.012269736267626286>
25.7882 seconds
Tested. Sparse categorical accuracy: 9.00

round 35, metrics=<sparse_categorical_accuracy=0.9977777600288391,loss=0.007559285033494234>
25.5662 seconds
Tested. Sparse categorical accuracy: 28.00

round 36, metrics=<sparse_categorical_accuracy=0.9985777735710144,loss=0.006088506896048784>
26.3940 seconds
Tested. Sparse categorical accuracy: 18.00

round 37, metrics=<sparse_categorical_accuracy=0.9971110820770264,loss=0.009943477809429169>
25.8557 seconds
Tested. Sparse categorical accuracy: 23.00

round 38, metrics=<sparse_categorical_accuracy=0.9973333477973938,loss=0.007998673245310783>
25.8310 seconds
Tested. Sparse categorical accuracy: 15.00

round 39, metrics=<sparse_categorical_accuracy=0.9970889091491699,loss=0.008736196905374527>
26.3804 seconds
Tested. Sparse categorical accuracy: 23.00

round 40, metrics=<sparse_categorical_accuracy=0.997688889503479,loss=0.007717329077422619>
26.7150 seconds
Tested. Sparse categorical accuracy: 20.00

round 41, metrics=<sparse_categorical_accuracy=0.9976000189781189,loss=0.007797337602823973>
25.4703 seconds
Tested. Sparse categorical accuracy: 11.00

round 42, metrics=<sparse_categorical_accuracy=0.9979110956192017,loss=0.007199311628937721>
26.4551 seconds
Tested. Sparse categorical accuracy: 35.00

round 43, metrics=<sparse_categorical_accuracy=0.9974222183227539,loss=0.0067432536743581295>
26.2290 seconds
Tested. Sparse categorical accuracy: 28.00

round 44, metrics=<sparse_categorical_accuracy=0.9973333477973938,loss=0.007346950471401215>
26.4597 seconds
Tested. Sparse categorical accuracy: 36.00

round 45, metrics=<sparse_categorical_accuracy=0.9975555539131165,loss=0.006457943469285965>
25.4678 seconds
Tested. Sparse categorical accuracy: 25.00

round 46, metrics=<sparse_categorical_accuracy=0.9974889159202576,loss=0.006114335265010595>
25.9045 seconds
Tested. Sparse categorical accuracy: 16.00

round 47, metrics=<sparse_categorical_accuracy=0.9975555539131165,loss=0.0072409166023135185>
25.3088 seconds
Tested. Sparse categorical accuracy: 28.00

round 48, metrics=<sparse_categorical_accuracy=0.9983333349227905,loss=0.005311456508934498>
25.7854 seconds
Tested. Sparse categorical accuracy: 29.00

round 49, metrics=<sparse_categorical_accuracy=0.9986222386360168,loss=0.0042426506988704205>
25.4662 seconds
Tested. Sparse categorical accuracy: 20.00

round 50, metrics=<sparse_categorical_accuracy=0.9976222515106201,loss=0.0063071600161492825>
26.2321 seconds
Tested. Sparse categorical accuracy: 52.00

round 51, metrics=<sparse_categorical_accuracy=0.9985111355781555,loss=0.005496086087077856>
26.4913 seconds
Tested. Sparse categorical accuracy: 55.00

round 52, metrics=<sparse_categorical_accuracy=0.9980888962745667,loss=0.005218855571001768>
26.1602 seconds
Tested. Sparse categorical accuracy: 57.00

round 53, metrics=<sparse_categorical_accuracy=0.9979777932167053,loss=0.005084227304905653>
26.4109 seconds
Tested. Sparse categorical accuracy: 31.00

round 54, metrics=<sparse_categorical_accuracy=0.9983999729156494,loss=0.006068031303584576>
26.5956 seconds
Tested. Sparse categorical accuracy: 25.00

round 55, metrics=<sparse_categorical_accuracy=0.9984889030456543,loss=0.004848732613027096>
26.5209 seconds
Tested. Sparse categorical accuracy: 70.00

round 56, metrics=<sparse_categorical_accuracy=0.999155580997467,loss=0.0037607490085065365>
26.7219 seconds
Tested. Sparse categorical accuracy: 64.00

round 57, metrics=<sparse_categorical_accuracy=0.9985555410385132,loss=0.00428368803113699>
25.8568 seconds
Tested. Sparse categorical accuracy: 56.00

round 58, metrics=<sparse_categorical_accuracy=0.9986222386360168,loss=0.0036798659712076187>
27.0215 seconds
Tested. Sparse categorical accuracy: 59.00

round 59, metrics=<sparse_categorical_accuracy=0.9983111023902893,loss=0.005306197330355644>
25.6204 seconds
Tested. Sparse categorical accuracy: 62.00

round 60, metrics=<sparse_categorical_accuracy=0.9986888766288757,loss=0.004120267927646637>
27.2940 seconds
Tested. Sparse categorical accuracy: 47.00

round 61, metrics=<sparse_categorical_accuracy=0.9986222386360168,loss=0.004464094527065754>
25.8694 seconds
Tested. Sparse categorical accuracy: 44.00

round 62, metrics=<sparse_categorical_accuracy=0.9986888766288757,loss=0.003900645999237895>
26.2479 seconds
Tested. Sparse categorical accuracy: 77.00

round 63, metrics=<sparse_categorical_accuracy=0.9992444515228271,loss=0.0030978068243712187>
25.8827 seconds
Tested. Sparse categorical accuracy: 59.00

round 64, metrics=<sparse_categorical_accuracy=0.9985111355781555,loss=0.0040217069908976555>
26.9983 seconds
Tested. Sparse categorical accuracy: 73.00

round 65, metrics=<sparse_categorical_accuracy=0.9992222189903259,loss=0.003068431280553341>
26.0212 seconds
Tested. Sparse categorical accuracy: 73.00

round 66, metrics=<sparse_categorical_accuracy=0.9989110827445984,loss=0.003384166397154331>
26.4330 seconds
Tested. Sparse categorical accuracy: 62.00

round 67, metrics=<sparse_categorical_accuracy=0.9987555742263794,loss=0.003165164962410927>
26.6377 seconds
Tested. Sparse categorical accuracy: 66.00

round 68, metrics=<sparse_categorical_accuracy=0.9989555478096008,loss=0.0033782413229346275>
26.4856 seconds
Tested. Sparse categorical accuracy: 59.00

round 69, metrics=<sparse_categorical_accuracy=0.9988666772842407,loss=0.0029377411119639874>
25.6319 seconds
Tested. Sparse categorical accuracy: 64.00

round 70, metrics=<sparse_categorical_accuracy=0.9990666508674622,loss=0.0031807294581085443>
26.2290 seconds
Tested. Sparse categorical accuracy: 59.00

round 71, metrics=<sparse_categorical_accuracy=0.9988222122192383,loss=0.003855999791994691>
25.5308 seconds
Tested. Sparse categorical accuracy: 75.00

round 72, metrics=<sparse_categorical_accuracy=0.9991999864578247,loss=0.002739060902968049>
27.2439 seconds
Tested. Sparse categorical accuracy: 79.00

round 73, metrics=<sparse_categorical_accuracy=0.9989555478096008,loss=0.0025961280334740877>
26.3962 seconds
Tested. Sparse categorical accuracy: 63.00

round 74, metrics=<sparse_categorical_accuracy=0.9989333152770996,loss=0.004572560079395771>
25.5046 seconds
Tested. Sparse categorical accuracy: 74.00

round 75, metrics=<sparse_categorical_accuracy=0.999155580997467,loss=0.0024746155831962824>
26.5926 seconds
Tested. Sparse categorical accuracy: 75.00

round 76, metrics=<sparse_categorical_accuracy=0.9994444251060486,loss=0.0019811680540442467>
26.5196 seconds
Tested. Sparse categorical accuracy: 75.00

round 77, metrics=<sparse_categorical_accuracy=0.9991999864578247,loss=0.0023513047490268946>
25.3686 seconds
Tested. Sparse categorical accuracy: 77.00

round 78, metrics=<sparse_categorical_accuracy=0.9994221925735474,loss=0.001689655240625143>
26.2055 seconds
Tested. Sparse categorical accuracy: 68.00

round 79, metrics=<sparse_categorical_accuracy=0.9985777735710144,loss=0.003622099058702588>
26.4944 seconds
Tested. Sparse categorical accuracy: 67.00

round 80, metrics=<sparse_categorical_accuracy=0.9986000061035156,loss=0.0036622295156121254>
26.9391 seconds
Tested. Sparse categorical accuracy: 68.00

round 81, metrics=<sparse_categorical_accuracy=0.9989555478096008,loss=0.0036673271097242832>
27.4248 seconds
Tested. Sparse categorical accuracy: 78.00

round 82, metrics=<sparse_categorical_accuracy=0.9992444515228271,loss=0.0022863063495606184>
26.8923 seconds
Tested. Sparse categorical accuracy: 75.00

round 83, metrics=<sparse_categorical_accuracy=0.9989110827445984,loss=0.0029386759269982576>
27.8873 seconds
Tested. Sparse categorical accuracy: 63.00

round 84, metrics=<sparse_categorical_accuracy=0.9989333152770996,loss=0.0026894453912973404>
26.2438 seconds
Tested. Sparse categorical accuracy: 85.00

round 85, metrics=<sparse_categorical_accuracy=0.9992889165878296,loss=0.00217782286927104>
26.8908 seconds
Tested. Sparse categorical accuracy: 76.00

round 86, metrics=<sparse_categorical_accuracy=0.9992444515228271,loss=0.0022235093638300896>
25.9033 seconds
Tested. Sparse categorical accuracy: 76.00

round 87, metrics=<sparse_categorical_accuracy=0.9993555545806885,loss=0.001869982690550387>
26.7508 seconds
Tested. Sparse categorical accuracy: 76.00

round 88, metrics=<sparse_categorical_accuracy=0.9993555545806885,loss=0.002121051074936986>
26.7449 seconds
Tested. Sparse categorical accuracy: 75.00

round 89, metrics=<sparse_categorical_accuracy=0.9990888833999634,loss=0.00225078035145998>
26.9476 seconds
Tested. Sparse categorical accuracy: 76.00

round 90, metrics=<sparse_categorical_accuracy=0.9994666576385498,loss=0.0018589604878798127>
27.1443 seconds
Tested. Sparse categorical accuracy: 74.00

round 91, metrics=<sparse_categorical_accuracy=0.9990888833999634,loss=0.0020981961861252785>
27.8246 seconds
Tested. Sparse categorical accuracy: 81.00

round 92, metrics=<sparse_categorical_accuracy=0.9991999864578247,loss=0.002112780697643757>
25.6847 seconds
Tested. Sparse categorical accuracy: 83.00

round 93, metrics=<sparse_categorical_accuracy=0.999488890171051,loss=0.001518984092399478>
27.1055 seconds
Tested. Sparse categorical accuracy: 77.00

round 94, metrics=<sparse_categorical_accuracy=0.9993333220481873,loss=0.0019463540520519018>
26.1678 seconds
Tested. Sparse categorical accuracy: 80.00

round 95, metrics=<sparse_categorical_accuracy=0.9993555545806885,loss=0.001633362378925085>
26.9050 seconds
Tested. Sparse categorical accuracy: 74.00

round 96, metrics=<sparse_categorical_accuracy=0.9993777871131897,loss=0.00174628640525043>
25.7060 seconds
Tested. Sparse categorical accuracy: 82.00

round 97, metrics=<sparse_categorical_accuracy=0.9992889165878296,loss=0.002169935731217265>
27.0878 seconds
Tested. Sparse categorical accuracy: 84.00

round 98, metrics=<sparse_categorical_accuracy=0.9997110962867737,loss=0.0010331799276173115>
26.3218 seconds
Tested. Sparse categorical accuracy: 81.00

round 99, metrics=<sparse_categorical_accuracy=0.9994000196456909,loss=0.0020126360468566418>
27.1381 seconds
Tested. Sparse categorical accuracy: 80.00

round 100, metrics=<sparse_categorical_accuracy=0.9992666840553284,loss=0.0020568273030221462>
26.6770 seconds
Tested. Sparse categorical accuracy: 70.00

round 101, metrics=<sparse_categorical_accuracy=0.9992666840553284,loss=0.002396511612460017>
26.4873 seconds
Tested. Sparse categorical accuracy: 85.00

round 102, metrics=<sparse_categorical_accuracy=0.9995333552360535,loss=0.0015884635504335165>
26.7605 seconds
Tested. Sparse categorical accuracy: 81.00

round 103, metrics=<sparse_categorical_accuracy=0.9993333220481873,loss=0.0018619366455823183>
27.5818 seconds
Tested. Sparse categorical accuracy: 77.00

round 104, metrics=<sparse_categorical_accuracy=0.9992444515228271,loss=0.00249616801738739>
26.6770 seconds
Tested. Sparse categorical accuracy: 73.00

round 105, metrics=<sparse_categorical_accuracy=0.9993555545806885,loss=0.002091281348839402>
26.8590 seconds
Tested. Sparse categorical accuracy: 85.00

round 106, metrics=<sparse_categorical_accuracy=0.9992666840553284,loss=0.002551507903262973>
25.5372 seconds
Tested. Sparse categorical accuracy: 65.00

round 107, metrics=<sparse_categorical_accuracy=0.9991777539253235,loss=0.002709668129682541>
27.9921 seconds
Tested. Sparse categorical accuracy: 80.00

round 108, metrics=<sparse_categorical_accuracy=0.9994666576385498,loss=0.002011856297031045>
25.6951 seconds
Tested. Sparse categorical accuracy: 89.00

round 109, metrics=<sparse_categorical_accuracy=0.9993555545806885,loss=0.0017814063467085361>
26.6335 seconds
Tested. Sparse categorical accuracy: 81.00

round 110, metrics=<sparse_categorical_accuracy=0.9994000196456909,loss=0.001920633832924068>
25.9944 seconds
Tested. Sparse categorical accuracy: 92.00

round 111, metrics=<sparse_categorical_accuracy=0.999311089515686,loss=0.0019108880078420043>
25.6608 seconds
Tested. Sparse categorical accuracy: 93.00

round 112, metrics=<sparse_categorical_accuracy=0.9997110962867737,loss=0.0013117467751726508>
25.1109 seconds
Tested. Sparse categorical accuracy: 89.00

round 113, metrics=<sparse_categorical_accuracy=0.9996444582939148,loss=0.001304247067309916>
25.3897 seconds
Tested. Sparse categorical accuracy: 86.00

round 114, metrics=<sparse_categorical_accuracy=0.9997110962867737,loss=0.001300061121582985>
25.2152 seconds
Tested. Sparse categorical accuracy: 84.00

round 115, metrics=<sparse_categorical_accuracy=0.9995555281639099,loss=0.0013293495867401361>
25.4739 seconds
Tested. Sparse categorical accuracy: 86.00

round 116, metrics=<sparse_categorical_accuracy=0.9995111227035522,loss=0.0013209874741733074>
25.7154 seconds
Tested. Sparse categorical accuracy: 78.00

round 117, metrics=<sparse_categorical_accuracy=0.9993777871131897,loss=0.0020315349102020264>
26.6633 seconds
Tested. Sparse categorical accuracy: 91.00

round 118, metrics=<sparse_categorical_accuracy=0.9996888637542725,loss=0.001142241875641048>
26.0933 seconds
Tested. Sparse categorical accuracy: 95.00

round 119, metrics=<sparse_categorical_accuracy=0.9995999932289124,loss=0.0013304029125720263>
25.2525 seconds
Tested. Sparse categorical accuracy: 90.00

round 120, metrics=<sparse_categorical_accuracy=0.9995999932289124,loss=0.001216223812662065>
25.4150 seconds
Tested. Sparse categorical accuracy: 85.00

round 121, metrics=<sparse_categorical_accuracy=0.9995777606964111,loss=0.0014154737582430243>
25.0468 seconds
Tested. Sparse categorical accuracy: 91.00

round 122, metrics=<sparse_categorical_accuracy=0.9997110962867737,loss=0.0008947821916081011>
25.0939 seconds
Tested. Sparse categorical accuracy: 93.00

round 123, metrics=<sparse_categorical_accuracy=0.9995777606964111,loss=0.001373457838781178>
25.8219 seconds
Tested. Sparse categorical accuracy: 86.00

round 124, metrics=<sparse_categorical_accuracy=0.9995111227035522,loss=0.0014020826201885939>
25.4893 seconds
Tested. Sparse categorical accuracy: 92.00

round 125, metrics=<sparse_categorical_accuracy=0.9996222257614136,loss=0.0011663290206342936>
25.8968 seconds
Tested. Sparse categorical accuracy: 89.00

round 126, metrics=<sparse_categorical_accuracy=0.9994221925735474,loss=0.0018254549941048026>
25.6338 seconds
Tested. Sparse categorical accuracy: 89.00

round 127, metrics=<sparse_categorical_accuracy=0.9996444582939148,loss=0.0011678411392495036>
25.9150 seconds
Tested. Sparse categorical accuracy: 94.00

round 128, metrics=<sparse_categorical_accuracy=0.9996888637542725,loss=0.0009650895954109728>
25.5697 seconds
Tested. Sparse categorical accuracy: 91.00

round 129, metrics=<sparse_categorical_accuracy=0.999666690826416,loss=0.001089723315089941>
26.2926 seconds
Tested. Sparse categorical accuracy: 92.00

round 130, metrics=<sparse_categorical_accuracy=0.9996444582939148,loss=0.0010657265083864331>
26.1915 seconds
Tested. Sparse categorical accuracy: 96.00

round 131, metrics=<sparse_categorical_accuracy=0.9996222257614136,loss=0.0012959091691300273>
24.9691 seconds
Tested. Sparse categorical accuracy: 93.00

round 132, metrics=<sparse_categorical_accuracy=0.9994666576385498,loss=0.001359917689114809>
25.4567 seconds
Tested. Sparse categorical accuracy: 83.00

round 133, metrics=<sparse_categorical_accuracy=0.9995555281639099,loss=0.0014044053386896849>
26.1394 seconds
Tested. Sparse categorical accuracy: 82.00

round 134, metrics=<sparse_categorical_accuracy=0.9990444183349609,loss=0.002826138399541378>
25.6977 seconds
Tested. Sparse categorical accuracy: 65.00

round 135, metrics=<sparse_categorical_accuracy=0.9988889098167419,loss=0.004011308308690786>
26.2463 seconds
Tested. Sparse categorical accuracy: 59.00

round 136, metrics=<sparse_categorical_accuracy=0.9989110827445984,loss=0.0035015770699828863>
27.0588 seconds
Tested. Sparse categorical accuracy: 91.00

round 137, metrics=<sparse_categorical_accuracy=0.9994000196456909,loss=0.0018382975831627846>
25.9299 seconds
Tested. Sparse categorical accuracy: 90.00

round 138, metrics=<sparse_categorical_accuracy=0.9997777938842773,loss=0.0011161777656525373>
26.8973 seconds
Tested. Sparse categorical accuracy: 91.00

round 139, metrics=<sparse_categorical_accuracy=0.9995555281639099,loss=0.001407245872542262>
26.0445 seconds
Tested. Sparse categorical accuracy: 95.00

round 140, metrics=<sparse_categorical_accuracy=0.9997555613517761,loss=0.0009492545505054295>
26.7884 seconds
Tested. Sparse categorical accuracy: 90.00

round 141, metrics=<sparse_categorical_accuracy=0.9998444318771362,loss=0.0007881495985202491>
25.8552 seconds
Tested. Sparse categorical accuracy: 93.00

round 142, metrics=<sparse_categorical_accuracy=0.9997110962867737,loss=0.0009758187225088477>
26.0699 seconds
Tested. Sparse categorical accuracy: 95.00

round 143, metrics=<sparse_categorical_accuracy=0.9995333552360535,loss=0.001603450858965516>
26.4528 seconds
Tested. Sparse categorical accuracy: 83.00

round 144, metrics=<sparse_categorical_accuracy=0.9994221925735474,loss=0.001620778231881559>
26.6809 seconds
Tested. Sparse categorical accuracy: 81.00

round 145, metrics=<sparse_categorical_accuracy=0.9995333552360535,loss=0.0016005332581698895>
26.8836 seconds
Tested. Sparse categorical accuracy: 90.00

round 146, metrics=<sparse_categorical_accuracy=0.9996444582939148,loss=0.0011280578328296542>
25.7950 seconds
Tested. Sparse categorical accuracy: 91.00

round 147, metrics=<sparse_categorical_accuracy=0.9997777938842773,loss=0.0008358858176507056>
26.1100 seconds
Tested. Sparse categorical accuracy: 87.00

round 148, metrics=<sparse_categorical_accuracy=0.9997555613517761,loss=0.0008816225454211235>
26.6279 seconds
Tested. Sparse categorical accuracy: 90.00

round 149, metrics=<sparse_categorical_accuracy=0.9996444582939148,loss=0.0013393665431067348>
26.1130 seconds
Tested. Sparse categorical accuracy: 87.00

round 150, metrics=<sparse_categorical_accuracy=0.9996444582939148,loss=0.0009969552047550678>
26.1417 seconds
Tested. Sparse categorical accuracy: 91.00

round 151, metrics=<sparse_categorical_accuracy=0.9995333552360535,loss=0.0012721316888928413>
27.7919 seconds
Tested. Sparse categorical accuracy: 91.00

round 152, metrics=<sparse_categorical_accuracy=0.9997110962867737,loss=0.0010112411109730601>
26.4788 seconds
Tested. Sparse categorical accuracy: 92.00

round 153, metrics=<sparse_categorical_accuracy=0.9997777938842773,loss=0.0008255818975158036>
26.5854 seconds
Tested. Sparse categorical accuracy: 92.00

round 154, metrics=<sparse_categorical_accuracy=0.9998000264167786,loss=0.0008548544137738645>
26.4847 seconds
Tested. Sparse categorical accuracy: 90.00

round 155, metrics=<sparse_categorical_accuracy=0.9995333552360535,loss=0.0015374778304249048>
26.7647 seconds
Tested. Sparse categorical accuracy: 78.00

round 156, metrics=<sparse_categorical_accuracy=0.9995333552360535,loss=0.001586452592164278>
26.4146 seconds
Tested. Sparse categorical accuracy: 87.00

round 157, metrics=<sparse_categorical_accuracy=0.9993777871131897,loss=0.0019509143894538283>
26.2897 seconds
Tested. Sparse categorical accuracy: 89.00

round 158, metrics=<sparse_categorical_accuracy=0.9995999932289124,loss=0.0011614719405770302>
26.2044 seconds
Tested. Sparse categorical accuracy: 88.00

round 159, metrics=<sparse_categorical_accuracy=0.9996444582939148,loss=0.0011511424090713263>
26.8015 seconds
Tested. Sparse categorical accuracy: 89.00

round 160, metrics=<sparse_categorical_accuracy=0.9996444582939148,loss=0.0009984022472053766>
25.9701 seconds
Tested. Sparse categorical accuracy: 87.00

round 161, metrics=<sparse_categorical_accuracy=0.999488890171051,loss=0.001657714368775487>
25.8213 seconds
Tested. Sparse categorical accuracy: 85.00

round 162, metrics=<sparse_categorical_accuracy=0.9996444582939148,loss=0.0009596736636012793>
26.3863 seconds
Tested. Sparse categorical accuracy: 87.00

round 163, metrics=<sparse_categorical_accuracy=0.9995777606964111,loss=0.0013470214325934649>
26.9387 seconds
Tested. Sparse categorical accuracy: 91.00

round 164, metrics=<sparse_categorical_accuracy=0.9996888637542725,loss=0.0008783193770796061>
25.5450 seconds
Tested. Sparse categorical accuracy: 95.00

round 165, metrics=<sparse_categorical_accuracy=0.9997110962867737,loss=0.0009028406930156052>
26.3847 seconds
Tested. Sparse categorical accuracy: 89.00

round 166, metrics=<sparse_categorical_accuracy=0.9995999932289124,loss=0.0011903818231076002>
25.4084 seconds
Tested. Sparse categorical accuracy: 88.00

round 167, metrics=<sparse_categorical_accuracy=0.9997777938842773,loss=0.0009263423271477222>
26.9863 seconds
Tested. Sparse categorical accuracy: 94.00

round 168, metrics=<sparse_categorical_accuracy=0.9996444582939148,loss=0.0012348470045253634>
26.4681 seconds
Tested. Sparse categorical accuracy: 87.00

round 169, metrics=<sparse_categorical_accuracy=0.9995999932289124,loss=0.0013975879410281777>
26.8391 seconds
Tested. Sparse categorical accuracy: 88.00

round 170, metrics=<sparse_categorical_accuracy=0.9997333288192749,loss=0.0012326767900958657>
26.2649 seconds
Tested. Sparse categorical accuracy: 87.00

round 171, metrics=<sparse_categorical_accuracy=0.9996444582939148,loss=0.0010594922350719571>
26.2348 seconds
Tested. Sparse categorical accuracy: 95.00

round 172, metrics=<sparse_categorical_accuracy=0.999822199344635,loss=0.0007022518548183143>
25.7052 seconds
Tested. Sparse categorical accuracy: 96.00

round 173, metrics=<sparse_categorical_accuracy=0.9997777938842773,loss=0.0007736097322776914>
25.8900 seconds
Tested. Sparse categorical accuracy: 95.00

round 174, metrics=<sparse_categorical_accuracy=0.9997777938842773,loss=0.0007547916029579937>
26.7478 seconds
Tested. Sparse categorical accuracy: 93.00

round 175, metrics=<sparse_categorical_accuracy=0.9996888637542725,loss=0.0009777811355888844>
25.8704 seconds
Tested. Sparse categorical accuracy: 94.00

round 176, metrics=<sparse_categorical_accuracy=0.9996222257614136,loss=0.0009748066659085453>
26.7545 seconds
Tested. Sparse categorical accuracy: 93.00

round 177, metrics=<sparse_categorical_accuracy=0.9997555613517761,loss=0.0007792050018906593>
26.2878 seconds
Tested. Sparse categorical accuracy: 93.00

round 178, metrics=<sparse_categorical_accuracy=0.9996444582939148,loss=0.0009421738795936108>
26.5957 seconds
Tested. Sparse categorical accuracy: 90.00

round 179, metrics=<sparse_categorical_accuracy=0.999488890171051,loss=0.001644484931603074>
25.9360 seconds
Tested. Sparse categorical accuracy: 85.00

round 180, metrics=<sparse_categorical_accuracy=0.9994444251060486,loss=0.0016851670807227492>
26.2998 seconds
Tested. Sparse categorical accuracy: 81.00

round 181, metrics=<sparse_categorical_accuracy=0.9995333552360535,loss=0.0015373174101114273>
26.4029 seconds
Tested. Sparse categorical accuracy: 91.00

round 182, metrics=<sparse_categorical_accuracy=0.9997777938842773,loss=0.0006971879047341645>
26.8805 seconds
Tested. Sparse categorical accuracy: 95.00

round 183, metrics=<sparse_categorical_accuracy=0.9996444582939148,loss=0.001198437181301415>
26.2989 seconds
Tested. Sparse categorical accuracy: 93.00

round 184, metrics=<sparse_categorical_accuracy=0.9996222257614136,loss=0.0011724212672561407>
26.1584 seconds
Tested. Sparse categorical accuracy: 87.00

round 185, metrics=<sparse_categorical_accuracy=0.9997333288192749,loss=0.0008030814933590591>
26.7127 seconds
Tested. Sparse categorical accuracy: 95.00

round 186, metrics=<sparse_categorical_accuracy=0.9997110962867737,loss=0.0007882494828663766>
26.3323 seconds
Tested. Sparse categorical accuracy: 96.00

round 187, metrics=<sparse_categorical_accuracy=0.999822199344635,loss=0.0006898022256791592>
26.2098 seconds
Tested. Sparse categorical accuracy: 96.00

round 188, metrics=<sparse_categorical_accuracy=0.9997333288192749,loss=0.0007350924424827099>
26.4620 seconds
Tested. Sparse categorical accuracy: 96.00

round 189, metrics=<sparse_categorical_accuracy=0.9996222257614136,loss=0.0013751828810200095>
25.1053 seconds
Tested. Sparse categorical accuracy: 93.00

round 190, metrics=<sparse_categorical_accuracy=0.999822199344635,loss=0.0008007154101505876>
26.8253 seconds
Tested. Sparse categorical accuracy: 90.00

round 191, metrics=<sparse_categorical_accuracy=0.999666690826416,loss=0.001052556443028152>
26.0087 seconds
Tested. Sparse categorical accuracy: 93.00

round 192, metrics=<sparse_categorical_accuracy=0.999822199344635,loss=0.0005841452511958778>
26.3640 seconds
Tested. Sparse categorical accuracy: 96.00

round 193, metrics=<sparse_categorical_accuracy=0.9997555613517761,loss=0.0007343883044086397>
25.1024 seconds
Tested. Sparse categorical accuracy: 94.00

round 194, metrics=<sparse_categorical_accuracy=0.999822199344635,loss=0.0007518185302615166>
26.1760 seconds
Tested. Sparse categorical accuracy: 93.00

round 195, metrics=<sparse_categorical_accuracy=0.9997333288192749,loss=0.0010243775323033333>
26.1246 seconds
Tested. Sparse categorical accuracy: 92.00

round 196, metrics=<sparse_categorical_accuracy=0.9996222257614136,loss=0.0012554340064525604>
26.8362 seconds
Tested. Sparse categorical accuracy: 82.00

round 197, metrics=<sparse_categorical_accuracy=0.9994221925735474,loss=0.002046495210379362>
26.2995 seconds
Tested. Sparse categorical accuracy: 94.00

round 198, metrics=<sparse_categorical_accuracy=0.9997555613517761,loss=0.0007821753388270736>
26.8421 seconds
Tested. Sparse categorical accuracy: 90.00

round 199, metrics=<sparse_categorical_accuracy=0.9995555281639099,loss=0.001248541404493153>
27.0910 seconds
Tested. Sparse categorical accuracy: 94.00

round 200, metrics=<sparse_categorical_accuracy=0.999822199344635,loss=0.0006376817473210394>
26.2885 seconds
Tested. Sparse categorical accuracy: 92.00

Target accuracy reached after  200  rounds
Average time per round: 26.00

2020-04-29 16:15:42.770056
